<?xml version="1.0" encoding="UTF-8"?>
<testsuite xmlns:xsi="http://www.w3.org/2001/XMLSchema-instance" xsi:noNamespaceSchemaLocation="https://maven.apache.org/surefire/maven-surefire-plugin/xsd/surefire-test-report-3.0.xsd" version="3.0" name="com.fspann.common.RocksDBMetadataManagerTest" time="4.423" tests="7" errors="0" skipped="0" failures="0">
  <properties>
    <property name="java.specification.version" value="21"/>
    <property name="sun.cpu.isalist" value="amd64"/>
    <property name="sun.jnu.encoding" value="Cp1252"/>
    <property name="java.class.path" value="C:\Users\Mehran Memon\eclipse-workspace\fspann-query-system\fsp-anns-parent\common\target\test-classes;C:\Users\Mehran Memon\eclipse-workspace\fspann-query-system\fsp-anns-parent\common\target\classes;C:\Users\Mehran Memon\.m2\repository\org\slf4j\slf4j-api\2.0.13\slf4j-api-2.0.13.jar;C:\Users\Mehran Memon\.m2\repository\org\apache\commons\commons-lang3\3.17.0\commons-lang3-3.17.0.jar;C:\Users\Mehran Memon\.m2\repository\org\slf4j\slf4j-simple\2.0.13\slf4j-simple-2.0.13.jar;C:\Users\Mehran Memon\.m2\repository\com\fasterxml\jackson\core\jackson-core\2.17.2\jackson-core-2.17.2.jar;C:\Users\Mehran Memon\.m2\repository\org\junit\jupiter\junit-jupiter-api\5.11.0\junit-jupiter-api-5.11.0.jar;C:\Users\Mehran Memon\.m2\repository\org\opentest4j\opentest4j\1.3.0\opentest4j-1.3.0.jar;C:\Users\Mehran Memon\.m2\repository\org\junit\platform\junit-platform-commons\1.11.0\junit-platform-commons-1.11.0.jar;C:\Users\Mehran Memon\.m2\repository\org\apiguardian\apiguardian-api\1.1.2\apiguardian-api-1.1.2.jar;C:\Users\Mehran Memon\.m2\repository\org\rocksdb\rocksdbjni\9.7.2\rocksdbjni-9.7.2.jar;"/>
    <property name="java.vm.vendor" value="Oracle Corporation"/>
    <property name="net.bytebuddy.experimental" value="true"/>
    <property name="sun.arch.data.model" value="64"/>
    <property name="user.variant" value=""/>
    <property name="java.vendor.url" value="https://java.oracle.com/"/>
    <property name="user.timezone" value="Asia/Shanghai"/>
    <property name="os.name" value="Windows 11"/>
    <property name="java.vm.specification.version" value="21"/>
    <property name="sun.java.launcher" value="SUN_STANDARD"/>
    <property name="user.country" value="US"/>
    <property name="sun.boot.library.path" value="C:\Program Files\Java\jdk-21\bin"/>
    <property name="sun.java.command" value="C:\Users\Mehran Memon\AppData\Local\Temp\surefire7774945095428068459\surefirebooter6325776683436939084.jar C:\Users\Mehran Memon\AppData\Local\Temp\surefire7774945095428068459 2025-07-08T03-16-10_486-jvmRun1 surefire12701011978266883175tmp surefire_09866664235734140804tmp"/>
    <property name="jdk.debug" value="release"/>
    <property name="surefire.test.class.path" value="C:\Users\Mehran Memon\eclipse-workspace\fspann-query-system\fsp-anns-parent\common\target\test-classes;C:\Users\Mehran Memon\eclipse-workspace\fspann-query-system\fsp-anns-parent\common\target\classes;C:\Users\Mehran Memon\.m2\repository\org\slf4j\slf4j-api\2.0.13\slf4j-api-2.0.13.jar;C:\Users\Mehran Memon\.m2\repository\org\apache\commons\commons-lang3\3.17.0\commons-lang3-3.17.0.jar;C:\Users\Mehran Memon\.m2\repository\org\slf4j\slf4j-simple\2.0.13\slf4j-simple-2.0.13.jar;C:\Users\Mehran Memon\.m2\repository\com\fasterxml\jackson\core\jackson-core\2.17.2\jackson-core-2.17.2.jar;C:\Users\Mehran Memon\.m2\repository\org\junit\jupiter\junit-jupiter-api\5.11.0\junit-jupiter-api-5.11.0.jar;C:\Users\Mehran Memon\.m2\repository\org\opentest4j\opentest4j\1.3.0\opentest4j-1.3.0.jar;C:\Users\Mehran Memon\.m2\repository\org\junit\platform\junit-platform-commons\1.11.0\junit-platform-commons-1.11.0.jar;C:\Users\Mehran Memon\.m2\repository\org\apiguardian\apiguardian-api\1.1.2\apiguardian-api-1.1.2.jar;C:\Users\Mehran Memon\.m2\repository\org\rocksdb\rocksdbjni\9.7.2\rocksdbjni-9.7.2.jar;"/>
    <property name="sun.cpu.endian" value="little"/>
    <property name="user.home" value="C:\Users\Mehran Memon"/>
    <property name="user.language" value="en"/>
    <property name="java.specification.vendor" value="Oracle Corporation"/>
    <property name="java.version.date" value="2025-04-15"/>
    <property name="java.home" value="C:\Program Files\Java\jdk-21"/>
    <property name="file.separator" value="\"/>
    <property name="basedir" value="C:\Users\Mehran Memon\eclipse-workspace\fspann-query-system\fsp-anns-parent\common"/>
    <property name="java.vm.compressedOopsMode" value="Zero based"/>
    <property name="line.separator" value="&#10;"/>
    <property name="java.vm.specification.vendor" value="Oracle Corporation"/>
    <property name="java.specification.name" value="Java Platform API Specification"/>
    <property name="surefire.real.class.path" value="C:\Users\Mehran Memon\AppData\Local\Temp\surefire7774945095428068459\surefirebooter6325776683436939084.jar"/>
    <property name="user.script" value=""/>
    <property name="sun.management.compiler" value="HotSpot 64-Bit Tiered Compilers"/>
    <property name="java.runtime.version" value="21.0.7+8-LTS-245"/>
    <property name="user.name" value="Mehran Memon"/>
    <property name="stdout.encoding" value="Cp1252"/>
    <property name="path.separator" value=";"/>
    <property name="os.version" value="10.0"/>
    <property name="java.runtime.name" value="Java(TM) SE Runtime Environment"/>
    <property name="file.encoding" value="UTF-8"/>
    <property name="java.vm.name" value="Java HotSpot(TM) 64-Bit Server VM"/>
    <property name="localRepository" value="C:\Users\Mehran Memon\.m2\repository"/>
    <property name="java.vendor.url.bug" value="https://bugreport.java.com/bugreport/"/>
    <property name="java.io.tmpdir" value="C:\Users\MEHRAN~1\AppData\Local\Temp\"/>
    <property name="idea.version" value="2024.3.5"/>
    <property name="java.version" value="21.0.7"/>
    <property name="user.dir" value="C:\Users\Mehran Memon\eclipse-workspace\fspann-query-system\fsp-anns-parent\common"/>
    <property name="os.arch" value="amd64"/>
    <property name="java.vm.specification.name" value="Java Virtual Machine Specification"/>
    <property name="sun.os.patch.level" value=""/>
    <property name="native.encoding" value="Cp1252"/>
    <property name="java.library.path" value="C:\Program Files\Java\jdk-21\bin;C:\WINDOWS\Sun\Java\bin;C:\WINDOWS\system32;C:\WINDOWS;C:\Program Files\Eclipse Adoptium\jdk-21.0.7.6-hotspot\bin;C:\Program Files\Common Files\Oracle\Java\javapath;C:\WINDOWS\system32;C:\WINDOWS;C:\WINDOWS\System32\Wbem;C:\WINDOWS\System32\WindowsPowerShell\v1.0\;C:\WINDOWS\System32\OpenSSH\;C:\Program Files\Git\cmd;C:\Program Files\Go\bin;C:\Program Files\Apache\apache-maven-3.9.9-bin\apache-maven-3.9.9\bin;C:\Program Files\dotnet\;C:\Program Files\Git LFS;C:\Program Files\Java\jdk-21\bin;C:\Users\Mehran Memon\AppData\Local\Microsoft\WindowsApps;C:\Users\Mehran Memon\AppData\Local\GitHubDesktop\bin;C:\Users\Mehran Memon\go\bin;C:\Users\Mehran Memon\AppData\Local\JetBrains\Toolbox\scripts;;C:\Users\Mehran Memon\.lmstudio\bin;%USERPROFILE%\AppData\Local\Microsoft\WindowsApps;."/>
    <property name="java.vm.info" value="mixed mode, sharing"/>
    <property name="stderr.encoding" value="Cp1252"/>
    <property name="java.vendor" value="Oracle Corporation"/>
    <property name="java.vm.version" value="21.0.7+8-LTS-245"/>
    <property name="sun.io.unicode.encoding" value="UnicodeLittle"/>
    <property name="java.class.version" value="65.0"/>
  </properties>
  <testcase name="testUpdateVectorMetadata" classname="com.fspann.common.RocksDBMetadataManagerTest" time="0.548">
    <system-err><![CDATA[[main] INFO com.fspann.common.RocksDBMetadataManager - Initialized RocksDB at C:\Users\MEHRAN~1\AppData\Local\Temp\rocksdb_test_16689310481566523773
[main] INFO com.fspann.common.RocksDBMetadataManagerTest - Initialized RocksDB at C:\Users\MEHRAN~1\AppData\Local\Temp\rocksdb_test_16689310481566523773 and points at C:\Users\MEHRAN~1\AppData\Local\Temp\points_test_12345407189464002142
[main] INFO com.fspann.common.RocksDBMetadataManagerTest - Cleaning up RocksDB at C:\Users\MEHRAN~1\AppData\Local\Temp\rocksdb_test_16689310481566523773 and points at C:\Users\MEHRAN~1\AppData\Local\Temp\points_test_12345407189464002142
[main] INFO com.fspann.common.RocksDBMetadataManager - Closing RocksDB instance...
[main] INFO com.fspann.common.RocksDBMetadataManager - RocksDB instance closed at C:\Users\MEHRAN~1\AppData\Local\Temp\rocksdb_test_16689310481566523773
]]></system-err>
  </testcase>
  <testcase name="testPutAndGetVectorMetadata" classname="com.fspann.common.RocksDBMetadataManagerTest" time="0.545">
    <system-err><![CDATA[[main] INFO com.fspann.common.RocksDBMetadataManager - Initialized RocksDB at C:\Users\MEHRAN~1\AppData\Local\Temp\rocksdb_test_12456571550026235856
[main] INFO com.fspann.common.RocksDBMetadataManagerTest - Initialized RocksDB at C:\Users\MEHRAN~1\AppData\Local\Temp\rocksdb_test_12456571550026235856 and points at C:\Users\MEHRAN~1\AppData\Local\Temp\points_test_7621880201500602234
[main] INFO com.fspann.common.RocksDBMetadataManagerTest - Cleaning up RocksDB at C:\Users\MEHRAN~1\AppData\Local\Temp\rocksdb_test_12456571550026235856 and points at C:\Users\MEHRAN~1\AppData\Local\Temp\points_test_7621880201500602234
[main] INFO com.fspann.common.RocksDBMetadataManager - Closing RocksDB instance...
[main] INFO com.fspann.common.RocksDBMetadataManager - RocksDB instance closed at C:\Users\MEHRAN~1\AppData\Local\Temp\rocksdb_test_12456571550026235856
]]></system-err>
  </testcase>
  <testcase name="testShutdown" classname="com.fspann.common.RocksDBMetadataManagerTest" time="0.547">
    <system-err><![CDATA[[main] INFO com.fspann.common.RocksDBMetadataManager - Initialized RocksDB at C:\Users\MEHRAN~1\AppData\Local\Temp\rocksdb_test_1578070892918871818
[main] INFO com.fspann.common.RocksDBMetadataManagerTest - Initialized RocksDB at C:\Users\MEHRAN~1\AppData\Local\Temp\rocksdb_test_1578070892918871818 and points at C:\Users\MEHRAN~1\AppData\Local\Temp\points_test_7267621532964280593
[main] INFO com.fspann.common.RocksDBMetadataManager - Closing RocksDB instance...
[main] INFO com.fspann.common.RocksDBMetadataManager - RocksDB instance closed at C:\Users\MEHRAN~1\AppData\Local\Temp\rocksdb_test_1578070892918871818
[main] INFO com.fspann.common.RocksDBMetadataManagerTest - Cleaning up RocksDB at C:\Users\MEHRAN~1\AppData\Local\Temp\rocksdb_test_1578070892918871818 and points at C:\Users\MEHRAN~1\AppData\Local\Temp\points_test_7267621532964280593
]]></system-err>
  </testcase>
  <testcase name="testMergeVectorMetadata" classname="com.fspann.common.RocksDBMetadataManagerTest" time="0.559">
    <system-err><![CDATA[[main] INFO com.fspann.common.RocksDBMetadataManager - Initialized RocksDB at C:\Users\MEHRAN~1\AppData\Local\Temp\rocksdb_test_6994034543366716536
[main] INFO com.fspann.common.RocksDBMetadataManagerTest - Initialized RocksDB at C:\Users\MEHRAN~1\AppData\Local\Temp\rocksdb_test_6994034543366716536 and points at C:\Users\MEHRAN~1\AppData\Local\Temp\points_test_13007000271091619157
[main] INFO com.fspann.common.RocksDBMetadataManagerTest - Cleaning up RocksDB at C:\Users\MEHRAN~1\AppData\Local\Temp\rocksdb_test_6994034543366716536 and points at C:\Users\MEHRAN~1\AppData\Local\Temp\points_test_13007000271091619157
[main] INFO com.fspann.common.RocksDBMetadataManager - Closing RocksDB instance...
[main] INFO com.fspann.common.RocksDBMetadataManager - RocksDB instance closed at C:\Users\MEHRAN~1\AppData\Local\Temp\rocksdb_test_6994034543366716536
]]></system-err>
  </testcase>
  <testcase name="testPutAndGetMetadata(Path)" classname="com.fspann.common.RocksDBMetadataManagerTest" time="0.58">
    <system-err><![CDATA[[main] INFO com.fspann.common.RocksDBMetadataManager - Initialized RocksDB at C:\Users\MEHRAN~1\AppData\Local\Temp\rocksdb_test_5847220756314096614
[main] INFO com.fspann.common.RocksDBMetadataManagerTest - Initialized RocksDB at C:\Users\MEHRAN~1\AppData\Local\Temp\rocksdb_test_5847220756314096614 and points at C:\Users\MEHRAN~1\AppData\Local\Temp\points_test_201092552372858396
[main] INFO com.fspann.common.RocksDBMetadataManager - Initialized RocksDB at C:\Users\MEHRAN~1\AppData\Local\Temp\junit-10381869508428242100\rocksdb
[main] INFO com.fspann.common.RocksDBMetadataManager - Closing RocksDB instance...
[main] INFO com.fspann.common.RocksDBMetadataManager - RocksDB instance closed at C:\Users\MEHRAN~1\AppData\Local\Temp\junit-10381869508428242100\rocksdb
[main] INFO com.fspann.common.RocksDBMetadataManagerTest - Cleaning up RocksDB at C:\Users\MEHRAN~1\AppData\Local\Temp\rocksdb_test_5847220756314096614 and points at C:\Users\MEHRAN~1\AppData\Local\Temp\points_test_201092552372858396
[main] INFO com.fspann.common.RocksDBMetadataManager - Closing RocksDB instance...
[main] INFO com.fspann.common.RocksDBMetadataManager - RocksDB instance closed at C:\Users\MEHRAN~1\AppData\Local\Temp\rocksdb_test_5847220756314096614
]]></system-err>
  </testcase>
  <testcase name="testRemoveVectorMetadata" classname="com.fspann.common.RocksDBMetadataManagerTest" time="0.551">
    <system-err><![CDATA[[main] INFO com.fspann.common.RocksDBMetadataManager - Initialized RocksDB at C:\Users\MEHRAN~1\AppData\Local\Temp\rocksdb_test_18269626247713195733
[main] INFO com.fspann.common.RocksDBMetadataManagerTest - Initialized RocksDB at C:\Users\MEHRAN~1\AppData\Local\Temp\rocksdb_test_18269626247713195733 and points at C:\Users\MEHRAN~1\AppData\Local\Temp\points_test_62553004380383846
[main] INFO com.fspann.common.RocksDBMetadataManager - 🧹 Deleted metadata for vectorId=vec123
[main] INFO com.fspann.common.RocksDBMetadataManagerTest - Cleaning up RocksDB at C:\Users\MEHRAN~1\AppData\Local\Temp\rocksdb_test_18269626247713195733 and points at C:\Users\MEHRAN~1\AppData\Local\Temp\points_test_62553004380383846
[main] INFO com.fspann.common.RocksDBMetadataManager - Closing RocksDB instance...
[main] INFO com.fspann.common.RocksDBMetadataManager - RocksDB instance closed at C:\Users\MEHRAN~1\AppData\Local\Temp\rocksdb_test_18269626247713195733
]]></system-err>
  </testcase>
  <testcase name="testGetAllEncryptedPoints" classname="com.fspann.common.RocksDBMetadataManagerTest" time="0.565">
    <system-err><![CDATA[[main] INFO com.fspann.common.RocksDBMetadataManager - Initialized RocksDB at C:\Users\MEHRAN~1\AppData\Local\Temp\rocksdb_test_11866461119018331016
[main] INFO com.fspann.common.RocksDBMetadataManagerTest - Initialized RocksDB at C:\Users\MEHRAN~1\AppData\Local\Temp\rocksdb_test_11866461119018331016 and points at C:\Users\MEHRAN~1\AppData\Local\Temp\points_test_1291665543108121073
[main] INFO com.fspann.common.RocksDBMetadataManagerTest - Saved encrypted point: vec123 at C:\Users\MEHRAN~1\AppData\Local\Temp\points_test_1291665543108121073\vv1\vec123.point
[main] INFO com.fspann.common.RocksDBMetadataManagerTest - Cleaning up RocksDB at C:\Users\MEHRAN~1\AppData\Local\Temp\rocksdb_test_11866461119018331016 and points at C:\Users\MEHRAN~1\AppData\Local\Temp\points_test_1291665543108121073
[main] INFO com.fspann.common.RocksDBMetadataManager - Closing RocksDB instance...
[main] INFO com.fspann.common.RocksDBMetadataManager - RocksDB instance closed at C:\Users\MEHRAN~1\AppData\Local\Temp\rocksdb_test_11866461119018331016
]]></system-err>
  </testcase>
</testsuite>