<?xml version="1.0" encoding="UTF-8"?>
<testsuite xmlns:xsi="http://www.w3.org/2001/XMLSchema-instance" xsi:noNamespaceSchemaLocation="https://maven.apache.org/surefire/maven-surefire-plugin/xsd/surefire-test-report-3.0.xsd" version="3.0" name="com.fspann.api.ForwardSecureANNSystemPerformanceIntegrationTest" time="920.441" tests="3" errors="0" skipped="0" failures="0">
  <properties>
    <property name="java.specification.version" value="22"/>
    <property name="sun.cpu.isalist" value="amd64"/>
    <property name="sun.jnu.encoding" value="Cp1252"/>
    <property name="java.class.path" value="C:\Users\Mehran Memon\eclipse-workspace\fspann-query-system\fsp-anns-parent\api\target\test-classes;C:\Users\Mehran Memon\eclipse-workspace\fspann-query-system\fsp-anns-parent\api\target\classes;C:\Users\Mehran Memon\eclipse-workspace\fspann-query-system\fsp-anns-parent\query\target\query-0.0.1-SNAPSHOT.jar;C:\Users\Mehran Memon\eclipse-workspace\fspann-query-system\fsp-anns-parent\index\target\index-0.0.1-SNAPSHOT.jar;C:\Users\Mehran Memon\.m2\repository\org\apache\commons\commons-math3\3.6.1\commons-math3-3.6.1.jar;C:\Users\Mehran Memon\eclipse-workspace\fspann-query-system\fsp-anns-parent\crypto\target\crypto-0.0.1-SNAPSHOT.jar;C:\Users\Mehran Memon\.m2\repository\org\bouncycastle\bcprov-jdk18on\1.78\bcprov-jdk18on-1.78.jar;C:\Users\Mehran Memon\.m2\repository\net\bytebuddy\byte-buddy\1.14.15\byte-buddy-1.14.15.jar;C:\Users\Mehran Memon\eclipse-workspace\fspann-query-system\fsp-anns-parent\common\target\common-0.0.1-SNAPSHOT.jar;C:\Users\Mehran Memon\.m2\repository\org\apache\commons\commons-lang3\3.17.0\commons-lang3-3.17.0.jar;C:\Users\Mehran Memon\.m2\repository\com\fasterxml\jackson\core\jackson-core\2.17.2\jackson-core-2.17.2.jar;C:\Users\Mehran Memon\eclipse-workspace\fspann-query-system\fsp-anns-parent\keymanagement\target\keymanagement-0.0.1-SNAPSHOT.jar;C:\Users\Mehran Memon\.m2\repository\org\jetbrains\annotations\26.0.2\annotations-26.0.2.jar;C:\Users\Mehran Memon\eclipse-workspace\fspann-query-system\fsp-anns-parent\config\target\config-0.0.1-SNAPSHOT.jar;C:\Users\Mehran Memon\.m2\repository\com\fasterxml\jackson\dataformat\jackson-dataformat-yaml\2.17.1\jackson-dataformat-yaml-2.17.1.jar;C:\Users\Mehran Memon\.m2\repository\org\yaml\snakeyaml\2.2\snakeyaml-2.2.jar;C:\Users\Mehran Memon\.m2\repository\org\slf4j\slf4j-api\2.0.13\slf4j-api-2.0.13.jar;C:\Users\Mehran Memon\.m2\repository\ch\qos\logback\logback-classic\1.5.13\logback-classic-1.5.13.jar;C:\Users\Mehran Memon\.m2\repository\ch\qos\logback\logback-core\1.5.13\logback-core-1.5.13.jar;C:\Users\Mehran Memon\.m2\repository\com\fasterxml\jackson\core\jackson-databind\2.17.2\jackson-databind-2.17.2.jar;C:\Users\Mehran Memon\.m2\repository\com\fasterxml\jackson\core\jackson-annotations\2.17.2\jackson-annotations-2.17.2.jar;C:\Users\Mehran Memon\.m2\repository\com\google\code\gson\gson\2.11.0\gson-2.11.0.jar;C:\Users\Mehran Memon\.m2\repository\com\google\errorprone\error_prone_annotations\2.27.0\error_prone_annotations-2.27.0.jar;C:\Users\Mehran Memon\eclipse-workspace\fspann-query-system\fsp-anns-parent\loader\target\loader-0.0.1-SNAPSHOT.jar;C:\Users\Mehran Memon\.m2\repository\org\apache\commons\commons-compress\1.26.1\commons-compress-1.26.1.jar;C:\Users\Mehran Memon\.m2\repository\commons-codec\commons-codec\1.16.1\commons-codec-1.16.1.jar;C:\Users\Mehran Memon\.m2\repository\commons-io\commons-io\2.15.1\commons-io-2.15.1.jar;C:\Users\Mehran Memon\.m2\repository\io\micrometer\micrometer-core\1.11.0\micrometer-core-1.11.0.jar;C:\Users\Mehran Memon\.m2\repository\io\micrometer\micrometer-commons\1.11.0\micrometer-commons-1.11.0.jar;C:\Users\Mehran Memon\.m2\repository\io\micrometer\micrometer-observation\1.11.0\micrometer-observation-1.11.0.jar;C:\Users\Mehran Memon\.m2\repository\org\hdrhistogram\HdrHistogram\2.1.12\HdrHistogram-2.1.12.jar;C:\Users\Mehran Memon\.m2\repository\org\latencyutils\LatencyUtils\2.0.3\LatencyUtils-2.0.3.jar;C:\Users\Mehran Memon\.m2\repository\io\micrometer\micrometer-registry-prometheus\1.11.0\micrometer-registry-prometheus-1.11.0.jar;C:\Users\Mehran Memon\.m2\repository\io\prometheus\simpleclient_common\0.16.0\simpleclient_common-0.16.0.jar;C:\Users\Mehran Memon\.m2\repository\io\prometheus\simpleclient\0.16.0\simpleclient-0.16.0.jar;C:\Users\Mehran Memon\.m2\repository\io\prometheus\simpleclient_tracer_otel\0.16.0\simpleclient_tracer_otel-0.16.0.jar;C:\Users\Mehran Memon\.m2\repository\io\prometheus\simpleclient_tracer_common\0.16.0\simpleclient_tracer_common-0.16.0.jar;C:\Users\Mehran Memon\.m2\repository\io\prometheus\simpleclient_tracer_otel_agent\0.16.0\simpleclient_tracer_otel_agent-0.16.0.jar;C:\Users\Mehran Memon\.m2\repository\org\jfree\jfreechart\1.5.3\jfreechart-1.5.3.jar;C:\Users\Mehran Memon\.m2\repository\junit\junit\4.0\junit-4.0.jar;C:\Users\Mehran Memon\.m2\repository\org\junit\jupiter\junit-jupiter\5.11.0\junit-jupiter-5.11.0.jar;C:\Users\Mehran Memon\.m2\repository\org\junit\jupiter\junit-jupiter-params\5.11.0\junit-jupiter-params-5.11.0.jar;C:\Users\Mehran Memon\.m2\repository\org\junit\jupiter\junit-jupiter-engine\5.11.0\junit-jupiter-engine-5.11.0.jar;C:\Users\Mehran Memon\.m2\repository\org\junit\platform\junit-platform-engine\1.11.0\junit-platform-engine-1.11.0.jar;C:\Users\Mehran Memon\.m2\repository\org\junit\jupiter\junit-jupiter-api\5.11.0\junit-jupiter-api-5.11.0.jar;C:\Users\Mehran Memon\.m2\repository\org\opentest4j\opentest4j\1.3.0\opentest4j-1.3.0.jar;C:\Users\Mehran Memon\.m2\repository\org\junit\platform\junit-platform-commons\1.11.0\junit-platform-commons-1.11.0.jar;C:\Users\Mehran Memon\.m2\repository\org\apiguardian\apiguardian-api\1.1.2\apiguardian-api-1.1.2.jar;"/>
    <property name="sun.awt.enableExtraMouseButtons" value="true"/>
    <property name="java.vm.vendor" value="Oracle Corporation"/>
    <property name="net.bytebuddy.experimental" value="true"/>
    <property name="sun.arch.data.model" value="64"/>
    <property name="user.variant" value=""/>
    <property name="java.vendor.url" value="https://java.oracle.com/"/>
    <property name="user.timezone" value="Asia/Shanghai"/>
    <property name="os.name" value="Windows 11"/>
    <property name="java.vm.specification.version" value="22"/>
    <property name="sun.java.launcher" value="SUN_STANDARD"/>
    <property name="user.country" value="US"/>
    <property name="sun.boot.library.path" value="C:\Program Files\Java\jdk-22\bin"/>
    <property name="sun.java.command" value="C:\Users\Mehran Memon\AppData\Local\Temp\surefire8746401199368662185\surefirebooter17842525385088288107.jar C:\Users\Mehran Memon\AppData\Local\Temp\surefire8746401199368662185 2025-06-24T17-40-46_829-jvmRun1 surefire14414503600755576570tmp surefire_75438767106674103445tmp"/>
    <property name="jdk.debug" value="release"/>
    <property name="surefire.test.class.path" value="C:\Users\Mehran Memon\eclipse-workspace\fspann-query-system\fsp-anns-parent\api\target\test-classes;C:\Users\Mehran Memon\eclipse-workspace\fspann-query-system\fsp-anns-parent\api\target\classes;C:\Users\Mehran Memon\eclipse-workspace\fspann-query-system\fsp-anns-parent\query\target\query-0.0.1-SNAPSHOT.jar;C:\Users\Mehran Memon\eclipse-workspace\fspann-query-system\fsp-anns-parent\index\target\index-0.0.1-SNAPSHOT.jar;C:\Users\Mehran Memon\.m2\repository\org\apache\commons\commons-math3\3.6.1\commons-math3-3.6.1.jar;C:\Users\Mehran Memon\eclipse-workspace\fspann-query-system\fsp-anns-parent\crypto\target\crypto-0.0.1-SNAPSHOT.jar;C:\Users\Mehran Memon\.m2\repository\org\bouncycastle\bcprov-jdk18on\1.78\bcprov-jdk18on-1.78.jar;C:\Users\Mehran Memon\.m2\repository\net\bytebuddy\byte-buddy\1.14.15\byte-buddy-1.14.15.jar;C:\Users\Mehran Memon\eclipse-workspace\fspann-query-system\fsp-anns-parent\common\target\common-0.0.1-SNAPSHOT.jar;C:\Users\Mehran Memon\.m2\repository\org\apache\commons\commons-lang3\3.17.0\commons-lang3-3.17.0.jar;C:\Users\Mehran Memon\.m2\repository\com\fasterxml\jackson\core\jackson-core\2.17.2\jackson-core-2.17.2.jar;C:\Users\Mehran Memon\eclipse-workspace\fspann-query-system\fsp-anns-parent\keymanagement\target\keymanagement-0.0.1-SNAPSHOT.jar;C:\Users\Mehran Memon\.m2\repository\org\jetbrains\annotations\26.0.2\annotations-26.0.2.jar;C:\Users\Mehran Memon\eclipse-workspace\fspann-query-system\fsp-anns-parent\config\target\config-0.0.1-SNAPSHOT.jar;C:\Users\Mehran Memon\.m2\repository\com\fasterxml\jackson\dataformat\jackson-dataformat-yaml\2.17.1\jackson-dataformat-yaml-2.17.1.jar;C:\Users\Mehran Memon\.m2\repository\org\yaml\snakeyaml\2.2\snakeyaml-2.2.jar;C:\Users\Mehran Memon\.m2\repository\org\slf4j\slf4j-api\2.0.13\slf4j-api-2.0.13.jar;C:\Users\Mehran Memon\.m2\repository\ch\qos\logback\logback-classic\1.5.13\logback-classic-1.5.13.jar;C:\Users\Mehran Memon\.m2\repository\ch\qos\logback\logback-core\1.5.13\logback-core-1.5.13.jar;C:\Users\Mehran Memon\.m2\repository\com\fasterxml\jackson\core\jackson-databind\2.17.2\jackson-databind-2.17.2.jar;C:\Users\Mehran Memon\.m2\repository\com\fasterxml\jackson\core\jackson-annotations\2.17.2\jackson-annotations-2.17.2.jar;C:\Users\Mehran Memon\.m2\repository\com\google\code\gson\gson\2.11.0\gson-2.11.0.jar;C:\Users\Mehran Memon\.m2\repository\com\google\errorprone\error_prone_annotations\2.27.0\error_prone_annotations-2.27.0.jar;C:\Users\Mehran Memon\eclipse-workspace\fspann-query-system\fsp-anns-parent\loader\target\loader-0.0.1-SNAPSHOT.jar;C:\Users\Mehran Memon\.m2\repository\org\apache\commons\commons-compress\1.26.1\commons-compress-1.26.1.jar;C:\Users\Mehran Memon\.m2\repository\commons-codec\commons-codec\1.16.1\commons-codec-1.16.1.jar;C:\Users\Mehran Memon\.m2\repository\commons-io\commons-io\2.15.1\commons-io-2.15.1.jar;C:\Users\Mehran Memon\.m2\repository\io\micrometer\micrometer-core\1.11.0\micrometer-core-1.11.0.jar;C:\Users\Mehran Memon\.m2\repository\io\micrometer\micrometer-commons\1.11.0\micrometer-commons-1.11.0.jar;C:\Users\Mehran Memon\.m2\repository\io\micrometer\micrometer-observation\1.11.0\micrometer-observation-1.11.0.jar;C:\Users\Mehran Memon\.m2\repository\org\hdrhistogram\HdrHistogram\2.1.12\HdrHistogram-2.1.12.jar;C:\Users\Mehran Memon\.m2\repository\org\latencyutils\LatencyUtils\2.0.3\LatencyUtils-2.0.3.jar;C:\Users\Mehran Memon\.m2\repository\io\micrometer\micrometer-registry-prometheus\1.11.0\micrometer-registry-prometheus-1.11.0.jar;C:\Users\Mehran Memon\.m2\repository\io\prometheus\simpleclient_common\0.16.0\simpleclient_common-0.16.0.jar;C:\Users\Mehran Memon\.m2\repository\io\prometheus\simpleclient\0.16.0\simpleclient-0.16.0.jar;C:\Users\Mehran Memon\.m2\repository\io\prometheus\simpleclient_tracer_otel\0.16.0\simpleclient_tracer_otel-0.16.0.jar;C:\Users\Mehran Memon\.m2\repository\io\prometheus\simpleclient_tracer_common\0.16.0\simpleclient_tracer_common-0.16.0.jar;C:\Users\Mehran Memon\.m2\repository\io\prometheus\simpleclient_tracer_otel_agent\0.16.0\simpleclient_tracer_otel_agent-0.16.0.jar;C:\Users\Mehran Memon\.m2\repository\org\jfree\jfreechart\1.5.3\jfreechart-1.5.3.jar;C:\Users\Mehran Memon\.m2\repository\junit\junit\4.0\junit-4.0.jar;C:\Users\Mehran Memon\.m2\repository\org\junit\jupiter\junit-jupiter\5.11.0\junit-jupiter-5.11.0.jar;C:\Users\Mehran Memon\.m2\repository\org\junit\jupiter\junit-jupiter-params\5.11.0\junit-jupiter-params-5.11.0.jar;C:\Users\Mehran Memon\.m2\repository\org\junit\jupiter\junit-jupiter-engine\5.11.0\junit-jupiter-engine-5.11.0.jar;C:\Users\Mehran Memon\.m2\repository\org\junit\platform\junit-platform-engine\1.11.0\junit-platform-engine-1.11.0.jar;C:\Users\Mehran Memon\.m2\repository\org\junit\jupiter\junit-jupiter-api\5.11.0\junit-jupiter-api-5.11.0.jar;C:\Users\Mehran Memon\.m2\repository\org\opentest4j\opentest4j\1.3.0\opentest4j-1.3.0.jar;C:\Users\Mehran Memon\.m2\repository\org\junit\platform\junit-platform-commons\1.11.0\junit-platform-commons-1.11.0.jar;C:\Users\Mehran Memon\.m2\repository\org\apiguardian\apiguardian-api\1.1.2\apiguardian-api-1.1.2.jar;"/>
    <property name="sun.cpu.endian" value="little"/>
    <property name="user.home" value="C:\Users\Mehran Memon"/>
    <property name="user.language" value="en"/>
    <property name="java.specification.vendor" value="Oracle Corporation"/>
    <property name="java.version.date" value="2024-07-16"/>
    <property name="java.home" value="C:\Program Files\Java\jdk-22"/>
    <property name="file.separator" value="\"/>
    <property name="basedir" value="C:\Users\Mehran Memon\eclipse-workspace\fspann-query-system\fsp-anns-parent\api"/>
    <property name="java.vm.compressedOopsMode" value="Zero based"/>
    <property name="line.separator" value="&#10;"/>
    <property name="java.vm.specification.vendor" value="Oracle Corporation"/>
    <property name="java.specification.name" value="Java Platform API Specification"/>
    <property name="surefire.real.class.path" value="C:\Users\Mehran Memon\AppData\Local\Temp\surefire8746401199368662185\surefirebooter17842525385088288107.jar"/>
    <property name="user.script" value=""/>
    <property name="sun.management.compiler" value="HotSpot 64-Bit Tiered Compilers"/>
    <property name="java.runtime.version" value="22.0.2+9-70"/>
    <property name="user.name" value="Mehran Memon"/>
    <property name="stdout.encoding" value="Cp1252"/>
    <property name="path.separator" value=";"/>
    <property name="os.version" value="10.0"/>
    <property name="java.runtime.name" value="Java(TM) SE Runtime Environment"/>
    <property name="file.encoding" value="UTF-8"/>
    <property name="java.vm.name" value="Java HotSpot(TM) 64-Bit Server VM"/>
    <property name="localRepository" value="C:\Users\Mehran Memon\.m2\repository"/>
    <property name="java.vendor.url.bug" value="https://bugreport.java.com/bugreport/"/>
    <property name="java.io.tmpdir" value="C:\Users\MEHRAN~1\AppData\Local\Temp\"/>
    <property name="idea.version" value="2024.3.5"/>
    <property name="java.version" value="22.0.2"/>
    <property name="user.dir" value="C:\Users\Mehran Memon\eclipse-workspace\fspann-query-system\fsp-anns-parent\api"/>
    <property name="os.arch" value="amd64"/>
    <property name="java.vm.specification.name" value="Java Virtual Machine Specification"/>
    <property name="sun.os.patch.level" value=""/>
    <property name="native.encoding" value="Cp1252"/>
    <property name="java.library.path" value="C:\Program Files\Java\jdk-22\bin;C:\WINDOWS\Sun\Java\bin;C:\WINDOWS\system32;C:\WINDOWS;C:\Program Files\Common Files\Oracle\Java\javapath;C:\WINDOWS\system32;C:\WINDOWS;C:\WINDOWS\System32\Wbem;C:\WINDOWS\System32\WindowsPowerShell\v1.0\;C:\WINDOWS\System32\OpenSSH\;C:\Program Files\Git\cmd;C:\Program Files\Go\bin;C:\Program Files\Apache\apache-maven-3.9.9-bin\apache-maven-3.9.9\bin;C:\Program Files\dotnet\;C:\Program Files\Git LFS;C:\Users\Mehran Memon\AppData\Local\Microsoft\WindowsApps;C:\Users\Mehran Memon\AppData\Local\GitHubDesktop\bin;C:\Users\Mehran Memon\go\bin;C:\Users\Mehran Memon\AppData\Local\JetBrains\Toolbox\scripts;;C:\Users\Mehran Memon\.lmstudio\bin;%USERPROFILE%\AppData\Local\Microsoft\WindowsApps;."/>
    <property name="java.vm.info" value="mixed mode, sharing"/>
    <property name="stderr.encoding" value="Cp1252"/>
    <property name="java.vendor" value="Oracle Corporation"/>
    <property name="java.vm.version" value="22.0.2+9-70"/>
    <property name="sun.io.unicode.encoding" value="UnicodeLittle"/>
    <property name="java.class.version" value="66.0"/>
  </properties>
  <testcase name="bulkPerformanceTest" classname="com.fspann.api.ForwardSecureANNSystemPerformanceIntegrationTest" time="772.352">
    <system-out><![CDATA[2025-06-24 17:42:12 [main] INFO  c.fspann.api.ForwardSecureANNSystem - Initializing ForwardSecureANNSystem with config=C:\Users\MEHRAN~1\AppData\Local\Temp\junit-7661153351246158333\config.json, data=C:\Users\MEHRAN~1\AppData\Local\Temp\junit-7661153351246158333\data.csv, keys=C:\Users\MEHRAN~1\AppData\Local\Temp\junit-7661153351246158333\keys.ser, dims=[10], metadata=C:\Users\MEHRAN~1\AppData\Local\Temp\junit-7661153351246158333
2025-06-24 17:42:12 [main] INFO  com.fspann.config.SystemConfig - Successfully loaded config from C:\Users\MEHRAN~1\AppData\Local\Temp\junit-7661153351246158333\config.json
2025-06-24 17:42:12 [main] INFO  c.fspann.api.ForwardSecureANNSystem - Loaded system configuration
2025-06-24 17:42:12 [main] INFO  com.fspann.key.KeyManager - Initialized new key store (version 1)
2025-06-24 17:42:12 [main] INFO  c.fspann.api.ForwardSecureANNSystem - KeyManager initialized
2025-06-24 17:42:12 [main] INFO  c.fspann.api.ForwardSecureANNSystem - KeyRotationServiceImpl initialized successfully
2025-06-24 17:42:12 [main] INFO  c.fspann.api.ForwardSecureANNSystem - KeyManager initialized with forward-secure key derivation, using keys file at C:\Users\MEHRAN~1\AppData\Local\Temp\junit-7661153351246158333\keys.ser
2025-06-24 17:42:12 [main] INFO  c.fspann.crypto.AesGcmCryptoService - AesGcmCryptoService initialized successfully
2025-06-24 17:42:12 [main] INFO  c.fspann.api.ForwardSecureANNSystem - CryptoService (AES-GCM with forward security) ready
2025-06-24 17:42:12 [main] INFO  com.fspann.common.MetadataManager - Loaded metadata from metadata.ser
2025-06-24 17:42:12 [main] INFO  c.fspann.api.ForwardSecureANNSystem - SecureLSHIndexService initialized with 4 shards
2025-06-24 17:42:12 [main] INFO  c.fspann.api.ForwardSecureANNSystem - Cache and Profiler initialized
2025-06-24 17:42:12 [main] INFO  c.fspann.api.ForwardSecureANNSystem - QueryService initialized and ready
2025-06-24 17:42:12 [main] INFO  c.fspann.api.ForwardSecureANNSystem - Loading base data from C:\Users\MEHRAN~1\AppData\Local\Temp\junit-7661153351246158333\data.csv
2025-06-24 17:42:12 [main] INFO  com.fspann.loader.DefaultDataLoader - Loading data from C:\Users\MEHRAN~1\AppData\Local\Temp\junit-7661153351246158333\data.csv using loader for CSV
2025-06-24 17:42:12 [main] INFO  c.fspann.api.ForwardSecureANNSystem - Loaded 10 vectors for dimension 10
2025-06-24 17:42:19 [main] INFO  c.fspann.api.ForwardSecureANNSystem - Batch insert complete for 10 vectors in 6466.7081 ms
2025-06-24 17:42:19 [main] INFO  c.fspann.api.ForwardSecureANNSystem - Initial data insertion complete
2025-06-24 17:42:19 [main] INFO  c.fspann.api.ForwardSecureANNSystem - Number of indexed vectors for dimension 10: 10
2025-06-24 17:42:19 [main] INFO  c.f.a.ForwardSecureANNSystemPerformanceIntegrationTest - Initialized system with 10 vectors indexed for dim=10
2025-06-24 17:42:19 [main] INFO  c.fspann.api.ForwardSecureANNSystem - Insert complete for id=6c5deddd-bccd-4c11-8417-9d2032f7acd3 in 646.6536 ms
2025-06-24 17:42:20 [main] INFO  c.fspann.api.ForwardSecureANNSystem - Insert complete for id=4a5ffa78-6d54-4d53-88f5-d3798fec2da8 in 640.3387 ms
2025-06-24 17:42:20 [main] INFO  c.fspann.api.ForwardSecureANNSystem - Insert complete for id=d9c13ae4-d586-4c5c-a27e-652642dcc409 in 635.983 ms
2025-06-24 17:42:21 [main] INFO  c.fspann.api.ForwardSecureANNSystem - Insert complete for id=b561ef8d-1b24-4151-9b70-3c45dca5f92c in 634.6655 ms
2025-06-24 17:42:22 [main] INFO  c.fspann.api.ForwardSecureANNSystem - Insert complete for id=f479c238-b269-4fde-ba5d-5603141e6eb8 in 653.116 ms
2025-06-24 17:42:22 [main] INFO  c.fspann.api.ForwardSecureANNSystem - Insert complete for id=ab5fcb65-583c-49b6-82b8-0a389ab21688 in 641.3314 ms
2025-06-24 17:42:23 [main] INFO  c.fspann.api.ForwardSecureANNSystem - Insert complete for id=051acc21-4b8e-489d-b2a5-addf81c15553 in 644.7725 ms
2025-06-24 17:42:24 [main] INFO  c.fspann.api.ForwardSecureANNSystem - Insert complete for id=05f622bd-f22a-46a1-924b-dd9df6629d8e in 644.3475 ms
2025-06-24 17:42:24 [main] INFO  c.fspann.api.ForwardSecureANNSystem - Insert complete for id=0501cbaf-89ce-4f1b-af5f-8aa94c4bfa73 in 642.5768 ms
2025-06-24 17:42:25 [main] INFO  c.fspann.api.ForwardSecureANNSystem - Insert complete for id=64c4280e-ffda-4ff7-83fb-4fd76c8ff149 in 641.7262 ms
2025-06-24 17:42:26 [main] INFO  c.fspann.api.ForwardSecureANNSystem - Insert complete for id=e905c143-d241-4c01-9069-5e3e67c089af in 639.2376 ms
2025-06-24 17:42:26 [main] INFO  c.fspann.api.ForwardSecureANNSystem - Insert complete for id=c940ae94-5e57-4d10-ba97-1a29e8ecb4e5 in 645.8093 ms
2025-06-24 17:42:27 [main] INFO  c.fspann.api.ForwardSecureANNSystem - Insert complete for id=edc05b69-8844-4570-a713-1415b381a7e2 in 641.5598 ms
2025-06-24 17:42:28 [main] INFO  c.fspann.api.ForwardSecureANNSystem - Insert complete for id=4d2a0856-94cf-4fda-a5b1-97be00fe4c8e in 638.4994 ms
2025-06-24 17:42:28 [main] INFO  c.fspann.api.ForwardSecureANNSystem - Insert complete for id=88a5ffc0-d8d9-4667-b68d-bdfdce3507e3 in 647.4501 ms
2025-06-24 17:42:29 [main] INFO  c.fspann.api.ForwardSecureANNSystem - Insert complete for id=f31ed9ef-4615-4406-b320-eb7673f8665d in 636.1513 ms
2025-06-24 17:42:29 [main] INFO  c.fspann.api.ForwardSecureANNSystem - Insert complete for id=a6dacf29-523e-4a6f-8953-a31fab222f88 in 639.0399 ms
2025-06-24 17:42:30 [main] INFO  c.fspann.api.ForwardSecureANNSystem - Insert complete for id=5cd198e9-d60b-4b9e-a3f1-894596a88367 in 651.351 ms
2025-06-24 17:42:31 [main] INFO  c.fspann.api.ForwardSecureANNSystem - Insert complete for id=0454018d-1266-4101-99b6-d30b4663d5ba in 646.8671 ms
2025-06-24 17:42:31 [main] INFO  c.fspann.api.ForwardSecureANNSystem - Insert complete for id=47549ac0-c4df-4212-a6fb-e911779ff763 in 635.081 ms
2025-06-24 17:42:32 [main] INFO  c.fspann.api.ForwardSecureANNSystem - Insert complete for id=ab0dddc3-9eda-43fe-9b31-b5bd29740be5 in 648.4278 ms
2025-06-24 17:42:33 [main] INFO  c.fspann.api.ForwardSecureANNSystem - Insert complete for id=c1a4e484-5867-4323-b07f-5a21021c922a in 651.9419 ms
2025-06-24 17:42:33 [main] INFO  c.fspann.api.ForwardSecureANNSystem - Insert complete for id=45e6949c-066d-4e69-a5b5-cbb26f9bb364 in 638.5877 ms
2025-06-24 17:42:34 [main] INFO  c.fspann.api.ForwardSecureANNSystem - Insert complete for id=066ef1d7-0a93-4835-9197-a6c1b3d76ae5 in 648.2203 ms
2025-06-24 17:42:35 [main] INFO  c.fspann.api.ForwardSecureANNSystem - Insert complete for id=ab7797d3-1e76-4f2e-b7d7-8ca44d8d98de in 642.0063 ms
2025-06-24 17:42:35 [main] INFO  c.fspann.api.ForwardSecureANNSystem - Insert complete for id=dde6dea7-830e-443f-afd4-7e606c27de9b in 652.1913 ms
2025-06-24 17:42:36 [main] INFO  c.fspann.api.ForwardSecureANNSystem - Insert complete for id=00f40355-073c-436f-a1f1-7c5e1f7737dc in 637.87 ms
2025-06-24 17:42:37 [main] INFO  c.fspann.api.ForwardSecureANNSystem - Insert complete for id=b0b1ad2d-1007-443c-848c-f6526104bd2f in 648.5119 ms
2025-06-24 17:42:37 [main] INFO  c.fspann.api.ForwardSecureANNSystem - Insert complete for id=11f73291-5e7e-4e51-b9a9-151530255271 in 640.6447 ms
2025-06-24 17:42:38 [main] INFO  c.fspann.api.ForwardSecureANNSystem - Insert complete for id=d5d545c9-5053-47ca-ab0d-44c450fe9503 in 640.3855 ms
2025-06-24 17:42:38 [main] INFO  c.fspann.api.ForwardSecureANNSystem - Insert complete for id=9af6bbca-b1af-4798-94fd-114d1183e8ea in 653.5313 ms
2025-06-24 17:42:39 [main] INFO  c.fspann.api.ForwardSecureANNSystem - Insert complete for id=11df4f8a-e1b7-4b49-9535-dbbe27dc27f4 in 645.6094 ms
2025-06-24 17:42:40 [main] INFO  c.fspann.api.ForwardSecureANNSystem - Insert complete for id=e15a7e92-be63-4a96-b294-feeb4acffdf3 in 637.8225 ms
2025-06-24 17:42:40 [main] INFO  c.fspann.api.ForwardSecureANNSystem - Insert complete for id=8a8d9901-a829-43e3-88dc-5a7db50026fd in 647.5707 ms
2025-06-24 17:42:41 [main] INFO  c.fspann.api.ForwardSecureANNSystem - Insert complete for id=4a04e1fd-6e13-4ccb-877e-3bfcb5b687e8 in 645.243 ms
2025-06-24 17:42:42 [main] INFO  c.fspann.api.ForwardSecureANNSystem - Insert complete for id=31356d23-1f5b-4255-9f2c-c3db22dea67f in 640.8414 ms
2025-06-24 17:42:42 [main] INFO  c.fspann.api.ForwardSecureANNSystem - Insert complete for id=7efbe11c-fff9-41a9-9639-5216680913e0 in 641.3922 ms
2025-06-24 17:42:43 [main] INFO  c.fspann.api.ForwardSecureANNSystem - Insert complete for id=098acee6-8e83-4670-8027-e59f40870be1 in 637.2559 ms
2025-06-24 17:42:44 [main] INFO  c.fspann.api.ForwardSecureANNSystem - Insert complete for id=c135a40e-ab6f-42d2-a089-e5da40071c63 in 643.0577 ms
2025-06-24 17:42:44 [main] INFO  c.fspann.api.ForwardSecureANNSystem - Insert complete for id=87905ddf-abb7-407e-bd8f-8e221a7e3313 in 644.2813 ms
2025-06-24 17:42:45 [main] INFO  c.fspann.api.ForwardSecureANNSystem - Insert complete for id=a645597e-1a16-4561-abcb-6d27c4460d61 in 641.7096 ms
2025-06-24 17:42:46 [main] INFO  c.fspann.api.ForwardSecureANNSystem - Insert complete for id=27cebb96-5059-4cd8-959b-52a6555f7380 in 636.4402 ms
2025-06-24 17:42:46 [main] INFO  c.fspann.api.ForwardSecureANNSystem - Insert complete for id=bb7d5f3f-7b35-4418-8ae5-0a2a3aecaa2a in 649.0144 ms
2025-06-24 17:42:47 [main] INFO  c.fspann.api.ForwardSecureANNSystem - Insert complete for id=a28226d4-5c97-4a6e-b7f3-173f204f4b3c in 646.4728 ms
2025-06-24 17:42:48 [main] INFO  c.fspann.api.ForwardSecureANNSystem - Insert complete for id=37244334-6ef0-4d24-8dd8-4bfdd5e96ca8 in 653.8741 ms
2025-06-24 17:42:48 [main] INFO  c.fspann.api.ForwardSecureANNSystem - Insert complete for id=1b0569b0-a3a4-4266-bdef-e07bc4493679 in 641.1141 ms
2025-06-24 17:42:49 [main] INFO  c.fspann.api.ForwardSecureANNSystem - Insert complete for id=b84b5517-0120-49d1-b3de-c72fd000f7de in 656.1515 ms
2025-06-24 17:42:49 [main] INFO  c.fspann.api.ForwardSecureANNSystem - Insert complete for id=6eace84d-9977-4001-b455-0f97fbef03b5 in 641.7401 ms
2025-06-24 17:42:50 [main] INFO  c.fspann.api.ForwardSecureANNSystem - Insert complete for id=3da0a232-d004-425e-94bb-c87076e40e1a in 648.5087 ms
2025-06-24 17:42:51 [main] INFO  c.fspann.api.ForwardSecureANNSystem - Insert complete for id=026f191f-0d8c-4163-aa0e-1627c9bec9ab in 629.2935 ms
2025-06-24 17:42:51 [main] INFO  c.fspann.api.ForwardSecureANNSystem - Insert complete for id=ad1556bb-34d2-4a84-8514-d2ca8019e7b1 in 645.9391 ms
2025-06-24 17:42:52 [main] INFO  c.fspann.api.ForwardSecureANNSystem - Insert complete for id=ce4efbea-6228-4959-8f03-9cefa5dd9d80 in 646.0573 ms
2025-06-24 17:42:53 [main] INFO  c.fspann.api.ForwardSecureANNSystem - Insert complete for id=abe0c3b2-4813-4e50-b11a-84322e061261 in 636.2614 ms
2025-06-24 17:42:53 [main] INFO  c.fspann.api.ForwardSecureANNSystem - Insert complete for id=48552bd7-abe3-424d-af05-7ce4005d67fc in 639.642 ms
2025-06-24 17:42:54 [main] INFO  c.fspann.api.ForwardSecureANNSystem - Insert complete for id=3a64eecd-dff5-4c0d-8f72-f988856f3b64 in 640.2892 ms
2025-06-24 17:42:55 [main] INFO  c.fspann.api.ForwardSecureANNSystem - Insert complete for id=fe052e70-fe27-4de6-9d59-a608c2a9886e in 644.539 ms
2025-06-24 17:42:55 [main] INFO  c.fspann.api.ForwardSecureANNSystem - Insert complete for id=013753d3-4964-4918-896b-0eefff127abc in 648.0183 ms
2025-06-24 17:42:56 [main] INFO  c.fspann.api.ForwardSecureANNSystem - Insert complete for id=8bb8ae95-74d6-492f-82ba-f64933b63d7c in 640.9704 ms
2025-06-24 17:42:57 [main] INFO  c.fspann.api.ForwardSecureANNSystem - Insert complete for id=5270790a-ca4a-4b25-8957-a81804c8cc4c in 639.046 ms
2025-06-24 17:42:57 [main] INFO  c.fspann.api.ForwardSecureANNSystem - Insert complete for id=59a5959b-c63b-4b7d-81f2-2f465171d7b0 in 637.1849 ms
2025-06-24 17:42:58 [main] INFO  c.fspann.api.ForwardSecureANNSystem - Insert complete for id=074e61f7-a0cf-48db-acd0-2da1c9a41c6a in 643.3339 ms
2025-06-24 17:42:58 [main] INFO  c.fspann.api.ForwardSecureANNSystem - Insert complete for id=79e846dc-a0a2-4a0f-bc02-15594632889c in 656.9561 ms
2025-06-24 17:42:59 [main] INFO  c.fspann.api.ForwardSecureANNSystem - Insert complete for id=2f98072f-c64b-49b4-9f42-68b9d0e4dbe1 in 642.1726 ms
2025-06-24 17:43:00 [main] INFO  c.fspann.api.ForwardSecureANNSystem - Insert complete for id=de1e17bd-654c-4add-98f7-87902d600977 in 651.4315 ms
2025-06-24 17:43:00 [main] INFO  c.fspann.api.ForwardSecureANNSystem - Insert complete for id=4b545b6d-d4d6-4305-8c56-1961066195dc in 641.3014 ms
2025-06-24 17:43:01 [main] INFO  c.fspann.api.ForwardSecureANNSystem - Insert complete for id=ad87fa05-c1aa-4f34-98f7-019a9b8e7aad in 639.7022 ms
2025-06-24 17:43:02 [main] INFO  c.fspann.api.ForwardSecureANNSystem - Insert complete for id=cde76128-b29b-4334-a413-7afb408f6c10 in 642.4569 ms
2025-06-24 17:43:02 [main] INFO  c.fspann.api.ForwardSecureANNSystem - Insert complete for id=f18b0845-33fe-40aa-ba95-c03b239161a5 in 647.0852 ms
2025-06-24 17:43:03 [main] INFO  c.fspann.api.ForwardSecureANNSystem - Insert complete for id=25fe5165-ff4c-4c9e-b058-81f6b9510853 in 641.7782 ms
2025-06-24 17:43:04 [main] INFO  c.fspann.api.ForwardSecureANNSystem - Insert complete for id=214b9db1-c0a0-45de-b19f-bd9f14d7b19d in 639.0317 ms
2025-06-24 17:43:04 [main] INFO  c.fspann.api.ForwardSecureANNSystem - Insert complete for id=cea22aff-e33a-4eb9-8a9e-9127fd2a1668 in 647.2 ms
2025-06-24 17:43:05 [main] INFO  c.fspann.api.ForwardSecureANNSystem - Insert complete for id=6ee34e2d-3b39-4b94-9024-8551de0d4970 in 642.4673 ms
2025-06-24 17:43:06 [main] INFO  c.fspann.api.ForwardSecureANNSystem - Insert complete for id=f07201af-70b4-4794-adb9-49d30f1e1745 in 648.4352 ms
2025-06-24 17:43:06 [main] INFO  c.fspann.api.ForwardSecureANNSystem - Insert complete for id=48115476-45dc-4909-bc17-784c22c9d0b2 in 639.3398 ms
2025-06-24 17:43:07 [main] INFO  c.fspann.api.ForwardSecureANNSystem - Insert complete for id=d0815e06-b52f-4a57-9504-2083c389a0ff in 655.2602 ms
2025-06-24 17:43:07 [main] INFO  c.fspann.api.ForwardSecureANNSystem - Insert complete for id=4a5c9662-e4ba-4caf-a6d4-b522105004b3 in 649.6576 ms
2025-06-24 17:43:08 [main] INFO  c.fspann.api.ForwardSecureANNSystem - Insert complete for id=c1f14de1-c277-48a2-b175-f5522c2c96b8 in 641.6837 ms
2025-06-24 17:43:09 [main] INFO  c.fspann.api.ForwardSecureANNSystem - Insert complete for id=9ef70a5b-9c3a-4ded-9977-0d465a7d7705 in 637.7766 ms
2025-06-24 17:43:09 [main] INFO  c.fspann.api.ForwardSecureANNSystem - Insert complete for id=ea2fea6f-6c8c-4755-aa2d-f5db50833f84 in 646.1369 ms
2025-06-24 17:43:10 [main] INFO  c.fspann.api.ForwardSecureANNSystem - Insert complete for id=7a9135b5-0f9d-4b2c-922c-9cb6d337baf9 in 642.5853 ms
2025-06-24 17:43:11 [main] INFO  c.fspann.api.ForwardSecureANNSystem - Insert complete for id=51ee85ad-f3d3-4a68-b924-7c8c54fc9503 in 647.1136 ms
2025-06-24 17:43:11 [main] INFO  c.fspann.api.ForwardSecureANNSystem - Insert complete for id=11ef48cf-bc1d-41db-8332-bd02aa556167 in 638.1463 ms
2025-06-24 17:43:12 [main] INFO  c.fspann.api.ForwardSecureANNSystem - Insert complete for id=a9431252-4855-4e4f-a99b-6f6487caee5f in 646.9262 ms
2025-06-24 17:43:13 [main] INFO  c.fspann.api.ForwardSecureANNSystem - Insert complete for id=097cba4b-18b4-4bb8-a025-593ccdf8d5ea in 645.8741 ms
2025-06-24 17:43:13 [main] INFO  c.fspann.api.ForwardSecureANNSystem - Insert complete for id=84b1e6cd-0bcd-44d8-9863-f12a4c67dc30 in 642.3666 ms
2025-06-24 17:43:14 [main] INFO  c.fspann.api.ForwardSecureANNSystem - Insert complete for id=1318f4a9-e836-4cdb-9f23-5468379acb72 in 647.3973 ms
2025-06-24 17:43:15 [main] INFO  c.fspann.api.ForwardSecureANNSystem - Insert complete for id=539f8db1-83db-4064-9693-532531832385 in 655.5099 ms
2025-06-24 17:43:15 [main] INFO  c.fspann.api.ForwardSecureANNSystem - Insert complete for id=9d83f775-ec70-49cb-8a72-e6d7fa64f067 in 639.2106 ms
2025-06-24 17:43:16 [main] INFO  c.fspann.api.ForwardSecureANNSystem - Insert complete for id=403a7905-07e6-46ee-b85b-61288867d20b in 654.7345 ms
2025-06-24 17:43:17 [main] INFO  c.fspann.api.ForwardSecureANNSystem - Insert complete for id=1927e5d8-e67a-4f87-aa19-7a61bfdae47d in 667.0447 ms
2025-06-24 17:43:17 [main] INFO  c.fspann.api.ForwardSecureANNSystem - Insert complete for id=e92a4048-19d3-4bc4-b592-afdffee240f8 in 643.2449 ms
2025-06-24 17:43:18 [main] INFO  c.fspann.api.ForwardSecureANNSystem - Insert complete for id=77b0327b-1acd-4d48-879e-12ec9906bcd7 in 652.1027 ms
2025-06-24 17:43:18 [main] INFO  c.fspann.api.ForwardSecureANNSystem - Insert complete for id=532da4a1-92ce-4009-b8fd-59e6259cf60e in 654.8314 ms
2025-06-24 17:43:19 [main] INFO  c.fspann.api.ForwardSecureANNSystem - Insert complete for id=cf232b2b-eae6-4e96-b91e-c5cd2dfe828d in 656.2576 ms
2025-06-24 17:43:20 [main] INFO  c.fspann.api.ForwardSecureANNSystem - Insert complete for id=bc470409-c258-4fd3-99e7-a763bfb0d33b in 653.5221 ms
2025-06-24 17:43:20 [main] INFO  c.fspann.api.ForwardSecureANNSystem - Insert complete for id=af4749f5-7cdc-448f-9704-b681f84bade2 in 645.076 ms
2025-06-24 17:43:21 [main] INFO  c.fspann.api.ForwardSecureANNSystem - Insert complete for id=94edff36-b670-43d2-9172-8c1fc10fae7a in 644.7818 ms
2025-06-24 17:43:22 [main] INFO  c.fspann.api.ForwardSecureANNSystem - Insert complete for id=d22b460d-bb6c-4b86-9a71-82711438b2d9 in 649.8568 ms
2025-06-24 17:43:22 [main] INFO  c.fspann.api.ForwardSecureANNSystem - Insert complete for id=11eab6d9-a37f-494f-b98e-7f0a77d6332c in 650.464 ms
2025-06-24 17:43:23 [main] INFO  c.fspann.api.ForwardSecureANNSystem - Insert complete for id=69578ec7-e273-477f-9b4c-b439aa5fe341 in 655.1946 ms
2025-06-24 17:43:24 [main] INFO  c.fspann.api.ForwardSecureANNSystem - Insert complete for id=5b7ca3d9-cb6b-48ff-b526-494e58ff79c8 in 650.5798 ms
2025-06-24 17:43:24 [main] INFO  c.fspann.api.ForwardSecureANNSystem - Insert complete for id=e7c47927-e94c-4474-bb6c-967c0cf287a0 in 658.8967 ms
2025-06-24 17:43:25 [main] INFO  c.fspann.api.ForwardSecureANNSystem - Insert complete for id=4cfb3b0d-d84b-4c7d-9e09-be020ea52dfd in 647.2465 ms
2025-06-24 17:43:26 [main] INFO  c.fspann.api.ForwardSecureANNSystem - Insert complete for id=67fc619d-eaef-4568-b30a-937947002798 in 651.4911 ms
2025-06-24 17:43:26 [main] INFO  c.fspann.api.ForwardSecureANNSystem - Insert complete for id=9e625962-fad5-4990-b70e-566865263be7 in 646.1369 ms
2025-06-24 17:43:27 [main] INFO  c.fspann.api.ForwardSecureANNSystem - Insert complete for id=153487d4-bfec-4a9d-8ce9-58b555f6d7c4 in 674.0105 ms
2025-06-24 17:43:28 [main] INFO  c.fspann.api.ForwardSecureANNSystem - Insert complete for id=fe62c482-0283-44a1-aee8-b5bcfe35d356 in 659.4451 ms
2025-06-24 17:43:28 [main] INFO  c.fspann.api.ForwardSecureANNSystem - Insert complete for id=9cc2b846-0235-437d-b0b8-1745e9cb79ac in 649.7886 ms
2025-06-24 17:43:29 [main] INFO  c.fspann.api.ForwardSecureANNSystem - Insert complete for id=8c7eb88b-b65c-4f55-ba1b-4a3e9b60c6e0 in 649.2133 ms
2025-06-24 17:43:30 [main] INFO  c.fspann.api.ForwardSecureANNSystem - Insert complete for id=e17d1abf-672a-4073-8d9f-d2c0af93fb1c in 661.2143 ms
2025-06-24 17:43:30 [main] INFO  c.fspann.api.ForwardSecureANNSystem - Insert complete for id=6a5d02f8-55ad-416e-864b-b8009bb1df7d in 645.4572 ms
2025-06-24 17:43:31 [main] INFO  c.fspann.api.ForwardSecureANNSystem - Insert complete for id=06f2212e-79d5-49bb-bdd3-fab0e0ed877d in 659.1289 ms
2025-06-24 17:43:32 [main] INFO  c.fspann.api.ForwardSecureANNSystem - Insert complete for id=97985065-ce12-48f0-a19d-21a0dd90d842 in 639.4915 ms
2025-06-24 17:43:32 [main] INFO  c.fspann.api.ForwardSecureANNSystem - Insert complete for id=36c82a59-b7e7-4327-a520-4a1cdc27ff2e in 646.5883 ms
2025-06-24 17:43:33 [main] INFO  c.fspann.api.ForwardSecureANNSystem - Insert complete for id=bdd9957d-42d4-457b-831d-6191d10fa284 in 652.1037 ms
2025-06-24 17:43:33 [main] INFO  c.fspann.api.ForwardSecureANNSystem - Insert complete for id=7f6efa2c-7e53-4c3c-bca6-0841424cac27 in 649.4228 ms
2025-06-24 17:43:34 [main] INFO  c.fspann.api.ForwardSecureANNSystem - Insert complete for id=879aa5ca-e0ec-46dd-bd91-7be05d67a894 in 650.5253 ms
2025-06-24 17:43:35 [main] INFO  c.fspann.api.ForwardSecureANNSystem - Insert complete for id=1cdd5549-7458-4ed0-87a5-02ffb5a5ac7d in 656.8267 ms
2025-06-24 17:43:35 [main] INFO  c.fspann.api.ForwardSecureANNSystem - Insert complete for id=c338b3ed-fc92-495d-8714-c1861cc88e41 in 660.4836 ms
2025-06-24 17:43:36 [main] INFO  c.fspann.api.ForwardSecureANNSystem - Insert complete for id=f4474e36-6189-4335-99ba-c82a417ab233 in 654.7996 ms
2025-06-24 17:43:37 [main] INFO  c.fspann.api.ForwardSecureANNSystem - Insert complete for id=3d97fb0b-5d25-41ee-bead-1c8569dcbc55 in 649.2198 ms
2025-06-24 17:43:37 [main] INFO  c.fspann.api.ForwardSecureANNSystem - Insert complete for id=f556fcc3-5b58-40d4-97ff-46b9f3d8a0c5 in 656.3575 ms
2025-06-24 17:43:38 [main] INFO  c.fspann.api.ForwardSecureANNSystem - Insert complete for id=55682128-9720-4dd4-b89b-22945a9c53b4 in 651.8538 ms
2025-06-24 17:43:39 [main] INFO  c.fspann.api.ForwardSecureANNSystem - Insert complete for id=9af1a724-9b0f-4da5-a14d-e0ae26c8c332 in 654.9995 ms
2025-06-24 17:43:39 [main] INFO  c.fspann.api.ForwardSecureANNSystem - Insert complete for id=5b11d72a-db38-435d-b466-ea6d7bceeca4 in 663.045 ms
2025-06-24 17:43:40 [main] INFO  c.fspann.api.ForwardSecureANNSystem - Insert complete for id=3208ca8e-0e7d-4c28-ad32-270b99cad08e in 648.0253 ms
2025-06-24 17:43:41 [main] INFO  c.fspann.api.ForwardSecureANNSystem - Insert complete for id=65042200-6dc8-4015-b338-6b0e38f874fc in 657.1988 ms
2025-06-24 17:43:41 [main] INFO  c.fspann.api.ForwardSecureANNSystem - Insert complete for id=ed567755-e234-474c-abcb-2ed7fae451ae in 660.086 ms
2025-06-24 17:43:42 [main] INFO  c.fspann.api.ForwardSecureANNSystem - Insert complete for id=74a007b3-ea7f-486d-a8ca-296e380d9925 in 661.3193 ms
2025-06-24 17:43:43 [main] INFO  c.fspann.api.ForwardSecureANNSystem - Insert complete for id=42e9698d-0b75-481e-a8cc-3d7c452dcb68 in 651.7529 ms
2025-06-24 17:43:43 [main] INFO  c.fspann.api.ForwardSecureANNSystem - Insert complete for id=d9f4f8d2-025e-4b19-b8f3-2f85cc7a0e01 in 666.7783 ms
2025-06-24 17:43:44 [main] INFO  c.fspann.api.ForwardSecureANNSystem - Insert complete for id=af459cae-7bb8-47b2-9a70-e124aa58ff6f in 651.9573 ms
2025-06-24 17:43:45 [main] INFO  c.fspann.api.ForwardSecureANNSystem - Insert complete for id=29c49923-f161-460c-b370-4b45ebdceb81 in 658.2297 ms
2025-06-24 17:43:45 [main] INFO  c.fspann.api.ForwardSecureANNSystem - Insert complete for id=469e0160-5e42-45d7-bcd9-afbea32787be in 659.0629 ms
2025-06-24 17:43:46 [main] INFO  c.fspann.api.ForwardSecureANNSystem - Insert complete for id=9960ed3d-33ad-4f61-b631-adedab276638 in 658.0726 ms
2025-06-24 17:43:47 [main] INFO  c.fspann.api.ForwardSecureANNSystem - Insert complete for id=29efbc01-3d35-411f-9c49-4c7bc4e0619a in 653.8529 ms
2025-06-24 17:43:47 [main] INFO  c.fspann.api.ForwardSecureANNSystem - Insert complete for id=5f2a12bc-151e-4f55-985a-0a4cb2025ed0 in 655.5011 ms
2025-06-24 17:43:48 [main] INFO  c.fspann.api.ForwardSecureANNSystem - Insert complete for id=db080e3d-54d2-4bd4-8b03-682b6984c45e in 647.3512 ms
2025-06-24 17:43:49 [main] INFO  c.fspann.api.ForwardSecureANNSystem - Insert complete for id=cd3d58e3-6601-4d96-881d-cb2892aa6b4a in 669.4885 ms
2025-06-24 17:43:49 [main] INFO  c.fspann.api.ForwardSecureANNSystem - Insert complete for id=0517d269-e316-4250-9cb2-35bcd24eacfc in 642.5015 ms
2025-06-24 17:43:50 [main] INFO  c.fspann.api.ForwardSecureANNSystem - Insert complete for id=1758565a-42b3-4260-b541-81228c2597f2 in 649.0576 ms
2025-06-24 17:43:51 [main] INFO  c.fspann.api.ForwardSecureANNSystem - Insert complete for id=c285f3ec-6c70-4fe5-956f-c0245c4b46ba in 653.6788 ms
2025-06-24 17:43:51 [main] INFO  c.fspann.api.ForwardSecureANNSystem - Insert complete for id=7c76be91-6019-45d6-a6a8-6ceed93f77f4 in 659.2505 ms
2025-06-24 17:43:52 [main] INFO  c.fspann.api.ForwardSecureANNSystem - Insert complete for id=13b818d3-6741-417f-8dde-5c1c4300e8d6 in 649.8525 ms
2025-06-24 17:43:53 [main] INFO  c.fspann.api.ForwardSecureANNSystem - Insert complete for id=2bd8ce03-6d61-43c7-86fb-f6bb8e8fa433 in 665.907 ms
2025-06-24 17:43:53 [main] INFO  c.fspann.api.ForwardSecureANNSystem - Insert complete for id=b38a6c0b-63b6-4dd5-8ebf-d741b4ffddae in 662.9206 ms
2025-06-24 17:43:54 [main] INFO  c.fspann.api.ForwardSecureANNSystem - Insert complete for id=d9147fd8-c2d6-400c-af70-6b7ced707e3c in 664.8281 ms
2025-06-24 17:43:54 [main] INFO  c.fspann.api.ForwardSecureANNSystem - Insert complete for id=d06888cf-fcd9-4caa-95c5-30c6e7079c28 in 651.4685 ms
2025-06-24 17:43:55 [main] INFO  c.fspann.api.ForwardSecureANNSystem - Insert complete for id=1fff6551-f72a-4eb9-be3f-2b12f24061b7 in 660.2479 ms
2025-06-24 17:43:56 [main] INFO  c.fspann.api.ForwardSecureANNSystem - Insert complete for id=0c574412-ba71-45c9-b2cf-da8d8770c589 in 658.7571 ms
2025-06-24 17:43:56 [main] INFO  c.fspann.api.ForwardSecureANNSystem - Insert complete for id=74f533fe-d3d6-498d-a0de-06043bb5b0f0 in 660.2515 ms
2025-06-24 17:43:57 [main] INFO  c.fspann.api.ForwardSecureANNSystem - Insert complete for id=627380e9-b5bc-4bcc-b670-a5de1b00e22b in 655.1964 ms
2025-06-24 17:43:58 [main] INFO  c.fspann.api.ForwardSecureANNSystem - Insert complete for id=982cfe8c-3016-491b-aa33-c1ae1837f513 in 656.6655 ms
2025-06-24 17:43:58 [main] INFO  c.fspann.api.ForwardSecureANNSystem - Insert complete for id=52c2a590-f354-404c-9031-23c4336f8386 in 661.8134 ms
2025-06-24 17:43:59 [main] INFO  c.fspann.api.ForwardSecureANNSystem - Insert complete for id=8d9031fe-5e3a-456d-b31b-a442cc4ecf12 in 650.4592 ms
2025-06-24 17:44:00 [main] INFO  c.fspann.api.ForwardSecureANNSystem - Insert complete for id=3e45b6f5-2412-4f8b-a34b-86ecd1f65ef1 in 672.2509 ms
2025-06-24 17:44:00 [main] INFO  c.fspann.api.ForwardSecureANNSystem - Insert complete for id=3d38a335-48ed-4b56-8e71-6d5f84cbd6f8 in 664.6965 ms
2025-06-24 17:44:01 [main] INFO  c.fspann.api.ForwardSecureANNSystem - Insert complete for id=c15ae896-c9ea-4614-a9e0-57418125f039 in 652.1438 ms
2025-06-24 17:44:02 [main] INFO  c.fspann.api.ForwardSecureANNSystem - Insert complete for id=01362144-31d7-4ffe-809f-a491e9025ef8 in 650.7322 ms
2025-06-24 17:44:02 [main] INFO  c.fspann.api.ForwardSecureANNSystem - Insert complete for id=2f93ca4e-9c58-40c8-ab78-c73bc68ff4e2 in 654.0939 ms
2025-06-24 17:44:03 [main] INFO  c.fspann.api.ForwardSecureANNSystem - Insert complete for id=28b91056-d9b3-43bb-9336-41167e43d946 in 662.7475 ms
2025-06-24 17:44:04 [main] INFO  c.fspann.api.ForwardSecureANNSystem - Insert complete for id=80179193-07ff-4c64-8a61-4dfe5b61768b in 659.1341 ms
2025-06-24 17:44:04 [main] INFO  c.fspann.api.ForwardSecureANNSystem - Insert complete for id=6c399cba-8942-4916-becf-071bc9ca0eb6 in 649.435 ms
2025-06-24 17:44:05 [main] INFO  c.fspann.api.ForwardSecureANNSystem - Insert complete for id=af33cf7b-f13b-4bcf-967b-17f84ac5f9c0 in 649.5353 ms
2025-06-24 17:44:06 [main] INFO  c.fspann.api.ForwardSecureANNSystem - Insert complete for id=4dfc78cd-b864-4dc8-99ea-1023be17749e in 651.5723 ms
2025-06-24 17:44:06 [main] INFO  c.fspann.api.ForwardSecureANNSystem - Insert complete for id=431212bd-56f7-4a58-9cbe-bb12f8460ecb in 653.1987 ms
2025-06-24 17:44:07 [main] INFO  c.fspann.api.ForwardSecureANNSystem - Insert complete for id=6f1b45a9-65ff-431d-a06d-34d485ad1298 in 660.0966 ms
2025-06-24 17:44:08 [main] INFO  c.fspann.api.ForwardSecureANNSystem - Insert complete for id=c4e985a6-62cd-4c85-b7f4-63aa0387e149 in 653.151 ms
2025-06-24 17:44:08 [main] INFO  c.fspann.api.ForwardSecureANNSystem - Insert complete for id=f755dec0-8edb-414a-85cb-bfe3cf1a6e3c in 649.3364 ms
2025-06-24 17:44:09 [main] INFO  c.fspann.api.ForwardSecureANNSystem - Insert complete for id=2639e679-00b9-47e5-90a3-2a1ea5d83b61 in 654.0445 ms
2025-06-24 17:44:10 [main] INFO  c.fspann.api.ForwardSecureANNSystem - Insert complete for id=eb48c344-20dc-4597-9a00-42c3e3abd38c in 651.5404 ms
2025-06-24 17:44:10 [main] INFO  c.fspann.api.ForwardSecureANNSystem - Insert complete for id=9a1e2d05-041e-4979-a015-cd94d36d97b0 in 647.3532 ms
2025-06-24 17:44:11 [main] INFO  c.fspann.api.ForwardSecureANNSystem - Insert complete for id=d4dd4a2b-0aeb-418c-a195-b9d8c9b9a697 in 654.9348 ms
2025-06-24 17:44:12 [main] INFO  c.fspann.api.ForwardSecureANNSystem - Insert complete for id=7b653609-9478-4cc9-9da2-812acecbe961 in 660.2142 ms
2025-06-24 17:44:12 [main] INFO  c.fspann.api.ForwardSecureANNSystem - Insert complete for id=2f96f7e9-36c2-4ed9-8c62-71b40d00fdb1 in 656.1403 ms
2025-06-24 17:44:13 [main] INFO  c.fspann.api.ForwardSecureANNSystem - Insert complete for id=2eed08df-2402-4a9e-b2e8-a20a3022ab85 in 654.6445 ms
2025-06-24 17:44:14 [main] INFO  c.fspann.api.ForwardSecureANNSystem - Insert complete for id=e652af75-ce4c-4eff-bb5e-4e3666ac1c05 in 654.1801 ms
2025-06-24 17:44:14 [main] INFO  c.fspann.api.ForwardSecureANNSystem - Insert complete for id=a5f99b92-5635-42be-9197-605af1926dde in 642.192 ms
2025-06-24 17:44:15 [main] INFO  c.fspann.api.ForwardSecureANNSystem - Insert complete for id=e9366d90-1247-4535-b1b0-d416a1791989 in 660.2531 ms
2025-06-24 17:44:15 [main] INFO  c.fspann.api.ForwardSecureANNSystem - Insert complete for id=4b3c35cc-f414-4bfc-b357-48c46551a633 in 654.7458 ms
2025-06-24 17:44:16 [main] INFO  c.fspann.api.ForwardSecureANNSystem - Insert complete for id=080c01a3-c478-40d5-a30f-08684ad232e2 in 653.9548 ms
2025-06-24 17:44:17 [main] INFO  c.fspann.api.ForwardSecureANNSystem - Insert complete for id=5b96a328-c48e-42f7-87a9-2ea1d24205ac in 648.4684 ms
2025-06-24 17:44:17 [main] INFO  c.fspann.api.ForwardSecureANNSystem - Insert complete for id=d13ae18b-2808-4995-92dc-66ac641ee8ea in 654.4296 ms
2025-06-24 17:44:18 [main] INFO  c.fspann.api.ForwardSecureANNSystem - Insert complete for id=766ebc05-84e6-4d85-a5c3-3e0094724c2e in 648.2082 ms
2025-06-24 17:44:19 [main] INFO  c.fspann.api.ForwardSecureANNSystem - Insert complete for id=e40b6bf2-5dc2-4f09-bbb2-3e3af8c61529 in 652.6504 ms
2025-06-24 17:44:19 [main] INFO  c.fspann.api.ForwardSecureANNSystem - Insert complete for id=3a2d75ea-91cf-4b69-995d-e0b7f0e20359 in 655.7723 ms
2025-06-24 17:44:20 [main] INFO  c.fspann.api.ForwardSecureANNSystem - Insert complete for id=c900d348-e0cb-4797-9f26-67ab84267b02 in 660.6104 ms
2025-06-24 17:44:21 [main] INFO  c.fspann.api.ForwardSecureANNSystem - Insert complete for id=729cc2ad-3c57-4ad7-8dd1-0141375660e4 in 639.5721 ms
2025-06-24 17:44:21 [main] INFO  c.fspann.api.ForwardSecureANNSystem - Insert complete for id=d0ec1f41-d0b9-45d6-af78-bcc56624cd54 in 645.7674 ms
2025-06-24 17:44:22 [main] INFO  c.fspann.api.ForwardSecureANNSystem - Insert complete for id=c8eb3b00-80d4-41e5-9c82-d8059c1347ec in 647.7766 ms
2025-06-24 17:44:23 [main] INFO  c.fspann.api.ForwardSecureANNSystem - Insert complete for id=6aadd4f5-50a9-4077-aa60-15f757b61711 in 640.8169 ms
2025-06-24 17:44:23 [main] INFO  c.fspann.api.ForwardSecureANNSystem - Insert complete for id=67ab37d1-2edd-4506-a82e-7e4e96c4b435 in 656.015 ms
2025-06-24 17:44:24 [main] INFO  c.fspann.api.ForwardSecureANNSystem - Insert complete for id=8a31fcbf-39d1-4822-bbe1-15d916e8b3d9 in 657.5036 ms
2025-06-24 17:44:25 [main] INFO  c.fspann.api.ForwardSecureANNSystem - Insert complete for id=ab7add68-2e24-4e40-8d24-cba9dd9b74bc in 654.0076 ms
2025-06-24 17:44:25 [main] INFO  c.fspann.api.ForwardSecureANNSystem - Insert complete for id=6153563c-55c6-4dd2-8740-468b4b930cbf in 660.0151 ms
2025-06-24 17:44:26 [main] INFO  c.fspann.api.ForwardSecureANNSystem - Insert complete for id=91bd1c80-bad8-424d-aece-e32c2b3b27af in 656.9974 ms
2025-06-24 17:44:27 [main] INFO  c.fspann.api.ForwardSecureANNSystem - Insert complete for id=74453ac4-8fa3-4470-8f7a-8491a425a311 in 653.2594 ms
2025-06-24 17:44:27 [main] INFO  c.fspann.api.ForwardSecureANNSystem - Insert complete for id=59b895be-7402-4fc0-90c4-64764a5a356c in 643.5086 ms
2025-06-24 17:44:28 [main] INFO  c.fspann.api.ForwardSecureANNSystem - Insert complete for id=fa12fc19-4c1e-4583-8f35-301bef2477dc in 652.7447 ms
2025-06-24 17:44:29 [main] INFO  c.fspann.api.ForwardSecureANNSystem - Insert complete for id=e23bb291-2711-4c96-9807-7e1f9a8964a1 in 650.6073 ms
2025-06-24 17:44:29 [main] INFO  c.fspann.api.ForwardSecureANNSystem - Insert complete for id=94fba555-d7a3-41a5-9f62-a09472a07974 in 647.2425 ms
2025-06-24 17:44:30 [main] INFO  c.fspann.api.ForwardSecureANNSystem - Insert complete for id=a6662342-8172-4d93-ac91-cb72993eb744 in 651.7193 ms
2025-06-24 17:44:30 [main] INFO  c.fspann.api.ForwardSecureANNSystem - Insert complete for id=538756fb-a1c4-4e31-96fc-60d698e4ae85 in 644.489 ms
2025-06-24 17:44:31 [main] INFO  c.fspann.api.ForwardSecureANNSystem - Insert complete for id=d46cd4cd-2412-4fec-9660-bf7732f31895 in 650.6957 ms
2025-06-24 17:44:32 [main] INFO  c.fspann.api.ForwardSecureANNSystem - Insert complete for id=c5515e89-28a1-4618-a0a8-8bfa8e51c026 in 650.5425 ms
2025-06-24 17:44:32 [main] INFO  c.fspann.api.ForwardSecureANNSystem - Insert complete for id=55cfe59b-3f12-48e5-a6fc-28eb5cfe5147 in 650.4259 ms
2025-06-24 17:44:33 [main] INFO  c.fspann.api.ForwardSecureANNSystem - Insert complete for id=1855a70f-a77e-4ef9-ba7b-fa2322b637a5 in 652.5218 ms
2025-06-24 17:44:34 [main] INFO  c.fspann.api.ForwardSecureANNSystem - Insert complete for id=835dc1de-2978-4576-b048-5d802dbb45c4 in 654.379 ms
2025-06-24 17:44:34 [main] INFO  c.fspann.api.ForwardSecureANNSystem - Insert complete for id=e140f356-e0e1-47b6-9af4-ebda7b3dc582 in 651.6102 ms
2025-06-24 17:44:35 [main] INFO  c.fspann.api.ForwardSecureANNSystem - Insert complete for id=6be70ea0-36cb-45a6-bcb1-88b1613f3632 in 654.9723 ms
2025-06-24 17:44:36 [main] INFO  c.fspann.api.ForwardSecureANNSystem - Insert complete for id=d34ccd59-aae7-43aa-bdd6-dda9e6bb8748 in 648.3275 ms
2025-06-24 17:44:36 [main] INFO  c.fspann.api.ForwardSecureANNSystem - Insert complete for id=ac9fdc3a-5ab6-4298-9e4f-4b1aea22d1a0 in 650.6576 ms
2025-06-24 17:44:37 [main] INFO  c.fspann.api.ForwardSecureANNSystem - Insert complete for id=e82b451b-bd05-4c97-8586-106c2c0b40c4 in 653.8806 ms
2025-06-24 17:44:38 [main] INFO  c.fspann.api.ForwardSecureANNSystem - Insert complete for id=61372bdc-2d9a-4330-a56f-10cd64667881 in 653.5112 ms
2025-06-24 17:44:38 [main] INFO  c.fspann.api.ForwardSecureANNSystem - Insert complete for id=125c0007-e2fa-4baf-922c-0eb7eb5fc516 in 649.8074 ms
2025-06-24 17:44:39 [main] INFO  c.fspann.api.ForwardSecureANNSystem - Insert complete for id=03dfafa1-af01-45cd-a61b-f75ddf108273 in 648.4445 ms
2025-06-24 17:44:40 [main] INFO  c.fspann.api.ForwardSecureANNSystem - Insert complete for id=6342def7-c482-45f5-95de-4295e21da90f in 647.2815 ms
2025-06-24 17:44:40 [main] INFO  c.fspann.api.ForwardSecureANNSystem - Insert complete for id=e367a2a7-5904-4206-b028-d32862162209 in 655.129 ms
2025-06-24 17:44:41 [main] INFO  c.fspann.api.ForwardSecureANNSystem - Insert complete for id=18f36ffa-b15e-4e75-bde2-0087d46af0e7 in 651.2847 ms
2025-06-24 17:44:42 [main] INFO  c.fspann.api.ForwardSecureANNSystem - Insert complete for id=30e457eb-ebbc-4a43-8704-abf22f39bde2 in 660.9455 ms
2025-06-24 17:44:42 [main] INFO  c.fspann.api.ForwardSecureANNSystem - Insert complete for id=f9043e9d-9b02-4c58-8514-e5c87bb58a82 in 646.5831 ms
2025-06-24 17:44:43 [main] INFO  c.fspann.api.ForwardSecureANNSystem - Insert complete for id=55572f63-e591-4dc0-b1d9-95e890cf4817 in 653.85 ms
2025-06-24 17:44:43 [main] INFO  c.fspann.api.ForwardSecureANNSystem - Insert complete for id=cd7126bf-9721-4627-9c09-fed2336fe8ce in 659.5802 ms
2025-06-24 17:44:44 [main] INFO  c.fspann.api.ForwardSecureANNSystem - Insert complete for id=3c6c734e-64d9-427f-90c3-459e720e280f in 655.653 ms
2025-06-24 17:44:45 [main] INFO  c.fspann.api.ForwardSecureANNSystem - Insert complete for id=28d7e3ce-2543-4922-90e8-1aecc82ba784 in 648.6685 ms
2025-06-24 17:44:45 [main] INFO  c.fspann.api.ForwardSecureANNSystem - Insert complete for id=2d000dd4-a1a4-4a9f-a263-78580428d86f in 639.7193 ms
2025-06-24 17:44:46 [main] INFO  c.fspann.api.ForwardSecureANNSystem - Insert complete for id=17b2ae1d-e9f7-4a6c-88a6-257b438a8c71 in 643.4366 ms
2025-06-24 17:44:47 [main] INFO  c.fspann.api.ForwardSecureANNSystem - Insert complete for id=7b659a7e-8c07-4845-a860-198656087af4 in 643.3519 ms
2025-06-24 17:44:47 [main] INFO  c.fspann.api.ForwardSecureANNSystem - Insert complete for id=9b27f771-0059-499d-9dda-65b62018efec in 645.8936 ms
2025-06-24 17:44:48 [main] INFO  c.fspann.api.ForwardSecureANNSystem - Insert complete for id=70a18105-648a-40b6-ac3c-b6cf037557cf in 652.8412 ms
2025-06-24 17:44:49 [main] INFO  c.fspann.api.ForwardSecureANNSystem - Insert complete for id=f2f4fbbe-40d1-4452-af3c-7e41071022b4 in 650.4564 ms
2025-06-24 17:44:49 [main] INFO  c.fspann.api.ForwardSecureANNSystem - Insert complete for id=34eca5f7-194f-44a3-ab53-f3ded3ca5f2a in 658.3 ms
2025-06-24 17:44:50 [main] INFO  c.fspann.api.ForwardSecureANNSystem - Insert complete for id=6defafae-f5aa-4248-8263-cd7d145e2554 in 645.842 ms
2025-06-24 17:44:51 [main] INFO  c.fspann.api.ForwardSecureANNSystem - Insert complete for id=faa19470-15cf-4cb5-b973-9b7c3a1c7476 in 646.481 ms
2025-06-24 17:44:51 [main] INFO  c.fspann.api.ForwardSecureANNSystem - Insert complete for id=8588eafb-c5f1-4014-81d1-2f19b43cb950 in 647.9005 ms
2025-06-24 17:44:52 [main] INFO  c.fspann.api.ForwardSecureANNSystem - Insert complete for id=814c615d-4cda-4b83-9eca-936477b22319 in 660.1671 ms
2025-06-24 17:44:53 [main] INFO  c.fspann.api.ForwardSecureANNSystem - Insert complete for id=158bf3c5-738d-4e58-b6d8-4e91fa95f005 in 661.8593 ms
2025-06-24 17:44:53 [main] INFO  c.fspann.api.ForwardSecureANNSystem - Insert complete for id=ae31f872-2b8a-4eef-a2df-f14b98211fbc in 651.441 ms
2025-06-24 17:44:54 [main] INFO  c.fspann.api.ForwardSecureANNSystem - Insert complete for id=8ff2169a-48a4-452b-a5b6-ee2217dafd36 in 659.9766 ms
2025-06-24 17:44:55 [main] INFO  c.fspann.api.ForwardSecureANNSystem - Insert complete for id=4ffc7cb4-1d0d-4603-988a-4a3dff0379b1 in 654.1097 ms
2025-06-24 17:44:55 [main] INFO  c.fspann.api.ForwardSecureANNSystem - Insert complete for id=9ab07766-78e9-4565-9472-f081758d3970 in 645.2648 ms
2025-06-24 17:44:56 [main] INFO  c.fspann.api.ForwardSecureANNSystem - Insert complete for id=b2878cb9-d156-43b8-bba2-409af28d35b7 in 651.2054 ms
2025-06-24 17:44:57 [main] INFO  c.fspann.api.ForwardSecureANNSystem - Insert complete for id=258e76c4-9c33-412e-8bb3-43822bd09e0d in 657.8678 ms
2025-06-24 17:44:57 [main] INFO  c.fspann.api.ForwardSecureANNSystem - Insert complete for id=98584d27-5c88-49e6-b264-f446a94009ab in 647.8392 ms
2025-06-24 17:44:58 [main] INFO  c.fspann.api.ForwardSecureANNSystem - Insert complete for id=92552e88-b1a6-4105-9890-f285932c472d in 646.2 ms
2025-06-24 17:44:58 [main] INFO  c.fspann.api.ForwardSecureANNSystem - Insert complete for id=85dcb474-4c5a-4b92-a17e-e37ed6e5c186 in 647.6544 ms
2025-06-24 17:44:59 [main] INFO  c.fspann.api.ForwardSecureANNSystem - Insert complete for id=92acd160-0574-4164-9cad-fe934cda255f in 651.7252 ms
2025-06-24 17:45:00 [main] INFO  c.fspann.api.ForwardSecureANNSystem - Insert complete for id=b0b3ee42-03e0-435b-82c8-b5c18b112254 in 657.2067 ms
2025-06-24 17:45:00 [main] INFO  c.fspann.api.ForwardSecureANNSystem - Insert complete for id=346a3d78-f71e-4041-b014-5851ed2ab064 in 653.2653 ms
2025-06-24 17:45:01 [main] INFO  c.fspann.api.ForwardSecureANNSystem - Insert complete for id=eeb53613-a180-432a-a3b6-9eab587aea42 in 648.8952 ms
2025-06-24 17:45:02 [main] INFO  c.fspann.api.ForwardSecureANNSystem - Insert complete for id=b082574b-9f0e-4841-916e-b765860321fb in 659.6799 ms
2025-06-24 17:45:02 [main] INFO  c.fspann.api.ForwardSecureANNSystem - Insert complete for id=f1176716-0fca-4d11-8778-2fe3a69c57cf in 645.8304 ms
2025-06-24 17:45:03 [main] INFO  c.fspann.api.ForwardSecureANNSystem - Insert complete for id=a3268656-9c87-4e4a-8cab-7adef3e731a4 in 645.1797 ms
2025-06-24 17:45:04 [main] INFO  c.fspann.api.ForwardSecureANNSystem - Insert complete for id=44b9ef31-7f5d-47e7-b25b-7366f7427b2e in 653.5215 ms
2025-06-24 17:45:04 [main] INFO  c.fspann.api.ForwardSecureANNSystem - Insert complete for id=6eb4ae65-9508-47bf-98ba-5744b3cb5cb0 in 660.7084 ms
2025-06-24 17:45:05 [main] INFO  c.fspann.api.ForwardSecureANNSystem - Insert complete for id=1ca74cbc-3d91-4224-bc94-8c26a626bbd3 in 652.6353 ms
2025-06-24 17:45:06 [main] INFO  c.fspann.api.ForwardSecureANNSystem - Insert complete for id=fd5f9cac-7469-4955-a8d1-4d564523eee4 in 645.4336 ms
2025-06-24 17:45:06 [main] INFO  c.fspann.api.ForwardSecureANNSystem - Insert complete for id=1101a7b7-8bb4-490e-a465-48aa11a91a2c in 656.7701 ms
2025-06-24 17:45:07 [main] INFO  c.fspann.api.ForwardSecureANNSystem - Insert complete for id=07417ca4-1eae-44ac-9868-7578715a854e in 650.4416 ms
2025-06-24 17:45:08 [main] INFO  c.fspann.api.ForwardSecureANNSystem - Insert complete for id=2b91d131-75b0-4e9b-ba92-c026015e7436 in 650.2958 ms
2025-06-24 17:45:08 [main] INFO  c.fspann.api.ForwardSecureANNSystem - Insert complete for id=22b694d1-2b99-489b-a3a0-0bd3401ce801 in 655.2002 ms
2025-06-24 17:45:09 [main] INFO  c.fspann.api.ForwardSecureANNSystem - Insert complete for id=a17d9c00-23fa-4f2f-a6df-e05cb7a5f12a in 661.276 ms
2025-06-24 17:45:10 [main] INFO  c.fspann.api.ForwardSecureANNSystem - Insert complete for id=0843849a-6e61-4ab9-9b27-d45114cfb9ca in 655.5769 ms
2025-06-24 17:45:10 [main] INFO  c.fspann.api.ForwardSecureANNSystem - Insert complete for id=b8ea3dac-ee33-4648-bb28-0773a505ccd4 in 651.8168 ms
2025-06-24 17:45:11 [main] INFO  c.fspann.api.ForwardSecureANNSystem - Insert complete for id=f45043ea-b9ce-47d4-9dd8-11e1af5d5991 in 647.5622 ms
2025-06-24 17:45:12 [main] INFO  c.fspann.api.ForwardSecureANNSystem - Insert complete for id=f4d52492-a8d2-4754-8773-a9745a3a8225 in 651.6743 ms
2025-06-24 17:45:12 [main] INFO  c.fspann.api.ForwardSecureANNSystem - Insert complete for id=74d043e5-517a-4c4a-bcfa-118e803d9122 in 652.5706 ms
2025-06-24 17:45:13 [main] INFO  c.fspann.api.ForwardSecureANNSystem - Insert complete for id=9b894778-1491-49bc-a70c-a58f36069d8c in 658.7373 ms
2025-06-24 17:45:13 [main] INFO  c.fspann.api.ForwardSecureANNSystem - Insert complete for id=1478e885-929b-4d8d-be10-bf0a6174006a in 663.0193 ms
2025-06-24 17:45:14 [main] INFO  c.fspann.api.ForwardSecureANNSystem - Insert complete for id=ca77e7e8-2c82-4f44-8153-de9ab34c542f in 666.3091 ms
2025-06-24 17:45:15 [main] INFO  c.fspann.api.ForwardSecureANNSystem - Insert complete for id=8199aa58-9d78-46ea-83de-9da10e04087c in 667.9713 ms
2025-06-24 17:45:15 [main] INFO  c.fspann.api.ForwardSecureANNSystem - Insert complete for id=c3d2ebe9-bd2c-49e0-bfa6-81ef2b8057fc in 661.3422 ms
2025-06-24 17:45:16 [main] INFO  c.fspann.api.ForwardSecureANNSystem - Insert complete for id=9af88850-1efa-469a-bf9b-cd35b1a506fd in 669.2686 ms
2025-06-24 17:45:17 [main] INFO  c.fspann.api.ForwardSecureANNSystem - Insert complete for id=f64f3b6b-bb15-4965-84c9-ede2ac3ded3a in 724.8628 ms
2025-06-24 17:45:18 [main] INFO  c.fspann.api.ForwardSecureANNSystem - Insert complete for id=1b15d166-9c42-4866-a18a-1fe6748b656c in 732.1057 ms
2025-06-24 17:45:18 [main] INFO  c.fspann.api.ForwardSecureANNSystem - Insert complete for id=f331bf70-cc2a-42c9-bcce-eb22d5de5be5 in 741.511 ms
2025-06-24 17:45:19 [main] INFO  c.fspann.api.ForwardSecureANNSystem - Insert complete for id=3f039456-2979-4044-8a89-739a5e7d8815 in 686.2316 ms
2025-06-24 17:45:20 [main] INFO  c.fspann.api.ForwardSecureANNSystem - Insert complete for id=386a3cf4-502d-4526-826b-7915398b0ce2 in 660.5619 ms
2025-06-24 17:45:20 [main] INFO  c.fspann.api.ForwardSecureANNSystem - Insert complete for id=4dea36ed-52d2-4f7b-a099-99159b9b88e7 in 680.2595 ms
2025-06-24 17:45:21 [main] INFO  c.fspann.api.ForwardSecureANNSystem - Insert complete for id=3fdad450-8c63-4679-8594-73007d23dcca in 674.9016 ms
2025-06-24 17:45:22 [main] INFO  c.fspann.api.ForwardSecureANNSystem - Insert complete for id=d800ed71-a018-4929-94d6-6d53a1fb5547 in 837.167 ms
2025-06-24 17:45:23 [main] INFO  c.fspann.api.ForwardSecureANNSystem - Insert complete for id=5db1e6af-1247-4bf8-9aaf-f7923d55ad68 in 739.1078 ms
2025-06-24 17:45:23 [main] INFO  c.fspann.api.ForwardSecureANNSystem - Insert complete for id=a70143bf-b52e-456a-93c5-6dbb53e2dbb0 in 707.1255 ms
2025-06-24 17:45:24 [main] INFO  c.fspann.api.ForwardSecureANNSystem - Insert complete for id=652f8c08-d55b-4c97-9d99-85e6b235ab9f in 767.6678 ms
2025-06-24 17:45:25 [main] INFO  c.fspann.api.ForwardSecureANNSystem - Insert complete for id=c5c5ad97-a80b-461c-8cfa-e3a25423f738 in 689.3612 ms
2025-06-24 17:45:26 [main] INFO  c.fspann.api.ForwardSecureANNSystem - Insert complete for id=1570e2f7-e513-4f52-b363-3c232ab260eb in 715.2752 ms
2025-06-24 17:45:26 [main] INFO  c.fspann.api.ForwardSecureANNSystem - Insert complete for id=17c53cdd-4156-43ea-ac6f-197fb0500d74 in 679.7418 ms
2025-06-24 17:45:27 [main] INFO  c.fspann.api.ForwardSecureANNSystem - Insert complete for id=74d0e101-8aee-4cf0-b2da-a57aa7e3be02 in 682.0961 ms
2025-06-24 17:45:28 [main] INFO  c.fspann.api.ForwardSecureANNSystem - Insert complete for id=7eb712b1-6312-46cd-9ef3-5aace9246a7b in 697.7881 ms
2025-06-24 17:45:28 [main] INFO  c.fspann.api.ForwardSecureANNSystem - Insert complete for id=bf61de57-4062-4415-ae8e-46aea0a820cb in 698.1245 ms
2025-06-24 17:45:29 [main] INFO  c.fspann.api.ForwardSecureANNSystem - Insert complete for id=d43eccf7-2ab2-455b-a482-2109c901de9a in 772.4166 ms
2025-06-24 17:45:30 [main] INFO  c.fspann.api.ForwardSecureANNSystem - Insert complete for id=fe2a0cb3-e2d9-421e-a0dc-495f1aff7772 in 875.4246 ms
2025-06-24 17:45:31 [main] INFO  c.fspann.api.ForwardSecureANNSystem - Insert complete for id=5eabb531-f0eb-46c8-987b-9d56fd993249 in 920.3256 ms
2025-06-24 17:45:32 [main] INFO  c.fspann.api.ForwardSecureANNSystem - Insert complete for id=62c909e4-bbc1-4322-9271-e6551b252b0b in 841.4771 ms
2025-06-24 17:45:33 [main] INFO  c.fspann.api.ForwardSecureANNSystem - Insert complete for id=0feb6822-b24d-470a-b748-1bfe32d0a795 in 1024.1886 ms
2025-06-24 17:45:34 [main] INFO  c.fspann.api.ForwardSecureANNSystem - Insert complete for id=8cfd7ef4-ffa2-445a-b7ad-d859017c74b0 in 885.8694 ms
2025-06-24 17:45:34 [main] INFO  c.fspann.api.ForwardSecureANNSystem - Insert complete for id=08e8e828-e4a9-4246-89ac-ea02a256cb5f in 792.4357 ms
2025-06-24 17:45:35 [main] INFO  c.fspann.api.ForwardSecureANNSystem - Insert complete for id=2d688da0-c90e-4673-b4c2-67d58c043aa4 in 861.6307 ms
2025-06-24 17:45:36 [main] INFO  c.fspann.api.ForwardSecureANNSystem - Insert complete for id=a75dbe4d-bdc0-4ae6-a761-9be83b8c9e00 in 888.3558 ms
2025-06-24 17:45:37 [main] INFO  c.fspann.api.ForwardSecureANNSystem - Insert complete for id=736edd03-f596-497a-afed-09d4af8b9d56 in 916.7746 ms
2025-06-24 17:45:38 [main] INFO  c.fspann.api.ForwardSecureANNSystem - Insert complete for id=10ad3d20-2f75-4a93-a6ec-da92e049daf6 in 839.9813 ms
2025-06-24 17:45:39 [main] INFO  c.fspann.api.ForwardSecureANNSystem - Insert complete for id=ed7d5f73-fdca-434f-b609-49755f32bc18 in 807.4379 ms
2025-06-24 17:45:40 [main] INFO  c.fspann.api.ForwardSecureANNSystem - Insert complete for id=c2247bf2-0dc3-4e2c-a056-af7c831e73ec in 807.543 ms
2025-06-24 17:45:40 [main] INFO  c.fspann.api.ForwardSecureANNSystem - Insert complete for id=b910cb4d-6d7e-4e13-b894-8741c70d9934 in 851.7317 ms
2025-06-24 17:45:41 [main] INFO  c.fspann.api.ForwardSecureANNSystem - Insert complete for id=e3174b00-0e6d-40e0-bc35-ada29bf23197 in 870.9673 ms
2025-06-24 17:45:42 [main] INFO  c.fspann.api.ForwardSecureANNSystem - Insert complete for id=dd595111-5098-45a3-9cbf-e009a8dd4036 in 848.8485 ms
2025-06-24 17:45:43 [main] INFO  c.fspann.api.ForwardSecureANNSystem - Insert complete for id=39eec71a-e3a0-4621-b3ac-a8969243144b in 879.6914 ms
2025-06-24 17:45:44 [main] INFO  c.fspann.api.ForwardSecureANNSystem - Insert complete for id=4f098e7d-4dd8-4c1c-bb84-547c84fec9c2 in 887.5803 ms
2025-06-24 17:45:45 [main] INFO  c.fspann.api.ForwardSecureANNSystem - Insert complete for id=f111a976-5f3d-47b2-8394-5e83c08ba542 in 826.8431 ms
2025-06-24 17:45:45 [main] INFO  c.fspann.api.ForwardSecureANNSystem - Insert complete for id=364cc37d-2bb9-4d87-a1a6-a941032aeda7 in 811.1258 ms
2025-06-24 17:45:46 [main] INFO  c.fspann.api.ForwardSecureANNSystem - Insert complete for id=0c787993-8395-4371-a3a6-9f3de494fbfe in 915.5534 ms
2025-06-24 17:45:47 [main] INFO  c.fspann.api.ForwardSecureANNSystem - Insert complete for id=d04efa30-2bdf-4ea5-84fe-578d44a0748e in 919.6348 ms
2025-06-24 17:45:48 [main] INFO  c.fspann.api.ForwardSecureANNSystem - Insert complete for id=2b7c9748-c905-4d71-9514-1f34f668cdea in 858.2054 ms
2025-06-24 17:45:49 [main] INFO  c.fspann.api.ForwardSecureANNSystem - Insert complete for id=92f67105-2462-457f-b74d-228de7575fad in 816.9752 ms
2025-06-24 17:45:50 [main] INFO  c.fspann.api.ForwardSecureANNSystem - Insert complete for id=325bec49-7596-408a-8431-f28bb9be0aea in 742.0948 ms
2025-06-24 17:45:51 [main] INFO  c.fspann.api.ForwardSecureANNSystem - Insert complete for id=002ddc54-86df-456b-a42c-5b53e12d1b67 in 821.3474 ms
2025-06-24 17:45:51 [main] INFO  c.fspann.api.ForwardSecureANNSystem - Insert complete for id=65f591b7-e148-4cab-8a3c-044883288ea9 in 862.7449 ms
2025-06-24 17:45:52 [main] INFO  c.fspann.api.ForwardSecureANNSystem - Insert complete for id=315576fc-061f-4193-b91f-a4bd64994e7c in 898.5222 ms
2025-06-24 17:45:53 [main] INFO  c.fspann.api.ForwardSecureANNSystem - Insert complete for id=b39e57fb-440e-49e6-af35-d2c71f8840ab in 873.0944 ms
2025-06-24 17:45:54 [main] INFO  c.fspann.api.ForwardSecureANNSystem - Insert complete for id=2d84c7e9-3c7b-431c-90d0-fa53a916ff6b in 855.1165 ms
2025-06-24 17:45:55 [main] INFO  c.fspann.api.ForwardSecureANNSystem - Insert complete for id=9aa04449-e25a-4dbf-80b9-44da5d0cc457 in 978.7816 ms
2025-06-24 17:45:56 [main] INFO  c.fspann.api.ForwardSecureANNSystem - Insert complete for id=08661366-8062-4147-ab94-0516df6f87ec in 836.3467 ms
2025-06-24 17:45:57 [main] INFO  c.fspann.api.ForwardSecureANNSystem - Insert complete for id=aec60829-8fd7-401c-8a76-97395f0dd5f1 in 900.5358 ms
2025-06-24 17:45:58 [main] INFO  c.fspann.api.ForwardSecureANNSystem - Insert complete for id=8e8a50d2-3c46-4a55-917a-8a524f0e8b26 in 866.6817 ms
2025-06-24 17:45:58 [main] INFO  c.fspann.api.ForwardSecureANNSystem - Insert complete for id=510b6685-32cf-45b9-8198-a8357062ede5 in 829.0736 ms
2025-06-24 17:46:00 [main] INFO  c.fspann.api.ForwardSecureANNSystem - Insert complete for id=224b6d30-aa67-4ed9-9910-054d9d7a8b5a in 1060.0213 ms
2025-06-24 17:46:01 [main] INFO  c.fspann.api.ForwardSecureANNSystem - Insert complete for id=2859ff57-9199-4394-9757-ad705dbc7052 in 987.3537 ms
2025-06-24 17:46:01 [main] INFO  c.fspann.api.ForwardSecureANNSystem - Insert complete for id=af13da58-1e2d-440d-a047-45ddbdcc97e7 in 880.1162 ms
2025-06-24 17:46:02 [main] INFO  c.fspann.api.ForwardSecureANNSystem - Insert complete for id=7e7794a5-e1aa-462b-ba17-affec3327808 in 953.1 ms
2025-06-24 17:46:03 [main] INFO  c.fspann.api.ForwardSecureANNSystem - Insert complete for id=dd925989-4375-4009-bfa2-a8b1b62ff69b in 838.5498 ms
2025-06-24 17:46:04 [main] INFO  c.fspann.api.ForwardSecureANNSystem - Insert complete for id=2b631161-7c08-449c-bd61-6476823dbfbd in 1059.459 ms
2025-06-24 17:46:05 [main] INFO  c.fspann.api.ForwardSecureANNSystem - Insert complete for id=2f96343a-58f3-4ee2-8323-8a71543ad732 in 975.7203 ms
2025-06-24 17:46:06 [main] INFO  c.fspann.api.ForwardSecureANNSystem - Insert complete for id=fc9d213b-8576-4134-8e98-c445c40888af in 899.9855 ms
2025-06-24 17:46:07 [main] INFO  c.fspann.api.ForwardSecureANNSystem - Insert complete for id=e503d426-0264-4ca6-9f7a-47b4da153af6 in 899.0133 ms
2025-06-24 17:46:08 [main] INFO  c.fspann.api.ForwardSecureANNSystem - Insert complete for id=f93c9dce-5814-4f9d-b53c-4ccd8e859e0b in 919.9543 ms
2025-06-24 17:46:09 [main] INFO  c.fspann.api.ForwardSecureANNSystem - Insert complete for id=a472097b-f9fa-4f2d-b421-06f8b2e899a6 in 929.6292 ms
2025-06-24 17:46:10 [main] INFO  c.fspann.api.ForwardSecureANNSystem - Insert complete for id=43e74292-d484-4cfe-b112-2dd9fafc0a35 in 874.8416 ms
2025-06-24 17:46:11 [main] INFO  c.fspann.api.ForwardSecureANNSystem - Insert complete for id=486a5345-4872-4ac2-8b08-035b421d748f in 977.1549 ms
2025-06-24 17:46:12 [main] INFO  c.fspann.api.ForwardSecureANNSystem - Insert complete for id=68dee844-fdbf-4e5c-a568-f127eff6fe90 in 847.8707 ms
2025-06-24 17:46:12 [main] INFO  c.fspann.api.ForwardSecureANNSystem - Insert complete for id=5e45fbbb-47cf-4ac8-9b79-da9f9027e869 in 879.9232 ms
2025-06-24 17:46:13 [main] INFO  c.fspann.api.ForwardSecureANNSystem - Insert complete for id=4ceb5691-ca41-4868-89c9-35f4e44ca8e4 in 871.357 ms
2025-06-24 17:46:14 [main] INFO  c.fspann.api.ForwardSecureANNSystem - Insert complete for id=d203885d-cbe7-4fd1-ae57-6d30a8dabe79 in 914.4191 ms
2025-06-24 17:46:15 [main] INFO  c.fspann.api.ForwardSecureANNSystem - Insert complete for id=cd8ef2fe-f1ef-485e-9f77-c152660aa82b in 906.9892 ms
2025-06-24 17:46:16 [main] INFO  c.fspann.api.ForwardSecureANNSystem - Insert complete for id=5e5e902d-1151-4ac1-b107-08f8c7d399e7 in 913.1467 ms
2025-06-24 17:46:17 [main] INFO  c.fspann.api.ForwardSecureANNSystem - Insert complete for id=4ac6191c-d0ee-4832-bf51-e9654fc3e9f0 in 943.4566 ms
2025-06-24 17:46:18 [main] INFO  c.fspann.api.ForwardSecureANNSystem - Insert complete for id=9f910f5e-24c9-4877-9ca1-28aca50bb222 in 834.7561 ms
2025-06-24 17:46:19 [main] INFO  c.fspann.api.ForwardSecureANNSystem - Insert complete for id=5ac81295-6dca-43d8-984c-e828475abcfd in 815.8984 ms
2025-06-24 17:46:19 [main] INFO  c.fspann.api.ForwardSecureANNSystem - Insert complete for id=8a07adf1-3c33-448d-829f-c41e30585251 in 851.2087 ms
2025-06-24 17:46:20 [main] INFO  c.fspann.api.ForwardSecureANNSystem - Insert complete for id=3d186f51-5df8-483c-840b-53f267ea454c in 826.3008 ms
2025-06-24 17:46:21 [main] INFO  c.fspann.api.ForwardSecureANNSystem - Insert complete for id=df741dc3-d8c3-44ac-890f-c58983f0b2a8 in 920.4331 ms
2025-06-24 17:46:22 [main] INFO  c.fspann.api.ForwardSecureANNSystem - Insert complete for id=8bc5415d-fa6a-4367-9b81-e1dfc0151451 in 853.5719 ms
2025-06-24 17:46:23 [main] INFO  c.fspann.api.ForwardSecureANNSystem - Insert complete for id=fe1bc48d-b6a9-4aa9-af4b-0351b5a257cb in 757.3181 ms
2025-06-24 17:46:24 [main] INFO  c.fspann.api.ForwardSecureANNSystem - Insert complete for id=ef347533-a384-4168-8ab9-5a30fe5792cd in 854.2654 ms
2025-06-24 17:46:25 [main] INFO  c.fspann.api.ForwardSecureANNSystem - Insert complete for id=9d596efb-6418-445c-81e0-4087a6fa0cf4 in 868.2418 ms
2025-06-24 17:46:25 [main] INFO  c.fspann.api.ForwardSecureANNSystem - Insert complete for id=26ad06f4-fbbe-4604-8a57-f0473ccc9519 in 829.4351 ms
2025-06-24 17:46:27 [main] INFO  c.fspann.api.ForwardSecureANNSystem - Insert complete for id=53d5475b-a967-44fd-9b87-dbfd73658fed in 1099.2536 ms
2025-06-24 17:46:27 [main] INFO  c.fspann.api.ForwardSecureANNSystem - Insert complete for id=d71ae1fd-123f-41ea-81d8-db3fc4bd5793 in 966.6847 ms
2025-06-24 17:46:28 [main] INFO  c.fspann.api.ForwardSecureANNSystem - Insert complete for id=90c6e423-84bd-4bed-96c0-e1c288e73a20 in 959.1198 ms
2025-06-24 17:46:29 [main] INFO  c.fspann.api.ForwardSecureANNSystem - Insert complete for id=e1d139e8-5652-4ca6-ac15-149bba35d823 in 812.581 ms
2025-06-24 17:46:30 [main] INFO  c.fspann.api.ForwardSecureANNSystem - Insert complete for id=ae671ac1-f0ff-4471-8032-96111a18f77c in 888.6663 ms
2025-06-24 17:46:31 [main] INFO  c.fspann.api.ForwardSecureANNSystem - Insert complete for id=537e126d-6360-4b37-83ec-0faeff19ef4c in 939.3053 ms
2025-06-24 17:46:32 [main] INFO  c.fspann.api.ForwardSecureANNSystem - Insert complete for id=4fe819b2-6e3d-45d1-90cb-6399b489fd94 in 928.2956 ms
2025-06-24 17:46:33 [main] INFO  c.fspann.api.ForwardSecureANNSystem - Insert complete for id=6bc2f821-0651-4d25-86a9-1a8b9799c40c in 953.9234 ms
2025-06-24 17:46:34 [main] INFO  c.fspann.api.ForwardSecureANNSystem - Insert complete for id=f761812b-27b1-469c-8a82-91dfba36ed15 in 845.7362 ms
2025-06-24 17:46:35 [main] INFO  c.fspann.api.ForwardSecureANNSystem - Insert complete for id=c7d3c182-f271-45e3-8047-f3063d208297 in 882.4025 ms
2025-06-24 17:46:36 [main] INFO  c.fspann.api.ForwardSecureANNSystem - Insert complete for id=654fe879-99aa-4af6-87be-a23610b11b4a in 919.7772 ms
2025-06-24 17:46:36 [main] INFO  c.fspann.api.ForwardSecureANNSystem - Insert complete for id=1d9cf953-1c6e-425b-80a0-392983bf9962 in 867.4397 ms
2025-06-24 17:46:37 [main] INFO  c.fspann.api.ForwardSecureANNSystem - Insert complete for id=1725d8ba-7640-4eb8-8dc3-71ac5cea0303 in 852.7423 ms
2025-06-24 17:46:38 [main] INFO  c.fspann.api.ForwardSecureANNSystem - Insert complete for id=8c8ef513-d01b-4df4-922e-282795727cf6 in 894.4534 ms
2025-06-24 17:46:39 [main] INFO  c.fspann.api.ForwardSecureANNSystem - Insert complete for id=88f9fd76-3f31-4970-be68-d941250f3ab1 in 858.9576 ms
2025-06-24 17:46:40 [main] INFO  c.fspann.api.ForwardSecureANNSystem - Insert complete for id=ddf893a7-e2cb-43d3-9260-c61a7c3a21a4 in 901.3663 ms
2025-06-24 17:46:41 [main] INFO  c.fspann.api.ForwardSecureANNSystem - Insert complete for id=1e0effaf-c14f-4975-b1d4-31afb8b4e8d5 in 795.5737 ms
2025-06-24 17:46:42 [main] INFO  c.fspann.api.ForwardSecureANNSystem - Insert complete for id=3ce81dfb-cd7a-4dfb-8d0c-2236e4a7beb9 in 827.4007 ms
2025-06-24 17:46:42 [main] INFO  c.fspann.api.ForwardSecureANNSystem - Insert complete for id=584b8182-7277-4bee-9449-abfd935d4a55 in 827.9535 ms
2025-06-24 17:46:43 [main] INFO  c.fspann.api.ForwardSecureANNSystem - Insert complete for id=0a2dd509-a272-486c-bb1e-584ca00ce0f2 in 837.5065 ms
2025-06-24 17:46:44 [main] INFO  c.fspann.api.ForwardSecureANNSystem - Insert complete for id=e5e3d19d-8378-4942-a71f-59f86273e363 in 811.4283 ms
2025-06-24 17:46:45 [main] INFO  c.fspann.api.ForwardSecureANNSystem - Insert complete for id=ef590dcb-8243-4e6b-9169-9db1b1316e26 in 809.5934 ms
2025-06-24 17:46:46 [main] INFO  c.fspann.api.ForwardSecureANNSystem - Insert complete for id=146379dc-eb6e-4282-9704-c387c7a78790 in 834.2034 ms
2025-06-24 17:46:47 [main] INFO  c.fspann.api.ForwardSecureANNSystem - Insert complete for id=590335aa-2471-4450-846a-1bbbe6f7e8c2 in 827.3476 ms
2025-06-24 17:46:48 [main] INFO  c.fspann.api.ForwardSecureANNSystem - Insert complete for id=05c7494a-712a-46d2-a5e4-28770ac7b731 in 1001.4877 ms
2025-06-24 17:46:48 [main] INFO  c.fspann.api.ForwardSecureANNSystem - Insert complete for id=98870009-77ad-4fab-937a-f9c2be162dec in 830.6531 ms
2025-06-24 17:46:49 [main] INFO  c.fspann.api.ForwardSecureANNSystem - Insert complete for id=4e2b4638-50b0-4c59-9fb1-66f1c73338a9 in 917.2332 ms
2025-06-24 17:46:50 [main] INFO  c.fspann.api.ForwardSecureANNSystem - Insert complete for id=614e6385-796e-4bb8-be44-ebffc16ae1b5 in 911.9951 ms
2025-06-24 17:46:51 [main] INFO  c.fspann.api.ForwardSecureANNSystem - Insert complete for id=4bf7f001-745f-4d9a-8ac0-2b594ae98621 in 895.7375 ms
2025-06-24 17:46:52 [main] INFO  c.fspann.api.ForwardSecureANNSystem - Insert complete for id=8bbf747c-e7fe-41bd-977f-f16f4e39597f in 869.8183 ms
2025-06-24 17:46:53 [main] INFO  c.fspann.api.ForwardSecureANNSystem - Insert complete for id=358e6ee0-357d-4b2a-90fa-2d8970b9b3e0 in 857.1385 ms
2025-06-24 17:46:54 [main] INFO  c.fspann.api.ForwardSecureANNSystem - Insert complete for id=2258d400-3810-4990-ae52-cc21244f5a11 in 834.4865 ms
2025-06-24 17:46:55 [main] INFO  c.fspann.api.ForwardSecureANNSystem - Insert complete for id=82d10f3a-1868-4ced-b6d8-6d82a2f4f3d8 in 866.3238 ms
2025-06-24 17:46:55 [main] INFO  c.fspann.api.ForwardSecureANNSystem - Insert complete for id=90e993af-12be-4b1c-821e-d18742d3808a in 838.0549 ms
2025-06-24 17:46:56 [main] INFO  c.fspann.api.ForwardSecureANNSystem - Insert complete for id=9793faf2-c401-4b5b-9f89-8f616f844b1a in 859.7776 ms
2025-06-24 17:46:57 [main] INFO  c.fspann.api.ForwardSecureANNSystem - Insert complete for id=6b02f29d-72f3-4676-b2bb-edbfca58a59f in 852.1503 ms
2025-06-24 17:46:58 [main] INFO  c.fspann.api.ForwardSecureANNSystem - Insert complete for id=a1f7be1d-624e-485d-8b44-b8c883572f7b in 851.246 ms
2025-06-24 17:46:59 [main] INFO  c.fspann.api.ForwardSecureANNSystem - Insert complete for id=5c5008c2-f8f5-43e1-9e82-86d6ca375601 in 846.9998 ms
2025-06-24 17:47:00 [main] INFO  c.fspann.api.ForwardSecureANNSystem - Insert complete for id=a75c209d-d439-4630-8c50-e1f3294a9662 in 829.4294 ms
2025-06-24 17:47:01 [main] INFO  c.fspann.api.ForwardSecureANNSystem - Insert complete for id=7ae04990-f564-4d07-8336-936d843c9256 in 890.8803 ms
2025-06-24 17:47:01 [main] INFO  c.fspann.api.ForwardSecureANNSystem - Insert complete for id=14410159-5eaa-4792-b1b1-d3b8129ce91b in 838.4475 ms
2025-06-24 17:47:02 [main] INFO  c.fspann.api.ForwardSecureANNSystem - Insert complete for id=11a00d5f-9cd2-4646-ae06-65a6666034cf in 865.4986 ms
2025-06-24 17:47:03 [main] INFO  c.fspann.api.ForwardSecureANNSystem - Insert complete for id=4fb2cd61-f92d-4138-8238-25d5c34bf4e4 in 890.8927 ms
2025-06-24 17:47:04 [main] INFO  c.fspann.api.ForwardSecureANNSystem - Insert complete for id=049f854d-d1cf-4ecf-88fd-368637a64ee4 in 830.1876 ms
2025-06-24 17:47:05 [main] INFO  c.fspann.api.ForwardSecureANNSystem - Insert complete for id=713cb364-7450-43da-bdb6-76621b78fb88 in 807.4893 ms
2025-06-24 17:47:06 [main] INFO  c.fspann.api.ForwardSecureANNSystem - Insert complete for id=1880046c-5249-4910-96a1-9fa0c53251ce in 813.1326 ms
2025-06-24 17:47:06 [main] INFO  c.fspann.api.ForwardSecureANNSystem - Insert complete for id=818bf2f3-711f-452f-8209-ce2a3297c436 in 841.4354 ms
2025-06-24 17:47:07 [main] INFO  c.fspann.api.ForwardSecureANNSystem - Insert complete for id=1279fc89-5d95-4279-98bf-4b332521fb29 in 831.142 ms
2025-06-24 17:47:08 [main] INFO  c.fspann.api.ForwardSecureANNSystem - Insert complete for id=0fd87ccc-1095-4fd7-9d18-faaf91f2d897 in 847.7515 ms
2025-06-24 17:47:09 [main] INFO  c.fspann.api.ForwardSecureANNSystem - Insert complete for id=0d9b59ef-e5f9-4223-b4e3-432fdd5d5917 in 840.5348 ms
2025-06-24 17:47:10 [main] INFO  c.fspann.api.ForwardSecureANNSystem - Insert complete for id=7df58d5d-8025-4b3c-9090-38de834e9381 in 838.5786 ms
2025-06-24 17:47:11 [main] INFO  c.fspann.api.ForwardSecureANNSystem - Insert complete for id=d93fe1d2-c55c-418e-be52-4a5028405bd4 in 955.5579 ms
2025-06-24 17:47:12 [main] INFO  c.fspann.api.ForwardSecureANNSystem - Insert complete for id=372c56dc-f9b0-4cbf-a1a5-597c464f5ffe in 859.5694 ms
2025-06-24 17:47:12 [main] INFO  c.fspann.api.ForwardSecureANNSystem - Insert complete for id=6c5d1ff6-5df4-45d4-b0d8-44073039a98d in 836.907 ms
2025-06-24 17:47:13 [main] INFO  c.fspann.api.ForwardSecureANNSystem - Insert complete for id=a31dea49-4e72-4a7a-9923-525a38fb71f2 in 855.8094 ms
2025-06-24 17:47:14 [main] INFO  c.fspann.api.ForwardSecureANNSystem - Insert complete for id=deb91ad3-0ca0-4c6d-8766-80190e2ddab6 in 845.8551 ms
2025-06-24 17:47:15 [main] INFO  c.fspann.api.ForwardSecureANNSystem - Insert complete for id=35110a42-b9d3-4d00-9b19-bd61d3c1c1f3 in 900.9828 ms
2025-06-24 17:47:16 [main] INFO  c.fspann.api.ForwardSecureANNSystem - Insert complete for id=52e58110-88ac-4dce-94e4-e3bfeaeae691 in 844.2744 ms
2025-06-24 17:47:17 [main] INFO  c.fspann.api.ForwardSecureANNSystem - Insert complete for id=e7ca094f-104e-41b9-a7cf-0771b9daa331 in 858.7568 ms
2025-06-24 17:47:18 [main] INFO  c.fspann.api.ForwardSecureANNSystem - Insert complete for id=93b596cd-79c1-4f06-aa98-e0244c85b073 in 888.1244 ms
2025-06-24 17:47:19 [main] INFO  c.fspann.api.ForwardSecureANNSystem - Insert complete for id=d7a866cd-7e1c-4363-90d3-145c66f152c7 in 909.8884 ms
2025-06-24 17:47:19 [main] INFO  c.fspann.api.ForwardSecureANNSystem - Insert complete for id=4527934c-7141-4525-ba21-d500ab941d9d in 910.4188 ms
2025-06-24 17:47:20 [main] INFO  c.fspann.api.ForwardSecureANNSystem - Insert complete for id=7020dde9-cad6-4b17-9e23-86128047cb71 in 884.4319 ms
2025-06-24 17:47:21 [main] INFO  c.fspann.api.ForwardSecureANNSystem - Insert complete for id=a06c84e3-c342-46ba-b1ad-6cab5e24f330 in 867.9585 ms
2025-06-24 17:47:22 [main] INFO  c.fspann.api.ForwardSecureANNSystem - Insert complete for id=10369b1a-5292-4f4b-a44d-a7c2349ca5e0 in 797.4685 ms
2025-06-24 17:47:23 [main] INFO  c.fspann.api.ForwardSecureANNSystem - Insert complete for id=ff254375-b87c-4a30-9cf0-969d20dddeb2 in 938.193 ms
2025-06-24 17:47:24 [main] INFO  c.fspann.api.ForwardSecureANNSystem - Insert complete for id=1c93e543-688b-4676-b7e7-78b75a7170d1 in 922.404 ms
2025-06-24 17:47:25 [main] INFO  c.fspann.api.ForwardSecureANNSystem - Insert complete for id=4db1e95d-58cf-4730-b1f7-8c28928db773 in 864.0315 ms
2025-06-24 17:47:26 [main] INFO  c.fspann.api.ForwardSecureANNSystem - Insert complete for id=17f44ac7-8988-40a2-bc77-c2d73cef94f7 in 820.8066 ms
2025-06-24 17:47:26 [main] INFO  c.fspann.api.ForwardSecureANNSystem - Insert complete for id=c9095346-490c-4ad6-b273-4d392a9e7dbb in 831.6394 ms
2025-06-24 17:47:27 [main] INFO  c.fspann.api.ForwardSecureANNSystem - Insert complete for id=aff111cf-5332-45b8-8039-baa146b01d50 in 872.2277 ms
2025-06-24 17:47:28 [main] INFO  c.fspann.api.ForwardSecureANNSystem - Insert complete for id=8873d5f5-c89f-4124-b411-aa449b2d7c1c in 850.1788 ms
2025-06-24 17:47:29 [main] INFO  c.fspann.api.ForwardSecureANNSystem - Insert complete for id=487a2ac3-b337-420b-a903-c44b3b5558a8 in 813.3561 ms
2025-06-24 17:47:30 [main] INFO  c.fspann.api.ForwardSecureANNSystem - Insert complete for id=d4d1457c-62c1-46ab-aff7-b4493c24a00a in 942.0676 ms
2025-06-24 17:47:31 [main] INFO  c.fspann.api.ForwardSecureANNSystem - Insert complete for id=63df1a65-9bdb-4556-a8c5-c1c2a36e03c2 in 903.6387 ms
2025-06-24 17:47:32 [main] INFO  c.fspann.api.ForwardSecureANNSystem - Insert complete for id=45b20a20-825c-452d-92ca-a28af0352999 in 870.2905 ms
2025-06-24 17:47:33 [main] INFO  c.fspann.api.ForwardSecureANNSystem - Insert complete for id=135eee33-c28d-4193-a60a-590bc35f5ff9 in 947.6614 ms
2025-06-24 17:47:33 [main] INFO  c.fspann.api.ForwardSecureANNSystem - Insert complete for id=044614df-3dcc-4eee-af37-fc72615ef238 in 837.9926 ms
2025-06-24 17:47:34 [main] INFO  c.fspann.api.ForwardSecureANNSystem - Insert complete for id=3655ad4c-3fa2-4d1e-a99a-b5b884561b4a in 861.5759 ms
2025-06-24 17:47:35 [main] INFO  c.fspann.api.ForwardSecureANNSystem - Insert complete for id=b9506efa-93eb-4465-a966-0e8a30c93bcd in 821.4441 ms
2025-06-24 17:47:36 [main] INFO  c.fspann.api.ForwardSecureANNSystem - Insert complete for id=d7825474-1a25-4a90-97e2-d9ee3230200e in 803.6728 ms
2025-06-24 17:47:37 [main] INFO  c.fspann.api.ForwardSecureANNSystem - Insert complete for id=8e779617-e0e0-4037-9f16-5d5643e3941e in 840.3803 ms
2025-06-24 17:47:38 [main] INFO  c.fspann.api.ForwardSecureANNSystem - Insert complete for id=ad204d9d-ffe8-4066-a6f9-aeaa347e4064 in 920.5758 ms
2025-06-24 17:47:38 [main] INFO  c.fspann.api.ForwardSecureANNSystem - Insert complete for id=412d0f4f-1d4d-4cc4-ab75-2d50eaa04370 in 808.9809 ms
2025-06-24 17:47:39 [main] INFO  c.fspann.api.ForwardSecureANNSystem - Insert complete for id=41fdb816-a9b1-417e-97b2-08cc725e9827 in 820.5676 ms
2025-06-24 17:47:40 [main] INFO  c.fspann.api.ForwardSecureANNSystem - Insert complete for id=869e8fc1-64dc-45b7-9c0b-eb26d932f683 in 851.9437 ms
2025-06-24 17:47:41 [main] INFO  c.fspann.api.ForwardSecureANNSystem - Insert complete for id=5278d5c7-fac7-490f-98a2-bc511929cecd in 867.5102 ms
2025-06-24 17:47:42 [main] INFO  c.fspann.api.ForwardSecureANNSystem - Insert complete for id=c8a890f2-dadf-4106-ba5f-feadd537f3a2 in 880.7221 ms
2025-06-24 17:47:43 [main] INFO  c.fspann.api.ForwardSecureANNSystem - Insert complete for id=13dc207c-b862-4779-9f8c-233eb37b8b7b in 783.4253 ms
2025-06-24 17:47:43 [main] INFO  c.fspann.api.ForwardSecureANNSystem - Insert complete for id=f61ef553-4de5-4078-b589-c919bddf1521 in 825.855 ms
2025-06-24 17:47:44 [main] INFO  c.fspann.api.ForwardSecureANNSystem - Insert complete for id=119f352a-cf77-4ffd-80aa-69f37a1d2f0f in 914.1553 ms
2025-06-24 17:47:45 [main] INFO  c.fspann.api.ForwardSecureANNSystem - Insert complete for id=5ca64e08-e63a-480b-82b6-1aed3913a8dd in 800.4043 ms
2025-06-24 17:47:46 [main] INFO  c.fspann.api.ForwardSecureANNSystem - Insert complete for id=6515e7c8-383f-4dde-aa5f-dc0f166f9dd9 in 850.5104 ms
2025-06-24 17:47:47 [main] INFO  c.fspann.api.ForwardSecureANNSystem - Insert complete for id=c0460dd6-39ff-4481-bb15-71431aaf3936 in 822.6094 ms
2025-06-24 17:47:48 [main] INFO  c.fspann.api.ForwardSecureANNSystem - Insert complete for id=baa412b9-d05a-48e7-91d5-22027d81920a in 932.7006 ms
2025-06-24 17:47:49 [main] INFO  c.fspann.api.ForwardSecureANNSystem - Insert complete for id=c5f0314f-7431-432a-ab4d-bfffcc69692c in 883.7231 ms
2025-06-24 17:47:49 [main] INFO  c.fspann.api.ForwardSecureANNSystem - Insert complete for id=640f0e27-f954-4a12-8923-218779cbcaf4 in 795.6902 ms
2025-06-24 17:47:50 [main] INFO  c.fspann.api.ForwardSecureANNSystem - Insert complete for id=86ed0537-c727-4337-b95a-4f8ac8a0f266 in 903.1414 ms
2025-06-24 17:47:51 [main] INFO  c.fspann.api.ForwardSecureANNSystem - Insert complete for id=4882ad59-1bed-4355-98c8-ee7243587b16 in 855.2545 ms
2025-06-24 17:47:52 [main] INFO  c.fspann.api.ForwardSecureANNSystem - Insert complete for id=1c4f0e5c-733d-416b-a58a-913dab5cd7af in 819.4443 ms
2025-06-24 17:47:53 [main] INFO  c.fspann.api.ForwardSecureANNSystem - Insert complete for id=8ffb9b1c-2440-49bf-b60c-6658fb50e4aa in 907.4507 ms
2025-06-24 17:47:54 [main] INFO  c.fspann.api.ForwardSecureANNSystem - Insert complete for id=512ac09b-1da1-48c8-a00d-2d9f97604447 in 855.7329 ms
2025-06-24 17:47:55 [main] INFO  c.fspann.api.ForwardSecureANNSystem - Insert complete for id=8866b454-9fcf-4e1b-95bc-0c7f90206af0 in 923.0408 ms
2025-06-24 17:47:56 [main] INFO  c.fspann.api.ForwardSecureANNSystem - Insert complete for id=b454332a-d938-4957-b414-4ec543444524 in 927.8905 ms
2025-06-24 17:47:57 [main] INFO  c.fspann.api.ForwardSecureANNSystem - Insert complete for id=dbcc0f15-830a-425a-9ac5-42ce34851954 in 837.7594 ms
2025-06-24 17:47:57 [main] INFO  c.fspann.api.ForwardSecureANNSystem - Insert complete for id=681c2a49-4e12-4c06-860e-f34dfa06ae9d in 877.1335 ms
2025-06-24 17:47:58 [main] INFO  c.fspann.api.ForwardSecureANNSystem - Insert complete for id=c6b90d6b-a373-49f9-b8d3-5575daa6ea05 in 902.4247 ms
2025-06-24 17:47:59 [main] INFO  c.fspann.api.ForwardSecureANNSystem - Insert complete for id=16bdd252-5888-4e55-b78b-f01a9e1c2613 in 858.4873 ms
2025-06-24 17:48:00 [main] INFO  c.fspann.api.ForwardSecureANNSystem - Insert complete for id=53c63048-c5f4-4d97-893f-83eed9d0cd69 in 896.4091 ms
2025-06-24 17:48:01 [main] INFO  c.fspann.api.ForwardSecureANNSystem - Insert complete for id=365b9aab-bfbe-461f-9cf6-4ad6825c6f00 in 937.2945 ms
2025-06-24 17:48:02 [main] INFO  c.fspann.api.ForwardSecureANNSystem - Insert complete for id=bf6c3b35-63f3-4252-bc25-298c0d13a618 in 821.4879 ms
2025-06-24 17:48:03 [main] INFO  c.fspann.api.ForwardSecureANNSystem - Insert complete for id=669b2b8f-a70e-4892-9055-b16a0497dafa in 940.1911 ms
2025-06-24 17:48:04 [main] INFO  c.fspann.api.ForwardSecureANNSystem - Insert complete for id=1624a6c0-9f5f-4fc0-9364-bbf8211a074b in 963.7141 ms
2025-06-24 17:48:05 [main] INFO  c.fspann.api.ForwardSecureANNSystem - Insert complete for id=a183c067-84b8-4918-a24b-c5e97219c736 in 966.4669 ms
2025-06-24 17:48:06 [main] INFO  c.fspann.api.ForwardSecureANNSystem - Insert complete for id=ccd0ea3e-89c6-4dcd-84eb-0efee511b693 in 863.1204 ms
2025-06-24 17:48:06 [main] INFO  c.fspann.api.ForwardSecureANNSystem - Insert complete for id=4a5b6a06-71af-4db6-999b-f7758a3718eb in 879.023 ms
2025-06-24 17:48:07 [main] INFO  c.fspann.api.ForwardSecureANNSystem - Insert complete for id=b13d2713-7337-4ccf-8d9f-623be8507c36 in 874.3397 ms
2025-06-24 17:48:08 [main] INFO  c.fspann.api.ForwardSecureANNSystem - Insert complete for id=4e34d28b-9bba-46e1-9e11-32a6221d3276 in 848.4499 ms
2025-06-24 17:48:09 [main] INFO  c.fspann.api.ForwardSecureANNSystem - Insert complete for id=1201d205-a901-47bc-98be-07da118de461 in 822.9503 ms
2025-06-24 17:48:10 [main] INFO  c.fspann.api.ForwardSecureANNSystem - Insert complete for id=34389985-567f-4505-9817-db6ce8a77075 in 828.7581 ms
2025-06-24 17:48:11 [main] INFO  c.fspann.api.ForwardSecureANNSystem - Insert complete for id=6cad8f15-476d-416f-8311-2ff75cb0c9c5 in 835.1872 ms
2025-06-24 17:48:12 [main] INFO  c.fspann.api.ForwardSecureANNSystem - Insert complete for id=52391474-b8a9-4644-bc6e-acf4d3c6c8e1 in 974.529 ms
2025-06-24 17:48:12 [main] INFO  c.fspann.api.ForwardSecureANNSystem - Insert complete for id=4cdb8e89-8c41-4693-b7c4-b5613328876e in 850.0476 ms
2025-06-24 17:48:13 [main] INFO  c.fspann.api.ForwardSecureANNSystem - Insert complete for id=65d9aac7-50a2-426e-9341-5e3936062568 in 859.8631 ms
2025-06-24 17:48:14 [main] INFO  c.fspann.api.ForwardSecureANNSystem - Insert complete for id=df9c3fbc-a2f2-40bc-9993-fad0ce4a2621 in 869.8513 ms
2025-06-24 17:48:15 [main] INFO  c.fspann.api.ForwardSecureANNSystem - Insert complete for id=b05e9539-c0c2-46ac-a34f-68b20cb11b51 in 830.9873 ms
2025-06-24 17:48:16 [main] INFO  c.fspann.api.ForwardSecureANNSystem - Insert complete for id=1c0accac-acb6-4d8d-9036-55cac4f4a30a in 834.5382 ms
2025-06-24 17:48:17 [main] INFO  c.fspann.api.ForwardSecureANNSystem - Insert complete for id=37e0a3d7-40f2-4270-a287-b612c0452844 in 736.7302 ms
2025-06-24 17:48:18 [main] INFO  c.fspann.api.ForwardSecureANNSystem - Insert complete for id=c24ce614-4cbf-4374-859b-5a4a807f3793 in 946.9734 ms
2025-06-24 17:48:18 [main] INFO  c.fspann.api.ForwardSecureANNSystem - Insert complete for id=6d1baec5-6baf-43fc-8754-933705f70989 in 899.5052 ms
2025-06-24 17:48:19 [main] INFO  c.fspann.api.ForwardSecureANNSystem - Insert complete for id=b2d3cac3-74b0-4584-a6d5-99e0336c4fe9 in 903.2267 ms
2025-06-24 17:48:20 [main] INFO  c.fspann.api.ForwardSecureANNSystem - Insert complete for id=5f1d80c3-58ad-4fdf-ac24-0ca62055f156 in 900.4226 ms
2025-06-24 17:48:21 [main] INFO  c.fspann.api.ForwardSecureANNSystem - Insert complete for id=6e06b206-1d5a-412b-85a7-c0472667fea0 in 801.4877 ms
2025-06-24 17:48:22 [main] INFO  c.fspann.api.ForwardSecureANNSystem - Insert complete for id=386a0c50-bb7f-4bf3-8c67-e4b3be32f126 in 901.3875 ms
2025-06-24 17:48:23 [main] INFO  c.fspann.api.ForwardSecureANNSystem - Insert complete for id=bda4867c-6830-4743-bcb2-46fecfcef21f in 840.1599 ms
2025-06-24 17:48:24 [main] INFO  c.fspann.api.ForwardSecureANNSystem - Insert complete for id=bcd1b55a-72b8-418c-b71e-c1e925cde4d5 in 876.6587 ms
2025-06-24 17:48:25 [main] INFO  c.fspann.api.ForwardSecureANNSystem - Insert complete for id=bb06ec22-1af4-4f6c-8481-942d95db83b6 in 864.0719 ms
2025-06-24 17:48:25 [main] INFO  c.fspann.api.ForwardSecureANNSystem - Insert complete for id=afe68faf-5377-447d-b799-5fb145c145ac in 868.0941 ms
2025-06-24 17:48:26 [main] INFO  c.fspann.api.ForwardSecureANNSystem - Insert complete for id=e2238693-f8be-4c64-bf67-95c793863433 in 835.5023 ms
2025-06-24 17:48:27 [main] INFO  c.fspann.api.ForwardSecureANNSystem - Insert complete for id=5ffe3f07-8a27-47f3-9e1b-18c871433a01 in 839.5287 ms
2025-06-24 17:48:28 [main] INFO  c.fspann.api.ForwardSecureANNSystem - Insert complete for id=504c3922-e1e5-4e90-a4a9-f71fddf00c46 in 802.6637 ms
2025-06-24 17:48:29 [main] INFO  c.fspann.api.ForwardSecureANNSystem - Insert complete for id=70e316dc-1fff-4998-92cc-c1936198a8a1 in 850.7774 ms
2025-06-24 17:48:30 [main] INFO  c.fspann.api.ForwardSecureANNSystem - Insert complete for id=e9bd317b-c746-446d-8490-5747f920a4c8 in 838.9448 ms
2025-06-24 17:48:30 [main] INFO  c.fspann.api.ForwardSecureANNSystem - Insert complete for id=ab3240ab-1150-4d1b-9f51-aa9c4d24947d in 835.5646 ms
2025-06-24 17:48:31 [main] INFO  c.fspann.api.ForwardSecureANNSystem - Insert complete for id=fb07d388-75f6-4e80-aa88-0504b258361a in 852.6382 ms
2025-06-24 17:48:32 [main] INFO  c.fspann.api.ForwardSecureANNSystem - Insert complete for id=b09ba44f-14e7-4b0d-965f-4c6a46aed2b3 in 799.2105 ms
2025-06-24 17:48:33 [main] INFO  c.fspann.api.ForwardSecureANNSystem - Insert complete for id=7b4e32b1-6dff-44e6-9ea7-25d0d680e9aa in 912.8374 ms
2025-06-24 17:48:34 [main] INFO  c.fspann.api.ForwardSecureANNSystem - Insert complete for id=24f22c2d-a9e3-4e6c-9ad1-2c3dc311a2f5 in 851.6998 ms
2025-06-24 17:48:35 [main] INFO  c.fspann.api.ForwardSecureANNSystem - Insert complete for id=cdda752c-4449-4637-84bb-9d6efd778f48 in 883.7785 ms
2025-06-24 17:48:36 [main] INFO  c.fspann.api.ForwardSecureANNSystem - Insert complete for id=9a45c9d6-b863-491a-bbfd-a60fc7ae354e in 848.9158 ms
2025-06-24 17:48:36 [main] INFO  c.fspann.api.ForwardSecureANNSystem - Insert complete for id=9b9f1454-1558-4530-bda4-08c0b9fcf8dd in 813.5891 ms
2025-06-24 17:48:37 [main] INFO  c.fspann.api.ForwardSecureANNSystem - Insert complete for id=a338209f-544c-4b87-8240-c14b2bcb0e8b in 969.5754 ms
2025-06-24 17:48:38 [main] INFO  c.fspann.api.ForwardSecureANNSystem - Insert complete for id=40760d34-6f27-4580-ba17-23aa2986971a in 815.6639 ms
2025-06-24 17:48:39 [main] INFO  c.fspann.api.ForwardSecureANNSystem - Insert complete for id=819f6a15-952b-4664-9eda-e2402c6b7459 in 916.5092 ms
2025-06-24 17:48:40 [main] INFO  c.fspann.api.ForwardSecureANNSystem - Insert complete for id=4970b1c0-acf4-439a-ad64-c6ae702bfa8b in 880.245 ms
2025-06-24 17:48:41 [main] INFO  c.fspann.api.ForwardSecureANNSystem - Insert complete for id=04d0996d-b6b7-428f-918c-bee2e90c2348 in 907.8832 ms
2025-06-24 17:48:42 [main] INFO  c.fspann.api.ForwardSecureANNSystem - Insert complete for id=f79f935d-0d87-4444-8421-eb1b4ea689c7 in 825.8099 ms
2025-06-24 17:48:43 [main] INFO  c.fspann.api.ForwardSecureANNSystem - Insert complete for id=4bca02f2-107b-4d30-b03e-b19c10a0ab21 in 910.0925 ms
2025-06-24 17:48:43 [main] INFO  c.fspann.api.ForwardSecureANNSystem - Insert complete for id=3967a019-6b47-4fe2-b581-7442d29794cb in 833.2778 ms
2025-06-24 17:48:44 [main] INFO  c.fspann.api.ForwardSecureANNSystem - Insert complete for id=23bf1b3b-4108-4473-a3ab-b08783285c76 in 845.5331 ms
2025-06-24 17:48:45 [main] INFO  c.fspann.api.ForwardSecureANNSystem - Insert complete for id=20691634-9701-46c9-8cf2-a85f5d01add8 in 854.5573 ms
2025-06-24 17:48:46 [main] INFO  c.fspann.api.ForwardSecureANNSystem - Insert complete for id=b6c2f91d-0719-405a-afca-bce66daba8ca in 797.7396 ms
2025-06-24 17:48:47 [main] INFO  c.fspann.api.ForwardSecureANNSystem - Insert complete for id=7f2617bb-07a7-4df6-b6c8-483d7a37f362 in 858.9715 ms
2025-06-24 17:48:48 [main] INFO  c.fspann.api.ForwardSecureANNSystem - Insert complete for id=eacec738-8045-4ecf-a554-71457f339b2f in 885.3723 ms
2025-06-24 17:48:49 [main] INFO  c.fspann.api.ForwardSecureANNSystem - Insert complete for id=1d313ef1-ce14-4e0e-b250-32ea94d419d3 in 913.6747 ms
2025-06-24 17:48:50 [main] INFO  c.fspann.api.ForwardSecureANNSystem - Insert complete for id=e4e64033-43ea-47ca-b326-9eccfad31a10 in 967.3859 ms
2025-06-24 17:48:50 [main] INFO  c.fspann.api.ForwardSecureANNSystem - Insert complete for id=f592bd75-bb32-4837-a410-28c2b623ad47 in 806.6419 ms
2025-06-24 17:48:51 [main] INFO  c.fspann.api.ForwardSecureANNSystem - Insert complete for id=a865f629-1de2-4df9-b327-539bf9765a74 in 828.7861 ms
2025-06-24 17:48:52 [main] INFO  c.fspann.api.ForwardSecureANNSystem - Insert complete for id=3412205f-4d29-402d-8662-55273e6158b3 in 830.4753 ms
2025-06-24 17:48:53 [main] INFO  c.fspann.api.ForwardSecureANNSystem - Insert complete for id=84018492-d34b-47fb-935b-4f5d7f6eae25 in 818.6033 ms
2025-06-24 17:48:54 [main] INFO  c.fspann.api.ForwardSecureANNSystem - Insert complete for id=039d5154-0efc-492c-aa75-b388f6d6f48b in 752.5543 ms
2025-06-24 17:48:54 [main] INFO  c.fspann.api.ForwardSecureANNSystem - Insert complete for id=87a1695f-20eb-4c68-92ae-6912780a11bc in 781.4206 ms
2025-06-24 17:48:55 [main] INFO  c.fspann.api.ForwardSecureANNSystem - Insert complete for id=fb3e6759-a36a-4b56-8c74-01d3a9ebab81 in 839.2989 ms
2025-06-24 17:48:56 [main] INFO  c.fspann.api.ForwardSecureANNSystem - Insert complete for id=c3288a30-b0b2-44c5-b51f-b5877802728a in 915.1617 ms
2025-06-24 17:48:57 [main] INFO  c.fspann.api.ForwardSecureANNSystem - Insert complete for id=e6841f83-3def-4182-bb56-9718ce03b6e4 in 922.7512 ms
2025-06-24 17:48:58 [main] INFO  c.fspann.api.ForwardSecureANNSystem - Insert complete for id=f75daac1-3a6f-45f4-8638-69ac237b4d8a in 917.266 ms
2025-06-24 17:48:59 [main] INFO  c.fspann.api.ForwardSecureANNSystem - Insert complete for id=a0696f5c-63af-475d-88c9-e550f44e6f11 in 844.6606 ms
2025-06-24 17:49:00 [main] INFO  c.fspann.api.ForwardSecureANNSystem - Insert complete for id=72cdb84e-2399-4b75-91d3-dc60e45d7365 in 815.1821 ms
2025-06-24 17:49:00 [main] INFO  c.fspann.api.ForwardSecureANNSystem - Insert complete for id=fddfbf5a-60e5-4ed7-8d33-455c45c6f1fd in 847.4028 ms
2025-06-24 17:49:01 [main] INFO  c.fspann.api.ForwardSecureANNSystem - Insert complete for id=384dc8af-137c-43d2-afce-5263cbfe8243 in 808.4645 ms
2025-06-24 17:49:02 [main] INFO  c.fspann.api.ForwardSecureANNSystem - Insert complete for id=9e476f5c-9ddd-46e1-87f4-d364c08f31b9 in 911.8573 ms
2025-06-24 17:49:03 [main] INFO  c.fspann.api.ForwardSecureANNSystem - Insert complete for id=6499c540-12a5-47de-bc1d-ae88877e656d in 890.3555 ms
2025-06-24 17:49:04 [main] INFO  c.fspann.api.ForwardSecureANNSystem - Insert complete for id=45d3f766-7a2f-48d0-a24d-2b1c4d6e29be in 847.1207 ms
2025-06-24 17:49:05 [main] INFO  c.fspann.api.ForwardSecureANNSystem - Insert complete for id=7a805938-d13b-4c5b-bf9b-1ebb8b529892 in 869.0294 ms
2025-06-24 17:49:06 [main] INFO  c.fspann.api.ForwardSecureANNSystem - Insert complete for id=c9c0cf69-f2d0-4244-8181-1f399066942f in 798.5911 ms
2025-06-24 17:49:06 [main] INFO  c.fspann.api.ForwardSecureANNSystem - Insert complete for id=2af06a85-efd6-4a55-95c3-591ec75164e6 in 852.4835 ms
2025-06-24 17:49:07 [main] INFO  c.fspann.api.ForwardSecureANNSystem - Insert complete for id=8c02672b-9145-409b-92d3-d4f08545189a in 944.3851 ms
2025-06-24 17:49:08 [main] INFO  c.fspann.api.ForwardSecureANNSystem - Insert complete for id=b161e238-84a0-4327-a14d-b6f9f9f47382 in 867.0748 ms
2025-06-24 17:49:09 [main] INFO  c.fspann.api.ForwardSecureANNSystem - Insert complete for id=c9374430-d021-459a-a63e-a114e09f0685 in 926.1395 ms
2025-06-24 17:49:10 [main] INFO  c.fspann.api.ForwardSecureANNSystem - Insert complete for id=af61f8cb-bd69-4909-ab3a-2d95c265561a in 833.2968 ms
2025-06-24 17:49:11 [main] INFO  c.fspann.api.ForwardSecureANNSystem - Insert complete for id=11e7da3d-d384-4033-88b5-58adb843ceb8 in 833.8014 ms
2025-06-24 17:49:12 [main] INFO  c.fspann.api.ForwardSecureANNSystem - Insert complete for id=89977202-0402-4e33-ad9d-7b73439fa547 in 831.2439 ms
2025-06-24 17:49:13 [main] INFO  c.fspann.api.ForwardSecureANNSystem - Insert complete for id=6bbc39f5-2fde-473f-bfe4-02d3d7442a6a in 879.1055 ms
2025-06-24 17:49:13 [main] INFO  c.fspann.api.ForwardSecureANNSystem - Insert complete for id=cffd4803-516d-48c7-81e7-3f01a6c9450a in 847.9551 ms
2025-06-24 17:49:14 [main] INFO  c.fspann.api.ForwardSecureANNSystem - Insert complete for id=8883a7a4-95aa-41de-8fc2-f7581434e52c in 862.2254 ms
2025-06-24 17:49:15 [main] INFO  c.fspann.api.ForwardSecureANNSystem - Insert complete for id=e27c67c8-ca0c-4ffe-80ab-15479adad27b in 846.9479 ms
2025-06-24 17:49:16 [main] INFO  c.fspann.api.ForwardSecureANNSystem - Insert complete for id=1f443dfa-dd14-4168-95d3-a732ebd844c1 in 895.3903 ms
2025-06-24 17:49:17 [main] INFO  c.fspann.api.ForwardSecureANNSystem - Insert complete for id=3f4af64e-093f-4fac-b4e2-a24ad62f7456 in 905.0565 ms
2025-06-24 17:49:18 [main] INFO  c.fspann.api.ForwardSecureANNSystem - Insert complete for id=401a6285-32fb-404d-bcb6-0ffb141d45d1 in 903.2101 ms
2025-06-24 17:49:19 [main] INFO  c.fspann.api.ForwardSecureANNSystem - Insert complete for id=c8b4a487-14f1-413f-914d-123aee3b6620 in 867.1633 ms
2025-06-24 17:49:20 [main] INFO  c.fspann.api.ForwardSecureANNSystem - Insert complete for id=0270f815-b3fd-44a6-9ccb-76721102e784 in 867.3836 ms
2025-06-24 17:49:20 [main] INFO  c.fspann.api.ForwardSecureANNSystem - Insert complete for id=9b3fe366-9120-4974-b8d7-7e9f301decd4 in 883.6854 ms
2025-06-24 17:49:21 [main] INFO  c.fspann.api.ForwardSecureANNSystem - Insert complete for id=dfef1f96-c310-457b-8b99-dc6b0d4b1d6e in 884.8135 ms
2025-06-24 17:49:22 [main] INFO  c.fspann.api.ForwardSecureANNSystem - Insert complete for id=abd5164a-9de2-4665-8f3c-d277880db22b in 942.1582 ms
2025-06-24 17:49:23 [main] INFO  c.fspann.api.ForwardSecureANNSystem - Insert complete for id=c383bdf2-cac5-4bd5-8de3-5f4b5f80c4df in 953.7451 ms
2025-06-24 17:49:24 [main] INFO  c.fspann.api.ForwardSecureANNSystem - Insert complete for id=030de8fc-31d5-4032-94e8-b65e340cc69c in 879.0663 ms
2025-06-24 17:49:25 [main] INFO  c.fspann.api.ForwardSecureANNSystem - Insert complete for id=68f77b32-c2f0-4c23-9f3b-14fc8d498a2c in 866.6778 ms
2025-06-24 17:49:26 [main] INFO  c.fspann.api.ForwardSecureANNSystem - Insert complete for id=8ed539ea-7693-410b-8187-3fe8984e98bb in 920.68 ms
2025-06-24 17:49:27 [main] INFO  c.fspann.api.ForwardSecureANNSystem - Insert complete for id=b6ef2c03-0c5d-4371-9d9a-eb903386d020 in 970.7015 ms
2025-06-24 17:49:28 [main] INFO  c.fspann.api.ForwardSecureANNSystem - Insert complete for id=008b116c-400d-4285-a19d-788f3a5617ca in 866.0773 ms
2025-06-24 17:49:29 [main] INFO  c.fspann.api.ForwardSecureANNSystem - Insert complete for id=15a20458-0bd8-4412-8040-ca5e6ca2748a in 822.1861 ms
2025-06-24 17:49:29 [main] INFO  c.fspann.api.ForwardSecureANNSystem - Insert complete for id=052dc720-d283-43a5-8f28-9d065e9b4ce0 in 778.5633 ms
2025-06-24 17:49:30 [main] INFO  c.fspann.api.ForwardSecureANNSystem - Insert complete for id=ad40fdea-25da-4204-ac1d-52630228bfba in 901.194 ms
2025-06-24 17:49:31 [main] INFO  c.fspann.api.ForwardSecureANNSystem - Insert complete for id=89c25034-5596-4693-b680-cc3d5f4ddbb6 in 838.8318 ms
2025-06-24 17:49:32 [main] INFO  c.fspann.api.ForwardSecureANNSystem - Insert complete for id=d5946247-fa44-4c31-9ba0-060a8b2cdf4d in 856.7755 ms
2025-06-24 17:49:33 [main] INFO  c.fspann.api.ForwardSecureANNSystem - Insert complete for id=c4897d5f-e3fd-4a63-b900-6d338fb2f712 in 906.2232 ms
2025-06-24 17:49:34 [main] INFO  c.fspann.api.ForwardSecureANNSystem - Insert complete for id=95823e46-ea4e-4ebd-b7f1-92d924858f8e in 809.2948 ms
2025-06-24 17:49:34 [main] INFO  c.fspann.api.ForwardSecureANNSystem - Insert complete for id=4682106c-88af-4d8b-bc00-593ece81159a in 868.843 ms
2025-06-24 17:49:35 [main] INFO  c.fspann.api.ForwardSecureANNSystem - Insert complete for id=445758b0-1899-43ce-a676-d6bc1b87d442 in 798.9006 ms
2025-06-24 17:49:36 [main] INFO  c.fspann.api.ForwardSecureANNSystem - Insert complete for id=c7c7ee9d-339e-4d06-bbb2-863dec49fa60 in 969.1351 ms
2025-06-24 17:49:37 [main] INFO  c.fspann.api.ForwardSecureANNSystem - Insert complete for id=be6d8ea1-c729-42cc-95c2-df022fee573c in 1002.9984 ms
2025-06-24 17:49:38 [main] INFO  c.fspann.api.ForwardSecureANNSystem - Insert complete for id=33dd29df-8c2f-4b38-b6c2-c8886d37ff56 in 938.1327 ms
2025-06-24 17:49:39 [main] INFO  c.fspann.api.ForwardSecureANNSystem - Insert complete for id=ddc1ebee-040e-4a96-88c5-615477b0381d in 886.4838 ms
2025-06-24 17:49:40 [main] INFO  c.fspann.api.ForwardSecureANNSystem - Insert complete for id=1ac1955b-ff84-449c-99ec-474457389848 in 883.706 ms
2025-06-24 17:49:41 [main] INFO  c.fspann.api.ForwardSecureANNSystem - Insert complete for id=221b41d4-670a-4b3b-8160-f8c6ac076cb1 in 906.9858 ms
2025-06-24 17:49:42 [main] INFO  c.fspann.api.ForwardSecureANNSystem - Insert complete for id=3e30d99b-09e0-4687-b254-62aff88006e8 in 943.2976 ms
2025-06-24 17:49:43 [main] INFO  c.fspann.api.ForwardSecureANNSystem - Insert complete for id=3df5d0e1-8321-4ddb-aac3-7f0d0da66ccd in 886.2511 ms
2025-06-24 17:49:44 [main] INFO  c.fspann.api.ForwardSecureANNSystem - Insert complete for id=1bddfe82-eab5-48a0-8d99-48a5835100ce in 885.5101 ms
2025-06-24 17:49:44 [main] INFO  c.fspann.api.ForwardSecureANNSystem - Insert complete for id=4973d10d-e974-4147-9bec-034c70c7e39a in 850.1094 ms
2025-06-24 17:49:45 [main] INFO  c.fspann.api.ForwardSecureANNSystem - Insert complete for id=3dd0c956-f9ec-4fe3-9ac5-d150dd610681 in 766.3296 ms
2025-06-24 17:49:46 [main] INFO  c.fspann.api.ForwardSecureANNSystem - Insert complete for id=1b08bb6a-391d-4200-a043-3bfb652c2617 in 885.6849 ms
2025-06-24 17:49:47 [main] INFO  c.fspann.api.ForwardSecureANNSystem - Insert complete for id=a00d812d-449f-444a-8a25-f9f5e3922b44 in 908.4946 ms
2025-06-24 17:49:48 [main] INFO  c.fspann.api.ForwardSecureANNSystem - Insert complete for id=6bd9a5cb-1555-4331-9f6b-e01fea8e55de in 941.3903 ms
2025-06-24 17:49:49 [main] INFO  c.fspann.api.ForwardSecureANNSystem - Insert complete for id=9af87ab6-2399-4bd4-a910-f2a6680f548c in 790.8382 ms
2025-06-24 17:49:50 [main] INFO  c.fspann.api.ForwardSecureANNSystem - Insert complete for id=f0c08d87-c09c-40bc-b237-4f0c6665e9bb in 880.1919 ms
2025-06-24 17:49:50 [main] INFO  c.fspann.api.ForwardSecureANNSystem - Insert complete for id=099eccde-0371-4c71-9377-ffe14058a756 in 810.4812 ms
2025-06-24 17:49:51 [main] INFO  c.fspann.api.ForwardSecureANNSystem - Insert complete for id=2dd231ca-cf4f-4b81-91b1-ccb789a81126 in 843.6677 ms
2025-06-24 17:49:52 [main] INFO  c.fspann.api.ForwardSecureANNSystem - Insert complete for id=f5dd2b47-8b0b-4c36-bf4f-792397802c67 in 898.2017 ms
2025-06-24 17:49:53 [main] INFO  c.fspann.api.ForwardSecureANNSystem - Insert complete for id=66f062cd-a5a0-4322-8913-2a1504bb5a9f in 832.3003 ms
2025-06-24 17:49:54 [main] INFO  c.fspann.api.ForwardSecureANNSystem - Insert complete for id=4d118ba4-481e-4eb8-a74f-1371a0f1ac36 in 835.7888 ms
2025-06-24 17:49:55 [main] INFO  c.fspann.api.ForwardSecureANNSystem - Insert complete for id=271aab9e-4752-4077-9414-1bb9dcc6d90b in 1010.6911 ms
2025-06-24 17:49:56 [main] INFO  c.fspann.api.ForwardSecureANNSystem - Insert complete for id=da5a5bee-0afc-4cef-9d8a-8fefa259112f in 938.7349 ms
2025-06-24 17:49:57 [main] INFO  c.fspann.api.ForwardSecureANNSystem - Insert complete for id=40c0b413-be01-4aed-9db5-c75090425089 in 933.6095 ms
2025-06-24 17:49:58 [main] INFO  c.fspann.api.ForwardSecureANNSystem - Insert complete for id=765a6746-0f4a-432b-945b-e990826992d7 in 930.2867 ms
2025-06-24 17:49:58 [main] INFO  c.fspann.api.ForwardSecureANNSystem - Insert complete for id=256fa8c3-b356-44ee-ad6c-9cf515bf2dc9 in 830.8518 ms
2025-06-24 17:49:59 [main] INFO  c.fspann.api.ForwardSecureANNSystem - Insert complete for id=fcffaabe-8805-4b4f-8384-354b7cbdfde0 in 854.0447 ms
2025-06-24 17:50:00 [main] INFO  c.fspann.api.ForwardSecureANNSystem - Insert complete for id=91b7c697-edd3-4209-be9d-b716f74fea1e in 823.1338 ms
2025-06-24 17:50:01 [main] INFO  c.fspann.api.ForwardSecureANNSystem - Insert complete for id=40f339b2-a6de-425f-850a-4fb9ada53633 in 882.1147 ms
2025-06-24 17:50:02 [main] INFO  c.fspann.api.ForwardSecureANNSystem - Insert complete for id=176f341f-de43-4699-aec7-382a647a8002 in 821.0889 ms
2025-06-24 17:50:03 [main] INFO  c.fspann.api.ForwardSecureANNSystem - Insert complete for id=6d193e5e-b187-464e-941d-86109df72e35 in 1043.7873 ms
2025-06-24 17:50:04 [main] INFO  c.fspann.api.ForwardSecureANNSystem - Insert complete for id=7bfd13ac-cfbc-47c3-bd6f-3b62b9876ffd in 849.3464 ms
2025-06-24 17:50:05 [main] INFO  c.fspann.api.ForwardSecureANNSystem - Insert complete for id=ab5dbd73-3321-4bfc-986b-a9c60110cee9 in 869.6551 ms
2025-06-24 17:50:05 [main] INFO  c.fspann.api.ForwardSecureANNSystem - Insert complete for id=5e8e1f7a-6615-4744-824f-5d4e55069847 in 816.1742 ms
2025-06-24 17:50:06 [main] INFO  c.fspann.api.ForwardSecureANNSystem - Insert complete for id=60d3a014-fa14-491b-b952-f1286e612a76 in 870.3184 ms
2025-06-24 17:50:07 [main] INFO  c.fspann.api.ForwardSecureANNSystem - Insert complete for id=cd2096dc-41db-44f2-9387-01af9c28f3f9 in 783.1849 ms
2025-06-24 17:50:08 [main] INFO  c.fspann.api.ForwardSecureANNSystem - Insert complete for id=602768aa-afad-4f5d-8ad1-5c92739fd3fe in 807.488 ms
2025-06-24 17:50:09 [main] INFO  c.fspann.api.ForwardSecureANNSystem - Insert complete for id=3a730ab3-fac9-452b-9461-d52dd8eec447 in 808.9034 ms
2025-06-24 17:50:10 [main] INFO  c.fspann.api.ForwardSecureANNSystem - Insert complete for id=f5b3b2e4-23ad-471e-b5ef-012b0d8573a9 in 852.3772 ms
2025-06-24 17:50:10 [main] INFO  c.fspann.api.ForwardSecureANNSystem - Insert complete for id=c974a29a-31da-41b5-a26a-aaed481e3dca in 849.4582 ms
2025-06-24 17:50:11 [main] INFO  c.fspann.api.ForwardSecureANNSystem - Insert complete for id=13e02459-9640-45f7-8157-9be58f73bf65 in 775.1228 ms
2025-06-24 17:50:12 [main] INFO  c.fspann.api.ForwardSecureANNSystem - Insert complete for id=41dbcf2f-b25b-4917-9e6b-3863b05c906c in 876.1639 ms
2025-06-24 17:50:13 [main] INFO  c.fspann.api.ForwardSecureANNSystem - Insert complete for id=8efb218b-ccb3-4bde-9e80-8507d5354092 in 825.101 ms
2025-06-24 17:50:14 [main] INFO  c.fspann.api.ForwardSecureANNSystem - Insert complete for id=821ee456-e44c-48c9-9bbc-7967f97603aa in 887.4815 ms
2025-06-24 17:50:15 [main] INFO  c.fspann.api.ForwardSecureANNSystem - Insert complete for id=b81b4d57-48a0-4d4b-a544-7a96999c29ee in 890.7646 ms
2025-06-24 17:50:15 [main] INFO  c.fspann.api.ForwardSecureANNSystem - Insert complete for id=7ede12e0-c119-4266-9799-83f969d5009f in 730.2548 ms
2025-06-24 17:50:16 [main] INFO  c.fspann.api.ForwardSecureANNSystem - Insert complete for id=775ab580-764b-42b9-91c2-de178cdf28bb in 962.694 ms
2025-06-24 17:50:17 [main] INFO  c.fspann.api.ForwardSecureANNSystem - Insert complete for id=e02879e7-bf43-44bf-99fb-7493a53f7041 in 838.217 ms
2025-06-24 17:50:18 [main] INFO  c.fspann.api.ForwardSecureANNSystem - Insert complete for id=e737cfc4-15f5-43f2-aacc-de58f62aa9b9 in 943.2522 ms
2025-06-24 17:50:19 [main] INFO  c.fspann.api.ForwardSecureANNSystem - Insert complete for id=427d5277-c07e-4b3f-96d7-9cf565d13928 in 803.1326 ms
2025-06-24 17:50:20 [main] INFO  c.fspann.api.ForwardSecureANNSystem - Insert complete for id=c6e50237-0661-48a9-b5c6-91279612690b in 942.113 ms
2025-06-24 17:50:21 [main] INFO  c.fspann.api.ForwardSecureANNSystem - Insert complete for id=68c94a53-41d7-44c2-83a7-21e6241ae40f in 953.9459 ms
2025-06-24 17:50:22 [main] INFO  c.fspann.api.ForwardSecureANNSystem - Insert complete for id=8a5d8727-89b5-4d43-a29b-abe9ee4648dd in 913.1522 ms
2025-06-24 17:50:23 [main] INFO  c.fspann.api.ForwardSecureANNSystem - Insert complete for id=837b929e-f007-4479-8aa3-d6f9d68bf56c in 848.6618 ms
2025-06-24 17:50:23 [main] INFO  c.fspann.api.ForwardSecureANNSystem - Insert complete for id=b79ecee7-49f7-4ec6-98be-770a5d35a59c in 832.0626 ms
2025-06-24 17:50:24 [main] INFO  c.fspann.api.ForwardSecureANNSystem - Insert complete for id=fc116c29-3747-4dcc-8191-1687380d7472 in 808.4102 ms
2025-06-24 17:50:25 [main] INFO  c.fspann.api.ForwardSecureANNSystem - Insert complete for id=f0b24744-ce03-4e4d-b7bc-3b080b0278cc in 850.9429 ms
2025-06-24 17:50:26 [main] INFO  c.fspann.api.ForwardSecureANNSystem - Insert complete for id=03788ef4-8e87-4356-b51d-6f7f0fa33bc6 in 883.8362 ms
2025-06-24 17:50:27 [main] INFO  c.fspann.api.ForwardSecureANNSystem - Insert complete for id=a67051da-2231-4046-a530-06ba8c12f319 in 786.1354 ms
2025-06-24 17:50:28 [main] INFO  c.fspann.api.ForwardSecureANNSystem - Insert complete for id=bcac9763-fece-4654-afce-2718ea6b9610 in 869.4293 ms
2025-06-24 17:50:29 [main] INFO  c.fspann.api.ForwardSecureANNSystem - Insert complete for id=7b80b6d8-ee4a-4bcb-ac95-03c1eaab8512 in 872.2481 ms
2025-06-24 17:50:29 [main] INFO  c.fspann.api.ForwardSecureANNSystem - Insert complete for id=82c7418b-a743-47e5-9f21-52c2932cd8a8 in 846.9913 ms
2025-06-24 17:50:30 [main] INFO  c.fspann.api.ForwardSecureANNSystem - Insert complete for id=512364bc-1a6a-44a2-8909-a33332e619c7 in 891.2783 ms
2025-06-24 17:50:31 [main] INFO  c.fspann.api.ForwardSecureANNSystem - Insert complete for id=9ce17373-0740-4ac7-a244-0852e6c63fc3 in 980.2702 ms
2025-06-24 17:50:32 [main] INFO  c.fspann.api.ForwardSecureANNSystem - Insert complete for id=4c5239c7-6de8-49da-99da-677042eb9a77 in 902.4701 ms
2025-06-24 17:50:33 [main] INFO  c.fspann.api.ForwardSecureANNSystem - Insert complete for id=0d1ba167-ad21-4465-b298-ae8f2bba132c in 1017.8031 ms
2025-06-24 17:50:34 [main] INFO  c.fspann.api.ForwardSecureANNSystem - Insert complete for id=dc16a382-b551-4ad0-972a-1b0fe24eb123 in 931.7319 ms
2025-06-24 17:50:35 [main] INFO  c.fspann.api.ForwardSecureANNSystem - Insert complete for id=f87a7a1b-dfaa-4ab4-9197-12bb37acb5b3 in 891.3177 ms
2025-06-24 17:50:36 [main] INFO  c.fspann.api.ForwardSecureANNSystem - Insert complete for id=3fbbae58-a3f1-45a5-ac98-ae30308c6b52 in 895.3525 ms
2025-06-24 17:50:37 [main] INFO  c.fspann.api.ForwardSecureANNSystem - Insert complete for id=0ac069bf-8217-4acc-b1e3-8efd45bc0258 in 934.3434 ms
2025-06-24 17:50:38 [main] INFO  c.fspann.api.ForwardSecureANNSystem - Insert complete for id=d500637b-e1cb-4c90-89f5-1646d6df5ba2 in 861.1818 ms
2025-06-24 17:50:39 [main] INFO  c.fspann.api.ForwardSecureANNSystem - Insert complete for id=867ad167-33c0-453d-a69e-a388796d9ed8 in 861.9318 ms
2025-06-24 17:50:39 [main] INFO  c.fspann.api.ForwardSecureANNSystem - Insert complete for id=333ab8f6-410b-4742-b046-4052d322e670 in 837.2013 ms
2025-06-24 17:50:40 [main] INFO  c.fspann.api.ForwardSecureANNSystem - Insert complete for id=60f368a0-9fe4-4b59-9cf8-ad5a4dcf1cda in 886.7146 ms
2025-06-24 17:50:41 [main] INFO  c.fspann.api.ForwardSecureANNSystem - Insert complete for id=af7cccc0-6309-4263-b188-e254a6696d54 in 781.1588 ms
2025-06-24 17:50:42 [main] INFO  c.fspann.api.ForwardSecureANNSystem - Insert complete for id=aaf2354f-b9e2-491a-87b0-0a0545f94a16 in 780.3403 ms
2025-06-24 17:50:43 [main] INFO  c.fspann.api.ForwardSecureANNSystem - Insert complete for id=599f3a08-0512-4015-9acc-1a8f66bdb4a8 in 786.0562 ms
2025-06-24 17:50:43 [main] INFO  c.fspann.api.ForwardSecureANNSystem - Insert complete for id=27317116-2469-4b21-aae1-42edf51aad46 in 824.674 ms
2025-06-24 17:50:44 [main] INFO  c.fspann.api.ForwardSecureANNSystem - Insert complete for id=9ab77652-4f6e-495c-a877-21bfd38014fc in 786.9234 ms
2025-06-24 17:50:45 [main] INFO  c.fspann.api.ForwardSecureANNSystem - Insert complete for id=d1e33271-2663-4c42-81d8-b7a233656b60 in 771.3955 ms
2025-06-24 17:50:46 [main] INFO  c.fspann.api.ForwardSecureANNSystem - Insert complete for id=69c96171-7890-495a-858d-1d7e18818b1f in 811.7248 ms
2025-06-24 17:50:47 [main] INFO  c.fspann.api.ForwardSecureANNSystem - Insert complete for id=69bbc94b-1432-4ab8-a8dc-791866ab0e30 in 854.6987 ms
2025-06-24 17:50:48 [main] INFO  c.fspann.api.ForwardSecureANNSystem - Insert complete for id=a439c7bf-e531-46b5-84d0-0488fdddeaa8 in 902.2547 ms
2025-06-24 17:50:48 [main] INFO  c.fspann.api.ForwardSecureANNSystem - Insert complete for id=9eb3ab1f-d3a0-407b-8791-b38cb0248198 in 860.0495 ms
2025-06-24 17:50:49 [main] INFO  c.fspann.api.ForwardSecureANNSystem - Insert complete for id=819ec680-2a4f-4a47-a6b7-907df2514969 in 862.5294 ms
2025-06-24 17:50:50 [main] INFO  c.fspann.api.ForwardSecureANNSystem - Insert complete for id=fabe13c1-3ed1-4aec-96e2-7ee28f288e6b in 850.0133 ms
2025-06-24 17:50:51 [main] INFO  c.fspann.api.ForwardSecureANNSystem - Insert complete for id=0e77b876-f17f-4bb4-9dc6-7a4244737ec4 in 884.8039 ms
2025-06-24 17:50:52 [main] INFO  c.fspann.api.ForwardSecureANNSystem - Insert complete for id=d9e9e9d9-c6e6-4f9f-97dd-515986884f9c in 822.6646 ms
2025-06-24 17:50:53 [main] INFO  c.fspann.api.ForwardSecureANNSystem - Insert complete for id=6a7124fc-ff62-4dcf-84cf-e589879b9c6c in 904.3114 ms
2025-06-24 17:50:54 [main] INFO  c.fspann.api.ForwardSecureANNSystem - Insert complete for id=6bb45730-708b-4c6d-b0eb-710ef4ae5b10 in 898.0298 ms
2025-06-24 17:50:54 [main] INFO  c.fspann.api.ForwardSecureANNSystem - Insert complete for id=85be07ec-31b7-40a0-86e3-c24bc539e913 in 787.486 ms
2025-06-24 17:50:55 [main] INFO  c.fspann.api.ForwardSecureANNSystem - Insert complete for id=0eb56fa2-e4ff-48c0-b3e7-6d007166da75 in 804.1044 ms
2025-06-24 17:50:56 [main] INFO  c.fspann.api.ForwardSecureANNSystem - Insert complete for id=d6dceeb9-74fc-45ad-9b77-b05dfd28ba08 in 928.3109 ms
2025-06-24 17:50:57 [main] INFO  c.fspann.api.ForwardSecureANNSystem - Insert complete for id=de6c02ce-776d-499d-b747-10159240975a in 869.1664 ms
2025-06-24 17:50:58 [main] INFO  c.fspann.api.ForwardSecureANNSystem - Insert complete for id=0d341f45-180c-4f15-ae80-2db0138c94bc in 968.6568 ms
2025-06-24 17:50:59 [main] INFO  c.fspann.api.ForwardSecureANNSystem - Insert complete for id=fcc20beb-048f-44b2-ba0d-7cf408f75211 in 949.9575 ms
2025-06-24 17:51:00 [main] INFO  c.fspann.api.ForwardSecureANNSystem - Insert complete for id=df1b6a17-e8c2-4d0a-9237-ead27a3746e5 in 962.4332 ms
2025-06-24 17:51:01 [main] INFO  c.fspann.api.ForwardSecureANNSystem - Insert complete for id=846597a0-0099-4a45-8b58-e48214f3e565 in 853.0364 ms
2025-06-24 17:51:02 [main] INFO  c.fspann.api.ForwardSecureANNSystem - Insert complete for id=077b816c-f366-4967-9e20-3b4368e48a88 in 929.2191 ms
2025-06-24 17:51:03 [main] INFO  c.fspann.api.ForwardSecureANNSystem - Insert complete for id=b51da9ce-932c-474a-ae10-a028677b2162 in 929.8354 ms
2025-06-24 17:51:03 [main] INFO  c.fspann.api.ForwardSecureANNSystem - Insert complete for id=c142c7af-54f5-4948-a111-8bb8e63f7d31 in 866.0692 ms
2025-06-24 17:51:04 [main] INFO  c.fspann.api.ForwardSecureANNSystem - Insert complete for id=85f9733f-4434-4063-b8c7-39fd14ccabb3 in 877.8774 ms
2025-06-24 17:51:05 [main] INFO  c.fspann.api.ForwardSecureANNSystem - Insert complete for id=a55e0925-1c9e-41f5-bef1-4a94ebef341c in 903.4678 ms
2025-06-24 17:51:06 [main] INFO  c.fspann.api.ForwardSecureANNSystem - Insert complete for id=f85b4e23-face-42aa-a66d-d116b08d02c8 in 1005.4283 ms
2025-06-24 17:51:07 [main] INFO  c.fspann.api.ForwardSecureANNSystem - Insert complete for id=50318cad-aade-451a-9d04-1dfddef486ef in 849.406 ms
2025-06-24 17:51:08 [main] INFO  c.fspann.api.ForwardSecureANNSystem - Insert complete for id=a8e398c4-a89b-4936-bdcd-587219064f92 in 875.9144 ms
2025-06-24 17:51:09 [main] INFO  c.fspann.api.ForwardSecureANNSystem - Insert complete for id=9ea0170e-b66e-415f-ad2f-3e6ee27e6916 in 960.265 ms
2025-06-24 17:51:10 [main] INFO  c.fspann.api.ForwardSecureANNSystem - Insert complete for id=58b2943d-6384-4889-8cf3-e65d2a11553d in 989.1581 ms
2025-06-24 17:51:11 [main] INFO  c.fspann.api.ForwardSecureANNSystem - Insert complete for id=7b6e1d10-66c3-480c-8440-6f083b3ddeb6 in 929.2854 ms
2025-06-24 17:51:12 [main] INFO  c.fspann.api.ForwardSecureANNSystem - Insert complete for id=9f80f42e-831d-4d28-ac55-f9cf8a10206c in 975.5072 ms
2025-06-24 17:51:13 [main] INFO  c.fspann.api.ForwardSecureANNSystem - Insert complete for id=6009e80c-4dac-49f0-a3bc-4c059ff86bf9 in 957.4731 ms
2025-06-24 17:51:14 [main] INFO  c.fspann.api.ForwardSecureANNSystem - Insert complete for id=f3e47f3b-89d8-407f-bcbe-bf6b9900e09a in 826.8896 ms
2025-06-24 17:51:15 [main] INFO  c.fspann.api.ForwardSecureANNSystem - Insert complete for id=f5aec522-3c9f-471b-8b62-32f311b04e3c in 900.8137 ms
2025-06-24 17:51:15 [main] INFO  c.fspann.api.ForwardSecureANNSystem - Insert complete for id=9b2ddbfc-0ce4-40d1-9b2f-5379a8bd2c9a in 863.488 ms
2025-06-24 17:51:16 [main] INFO  c.fspann.api.ForwardSecureANNSystem - Insert complete for id=6c0ac805-e342-4063-bfb4-b6df5770eb2f in 801.1434 ms
2025-06-24 17:51:17 [main] INFO  c.fspann.api.ForwardSecureANNSystem - Insert complete for id=51bdde66-7e22-4a5d-83a6-ef2a13186d63 in 827.4885 ms
2025-06-24 17:51:18 [main] INFO  c.fspann.api.ForwardSecureANNSystem - Insert complete for id=85331806-e32b-47c2-ace7-849ccc0bce98 in 1073.7328 ms
2025-06-24 17:51:19 [main] INFO  c.fspann.api.ForwardSecureANNSystem - Insert complete for id=98a98efe-70f8-423d-bf5c-a34f07f77cf9 in 836.5162 ms
2025-06-24 17:51:20 [main] INFO  c.fspann.api.ForwardSecureANNSystem - Insert complete for id=d6b92198-49e6-45fa-bd18-a4ce2d27758d in 844.9229 ms
2025-06-24 17:51:21 [main] INFO  c.fspann.api.ForwardSecureANNSystem - Insert complete for id=38b2a855-9504-4661-b897-24ecf2b874aa in 863.1402 ms
2025-06-24 17:51:22 [main] INFO  c.fspann.api.ForwardSecureANNSystem - Insert complete for id=554fe51a-596f-4b11-8ea5-ab160cb3d46f in 860.3614 ms
2025-06-24 17:51:22 [main] INFO  c.fspann.api.ForwardSecureANNSystem - Insert complete for id=1a9d66de-f14a-4cc4-b537-2f2dab4aa4f3 in 830.5608 ms
2025-06-24 17:51:23 [main] INFO  c.fspann.api.ForwardSecureANNSystem - Insert complete for id=00f91871-5778-4959-9588-2752f3a35e8e in 857.4681 ms
2025-06-24 17:51:24 [main] INFO  c.fspann.api.ForwardSecureANNSystem - Insert complete for id=be063101-c769-4ecf-8b38-1d66c90fe565 in 837.6986 ms
2025-06-24 17:51:25 [main] INFO  c.fspann.api.ForwardSecureANNSystem - Insert complete for id=fe8e672a-e071-4068-a405-8135f65dd047 in 911.498 ms
2025-06-24 17:51:26 [main] INFO  c.fspann.api.ForwardSecureANNSystem - Insert complete for id=65f28033-b851-4961-93b5-c1d77b4b0425 in 876.2509 ms
2025-06-24 17:51:27 [main] INFO  c.fspann.api.ForwardSecureANNSystem - Insert complete for id=62a2f270-63c6-42f6-8fec-1832155dd77e in 949.3704 ms
2025-06-24 17:51:28 [main] INFO  c.fspann.api.ForwardSecureANNSystem - Insert complete for id=dbdc9edf-c72d-4679-87f5-7bc1ec0d2099 in 906.8073 ms
2025-06-24 17:51:29 [main] INFO  c.fspann.api.ForwardSecureANNSystem - Insert complete for id=a061b6b5-262c-4384-ab38-e3ebb2b122e6 in 859.2423 ms
2025-06-24 17:51:29 [main] INFO  c.fspann.api.ForwardSecureANNSystem - Insert complete for id=ad9c7d4a-28a7-479f-9f69-e476dd773cf4 in 901.4753 ms
2025-06-24 17:51:30 [main] INFO  c.fspann.api.ForwardSecureANNSystem - Insert complete for id=58382e15-1341-4b4f-abd4-9090a77f3fc3 in 846.9501 ms
2025-06-24 17:51:31 [main] INFO  c.fspann.api.ForwardSecureANNSystem - Insert complete for id=fc993d9d-2e1f-49f6-92e5-48d9172a0449 in 804.3242 ms
2025-06-24 17:51:32 [main] INFO  c.fspann.api.ForwardSecureANNSystem - Insert complete for id=ed8f5466-2888-40e1-b5e9-7a97a353c427 in 966.1607 ms
2025-06-24 17:51:33 [main] INFO  c.fspann.api.ForwardSecureANNSystem - Insert complete for id=faa7c606-f2db-45f4-a6dd-1646c8808a04 in 907.0847 ms
2025-06-24 17:51:34 [main] INFO  c.fspann.api.ForwardSecureANNSystem - Insert complete for id=a52ce61c-b875-4999-a975-4cc3ad70f935 in 859.0076 ms
2025-06-24 17:51:35 [main] INFO  c.fspann.api.ForwardSecureANNSystem - Insert complete for id=accd3c99-9ad9-40ad-9cdf-584552f49dce in 1004.9364 ms
2025-06-24 17:51:36 [main] INFO  c.fspann.api.ForwardSecureANNSystem - Insert complete for id=615476b5-b22f-416e-badc-43497967d465 in 788.0209 ms
2025-06-24 17:51:37 [main] INFO  c.fspann.api.ForwardSecureANNSystem - Insert complete for id=19cd63a2-d02a-4585-9b5f-11a0b0f89aaf in 893.1004 ms
2025-06-24 17:51:37 [main] INFO  c.fspann.api.ForwardSecureANNSystem - Insert complete for id=4d638cff-fbaf-45ae-9063-ca27b91d3b41 in 957.0199 ms
2025-06-24 17:51:38 [main] INFO  c.fspann.api.ForwardSecureANNSystem - Insert complete for id=a2f1bae7-1e2f-40e0-9c07-310d518641a3 in 859.4774 ms
2025-06-24 17:51:39 [main] INFO  c.fspann.api.ForwardSecureANNSystem - Insert complete for id=3cee779c-f651-4ecb-b941-9062129cf0a9 in 934.4654 ms
2025-06-24 17:51:40 [main] INFO  c.fspann.api.ForwardSecureANNSystem - Insert complete for id=81707f88-cf09-4832-ba4c-36c79c209eb9 in 938.5059 ms
2025-06-24 17:51:41 [main] INFO  c.fspann.api.ForwardSecureANNSystem - Insert complete for id=6a9ba0c3-4b77-41b3-aeda-3a36ac1b8904 in 908.5066 ms
2025-06-24 17:51:42 [main] INFO  c.fspann.api.ForwardSecureANNSystem - Insert complete for id=1891697e-a80f-4ec2-b756-508c3586fe23 in 893.0913 ms
2025-06-24 17:51:43 [main] INFO  c.fspann.api.ForwardSecureANNSystem - Insert complete for id=d1bb7f85-bf77-4473-a36e-fb95c7b89bb7 in 836.1155 ms
2025-06-24 17:51:44 [main] INFO  c.fspann.api.ForwardSecureANNSystem - Insert complete for id=e6804bf1-b1de-4334-b0b3-02cd29bacb1a in 928.7073 ms
2025-06-24 17:51:45 [main] INFO  c.fspann.api.ForwardSecureANNSystem - Insert complete for id=bae92804-4113-4485-bf07-fd797d1276c2 in 854.7557 ms
2025-06-24 17:51:45 [main] INFO  c.fspann.api.ForwardSecureANNSystem - Insert complete for id=3f82e146-9d6e-4b89-bb8a-d9f37f293948 in 838.3266 ms
2025-06-24 17:51:46 [main] INFO  c.fspann.api.ForwardSecureANNSystem - Insert complete for id=348a943b-288e-4cf9-8fe7-9dad5df5713f in 851.2888 ms
2025-06-24 17:51:47 [main] INFO  c.fspann.api.ForwardSecureANNSystem - Insert complete for id=b41f6392-3c0e-42be-a774-2a4b6a865e40 in 942.1881 ms
2025-06-24 17:51:48 [main] INFO  c.fspann.api.ForwardSecureANNSystem - Insert complete for id=e9a60195-5fab-4687-9b94-6faa1875cbef in 923.1775 ms
2025-06-24 17:51:49 [main] INFO  c.fspann.api.ForwardSecureANNSystem - Insert complete for id=d5e979bb-30f7-45d8-b7d2-ee8a412041cf in 959.5799 ms
2025-06-24 17:51:50 [main] INFO  c.fspann.api.ForwardSecureANNSystem - Insert complete for id=c1807fbd-0e7f-4d30-9290-5a13859d9ecf in 995.9294 ms
2025-06-24 17:51:51 [main] INFO  c.fspann.api.ForwardSecureANNSystem - Insert complete for id=1682f9e0-9867-4d7a-a4b7-0a5ab6832488 in 895.7296 ms
2025-06-24 17:51:52 [main] INFO  c.fspann.api.ForwardSecureANNSystem - Insert complete for id=656ba461-1d0d-4a4c-b0fd-17770f5f48fa in 862.2607 ms
2025-06-24 17:51:53 [main] INFO  c.fspann.api.ForwardSecureANNSystem - Insert complete for id=9805f478-4462-46bb-8c15-a064d7c3666f in 963.0987 ms
2025-06-24 17:51:54 [main] INFO  c.fspann.api.ForwardSecureANNSystem - Insert complete for id=48797e18-21ad-4c13-9e49-a4c0272488a5 in 911.3288 ms
2025-06-24 17:51:55 [main] INFO  c.fspann.api.ForwardSecureANNSystem - Insert complete for id=af903b8b-61b5-4cee-8123-123fe0d5c5d0 in 949.964 ms
2025-06-24 17:51:56 [main] INFO  c.fspann.api.ForwardSecureANNSystem - Insert complete for id=57f62ccb-38a8-44b6-9f60-681025fb4348 in 905.2865 ms
2025-06-24 17:51:56 [main] INFO  c.fspann.api.ForwardSecureANNSystem - Insert complete for id=e4f15cbe-3820-4b0a-aec6-554f6b770076 in 850.6137 ms
2025-06-24 17:51:57 [main] INFO  c.fspann.api.ForwardSecureANNSystem - Insert complete for id=83fd4d9d-f964-4bda-9741-aab93a2da9a0 in 940.4055 ms
2025-06-24 17:51:58 [main] INFO  c.fspann.api.ForwardSecureANNSystem - Insert complete for id=55b535f7-ba96-4ea2-8774-14f4a7786e43 in 981.427 ms
2025-06-24 17:51:59 [main] INFO  c.fspann.api.ForwardSecureANNSystem - Insert complete for id=6f526a2f-4957-412d-aefa-f65766a9ca02 in 961.9144 ms
2025-06-24 17:52:00 [main] INFO  c.fspann.api.ForwardSecureANNSystem - Insert complete for id=bdb5decf-79b9-44a6-a8e6-effff7220c97 in 980.4602 ms
2025-06-24 17:52:01 [main] INFO  c.fspann.api.ForwardSecureANNSystem - Insert complete for id=f517e271-0037-41cf-be16-35e755d5fd42 in 943.6692 ms
2025-06-24 17:52:02 [main] INFO  c.fspann.api.ForwardSecureANNSystem - Insert complete for id=1f8f0ba9-aea9-49a5-ad34-0d7b4bdbd366 in 950.4026 ms
2025-06-24 17:52:03 [main] INFO  c.fspann.api.ForwardSecureANNSystem - Insert complete for id=bad22640-d3f8-4b30-be68-f5375dbed200 in 1072.5734 ms
2025-06-24 17:52:04 [main] INFO  c.fspann.api.ForwardSecureANNSystem - Insert complete for id=1f2fe48c-3ffb-4a56-9129-1b007fde2bf1 in 897.0026 ms
2025-06-24 17:52:05 [main] INFO  c.fspann.api.ForwardSecureANNSystem - Insert complete for id=be2e0867-6453-49ad-b7e0-2b7f49ae3998 in 933.3009 ms
2025-06-24 17:52:06 [main] INFO  c.fspann.api.ForwardSecureANNSystem - Insert complete for id=3633b798-3b52-4155-a900-8aef4c1e382f in 894.1209 ms
2025-06-24 17:52:07 [main] INFO  c.fspann.api.ForwardSecureANNSystem - Insert complete for id=7d4f8760-8b35-40be-b109-ed8c55a15661 in 929.7204 ms
2025-06-24 17:52:08 [main] INFO  c.fspann.api.ForwardSecureANNSystem - Insert complete for id=396eab6e-205c-4d45-8055-8ec9d2d67c27 in 847.4801 ms
2025-06-24 17:52:09 [main] INFO  c.fspann.api.ForwardSecureANNSystem - Insert complete for id=bb6d345d-de2f-42d7-aab7-e374b064ffb6 in 897.5703 ms
2025-06-24 17:52:10 [main] INFO  c.fspann.api.ForwardSecureANNSystem - Insert complete for id=3facb271-2b80-4b43-a11d-fa3323fd8cf2 in 847.0198 ms
2025-06-24 17:52:10 [main] INFO  c.fspann.api.ForwardSecureANNSystem - Insert complete for id=10e5977e-3a3b-422b-a015-d2c3e93aa737 in 867.7386 ms
2025-06-24 17:52:11 [main] INFO  c.fspann.api.ForwardSecureANNSystem - Insert complete for id=7235e2e0-83bd-4aab-bc01-f58715962a89 in 1022.9454 ms
2025-06-24 17:52:12 [main] INFO  c.fspann.api.ForwardSecureANNSystem - Insert complete for id=6d520a86-2d1c-4b83-9cc3-98c1e2d00ced in 799.0804 ms
2025-06-24 17:52:13 [main] INFO  c.fspann.api.ForwardSecureANNSystem - Insert complete for id=373bca5b-d1a5-41a0-a78e-7b5842da86a2 in 934.0101 ms
2025-06-24 17:52:14 [main] INFO  c.fspann.api.ForwardSecureANNSystem - Insert complete for id=b7b63145-faf2-424e-bc4a-9e378cfe37d8 in 957.5338 ms
2025-06-24 17:52:15 [main] INFO  c.fspann.api.ForwardSecureANNSystem - Insert complete for id=82d534b3-ede5-4ead-bbd7-3a87d7fc140f in 999.7115 ms
2025-06-24 17:52:16 [main] INFO  c.fspann.api.ForwardSecureANNSystem - Insert complete for id=f4f668fb-8721-4416-acb6-8b5e0ae359cd in 794.0286 ms
2025-06-24 17:52:17 [main] INFO  c.fspann.api.ForwardSecureANNSystem - Insert complete for id=c6db86ab-ec83-42b9-bd3b-e589a39d92b6 in 844.5349 ms
2025-06-24 17:52:18 [main] INFO  c.fspann.api.ForwardSecureANNSystem - Insert complete for id=c621b94b-707b-42e2-8ecf-6760e9e5e474 in 899.5288 ms
2025-06-24 17:52:19 [main] INFO  c.fspann.api.ForwardSecureANNSystem - Insert complete for id=36c75caf-31a0-413b-b188-8927072bbac0 in 871.6714 ms
2025-06-24 17:52:19 [main] INFO  c.fspann.api.ForwardSecureANNSystem - Insert complete for id=cbb4d96b-8daf-44c9-b394-1618f5626ac5 in 843.622 ms
2025-06-24 17:52:20 [main] INFO  c.fspann.api.ForwardSecureANNSystem - Insert complete for id=c8c27786-0bd3-4838-bbdf-ae4d43273980 in 840.1936 ms
2025-06-24 17:52:21 [main] INFO  c.fspann.api.ForwardSecureANNSystem - Insert complete for id=71bf20c9-ec4a-4153-b1c0-b7971dcb0729 in 926.9284 ms
2025-06-24 17:52:22 [main] INFO  c.fspann.api.ForwardSecureANNSystem - Insert complete for id=2d7db43c-a949-477d-92bc-7553f5f8b513 in 846.4137 ms
2025-06-24 17:52:23 [main] INFO  c.fspann.api.ForwardSecureANNSystem - Insert complete for id=e8ee21ea-8c24-49e7-ae9d-eb5a7525d341 in 974.1818 ms
2025-06-24 17:52:24 [main] INFO  c.fspann.api.ForwardSecureANNSystem - Insert complete for id=8cc76656-330c-4030-9e88-cab35e37bca7 in 917.786 ms
2025-06-24 17:52:25 [main] INFO  c.fspann.api.ForwardSecureANNSystem - Insert complete for id=6151b76f-1bbc-46be-b235-3fdb7d9735dc in 796.7452 ms
2025-06-24 17:52:26 [main] INFO  c.fspann.api.ForwardSecureANNSystem - Insert complete for id=7eda1dcc-2c13-497c-ba4d-3f97f2374b60 in 867.324 ms
2025-06-24 17:52:26 [main] INFO  c.fspann.api.ForwardSecureANNSystem - Insert complete for id=4028699c-9990-44b5-9a1d-c7e0d4ab48a6 in 919.8787 ms
2025-06-24 17:52:27 [main] INFO  c.fspann.api.ForwardSecureANNSystem - Insert complete for id=4dac6781-e76e-4798-87ff-2f23af9f7a3a in 827.7716 ms
2025-06-24 17:52:28 [main] INFO  c.fspann.api.ForwardSecureANNSystem - Insert complete for id=6540af29-32f9-4ed4-a478-70183739fca0 in 872.9764 ms
2025-06-24 17:52:29 [main] INFO  c.fspann.api.ForwardSecureANNSystem - Insert complete for id=65a97a17-7839-4e85-9151-3a1b28a946da in 844.362 ms
2025-06-24 17:52:30 [main] INFO  c.fspann.api.ForwardSecureANNSystem - Insert complete for id=f9e6a3a5-6d95-48c0-85b1-4f2767744021 in 833.2387 ms
2025-06-24 17:52:31 [main] INFO  c.fspann.api.ForwardSecureANNSystem - Insert complete for id=b57c7ed8-86a4-478b-8b98-c6f969ce4c13 in 872.2412 ms
2025-06-24 17:52:32 [main] INFO  c.fspann.api.ForwardSecureANNSystem - Insert complete for id=58ff9b46-04eb-4b55-a6c8-b5bc8fd3b671 in 804.5646 ms
2025-06-24 17:52:32 [main] INFO  c.fspann.api.ForwardSecureANNSystem - Insert complete for id=6d16ef6e-db43-44f1-974a-863fe18d48f7 in 817.5003 ms
2025-06-24 17:52:33 [main] INFO  c.fspann.api.ForwardSecureANNSystem - Insert complete for id=b127f3f7-6d1b-4674-b440-18e987a178ed in 865.1756 ms
2025-06-24 17:52:34 [main] INFO  c.fspann.api.ForwardSecureANNSystem - Insert complete for id=49af8041-cc33-4252-9928-e407d22ce8a1 in 841.7564 ms
2025-06-24 17:52:35 [main] INFO  c.fspann.api.ForwardSecureANNSystem - Insert complete for id=0dfc3f40-f3b9-495b-8ad4-ebac6e9ce235 in 823.5529 ms
2025-06-24 17:52:36 [main] INFO  c.fspann.api.ForwardSecureANNSystem - Insert complete for id=86dff453-63f4-468a-b5d5-63a041e6fc03 in 907.4482 ms
2025-06-24 17:52:37 [main] INFO  c.fspann.api.ForwardSecureANNSystem - Insert complete for id=f81eb4a2-11d1-4c30-a775-51c5e161ccda in 865.3261 ms
2025-06-24 17:52:37 [main] INFO  c.fspann.api.ForwardSecureANNSystem - Insert complete for id=9a1aecd7-a5d6-463a-b5b6-c7a908c4369a in 826.7621 ms
2025-06-24 17:52:38 [main] INFO  c.fspann.api.ForwardSecureANNSystem - Insert complete for id=6addcbc5-8961-4a71-98da-9ebbf9aac2e8 in 933.3212 ms
2025-06-24 17:52:39 [main] INFO  c.fspann.api.ForwardSecureANNSystem - Insert complete for id=32b148f2-0005-4a8b-95a6-45bab509c0ec in 862.9045 ms
2025-06-24 17:52:40 [main] INFO  c.fspann.api.ForwardSecureANNSystem - Insert complete for id=bc9e8c19-0b5c-47ba-abcf-8402fc1c9980 in 870.9185 ms
2025-06-24 17:52:41 [main] INFO  c.fspann.api.ForwardSecureANNSystem - Insert complete for id=47c40733-8716-4a02-9857-388bf0e81d7c in 867.983 ms
2025-06-24 17:52:42 [main] INFO  c.fspann.api.ForwardSecureANNSystem - Insert complete for id=2eb3c338-42c7-4de0-b806-80008acc644a in 961.8518 ms
2025-06-24 17:52:43 [main] INFO  c.fspann.api.ForwardSecureANNSystem - Insert complete for id=f827b23a-e29f-4ea6-ad0c-136f95debe01 in 910.9518 ms
2025-06-24 17:52:44 [main] INFO  c.fspann.api.ForwardSecureANNSystem - Insert complete for id=35252c21-7dcc-4be9-a426-9c9fdbe83a17 in 832.7779 ms
2025-06-24 17:52:45 [main] INFO  c.fspann.api.ForwardSecureANNSystem - Insert complete for id=23427802-9109-4706-b721-4a591006c601 in 871.5444 ms
2025-06-24 17:52:46 [main] INFO  c.fspann.api.ForwardSecureANNSystem - Insert complete for id=0f73fb21-63e8-4819-9ae2-f3fa4c87c703 in 941.9222 ms
2025-06-24 17:52:46 [main] INFO  c.fspann.api.ForwardSecureANNSystem - Insert complete for id=cc4c50b1-5802-4b74-877a-64ce3808c44e in 883.9634 ms
2025-06-24 17:52:47 [main] INFO  c.fspann.api.ForwardSecureANNSystem - Insert complete for id=ca202545-b0e7-41e5-bf2d-cd50b1792f59 in 698.8132 ms
2025-06-24 17:52:48 [main] INFO  c.fspann.api.ForwardSecureANNSystem - Insert complete for id=0bc26431-7e98-491f-ab2d-705c178073ab in 676.8778 ms
2025-06-24 17:52:48 [main] INFO  c.fspann.api.ForwardSecureANNSystem - Insert complete for id=a6509c68-5944-4b6f-962f-b621e1507a34 in 688.3357 ms
2025-06-24 17:52:49 [main] INFO  c.fspann.api.ForwardSecureANNSystem - Insert complete for id=748b41bc-df12-461c-9a87-7cbe959636fa in 666.1199 ms
2025-06-24 17:52:50 [main] INFO  c.fspann.api.ForwardSecureANNSystem - Insert complete for id=b2ea85f7-df89-44bd-97d2-da02df554826 in 670.0343 ms
2025-06-24 17:52:50 [main] INFO  c.fspann.api.ForwardSecureANNSystem - Insert complete for id=b5adf6f7-5016-4f2e-9e10-1c17953282ab in 669.4797 ms
2025-06-24 17:52:51 [main] INFO  c.fspann.api.ForwardSecureANNSystem - Insert complete for id=b6813664-b78c-47a4-a2bc-c8c17e620b2a in 676.745 ms
2025-06-24 17:52:52 [main] INFO  c.fspann.api.ForwardSecureANNSystem - Insert complete for id=93717f57-b3ad-4948-8eae-e67511c46dd8 in 667.6098 ms
2025-06-24 17:52:53 [main] INFO  c.fspann.api.ForwardSecureANNSystem - Insert complete for id=920e88e1-eaa5-46dd-aced-266bd1a67b91 in 677.8386 ms
2025-06-24 17:52:53 [main] INFO  c.fspann.api.ForwardSecureANNSystem - Insert complete for id=7db43e22-6d1f-4382-930a-6d868ba3d006 in 668.9053 ms
2025-06-24 17:52:54 [main] INFO  c.fspann.api.ForwardSecureANNSystem - Insert complete for id=bb2b20a3-1bd3-4493-ad65-656ff1f7f581 in 669.3732 ms
2025-06-24 17:52:55 [main] INFO  c.fspann.api.ForwardSecureANNSystem - Insert complete for id=5aa014e7-b265-4d4e-ad6f-94964c352ccf in 670.9409 ms
2025-06-24 17:52:55 [main] INFO  c.fspann.api.ForwardSecureANNSystem - Insert complete for id=8fe70ba5-749b-44b7-8213-27b4859d33da in 675.9054 ms
2025-06-24 17:52:56 [main] INFO  c.fspann.api.ForwardSecureANNSystem - Insert complete for id=209c415a-b468-4298-ad52-c40687ce517c in 667.4303 ms
2025-06-24 17:52:57 [main] INFO  c.fspann.api.ForwardSecureANNSystem - Insert complete for id=a847170c-248b-4187-890b-67db630574f7 in 672.8137 ms
2025-06-24 17:52:57 [main] INFO  c.fspann.api.ForwardSecureANNSystem - Insert complete for id=bd9a152d-2d30-4630-b4fa-f460efccc133 in 672.2159 ms
2025-06-24 17:52:58 [main] INFO  c.fspann.api.ForwardSecureANNSystem - Insert complete for id=5ff361d0-689c-41d0-887b-59a5c5f9a121 in 671.6771 ms
2025-06-24 17:52:59 [main] INFO  c.fspann.api.ForwardSecureANNSystem - Insert complete for id=d407d65d-740e-4905-abae-8322664c089d in 681.4501 ms
2025-06-24 17:52:59 [main] INFO  c.fspann.api.ForwardSecureANNSystem - Insert complete for id=5e8dd955-fe8c-4d07-8bc6-206042f84934 in 671.7227 ms
2025-06-24 17:53:00 [main] INFO  c.fspann.api.ForwardSecureANNSystem - Insert complete for id=7010fa7b-0dd7-493a-8179-89d965e9632b in 686.3596 ms
2025-06-24 17:53:01 [main] INFO  c.fspann.api.ForwardSecureANNSystem - Insert complete for id=29ba1f39-1539-465d-b4e8-e130a83a14b5 in 681.7259 ms
2025-06-24 17:53:01 [main] INFO  c.fspann.api.ForwardSecureANNSystem - Insert complete for id=bd60be45-744f-4915-b9b7-726c2dc910b0 in 687.8018 ms
2025-06-24 17:53:02 [main] INFO  c.fspann.api.ForwardSecureANNSystem - Insert complete for id=6f08c488-2354-4fd7-855a-b52a9c63f624 in 676.2461 ms
2025-06-24 17:53:03 [main] INFO  c.fspann.api.ForwardSecureANNSystem - Insert complete for id=706d040f-0a40-4d69-86a6-cfba34a1a82b in 678.1442 ms
2025-06-24 17:53:03 [main] INFO  c.fspann.api.ForwardSecureANNSystem - Insert complete for id=8491d1fa-1732-490b-b23f-0780dc47d40f in 673.4919 ms
2025-06-24 17:53:04 [main] INFO  c.fspann.api.ForwardSecureANNSystem - Insert complete for id=c8f2911f-4e05-42e3-b310-ecbb7668205a in 693.2607 ms
2025-06-24 17:53:05 [main] INFO  c.fspann.api.ForwardSecureANNSystem - Insert complete for id=b8a26520-27d1-4e4d-9b84-eec2d7e25f8d in 717.3908 ms
2025-06-24 17:53:05 [main] INFO  c.fspann.api.ForwardSecureANNSystem - Insert complete for id=955c6a82-7fd6-45b5-9e19-e3518a7116ba in 685.0415 ms
2025-06-24 17:53:06 [main] INFO  c.fspann.api.ForwardSecureANNSystem - Insert complete for id=51911916-36cb-41dc-872d-ecb1904d0b50 in 682.7976 ms
2025-06-24 17:53:07 [main] INFO  c.fspann.api.ForwardSecureANNSystem - Insert complete for id=98aef17a-4ad4-4456-abbe-b10c2b6bba40 in 680.5803 ms
2025-06-24 17:53:07 [main] INFO  c.fspann.api.ForwardSecureANNSystem - Insert complete for id=76c546a9-4eda-4bc6-8165-5d4dbe407b0f in 679.4365 ms
2025-06-24 17:53:08 [main] INFO  c.fspann.api.ForwardSecureANNSystem - Insert complete for id=80947bc8-8b9c-479b-96cb-3358b7306616 in 696.8478 ms
2025-06-24 17:53:09 [main] INFO  c.fspann.api.ForwardSecureANNSystem - Insert complete for id=cb3d97d4-7722-453d-8964-ec5d6fa30fb0 in 687.6437 ms
2025-06-24 17:53:10 [main] INFO  c.fspann.api.ForwardSecureANNSystem - Insert complete for id=4ec36c9a-f5dd-4c39-a70b-a45d26974062 in 668.0497 ms
2025-06-24 17:53:10 [main] INFO  c.fspann.api.ForwardSecureANNSystem - Insert complete for id=a5194526-d072-4d02-9697-be6429063ff2 in 671.1383 ms
2025-06-24 17:53:11 [main] INFO  c.fspann.api.ForwardSecureANNSystem - Insert complete for id=f2760664-bec4-4052-8c3b-e2951ed3bf5c in 677.7151 ms
2025-06-24 17:53:12 [main] INFO  c.fspann.api.ForwardSecureANNSystem - Insert complete for id=79e14b2f-3d30-44c9-b506-9197031e8855 in 676.313 ms
2025-06-24 17:53:12 [main] INFO  c.fspann.api.ForwardSecureANNSystem - Insert complete for id=b2474a4d-a671-4ec5-9439-e650f6debd05 in 671.7688 ms
2025-06-24 17:53:13 [main] INFO  c.fspann.api.ForwardSecureANNSystem - Insert complete for id=1fb6e0e6-8c5e-4b46-8b5b-0ec824ef44be in 681.7375 ms
2025-06-24 17:53:14 [main] INFO  c.fspann.api.ForwardSecureANNSystem - Insert complete for id=5601a208-d4a6-4f43-bcc1-dfe3c8c033cc in 687.4216 ms
2025-06-24 17:53:14 [main] INFO  c.fspann.api.ForwardSecureANNSystem - Insert complete for id=721903dc-1fd7-4f8b-a5e9-8eda7b551818 in 674.9414 ms
2025-06-24 17:53:15 [main] INFO  c.fspann.api.ForwardSecureANNSystem - Insert complete for id=6307c787-33aa-48a9-9378-2b4d241063a2 in 675.9187 ms
2025-06-24 17:53:16 [main] INFO  c.fspann.api.ForwardSecureANNSystem - Insert complete for id=02971447-6075-41a0-8aa5-191fd6228194 in 672.6825 ms
2025-06-24 17:53:16 [main] INFO  c.fspann.api.ForwardSecureANNSystem - Insert complete for id=133263bc-6725-435d-bcfc-c83dad756ed8 in 697.3897 ms
2025-06-24 17:53:17 [main] INFO  c.fspann.api.ForwardSecureANNSystem - Insert complete for id=574257ca-3bdd-4e38-b205-67217ffe69a4 in 714.0458 ms
2025-06-24 17:53:18 [main] INFO  c.fspann.api.ForwardSecureANNSystem - Insert complete for id=e4c56d12-fbed-4f04-8f33-a107ce150255 in 681.4739 ms
2025-06-24 17:53:18 [main] INFO  c.fspann.api.ForwardSecureANNSystem - Insert complete for id=538d5dd8-5e29-4224-949e-ba47a2ac9727 in 683.048 ms
2025-06-24 17:53:19 [main] INFO  c.fspann.api.ForwardSecureANNSystem - Insert complete for id=b6a68d4b-a06f-4205-81a0-5f098051c8df in 693.2168 ms
2025-06-24 17:53:20 [main] INFO  c.fspann.api.ForwardSecureANNSystem - Insert complete for id=97bb44d1-ea95-480a-805c-a9bc32a147e9 in 682.2209 ms
2025-06-24 17:53:20 [main] INFO  c.fspann.api.ForwardSecureANNSystem - Insert complete for id=96085c35-9117-4c38-ad32-d1b9d771989b in 682.8664 ms
2025-06-24 17:53:21 [main] INFO  c.fspann.api.ForwardSecureANNSystem - Insert complete for id=59a893e8-d93b-4387-a407-b3d069328687 in 726.8391 ms
2025-06-24 17:53:22 [main] INFO  c.fspann.api.ForwardSecureANNSystem - Insert complete for id=2e8221fb-a705-49ba-a141-75d6510f7d2e in 703.8727 ms
2025-06-24 17:53:23 [main] INFO  c.fspann.api.ForwardSecureANNSystem - Insert complete for id=878f9ca8-3cbf-434a-b70b-7157c2b209f1 in 684.6835 ms
2025-06-24 17:53:23 [main] INFO  c.fspann.api.ForwardSecureANNSystem - Insert complete for id=8abe54b3-e188-4544-91db-28d4b0c9597f in 683.8825 ms
2025-06-24 17:53:24 [main] INFO  c.fspann.api.ForwardSecureANNSystem - Insert complete for id=c02496e1-3fe3-4e3f-8cd9-1eda2f951adf in 688.1199 ms
2025-06-24 17:53:25 [main] INFO  c.fspann.api.ForwardSecureANNSystem - Insert complete for id=951b9e61-d6d6-4756-89b8-bfcdcfde93fe in 680.0875 ms
2025-06-24 17:53:25 [main] INFO  c.fspann.api.ForwardSecureANNSystem - Insert complete for id=86abd9f5-8fc7-4b82-9787-3b7c91ba1fd6 in 689.4107 ms
2025-06-24 17:53:26 [main] INFO  c.fspann.api.ForwardSecureANNSystem - Insert complete for id=03219fa2-4fae-4d45-99df-9fea9f2aced0 in 689.9785 ms
2025-06-24 17:53:27 [main] INFO  c.fspann.api.ForwardSecureANNSystem - Insert complete for id=7bd88ab5-1206-4d55-9f3f-c3da19367da0 in 709.8879 ms
2025-06-24 17:53:27 [main] INFO  c.fspann.api.ForwardSecureANNSystem - Insert complete for id=c151fe14-4a32-4cee-9084-c479067e232d in 682.8613 ms
2025-06-24 17:53:28 [main] INFO  c.fspann.api.ForwardSecureANNSystem - Insert complete for id=e8fe3d72-b1b8-4b63-9b89-29688c0971df in 689.21 ms
2025-06-24 17:53:29 [main] INFO  c.fspann.api.ForwardSecureANNSystem - Insert complete for id=ae870fc7-151c-4a72-b2a1-81a87bcf1808 in 722.0129 ms
2025-06-24 17:53:30 [main] INFO  c.fspann.api.ForwardSecureANNSystem - Insert complete for id=a67ff65d-84a5-4bfc-8ce5-b686647d8ea6 in 716.3511 ms
2025-06-24 17:53:30 [main] INFO  c.fspann.api.ForwardSecureANNSystem - Insert complete for id=a3ab2ff7-6d83-4587-bd8a-957d40d80f64 in 682.2703 ms
2025-06-24 17:53:31 [main] INFO  c.fspann.api.ForwardSecureANNSystem - Insert complete for id=9da457ee-378f-4916-8af1-a313ad892143 in 688.235 ms
2025-06-24 17:53:32 [main] INFO  c.fspann.api.ForwardSecureANNSystem - Insert complete for id=9c8072d6-28bf-4eca-885a-e00f74e246bc in 680.8939 ms
2025-06-24 17:53:32 [main] INFO  c.fspann.api.ForwardSecureANNSystem - Insert complete for id=2e0529ce-8279-4d3d-9755-ba80d7c0bbc1 in 675.4055 ms
2025-06-24 17:53:33 [main] INFO  c.fspann.api.ForwardSecureANNSystem - Insert complete for id=1e2ccbad-d54c-492d-9f56-940a5e325301 in 681.0017 ms
2025-06-24 17:53:34 [main] INFO  c.fspann.api.ForwardSecureANNSystem - Insert complete for id=424350f0-6e46-428c-9d6b-5aa98c8afa70 in 683.1365 ms
2025-06-24 17:53:34 [main] INFO  c.fspann.api.ForwardSecureANNSystem - Insert complete for id=1a2c87ef-9fd9-4feb-90bc-e58a7b20ef1e in 683.4936 ms
2025-06-24 17:53:35 [main] INFO  c.fspann.api.ForwardSecureANNSystem - Insert complete for id=045d1566-4a43-4937-8842-b1311ce3d75a in 710.6322 ms
2025-06-24 17:53:36 [main] INFO  c.fspann.api.ForwardSecureANNSystem - Insert complete for id=2d82360c-110d-4e84-bff6-57dffcf19551 in 697.2839 ms
2025-06-24 17:53:36 [main] INFO  c.fspann.api.ForwardSecureANNSystem - Insert complete for id=275ae649-17aa-499c-b129-9a0242e989a5 in 679.6267 ms
2025-06-24 17:53:37 [main] INFO  c.fspann.api.ForwardSecureANNSystem - Insert complete for id=5e65473a-d75b-45da-ae9d-7d1a4b3f62b6 in 676.0306 ms
2025-06-24 17:53:38 [main] INFO  c.fspann.api.ForwardSecureANNSystem - Insert complete for id=0e53eb2a-704e-4f8a-8d29-8acdf0648a6a in 708.755 ms
2025-06-24 17:53:38 [main] INFO  c.fspann.api.ForwardSecureANNSystem - Insert complete for id=827e5841-b4f4-45d8-902c-69ee25e3459f in 683.7409 ms
2025-06-24 17:53:39 [main] INFO  c.fspann.api.ForwardSecureANNSystem - Insert complete for id=d09e22e6-4ffa-4c9f-ae43-f99598249de7 in 684.7836 ms
2025-06-24 17:53:40 [main] INFO  c.fspann.api.ForwardSecureANNSystem - Insert complete for id=82f02a60-c94a-4ba4-8a92-804d20be5bdc in 678.6181 ms
2025-06-24 17:53:41 [main] INFO  c.fspann.api.ForwardSecureANNSystem - Insert complete for id=9d8871c7-aa13-499d-b301-26f52f816751 in 699.3679 ms
2025-06-24 17:53:41 [main] INFO  c.fspann.api.ForwardSecureANNSystem - Insert complete for id=f8cf3317-0429-44c9-93bd-d8d31cc37340 in 691.3448 ms
2025-06-24 17:53:42 [main] INFO  c.fspann.api.ForwardSecureANNSystem - Insert complete for id=5474b02d-da61-41db-8eab-b78a6276f6bf in 699.1777 ms
2025-06-24 17:53:43 [main] INFO  c.fspann.api.ForwardSecureANNSystem - Insert complete for id=d21dcf0f-33e2-4616-a69c-896707db33e1 in 721.8472 ms
2025-06-24 17:53:43 [main] INFO  c.fspann.api.ForwardSecureANNSystem - Insert complete for id=a8be2d36-a6aa-4a88-a4a2-e3f0d57e987a in 715.0042 ms
2025-06-24 17:53:44 [main] INFO  c.fspann.api.ForwardSecureANNSystem - Insert complete for id=f62096d0-d36d-4ed7-a36e-5d5a91f32137 in 684.1248 ms
2025-06-24 17:53:45 [main] INFO  c.fspann.api.ForwardSecureANNSystem - Insert complete for id=c5b561df-4e27-402f-b95b-5ba1f3dc92c3 in 733.4024 ms
2025-06-24 17:53:45 [main] INFO  c.fspann.api.ForwardSecureANNSystem - Insert complete for id=d55be472-01aa-4a8d-95b6-51779ce29e9d in 716.0842 ms
2025-06-24 17:53:46 [main] INFO  c.fspann.api.ForwardSecureANNSystem - Insert complete for id=d0ced288-52a0-4480-adc3-72d88b7c39e0 in 719.3164 ms
2025-06-24 17:53:47 [main] INFO  c.fspann.api.ForwardSecureANNSystem - Insert complete for id=f0ceaea2-87ef-4e38-bc83-f956c2c39a0e in 682.8473 ms
2025-06-24 17:53:48 [main] INFO  c.fspann.api.ForwardSecureANNSystem - Insert complete for id=3e432e2e-9b3b-4a62-a557-9153c08ea783 in 693.5841 ms
2025-06-24 17:53:48 [main] INFO  c.fspann.api.ForwardSecureANNSystem - Insert complete for id=170cc42f-597f-423e-a230-7b7b173dac63 in 692.248 ms
2025-06-24 17:53:49 [main] INFO  c.fspann.api.ForwardSecureANNSystem - Insert complete for id=d0ced92a-f950-4791-8856-7df420ebe655 in 683.6535 ms
2025-06-24 17:53:50 [main] INFO  c.fspann.api.ForwardSecureANNSystem - Insert complete for id=3da344d7-a6e4-4636-b1c5-616c08a37570 in 707.8012 ms
2025-06-24 17:53:50 [main] INFO  c.fspann.api.ForwardSecureANNSystem - Insert complete for id=322a2ada-022a-492e-8f94-9510413b7f96 in 753.8926 ms
2025-06-24 17:53:51 [main] INFO  c.fspann.api.ForwardSecureANNSystem - Insert complete for id=13b1d082-b2ee-413c-bb78-c13bdba34312 in 745.8616 ms
2025-06-24 17:53:52 [main] INFO  c.fspann.api.ForwardSecureANNSystem - Insert complete for id=7cad4cba-367e-4f7e-8d03-45bd47fae414 in 686.0925 ms
2025-06-24 17:53:53 [main] INFO  c.fspann.api.ForwardSecureANNSystem - Insert complete for id=299071e0-5149-48a1-b144-83e08b395085 in 691.3077 ms
2025-06-24 17:53:53 [main] INFO  c.fspann.api.ForwardSecureANNSystem - Insert complete for id=392fbe82-38c5-44bf-a330-23926c819f26 in 715.089 ms
2025-06-24 17:53:54 [main] INFO  c.fspann.api.ForwardSecureANNSystem - Insert complete for id=1033d773-4f77-49c6-b5d6-7948163cfc3a in 715.5724 ms
2025-06-24 17:53:55 [main] INFO  c.fspann.api.ForwardSecureANNSystem - Insert complete for id=8f85fe6e-8831-486f-b265-1e0ac18b492e in 686.6108 ms
2025-06-24 17:53:55 [main] INFO  c.fspann.api.ForwardSecureANNSystem - Insert complete for id=3ba5748a-3ac0-4440-bb58-7c0576f3d8b0 in 700.6302 ms
2025-06-24 17:53:56 [main] INFO  c.fspann.api.ForwardSecureANNSystem - Insert complete for id=352bbc76-20e6-4af0-98cb-8759f30c9ce6 in 684.9052 ms
2025-06-24 17:53:57 [main] INFO  c.fspann.api.ForwardSecureANNSystem - Insert complete for id=3dc8b3f1-16ce-4221-a5ba-6a72ed7407af in 699.4515 ms
2025-06-24 17:53:57 [main] INFO  c.fspann.api.ForwardSecureANNSystem - Insert complete for id=9c977f4d-8deb-4a59-a1f4-7876401802e2 in 693.7034 ms
2025-06-24 17:53:58 [main] INFO  c.fspann.api.ForwardSecureANNSystem - Insert complete for id=1a7e2926-9640-4ba1-9d2a-d60a12db507a in 721.7094 ms
2025-06-24 17:53:59 [main] INFO  c.fspann.api.ForwardSecureANNSystem - Insert complete for id=2683e8a7-938a-4506-be53-428372c255d3 in 682.1813 ms
2025-06-24 17:54:00 [main] INFO  c.fspann.api.ForwardSecureANNSystem - Insert complete for id=f567dc7e-a825-426d-a83c-52a2234f1ebb in 680.3637 ms
2025-06-24 17:54:00 [main] INFO  c.fspann.api.ForwardSecureANNSystem - Insert complete for id=21e37ac7-c4df-448e-846e-2c2c6ac29c21 in 681.0196 ms
2025-06-24 17:54:01 [main] INFO  c.fspann.api.ForwardSecureANNSystem - Insert complete for id=c714cb88-3dae-4b38-bf5a-c4d34d065a59 in 688.0405 ms
2025-06-24 17:54:02 [main] INFO  c.fspann.api.ForwardSecureANNSystem - Insert complete for id=cad7a3cd-798e-4449-a970-ddd08859789e in 716.9929 ms
2025-06-24 17:54:02 [main] INFO  c.fspann.api.ForwardSecureANNSystem - Insert complete for id=3656ca8b-1426-403d-805b-0976f838a320 in 685.1594 ms
2025-06-24 17:54:03 [main] INFO  c.fspann.api.ForwardSecureANNSystem - Insert complete for id=4fce0066-773a-473a-9f72-c03d211d66d5 in 682.7175 ms
2025-06-24 17:54:04 [main] INFO  c.fspann.api.ForwardSecureANNSystem - Insert complete for id=92eef761-452e-4348-a9c1-a09ce156e1cc in 682.3758 ms
2025-06-24 17:54:04 [main] INFO  c.fspann.api.ForwardSecureANNSystem - Insert complete for id=4320553f-aa65-4e71-a61f-56cd1cda899f in 682.3803 ms
2025-06-24 17:54:05 [main] INFO  c.fspann.api.ForwardSecureANNSystem - Insert complete for id=aaaca0a9-9b55-4643-8d86-a8309ca714a9 in 678.821 ms
2025-06-24 17:54:06 [main] INFO  c.fspann.api.ForwardSecureANNSystem - Insert complete for id=ea5688db-5a71-448c-accb-13d47aaab99a in 685.6141 ms
2025-06-24 17:54:06 [main] INFO  c.fspann.api.ForwardSecureANNSystem - Insert complete for id=ded8b4b3-5002-453e-89ff-91f062567cd4 in 680.7664 ms
2025-06-24 17:54:07 [main] INFO  c.fspann.api.ForwardSecureANNSystem - Insert complete for id=fa5c09a2-485f-4e91-9c95-670dd2d5d5bc in 677.3355 ms
2025-06-24 17:54:08 [main] INFO  c.fspann.api.ForwardSecureANNSystem - Insert complete for id=a9a209b7-6499-4b7d-9b35-8931a962cc78 in 675.1197 ms
2025-06-24 17:54:08 [main] INFO  c.fspann.api.ForwardSecureANNSystem - Insert complete for id=c570a830-b171-4911-b473-b3ddc6377a3d in 674.597 ms
2025-06-24 17:54:09 [main] INFO  c.fspann.api.ForwardSecureANNSystem - Insert complete for id=90940acc-ad25-4398-a51c-1f53b2b2d3c1 in 675.9175 ms
2025-06-24 17:54:10 [main] INFO  c.fspann.api.ForwardSecureANNSystem - Insert complete for id=88f22238-f25d-42b3-b3ab-ab45292243b3 in 691.1629 ms
2025-06-24 17:54:10 [main] INFO  c.fspann.api.ForwardSecureANNSystem - Insert complete for id=d3526452-41ae-4ac6-91d6-c5380de9cc23 in 685.1129 ms
2025-06-24 17:54:11 [main] INFO  c.fspann.api.ForwardSecureANNSystem - Insert complete for id=1dc67565-b3da-49c3-923e-1c28eeaa0cb4 in 676.5336 ms
2025-06-24 17:54:12 [main] INFO  c.fspann.api.ForwardSecureANNSystem - Insert complete for id=d86a5927-65fd-4fff-871e-2a1f0bf300a7 in 690.7395 ms
2025-06-24 17:54:13 [main] INFO  c.fspann.api.ForwardSecureANNSystem - Insert complete for id=43fb5bcc-7f15-48bc-9542-2b8fe0542587 in 753.7523 ms
2025-06-24 17:54:13 [main] INFO  c.fspann.api.ForwardSecureANNSystem - Insert complete for id=18f5ba6c-ab7e-4b32-a144-230b54de25db in 686.6852 ms
2025-06-24 17:54:14 [main] INFO  c.fspann.api.ForwardSecureANNSystem - Insert complete for id=cfe226b3-9df6-4274-a30b-4f2edba261d2 in 703.2009 ms
2025-06-24 17:54:15 [main] INFO  c.fspann.api.ForwardSecureANNSystem - Insert complete for id=7444a22b-b3bf-4215-9ba5-3e373f04da51 in 691.0845 ms
2025-06-24 17:54:15 [main] INFO  c.fspann.api.ForwardSecureANNSystem - Insert complete for id=f83a36cf-9f1d-415a-98ab-537db0b1d295 in 671.6776 ms
2025-06-24 17:54:16 [main] INFO  c.fspann.api.ForwardSecureANNSystem - Insert complete for id=95f29edf-8aa6-4415-b87e-c1a012fee150 in 670.2472 ms
2025-06-24 17:54:17 [main] INFO  c.fspann.api.ForwardSecureANNSystem - Insert complete for id=a6d359b6-e5c7-44c4-9c97-914b5dbe365e in 681.7812 ms
2025-06-24 17:54:17 [main] INFO  c.fspann.api.ForwardSecureANNSystem - Insert complete for id=38f4cf65-a42f-4abd-b155-a518ba6de6dd in 700.6273 ms
2025-06-24 17:54:18 [main] INFO  c.fspann.api.ForwardSecureANNSystem - Insert complete for id=97593df1-1aa2-4ad4-9a25-43d145a0f23e in 683.1076 ms
2025-06-24 17:54:19 [main] INFO  c.fspann.api.ForwardSecureANNSystem - Insert complete for id=07f05f72-adfd-4556-9747-379a11065294 in 681.2934 ms
2025-06-24 17:54:19 [main] INFO  c.fspann.api.ForwardSecureANNSystem - Insert complete for id=cd7bddae-0d63-4f30-a1eb-7d0216607f3c in 678.9663 ms
2025-06-24 17:54:20 [main] INFO  c.fspann.api.ForwardSecureANNSystem - Insert complete for id=aa125349-0b7e-4312-81bf-cc5abae47d39 in 699.6509 ms
2025-06-24 17:54:21 [main] INFO  c.fspann.api.ForwardSecureANNSystem - Insert complete for id=947ca6c2-f832-4583-afbb-a09bc95a7070 in 674.0612 ms
2025-06-24 17:54:21 [main] INFO  c.fspann.api.ForwardSecureANNSystem - Insert complete for id=36163915-2b8e-47f1-acc0-bab1830c6bc5 in 673.0661 ms
2025-06-24 17:54:22 [main] INFO  c.fspann.api.ForwardSecureANNSystem - Insert complete for id=d484dc2a-b879-41ad-92d0-6575c678d8c5 in 701.7988 ms
2025-06-24 17:54:23 [main] INFO  c.fspann.api.ForwardSecureANNSystem - Insert complete for id=b45fc5be-29a4-4501-a029-0de44757911d in 680.9949 ms
2025-06-24 17:54:24 [main] INFO  c.fspann.api.ForwardSecureANNSystem - Insert complete for id=68d4ce06-1a9b-42fb-aa10-5ba58b9e8a98 in 676.1045 ms
2025-06-24 17:54:24 [main] INFO  c.fspann.api.ForwardSecureANNSystem - Insert complete for id=94cc9d98-e0bf-45d9-8021-81c428e29010 in 678.6585 ms
2025-06-24 17:54:25 [main] INFO  c.fspann.api.ForwardSecureANNSystem - Insert complete for id=07d24b34-9020-4e0e-bed9-dbcb9907bafa in 692.0436 ms
2025-06-24 17:54:26 [main] INFO  c.fspann.api.ForwardSecureANNSystem - Insert complete for id=6031b752-2746-4108-b01b-dd3b2211ea05 in 674.112 ms
2025-06-24 17:54:26 [main] INFO  c.fspann.api.ForwardSecureANNSystem - Insert complete for id=4bd6c0cf-6f19-421b-a8e2-855612b00beb in 680.8346 ms
2025-06-24 17:54:27 [main] INFO  c.fspann.api.ForwardSecureANNSystem - Insert complete for id=fd4c98d0-f862-4c9f-86a6-e54dfc9818c7 in 673.8542 ms
2025-06-24 17:54:28 [main] INFO  c.fspann.api.ForwardSecureANNSystem - Insert complete for id=ad7dbd4c-dd94-4cac-af4e-71795a7f5bbb in 692.3558 ms
2025-06-24 17:54:28 [main] INFO  c.fspann.api.ForwardSecureANNSystem - Insert complete for id=6993110e-8744-44d7-8a44-ce7409f26db4 in 678.6001 ms
2025-06-24 17:54:29 [main] INFO  c.fspann.api.ForwardSecureANNSystem - Insert complete for id=8343118c-62f0-4e8a-aa92-ae536ac3bd1d in 678.0343 ms
2025-06-24 17:54:30 [main] INFO  c.fspann.api.ForwardSecureANNSystem - Insert complete for id=0c92a5c0-86b4-49d3-9680-974dd1ab8946 in 680.2209 ms
2025-06-24 17:54:30 [main] INFO  c.fspann.api.ForwardSecureANNSystem - Insert complete for id=21a7d9b9-5b3e-4030-af59-e3a49378eaa3 in 699.1422 ms
2025-06-24 17:54:31 [main] INFO  c.fspann.api.ForwardSecureANNSystem - Insert complete for id=f68652e2-e26d-4227-86aa-ef4d6d34a710 in 683.0331 ms
2025-06-24 17:54:32 [main] INFO  c.fspann.api.ForwardSecureANNSystem - Insert complete for id=a8e4a9a8-2b3a-438b-a44f-2926f4044a43 in 692.9838 ms
2025-06-24 17:54:32 [main] INFO  c.fspann.api.ForwardSecureANNSystem - Insert complete for id=1971cad1-50ed-452b-a178-5b308c2145e9 in 677.1664 ms
2025-06-24 17:54:33 [main] INFO  c.fspann.api.ForwardSecureANNSystem - Insert complete for id=16e36206-bdcf-4b24-80ac-5bd62301f07a in 676.3484 ms
2025-06-24 17:54:34 [main] INFO  c.fspann.api.ForwardSecureANNSystem - Insert complete for id=a66d932a-87d3-49d5-92bc-edfaba8c1a2a in 670.9131 ms
2025-06-24 17:54:34 [main] INFO  c.fspann.api.ForwardSecureANNSystem - Insert complete for id=97bfbaab-91a7-4ab1-8cee-333f37bc03a2 in 682.4463 ms
2025-06-24 17:54:35 [main] INFO  c.fspann.api.ForwardSecureANNSystem - Insert complete for id=c24c899c-59d4-4f25-9996-38dd5f478ea5 in 693.3921 ms
2025-06-24 17:54:36 [main] INFO  c.fspann.api.ForwardSecureANNSystem - Insert complete for id=700050a1-a7d6-4a8a-9ea7-28793146d30a in 673.9968 ms
2025-06-24 17:54:36 [main] INFO  c.fspann.api.ForwardSecureANNSystem - Insert complete for id=b21c2f73-430c-44e7-814a-2510691b3a3a in 691.4983 ms
2025-06-24 17:54:37 [main] INFO  c.fspann.api.ForwardSecureANNSystem - Insert complete for id=b9a2a04d-a357-41d0-b84b-473a1b328df4 in 677.5069 ms
2025-06-24 17:54:38 [main] INFO  c.fspann.api.ForwardSecureANNSystem - Insert complete for id=7a02387d-f695-40d5-962f-1a0d44839533 in 681.95 ms
2025-06-24 17:54:39 [main] INFO  c.fspann.api.ForwardSecureANNSystem - Insert complete for id=3413ff3a-6911-482c-bf8b-7ac236c909dd in 706.233 ms
2025-06-24 17:54:39 [main] INFO  c.fspann.api.ForwardSecureANNSystem - Insert complete for id=6bb2b786-8533-4b2c-9018-12e67e7ec91f in 682.4564 ms
2025-06-24 17:54:40 [main] INFO  c.fspann.api.ForwardSecureANNSystem - Insert complete for id=e2bbb54a-4bc7-4620-89de-9cff7b3435fe in 668.7363 ms
2025-06-24 17:54:41 [main] INFO  c.fspann.api.ForwardSecureANNSystem - Insert complete for id=8f291143-a0d8-4a68-9d4b-33303c60b98b in 673.7 ms
2025-06-24 17:54:41 [main] INFO  c.fspann.api.ForwardSecureANNSystem - Insert complete for id=b5a2c278-56c3-4a8b-b6b8-5ba336530b30 in 670.6911 ms
2025-06-24 17:54:42 [main] INFO  c.fspann.api.ForwardSecureANNSystem - Insert complete for id=04c203fe-4c60-44d5-8a2b-9c26ea9a2470 in 675.5814 ms
2025-06-24 17:54:43 [main] INFO  c.fspann.api.ForwardSecureANNSystem - Insert complete for id=c5a90b59-b962-40cc-8a9c-b2cfbb5c4921 in 704.3809 ms
2025-06-24 17:54:43 [main] INFO  c.fspann.api.ForwardSecureANNSystem - Insert complete for id=c9f974d7-161e-4857-8a03-6e2a25a9ef86 in 682.9293 ms
2025-06-24 17:54:44 [main] INFO  c.fspann.api.ForwardSecureANNSystem - Insert complete for id=53c718a9-7b7c-492b-9fe8-06655a3eaf27 in 674.9376 ms
2025-06-24 17:54:45 [main] INFO  c.fspann.api.ForwardSecureANNSystem - Insert complete for id=4a3e8f36-cf3f-4a72-b3d2-562fa5b0568d in 676.5721 ms
2025-06-24 17:54:45 [main] INFO  c.fspann.api.ForwardSecureANNSystem - Insert complete for id=2e538c9d-d3d2-4871-96bb-95c8956bdf7f in 706.9956 ms
2025-06-24 17:54:46 [main] INFO  c.fspann.api.ForwardSecureANNSystem - Insert complete for id=20e0b982-44f3-4ac5-a5e8-a4e936188f1e in 693.8319 ms
2025-06-24 17:54:47 [main] INFO  c.fspann.api.ForwardSecureANNSystem - Insert complete for id=28aab5b4-c1a6-4563-becd-0fd38bfc0c41 in 691.88 ms
2025-06-24 17:54:47 [main] INFO  c.fspann.api.ForwardSecureANNSystem - Insert complete for id=b9d88bb9-892b-4d39-89ca-9c3e18febd4a in 687.194 ms
2025-06-24 17:54:48 [main] INFO  c.fspann.api.ForwardSecureANNSystem - Insert complete for id=e538ee01-2e0b-4c9c-ac4d-6b392ca943ab in 676.7762 ms
2025-06-24 17:54:49 [main] INFO  c.fspann.api.ForwardSecureANNSystem - Insert complete for id=d7d2e563-7b06-4779-b8dd-8b7013bdf665 in 697.6181 ms
2025-06-24 17:54:50 [main] INFO  c.fspann.api.ForwardSecureANNSystem - Insert complete for id=b80fda9d-3802-4763-afe5-f12a96150741 in 682.3017 ms
2025-06-24 17:54:50 [main] INFO  c.fspann.api.ForwardSecureANNSystem - Insert complete for id=8de3ef42-51ea-4e45-acfe-5882b882066b in 685.7825 ms
2025-06-24 17:54:51 [main] INFO  c.fspann.api.ForwardSecureANNSystem - Insert complete for id=31147539-0243-4d7d-809c-53792214bf05 in 684.6361 ms
2025-06-24 17:54:52 [main] INFO  c.fspann.api.ForwardSecureANNSystem - Insert complete for id=076c1cac-c725-4087-a9c8-7dc974fbebc4 in 694.5868 ms
2025-06-24 17:54:52 [main] INFO  c.fspann.api.ForwardSecureANNSystem - Insert complete for id=c21a57c6-0927-4df9-ac99-588361eec210 in 689.989 ms
2025-06-24 17:54:53 [main] INFO  c.fspann.api.ForwardSecureANNSystem - Insert complete for id=b3326325-7097-4a2c-8680-609919a87da0 in 688.0218 ms
2025-06-24 17:54:54 [main] INFO  c.fspann.api.ForwardSecureANNSystem - Insert complete for id=04a98ba4-2116-489d-a99f-b4a8e36e9e4a in 682.3316 ms
2025-06-24 17:54:54 [main] INFO  c.fspann.api.ForwardSecureANNSystem - Insert complete for id=f5c0ff53-f735-40a7-9cb6-8f8b71937899 in 694.3373 ms
2025-06-24 17:54:55 [main] INFO  c.fspann.api.ForwardSecureANNSystem - Insert complete for id=fce7d28c-22ad-456f-8f7e-1e8f70fa5f35 in 688.9557 ms
2025-06-24 17:54:56 [main] INFO  c.fspann.api.ForwardSecureANNSystem - Insert complete for id=52598630-08a8-43ad-a734-8efeaca9bdd4 in 689.0544 ms
2025-06-24 17:54:56 [main] INFO  c.fspann.api.ForwardSecureANNSystem - Insert complete for id=01e9f27e-9830-4651-9d29-2353a858a0ec in 691.3755 ms
2025-06-24 17:54:57 [main] INFO  c.fspann.api.ForwardSecureANNSystem - Insert complete for id=493cb4b7-59af-4da8-ba27-7c7501b19004 in 697.7959 ms
2025-06-24 17:54:58 [main] INFO  c.fspann.api.ForwardSecureANNSystem - Insert complete for id=f3bd5d6a-a221-4382-9696-9d2f75e3f51d in 684.2117 ms
2025-06-24 17:54:58 [main] INFO  c.fspann.api.ForwardSecureANNSystem - Insert complete for id=c3432f59-a968-4416-a172-28b1545d0a5a in 678.7914 ms
2025-06-24 17:54:59 [main] INFO  c.fspann.api.ForwardSecureANNSystem - Insert complete for id=30ded6f6-e71e-49ae-a893-b7f9dc7235a1 in 702.0626 ms
2025-06-24 17:55:00 [main] INFO  c.fspann.api.ForwardSecureANNSystem - Insert complete for id=3ca5be69-9844-4ade-9794-f847ebf06922 in 691.5155 ms
2025-06-24 17:55:01 [main] INFO  c.fspann.api.ForwardSecureANNSystem - Insert complete for id=2ba0fb81-6f9a-4a66-80bf-5f75d4e2ceae in 703.4245 ms
2025-06-24 17:55:01 [main] INFO  c.fspann.api.ForwardSecureANNSystem - Insert complete for id=5700b4c8-a866-4eb2-b952-79c1d72f04b1 in 684.7434 ms
2025-06-24 17:55:02 [main] INFO  c.fspann.api.ForwardSecureANNSystem - Insert complete for id=e10c6df8-f9e9-4941-bad7-8f904ee088e6 in 673.8196 ms
2025-06-24 17:55:03 [main] INFO  c.fspann.api.ForwardSecureANNSystem - Insert complete for id=85f7c0d7-ec3a-4407-922a-a0918cd4bf79 in 684.0408 ms
2025-06-24 17:55:03 [main] INFO  c.fspann.api.ForwardSecureANNSystem - Insert complete for id=aefbb78b-ae25-4b3f-ac8d-684b959c3532 in 672.1762 ms
2025-06-24 17:55:04 [main] INFO  c.fspann.api.ForwardSecureANNSystem - Insert complete for id=7ad5a626-e2c3-4eaf-a0f3-7d90c42cc1c6 in 683.8964 ms
2025-06-24 17:55:05 [main] INFO  c.fspann.api.ForwardSecureANNSystem - Insert complete for id=8592088e-2384-47ed-a1f8-1297cf9e2f3c in 670.2073 ms
2025-06-24 17:55:05 [main] INFO  c.fspann.api.ForwardSecureANNSystem - Insert complete for id=0138c787-8dc7-464f-aef7-92e64360e590 in 671.7264 ms
2025-06-24 17:55:06 [main] INFO  c.fspann.api.ForwardSecureANNSystem - Insert complete for id=2129a169-93d4-4552-a061-9146f0f087fe in 675.6591 ms
2025-06-24 17:55:07 [main] INFO  c.fspann.api.ForwardSecureANNSystem - Insert complete for id=81cf9e48-12a8-4a8d-8149-3b1a2552464e in 669.974 ms
2025-06-24 17:55:07 [main] INFO  c.fspann.api.ForwardSecureANNSystem - Insert complete for id=7cbdbae7-49d6-49f5-b6c1-58fc33a7a051 in 676.514 ms
2025-06-24 17:55:08 [main] INFO  c.fspann.api.ForwardSecureANNSystem - Insert complete for id=bb4a1d44-14b7-429e-a355-cbd0baa13f2f in 679.6801 ms
2025-06-24 17:55:09 [main] INFO  c.fspann.api.ForwardSecureANNSystem - Insert complete for id=b6e179b5-9390-4dd0-b6c5-0d764b331d83 in 674.7192 ms
2025-06-24 17:55:09 [main] INFO  c.fspann.api.ForwardSecureANNSystem - Insert complete for id=0775aaa6-5a47-408b-9ab4-0a233464d772 in 678.0195 ms
2025-06-24 17:55:10 [main] INFO  c.fspann.api.ForwardSecureANNSystem - Insert complete for id=4ba84b72-9cbc-4d0f-9012-8805eb944e5c in 679.1817 ms
2025-06-24 17:55:11 [main] INFO  c.fspann.api.ForwardSecureANNSystem - Insert complete for id=569b51c1-af47-454a-8ab5-2204e8cf33a8 in 673.3099 ms
2025-06-24 17:55:11 [main] INFO  c.f.a.ForwardSecureANNSystemPerformanceIntegrationTest - Average insert latency: 772.1617292 ms
2025-06-24 17:55:11 [main] INFO  c.fspann.api.ForwardSecureANNSystem - Cloaked query returned 5 results
2025-06-24 17:55:11 [main] INFO  c.fspann.api.ForwardSecureANNSystem - Cloaked query returned 5 results
2025-06-24 17:55:11 [main] INFO  c.fspann.api.ForwardSecureANNSystem - Cloaked query returned 5 results
2025-06-24 17:55:11 [main] INFO  c.fspann.api.ForwardSecureANNSystem - Cloaked query returned 5 results
2025-06-24 17:55:11 [main] INFO  c.fspann.api.ForwardSecureANNSystem - Cloaked query returned 5 results
2025-06-24 17:55:11 [main] INFO  c.fspann.api.ForwardSecureANNSystem - Cloaked query returned 5 results
2025-06-24 17:55:11 [main] INFO  c.fspann.api.ForwardSecureANNSystem - Cloaked query returned 5 results
2025-06-24 17:55:11 [main] INFO  c.fspann.api.ForwardSecureANNSystem - Cloaked query returned 5 results
2025-06-24 17:55:11 [main] INFO  c.fspann.api.ForwardSecureANNSystem - Cloaked query returned 5 results
2025-06-24 17:55:11 [main] INFO  c.fspann.api.ForwardSecureANNSystem - Cloaked query returned 5 results
2025-06-24 17:55:11 [main] INFO  c.fspann.api.ForwardSecureANNSystem - Cloaked query returned 5 results
2025-06-24 17:55:11 [main] INFO  c.fspann.api.ForwardSecureANNSystem - Cloaked query returned 5 results
2025-06-24 17:55:11 [main] INFO  c.fspann.api.ForwardSecureANNSystem - Cloaked query returned 5 results
2025-06-24 17:55:11 [main] INFO  c.fspann.api.ForwardSecureANNSystem - Cloaked query returned 5 results
2025-06-24 17:55:11 [main] INFO  c.fspann.api.ForwardSecureANNSystem - Cloaked query returned 5 results
2025-06-24 17:55:11 [main] INFO  c.fspann.api.ForwardSecureANNSystem - Cloaked query returned 5 results
2025-06-24 17:55:11 [main] INFO  c.fspann.api.ForwardSecureANNSystem - Cloaked query returned 5 results
2025-06-24 17:55:11 [main] INFO  c.fspann.api.ForwardSecureANNSystem - Cloaked query returned 5 results
2025-06-24 17:55:11 [main] INFO  c.fspann.api.ForwardSecureANNSystem - Cloaked query returned 5 results
2025-06-24 17:55:11 [main] INFO  c.fspann.api.ForwardSecureANNSystem - Cloaked query returned 5 results
2025-06-24 17:55:11 [main] INFO  c.fspann.api.ForwardSecureANNSystem - Cloaked query returned 5 results
2025-06-24 17:55:11 [main] INFO  c.fspann.api.ForwardSecureANNSystem - Cloaked query returned 5 results
2025-06-24 17:55:11 [main] INFO  c.fspann.api.ForwardSecureANNSystem - Cloaked query returned 5 results
2025-06-24 17:55:11 [main] INFO  c.fspann.api.ForwardSecureANNSystem - Cloaked query returned 5 results
2025-06-24 17:55:11 [main] INFO  c.fspann.api.ForwardSecureANNSystem - Cloaked query returned 5 results
2025-06-24 17:55:11 [main] INFO  c.fspann.api.ForwardSecureANNSystem - Cloaked query returned 5 results
2025-06-24 17:55:11 [main] INFO  c.fspann.api.ForwardSecureANNSystem - Cloaked query returned 5 results
2025-06-24 17:55:11 [main] INFO  c.fspann.api.ForwardSecureANNSystem - Cloaked query returned 5 results
2025-06-24 17:55:11 [main] INFO  c.fspann.api.ForwardSecureANNSystem - Cloaked query returned 5 results
2025-06-24 17:55:11 [main] INFO  c.fspann.api.ForwardSecureANNSystem - Cloaked query returned 5 results
2025-06-24 17:55:11 [main] INFO  c.fspann.api.ForwardSecureANNSystem - Cloaked query returned 5 results
2025-06-24 17:55:11 [main] INFO  c.fspann.api.ForwardSecureANNSystem - Cloaked query returned 5 results
2025-06-24 17:55:11 [main] INFO  c.fspann.api.ForwardSecureANNSystem - Cloaked query returned 5 results
2025-06-24 17:55:11 [main] INFO  c.fspann.api.ForwardSecureANNSystem - Cloaked query returned 5 results
2025-06-24 17:55:11 [main] INFO  c.fspann.api.ForwardSecureANNSystem - Cloaked query returned 5 results
2025-06-24 17:55:11 [main] INFO  c.fspann.api.ForwardSecureANNSystem - Cloaked query returned 5 results
2025-06-24 17:55:11 [main] INFO  c.fspann.api.ForwardSecureANNSystem - Cloaked query returned 5 results
2025-06-24 17:55:11 [main] INFO  c.fspann.api.ForwardSecureANNSystem - Cloaked query returned 5 results
2025-06-24 17:55:11 [main] INFO  c.fspann.api.ForwardSecureANNSystem - Cloaked query returned 5 results
2025-06-24 17:55:11 [main] INFO  c.fspann.api.ForwardSecureANNSystem - Cloaked query returned 5 results
2025-06-24 17:55:11 [main] INFO  c.fspann.api.ForwardSecureANNSystem - Cloaked query returned 5 results
2025-06-24 17:55:11 [main] INFO  c.fspann.api.ForwardSecureANNSystem - Cloaked query returned 5 results
2025-06-24 17:55:11 [main] INFO  c.fspann.api.ForwardSecureANNSystem - Cloaked query returned 5 results
2025-06-24 17:55:11 [main] INFO  c.fspann.api.ForwardSecureANNSystem - Cloaked query returned 5 results
2025-06-24 17:55:11 [main] INFO  c.fspann.api.ForwardSecureANNSystem - Cloaked query returned 5 results
2025-06-24 17:55:11 [main] INFO  c.fspann.api.ForwardSecureANNSystem - Cloaked query returned 5 results
2025-06-24 17:55:11 [main] INFO  c.fspann.api.ForwardSecureANNSystem - Cloaked query returned 5 results
2025-06-24 17:55:11 [main] INFO  c.fspann.api.ForwardSecureANNSystem - Cloaked query returned 5 results
2025-06-24 17:55:11 [main] INFO  c.fspann.api.ForwardSecureANNSystem - Cloaked query returned 5 results
2025-06-24 17:55:11 [main] INFO  c.fspann.api.ForwardSecureANNSystem - Cloaked query returned 5 results
2025-06-24 17:55:11 [main] INFO  c.fspann.api.ForwardSecureANNSystem - Cloaked query returned 5 results
2025-06-24 17:55:11 [main] INFO  c.fspann.api.ForwardSecureANNSystem - Cloaked query returned 5 results
2025-06-24 17:55:11 [main] INFO  c.fspann.api.ForwardSecureANNSystem - Cloaked query returned 5 results
2025-06-24 17:55:11 [main] INFO  c.fspann.api.ForwardSecureANNSystem - Cloaked query returned 5 results
2025-06-24 17:55:11 [main] INFO  c.fspann.api.ForwardSecureANNSystem - Cloaked query returned 5 results
2025-06-24 17:55:11 [main] INFO  c.fspann.api.ForwardSecureANNSystem - Cloaked query returned 5 results
2025-06-24 17:55:11 [main] INFO  c.fspann.api.ForwardSecureANNSystem - Cloaked query returned 5 results
2025-06-24 17:55:11 [main] INFO  c.fspann.api.ForwardSecureANNSystem - Cloaked query returned 5 results
2025-06-24 17:55:11 [main] INFO  c.fspann.api.ForwardSecureANNSystem - Cloaked query returned 5 results
2025-06-24 17:55:11 [main] INFO  c.fspann.api.ForwardSecureANNSystem - Cloaked query returned 5 results
2025-06-24 17:55:11 [main] INFO  c.fspann.api.ForwardSecureANNSystem - Cloaked query returned 5 results
2025-06-24 17:55:11 [main] INFO  c.fspann.api.ForwardSecureANNSystem - Cloaked query returned 5 results
2025-06-24 17:55:11 [main] INFO  c.fspann.api.ForwardSecureANNSystem - Cloaked query returned 5 results
2025-06-24 17:55:11 [main] INFO  c.fspann.api.ForwardSecureANNSystem - Cloaked query returned 5 results
2025-06-24 17:55:11 [main] INFO  c.fspann.api.ForwardSecureANNSystem - Cloaked query returned 5 results
2025-06-24 17:55:11 [main] INFO  c.fspann.api.ForwardSecureANNSystem - Cloaked query returned 5 results
2025-06-24 17:55:11 [main] INFO  c.fspann.api.ForwardSecureANNSystem - Cloaked query returned 5 results
2025-06-24 17:55:11 [main] INFO  c.fspann.api.ForwardSecureANNSystem - Cloaked query returned 5 results
2025-06-24 17:55:11 [main] INFO  c.fspann.api.ForwardSecureANNSystem - Cloaked query returned 5 results
2025-06-24 17:55:11 [main] INFO  c.fspann.api.ForwardSecureANNSystem - Cloaked query returned 5 results
2025-06-24 17:55:11 [main] INFO  c.fspann.api.ForwardSecureANNSystem - Cloaked query returned 5 results
2025-06-24 17:55:11 [main] INFO  c.fspann.api.ForwardSecureANNSystem - Cloaked query returned 5 results
2025-06-24 17:55:11 [main] INFO  c.fspann.api.ForwardSecureANNSystem - Cloaked query returned 5 results
2025-06-24 17:55:11 [main] INFO  c.fspann.api.ForwardSecureANNSystem - Cloaked query returned 5 results
2025-06-24 17:55:11 [main] INFO  c.fspann.api.ForwardSecureANNSystem - Cloaked query returned 5 results
2025-06-24 17:55:11 [main] INFO  c.fspann.api.ForwardSecureANNSystem - Cloaked query returned 5 results
2025-06-24 17:55:11 [main] INFO  c.fspann.api.ForwardSecureANNSystem - Cloaked query returned 5 results
2025-06-24 17:55:11 [main] INFO  c.fspann.api.ForwardSecureANNSystem - Cloaked query returned 5 results
2025-06-24 17:55:11 [main] INFO  c.fspann.api.ForwardSecureANNSystem - Cloaked query returned 5 results
2025-06-24 17:55:11 [main] INFO  c.fspann.api.ForwardSecureANNSystem - Cloaked query returned 5 results
2025-06-24 17:55:11 [main] INFO  c.fspann.api.ForwardSecureANNSystem - Cloaked query returned 5 results
2025-06-24 17:55:11 [main] INFO  c.fspann.api.ForwardSecureANNSystem - Cloaked query returned 5 results
2025-06-24 17:55:11 [main] INFO  c.fspann.api.ForwardSecureANNSystem - Cloaked query returned 5 results
2025-06-24 17:55:11 [main] INFO  c.fspann.api.ForwardSecureANNSystem - Cloaked query returned 5 results
2025-06-24 17:55:11 [main] INFO  c.fspann.api.ForwardSecureANNSystem - Cloaked query returned 5 results
2025-06-24 17:55:11 [main] INFO  c.fspann.api.ForwardSecureANNSystem - Cloaked query returned 5 results
2025-06-24 17:55:11 [main] INFO  c.fspann.api.ForwardSecureANNSystem - Cloaked query returned 5 results
2025-06-24 17:55:11 [main] INFO  c.fspann.api.ForwardSecureANNSystem - Cloaked query returned 5 results
2025-06-24 17:55:11 [main] INFO  c.fspann.api.ForwardSecureANNSystem - Cloaked query returned 5 results
2025-06-24 17:55:11 [main] INFO  c.fspann.api.ForwardSecureANNSystem - Cloaked query returned 5 results
2025-06-24 17:55:11 [main] INFO  c.fspann.api.ForwardSecureANNSystem - Cloaked query returned 5 results
2025-06-24 17:55:11 [main] INFO  c.fspann.api.ForwardSecureANNSystem - Cloaked query returned 5 results
2025-06-24 17:55:11 [main] INFO  c.fspann.api.ForwardSecureANNSystem - Cloaked query returned 5 results
2025-06-24 17:55:11 [main] INFO  c.fspann.api.ForwardSecureANNSystem - Cloaked query returned 5 results
2025-06-24 17:55:11 [main] INFO  c.fspann.api.ForwardSecureANNSystem - Cloaked query returned 5 results
2025-06-24 17:55:11 [main] INFO  c.fspann.api.ForwardSecureANNSystem - Cloaked query returned 5 results
2025-06-24 17:55:11 [main] INFO  c.fspann.api.ForwardSecureANNSystem - Cloaked query returned 5 results
2025-06-24 17:55:11 [main] INFO  c.fspann.api.ForwardSecureANNSystem - Cloaked query returned 5 results
2025-06-24 17:55:11 [main] INFO  c.fspann.api.ForwardSecureANNSystem - Cloaked query returned 5 results
2025-06-24 17:55:11 [main] INFO  c.fspann.api.ForwardSecureANNSystem - Cloaked query returned 5 results
2025-06-24 17:55:11 [main] INFO  c.fspann.api.ForwardSecureANNSystem - Cloaked query returned 5 results
2025-06-24 17:55:11 [main] INFO  c.fspann.api.ForwardSecureANNSystem - Cloaked query returned 5 results
2025-06-24 17:55:11 [main] INFO  c.fspann.api.ForwardSecureANNSystem - Cloaked query returned 5 results
2025-06-24 17:55:11 [main] INFO  c.fspann.api.ForwardSecureANNSystem - Cloaked query returned 5 results
2025-06-24 17:55:11 [main] INFO  c.fspann.api.ForwardSecureANNSystem - Cloaked query returned 5 results
2025-06-24 17:55:11 [main] INFO  c.fspann.api.ForwardSecureANNSystem - Cloaked query returned 5 results
2025-06-24 17:55:11 [main] INFO  c.fspann.api.ForwardSecureANNSystem - Cloaked query returned 5 results
2025-06-24 17:55:11 [main] INFO  c.fspann.api.ForwardSecureANNSystem - Cloaked query returned 5 results
2025-06-24 17:55:11 [main] INFO  c.fspann.api.ForwardSecureANNSystem - Cloaked query returned 5 results
2025-06-24 17:55:11 [main] INFO  c.fspann.api.ForwardSecureANNSystem - Cloaked query returned 5 results
2025-06-24 17:55:11 [main] INFO  c.fspann.api.ForwardSecureANNSystem - Cloaked query returned 5 results
2025-06-24 17:55:11 [main] INFO  c.fspann.api.ForwardSecureANNSystem - Cloaked query returned 5 results
2025-06-24 17:55:11 [main] INFO  c.fspann.api.ForwardSecureANNSystem - Cloaked query returned 5 results
2025-06-24 17:55:11 [main] INFO  c.fspann.api.ForwardSecureANNSystem - Cloaked query returned 5 results
2025-06-24 17:55:11 [main] INFO  c.fspann.api.ForwardSecureANNSystem - Cloaked query returned 5 results
2025-06-24 17:55:11 [main] INFO  c.fspann.api.ForwardSecureANNSystem - Cloaked query returned 5 results
2025-06-24 17:55:11 [main] INFO  c.fspann.api.ForwardSecureANNSystem - Cloaked query returned 5 results
2025-06-24 17:55:11 [main] INFO  c.fspann.api.ForwardSecureANNSystem - Cloaked query returned 5 results
2025-06-24 17:55:11 [main] INFO  c.fspann.api.ForwardSecureANNSystem - Cloaked query returned 5 results
2025-06-24 17:55:11 [main] INFO  c.fspann.api.ForwardSecureANNSystem - Cloaked query returned 5 results
2025-06-24 17:55:11 [main] INFO  c.fspann.api.ForwardSecureANNSystem - Cloaked query returned 5 results
2025-06-24 17:55:11 [main] INFO  c.fspann.api.ForwardSecureANNSystem - Cloaked query returned 5 results
2025-06-24 17:55:11 [main] INFO  c.fspann.api.ForwardSecureANNSystem - Cloaked query returned 5 results
2025-06-24 17:55:11 [main] INFO  c.fspann.api.ForwardSecureANNSystem - Cloaked query returned 5 results
2025-06-24 17:55:11 [main] INFO  c.fspann.api.ForwardSecureANNSystem - Cloaked query returned 5 results
2025-06-24 17:55:11 [main] INFO  c.fspann.api.ForwardSecureANNSystem - Cloaked query returned 5 results
2025-06-24 17:55:11 [main] INFO  c.fspann.api.ForwardSecureANNSystem - Cloaked query returned 5 results
2025-06-24 17:55:11 [main] INFO  c.fspann.api.ForwardSecureANNSystem - Cloaked query returned 5 results
2025-06-24 17:55:11 [main] INFO  c.fspann.api.ForwardSecureANNSystem - Cloaked query returned 5 results
2025-06-24 17:55:11 [main] INFO  c.fspann.api.ForwardSecureANNSystem - Cloaked query returned 5 results
2025-06-24 17:55:11 [main] INFO  c.fspann.api.ForwardSecureANNSystem - Cloaked query returned 5 results
2025-06-24 17:55:11 [main] INFO  c.fspann.api.ForwardSecureANNSystem - Cloaked query returned 5 results
2025-06-24 17:55:11 [main] INFO  c.fspann.api.ForwardSecureANNSystem - Cloaked query returned 5 results
2025-06-24 17:55:11 [main] INFO  c.fspann.api.ForwardSecureANNSystem - Cloaked query returned 5 results
2025-06-24 17:55:11 [main] INFO  c.fspann.api.ForwardSecureANNSystem - Cloaked query returned 5 results
2025-06-24 17:55:11 [main] INFO  c.fspann.api.ForwardSecureANNSystem - Cloaked query returned 5 results
2025-06-24 17:55:11 [main] INFO  c.fspann.api.ForwardSecureANNSystem - Cloaked query returned 5 results
2025-06-24 17:55:11 [main] INFO  c.fspann.api.ForwardSecureANNSystem - Cloaked query returned 5 results
2025-06-24 17:55:11 [main] INFO  c.fspann.api.ForwardSecureANNSystem - Cloaked query returned 5 results
2025-06-24 17:55:11 [main] INFO  c.fspann.api.ForwardSecureANNSystem - Cloaked query returned 5 results
2025-06-24 17:55:11 [main] INFO  c.fspann.api.ForwardSecureANNSystem - Cloaked query returned 5 results
2025-06-24 17:55:11 [main] INFO  c.fspann.api.ForwardSecureANNSystem - Cloaked query returned 5 results
2025-06-24 17:55:11 [main] INFO  c.fspann.api.ForwardSecureANNSystem - Cloaked query returned 5 results
2025-06-24 17:55:11 [main] INFO  c.fspann.api.ForwardSecureANNSystem - Cloaked query returned 5 results
2025-06-24 17:55:11 [main] INFO  c.fspann.api.ForwardSecureANNSystem - Cloaked query returned 5 results
2025-06-24 17:55:11 [main] INFO  c.fspann.api.ForwardSecureANNSystem - Cloaked query returned 5 results
2025-06-24 17:55:11 [main] INFO  c.fspann.api.ForwardSecureANNSystem - Cloaked query returned 5 results
2025-06-24 17:55:11 [main] INFO  c.fspann.api.ForwardSecureANNSystem - Cloaked query returned 5 results
2025-06-24 17:55:11 [main] INFO  c.fspann.api.ForwardSecureANNSystem - Cloaked query returned 5 results
2025-06-24 17:55:11 [main] INFO  c.fspann.api.ForwardSecureANNSystem - Cloaked query returned 5 results
2025-06-24 17:55:11 [main] INFO  c.fspann.api.ForwardSecureANNSystem - Cloaked query returned 5 results
2025-06-24 17:55:11 [main] INFO  c.fspann.api.ForwardSecureANNSystem - Cloaked query returned 5 results
2025-06-24 17:55:11 [main] INFO  c.fspann.api.ForwardSecureANNSystem - Cloaked query returned 5 results
2025-06-24 17:55:11 [main] INFO  c.fspann.api.ForwardSecureANNSystem - Cloaked query returned 5 results
2025-06-24 17:55:11 [main] INFO  c.fspann.api.ForwardSecureANNSystem - Cloaked query returned 5 results
2025-06-24 17:55:11 [main] INFO  c.fspann.api.ForwardSecureANNSystem - Cloaked query returned 5 results
2025-06-24 17:55:11 [main] INFO  c.fspann.api.ForwardSecureANNSystem - Cloaked query returned 5 results
2025-06-24 17:55:11 [main] INFO  c.fspann.api.ForwardSecureANNSystem - Cloaked query returned 5 results
2025-06-24 17:55:11 [main] INFO  c.fspann.api.ForwardSecureANNSystem - Cloaked query returned 5 results
2025-06-24 17:55:11 [main] INFO  c.fspann.api.ForwardSecureANNSystem - Cloaked query returned 5 results
2025-06-24 17:55:11 [main] INFO  c.fspann.api.ForwardSecureANNSystem - Cloaked query returned 5 results
2025-06-24 17:55:11 [main] INFO  c.fspann.api.ForwardSecureANNSystem - Cloaked query returned 5 results
2025-06-24 17:55:11 [main] INFO  c.fspann.api.ForwardSecureANNSystem - Cloaked query returned 5 results
2025-06-24 17:55:11 [main] INFO  c.fspann.api.ForwardSecureANNSystem - Cloaked query returned 5 results
2025-06-24 17:55:11 [main] INFO  c.fspann.api.ForwardSecureANNSystem - Cloaked query returned 5 results
2025-06-24 17:55:11 [main] INFO  c.fspann.api.ForwardSecureANNSystem - Cloaked query returned 5 results
2025-06-24 17:55:11 [main] INFO  c.fspann.api.ForwardSecureANNSystem - Cloaked query returned 5 results
2025-06-24 17:55:11 [main] INFO  c.fspann.api.ForwardSecureANNSystem - Cloaked query returned 5 results
2025-06-24 17:55:11 [main] INFO  c.fspann.api.ForwardSecureANNSystem - Cloaked query returned 5 results
2025-06-24 17:55:11 [main] INFO  c.fspann.api.ForwardSecureANNSystem - Cloaked query returned 5 results
2025-06-24 17:55:11 [main] INFO  c.fspann.api.ForwardSecureANNSystem - Cloaked query returned 5 results
2025-06-24 17:55:11 [main] INFO  c.fspann.api.ForwardSecureANNSystem - Cloaked query returned 5 results
2025-06-24 17:55:11 [main] INFO  c.fspann.api.ForwardSecureANNSystem - Cloaked query returned 5 results
2025-06-24 17:55:11 [main] INFO  c.fspann.api.ForwardSecureANNSystem - Cloaked query returned 5 results
2025-06-24 17:55:11 [main] INFO  c.fspann.api.ForwardSecureANNSystem - Cloaked query returned 5 results
2025-06-24 17:55:11 [main] INFO  c.fspann.api.ForwardSecureANNSystem - Cloaked query returned 5 results
2025-06-24 17:55:11 [main] INFO  c.fspann.api.ForwardSecureANNSystem - Cloaked query returned 5 results
2025-06-24 17:55:11 [main] INFO  c.fspann.api.ForwardSecureANNSystem - Cloaked query returned 5 results
2025-06-24 17:55:11 [main] INFO  c.fspann.api.ForwardSecureANNSystem - Cloaked query returned 5 results
2025-06-24 17:55:11 [main] INFO  c.fspann.api.ForwardSecureANNSystem - Cloaked query returned 5 results
2025-06-24 17:55:11 [main] INFO  c.fspann.api.ForwardSecureANNSystem - Cloaked query returned 5 results
2025-06-24 17:55:11 [main] INFO  c.fspann.api.ForwardSecureANNSystem - Cloaked query returned 5 results
2025-06-24 17:55:11 [main] INFO  c.fspann.api.ForwardSecureANNSystem - Cloaked query returned 5 results
2025-06-24 17:55:11 [main] INFO  c.fspann.api.ForwardSecureANNSystem - Cloaked query returned 5 results
2025-06-24 17:55:11 [main] INFO  c.fspann.api.ForwardSecureANNSystem - Cloaked query returned 5 results
2025-06-24 17:55:11 [main] INFO  c.fspann.api.ForwardSecureANNSystem - Cloaked query returned 5 results
2025-06-24 17:55:11 [main] INFO  c.fspann.api.ForwardSecureANNSystem - Cloaked query returned 5 results
2025-06-24 17:55:11 [main] INFO  c.fspann.api.ForwardSecureANNSystem - Cloaked query returned 5 results
2025-06-24 17:55:11 [main] INFO  c.fspann.api.ForwardSecureANNSystem - Cloaked query returned 5 results
2025-06-24 17:55:11 [main] INFO  c.fspann.api.ForwardSecureANNSystem - Cloaked query returned 5 results
2025-06-24 17:55:11 [main] INFO  c.fspann.api.ForwardSecureANNSystem - Cloaked query returned 5 results
2025-06-24 17:55:11 [main] INFO  c.fspann.api.ForwardSecureANNSystem - Cloaked query returned 5 results
2025-06-24 17:55:11 [main] INFO  c.fspann.api.ForwardSecureANNSystem - Cloaked query returned 5 results
2025-06-24 17:55:11 [main] INFO  c.fspann.api.ForwardSecureANNSystem - Cloaked query returned 5 results
2025-06-24 17:55:11 [main] INFO  c.fspann.api.ForwardSecureANNSystem - Cloaked query returned 5 results
2025-06-24 17:55:11 [main] INFO  c.fspann.api.ForwardSecureANNSystem - Cloaked query returned 5 results
2025-06-24 17:55:11 [main] INFO  c.fspann.api.ForwardSecureANNSystem - Cloaked query returned 5 results
2025-06-24 17:55:11 [main] INFO  c.fspann.api.ForwardSecureANNSystem - Cloaked query returned 5 results
2025-06-24 17:55:11 [main] INFO  c.fspann.api.ForwardSecureANNSystem - Cloaked query returned 5 results
2025-06-24 17:55:11 [main] INFO  c.fspann.api.ForwardSecureANNSystem - Cloaked query returned 5 results
2025-06-24 17:55:11 [main] INFO  c.f.a.ForwardSecureANNSystemPerformanceIntegrationTest - Average query latency: 0.9345205 ms
]]></system-out>
  </testcase>
  <testcase name="endToEndWorkflowTest(Path)" classname="com.fspann.api.ForwardSecureANNSystemPerformanceIntegrationTest" time="72.316">
    <system-out><![CDATA[2025-06-24 17:55:11 [main] INFO  c.fspann.api.ForwardSecureANNSystem - Running end-to-end workflow with dataPath=C:\Users\MEHRAN~1\AppData\Local\Temp\junit-18118095232044160121\data.csv, topK=5, dim=10
2025-06-24 17:55:11 [main] INFO  com.fspann.loader.DefaultDataLoader - Loading data from C:\Users\MEHRAN~1\AppData\Local\Temp\junit-18118095232044160121\data.csv using loader for CSV
2025-06-24 17:55:13 [main] INFO  c.fspann.api.ForwardSecureANNSystem - Batch insert complete for 3 vectors in 2072.9333 ms
2025-06-24 17:55:13 [main] INFO  c.fspann.api.ForwardSecureANNSystem - Loaded and indexed 3 vectors
2025-06-24 17:55:13 [main] INFO  c.fspann.api.ForwardSecureANNSystem - Inserting 100 fake points for dimension 10
2025-06-24 17:55:14 [main] INFO  c.fspann.api.ForwardSecureANNSystem - Insert complete for id=0d91567f-b450-4f12-bb57-8f43e73b2300 in 673.2214 ms
2025-06-24 17:55:14 [main] INFO  c.fspann.api.ForwardSecureANNSystem - Insert complete for id=8042932c-447e-431f-8ad9-1bdc39addb70 in 681.6345 ms
2025-06-24 17:55:15 [main] INFO  c.fspann.api.ForwardSecureANNSystem - Insert complete for id=ed75a1c6-d7cf-4ff6-a4d9-9a168c800552 in 691.3955 ms
2025-06-24 17:55:16 [main] INFO  c.fspann.api.ForwardSecureANNSystem - Insert complete for id=2e0e9d8b-40ef-4e68-8b2b-0caf1e5d2457 in 705.2963 ms
2025-06-24 17:55:16 [main] INFO  c.fspann.api.ForwardSecureANNSystem - Insert complete for id=1c68e6b4-9710-4bf8-a82c-2f4935a878b0 in 683.6459 ms
2025-06-24 17:55:17 [main] INFO  c.fspann.api.ForwardSecureANNSystem - Insert complete for id=8c948b14-75d5-4a36-8e64-9d5cbd4d5429 in 738.7787 ms
2025-06-24 17:55:18 [main] INFO  c.fspann.api.ForwardSecureANNSystem - Insert complete for id=6b8d7af8-7c5d-4cf0-a680-9100c04da21c in 676.5806 ms
2025-06-24 17:55:19 [main] INFO  c.fspann.api.ForwardSecureANNSystem - Insert complete for id=3b6ba1c5-322f-4f97-9dfb-9958c49cd5de in 687.4252 ms
2025-06-24 17:55:19 [main] INFO  c.fspann.api.ForwardSecureANNSystem - Insert complete for id=3ba8da18-9eb6-4b7f-acb4-9bf75ef737fe in 680.6117 ms
2025-06-24 17:55:20 [main] INFO  c.fspann.api.ForwardSecureANNSystem - Insert complete for id=305654ec-c44a-4cc2-98c1-0ef785df8cc6 in 677.2604 ms
2025-06-24 17:55:21 [main] INFO  c.fspann.api.ForwardSecureANNSystem - Insert complete for id=33520194-ae2e-4637-9593-818d370dad44 in 680.8719 ms
2025-06-24 17:55:21 [main] INFO  c.fspann.api.ForwardSecureANNSystem - Insert complete for id=6bef05ac-8521-450d-a76c-fe77e0477cb2 in 675.1507 ms
2025-06-24 17:55:22 [main] INFO  c.fspann.api.ForwardSecureANNSystem - Insert complete for id=607e816c-fe93-4b3e-bc8b-3391abc6387d in 678.0523 ms
2025-06-24 17:55:23 [main] INFO  c.fspann.api.ForwardSecureANNSystem - Insert complete for id=187c122d-92f2-4abe-aa49-15718c10f3b6 in 684.633 ms
2025-06-24 17:55:23 [main] INFO  c.fspann.api.ForwardSecureANNSystem - Insert complete for id=811e04ab-50d0-4b57-9176-d7c094d827c3 in 685.6633 ms
2025-06-24 17:55:24 [main] INFO  c.fspann.api.ForwardSecureANNSystem - Insert complete for id=31887167-1541-4513-918a-2d9d631c0c1e in 695.2607 ms
2025-06-24 17:55:25 [main] INFO  c.fspann.api.ForwardSecureANNSystem - Insert complete for id=e537ac44-3f91-4e8c-88f0-41d8beae3f53 in 701.0201 ms
2025-06-24 17:55:25 [main] INFO  c.fspann.api.ForwardSecureANNSystem - Insert complete for id=23eb4893-7980-480a-82b7-d004958dfdff in 689.5057 ms
2025-06-24 17:55:26 [main] INFO  c.fspann.api.ForwardSecureANNSystem - Insert complete for id=67b0d068-7b1b-4aa6-8fc0-965c5bdba98a in 700.7147 ms
2025-06-24 17:55:27 [main] INFO  c.fspann.api.ForwardSecureANNSystem - Insert complete for id=316bb6b1-516b-4f9b-95de-25702f1e5960 in 723.9043 ms
2025-06-24 17:55:27 [main] INFO  c.fspann.api.ForwardSecureANNSystem - Insert complete for id=f9119459-b2be-45b0-8dde-951994f33b06 in 681.7253 ms
2025-06-24 17:55:28 [main] INFO  c.fspann.api.ForwardSecureANNSystem - Insert complete for id=a972b6d4-43be-46cd-a2e1-93a7bd80719d in 811.2446 ms
2025-06-24 17:55:29 [main] INFO  c.fspann.api.ForwardSecureANNSystem - Insert complete for id=80484b7a-caf9-433d-9c03-8096f0c24696 in 691.9593 ms
2025-06-24 17:55:30 [main] INFO  c.fspann.api.ForwardSecureANNSystem - Insert complete for id=2e7cc445-5c2a-4593-9d54-b969827c3d81 in 692.9831 ms
2025-06-24 17:55:30 [main] INFO  c.fspann.api.ForwardSecureANNSystem - Insert complete for id=6faed362-0e16-472a-8a61-a77c9d7b33e8 in 695.3011 ms
2025-06-24 17:55:31 [main] INFO  c.fspann.api.ForwardSecureANNSystem - Insert complete for id=7a2868fb-07c2-4041-bc7c-cadff3213aa4 in 745.3136 ms
2025-06-24 17:55:32 [main] INFO  c.fspann.api.ForwardSecureANNSystem - Insert complete for id=1d1abc27-6042-40bf-b775-3cc15dfac93c in 693.3076 ms
2025-06-24 17:55:32 [main] INFO  c.fspann.api.ForwardSecureANNSystem - Insert complete for id=4724fa96-7664-434e-bb62-70895eec4f64 in 690.9437 ms
2025-06-24 17:55:33 [main] INFO  c.fspann.api.ForwardSecureANNSystem - Insert complete for id=f3f514e6-c21a-4323-95bf-a2020237a35e in 683.099 ms
2025-06-24 17:55:34 [main] INFO  c.fspann.api.ForwardSecureANNSystem - Insert complete for id=c72f64ab-82c4-483d-b55f-6f1127264e3f in 675.248 ms
2025-06-24 17:55:35 [main] INFO  c.fspann.api.ForwardSecureANNSystem - Insert complete for id=eb870b10-2f7a-442d-a023-e601627bb80f in 678.109 ms
2025-06-24 17:55:35 [main] INFO  c.fspann.api.ForwardSecureANNSystem - Insert complete for id=bf94bd2c-a4fd-4af9-b503-3d96d4600c35 in 686.7118 ms
2025-06-24 17:55:36 [main] INFO  c.fspann.api.ForwardSecureANNSystem - Insert complete for id=ba86014b-2f97-40af-8d44-ec3411cd2241 in 680.9284 ms
2025-06-24 17:55:37 [main] INFO  c.fspann.api.ForwardSecureANNSystem - Insert complete for id=a4a62455-904c-4c46-aac7-d6d036cef3d4 in 676.8848 ms
2025-06-24 17:55:37 [main] INFO  c.fspann.api.ForwardSecureANNSystem - Insert complete for id=02ed6892-ba99-4170-8e90-d31348ae4106 in 694.1999 ms
2025-06-24 17:55:38 [main] INFO  c.fspann.api.ForwardSecureANNSystem - Insert complete for id=dead9f94-32aa-42ab-af63-07269ce8f93b in 674.0325 ms
2025-06-24 17:55:39 [main] INFO  c.fspann.api.ForwardSecureANNSystem - Insert complete for id=727e8a87-3f9a-4dc6-ae8b-184baa85695e in 679.994 ms
2025-06-24 17:55:39 [main] INFO  c.fspann.api.ForwardSecureANNSystem - Insert complete for id=c723a092-7b0d-46a6-b007-4c2320aa1246 in 691.7101 ms
2025-06-24 17:55:40 [main] INFO  c.fspann.api.ForwardSecureANNSystem - Insert complete for id=43b9ef37-2b1a-4ead-87f1-112e8f0dd350 in 685.763 ms
2025-06-24 17:55:41 [main] INFO  c.fspann.api.ForwardSecureANNSystem - Insert complete for id=599ff953-b3e2-4808-84d8-ec5e161d7dbb in 686.1209 ms
2025-06-24 17:55:41 [main] INFO  c.fspann.api.ForwardSecureANNSystem - Insert complete for id=c148303f-4738-40b9-a2d3-d44fe74e650a in 730.1156 ms
2025-06-24 17:55:42 [main] INFO  c.fspann.api.ForwardSecureANNSystem - Insert complete for id=e5b4b0d2-b694-4624-8ff9-180e06ec03fb in 708.1238 ms
2025-06-24 17:55:43 [main] INFO  c.fspann.api.ForwardSecureANNSystem - Insert complete for id=823a0ae6-5039-419e-9cf8-5350c13be347 in 682.581 ms
2025-06-24 17:55:44 [main] INFO  c.fspann.api.ForwardSecureANNSystem - Insert complete for id=9d883b0a-b38c-43d3-938d-cda8cb60c28a in 697.7126 ms
2025-06-24 17:55:44 [main] INFO  c.fspann.api.ForwardSecureANNSystem - Insert complete for id=4d845d38-02d4-45ed-b540-bccd633c2a1b in 718.056 ms
2025-06-24 17:55:45 [main] INFO  c.fspann.api.ForwardSecureANNSystem - Insert complete for id=1b81df55-3617-4c1e-bd40-0ff0cb40e2c3 in 704.1828 ms
2025-06-24 17:55:46 [main] INFO  c.fspann.api.ForwardSecureANNSystem - Insert complete for id=58fe5ef5-65a5-4451-8894-b177a1c63d9d in 708.0478 ms
2025-06-24 17:55:46 [main] INFO  c.fspann.api.ForwardSecureANNSystem - Insert complete for id=d418a88c-c2cc-4b44-bffc-e2139293a7e1 in 705.6733 ms
2025-06-24 17:55:47 [main] INFO  c.fspann.api.ForwardSecureANNSystem - Insert complete for id=6d80857b-6e3b-4108-92a3-f844afe655ad in 692.6712 ms
2025-06-24 17:55:48 [main] INFO  c.fspann.api.ForwardSecureANNSystem - Insert complete for id=221b381a-abeb-40b6-ae8d-af410c312da6 in 727.8113 ms
2025-06-24 17:55:48 [main] INFO  c.fspann.api.ForwardSecureANNSystem - Insert complete for id=785cd7c9-811b-4c3d-8ddc-12af30cbf870 in 687.1236 ms
2025-06-24 17:55:49 [main] INFO  c.fspann.api.ForwardSecureANNSystem - Insert complete for id=e30a54e1-14bf-41d2-a362-4ae51edf4ff8 in 693.2796 ms
2025-06-24 17:55:50 [main] INFO  c.fspann.api.ForwardSecureANNSystem - Insert complete for id=71d8f0b1-6c4f-470c-be79-6014e16c6b4f in 720.3243 ms
2025-06-24 17:55:51 [main] INFO  c.fspann.api.ForwardSecureANNSystem - Insert complete for id=6b655c70-5276-4ef6-ab23-facad9fc3d99 in 710.4557 ms
2025-06-24 17:55:51 [main] INFO  c.fspann.api.ForwardSecureANNSystem - Insert complete for id=2f943b37-c77b-412e-862d-ee8617a349c5 in 691.062 ms
2025-06-24 17:55:52 [main] INFO  c.fspann.api.ForwardSecureANNSystem - Insert complete for id=ea56abcf-4053-4459-bd39-425e77c3975e in 697.3114 ms
2025-06-24 17:55:53 [main] INFO  c.fspann.api.ForwardSecureANNSystem - Insert complete for id=779dbbb8-d793-47dc-9f00-b261c7c6c2ac in 693.8646 ms
2025-06-24 17:55:53 [main] INFO  c.fspann.api.ForwardSecureANNSystem - Insert complete for id=3f4f3a3b-9a88-43ff-9147-debf4f60a462 in 683.7376 ms
2025-06-24 17:55:54 [main] INFO  c.fspann.api.ForwardSecureANNSystem - Insert complete for id=255e5888-5e70-4f05-9b22-a1a8f388248c in 702.5773 ms
2025-06-24 17:55:55 [main] INFO  c.fspann.api.ForwardSecureANNSystem - Insert complete for id=6b21b979-e95f-4bee-9cad-b8d12da7d3c6 in 699.9995 ms
2025-06-24 17:55:55 [main] INFO  c.fspann.api.ForwardSecureANNSystem - Insert complete for id=92362d1a-92e3-458e-a222-f9d0e81056de in 686.0975 ms
2025-06-24 17:55:56 [main] INFO  c.fspann.api.ForwardSecureANNSystem - Insert complete for id=734c55e9-5b5a-4f2d-a146-4e6f5c3b24eb in 698.9985 ms
2025-06-24 17:55:57 [main] INFO  c.fspann.api.ForwardSecureANNSystem - Insert complete for id=105f501f-601b-4579-be2f-13c739c79d61 in 729.1238 ms
2025-06-24 17:55:58 [main] INFO  c.fspann.api.ForwardSecureANNSystem - Insert complete for id=5d535f9c-1d06-451f-b610-6c30ea80d2f1 in 712.9954 ms
2025-06-24 17:55:58 [main] INFO  c.fspann.api.ForwardSecureANNSystem - Insert complete for id=ac3a8a20-3f2b-4b3c-a5f0-48350fc321b4 in 688.0606 ms
2025-06-24 17:55:59 [main] INFO  c.fspann.api.ForwardSecureANNSystem - Insert complete for id=3d3fb6ec-9f6e-4b97-83dd-79bc4de72ffd in 695.4026 ms
2025-06-24 17:56:00 [main] INFO  c.fspann.api.ForwardSecureANNSystem - Insert complete for id=afbe03af-1751-46a1-bd07-93bfb0ee3466 in 697.5281 ms
2025-06-24 17:56:00 [main] INFO  c.fspann.api.ForwardSecureANNSystem - Insert complete for id=b7ef4141-000e-437b-bac5-c649b892040b in 689.3001 ms
2025-06-24 17:56:01 [main] INFO  c.fspann.api.ForwardSecureANNSystem - Insert complete for id=af2b1818-bc47-4274-8e74-937f49fef1f8 in 697.9136 ms
2025-06-24 17:56:02 [main] INFO  c.fspann.api.ForwardSecureANNSystem - Insert complete for id=cb662ad0-0168-45c4-b4ae-611a51e88433 in 826.096 ms
2025-06-24 17:56:03 [main] INFO  c.fspann.api.ForwardSecureANNSystem - Insert complete for id=4c996157-a298-4e69-8043-9bd66d6627d8 in 685.448 ms
2025-06-24 17:56:03 [main] INFO  c.fspann.api.ForwardSecureANNSystem - Insert complete for id=840d5deb-b367-4f32-a22a-98aaf2f4f826 in 695.0691 ms
2025-06-24 17:56:04 [main] INFO  c.fspann.api.ForwardSecureANNSystem - Insert complete for id=aac63a5f-539e-412b-8a10-a29e807f7d2f in 708.9138 ms
2025-06-24 17:56:05 [main] INFO  c.fspann.api.ForwardSecureANNSystem - Insert complete for id=03524154-33c6-46e3-ac69-c1d0a2a26e34 in 692.4931 ms
2025-06-24 17:56:05 [main] INFO  c.fspann.api.ForwardSecureANNSystem - Insert complete for id=35dce954-a896-47c9-890f-bce7578a51f0 in 700.4599 ms
2025-06-24 17:56:06 [main] INFO  c.fspann.api.ForwardSecureANNSystem - Insert complete for id=b4afeb47-7359-468d-a758-7d35035ae3c9 in 689.0647 ms
2025-06-24 17:56:07 [main] INFO  c.fspann.api.ForwardSecureANNSystem - Insert complete for id=eabc1de5-77e5-4b95-9e6f-ab556ffe2cb4 in 696.0328 ms
2025-06-24 17:56:07 [main] INFO  c.fspann.api.ForwardSecureANNSystem - Insert complete for id=770ba9b4-5cb8-4013-80a3-1fc18dd8cef2 in 695.1873 ms
2025-06-24 17:56:08 [main] INFO  c.fspann.api.ForwardSecureANNSystem - Insert complete for id=68621606-6e2a-4521-9a66-4b1e34e27589 in 697.1509 ms
2025-06-24 17:56:09 [main] INFO  c.fspann.api.ForwardSecureANNSystem - Insert complete for id=f4f7914f-1cb6-4560-81fc-3590c2425fd4 in 689.578 ms
2025-06-24 17:56:10 [main] INFO  c.fspann.api.ForwardSecureANNSystem - Insert complete for id=1889d975-8abf-46c0-9ac9-8bdf51fb5c72 in 703.0716 ms
2025-06-24 17:56:10 [main] INFO  c.fspann.api.ForwardSecureANNSystem - Insert complete for id=f30cce90-81a8-4958-a691-d281d3ad904d in 697.1659 ms
2025-06-24 17:56:11 [main] INFO  c.fspann.api.ForwardSecureANNSystem - Insert complete for id=a940a09c-8376-4304-8291-bf98fe8a1e94 in 697.5837 ms
2025-06-24 17:56:12 [main] INFO  c.fspann.api.ForwardSecureANNSystem - Insert complete for id=f8baeb27-0834-49a1-96de-384a259a1edd in 691.6939 ms
2025-06-24 17:56:12 [main] INFO  c.fspann.api.ForwardSecureANNSystem - Insert complete for id=d93b3bbf-b937-4427-a727-1032b3619d60 in 696.0757 ms
2025-06-24 17:56:13 [main] INFO  c.fspann.api.ForwardSecureANNSystem - Insert complete for id=c85bbd12-8862-40ea-8f38-17ef2e64d833 in 696.0711 ms
2025-06-24 17:56:14 [main] INFO  c.fspann.api.ForwardSecureANNSystem - Insert complete for id=76e9332f-0226-440e-b721-40c69c045226 in 687.2224 ms
2025-06-24 17:56:14 [main] INFO  c.fspann.api.ForwardSecureANNSystem - Insert complete for id=4e706c6f-2571-44ed-b2b3-905809e31411 in 681.4931 ms
2025-06-24 17:56:15 [main] INFO  c.fspann.api.ForwardSecureANNSystem - Insert complete for id=63fdb0f9-11e2-4126-aaf2-505a83a95a8a in 680.4588 ms
2025-06-24 17:56:16 [main] INFO  c.fspann.api.ForwardSecureANNSystem - Insert complete for id=eeb37465-3399-4d9b-9bc2-e09b7e7d9360 in 707.3513 ms
2025-06-24 17:56:16 [main] INFO  c.fspann.api.ForwardSecureANNSystem - Insert complete for id=1c3fcb0b-a252-4bef-a8a8-671193d46adf in 690.9743 ms
2025-06-24 17:56:17 [main] INFO  c.fspann.api.ForwardSecureANNSystem - Insert complete for id=0afd6063-c040-493a-a281-1d29da422d02 in 684.7456 ms
2025-06-24 17:56:18 [main] INFO  c.fspann.api.ForwardSecureANNSystem - Insert complete for id=e9ef5204-04f7-405b-90c0-52362be585f5 in 684.3992 ms
2025-06-24 17:56:19 [main] INFO  c.fspann.api.ForwardSecureANNSystem - Insert complete for id=0e3bd04e-2b7d-40d4-8cae-dfc24b528628 in 694.0123 ms
2025-06-24 17:56:19 [main] INFO  c.fspann.api.ForwardSecureANNSystem - Insert complete for id=9a793ecb-5c09-4114-ad0d-2c9b961ac311 in 683.0824 ms
2025-06-24 17:56:20 [main] INFO  c.fspann.api.ForwardSecureANNSystem - Insert complete for id=65a6996d-c048-484c-90ca-bae4396dd7f5 in 684.2848 ms
2025-06-24 17:56:21 [main] INFO  c.fspann.api.ForwardSecureANNSystem - Insert complete for id=125f8397-855d-4bb3-a8c4-23f1670635cf in 688.559 ms
2025-06-24 17:56:21 [main] INFO  c.fspann.api.ForwardSecureANNSystem - Insert complete for id=44ac90f6-18bd-40b9-81bd-9150947c1672 in 685.4351 ms
2025-06-24 17:56:22 [main] INFO  c.fspann.api.ForwardSecureANNSystem - Insert complete for id=d672eeb0-c8af-4d17-b471-3b880f44cdf3 in 676.4267 ms
2025-06-24 17:56:23 [main] INFO  c.fspann.api.ForwardSecureANNSystem - Insert complete for id=dad64185-026d-4dad-9e1c-4a3556d65fda in 680.5592 ms
2025-06-24 17:56:23 [main] INFO  c.fspann.api.PerformanceVisualizer - Visualizing fake points vs indexed points — saved as PNG
2025-06-24 17:56:23 [main] INFO  c.fspann.api.PerformanceVisualizer - Chart saved to: results_fake_points_d10.png
2025-06-24 17:56:23 [main] INFO  c.fspann.api.ForwardSecureANNSystem - Cloaked query returned 5 results
2025-06-24 17:56:23 [main] WARN  c.fspann.api.PerformanceVisualizer - No timing data to visualize
2025-06-24 17:56:23 [main] INFO  c.fspann.api.PerformanceVisualizer - Chart saved to: results_query_results.png
2025-06-24 17:56:23 [main] INFO  c.fspann.api.PerformanceVisualizer - Saving raw data visualization: Base Dataset
2025-06-24 17:56:23 [main] INFO  c.fspann.api.PerformanceVisualizer - Chart saved to: results_raw_Base_Dataset_d10.png
2025-06-24 17:56:23 [main] INFO  c.fspann.api.PerformanceVisualizer - Saving indexed data visualization: Indexed Dataset
2025-06-24 17:56:23 [main] INFO  c.fspann.api.PerformanceVisualizer - Chart saved to: results_indexed_Indexed_Dataset_d10.png
2025-06-24 17:56:23 [main] INFO  c.fspann.api.PerformanceVisualizer - Chart saved to: results_confusion_matrix.png
2025-06-24 17:56:23 [main] INFO  c.fspann.api.ForwardSecureANNSystem - Executing query for topK=5 and dimension 10
2025-06-24 17:56:23 [main] INFO  c.fspann.api.ForwardSecureANNSystem - Query completed in 0.6618 ms
2025-06-24 17:56:23 [main] INFO  c.fspann.api.ForwardSecureANNSystem - Query returned 5 results
2025-06-24 17:56:23 [main] INFO  c.fspann.api.PerformanceVisualizer - Chart saved to: results_kneighbors_d10.png
2025-06-24 17:56:23 [main] INFO  c.f.a.ForwardSecureANNSystemPerformanceIntegrationTest - Query returned 5 results:
2025-06-24 17:56:23 [main] INFO  c.f.a.ForwardSecureANNSystemPerformanceIntegrationTest - ID: 09cb14ee-93ee-491a-9096-06f02bad534c, Distance: 0.3138470965295043
2025-06-24 17:56:23 [main] INFO  c.f.a.ForwardSecureANNSystemPerformanceIntegrationTest - ID: 2258d400-3810-4990-ae52-cc21244f5a11, Distance: 0.5464445183875464
2025-06-24 17:56:23 [main] INFO  c.f.a.ForwardSecureANNSystemPerformanceIntegrationTest - ID: 31356d23-1f5b-4255-9f2c-c3db22dea67f, Distance: 0.8872673350112417
2025-06-24 17:56:23 [main] INFO  c.f.a.ForwardSecureANNSystemPerformanceIntegrationTest - ID: d6b92198-49e6-45fa-bd18-a4ce2d27758d, Distance: 0.9034091555837667
2025-06-24 17:56:23 [main] INFO  c.f.a.ForwardSecureANNSystemPerformanceIntegrationTest - ID: 85be07ec-31b7-40a0-86e3-c24bc539e913, Distance: 0.9615792005821912
]]></system-out>
  </testcase>
  <testcase name="testFakePointsInsertion(Path)" classname="com.fspann.api.ForwardSecureANNSystemPerformanceIntegrationTest" time="68.795">
    <system-out><![CDATA[2025-06-24 17:56:23 [main] INFO  c.fspann.api.ForwardSecureANNSystem - Inserting 100 fake points for dimension 10
2025-06-24 17:56:24 [main] INFO  c.fspann.api.ForwardSecureANNSystem - Insert complete for id=4a616db8-6166-46b3-ab6b-b84a278cec92 in 699.1776 ms
2025-06-24 17:56:25 [main] INFO  c.fspann.api.ForwardSecureANNSystem - Insert complete for id=e93f71ae-5e3f-4f70-9ebd-8aa6d183b584 in 685.1188 ms
2025-06-24 17:56:25 [main] INFO  c.fspann.api.ForwardSecureANNSystem - Insert complete for id=c19c2c77-4f9a-40fa-ae68-adfee981ea0f in 686.1213 ms
2025-06-24 17:56:26 [main] INFO  c.fspann.api.ForwardSecureANNSystem - Insert complete for id=0a78a3a1-6634-4f00-94dd-37a8448b4e8e in 675.9603 ms
2025-06-24 17:56:27 [main] INFO  c.fspann.api.ForwardSecureANNSystem - Insert complete for id=ac8e0726-7f0d-4ae2-8d79-5256feecf506 in 680.5417 ms
2025-06-24 17:56:27 [main] INFO  c.fspann.api.ForwardSecureANNSystem - Insert complete for id=9dfe3a19-251b-4a86-b9ec-c1eddb57fdbe in 675.8319 ms
2025-06-24 17:56:28 [main] INFO  c.fspann.api.ForwardSecureANNSystem - Insert complete for id=4d75c907-d1b0-42d9-a183-a8d973697c27 in 680.5115 ms
2025-06-24 17:56:29 [main] INFO  c.fspann.api.ForwardSecureANNSystem - Insert complete for id=d4baa344-b53f-4971-90b4-46d9cbc8651a in 687.0751 ms
2025-06-24 17:56:29 [main] INFO  c.fspann.api.ForwardSecureANNSystem - Insert complete for id=86122c3f-55cb-4e18-94b6-6fe0a0dc4cf3 in 680.7835 ms
2025-06-24 17:56:30 [main] INFO  c.fspann.api.ForwardSecureANNSystem - Insert complete for id=2b956ba0-5f5d-4d64-8146-1540f6f1a7a6 in 676.8383 ms
2025-06-24 17:56:31 [main] INFO  c.fspann.api.ForwardSecureANNSystem - Insert complete for id=1207ea60-c5b6-49ad-8374-71831415a48f in 687.1641 ms
2025-06-24 17:56:31 [main] INFO  c.fspann.api.ForwardSecureANNSystem - Insert complete for id=7f3847c7-a3f2-42fe-a2ec-4c3ea6e6def4 in 687.6171 ms
2025-06-24 17:56:32 [main] INFO  c.fspann.api.ForwardSecureANNSystem - Insert complete for id=7a74dcd3-2f69-4470-bcc5-3d00ff703514 in 693.3895 ms
2025-06-24 17:56:33 [main] INFO  c.fspann.api.ForwardSecureANNSystem - Insert complete for id=902e3d10-6b6b-4549-813e-52f223dd707e in 696.9921 ms
2025-06-24 17:56:33 [main] INFO  c.fspann.api.ForwardSecureANNSystem - Insert complete for id=842caf74-1235-43f9-b028-4802ca658d2b in 680.9392 ms
2025-06-24 17:56:34 [main] INFO  c.fspann.api.ForwardSecureANNSystem - Insert complete for id=b1f667df-a271-4e6c-833d-5080276a8628 in 680.5335 ms
2025-06-24 17:56:35 [main] INFO  c.fspann.api.ForwardSecureANNSystem - Insert complete for id=6e011176-d786-480b-87fa-63b15164d398 in 680.9938 ms
2025-06-24 17:56:36 [main] INFO  c.fspann.api.ForwardSecureANNSystem - Insert complete for id=38cc62c9-8f33-4c15-b800-6379bba84a99 in 679.8946 ms
2025-06-24 17:56:36 [main] INFO  c.fspann.api.ForwardSecureANNSystem - Insert complete for id=e1ddb3ae-c932-47b8-9160-c0497bbabcc3 in 685.2841 ms
2025-06-24 17:56:37 [main] INFO  c.fspann.api.ForwardSecureANNSystem - Insert complete for id=4bcf241d-5c1f-4c7c-9452-4fa5bd4b215c in 684.6393 ms
2025-06-24 17:56:38 [main] INFO  c.fspann.api.ForwardSecureANNSystem - Insert complete for id=ba7e018b-ebc5-44b6-bec6-1dc9d33e1caa in 684.9394 ms
2025-06-24 17:56:38 [main] INFO  c.fspann.api.ForwardSecureANNSystem - Insert complete for id=4cb88d61-c60b-42d2-b2a3-29e904787b9b in 688.5848 ms
2025-06-24 17:56:39 [main] INFO  c.fspann.api.ForwardSecureANNSystem - Insert complete for id=c4cc346d-e17a-4c22-9947-3f16e975bbc1 in 684.5718 ms
2025-06-24 17:56:40 [main] INFO  c.fspann.api.ForwardSecureANNSystem - Insert complete for id=bfac4181-6f31-422d-901f-7ac6f34bb256 in 687.4786 ms
2025-06-24 17:56:40 [main] INFO  c.fspann.api.ForwardSecureANNSystem - Insert complete for id=1f09f846-be17-485a-970f-fbf02f272d31 in 691.4671 ms
2025-06-24 17:56:41 [main] INFO  c.fspann.api.ForwardSecureANNSystem - Insert complete for id=89dd053a-89b8-4085-84e9-1d3b694c0c18 in 690.7802 ms
2025-06-24 17:56:42 [main] INFO  c.fspann.api.ForwardSecureANNSystem - Insert complete for id=20461101-36f2-4abf-a6eb-3e04f7018ba0 in 688.792 ms
2025-06-24 17:56:42 [main] INFO  c.fspann.api.ForwardSecureANNSystem - Insert complete for id=a4e698ef-e731-42ba-833d-7b39ef512f6d in 673.4336 ms
2025-06-24 17:56:43 [main] INFO  c.fspann.api.ForwardSecureANNSystem - Insert complete for id=538eb1ea-d5b1-4814-a565-0123e984db55 in 694.5373 ms
2025-06-24 17:56:44 [main] INFO  c.fspann.api.ForwardSecureANNSystem - Insert complete for id=429bcfde-2b55-43ad-8038-e00b26f1737b in 681.9728 ms
2025-06-24 17:56:44 [main] INFO  c.fspann.api.ForwardSecureANNSystem - Insert complete for id=b974a2fe-2edc-4fdc-a25c-b80d3144371f in 686.2217 ms
2025-06-24 17:56:45 [main] INFO  c.fspann.api.ForwardSecureANNSystem - Insert complete for id=4891ce08-aac8-4c6f-81bc-71f089883d4f in 681.3448 ms
2025-06-24 17:56:46 [main] INFO  c.fspann.api.ForwardSecureANNSystem - Insert complete for id=6779db16-7a68-45ba-90f6-6cbf88dad369 in 688.4316 ms
2025-06-24 17:56:47 [main] INFO  c.fspann.api.ForwardSecureANNSystem - Insert complete for id=8b72e1eb-e4b7-4fce-9327-7dcec6f06f2c in 684.2389 ms
2025-06-24 17:56:47 [main] INFO  c.fspann.api.ForwardSecureANNSystem - Insert complete for id=e384a3bd-53cc-4482-ad7e-2caa60f13449 in 684.146 ms
2025-06-24 17:56:48 [main] INFO  c.fspann.api.ForwardSecureANNSystem - Insert complete for id=a0b2963b-9cef-4959-9c88-e8c184ce53c9 in 675.0713 ms
2025-06-24 17:56:49 [main] INFO  c.fspann.api.ForwardSecureANNSystem - Insert complete for id=fdb3f835-b222-4a0e-ae4c-16553e416812 in 689.4002 ms
2025-06-24 17:56:49 [main] INFO  c.fspann.api.ForwardSecureANNSystem - Insert complete for id=087564e3-6c55-4c09-9acc-e3d987ef0fdb in 688.5416 ms
2025-06-24 17:56:50 [main] INFO  c.fspann.api.ForwardSecureANNSystem - Insert complete for id=98c4e5cb-4c3b-46c5-ae4c-7c5abc35bc56 in 680.455 ms
2025-06-24 17:56:51 [main] INFO  c.fspann.api.ForwardSecureANNSystem - Insert complete for id=7a3a0b35-88ae-4026-b77a-13e6770609bc in 685.4755 ms
2025-06-24 17:56:51 [main] INFO  c.fspann.api.ForwardSecureANNSystem - Insert complete for id=6d318076-aad5-4e19-bd2c-74a9fc3d4782 in 686.139 ms
2025-06-24 17:56:52 [main] INFO  c.fspann.api.ForwardSecureANNSystem - Insert complete for id=29f5d08e-e7bd-44b5-87ce-c8800dd3beff in 682.7244 ms
2025-06-24 17:56:53 [main] INFO  c.fspann.api.ForwardSecureANNSystem - Insert complete for id=88789fc6-016c-4d28-ba76-d239ca928a18 in 681.9654 ms
2025-06-24 17:56:53 [main] INFO  c.fspann.api.ForwardSecureANNSystem - Insert complete for id=2e01d135-e841-4d85-8fd7-a756fb6e27bb in 679.3324 ms
2025-06-24 17:56:54 [main] INFO  c.fspann.api.ForwardSecureANNSystem - Insert complete for id=15e29f61-f8f7-4a4d-a910-929b6c85a9e5 in 685.0905 ms
2025-06-24 17:56:55 [main] INFO  c.fspann.api.ForwardSecureANNSystem - Insert complete for id=f8fc5fe2-f919-474e-be34-ac316e148845 in 683.1898 ms
2025-06-24 17:56:55 [main] INFO  c.fspann.api.ForwardSecureANNSystem - Insert complete for id=59b754b9-fd01-4a5d-ab46-85c60900324c in 677.2372 ms
2025-06-24 17:56:56 [main] INFO  c.fspann.api.ForwardSecureANNSystem - Insert complete for id=cfa8a6e6-72be-41a1-b215-b3c8c5ce5e2a in 688.6277 ms
2025-06-24 17:56:57 [main] INFO  c.fspann.api.ForwardSecureANNSystem - Insert complete for id=459f2e65-8d33-47a7-9cf9-18fd12922b2b in 692.7167 ms
2025-06-24 17:56:57 [main] INFO  c.fspann.api.ForwardSecureANNSystem - Insert complete for id=e5166d1c-fea8-45d4-a8ba-16dd7763dba5 in 679.4674 ms
2025-06-24 17:56:58 [main] INFO  c.fspann.api.ForwardSecureANNSystem - Insert complete for id=a9c59c34-14e4-4714-a421-6e6acb14dd49 in 692.9172 ms
2025-06-24 17:56:59 [main] INFO  c.fspann.api.ForwardSecureANNSystem - Insert complete for id=92f4c0fc-9a0e-4854-868f-610668cc0bf9 in 675.9621 ms
2025-06-24 17:57:00 [main] INFO  c.fspann.api.ForwardSecureANNSystem - Insert complete for id=9577ab3a-e5cb-42b1-8959-c157af3b0051 in 690.7834 ms
2025-06-24 17:57:00 [main] INFO  c.fspann.api.ForwardSecureANNSystem - Insert complete for id=fd99edd7-c7d1-407b-b40a-b293de1dd9b5 in 690.8328 ms
2025-06-24 17:57:01 [main] INFO  c.fspann.api.ForwardSecureANNSystem - Insert complete for id=7497c48e-7358-42e4-ac4f-de6739aafba2 in 687.6718 ms
2025-06-24 17:57:02 [main] INFO  c.fspann.api.ForwardSecureANNSystem - Insert complete for id=8e24a8b5-399f-4bcc-99c8-54928a10c4c2 in 684.9856 ms
2025-06-24 17:57:02 [main] INFO  c.fspann.api.ForwardSecureANNSystem - Insert complete for id=e3fe9b28-d52f-4767-a302-68f4d566794f in 681.1232 ms
2025-06-24 17:57:03 [main] INFO  c.fspann.api.ForwardSecureANNSystem - Insert complete for id=c35b91b9-3190-4acb-a5c5-a4a4dcda887d in 686.9259 ms
2025-06-24 17:57:04 [main] INFO  c.fspann.api.ForwardSecureANNSystem - Insert complete for id=60825175-d588-494b-95e2-60bc383d43e3 in 694.3302 ms
2025-06-24 17:57:04 [main] INFO  c.fspann.api.ForwardSecureANNSystem - Insert complete for id=440d3afb-927e-47a0-86cb-2f51ee457921 in 684.7169 ms
2025-06-24 17:57:05 [main] INFO  c.fspann.api.ForwardSecureANNSystem - Insert complete for id=ae06fade-e9c6-4e35-8d36-d00917272b5d in 698.0619 ms
2025-06-24 17:57:06 [main] INFO  c.fspann.api.ForwardSecureANNSystem - Insert complete for id=103b2148-e772-4d30-b018-aa59e9519404 in 685.6875 ms
2025-06-24 17:57:06 [main] INFO  c.fspann.api.ForwardSecureANNSystem - Insert complete for id=f7cd0dd4-86af-4a90-a9d7-1467e7b8de40 in 683.3467 ms
2025-06-24 17:57:07 [main] INFO  c.fspann.api.ForwardSecureANNSystem - Insert complete for id=9fc4a5f0-dd04-4cac-86e2-2c4e73347156 in 682.7664 ms
2025-06-24 17:57:08 [main] INFO  c.fspann.api.ForwardSecureANNSystem - Insert complete for id=ad122667-0940-4087-85a7-f4ab8f58f564 in 687.9605 ms
2025-06-24 17:57:08 [main] INFO  c.fspann.api.ForwardSecureANNSystem - Insert complete for id=eb226002-0f16-444a-9f6c-b3f76f16728b in 683.8201 ms
2025-06-24 17:57:09 [main] INFO  c.fspann.api.ForwardSecureANNSystem - Insert complete for id=140c5324-cf77-46c8-90c0-e7eed4f96ac0 in 735.9557 ms
2025-06-24 17:57:10 [main] INFO  c.fspann.api.ForwardSecureANNSystem - Insert complete for id=cf4b06fe-dc78-412c-9093-d8c006f9cc86 in 683.6168 ms
2025-06-24 17:57:11 [main] INFO  c.fspann.api.ForwardSecureANNSystem - Insert complete for id=76c614ba-afd0-4647-ad07-5c104fe23fee in 684.8076 ms
2025-06-24 17:57:11 [main] INFO  c.fspann.api.ForwardSecureANNSystem - Insert complete for id=b2287fe8-e0e6-4f03-b144-985e2deaba63 in 685.1455 ms
2025-06-24 17:57:12 [main] INFO  c.fspann.api.ForwardSecureANNSystem - Insert complete for id=12add449-12c0-443b-a0d8-0b814af07704 in 684.706 ms
2025-06-24 17:57:13 [main] INFO  c.fspann.api.ForwardSecureANNSystem - Insert complete for id=eadba2ae-d02c-4cb7-8714-f958c5360bb8 in 676.68 ms
2025-06-24 17:57:13 [main] INFO  c.fspann.api.ForwardSecureANNSystem - Insert complete for id=a66b9c1b-22fd-4862-94fd-fddfc50a8c76 in 698.0033 ms
2025-06-24 17:57:14 [main] INFO  c.fspann.api.ForwardSecureANNSystem - Insert complete for id=88ee2640-3407-48fa-930f-42b222d2dfa6 in 683.4573 ms
2025-06-24 17:57:15 [main] INFO  c.fspann.api.ForwardSecureANNSystem - Insert complete for id=f67748b3-4d24-400c-96be-181230ee8786 in 696.4227 ms
2025-06-24 17:57:15 [main] INFO  c.fspann.api.ForwardSecureANNSystem - Insert complete for id=989ff81b-d111-4fbd-8246-3a724a8f9b87 in 685.1587 ms
2025-06-24 17:57:16 [main] INFO  c.fspann.api.ForwardSecureANNSystem - Insert complete for id=9a63dcd9-9d8d-46d0-a468-9621d9613bec in 702.4955 ms
2025-06-24 17:57:17 [main] INFO  c.fspann.api.ForwardSecureANNSystem - Insert complete for id=d730707a-6c6c-449c-8125-a730f564a2bf in 689.3193 ms
2025-06-24 17:57:17 [main] INFO  c.fspann.api.ForwardSecureANNSystem - Insert complete for id=3ec97c12-e5f3-4665-ac7c-9a4bd6e9df41 in 694.8172 ms
2025-06-24 17:57:18 [main] INFO  c.fspann.api.ForwardSecureANNSystem - Insert complete for id=1b831ef9-4f15-4085-8e16-55d740349ec1 in 687.0039 ms
2025-06-24 17:57:19 [main] INFO  c.fspann.api.ForwardSecureANNSystem - Insert complete for id=56fcdfbb-a32b-4ef7-8ee9-7ff06f6d4f45 in 682.2778 ms
2025-06-24 17:57:20 [main] INFO  c.fspann.api.ForwardSecureANNSystem - Insert complete for id=ba22f73a-3237-4420-890e-e8d6ed26304f in 687.9336 ms
2025-06-24 17:57:20 [main] INFO  c.fspann.api.ForwardSecureANNSystem - Insert complete for id=3966e715-ed47-42bc-b3a7-5b9134bc29da in 685.7222 ms
2025-06-24 17:57:21 [main] INFO  c.fspann.api.ForwardSecureANNSystem - Insert complete for id=cdf1def0-7718-43e2-9523-6e4f87c57ca2 in 695.8848 ms
2025-06-24 17:57:22 [main] INFO  c.fspann.api.ForwardSecureANNSystem - Insert complete for id=3f46e46a-77e1-469b-9bcb-fb90809fdd53 in 691.0643 ms
2025-06-24 17:57:22 [main] INFO  c.fspann.api.ForwardSecureANNSystem - Insert complete for id=ab4fb7cd-79c1-42f9-acc7-09091adcf10d in 679.9216 ms
2025-06-24 17:57:23 [main] INFO  c.fspann.api.ForwardSecureANNSystem - Insert complete for id=9cb4c699-071c-4ca2-8047-402bbbcd63fb in 698.8986 ms
2025-06-24 17:57:24 [main] INFO  c.fspann.api.ForwardSecureANNSystem - Insert complete for id=b2e97bfb-241f-484f-894e-7405feefa9ae in 687.4919 ms
2025-06-24 17:57:24 [main] INFO  c.fspann.api.ForwardSecureANNSystem - Insert complete for id=804d7083-472f-4670-bf85-ed35012572b7 in 686.5892 ms
2025-06-24 17:57:25 [main] INFO  c.fspann.api.ForwardSecureANNSystem - Insert complete for id=b9241e48-c2d0-4eee-ad6c-4fa748f7fd66 in 685.9649 ms
2025-06-24 17:57:26 [main] INFO  c.fspann.api.ForwardSecureANNSystem - Insert complete for id=801de734-d813-44e3-bb49-152886b5fba3 in 689.8693 ms
2025-06-24 17:57:26 [main] INFO  c.fspann.api.ForwardSecureANNSystem - Insert complete for id=212e2ee8-6e6a-452f-9a71-bd486f7af775 in 686.6847 ms
2025-06-24 17:57:27 [main] INFO  c.fspann.api.ForwardSecureANNSystem - Insert complete for id=33168617-4eb1-4e4d-b7b9-5f0884c20d8e in 693.2354 ms
2025-06-24 17:57:28 [main] INFO  c.fspann.api.ForwardSecureANNSystem - Insert complete for id=bba80e04-7015-4427-a75f-717b5e512f99 in 685.4453 ms
2025-06-24 17:57:28 [main] INFO  c.fspann.api.ForwardSecureANNSystem - Insert complete for id=b9be0fdf-922e-422c-8fd5-929835f5c134 in 698.1442 ms
2025-06-24 17:57:29 [main] INFO  c.fspann.api.ForwardSecureANNSystem - Insert complete for id=a6aa7e88-cf94-480b-ad00-718eedd44b44 in 692.1299 ms
2025-06-24 17:57:30 [main] INFO  c.fspann.api.ForwardSecureANNSystem - Insert complete for id=fb2c2ca1-2743-4c26-bb19-00e630c55e36 in 693.0731 ms
2025-06-24 17:57:31 [main] INFO  c.fspann.api.ForwardSecureANNSystem - Insert complete for id=c43e2680-f310-44c7-b338-ad9bb32216f1 in 688.2107 ms
2025-06-24 17:57:31 [main] INFO  c.fspann.api.ForwardSecureANNSystem - Insert complete for id=4bea8270-fe21-48a7-945f-b8d6d8982d81 in 696.6618 ms
2025-06-24 17:57:32 [main] INFO  c.fspann.api.ForwardSecureANNSystem - Insert complete for id=4b8a5e83-01f2-48e3-9e41-9e368424a790 in 686.4186 ms
2025-06-24 17:57:32 [main] INFO  c.fspann.api.PerformanceVisualizer - Visualizing fake points vs indexed points — saved as PNG
2025-06-24 17:57:32 [main] INFO  c.fspann.api.PerformanceVisualizer - Chart saved to: results_fake_points_d10.png
2025-06-24 17:57:32 [main] INFO  c.fspann.api.ForwardSecureANNSystem - Number of indexed vectors for dimension 10: 1213
2025-06-24 17:57:32 [main] INFO  c.f.a.ForwardSecureANNSystemPerformanceIntegrationTest - Indexed vectors after fake points: 1213
]]></system-out>
  </testcase>
</testsuite>