<?xml version="1.0" encoding="UTF-8"?>
<testsuite xmlns:xsi="http://www.w3.org/2001/XMLSchema-instance" xsi:noNamespaceSchemaLocation="https://maven.apache.org/surefire/maven-surefire-plugin/xsd/surefire-test-report-3.0.xsd" version="3.0" name="com.fspann.api.ForwardSecureANNSystemPerformanceIntegrationTest" time="822.751" tests="3" errors="0" skipped="0" failures="0">
  <properties>
    <property name="java.specification.version" value="22"/>
    <property name="sun.cpu.isalist" value="amd64"/>
    <property name="sun.jnu.encoding" value="Cp1252"/>
    <property name="java.class.path" value="C:\Users\Mehran Memon\eclipse-workspace\fspann-query-system\fsp-anns-parent\api\target\test-classes;C:\Users\Mehran Memon\eclipse-workspace\fspann-query-system\fsp-anns-parent\api\target\classes;C:\Users\Mehran Memon\eclipse-workspace\fspann-query-system\fsp-anns-parent\query\target\query-0.0.1-SNAPSHOT.jar;C:\Users\Mehran Memon\eclipse-workspace\fspann-query-system\fsp-anns-parent\index\target\index-0.0.1-SNAPSHOT.jar;C:\Users\Mehran Memon\.m2\repository\org\apache\commons\commons-math3\3.6.1\commons-math3-3.6.1.jar;C:\Users\Mehran Memon\eclipse-workspace\fspann-query-system\fsp-anns-parent\crypto\target\crypto-0.0.1-SNAPSHOT.jar;C:\Users\Mehran Memon\.m2\repository\org\bouncycastle\bcprov-jdk18on\1.78\bcprov-jdk18on-1.78.jar;C:\Users\Mehran Memon\.m2\repository\net\bytebuddy\byte-buddy\1.14.15\byte-buddy-1.14.15.jar;C:\Users\Mehran Memon\eclipse-workspace\fspann-query-system\fsp-anns-parent\common\target\common-0.0.1-SNAPSHOT.jar;C:\Users\Mehran Memon\.m2\repository\org\apache\commons\commons-lang3\3.17.0\commons-lang3-3.17.0.jar;C:\Users\Mehran Memon\.m2\repository\com\fasterxml\jackson\core\jackson-core\2.17.2\jackson-core-2.17.2.jar;C:\Users\Mehran Memon\eclipse-workspace\fspann-query-system\fsp-anns-parent\keymanagement\target\keymanagement-0.0.1-SNAPSHOT.jar;C:\Users\Mehran Memon\.m2\repository\org\jetbrains\annotations\26.0.2\annotations-26.0.2.jar;C:\Users\Mehran Memon\eclipse-workspace\fspann-query-system\fsp-anns-parent\config\target\config-0.0.1-SNAPSHOT.jar;C:\Users\Mehran Memon\.m2\repository\com\fasterxml\jackson\dataformat\jackson-dataformat-yaml\2.17.1\jackson-dataformat-yaml-2.17.1.jar;C:\Users\Mehran Memon\.m2\repository\org\yaml\snakeyaml\2.2\snakeyaml-2.2.jar;C:\Users\Mehran Memon\.m2\repository\org\slf4j\slf4j-api\2.0.13\slf4j-api-2.0.13.jar;C:\Users\Mehran Memon\.m2\repository\ch\qos\logback\logback-classic\1.5.13\logback-classic-1.5.13.jar;C:\Users\Mehran Memon\.m2\repository\ch\qos\logback\logback-core\1.5.13\logback-core-1.5.13.jar;C:\Users\Mehran Memon\.m2\repository\com\fasterxml\jackson\core\jackson-databind\2.17.2\jackson-databind-2.17.2.jar;C:\Users\Mehran Memon\.m2\repository\com\fasterxml\jackson\core\jackson-annotations\2.17.2\jackson-annotations-2.17.2.jar;C:\Users\Mehran Memon\.m2\repository\com\google\code\gson\gson\2.11.0\gson-2.11.0.jar;C:\Users\Mehran Memon\.m2\repository\com\google\errorprone\error_prone_annotations\2.27.0\error_prone_annotations-2.27.0.jar;C:\Users\Mehran Memon\eclipse-workspace\fspann-query-system\fsp-anns-parent\loader\target\loader-0.0.1-SNAPSHOT.jar;C:\Users\Mehran Memon\.m2\repository\org\apache\commons\commons-compress\1.26.1\commons-compress-1.26.1.jar;C:\Users\Mehran Memon\.m2\repository\commons-codec\commons-codec\1.16.1\commons-codec-1.16.1.jar;C:\Users\Mehran Memon\.m2\repository\commons-io\commons-io\2.15.1\commons-io-2.15.1.jar;C:\Users\Mehran Memon\.m2\repository\io\micrometer\micrometer-core\1.11.0\micrometer-core-1.11.0.jar;C:\Users\Mehran Memon\.m2\repository\io\micrometer\micrometer-commons\1.11.0\micrometer-commons-1.11.0.jar;C:\Users\Mehran Memon\.m2\repository\io\micrometer\micrometer-observation\1.11.0\micrometer-observation-1.11.0.jar;C:\Users\Mehran Memon\.m2\repository\org\hdrhistogram\HdrHistogram\2.1.12\HdrHistogram-2.1.12.jar;C:\Users\Mehran Memon\.m2\repository\org\latencyutils\LatencyUtils\2.0.3\LatencyUtils-2.0.3.jar;C:\Users\Mehran Memon\.m2\repository\io\micrometer\micrometer-registry-prometheus\1.11.0\micrometer-registry-prometheus-1.11.0.jar;C:\Users\Mehran Memon\.m2\repository\io\prometheus\simpleclient_common\0.16.0\simpleclient_common-0.16.0.jar;C:\Users\Mehran Memon\.m2\repository\io\prometheus\simpleclient\0.16.0\simpleclient-0.16.0.jar;C:\Users\Mehran Memon\.m2\repository\io\prometheus\simpleclient_tracer_otel\0.16.0\simpleclient_tracer_otel-0.16.0.jar;C:\Users\Mehran Memon\.m2\repository\io\prometheus\simpleclient_tracer_common\0.16.0\simpleclient_tracer_common-0.16.0.jar;C:\Users\Mehran Memon\.m2\repository\io\prometheus\simpleclient_tracer_otel_agent\0.16.0\simpleclient_tracer_otel_agent-0.16.0.jar;C:\Users\Mehran Memon\.m2\repository\org\jfree\jfreechart\1.5.3\jfreechart-1.5.3.jar;C:\Users\Mehran Memon\.m2\repository\junit\junit\4.0\junit-4.0.jar;C:\Users\Mehran Memon\.m2\repository\org\junit\jupiter\junit-jupiter\5.11.0\junit-jupiter-5.11.0.jar;C:\Users\Mehran Memon\.m2\repository\org\junit\jupiter\junit-jupiter-params\5.11.0\junit-jupiter-params-5.11.0.jar;C:\Users\Mehran Memon\.m2\repository\org\junit\jupiter\junit-jupiter-engine\5.11.0\junit-jupiter-engine-5.11.0.jar;C:\Users\Mehran Memon\.m2\repository\org\junit\platform\junit-platform-engine\1.11.0\junit-platform-engine-1.11.0.jar;C:\Users\Mehran Memon\.m2\repository\org\junit\jupiter\junit-jupiter-api\5.11.0\junit-jupiter-api-5.11.0.jar;C:\Users\Mehran Memon\.m2\repository\org\opentest4j\opentest4j\1.3.0\opentest4j-1.3.0.jar;C:\Users\Mehran Memon\.m2\repository\org\junit\platform\junit-platform-commons\1.11.0\junit-platform-commons-1.11.0.jar;C:\Users\Mehran Memon\.m2\repository\org\apiguardian\apiguardian-api\1.1.2\apiguardian-api-1.1.2.jar;"/>
    <property name="sun.awt.enableExtraMouseButtons" value="true"/>
    <property name="java.vm.vendor" value="Oracle Corporation"/>
    <property name="net.bytebuddy.experimental" value="true"/>
    <property name="sun.arch.data.model" value="64"/>
    <property name="user.variant" value=""/>
    <property name="java.vendor.url" value="https://java.oracle.com/"/>
    <property name="user.timezone" value="Asia/Shanghai"/>
    <property name="os.name" value="Windows 11"/>
    <property name="java.vm.specification.version" value="22"/>
    <property name="sun.java.launcher" value="SUN_STANDARD"/>
    <property name="user.country" value="US"/>
    <property name="sun.boot.library.path" value="C:\Program Files\Java\jdk-22\bin"/>
    <property name="sun.java.command" value="C:\Users\Mehran Memon\AppData\Local\Temp\surefire2126621579955061255\surefirebooter5316740319054052282.jar C:\Users\Mehran Memon\AppData\Local\Temp\surefire2126621579955061255 2025-06-24T16-40-17_897-jvmRun1 surefire3427749622154048375tmp surefire_714855628658894446674tmp"/>
    <property name="jdk.debug" value="release"/>
    <property name="surefire.test.class.path" value="C:\Users\Mehran Memon\eclipse-workspace\fspann-query-system\fsp-anns-parent\api\target\test-classes;C:\Users\Mehran Memon\eclipse-workspace\fspann-query-system\fsp-anns-parent\api\target\classes;C:\Users\Mehran Memon\eclipse-workspace\fspann-query-system\fsp-anns-parent\query\target\query-0.0.1-SNAPSHOT.jar;C:\Users\Mehran Memon\eclipse-workspace\fspann-query-system\fsp-anns-parent\index\target\index-0.0.1-SNAPSHOT.jar;C:\Users\Mehran Memon\.m2\repository\org\apache\commons\commons-math3\3.6.1\commons-math3-3.6.1.jar;C:\Users\Mehran Memon\eclipse-workspace\fspann-query-system\fsp-anns-parent\crypto\target\crypto-0.0.1-SNAPSHOT.jar;C:\Users\Mehran Memon\.m2\repository\org\bouncycastle\bcprov-jdk18on\1.78\bcprov-jdk18on-1.78.jar;C:\Users\Mehran Memon\.m2\repository\net\bytebuddy\byte-buddy\1.14.15\byte-buddy-1.14.15.jar;C:\Users\Mehran Memon\eclipse-workspace\fspann-query-system\fsp-anns-parent\common\target\common-0.0.1-SNAPSHOT.jar;C:\Users\Mehran Memon\.m2\repository\org\apache\commons\commons-lang3\3.17.0\commons-lang3-3.17.0.jar;C:\Users\Mehran Memon\.m2\repository\com\fasterxml\jackson\core\jackson-core\2.17.2\jackson-core-2.17.2.jar;C:\Users\Mehran Memon\eclipse-workspace\fspann-query-system\fsp-anns-parent\keymanagement\target\keymanagement-0.0.1-SNAPSHOT.jar;C:\Users\Mehran Memon\.m2\repository\org\jetbrains\annotations\26.0.2\annotations-26.0.2.jar;C:\Users\Mehran Memon\eclipse-workspace\fspann-query-system\fsp-anns-parent\config\target\config-0.0.1-SNAPSHOT.jar;C:\Users\Mehran Memon\.m2\repository\com\fasterxml\jackson\dataformat\jackson-dataformat-yaml\2.17.1\jackson-dataformat-yaml-2.17.1.jar;C:\Users\Mehran Memon\.m2\repository\org\yaml\snakeyaml\2.2\snakeyaml-2.2.jar;C:\Users\Mehran Memon\.m2\repository\org\slf4j\slf4j-api\2.0.13\slf4j-api-2.0.13.jar;C:\Users\Mehran Memon\.m2\repository\ch\qos\logback\logback-classic\1.5.13\logback-classic-1.5.13.jar;C:\Users\Mehran Memon\.m2\repository\ch\qos\logback\logback-core\1.5.13\logback-core-1.5.13.jar;C:\Users\Mehran Memon\.m2\repository\com\fasterxml\jackson\core\jackson-databind\2.17.2\jackson-databind-2.17.2.jar;C:\Users\Mehran Memon\.m2\repository\com\fasterxml\jackson\core\jackson-annotations\2.17.2\jackson-annotations-2.17.2.jar;C:\Users\Mehran Memon\.m2\repository\com\google\code\gson\gson\2.11.0\gson-2.11.0.jar;C:\Users\Mehran Memon\.m2\repository\com\google\errorprone\error_prone_annotations\2.27.0\error_prone_annotations-2.27.0.jar;C:\Users\Mehran Memon\eclipse-workspace\fspann-query-system\fsp-anns-parent\loader\target\loader-0.0.1-SNAPSHOT.jar;C:\Users\Mehran Memon\.m2\repository\org\apache\commons\commons-compress\1.26.1\commons-compress-1.26.1.jar;C:\Users\Mehran Memon\.m2\repository\commons-codec\commons-codec\1.16.1\commons-codec-1.16.1.jar;C:\Users\Mehran Memon\.m2\repository\commons-io\commons-io\2.15.1\commons-io-2.15.1.jar;C:\Users\Mehran Memon\.m2\repository\io\micrometer\micrometer-core\1.11.0\micrometer-core-1.11.0.jar;C:\Users\Mehran Memon\.m2\repository\io\micrometer\micrometer-commons\1.11.0\micrometer-commons-1.11.0.jar;C:\Users\Mehran Memon\.m2\repository\io\micrometer\micrometer-observation\1.11.0\micrometer-observation-1.11.0.jar;C:\Users\Mehran Memon\.m2\repository\org\hdrhistogram\HdrHistogram\2.1.12\HdrHistogram-2.1.12.jar;C:\Users\Mehran Memon\.m2\repository\org\latencyutils\LatencyUtils\2.0.3\LatencyUtils-2.0.3.jar;C:\Users\Mehran Memon\.m2\repository\io\micrometer\micrometer-registry-prometheus\1.11.0\micrometer-registry-prometheus-1.11.0.jar;C:\Users\Mehran Memon\.m2\repository\io\prometheus\simpleclient_common\0.16.0\simpleclient_common-0.16.0.jar;C:\Users\Mehran Memon\.m2\repository\io\prometheus\simpleclient\0.16.0\simpleclient-0.16.0.jar;C:\Users\Mehran Memon\.m2\repository\io\prometheus\simpleclient_tracer_otel\0.16.0\simpleclient_tracer_otel-0.16.0.jar;C:\Users\Mehran Memon\.m2\repository\io\prometheus\simpleclient_tracer_common\0.16.0\simpleclient_tracer_common-0.16.0.jar;C:\Users\Mehran Memon\.m2\repository\io\prometheus\simpleclient_tracer_otel_agent\0.16.0\simpleclient_tracer_otel_agent-0.16.0.jar;C:\Users\Mehran Memon\.m2\repository\org\jfree\jfreechart\1.5.3\jfreechart-1.5.3.jar;C:\Users\Mehran Memon\.m2\repository\junit\junit\4.0\junit-4.0.jar;C:\Users\Mehran Memon\.m2\repository\org\junit\jupiter\junit-jupiter\5.11.0\junit-jupiter-5.11.0.jar;C:\Users\Mehran Memon\.m2\repository\org\junit\jupiter\junit-jupiter-params\5.11.0\junit-jupiter-params-5.11.0.jar;C:\Users\Mehran Memon\.m2\repository\org\junit\jupiter\junit-jupiter-engine\5.11.0\junit-jupiter-engine-5.11.0.jar;C:\Users\Mehran Memon\.m2\repository\org\junit\platform\junit-platform-engine\1.11.0\junit-platform-engine-1.11.0.jar;C:\Users\Mehran Memon\.m2\repository\org\junit\jupiter\junit-jupiter-api\5.11.0\junit-jupiter-api-5.11.0.jar;C:\Users\Mehran Memon\.m2\repository\org\opentest4j\opentest4j\1.3.0\opentest4j-1.3.0.jar;C:\Users\Mehran Memon\.m2\repository\org\junit\platform\junit-platform-commons\1.11.0\junit-platform-commons-1.11.0.jar;C:\Users\Mehran Memon\.m2\repository\org\apiguardian\apiguardian-api\1.1.2\apiguardian-api-1.1.2.jar;"/>
    <property name="sun.cpu.endian" value="little"/>
    <property name="user.home" value="C:\Users\Mehran Memon"/>
    <property name="user.language" value="en"/>
    <property name="java.specification.vendor" value="Oracle Corporation"/>
    <property name="java.version.date" value="2024-07-16"/>
    <property name="java.home" value="C:\Program Files\Java\jdk-22"/>
    <property name="file.separator" value="\"/>
    <property name="basedir" value="C:\Users\Mehran Memon\eclipse-workspace\fspann-query-system\fsp-anns-parent\api"/>
    <property name="java.vm.compressedOopsMode" value="Zero based"/>
    <property name="line.separator" value="&#10;"/>
    <property name="java.vm.specification.vendor" value="Oracle Corporation"/>
    <property name="java.specification.name" value="Java Platform API Specification"/>
    <property name="surefire.real.class.path" value="C:\Users\Mehran Memon\AppData\Local\Temp\surefire2126621579955061255\surefirebooter5316740319054052282.jar"/>
    <property name="user.script" value=""/>
    <property name="sun.management.compiler" value="HotSpot 64-Bit Tiered Compilers"/>
    <property name="java.runtime.version" value="22.0.2+9-70"/>
    <property name="user.name" value="Mehran Memon"/>
    <property name="stdout.encoding" value="Cp1252"/>
    <property name="path.separator" value=";"/>
    <property name="os.version" value="10.0"/>
    <property name="java.runtime.name" value="Java(TM) SE Runtime Environment"/>
    <property name="file.encoding" value="UTF-8"/>
    <property name="java.vm.name" value="Java HotSpot(TM) 64-Bit Server VM"/>
    <property name="localRepository" value="C:\Users\Mehran Memon\.m2\repository"/>
    <property name="java.vendor.url.bug" value="https://bugreport.java.com/bugreport/"/>
    <property name="java.io.tmpdir" value="C:\Users\MEHRAN~1\AppData\Local\Temp\"/>
    <property name="idea.version" value="2024.3.5"/>
    <property name="java.version" value="22.0.2"/>
    <property name="user.dir" value="C:\Users\Mehran Memon\eclipse-workspace\fspann-query-system\fsp-anns-parent\api"/>
    <property name="os.arch" value="amd64"/>
    <property name="java.vm.specification.name" value="Java Virtual Machine Specification"/>
    <property name="sun.os.patch.level" value=""/>
    <property name="native.encoding" value="Cp1252"/>
    <property name="java.library.path" value="C:\Program Files\Java\jdk-22\bin;C:\WINDOWS\Sun\Java\bin;C:\WINDOWS\system32;C:\WINDOWS;C:\Program Files\Common Files\Oracle\Java\javapath;C:\WINDOWS\system32;C:\WINDOWS;C:\WINDOWS\System32\Wbem;C:\WINDOWS\System32\WindowsPowerShell\v1.0\;C:\WINDOWS\System32\OpenSSH\;C:\Program Files\Git\cmd;C:\Program Files\Go\bin;C:\Program Files\Apache\apache-maven-3.9.9-bin\apache-maven-3.9.9\bin;C:\Program Files\dotnet\;C:\Program Files\Git LFS;C:\Users\Mehran Memon\AppData\Local\Microsoft\WindowsApps;C:\Users\Mehran Memon\AppData\Local\GitHubDesktop\bin;C:\Users\Mehran Memon\go\bin;C:\Users\Mehran Memon\AppData\Local\JetBrains\Toolbox\scripts;;C:\Users\Mehran Memon\.lmstudio\bin;%USERPROFILE%\AppData\Local\Microsoft\WindowsApps;."/>
    <property name="java.vm.info" value="mixed mode, sharing"/>
    <property name="stderr.encoding" value="Cp1252"/>
    <property name="java.vendor" value="Oracle Corporation"/>
    <property name="java.vm.version" value="22.0.2+9-70"/>
    <property name="sun.io.unicode.encoding" value="UnicodeLittle"/>
    <property name="java.class.version" value="66.0"/>
  </properties>
  <testcase name="bulkPerformanceTest" classname="com.fspann.api.ForwardSecureANNSystemPerformanceIntegrationTest" time="679.519">
    <system-out><![CDATA[2025-06-24 16:41:40 [main] INFO  c.fspann.api.ForwardSecureANNSystem - Initializing ForwardSecureANNSystem with config=C:\Users\MEHRAN~1\AppData\Local\Temp\junit-14944773699874980997\config.json, data=C:\Users\MEHRAN~1\AppData\Local\Temp\junit-14944773699874980997\data.csv, keys=C:\Users\MEHRAN~1\AppData\Local\Temp\junit-14944773699874980997\keys.ser, dims=[10], metadata=C:\Users\MEHRAN~1\AppData\Local\Temp\junit-14944773699874980997
2025-06-24 16:41:40 [main] INFO  com.fspann.config.SystemConfig - Successfully loaded config from C:\Users\MEHRAN~1\AppData\Local\Temp\junit-14944773699874980997\config.json
2025-06-24 16:41:40 [main] INFO  c.fspann.api.ForwardSecureANNSystem - Loaded system configuration
2025-06-24 16:41:40 [main] INFO  com.fspann.key.KeyManager - Initialized new key store (version 1)
2025-06-24 16:41:40 [main] INFO  c.fspann.api.ForwardSecureANNSystem - KeyManager initialized
2025-06-24 16:41:40 [main] INFO  c.fspann.api.ForwardSecureANNSystem - KeyRotationServiceImpl initialized successfully
2025-06-24 16:41:40 [main] INFO  c.fspann.api.ForwardSecureANNSystem - KeyManager initialized with forward-secure key derivation, using keys file at C:\Users\MEHRAN~1\AppData\Local\Temp\junit-14944773699874980997\keys.ser
2025-06-24 16:41:40 [main] INFO  c.fspann.crypto.AesGcmCryptoService - AesGcmCryptoService initialized successfully
2025-06-24 16:41:40 [main] INFO  c.fspann.api.ForwardSecureANNSystem - CryptoService (AES-GCM with forward security) ready
2025-06-24 16:41:41 [main] INFO  com.fspann.common.MetadataManager - Loaded metadata from metadata.ser
2025-06-24 16:41:41 [main] INFO  c.fspann.api.ForwardSecureANNSystem - SecureLSHIndexService initialized with 4 shards
2025-06-24 16:41:41 [main] INFO  c.fspann.api.ForwardSecureANNSystem - Cache and Profiler initialized
2025-06-24 16:41:41 [main] INFO  c.fspann.api.ForwardSecureANNSystem - QueryService initialized and ready
2025-06-24 16:41:41 [main] INFO  c.fspann.api.ForwardSecureANNSystem - Loading base data from C:\Users\MEHRAN~1\AppData\Local\Temp\junit-14944773699874980997\data.csv
2025-06-24 16:41:41 [main] INFO  com.fspann.loader.DefaultDataLoader - Loading data from C:\Users\MEHRAN~1\AppData\Local\Temp\junit-14944773699874980997\data.csv using loader for CSV
2025-06-24 16:41:41 [main] INFO  c.fspann.api.ForwardSecureANNSystem - Loaded 10 vectors for dimension 10
2025-06-24 16:41:46 [main] INFO  c.fspann.api.ForwardSecureANNSystem - Batch insert complete for 10 vectors in 5578.5409 ms
2025-06-24 16:41:46 [main] INFO  c.fspann.api.ForwardSecureANNSystem - Initial data insertion complete
2025-06-24 16:41:46 [main] INFO  c.fspann.api.ForwardSecureANNSystem - Number of indexed vectors for dimension 10: 10
2025-06-24 16:41:46 [main] INFO  c.f.a.ForwardSecureANNSystemPerformanceIntegrationTest - Initialized system with 10 vectors indexed for dim=10
2025-06-24 16:41:47 [main] INFO  c.fspann.api.ForwardSecureANNSystem - Insert complete for id=e5b29bd4-6bee-4e55-84ec-6838b2dcab2e in 565.1629 ms
2025-06-24 16:41:47 [main] INFO  c.fspann.api.ForwardSecureANNSystem - Insert complete for id=f9c76ca8-49d2-4cd8-89db-0786d5c32f30 in 571.6541 ms
2025-06-24 16:41:48 [main] INFO  c.fspann.api.ForwardSecureANNSystem - Insert complete for id=b04912b0-bab2-4813-946e-9a62dd5063f1 in 567.3376 ms
2025-06-24 16:41:49 [main] INFO  c.fspann.api.ForwardSecureANNSystem - Insert complete for id=e2e793ed-dc39-43f8-90dd-35fe05df6a73 in 555.6601 ms
2025-06-24 16:41:49 [main] INFO  c.fspann.api.ForwardSecureANNSystem - Insert complete for id=887ab9e1-706d-41b8-be52-a4e108f7aabb in 582.9566 ms
2025-06-24 16:41:50 [main] INFO  c.fspann.api.ForwardSecureANNSystem - Insert complete for id=4704328b-939c-4fad-942e-dbf374e2d627 in 562.8093 ms
2025-06-24 16:41:50 [main] INFO  c.fspann.api.ForwardSecureANNSystem - Insert complete for id=6ee89de5-9a05-4be6-99f9-4a8793196a6d in 572.5159 ms
2025-06-24 16:41:51 [main] INFO  c.fspann.api.ForwardSecureANNSystem - Insert complete for id=c81c07a0-9f47-45b5-9ca1-006fb361f03b in 575.2807 ms
2025-06-24 16:41:51 [main] INFO  c.fspann.api.ForwardSecureANNSystem - Insert complete for id=078f66b8-67e7-43ca-a503-58b3a8ef2735 in 585.4118 ms
2025-06-24 16:41:52 [main] INFO  c.fspann.api.ForwardSecureANNSystem - Insert complete for id=61296a06-bf31-4214-9e70-baae96c8b463 in 607.0114 ms
2025-06-24 16:41:53 [main] INFO  c.fspann.api.ForwardSecureANNSystem - Insert complete for id=3cd6af94-caf8-46eb-9932-ab988b544c09 in 567.3399 ms
2025-06-24 16:41:53 [main] INFO  c.fspann.api.ForwardSecureANNSystem - Insert complete for id=0db6ab6f-052f-4a64-85b5-3a3e428fc11d in 841.1724 ms
2025-06-24 16:41:54 [main] INFO  c.fspann.api.ForwardSecureANNSystem - Insert complete for id=ab70e860-f04d-4f8d-a2f1-67a3402dc72d in 802.6325 ms
2025-06-24 16:41:55 [main] INFO  c.fspann.api.ForwardSecureANNSystem - Insert complete for id=50b90580-5f90-47be-8889-d77d862ea307 in 736.762 ms
2025-06-24 16:41:56 [main] INFO  c.fspann.api.ForwardSecureANNSystem - Insert complete for id=a739e017-3c50-445f-810e-3084afe9c53f in 761.0604 ms
2025-06-24 16:41:56 [main] INFO  c.fspann.api.ForwardSecureANNSystem - Insert complete for id=11ee1338-b2ca-44ff-97d9-466a22338f3e in 716.0787 ms
2025-06-24 16:41:57 [main] INFO  c.fspann.api.ForwardSecureANNSystem - Insert complete for id=a5da1ed7-ae93-4f7e-8e72-a6c767efdd6d in 740.3739 ms
2025-06-24 16:41:58 [main] INFO  c.fspann.api.ForwardSecureANNSystem - Insert complete for id=caa65cee-b433-43d9-923a-96c461c7c0e2 in 701.5649 ms
2025-06-24 16:41:59 [main] INFO  c.fspann.api.ForwardSecureANNSystem - Insert complete for id=ed1b4d7c-c30d-4449-b2fa-1d25f8913b27 in 708.7092 ms
2025-06-24 16:41:59 [main] INFO  c.fspann.api.ForwardSecureANNSystem - Insert complete for id=4de2d20e-bf1b-47c7-9a2c-a1e6a958bfd2 in 765.2788 ms
2025-06-24 16:42:00 [main] INFO  c.fspann.api.ForwardSecureANNSystem - Insert complete for id=ea9d675a-a822-4f6c-a48c-0a55b9566241 in 802.5658 ms
2025-06-24 16:42:01 [main] INFO  c.fspann.api.ForwardSecureANNSystem - Insert complete for id=8e3fca21-b835-4919-903c-dda50555b8d1 in 812.6868 ms
2025-06-24 16:42:02 [main] INFO  c.fspann.api.ForwardSecureANNSystem - Insert complete for id=a7b034e9-fbcb-4657-bcba-6416d9c7db3a in 803.6638 ms
2025-06-24 16:42:03 [main] INFO  c.fspann.api.ForwardSecureANNSystem - Insert complete for id=e9a90acb-a1a3-4a81-a1cb-6f01ea408c80 in 815.2332 ms
2025-06-24 16:42:03 [main] INFO  c.fspann.api.ForwardSecureANNSystem - Insert complete for id=cd95c50c-4905-415d-99b2-9b2e2e0198e7 in 747.4064 ms
2025-06-24 16:42:04 [main] INFO  c.fspann.api.ForwardSecureANNSystem - Insert complete for id=35f87720-d08d-4110-9c6b-0bc0e227b44d in 784.5484 ms
2025-06-24 16:42:05 [main] INFO  c.fspann.api.ForwardSecureANNSystem - Insert complete for id=0fe7bf07-a5ba-4e12-84b0-120c9601faaa in 694.9241 ms
2025-06-24 16:42:06 [main] INFO  c.fspann.api.ForwardSecureANNSystem - Insert complete for id=93b82cd3-67ff-4ff5-a6f3-2e9f0c4f52c5 in 743.8462 ms
2025-06-24 16:42:06 [main] INFO  c.fspann.api.ForwardSecureANNSystem - Insert complete for id=e8f4244f-6ebf-4906-b47f-fa217dde4f15 in 777.7991 ms
2025-06-24 16:42:07 [main] INFO  c.fspann.api.ForwardSecureANNSystem - Insert complete for id=37a288d4-4ae0-4bd5-aaa5-59be31b74e75 in 759.0585 ms
2025-06-24 16:42:08 [main] INFO  c.fspann.api.ForwardSecureANNSystem - Insert complete for id=b00262e9-808d-4768-8e3c-7dd13bc52bfc in 768.4734 ms
2025-06-24 16:42:09 [main] INFO  c.fspann.api.ForwardSecureANNSystem - Insert complete for id=90269009-062a-4f12-ad24-78d538a109a8 in 727.9123 ms
2025-06-24 16:42:09 [main] INFO  c.fspann.api.ForwardSecureANNSystem - Insert complete for id=6bf8a202-bba0-4e47-ac82-619539f86468 in 734.0991 ms
2025-06-24 16:42:10 [main] INFO  c.fspann.api.ForwardSecureANNSystem - Insert complete for id=2663d73d-fd00-4e54-b87e-35fe067def88 in 781.7115 ms
2025-06-24 16:42:11 [main] INFO  c.fspann.api.ForwardSecureANNSystem - Insert complete for id=3be1f18b-4685-4736-a2ca-9e9981706963 in 721.9328 ms
2025-06-24 16:42:12 [main] INFO  c.fspann.api.ForwardSecureANNSystem - Insert complete for id=5c8cc673-a843-41f5-82bc-3077fac26306 in 773.862 ms
2025-06-24 16:42:12 [main] INFO  c.fspann.api.ForwardSecureANNSystem - Insert complete for id=90723b5a-3353-4d92-923d-bae9b70a2c48 in 751.5849 ms
2025-06-24 16:42:13 [main] INFO  c.fspann.api.ForwardSecureANNSystem - Insert complete for id=350a1577-3601-4ddb-abe5-b2aab2443f8f in 723.2034 ms
2025-06-24 16:42:14 [main] INFO  c.fspann.api.ForwardSecureANNSystem - Insert complete for id=bcb47be7-65a4-4e1d-8088-f73f18085cc1 in 691.0531 ms
2025-06-24 16:42:15 [main] INFO  c.fspann.api.ForwardSecureANNSystem - Insert complete for id=180cf014-7402-4d8c-ae02-b02c9c985544 in 787.9934 ms
2025-06-24 16:42:15 [main] INFO  c.fspann.api.ForwardSecureANNSystem - Insert complete for id=e2540990-7a02-4089-ad51-7bb44b214590 in 777.5514 ms
2025-06-24 16:42:16 [main] INFO  c.fspann.api.ForwardSecureANNSystem - Insert complete for id=aa905f81-fabb-47cb-baa4-0ceca5cb3fa3 in 794.1776 ms
2025-06-24 16:42:17 [main] INFO  c.fspann.api.ForwardSecureANNSystem - Insert complete for id=59876265-6630-4278-9ead-b8f9a1492067 in 727.3339 ms
2025-06-24 16:42:18 [main] INFO  c.fspann.api.ForwardSecureANNSystem - Insert complete for id=13f7b946-fec9-494f-a35a-2197284e0fbc in 801.6138 ms
2025-06-24 16:42:18 [main] INFO  c.fspann.api.ForwardSecureANNSystem - Insert complete for id=7a7b10ab-ddef-4b61-8e72-d80db0eceda9 in 847.493 ms
2025-06-24 16:42:19 [main] INFO  c.fspann.api.ForwardSecureANNSystem - Insert complete for id=4543cd01-ce11-402c-950f-f91556a6eeb1 in 731.8384 ms
2025-06-24 16:42:20 [main] INFO  c.fspann.api.ForwardSecureANNSystem - Insert complete for id=0a77be7a-57db-4c21-ae87-227022aea73e in 738.0848 ms
2025-06-24 16:42:21 [main] INFO  c.fspann.api.ForwardSecureANNSystem - Insert complete for id=fbb3e7f3-c05d-439e-8a1d-030a603d09c3 in 834.499 ms
2025-06-24 16:42:22 [main] INFO  c.fspann.api.ForwardSecureANNSystem - Insert complete for id=074dc910-52a1-4dfc-ac78-affb9188693a in 831.8631 ms
2025-06-24 16:42:22 [main] INFO  c.fspann.api.ForwardSecureANNSystem - Insert complete for id=1fa80e68-3f7c-4f54-80c5-1311285e663d in 740.0836 ms
2025-06-24 16:42:23 [main] INFO  c.fspann.api.ForwardSecureANNSystem - Insert complete for id=271de52b-da63-4500-9893-d324d7c688dd in 808.5943 ms
2025-06-24 16:42:24 [main] INFO  c.fspann.api.ForwardSecureANNSystem - Insert complete for id=df6ae709-bfa0-4e77-bc3b-209ca7e81ada in 743.8258 ms
2025-06-24 16:42:25 [main] INFO  c.fspann.api.ForwardSecureANNSystem - Insert complete for id=0e61bc52-29b9-4aff-bbfe-312862387e39 in 701.0054 ms
2025-06-24 16:42:25 [main] INFO  c.fspann.api.ForwardSecureANNSystem - Insert complete for id=cfcd614c-154f-492e-a0b1-e392fe6ee5f7 in 772.5466 ms
2025-06-24 16:42:26 [main] INFO  c.fspann.api.ForwardSecureANNSystem - Insert complete for id=7dec2985-f338-4d8b-af16-f256d688beaf in 837.2964 ms
2025-06-24 16:42:27 [main] INFO  c.fspann.api.ForwardSecureANNSystem - Insert complete for id=66f658ff-bbda-4465-b72c-ff0fb321580e in 703.5096 ms
2025-06-24 16:42:28 [main] INFO  c.fspann.api.ForwardSecureANNSystem - Insert complete for id=06a6668b-7a6b-4d76-9d87-aafa1a78b793 in 748.0132 ms
2025-06-24 16:42:28 [main] INFO  c.fspann.api.ForwardSecureANNSystem - Insert complete for id=961edda1-2af7-40cc-9fd8-aeaf5fafce92 in 798.7611 ms
2025-06-24 16:42:29 [main] INFO  c.fspann.api.ForwardSecureANNSystem - Insert complete for id=133186f4-fa18-4c01-8beb-2715e396d107 in 661.1645 ms
2025-06-24 16:42:30 [main] INFO  c.fspann.api.ForwardSecureANNSystem - Insert complete for id=d5195ce8-a5be-4571-abb7-a98d8ecedd32 in 792.3305 ms
2025-06-24 16:42:31 [main] INFO  c.fspann.api.ForwardSecureANNSystem - Insert complete for id=cb6d77a9-8e72-46cf-a1aa-f08b218ed5a7 in 795.9929 ms
2025-06-24 16:42:31 [main] INFO  c.fspann.api.ForwardSecureANNSystem - Insert complete for id=20f4b966-f51d-4d16-9d5a-3e4d3144c5e8 in 748.6033 ms
2025-06-24 16:42:32 [main] INFO  c.fspann.api.ForwardSecureANNSystem - Insert complete for id=1262276e-e70e-4a66-8540-0a6375af3e22 in 799.8102 ms
2025-06-24 16:42:33 [main] INFO  c.fspann.api.ForwardSecureANNSystem - Insert complete for id=3edb786c-3a3f-4ece-8438-8d6683ad3bf4 in 903.1033 ms
2025-06-24 16:42:34 [main] INFO  c.fspann.api.ForwardSecureANNSystem - Insert complete for id=e3d176fb-1b5f-4132-95e8-d69f550f8f53 in 836.2951 ms
2025-06-24 16:42:35 [main] INFO  c.fspann.api.ForwardSecureANNSystem - Insert complete for id=853e74fd-ad2b-4941-8b9b-cae873028503 in 771.2506 ms
2025-06-24 16:42:36 [main] INFO  c.fspann.api.ForwardSecureANNSystem - Insert complete for id=54c42f34-0963-43f3-b5e0-dbe75790db25 in 830.8407 ms
2025-06-24 16:42:36 [main] INFO  c.fspann.api.ForwardSecureANNSystem - Insert complete for id=95d895f7-99fd-41a2-add4-d09b2255ae3d in 743.1848 ms
2025-06-24 16:42:37 [main] INFO  c.fspann.api.ForwardSecureANNSystem - Insert complete for id=03884b45-8d19-43a0-8c39-ffb11fa284d3 in 716.4449 ms
2025-06-24 16:42:38 [main] INFO  c.fspann.api.ForwardSecureANNSystem - Insert complete for id=73297840-1648-4158-aaa9-41d5694c5b66 in 699.0042 ms
2025-06-24 16:42:39 [main] INFO  c.fspann.api.ForwardSecureANNSystem - Insert complete for id=9e785067-ea2c-4b47-894c-c9440dfb1518 in 769.8625 ms
2025-06-24 16:42:39 [main] INFO  c.fspann.api.ForwardSecureANNSystem - Insert complete for id=cb40b14d-3d9e-4825-9245-0c803a2ebb0f in 799.2275 ms
2025-06-24 16:42:40 [main] INFO  c.fspann.api.ForwardSecureANNSystem - Insert complete for id=6d33b856-7264-481c-a183-6a3f9f6e5f21 in 769.1252 ms
2025-06-24 16:42:41 [main] INFO  c.fspann.api.ForwardSecureANNSystem - Insert complete for id=253edca8-9c3e-43fe-a1ae-e0b0e8afc9ae in 872.6067 ms
2025-06-24 16:42:42 [main] INFO  c.fspann.api.ForwardSecureANNSystem - Insert complete for id=e213d12d-6abf-4de4-af6c-682e6d30a3a1 in 808.072 ms
2025-06-24 16:42:43 [main] INFO  c.fspann.api.ForwardSecureANNSystem - Insert complete for id=5502efce-cffd-455e-b6c0-0c5f0b1f6a8c in 744.3557 ms
2025-06-24 16:42:43 [main] INFO  c.fspann.api.ForwardSecureANNSystem - Insert complete for id=5263c602-7923-4f0c-8c4d-1a4ed71a0499 in 830.0548 ms
2025-06-24 16:42:44 [main] INFO  c.fspann.api.ForwardSecureANNSystem - Insert complete for id=2a52c4e9-1d83-49b6-ae1c-82cdbe4037e7 in 682.9066 ms
2025-06-24 16:42:45 [main] INFO  c.fspann.api.ForwardSecureANNSystem - Insert complete for id=d6491afb-1b22-4645-9bd2-f668d40cd5b3 in 741.4302 ms
2025-06-24 16:42:46 [main] INFO  c.fspann.api.ForwardSecureANNSystem - Insert complete for id=d3a23b54-dec3-4e97-9dca-ffc3285c5d57 in 767.3489 ms
2025-06-24 16:42:46 [main] INFO  c.fspann.api.ForwardSecureANNSystem - Insert complete for id=09c923aa-1a77-471e-9b36-a7269c2c34c4 in 673.6117 ms
2025-06-24 16:42:47 [main] INFO  c.fspann.api.ForwardSecureANNSystem - Insert complete for id=8e15f9a2-610a-4810-9ca7-5f3d5bad5f03 in 832.001 ms
2025-06-24 16:42:48 [main] INFO  c.fspann.api.ForwardSecureANNSystem - Insert complete for id=96609aea-ea25-4507-930a-93551b474679 in 755.5743 ms
2025-06-24 16:42:49 [main] INFO  c.fspann.api.ForwardSecureANNSystem - Insert complete for id=1e2cc970-785f-431f-95af-93eed66e7791 in 751.4824 ms
2025-06-24 16:42:49 [main] INFO  c.fspann.api.ForwardSecureANNSystem - Insert complete for id=e0e47d13-0292-4dd2-84b2-a332f42a1e52 in 819.6137 ms
2025-06-24 16:42:50 [main] INFO  c.fspann.api.ForwardSecureANNSystem - Insert complete for id=99de009d-b4d1-4ce2-b5d2-e9c9c59d0ef6 in 680.505 ms
2025-06-24 16:42:51 [main] INFO  c.fspann.api.ForwardSecureANNSystem - Insert complete for id=adc24f4c-25ae-4053-928b-a90ab394a402 in 653.655 ms
2025-06-24 16:42:51 [main] INFO  c.fspann.api.ForwardSecureANNSystem - Insert complete for id=c5dcb238-3cc3-4d47-af04-285dda7ae99a in 744.519 ms
2025-06-24 16:42:52 [main] INFO  c.fspann.api.ForwardSecureANNSystem - Insert complete for id=78c8f1ea-81ff-4df4-814b-1a8fbc84ec57 in 696.853 ms
2025-06-24 16:42:53 [main] INFO  c.fspann.api.ForwardSecureANNSystem - Insert complete for id=1cfcb59d-12b3-4520-a751-3a415437c028 in 820.9249 ms
2025-06-24 16:42:54 [main] INFO  c.fspann.api.ForwardSecureANNSystem - Insert complete for id=53fbfd51-95c2-4f73-b213-389e000559c8 in 830.9121 ms
2025-06-24 16:42:55 [main] INFO  c.fspann.api.ForwardSecureANNSystem - Insert complete for id=fee61bd1-54bd-4793-b66e-029cc888189f in 798.4869 ms
2025-06-24 16:42:55 [main] INFO  c.fspann.api.ForwardSecureANNSystem - Insert complete for id=0f23aad7-9f97-4a8a-bad4-5f961200bbfa in 798.8384 ms
2025-06-24 16:42:56 [main] INFO  c.fspann.api.ForwardSecureANNSystem - Insert complete for id=0d3008b2-5fb2-46c7-aa91-ba24e324ae1b in 761.6672 ms
2025-06-24 16:42:57 [main] INFO  c.fspann.api.ForwardSecureANNSystem - Insert complete for id=df792349-ef98-4aa3-9963-bb28f9d969a5 in 652.6275 ms
2025-06-24 16:42:58 [main] INFO  c.fspann.api.ForwardSecureANNSystem - Insert complete for id=d9a1ac81-0072-49e4-bf98-4d1f747071a2 in 759.4823 ms
2025-06-24 16:42:58 [main] INFO  c.fspann.api.ForwardSecureANNSystem - Insert complete for id=324d9b71-dd0f-405d-bdd6-a38e43151e10 in 808.1124 ms
2025-06-24 16:42:59 [main] INFO  c.fspann.api.ForwardSecureANNSystem - Insert complete for id=86eb7d20-b313-4c22-958b-714f8f7c0734 in 729.9622 ms
2025-06-24 16:43:00 [main] INFO  c.fspann.api.ForwardSecureANNSystem - Insert complete for id=2048f64a-5f7b-49df-931a-3cc1d8de57e7 in 715.6073 ms
2025-06-24 16:43:01 [main] INFO  c.fspann.api.ForwardSecureANNSystem - Insert complete for id=dcd874f1-64dc-456a-bd93-c378ca31167c in 791.5428 ms
2025-06-24 16:43:01 [main] INFO  c.fspann.api.ForwardSecureANNSystem - Insert complete for id=3cfc79d8-6b1a-4f78-bbc7-ea99efe0e9d3 in 735.4753 ms
2025-06-24 16:43:02 [main] INFO  c.fspann.api.ForwardSecureANNSystem - Insert complete for id=0a207040-c776-4bb5-accd-9c5c0b97ebe2 in 808.3107 ms
2025-06-24 16:43:03 [main] INFO  c.fspann.api.ForwardSecureANNSystem - Insert complete for id=a82f2987-51cc-4149-93f9-6e99c6c48e77 in 696.8719 ms
2025-06-24 16:43:04 [main] INFO  c.fspann.api.ForwardSecureANNSystem - Insert complete for id=7b40ae11-0f72-4d7b-b5ed-52d0f99cb7ef in 823.4319 ms
2025-06-24 16:43:05 [main] INFO  c.fspann.api.ForwardSecureANNSystem - Insert complete for id=0d7326cf-e822-4b0f-bb02-cd0f433b79c5 in 883.4473 ms
2025-06-24 16:43:05 [main] INFO  c.fspann.api.ForwardSecureANNSystem - Insert complete for id=20836575-a1cf-48d7-8109-42a5a90727c9 in 742.8084 ms
2025-06-24 16:43:06 [main] INFO  c.fspann.api.ForwardSecureANNSystem - Insert complete for id=a7b0d0c7-f517-4623-8b85-f05095a61f9c in 917.7823 ms
2025-06-24 16:43:07 [main] INFO  c.fspann.api.ForwardSecureANNSystem - Insert complete for id=32cac17a-fb8c-4deb-9947-243313e3a449 in 696.2174 ms
2025-06-24 16:43:08 [main] INFO  c.fspann.api.ForwardSecureANNSystem - Insert complete for id=8ae8bafa-78e1-4cc7-a13c-d1d866607196 in 815.005 ms
2025-06-24 16:43:09 [main] INFO  c.fspann.api.ForwardSecureANNSystem - Insert complete for id=1f10372c-47a9-40d9-a147-8ea3f664825a in 778.7399 ms
2025-06-24 16:43:09 [main] INFO  c.fspann.api.ForwardSecureANNSystem - Insert complete for id=8d3f040d-56cd-48b4-850a-7678cba44f2e in 831.0208 ms
2025-06-24 16:43:10 [main] INFO  c.fspann.api.ForwardSecureANNSystem - Insert complete for id=81a118ec-45e2-477d-8960-61790866d98d in 791.8489 ms
2025-06-24 16:43:11 [main] INFO  c.fspann.api.ForwardSecureANNSystem - Insert complete for id=e070d74b-92cd-4950-a790-6d6975043e9a in 833.9085 ms
2025-06-24 16:43:12 [main] INFO  c.fspann.api.ForwardSecureANNSystem - Insert complete for id=a76ac583-e544-43b9-9b8a-0e4ad08b0294 in 726.9726 ms
2025-06-24 16:43:13 [main] INFO  c.fspann.api.ForwardSecureANNSystem - Insert complete for id=00dc3072-d705-4cbc-9278-c0c58264b3a3 in 851.9556 ms
2025-06-24 16:43:13 [main] INFO  c.fspann.api.ForwardSecureANNSystem - Insert complete for id=310a56c8-ed35-498e-9535-f219ced0447b in 797.0723 ms
2025-06-24 16:43:14 [main] INFO  c.fspann.api.ForwardSecureANNSystem - Insert complete for id=7904ceac-ca46-412c-ac14-eae46dfbcc1b in 796.4245 ms
2025-06-24 16:43:15 [main] INFO  c.fspann.api.ForwardSecureANNSystem - Insert complete for id=8e17c25a-d623-44da-95ea-6c6a646dd357 in 632.5705 ms
2025-06-24 16:43:15 [main] INFO  c.fspann.api.ForwardSecureANNSystem - Insert complete for id=1ccb0039-cdfe-4acd-8399-f82b475cccb5 in 649.5899 ms
2025-06-24 16:43:16 [main] INFO  c.fspann.api.ForwardSecureANNSystem - Insert complete for id=cca39a84-002a-4524-9a03-1a2c6e263899 in 712.2784 ms
2025-06-24 16:43:17 [main] INFO  c.fspann.api.ForwardSecureANNSystem - Insert complete for id=e50cf94e-9b15-48c7-a04d-d6a0a4592efc in 859.5478 ms
2025-06-24 16:43:18 [main] INFO  c.fspann.api.ForwardSecureANNSystem - Insert complete for id=109b1602-c2b6-4c1a-8cc0-9a8eb7e825fe in 783.9981 ms
2025-06-24 16:43:19 [main] INFO  c.fspann.api.ForwardSecureANNSystem - Insert complete for id=3eb3aeb1-29e3-4c8e-a478-a321c6a17223 in 878.8581 ms
2025-06-24 16:43:20 [main] INFO  c.fspann.api.ForwardSecureANNSystem - Insert complete for id=054b2d2a-6766-4eda-8141-1f3a54da6809 in 940.1726 ms
2025-06-24 16:43:21 [main] INFO  c.fspann.api.ForwardSecureANNSystem - Insert complete for id=044024f1-c2ee-4376-aafd-d319516a5fc7 in 872.1999 ms
2025-06-24 16:43:21 [main] INFO  c.fspann.api.ForwardSecureANNSystem - Insert complete for id=7e4fcfe4-1d05-43bf-9d46-7df36ad49dfb in 888.334 ms
2025-06-24 16:43:22 [main] INFO  c.fspann.api.ForwardSecureANNSystem - Insert complete for id=1b05f441-5a3e-4dbf-847d-41853137108a in 815.4316 ms
2025-06-24 16:43:23 [main] INFO  c.fspann.api.ForwardSecureANNSystem - Insert complete for id=a5253c6b-26bc-41b6-92f8-d5fe1e8a8c3c in 1008.5873 ms
2025-06-24 16:43:24 [main] INFO  c.fspann.api.ForwardSecureANNSystem - Insert complete for id=7637950c-b1cf-46d3-b524-f0c0bc195950 in 885.5651 ms
2025-06-24 16:43:25 [main] INFO  c.fspann.api.ForwardSecureANNSystem - Insert complete for id=4eb6723d-de4e-4802-a5b1-a7d13bd19735 in 832.4748 ms
2025-06-24 16:43:26 [main] INFO  c.fspann.api.ForwardSecureANNSystem - Insert complete for id=a168b0e1-5815-4b35-951c-6e6b6688460a in 938.254 ms
2025-06-24 16:43:27 [main] INFO  c.fspann.api.ForwardSecureANNSystem - Insert complete for id=da106961-fc11-4e22-9232-a96b25bc995a in 875.6994 ms
2025-06-24 16:43:27 [main] INFO  c.fspann.api.ForwardSecureANNSystem - Insert complete for id=df23ee6d-c7c8-4885-b14d-98ee38d10c8f in 698.6549 ms
2025-06-24 16:43:28 [main] INFO  c.fspann.api.ForwardSecureANNSystem - Insert complete for id=6534630c-b786-4f3d-909a-64f10e94ca31 in 716.5531 ms
2025-06-24 16:43:29 [main] INFO  c.fspann.api.ForwardSecureANNSystem - Insert complete for id=0b8064b8-ac44-4d61-9057-e5bc44dae10b in 795.3166 ms
2025-06-24 16:43:30 [main] INFO  c.fspann.api.ForwardSecureANNSystem - Insert complete for id=055dfdf1-6efc-4d78-9ef7-9b98526ee3c3 in 853.7416 ms
2025-06-24 16:43:31 [main] INFO  c.fspann.api.ForwardSecureANNSystem - Insert complete for id=e26947e0-5a9b-407c-9643-230f40add927 in 909.3109 ms
2025-06-24 16:43:32 [main] INFO  c.fspann.api.ForwardSecureANNSystem - Insert complete for id=56cf5634-a9f9-499e-afee-f8f04bc85a61 in 927.0344 ms
2025-06-24 16:43:33 [main] INFO  c.fspann.api.ForwardSecureANNSystem - Insert complete for id=709cefe1-118f-4fbf-99d9-9d730ff4e982 in 961.9518 ms
2025-06-24 16:43:34 [main] INFO  c.fspann.api.ForwardSecureANNSystem - Insert complete for id=7d772ab8-197e-469d-a56b-ff81a653b8bf in 909.4452 ms
2025-06-24 16:43:34 [main] INFO  c.fspann.api.ForwardSecureANNSystem - Insert complete for id=48bad950-8021-41b2-9dc3-79300ed849f0 in 904.9051 ms
2025-06-24 16:43:35 [main] INFO  c.fspann.api.ForwardSecureANNSystem - Insert complete for id=1a8d0850-3ab1-4c5c-a237-fcb92e2e8a68 in 941.1504 ms
2025-06-24 16:43:36 [main] INFO  c.fspann.api.ForwardSecureANNSystem - Insert complete for id=785ae191-25ef-42fc-bd22-43222c7d866a in 815.524 ms
2025-06-24 16:43:37 [main] INFO  c.fspann.api.ForwardSecureANNSystem - Insert complete for id=5c7d4151-ba2d-4ec8-a107-ebca8c98c441 in 765.7213 ms
2025-06-24 16:43:38 [main] INFO  c.fspann.api.ForwardSecureANNSystem - Insert complete for id=ced9d5b1-727c-408a-ad77-cff74a2519a0 in 788.5519 ms
2025-06-24 16:43:39 [main] INFO  c.fspann.api.ForwardSecureANNSystem - Insert complete for id=ab47f959-12a2-40d9-a2f3-e5ccd463640a in 797.9188 ms
2025-06-24 16:43:39 [main] INFO  c.fspann.api.ForwardSecureANNSystem - Insert complete for id=45abd12a-86a9-4242-96ba-473a981551a2 in 859.4139 ms
2025-06-24 16:43:40 [main] INFO  c.fspann.api.ForwardSecureANNSystem - Insert complete for id=1fcd1bc0-53fd-4790-accc-6ae277935581 in 833.2297 ms
2025-06-24 16:43:41 [main] INFO  c.fspann.api.ForwardSecureANNSystem - Insert complete for id=fa58620c-fddd-49c6-9fb7-672fe12e6b05 in 955.9534 ms
2025-06-24 16:43:42 [main] INFO  c.fspann.api.ForwardSecureANNSystem - Insert complete for id=08dc8600-1577-49a5-bd2e-d3c74ba63c51 in 987.5924 ms
2025-06-24 16:43:43 [main] INFO  c.fspann.api.ForwardSecureANNSystem - Insert complete for id=3b75fc9e-e5da-4c15-a46e-d43b57f0679c in 995.8841 ms
2025-06-24 16:43:44 [main] INFO  c.fspann.api.ForwardSecureANNSystem - Insert complete for id=10ecbf46-220f-4069-9b8e-3e695299d954 in 910.2341 ms
2025-06-24 16:43:45 [main] INFO  c.fspann.api.ForwardSecureANNSystem - Insert complete for id=ff6f6c47-3ff2-4285-9250-7f4087ad0d89 in 756.0235 ms
2025-06-24 16:43:46 [main] INFO  c.fspann.api.ForwardSecureANNSystem - Insert complete for id=90f8ab6b-4853-4bdc-b1cf-2a5b01e67593 in 823.6096 ms
2025-06-24 16:43:47 [main] INFO  c.fspann.api.ForwardSecureANNSystem - Insert complete for id=ec6dca79-3012-4fc5-88bf-b219338713b1 in 877.311 ms
2025-06-24 16:43:47 [main] INFO  c.fspann.api.ForwardSecureANNSystem - Insert complete for id=d37fc867-0fb4-419a-a8f0-beec407951c1 in 802.9745 ms
2025-06-24 16:43:48 [main] INFO  c.fspann.api.ForwardSecureANNSystem - Insert complete for id=8efee420-fc06-49ec-af42-0010777869dc in 849.4647 ms
2025-06-24 16:43:49 [main] INFO  c.fspann.api.ForwardSecureANNSystem - Insert complete for id=477618b2-8927-4772-9b32-1d296dfd1412 in 949.5249 ms
2025-06-24 16:43:50 [main] INFO  c.fspann.api.ForwardSecureANNSystem - Insert complete for id=ffe9f655-c88a-465c-822b-221bd2b6adab in 943.418 ms
2025-06-24 16:43:51 [main] INFO  c.fspann.api.ForwardSecureANNSystem - Insert complete for id=01f918fa-06ff-4d6c-a2ad-4f041631d1f7 in 955.1717 ms
2025-06-24 16:43:52 [main] INFO  c.fspann.api.ForwardSecureANNSystem - Insert complete for id=1e523247-445b-42c8-af28-d0c2e0a4931d in 887.7514 ms
2025-06-24 16:43:53 [main] INFO  c.fspann.api.ForwardSecureANNSystem - Insert complete for id=75f8e42c-6273-457b-9ceb-bf904e93f183 in 862.6935 ms
2025-06-24 16:43:54 [main] INFO  c.fspann.api.ForwardSecureANNSystem - Insert complete for id=00a0084b-c321-496a-9411-382f0ea23d7f in 925.4356 ms
2025-06-24 16:43:55 [main] INFO  c.fspann.api.ForwardSecureANNSystem - Insert complete for id=34730c65-406e-4e48-bac1-9716e49cf8f4 in 910.1786 ms
2025-06-24 16:43:56 [main] INFO  c.fspann.api.ForwardSecureANNSystem - Insert complete for id=6b272bd1-46a6-47b7-84fd-cacc6d3d5ef4 in 924.8731 ms
2025-06-24 16:43:56 [main] INFO  c.fspann.api.ForwardSecureANNSystem - Insert complete for id=34e3053b-3d95-4b47-a69c-2640c22154a8 in 880.0849 ms
2025-06-24 16:43:57 [main] INFO  c.fspann.api.ForwardSecureANNSystem - Insert complete for id=1d5ce28a-e7f6-4375-a76e-7266582b44cc in 850.8548 ms
2025-06-24 16:43:58 [main] INFO  c.fspann.api.ForwardSecureANNSystem - Insert complete for id=37fca4f6-0b36-41b2-87ca-39a68647b0e6 in 926.9265 ms
2025-06-24 16:43:59 [main] INFO  c.fspann.api.ForwardSecureANNSystem - Insert complete for id=1d7ac69e-7672-4bb5-af84-9d95d1a2a851 in 817.2595 ms
2025-06-24 16:44:00 [main] INFO  c.fspann.api.ForwardSecureANNSystem - Insert complete for id=2d6224bd-03cd-4690-a014-0249e96b8a7d in 773.02 ms
2025-06-24 16:44:01 [main] INFO  c.fspann.api.ForwardSecureANNSystem - Insert complete for id=b06a26a3-caed-46b9-bdab-4da4ab9e430d in 792.6051 ms
2025-06-24 16:44:01 [main] INFO  c.fspann.api.ForwardSecureANNSystem - Insert complete for id=c7ea44bd-a57e-4d64-a3cd-7cc8279dc47e in 878.1726 ms
2025-06-24 16:44:02 [main] INFO  c.fspann.api.ForwardSecureANNSystem - Insert complete for id=bf849c54-d5ff-4911-9e43-4bfbc538d9f9 in 785.9488 ms
2025-06-24 16:44:03 [main] INFO  c.fspann.api.ForwardSecureANNSystem - Insert complete for id=b9180f62-3656-48a1-b8a8-66fa781d7783 in 905.2273 ms
2025-06-24 16:44:04 [main] INFO  c.fspann.api.ForwardSecureANNSystem - Insert complete for id=d1620993-e876-4fff-b839-fe353895719f in 780.8216 ms
2025-06-24 16:44:05 [main] INFO  c.fspann.api.ForwardSecureANNSystem - Insert complete for id=c7ad906d-75a5-4073-9f0c-35ccdd5b2142 in 902.1997 ms
2025-06-24 16:44:06 [main] INFO  c.fspann.api.ForwardSecureANNSystem - Insert complete for id=c6866364-f154-4aff-9b81-ca8aa80abaf3 in 902.8571 ms
2025-06-24 16:44:07 [main] INFO  c.fspann.api.ForwardSecureANNSystem - Insert complete for id=75f3e963-94d9-4b92-84a6-ff8ee971c095 in 873.3708 ms
2025-06-24 16:44:07 [main] INFO  c.fspann.api.ForwardSecureANNSystem - Insert complete for id=7fcb48f2-23c2-44fe-ae03-2a58e98e18db in 806.1304 ms
2025-06-24 16:44:08 [main] INFO  c.fspann.api.ForwardSecureANNSystem - Insert complete for id=0d30dd53-48f5-4f6f-8f47-bc323ca8ca44 in 809.0117 ms
2025-06-24 16:44:09 [main] INFO  c.fspann.api.ForwardSecureANNSystem - Insert complete for id=420fda04-d4d5-426b-9956-c93e3b3f9adf in 910.3803 ms
2025-06-24 16:44:10 [main] INFO  c.fspann.api.ForwardSecureANNSystem - Insert complete for id=e5f5a7ad-289a-42b0-a52e-9f5581aa9921 in 759.8457 ms
2025-06-24 16:44:11 [main] INFO  c.fspann.api.ForwardSecureANNSystem - Insert complete for id=98d41efc-5ef6-46c6-9940-72497a643ae9 in 870.0677 ms
2025-06-24 16:44:12 [main] INFO  c.fspann.api.ForwardSecureANNSystem - Insert complete for id=43cb7f57-001e-4482-9796-91db19becb7d in 950.9809 ms
2025-06-24 16:44:13 [main] INFO  c.fspann.api.ForwardSecureANNSystem - Insert complete for id=7f60d45b-db8f-422c-93eb-823c44433d87 in 920.7026 ms
2025-06-24 16:44:14 [main] INFO  c.fspann.api.ForwardSecureANNSystem - Insert complete for id=3f7879a8-33ef-41b0-a234-2d3e3cb17a06 in 845.1156 ms
2025-06-24 16:44:14 [main] INFO  c.fspann.api.ForwardSecureANNSystem - Insert complete for id=becefacf-c8d9-4d17-8da7-c4661a40bf70 in 784.4673 ms
2025-06-24 16:44:15 [main] INFO  c.fspann.api.ForwardSecureANNSystem - Insert complete for id=a469d7ff-c1b3-4ebf-9dd8-f52986736125 in 963.4327 ms
2025-06-24 16:44:16 [main] INFO  c.fspann.api.ForwardSecureANNSystem - Insert complete for id=c519d827-47c2-4eb8-b9ab-1f68885abbee in 863.9827 ms
2025-06-24 16:44:17 [main] INFO  c.fspann.api.ForwardSecureANNSystem - Insert complete for id=91139464-e511-43d0-973d-02e6c75c8629 in 767.6184 ms
2025-06-24 16:44:18 [main] INFO  c.fspann.api.ForwardSecureANNSystem - Insert complete for id=e00d59e1-4b4c-4100-b743-d862f38f57b9 in 941.9328 ms
2025-06-24 16:44:19 [main] INFO  c.fspann.api.ForwardSecureANNSystem - Insert complete for id=6501c6b6-317e-407b-916e-4a56dfccab9a in 926.5859 ms
2025-06-24 16:44:20 [main] INFO  c.fspann.api.ForwardSecureANNSystem - Insert complete for id=45381592-4e8c-43ca-9934-b8f8192199bc in 855.8618 ms
2025-06-24 16:44:21 [main] INFO  c.fspann.api.ForwardSecureANNSystem - Insert complete for id=961509fb-4372-453a-8b08-332619c9da9c in 915.2164 ms
2025-06-24 16:44:21 [main] INFO  c.fspann.api.ForwardSecureANNSystem - Insert complete for id=17bafc11-bc6e-4da4-b622-6432ce714f34 in 892.6434 ms
2025-06-24 16:44:22 [main] INFO  c.fspann.api.ForwardSecureANNSystem - Insert complete for id=51b99c42-6dd6-48ca-b334-b659794ed11c in 905.8953 ms
2025-06-24 16:44:23 [main] INFO  c.fspann.api.ForwardSecureANNSystem - Insert complete for id=8cfae720-ffbc-4c23-8497-e7f568cc9ecf in 858.9587 ms
2025-06-24 16:44:24 [main] INFO  c.fspann.api.ForwardSecureANNSystem - Insert complete for id=d330b1bb-2b0e-4731-b8ce-3c27f9829546 in 989.7549 ms
2025-06-24 16:44:25 [main] INFO  c.fspann.api.ForwardSecureANNSystem - Insert complete for id=f51c4908-4152-49e6-bd23-99beb2181feb in 985.5572 ms
2025-06-24 16:44:26 [main] INFO  c.fspann.api.ForwardSecureANNSystem - Insert complete for id=6b563294-43c4-4d84-bf70-35a3c6649b78 in 835.7412 ms
2025-06-24 16:44:27 [main] INFO  c.fspann.api.ForwardSecureANNSystem - Insert complete for id=34fac95e-f9fc-40f3-bfee-728d7ae82ed7 in 987.8196 ms
2025-06-24 16:44:28 [main] INFO  c.fspann.api.ForwardSecureANNSystem - Insert complete for id=9206d86f-1353-4c55-b97f-165e48a762d8 in 846.2937 ms
2025-06-24 16:44:29 [main] INFO  c.fspann.api.ForwardSecureANNSystem - Insert complete for id=92587199-73de-4c62-8762-f39df3d8354a in 829.5642 ms
2025-06-24 16:44:30 [main] INFO  c.fspann.api.ForwardSecureANNSystem - Insert complete for id=5df0dba2-8cf5-42e0-b48c-53b38a178687 in 930.5338 ms
2025-06-24 16:44:30 [main] INFO  c.fspann.api.ForwardSecureANNSystem - Insert complete for id=da2d5e78-a232-48a0-aa41-b769a25aaa1a in 819.2797 ms
2025-06-24 16:44:31 [main] INFO  c.fspann.api.ForwardSecureANNSystem - Insert complete for id=b89e74f7-edce-4b43-b4f7-60fb3fa75a28 in 835.1871 ms
2025-06-24 16:44:32 [main] INFO  c.fspann.api.ForwardSecureANNSystem - Insert complete for id=97d8993a-c149-429f-902c-e90c8c320ce5 in 913.1961 ms
2025-06-24 16:44:33 [main] INFO  c.fspann.api.ForwardSecureANNSystem - Insert complete for id=fdab21ac-33cd-443e-9fb8-fd89056c43a7 in 900.0479 ms
2025-06-24 16:44:34 [main] INFO  c.fspann.api.ForwardSecureANNSystem - Insert complete for id=0bc033a2-af1b-4d74-8b4b-be94476433a8 in 778.1487 ms
2025-06-24 16:44:35 [main] INFO  c.fspann.api.ForwardSecureANNSystem - Insert complete for id=9d059419-42e4-4768-b80f-ea2a53a80a40 in 839.097 ms
2025-06-24 16:44:35 [main] INFO  c.fspann.api.ForwardSecureANNSystem - Insert complete for id=9434ee04-67f4-49d1-a18a-e66f6cba827f in 781.759 ms
2025-06-24 16:44:36 [main] INFO  c.fspann.api.ForwardSecureANNSystem - Insert complete for id=514924ba-6304-43d4-a4fb-bd73f945d56b in 874.966 ms
2025-06-24 16:44:37 [main] INFO  c.fspann.api.ForwardSecureANNSystem - Insert complete for id=54702ae8-8522-4789-8b4c-743669213e81 in 863.9179 ms
2025-06-24 16:44:38 [main] INFO  c.fspann.api.ForwardSecureANNSystem - Insert complete for id=7ccca894-5f76-444b-bace-9f36a1d8e14d in 855.8848 ms
2025-06-24 16:44:39 [main] INFO  c.fspann.api.ForwardSecureANNSystem - Insert complete for id=cdd516a1-7c10-4fc3-90ec-626ebc2c183c in 982.6741 ms
2025-06-24 16:44:40 [main] INFO  c.fspann.api.ForwardSecureANNSystem - Insert complete for id=538a111a-b529-48c8-8d83-ce9a8461211b in 925.7992 ms
2025-06-24 16:44:41 [main] INFO  c.fspann.api.ForwardSecureANNSystem - Insert complete for id=33d5ea45-85d8-49f4-be79-75debaa0fbac in 765.5486 ms
2025-06-24 16:44:42 [main] INFO  c.fspann.api.ForwardSecureANNSystem - Insert complete for id=c8b3bd5a-4ca3-4f41-b570-1378f520cf5d in 829.6464 ms
2025-06-24 16:44:42 [main] INFO  c.fspann.api.ForwardSecureANNSystem - Insert complete for id=acecd97e-06d1-4acf-a200-fb0aacd3c765 in 931.5616 ms
2025-06-24 16:44:43 [main] INFO  c.fspann.api.ForwardSecureANNSystem - Insert complete for id=a3e55c99-fe5b-417f-9cb0-153cb85cbf16 in 935.7798 ms
2025-06-24 16:44:44 [main] INFO  c.fspann.api.ForwardSecureANNSystem - Insert complete for id=22e8e482-f7ba-48d3-8242-03ff3866b9a1 in 930.7377 ms
2025-06-24 16:44:45 [main] INFO  c.fspann.api.ForwardSecureANNSystem - Insert complete for id=9e66738e-6a2e-452e-b41d-a220a229bafc in 867.9647 ms
2025-06-24 16:44:46 [main] INFO  c.fspann.api.ForwardSecureANNSystem - Insert complete for id=1402d82b-824e-400e-9b09-ac460abaca64 in 955.9462 ms
2025-06-24 16:44:47 [main] INFO  c.fspann.api.ForwardSecureANNSystem - Insert complete for id=8e2d6bba-c240-4700-a300-13a0c640fc94 in 980.2165 ms
2025-06-24 16:44:48 [main] INFO  c.fspann.api.ForwardSecureANNSystem - Insert complete for id=169fad82-4041-48ea-8856-18db0d91d74f in 809.9811 ms
2025-06-24 16:44:49 [main] INFO  c.fspann.api.ForwardSecureANNSystem - Insert complete for id=5d3d50e3-98e4-43fa-9991-ed8be0163d88 in 920.3958 ms
2025-06-24 16:44:50 [main] INFO  c.fspann.api.ForwardSecureANNSystem - Insert complete for id=dbe07b40-d4ae-40e9-b813-38c05a49c9bb in 887.406 ms
2025-06-24 16:44:51 [main] INFO  c.fspann.api.ForwardSecureANNSystem - Insert complete for id=66bc93a2-43e1-4dce-a7f8-674c4ab7bbee in 853.1427 ms
2025-06-24 16:44:52 [main] INFO  c.fspann.api.ForwardSecureANNSystem - Insert complete for id=5236ab1e-3ea3-4525-a47d-4cbe40becd3c in 992.6483 ms
2025-06-24 16:44:52 [main] INFO  c.fspann.api.ForwardSecureANNSystem - Insert complete for id=f8a655a3-4f15-445f-8387-79002385ef64 in 806.5778 ms
2025-06-24 16:44:53 [main] INFO  c.fspann.api.ForwardSecureANNSystem - Insert complete for id=c2d32a1a-8dd2-4ce4-9aec-52dace849ca3 in 810.5744 ms
2025-06-24 16:44:54 [main] INFO  c.fspann.api.ForwardSecureANNSystem - Insert complete for id=6391848b-0c73-4c41-b942-85017df06e6a in 907.107 ms
2025-06-24 16:44:55 [main] INFO  c.fspann.api.ForwardSecureANNSystem - Insert complete for id=105af58d-a3b2-49fa-81b0-e199b16efebe in 878.2239 ms
2025-06-24 16:44:56 [main] INFO  c.fspann.api.ForwardSecureANNSystem - Insert complete for id=b0ebadb2-4cf4-4367-bc30-f5f70cc28581 in 956.4663 ms
2025-06-24 16:44:57 [main] INFO  c.fspann.api.ForwardSecureANNSystem - Insert complete for id=cfe6060e-d8f2-4fa0-afe4-7efb17417ef6 in 863.8187 ms
2025-06-24 16:44:58 [main] INFO  c.fspann.api.ForwardSecureANNSystem - Insert complete for id=e4e15598-edad-4e6d-8f3e-23c0e463afa9 in 837.4407 ms
2025-06-24 16:44:59 [main] INFO  c.fspann.api.ForwardSecureANNSystem - Insert complete for id=cc8408a8-4960-4436-a940-a4b0df4f9f4e in 875.0912 ms
2025-06-24 16:44:59 [main] INFO  c.fspann.api.ForwardSecureANNSystem - Insert complete for id=881e723a-857e-4bc5-b361-53a20de48cb2 in 718.1952 ms
2025-06-24 16:45:00 [main] INFO  c.fspann.api.ForwardSecureANNSystem - Insert complete for id=adf9ab04-2050-441d-844b-6e9c05db3deb in 881.4439 ms
2025-06-24 16:45:01 [main] INFO  c.fspann.api.ForwardSecureANNSystem - Insert complete for id=6cb825c7-c607-44c8-a05b-fdf80d4298cb in 862.3653 ms
2025-06-24 16:45:02 [main] INFO  c.fspann.api.ForwardSecureANNSystem - Insert complete for id=562909f5-e0fe-4b00-96ea-cd78920b6316 in 777.2938 ms
2025-06-24 16:45:03 [main] INFO  c.fspann.api.ForwardSecureANNSystem - Insert complete for id=ceaa57a0-a791-4a08-804c-9a723cc74301 in 794.0341 ms
2025-06-24 16:45:04 [main] INFO  c.fspann.api.ForwardSecureANNSystem - Insert complete for id=993e8e4c-5815-4901-97a6-d3f0f9e66793 in 942.0815 ms
2025-06-24 16:45:04 [main] INFO  c.fspann.api.ForwardSecureANNSystem - Insert complete for id=bc5607a6-c78f-495f-8c6c-fcf2522a146d in 904.0206 ms
2025-06-24 16:45:05 [main] INFO  c.fspann.api.ForwardSecureANNSystem - Insert complete for id=027d259f-2cb1-401e-a7fb-f6a136bff01b in 818.1164 ms
2025-06-24 16:45:06 [main] INFO  c.fspann.api.ForwardSecureANNSystem - Insert complete for id=a7a6d45a-c504-43ce-a29f-b900fba0bc22 in 938.9385 ms
2025-06-24 16:45:07 [main] INFO  c.fspann.api.ForwardSecureANNSystem - Insert complete for id=8a0d233e-3ebc-449b-aa8e-0962750b5e95 in 892.3427 ms
2025-06-24 16:45:08 [main] INFO  c.fspann.api.ForwardSecureANNSystem - Insert complete for id=115fb405-f7d7-4424-9a46-c2c6da6c524d in 878.505 ms
2025-06-24 16:45:09 [main] INFO  c.fspann.api.ForwardSecureANNSystem - Insert complete for id=49822f60-0448-4890-b225-9390ca5ad504 in 886.4109 ms
2025-06-24 16:45:10 [main] INFO  c.fspann.api.ForwardSecureANNSystem - Insert complete for id=bbd232db-4e07-4e0b-b3ea-31e36c21046e in 844.04 ms
2025-06-24 16:45:11 [main] INFO  c.fspann.api.ForwardSecureANNSystem - Insert complete for id=2145e5c8-e04b-4c08-bfd9-7bce6ad7152c in 848.4257 ms
2025-06-24 16:45:11 [main] INFO  c.fspann.api.ForwardSecureANNSystem - Insert complete for id=7dbd8683-c964-498b-83a3-a3f27cc467c3 in 907.6109 ms
2025-06-24 16:45:12 [main] INFO  c.fspann.api.ForwardSecureANNSystem - Insert complete for id=f362c194-7352-4776-a8c6-8ebcf2cf7a3a in 880.2209 ms
2025-06-24 16:45:13 [main] INFO  c.fspann.api.ForwardSecureANNSystem - Insert complete for id=2b937882-83a1-4c0e-8bd8-4b61f1392334 in 854.0131 ms
2025-06-24 16:45:14 [main] INFO  c.fspann.api.ForwardSecureANNSystem - Insert complete for id=bdababe6-8200-4b55-9ccf-2db38db00c0e in 872.194 ms
2025-06-24 16:45:15 [main] INFO  c.fspann.api.ForwardSecureANNSystem - Insert complete for id=d9fdbc59-7780-44d7-8578-bd75af661c3b in 810.5155 ms
2025-06-24 16:45:16 [main] INFO  c.fspann.api.ForwardSecureANNSystem - Insert complete for id=81a62f56-6e0d-468b-b733-803b7e0f23f1 in 931.8726 ms
2025-06-24 16:45:17 [main] INFO  c.fspann.api.ForwardSecureANNSystem - Insert complete for id=4f80e29e-0be8-4d08-bfa5-0a1192a84e25 in 770.1 ms
2025-06-24 16:45:17 [main] INFO  c.fspann.api.ForwardSecureANNSystem - Insert complete for id=f5a8ca1f-34b5-486e-ba51-53107edcfa0e in 823.2832 ms
2025-06-24 16:45:18 [main] INFO  c.fspann.api.ForwardSecureANNSystem - Insert complete for id=ff1da228-8f8f-46ee-8718-a9bf071ccbf6 in 748.0716 ms
2025-06-24 16:45:19 [main] INFO  c.fspann.api.ForwardSecureANNSystem - Insert complete for id=af4b5e77-fc2b-4c75-8473-2c254f8db6f1 in 891.6686 ms
2025-06-24 16:45:20 [main] INFO  c.fspann.api.ForwardSecureANNSystem - Insert complete for id=d8d1d1b4-0299-4e87-9021-43390fada4bb in 811.1014 ms
2025-06-24 16:45:21 [main] INFO  c.fspann.api.ForwardSecureANNSystem - Insert complete for id=f8d692f5-b192-4d5f-af27-6f236e8130c8 in 795.6551 ms
2025-06-24 16:45:21 [main] INFO  c.fspann.api.ForwardSecureANNSystem - Insert complete for id=b59f3bc3-3ec9-40d8-ab2b-1aee1fd62fc0 in 830.3428 ms
2025-06-24 16:45:22 [main] INFO  c.fspann.api.ForwardSecureANNSystem - Insert complete for id=f838c78a-5562-48ac-8403-95ef8bdc9a15 in 976.1845 ms
2025-06-24 16:45:23 [main] INFO  c.fspann.api.ForwardSecureANNSystem - Insert complete for id=57fc632f-c332-4664-9d23-8388a55b54ae in 861.7537 ms
2025-06-24 16:45:24 [main] INFO  c.fspann.api.ForwardSecureANNSystem - Insert complete for id=178a8359-978d-4a67-968d-c7040724c39e in 752.8743 ms
2025-06-24 16:45:25 [main] INFO  c.fspann.api.ForwardSecureANNSystem - Insert complete for id=cf407117-1476-4e02-8eda-1599252d0b9f in 798.1517 ms
2025-06-24 16:45:26 [main] INFO  c.fspann.api.ForwardSecureANNSystem - Insert complete for id=da17c66d-8142-4d78-98e2-46ad5a00df7d in 861.7806 ms
2025-06-24 16:45:27 [main] INFO  c.fspann.api.ForwardSecureANNSystem - Insert complete for id=a09fd08b-5db2-47d7-9519-e2b4966d2a3f in 915.5836 ms
2025-06-24 16:45:27 [main] INFO  c.fspann.api.ForwardSecureANNSystem - Insert complete for id=66ed6a00-31ea-477a-aea8-bd2e8f1dcd10 in 800.4453 ms
2025-06-24 16:45:28 [main] INFO  c.fspann.api.ForwardSecureANNSystem - Insert complete for id=200c1cc6-45cc-4435-b24d-1fdc353b46e1 in 837.9647 ms
2025-06-24 16:45:29 [main] INFO  c.fspann.api.ForwardSecureANNSystem - Insert complete for id=17d59fb7-bd7e-4aa5-91d9-93328112ce4d in 835.9848 ms
2025-06-24 16:45:30 [main] INFO  c.fspann.api.ForwardSecureANNSystem - Insert complete for id=8c919b07-bc81-4c7d-a799-da926b32c694 in 780.0702 ms
2025-06-24 16:45:31 [main] INFO  c.fspann.api.ForwardSecureANNSystem - Insert complete for id=419f781f-52cf-418a-a75e-e114053414b7 in 720.1152 ms
2025-06-24 16:45:31 [main] INFO  c.fspann.api.ForwardSecureANNSystem - Insert complete for id=7fbe4f78-82c5-4e9c-ae14-d228c572fff5 in 756.1378 ms
2025-06-24 16:45:32 [main] INFO  c.fspann.api.ForwardSecureANNSystem - Insert complete for id=597e7bc4-3a17-48c5-a054-bbfc489168bb in 899.3732 ms
2025-06-24 16:45:33 [main] INFO  c.fspann.api.ForwardSecureANNSystem - Insert complete for id=b2b3f921-a647-4d7e-9540-c74ac841b0c0 in 745.4172 ms
2025-06-24 16:45:34 [main] INFO  c.fspann.api.ForwardSecureANNSystem - Insert complete for id=fa5da491-3f74-4b92-8b2c-0f299ee61adc in 873.786 ms
2025-06-24 16:45:35 [main] INFO  c.fspann.api.ForwardSecureANNSystem - Insert complete for id=2a73cd3f-b9ab-4308-b0b3-59cf4e06ad97 in 893.8558 ms
2025-06-24 16:45:36 [main] INFO  c.fspann.api.ForwardSecureANNSystem - Insert complete for id=505dc1df-c5cd-45a3-8500-878112c9ed56 in 792.3916 ms
2025-06-24 16:45:36 [main] INFO  c.fspann.api.ForwardSecureANNSystem - Insert complete for id=281cbf41-a1c4-423c-b057-ba6a4d2900ff in 801.4964 ms
2025-06-24 16:45:37 [main] INFO  c.fspann.api.ForwardSecureANNSystem - Insert complete for id=36e8eaa4-f8b6-4861-9f1c-efaf0acca6bd in 823.4933 ms
2025-06-24 16:45:38 [main] INFO  c.fspann.api.ForwardSecureANNSystem - Insert complete for id=d8636989-64cf-4c3f-a257-a091e0afc9d4 in 944.0336 ms
2025-06-24 16:45:39 [main] INFO  c.fspann.api.ForwardSecureANNSystem - Insert complete for id=b2cd5792-5e8c-42cb-a34a-2fc21ab6d704 in 897.9578 ms
2025-06-24 16:45:40 [main] INFO  c.fspann.api.ForwardSecureANNSystem - Insert complete for id=edd46151-5468-448c-bbb4-4c51c281b569 in 878.4807 ms
2025-06-24 16:45:41 [main] INFO  c.fspann.api.ForwardSecureANNSystem - Insert complete for id=541b062e-319e-4db1-b6fb-def1cc024709 in 850.9945 ms
2025-06-24 16:45:42 [main] INFO  c.fspann.api.ForwardSecureANNSystem - Insert complete for id=15715be5-0f8f-4ce7-8694-c8c7181fc8ed in 768.0413 ms
2025-06-24 16:45:42 [main] INFO  c.fspann.api.ForwardSecureANNSystem - Insert complete for id=f7de7087-47ce-4df8-a854-3480e23c91e2 in 897.056 ms
2025-06-24 16:45:43 [main] INFO  c.fspann.api.ForwardSecureANNSystem - Insert complete for id=d50c2fcf-9631-4b38-b389-a74e6be9d30a in 692.7232 ms
2025-06-24 16:45:44 [main] INFO  c.fspann.api.ForwardSecureANNSystem - Insert complete for id=e9599f25-6d2a-437a-99ad-bdd1de98cb3e in 755.0828 ms
2025-06-24 16:45:45 [main] INFO  c.fspann.api.ForwardSecureANNSystem - Insert complete for id=9435ff9b-bfc8-4d2f-81a9-84c46079967b in 725.5276 ms
2025-06-24 16:45:45 [main] INFO  c.fspann.api.ForwardSecureANNSystem - Insert complete for id=6f70f142-0564-461a-aef0-b648b5ed0294 in 812.4796 ms
2025-06-24 16:45:46 [main] INFO  c.fspann.api.ForwardSecureANNSystem - Insert complete for id=e1743634-3632-4dc7-aa17-41c8ac54d998 in 768.1527 ms
2025-06-24 16:45:47 [main] INFO  c.fspann.api.ForwardSecureANNSystem - Insert complete for id=d11ed375-557d-4f51-a63b-a6ed9272ee70 in 744.0289 ms
2025-06-24 16:45:48 [main] INFO  c.fspann.api.ForwardSecureANNSystem - Insert complete for id=ae102b3e-41f5-418a-bbb9-b5cbe1f9981f in 903.7486 ms
2025-06-24 16:45:49 [main] INFO  c.fspann.api.ForwardSecureANNSystem - Insert complete for id=5b1cd5ef-8101-4a15-b211-cd6320a4b654 in 756.7914 ms
2025-06-24 16:45:50 [main] INFO  c.fspann.api.ForwardSecureANNSystem - Insert complete for id=9b194c85-8d4d-4491-add6-eefdbf075def in 935.0603 ms
2025-06-24 16:45:50 [main] INFO  c.fspann.api.ForwardSecureANNSystem - Insert complete for id=cb178549-86d9-4819-868d-12faa941e5b7 in 921.9964 ms
2025-06-24 16:45:51 [main] INFO  c.fspann.api.ForwardSecureANNSystem - Insert complete for id=374eca40-c8b4-4682-86f1-2607525a1c35 in 830.642 ms
2025-06-24 16:45:52 [main] INFO  c.fspann.api.ForwardSecureANNSystem - Insert complete for id=145cb998-9f63-43ef-88ac-4dd95b81a673 in 751.085 ms
2025-06-24 16:45:53 [main] INFO  c.fspann.api.ForwardSecureANNSystem - Insert complete for id=0ec9d0e8-c95c-4751-a5e1-ede0af3addd2 in 742.0919 ms
2025-06-24 16:45:54 [main] INFO  c.fspann.api.ForwardSecureANNSystem - Insert complete for id=126c8074-5b78-4ab7-83bd-8134c6bc4a74 in 795.6805 ms
2025-06-24 16:45:54 [main] INFO  c.fspann.api.ForwardSecureANNSystem - Insert complete for id=dc78a2d3-e083-488e-a48c-b10515a8ea1e in 780.1111 ms
2025-06-24 16:45:55 [main] INFO  c.fspann.api.ForwardSecureANNSystem - Insert complete for id=2c99d53e-b1ca-4a83-a036-eb013411a0b7 in 762.5015 ms
2025-06-24 16:45:56 [main] INFO  c.fspann.api.ForwardSecureANNSystem - Insert complete for id=cf069f35-bf39-447a-962f-192108aa0aed in 857.969 ms
2025-06-24 16:45:57 [main] INFO  c.fspann.api.ForwardSecureANNSystem - Insert complete for id=6edd06a4-77e4-4098-98d3-346a0260ca99 in 838.4089 ms
2025-06-24 16:45:58 [main] INFO  c.fspann.api.ForwardSecureANNSystem - Insert complete for id=867926b9-d548-42af-a348-812d3672ed02 in 838.8599 ms
2025-06-24 16:45:58 [main] INFO  c.fspann.api.ForwardSecureANNSystem - Insert complete for id=a0f3d2f5-f8e7-41b0-b721-8d65f43b5393 in 807.873 ms
2025-06-24 16:45:59 [main] INFO  c.fspann.api.ForwardSecureANNSystem - Insert complete for id=6b92d589-9e5b-44ec-9307-b6e8ee0715ae in 827.0648 ms
2025-06-24 16:46:00 [main] INFO  c.fspann.api.ForwardSecureANNSystem - Insert complete for id=7463b328-32a3-49db-b9bb-3c83c72f5266 in 709.4709 ms
2025-06-24 16:46:01 [main] INFO  c.fspann.api.ForwardSecureANNSystem - Insert complete for id=b9536c6a-6a31-4ad6-be39-c648ac6ca824 in 712.0469 ms
2025-06-24 16:46:02 [main] INFO  c.fspann.api.ForwardSecureANNSystem - Insert complete for id=071126bc-ccf1-409e-9155-5d939dfa6561 in 865.7872 ms
2025-06-24 16:46:02 [main] INFO  c.fspann.api.ForwardSecureANNSystem - Insert complete for id=c201a6d9-195b-4b21-a549-a48be3e8d5e1 in 818.9874 ms
2025-06-24 16:46:03 [main] INFO  c.fspann.api.ForwardSecureANNSystem - Insert complete for id=774a1e56-c7e0-41f5-b88d-113536b3c16c in 823.3617 ms
2025-06-24 16:46:04 [main] INFO  c.fspann.api.ForwardSecureANNSystem - Insert complete for id=547e6df4-a8eb-40cc-bb08-8958b584d5c9 in 736.7489 ms
2025-06-24 16:46:05 [main] INFO  c.fspann.api.ForwardSecureANNSystem - Insert complete for id=ba8eb955-68ac-4999-8c06-38023a4c488e in 759.5756 ms
2025-06-24 16:46:05 [main] INFO  c.fspann.api.ForwardSecureANNSystem - Insert complete for id=1299735c-4f5f-4163-904c-2762858bf57c in 678.9506 ms
2025-06-24 16:46:06 [main] INFO  c.fspann.api.ForwardSecureANNSystem - Insert complete for id=7b9bd7d2-ce0b-40dc-9f97-fd8f2c8426aa in 766.5698 ms
2025-06-24 16:46:07 [main] INFO  c.fspann.api.ForwardSecureANNSystem - Insert complete for id=35f33324-6aa0-4931-9792-28a8cf130b7c in 811.9183 ms
2025-06-24 16:46:08 [main] INFO  c.fspann.api.ForwardSecureANNSystem - Insert complete for id=92cf2c3c-c4b3-4d0b-98ef-8092fe590b27 in 779.3027 ms
2025-06-24 16:46:08 [main] INFO  c.fspann.api.ForwardSecureANNSystem - Insert complete for id=6f7fd2ab-01a4-45c8-b074-7730fe049492 in 726.7106 ms
2025-06-24 16:46:09 [main] INFO  c.fspann.api.ForwardSecureANNSystem - Insert complete for id=e96f786f-3872-49be-92f5-cce366c43535 in 802.4778 ms
2025-06-24 16:46:10 [main] INFO  c.fspann.api.ForwardSecureANNSystem - Insert complete for id=d236c72f-018a-4504-ab5e-5d5dd6194ef5 in 761.9894 ms
2025-06-24 16:46:11 [main] INFO  c.fspann.api.ForwardSecureANNSystem - Insert complete for id=ed1c9514-8097-4f4d-b386-20cd8869e95b in 717.2071 ms
2025-06-24 16:46:12 [main] INFO  c.fspann.api.ForwardSecureANNSystem - Insert complete for id=cc150ed3-ba97-413d-ab2b-6aaf226eb754 in 838.3983 ms
2025-06-24 16:46:12 [main] INFO  c.fspann.api.ForwardSecureANNSystem - Insert complete for id=9ba02eb2-d6c2-419a-b932-8cff859622a8 in 891.0429 ms
2025-06-24 16:46:13 [main] INFO  c.fspann.api.ForwardSecureANNSystem - Insert complete for id=dd38a120-a973-4855-adc7-5a42403f54e7 in 782.2687 ms
2025-06-24 16:46:14 [main] INFO  c.fspann.api.ForwardSecureANNSystem - Insert complete for id=5417f648-a0f7-4930-8160-e2fa4899a288 in 717.9471 ms
2025-06-24 16:46:15 [main] INFO  c.fspann.api.ForwardSecureANNSystem - Insert complete for id=f3a2b63f-4e0e-4691-ad77-f313a239033f in 735.3607 ms
2025-06-24 16:46:15 [main] INFO  c.fspann.api.ForwardSecureANNSystem - Insert complete for id=ff0102a1-2110-494d-81a1-12f6191fdd5f in 706.2987 ms
2025-06-24 16:46:16 [main] INFO  c.fspann.api.ForwardSecureANNSystem - Insert complete for id=086c61b9-17f6-4d83-a602-3d1986b3cca9 in 784.912 ms
2025-06-24 16:46:17 [main] INFO  c.fspann.api.ForwardSecureANNSystem - Insert complete for id=cb3ee90e-895a-438e-a0c2-ffb7e197f201 in 832.2967 ms
2025-06-24 16:46:18 [main] INFO  c.fspann.api.ForwardSecureANNSystem - Insert complete for id=4ce8eea6-dfb2-4a97-b92c-1a8dd5a8f521 in 862.1686 ms
2025-06-24 16:46:19 [main] INFO  c.fspann.api.ForwardSecureANNSystem - Insert complete for id=f43e8120-e712-40e3-9a8b-7b91c2d6a38a in 786.6096 ms
2025-06-24 16:46:20 [main] INFO  c.fspann.api.ForwardSecureANNSystem - Insert complete for id=09b770a8-fb42-4c73-b395-dbdb054017c5 in 802.2426 ms
2025-06-24 16:46:20 [main] INFO  c.fspann.api.ForwardSecureANNSystem - Insert complete for id=d2e951bd-3714-4eb3-a199-3b729ba86477 in 812.4957 ms
2025-06-24 16:46:21 [main] INFO  c.fspann.api.ForwardSecureANNSystem - Insert complete for id=1bbbf3b0-3e74-4160-979e-c8414a82797c in 808.7961 ms
2025-06-24 16:46:22 [main] INFO  c.fspann.api.ForwardSecureANNSystem - Insert complete for id=9dd852d2-faab-480b-b733-ac5b5a0f0d98 in 766.5265 ms
2025-06-24 16:46:23 [main] INFO  c.fspann.api.ForwardSecureANNSystem - Insert complete for id=1bf0c8d8-95e4-4551-addd-f2fe6c16c119 in 718.3657 ms
2025-06-24 16:46:23 [main] INFO  c.fspann.api.ForwardSecureANNSystem - Insert complete for id=304b58a4-738a-43af-aa89-9f7e38dd410f in 782.5098 ms
2025-06-24 16:46:24 [main] INFO  c.fspann.api.ForwardSecureANNSystem - Insert complete for id=4f10166a-3514-4033-ad30-af578bbc4c95 in 766.0859 ms
2025-06-24 16:46:25 [main] INFO  c.fspann.api.ForwardSecureANNSystem - Insert complete for id=9077ce9e-abe4-4787-9b19-a2ba114e4749 in 702.1125 ms
2025-06-24 16:46:26 [main] INFO  c.fspann.api.ForwardSecureANNSystem - Insert complete for id=a81dc99f-8e13-4022-b40e-1ced8f110eef in 806.068 ms
2025-06-24 16:46:26 [main] INFO  c.fspann.api.ForwardSecureANNSystem - Insert complete for id=9c81f390-e302-479f-adc0-82a4332dd0b8 in 810.2049 ms
2025-06-24 16:46:27 [main] INFO  c.fspann.api.ForwardSecureANNSystem - Insert complete for id=fd8e61bd-fd68-4850-9531-12b4f2f18dbc in 856.6873 ms
2025-06-24 16:46:28 [main] INFO  c.fspann.api.ForwardSecureANNSystem - Insert complete for id=8af4617e-c6dc-4860-85a1-66a16a7aeac4 in 776.0813 ms
2025-06-24 16:46:29 [main] INFO  c.fspann.api.ForwardSecureANNSystem - Insert complete for id=760aabd6-b846-46d4-8f33-5509f5d05fee in 852.2519 ms
2025-06-24 16:46:30 [main] INFO  c.fspann.api.ForwardSecureANNSystem - Insert complete for id=1be5a9c2-1276-4f03-920b-512b4e8dbff1 in 778.8054 ms
2025-06-24 16:46:31 [main] INFO  c.fspann.api.ForwardSecureANNSystem - Insert complete for id=49f12334-54ce-4990-b2df-2ed0e97dd37d in 858.8017 ms
2025-06-24 16:46:31 [main] INFO  c.fspann.api.ForwardSecureANNSystem - Insert complete for id=1edbb2e3-245e-40cb-b4ca-70e0f5c18bcf in 714.6043 ms
2025-06-24 16:46:32 [main] INFO  c.fspann.api.ForwardSecureANNSystem - Insert complete for id=cc2241ec-cf60-4bc2-a30b-1bad1c00e326 in 780.8409 ms
2025-06-24 16:46:33 [main] INFO  c.fspann.api.ForwardSecureANNSystem - Insert complete for id=e6f29157-a028-4dbf-93d8-f87812491d1c in 774.3604 ms
2025-06-24 16:46:34 [main] INFO  c.fspann.api.ForwardSecureANNSystem - Insert complete for id=ac33b1ce-a90e-4695-a0e7-4436d124ecd8 in 773.1906 ms
2025-06-24 16:46:34 [main] INFO  c.fspann.api.ForwardSecureANNSystem - Insert complete for id=f217c8eb-552d-43ac-808e-febca55b6b58 in 796.2232 ms
2025-06-24 16:46:35 [main] INFO  c.fspann.api.ForwardSecureANNSystem - Insert complete for id=28e0ee7a-7ff1-444f-80e3-b4d0686e5d94 in 786.9782 ms
2025-06-24 16:46:36 [main] INFO  c.fspann.api.ForwardSecureANNSystem - Insert complete for id=b6767431-911f-4526-95e2-cd22c59e1f50 in 694.5232 ms
2025-06-24 16:46:37 [main] INFO  c.fspann.api.ForwardSecureANNSystem - Insert complete for id=9991581a-dfa3-41f1-8bc7-cbd71dd94959 in 735.0502 ms
2025-06-24 16:46:38 [main] INFO  c.fspann.api.ForwardSecureANNSystem - Insert complete for id=b04ce079-7aa1-4931-bade-0bfb044f41e9 in 872.6243 ms
2025-06-24 16:46:38 [main] INFO  c.fspann.api.ForwardSecureANNSystem - Insert complete for id=9a7b01b7-24b8-4c09-9841-a785e9627017 in 741.3599 ms
2025-06-24 16:46:39 [main] INFO  c.fspann.api.ForwardSecureANNSystem - Insert complete for id=316c7f4b-da12-493d-ae2d-16d6e1f9c36e in 797.6819 ms
2025-06-24 16:46:40 [main] INFO  c.fspann.api.ForwardSecureANNSystem - Insert complete for id=80fe27c2-0fde-4601-a444-05c07eda3bea in 755.1304 ms
2025-06-24 16:46:41 [main] INFO  c.fspann.api.ForwardSecureANNSystem - Insert complete for id=08a3a45a-7165-4c79-b4c8-fdae23227056 in 732.8314 ms
2025-06-24 16:46:41 [main] INFO  c.fspann.api.ForwardSecureANNSystem - Insert complete for id=e1749d99-6a8a-4f6c-98b1-71022b0f8738 in 851.4866 ms
2025-06-24 16:46:42 [main] INFO  c.fspann.api.ForwardSecureANNSystem - Insert complete for id=83e20db8-5655-41b6-ac3d-93cd9bbbbfb1 in 866.8474 ms
2025-06-24 16:46:43 [main] INFO  c.fspann.api.ForwardSecureANNSystem - Insert complete for id=0c52d778-c45c-4b12-890a-bb00bbac1afb in 685.4466 ms
2025-06-24 16:46:44 [main] INFO  c.fspann.api.ForwardSecureANNSystem - Insert complete for id=9aa657dd-0ef3-45ad-b2cd-aa1c8167c3ab in 699.8023 ms
2025-06-24 16:46:44 [main] INFO  c.fspann.api.ForwardSecureANNSystem - Insert complete for id=f2ac0dfd-a249-4ac8-9550-d4ef7b5466a3 in 658.1418 ms
2025-06-24 16:46:45 [main] INFO  c.fspann.api.ForwardSecureANNSystem - Insert complete for id=8c727de9-f8f1-4ca8-ac87-b9b101b0b888 in 659.3366 ms
2025-06-24 16:46:46 [main] INFO  c.fspann.api.ForwardSecureANNSystem - Insert complete for id=7f0f8ce7-3f48-4851-a5aa-f72f2f0327b5 in 607.2418 ms
2025-06-24 16:46:46 [main] INFO  c.fspann.api.ForwardSecureANNSystem - Insert complete for id=ba914920-d31e-45e4-bb10-58454fb1f9bd in 750.6985 ms
2025-06-24 16:46:47 [main] INFO  c.fspann.api.ForwardSecureANNSystem - Insert complete for id=43dd68f2-73a8-46fd-a59e-a6ed68c10000 in 760.2954 ms
2025-06-24 16:46:48 [main] INFO  c.fspann.api.ForwardSecureANNSystem - Insert complete for id=eaf31401-7256-418a-868a-82a37d6e7fcd in 755.8462 ms
2025-06-24 16:46:49 [main] INFO  c.fspann.api.ForwardSecureANNSystem - Insert complete for id=6b43ef20-87ca-4364-b504-8cdf490e49df in 760.7493 ms
2025-06-24 16:46:49 [main] INFO  c.fspann.api.ForwardSecureANNSystem - Insert complete for id=20257589-41b0-4a6b-971f-95f1890f4681 in 759.5621 ms
2025-06-24 16:46:50 [main] INFO  c.fspann.api.ForwardSecureANNSystem - Insert complete for id=f5f95cd0-26a8-4655-9d5b-3057eb6bba99 in 786.2895 ms
2025-06-24 16:46:51 [main] INFO  c.fspann.api.ForwardSecureANNSystem - Insert complete for id=d498f67d-9f54-4031-8b14-cad2c2d56962 in 645.8236 ms
2025-06-24 16:46:52 [main] INFO  c.fspann.api.ForwardSecureANNSystem - Insert complete for id=1b5f1bf3-6a2c-443d-92a3-f6e0b9bf9dfd in 722.9948 ms
2025-06-24 16:46:52 [main] INFO  c.fspann.api.ForwardSecureANNSystem - Insert complete for id=4373d4ee-3c60-49a8-9afc-657afa4f6004 in 747.2623 ms
2025-06-24 16:46:53 [main] INFO  c.fspann.api.ForwardSecureANNSystem - Insert complete for id=37b7f688-4ac3-45ed-9800-949e6e7e697d in 808.7467 ms
2025-06-24 16:46:54 [main] INFO  c.fspann.api.ForwardSecureANNSystem - Insert complete for id=11900a68-44c9-46be-a343-868df5c4cb2b in 811.5964 ms
2025-06-24 16:46:55 [main] INFO  c.fspann.api.ForwardSecureANNSystem - Insert complete for id=bb34569d-75d6-4a50-b342-64df49be9faa in 803.0877 ms
2025-06-24 16:46:55 [main] INFO  c.fspann.api.ForwardSecureANNSystem - Insert complete for id=0027fb9e-3227-438f-8486-f7e2a7ddb08d in 711.9645 ms
2025-06-24 16:46:56 [main] INFO  c.fspann.api.ForwardSecureANNSystem - Insert complete for id=52864427-f991-4626-a4d0-9ddd5bed8a6d in 802.3259 ms
2025-06-24 16:46:57 [main] INFO  c.fspann.api.ForwardSecureANNSystem - Insert complete for id=6b70a221-fc39-43e3-8888-351de0678a7c in 742.1337 ms
2025-06-24 16:46:58 [main] INFO  c.fspann.api.ForwardSecureANNSystem - Insert complete for id=fd51ff95-f6cb-48c5-a4a8-386cbc10b4d0 in 764.7219 ms
2025-06-24 16:46:58 [main] INFO  c.fspann.api.ForwardSecureANNSystem - Insert complete for id=f6074413-5a1f-45fc-b086-ab7684a70108 in 745.9557 ms
2025-06-24 16:46:59 [main] INFO  c.fspann.api.ForwardSecureANNSystem - Insert complete for id=b8837fb6-1415-4fe1-b95e-a2cffc091c67 in 641.6234 ms
2025-06-24 16:47:00 [main] INFO  c.fspann.api.ForwardSecureANNSystem - Insert complete for id=7443296d-2c75-43e4-9262-30604c8522d3 in 788.7992 ms
2025-06-24 16:47:01 [main] INFO  c.fspann.api.ForwardSecureANNSystem - Insert complete for id=0043d462-75da-4ef5-b4df-8baff1679d4f in 759.4814 ms
2025-06-24 16:47:02 [main] INFO  c.fspann.api.ForwardSecureANNSystem - Insert complete for id=78888317-4fb7-44e6-a972-3e3ae54fc90a in 886.7883 ms
2025-06-24 16:47:02 [main] INFO  c.fspann.api.ForwardSecureANNSystem - Insert complete for id=d6af110b-bb5b-4d9f-8669-8505d714206d in 783.8288 ms
2025-06-24 16:47:03 [main] INFO  c.fspann.api.ForwardSecureANNSystem - Insert complete for id=b6099441-cbea-4ff2-b883-89fca9b9276a in 864.3816 ms
2025-06-24 16:47:04 [main] INFO  c.fspann.api.ForwardSecureANNSystem - Insert complete for id=919c4376-64ee-41f2-8223-9084d2f644a9 in 727.0316 ms
2025-06-24 16:47:05 [main] INFO  c.fspann.api.ForwardSecureANNSystem - Insert complete for id=ef6a8ab0-b95d-4e59-944e-5613877cd7a0 in 797.3549 ms
2025-06-24 16:47:05 [main] INFO  c.fspann.api.ForwardSecureANNSystem - Insert complete for id=7b587029-c968-4f23-9e2c-9569af0649b2 in 733.8517 ms
2025-06-24 16:47:06 [main] INFO  c.fspann.api.ForwardSecureANNSystem - Insert complete for id=45a10cee-53c8-46eb-ad90-fa0292546422 in 787.2316 ms
2025-06-24 16:47:07 [main] INFO  c.fspann.api.ForwardSecureANNSystem - Insert complete for id=9a001a9b-5f67-438a-b2b8-9b6162f26071 in 917.7947 ms
2025-06-24 16:47:08 [main] INFO  c.fspann.api.ForwardSecureANNSystem - Insert complete for id=66bd029c-dcc9-4e38-98cc-e0e0a06d5022 in 831.8255 ms
2025-06-24 16:47:09 [main] INFO  c.fspann.api.ForwardSecureANNSystem - Insert complete for id=945f377e-0e55-40c5-b3a9-f4dfca275526 in 682.9853 ms
2025-06-24 16:47:09 [main] INFO  c.fspann.api.ForwardSecureANNSystem - Insert complete for id=203ab28a-8b6a-4942-a321-bdcd826aabd0 in 795.8576 ms
2025-06-24 16:47:10 [main] INFO  c.fspann.api.ForwardSecureANNSystem - Insert complete for id=7b446f12-b9a3-4c45-a194-d4c1593f6545 in 851.7845 ms
2025-06-24 16:47:11 [main] INFO  c.fspann.api.ForwardSecureANNSystem - Insert complete for id=c019d680-4227-4c02-80c7-817666634de5 in 733.8041 ms
2025-06-24 16:47:12 [main] INFO  c.fspann.api.ForwardSecureANNSystem - Insert complete for id=6f167332-4b73-432b-843b-9fa78698dca7 in 703.8171 ms
2025-06-24 16:47:13 [main] INFO  c.fspann.api.ForwardSecureANNSystem - Insert complete for id=dd1d4723-d99e-4fa1-89f2-fdd69597c433 in 804.5866 ms
2025-06-24 16:47:13 [main] INFO  c.fspann.api.ForwardSecureANNSystem - Insert complete for id=18c3ff56-258c-4372-be9f-37807ab2ef41 in 726.582 ms
2025-06-24 16:47:14 [main] INFO  c.fspann.api.ForwardSecureANNSystem - Insert complete for id=b659c239-3d2b-4c81-aad9-2965ec51892b in 772.958 ms
2025-06-24 16:47:15 [main] INFO  c.fspann.api.ForwardSecureANNSystem - Insert complete for id=761708e2-cf6c-4f66-b6f2-08c2a452f1b7 in 725.9689 ms
2025-06-24 16:47:15 [main] INFO  c.fspann.api.ForwardSecureANNSystem - Insert complete for id=9fa75e73-b192-489d-b675-75df744d6c26 in 692.2268 ms
2025-06-24 16:47:16 [main] INFO  c.fspann.api.ForwardSecureANNSystem - Insert complete for id=855f8147-c745-450e-b0ce-6045badd2847 in 590.6367 ms
2025-06-24 16:47:17 [main] INFO  c.fspann.api.ForwardSecureANNSystem - Insert complete for id=8c32c6db-d4dc-4602-9d0e-fece68a32739 in 580.0409 ms
2025-06-24 16:47:17 [main] INFO  c.fspann.api.ForwardSecureANNSystem - Insert complete for id=c145f4a1-d18c-4b15-8c09-ab6263a498c4 in 574.2083 ms
2025-06-24 16:47:18 [main] INFO  c.fspann.api.ForwardSecureANNSystem - Insert complete for id=569a31c4-3ee6-4ac2-b9e5-845f3fa69b97 in 573.6521 ms
2025-06-24 16:47:18 [main] INFO  c.fspann.api.ForwardSecureANNSystem - Insert complete for id=6a40a91c-2f4c-4889-b68e-9cf64f9f951f in 574.7109 ms
2025-06-24 16:47:19 [main] INFO  c.fspann.api.ForwardSecureANNSystem - Insert complete for id=afc10a8e-3596-47be-93eb-d7e5da734036 in 576.3269 ms
2025-06-24 16:47:20 [main] INFO  c.fspann.api.ForwardSecureANNSystem - Insert complete for id=e026b465-c415-4b2d-a204-1dee1e3cdd6f in 563.3581 ms
2025-06-24 16:47:20 [main] INFO  c.fspann.api.ForwardSecureANNSystem - Insert complete for id=851ddcb5-0d14-4057-ba8a-546b9cdf27c9 in 626.8495 ms
2025-06-24 16:47:21 [main] INFO  c.fspann.api.ForwardSecureANNSystem - Insert complete for id=9bbe2f63-3aa4-4a24-a595-f73f766205bc in 581.0615 ms
2025-06-24 16:47:21 [main] INFO  c.fspann.api.ForwardSecureANNSystem - Insert complete for id=3a41a45e-e04e-464f-9bc1-9f87a32c145f in 573.0544 ms
2025-06-24 16:47:22 [main] INFO  c.fspann.api.ForwardSecureANNSystem - Insert complete for id=0c92fce9-a1c9-4ba5-b679-ea04b9e0e54e in 570.6358 ms
2025-06-24 16:47:22 [main] INFO  c.fspann.api.ForwardSecureANNSystem - Insert complete for id=2cc3659c-bd6e-40e3-bfdf-5e475510f2f5 in 568.5706 ms
2025-06-24 16:47:23 [main] INFO  c.fspann.api.ForwardSecureANNSystem - Insert complete for id=91444f8f-d2a0-4a21-8cd1-3b2ae11c8b11 in 576.5817 ms
2025-06-24 16:47:24 [main] INFO  c.fspann.api.ForwardSecureANNSystem - Insert complete for id=57d93644-66d7-41f6-98de-5ac47752bb91 in 565.3834 ms
2025-06-24 16:47:24 [main] INFO  c.fspann.api.ForwardSecureANNSystem - Insert complete for id=d1513eb3-dc03-4ef5-8b67-2116a453dc7f in 575.4486 ms
2025-06-24 16:47:25 [main] INFO  c.fspann.api.ForwardSecureANNSystem - Insert complete for id=918655b7-7646-4a46-8a6b-b9033771565a in 574.7699 ms
2025-06-24 16:47:25 [main] INFO  c.fspann.api.ForwardSecureANNSystem - Insert complete for id=e94a56c7-024e-4395-8c09-3fa8f50e8235 in 573.9989 ms
2025-06-24 16:47:26 [main] INFO  c.fspann.api.ForwardSecureANNSystem - Insert complete for id=8e430fc0-9e16-4f76-9a00-63a1d2125f67 in 569.9481 ms
2025-06-24 16:47:26 [main] INFO  c.fspann.api.ForwardSecureANNSystem - Insert complete for id=b0b6c114-ad85-4328-82a6-2190ece9eb80 in 569.1073 ms
2025-06-24 16:47:27 [main] INFO  c.fspann.api.ForwardSecureANNSystem - Insert complete for id=9be2694c-5b25-4958-a86f-432538a15c78 in 573.7202 ms
2025-06-24 16:47:28 [main] INFO  c.fspann.api.ForwardSecureANNSystem - Insert complete for id=5e9004f5-7731-4c41-9207-3511208101d3 in 573.9069 ms
2025-06-24 16:47:28 [main] INFO  c.fspann.api.ForwardSecureANNSystem - Insert complete for id=bcf546f9-9ebe-433b-9aeb-998f19601874 in 577.0363 ms
2025-06-24 16:47:29 [main] INFO  c.fspann.api.ForwardSecureANNSystem - Insert complete for id=f1919975-81b6-4124-94b5-cfaeeac7ff98 in 570.3307 ms
2025-06-24 16:47:29 [main] INFO  c.fspann.api.ForwardSecureANNSystem - Insert complete for id=8e0ef136-347d-4903-b13a-a56b96978d8a in 574.9318 ms
2025-06-24 16:47:30 [main] INFO  c.fspann.api.ForwardSecureANNSystem - Insert complete for id=d648e193-b1c7-49d8-b714-6b43183626c7 in 569.8417 ms
2025-06-24 16:47:30 [main] INFO  c.fspann.api.ForwardSecureANNSystem - Insert complete for id=89624631-7d46-43dc-bc06-7da104efb589 in 597.6209 ms
2025-06-24 16:47:31 [main] INFO  c.fspann.api.ForwardSecureANNSystem - Insert complete for id=7c8e77c5-54a3-4a48-a2b1-b3f7b75840e6 in 574.0922 ms
2025-06-24 16:47:32 [main] INFO  c.fspann.api.ForwardSecureANNSystem - Insert complete for id=01ca9069-ec36-4c25-8581-3969fb9942ca in 588.7596 ms
2025-06-24 16:47:32 [main] INFO  c.fspann.api.ForwardSecureANNSystem - Insert complete for id=384ae92f-3f17-4c18-8253-e9f84e185d2a in 578.4095 ms
2025-06-24 16:47:33 [main] INFO  c.fspann.api.ForwardSecureANNSystem - Insert complete for id=68ce04b3-9ed4-4231-b474-64e8885622ab in 573.2267 ms
2025-06-24 16:47:33 [main] INFO  c.fspann.api.ForwardSecureANNSystem - Insert complete for id=8091551e-5cc4-4c0b-8938-7a679c213de5 in 570.4612 ms
2025-06-24 16:47:34 [main] INFO  c.fspann.api.ForwardSecureANNSystem - Insert complete for id=3009a38f-da3e-4645-913e-e3496acca9a9 in 575.5195 ms
2025-06-24 16:47:35 [main] INFO  c.fspann.api.ForwardSecureANNSystem - Insert complete for id=2205db23-aa4b-4d4f-8507-d3f5b1441868 in 569.0889 ms
2025-06-24 16:47:35 [main] INFO  c.fspann.api.ForwardSecureANNSystem - Insert complete for id=ea1020a7-d4b3-47af-8346-2dccf1a9295f in 576.959 ms
2025-06-24 16:47:36 [main] INFO  c.fspann.api.ForwardSecureANNSystem - Insert complete for id=a45d29fe-6f1a-4879-972a-6ba8f0364474 in 570.3995 ms
2025-06-24 16:47:36 [main] INFO  c.fspann.api.ForwardSecureANNSystem - Insert complete for id=f018ad88-e22a-4ecb-8807-6ebdc9beb098 in 573.0118 ms
2025-06-24 16:47:37 [main] INFO  c.fspann.api.ForwardSecureANNSystem - Insert complete for id=63476d70-5f83-4613-9456-0eed1c26e3e9 in 572.2386 ms
2025-06-24 16:47:37 [main] INFO  c.fspann.api.ForwardSecureANNSystem - Insert complete for id=4d550b82-d44c-449f-9b94-d4ef8ae663d0 in 572.9283 ms
2025-06-24 16:47:38 [main] INFO  c.fspann.api.ForwardSecureANNSystem - Insert complete for id=ac87c984-7b91-40ae-a17b-6b063a7a06ab in 567.0593 ms
2025-06-24 16:47:39 [main] INFO  c.fspann.api.ForwardSecureANNSystem - Insert complete for id=1b3175ab-d70a-4f9f-9421-cbb9279a583f in 566.5574 ms
2025-06-24 16:47:39 [main] INFO  c.fspann.api.ForwardSecureANNSystem - Insert complete for id=658b9b34-41ba-41b6-846f-872dc5f4e07e in 566.3516 ms
2025-06-24 16:47:40 [main] INFO  c.fspann.api.ForwardSecureANNSystem - Insert complete for id=67a48bd3-5411-4956-b38c-71580bb95afb in 570.9172 ms
2025-06-24 16:47:40 [main] INFO  c.fspann.api.ForwardSecureANNSystem - Insert complete for id=84f48df5-0487-4e9c-b266-6ed3af09e747 in 568.7599 ms
2025-06-24 16:47:41 [main] INFO  c.fspann.api.ForwardSecureANNSystem - Insert complete for id=0df00f9f-4109-48d0-b9bb-48f716cba933 in 581.8496 ms
2025-06-24 16:47:41 [main] INFO  c.fspann.api.ForwardSecureANNSystem - Insert complete for id=966747ab-af57-42e8-8ec1-749f2959db18 in 569.7894 ms
2025-06-24 16:47:42 [main] INFO  c.fspann.api.ForwardSecureANNSystem - Insert complete for id=8f6a5e45-a57d-4043-b25e-d847612626d6 in 578.3587 ms
2025-06-24 16:47:43 [main] INFO  c.fspann.api.ForwardSecureANNSystem - Insert complete for id=69b9232d-5af9-40b9-ade1-884342a2af91 in 566.8504 ms
2025-06-24 16:47:43 [main] INFO  c.fspann.api.ForwardSecureANNSystem - Insert complete for id=23fc4b36-ad08-44ca-898a-dc3d8ee82830 in 570.1372 ms
2025-06-24 16:47:44 [main] INFO  c.fspann.api.ForwardSecureANNSystem - Insert complete for id=7235b075-1413-4ec7-ac86-fe74f7d71a3b in 574.2514 ms
2025-06-24 16:47:44 [main] INFO  c.fspann.api.ForwardSecureANNSystem - Insert complete for id=5dcf6c61-e033-46c8-8516-bd8c3ee79787 in 566.1582 ms
2025-06-24 16:47:45 [main] INFO  c.fspann.api.ForwardSecureANNSystem - Insert complete for id=8630bd11-61bc-4b06-abae-c787e6818f67 in 579.856 ms
2025-06-24 16:47:45 [main] INFO  c.fspann.api.ForwardSecureANNSystem - Insert complete for id=a7c297fe-3186-43cd-92b7-b7206d6f1fc0 in 609.3527 ms
2025-06-24 16:47:46 [main] INFO  c.fspann.api.ForwardSecureANNSystem - Insert complete for id=6a513a9d-70dc-40ee-a721-b1bbe4cd21da in 591.587 ms
2025-06-24 16:47:47 [main] INFO  c.fspann.api.ForwardSecureANNSystem - Insert complete for id=f1ec448b-c017-4c9a-8d08-cdf5a8ec4098 in 566.1018 ms
2025-06-24 16:47:47 [main] INFO  c.fspann.api.ForwardSecureANNSystem - Insert complete for id=dfe74c6a-e010-4483-9d5a-97cbcaf11119 in 577.54 ms
2025-06-24 16:47:48 [main] INFO  c.fspann.api.ForwardSecureANNSystem - Insert complete for id=7629dfc8-dc3a-45fa-bfe9-a37beab78697 in 568.9147 ms
2025-06-24 16:47:48 [main] INFO  c.fspann.api.ForwardSecureANNSystem - Insert complete for id=b3fe0818-20af-49a1-8351-46484abba977 in 565.0445 ms
2025-06-24 16:47:49 [main] INFO  c.fspann.api.ForwardSecureANNSystem - Insert complete for id=57e92b04-6ec5-4404-a051-4ec83b7b7e5b in 571.9138 ms
2025-06-24 16:47:49 [main] INFO  c.fspann.api.ForwardSecureANNSystem - Insert complete for id=6209a359-4670-4265-8e3c-2723e071499c in 570.5107 ms
2025-06-24 16:47:50 [main] INFO  c.fspann.api.ForwardSecureANNSystem - Insert complete for id=3f9b1fbf-ae60-4990-a1a5-e149b7a9a77c in 573.0566 ms
2025-06-24 16:47:51 [main] INFO  c.fspann.api.ForwardSecureANNSystem - Insert complete for id=e2799ab4-32cb-494f-a67a-b85a89833a03 in 562.5778 ms
2025-06-24 16:47:51 [main] INFO  c.fspann.api.ForwardSecureANNSystem - Insert complete for id=fce22d43-b1ea-4c08-952a-bedc09d75593 in 566.9125 ms
2025-06-24 16:47:52 [main] INFO  c.fspann.api.ForwardSecureANNSystem - Insert complete for id=fdb7c186-931e-42b0-b7e8-87bffee68027 in 577.6103 ms
2025-06-24 16:47:52 [main] INFO  c.fspann.api.ForwardSecureANNSystem - Insert complete for id=f8d4bab4-1b6d-4b0e-98cd-21c1f26e168d in 569.6567 ms
2025-06-24 16:47:53 [main] INFO  c.fspann.api.ForwardSecureANNSystem - Insert complete for id=74a46282-4d9b-4f45-a7a0-6721fe29df9a in 569.6646 ms
2025-06-24 16:47:53 [main] INFO  c.fspann.api.ForwardSecureANNSystem - Insert complete for id=20e18734-7da0-4538-9904-62e90bb9ade0 in 562.4303 ms
2025-06-24 16:47:54 [main] INFO  c.fspann.api.ForwardSecureANNSystem - Insert complete for id=bd52ced4-4cc5-4ee0-be52-6414b7fec1b6 in 568.494 ms
2025-06-24 16:47:55 [main] INFO  c.fspann.api.ForwardSecureANNSystem - Insert complete for id=9b3efab1-e5fa-4480-b628-baffd66e296b in 571.4138 ms
2025-06-24 16:47:55 [main] INFO  c.fspann.api.ForwardSecureANNSystem - Insert complete for id=044d3560-89b0-473b-a219-e5513c18ec40 in 566.2557 ms
2025-06-24 16:47:56 [main] INFO  c.fspann.api.ForwardSecureANNSystem - Insert complete for id=2b7cbd77-6356-4c82-8d9c-04c220c50446 in 569.3949 ms
2025-06-24 16:47:56 [main] INFO  c.fspann.api.ForwardSecureANNSystem - Insert complete for id=8923a3a0-a657-40d3-9df4-f567a8c0fb35 in 565.8397 ms
2025-06-24 16:47:57 [main] INFO  c.fspann.api.ForwardSecureANNSystem - Insert complete for id=d3912981-ceab-4136-8ca1-c14478492249 in 575.3562 ms
2025-06-24 16:47:57 [main] INFO  c.fspann.api.ForwardSecureANNSystem - Insert complete for id=7300b8cf-3a23-415f-a91e-b13a4e8acdd4 in 570.6425 ms
2025-06-24 16:47:58 [main] INFO  c.fspann.api.ForwardSecureANNSystem - Insert complete for id=4536e641-8f1d-411e-ab6e-eec56bb190d8 in 601.1802 ms
2025-06-24 16:47:59 [main] INFO  c.fspann.api.ForwardSecureANNSystem - Insert complete for id=8dc9dbe8-f5fb-4024-a198-b2eb53fe4945 in 578.5229 ms
2025-06-24 16:47:59 [main] INFO  c.fspann.api.ForwardSecureANNSystem - Insert complete for id=9d8b607a-4105-4c2e-bdde-135662b57187 in 570.1237 ms
2025-06-24 16:48:00 [main] INFO  c.fspann.api.ForwardSecureANNSystem - Insert complete for id=4e668a13-4d1f-4940-a9af-456d23deb3f3 in 576.1051 ms
2025-06-24 16:48:00 [main] INFO  c.fspann.api.ForwardSecureANNSystem - Insert complete for id=ec8e3ac2-e12a-4bd3-8cec-d08590b8e466 in 599.7698 ms
2025-06-24 16:48:01 [main] INFO  c.fspann.api.ForwardSecureANNSystem - Insert complete for id=c79784c3-239c-456f-980c-dd930c16e7ff in 608.3633 ms
2025-06-24 16:48:02 [main] INFO  c.fspann.api.ForwardSecureANNSystem - Insert complete for id=a5c76898-ece2-4374-805a-920d5d1b6ca5 in 584.4034 ms
2025-06-24 16:48:02 [main] INFO  c.fspann.api.ForwardSecureANNSystem - Insert complete for id=d839321a-3786-44c4-b251-16d4001a2611 in 569.2139 ms
2025-06-24 16:48:03 [main] INFO  c.fspann.api.ForwardSecureANNSystem - Insert complete for id=9c22afa1-6e1c-44b6-a2a4-e9250bc7bfec in 558.7133 ms
2025-06-24 16:48:03 [main] INFO  c.fspann.api.ForwardSecureANNSystem - Insert complete for id=34e77ffd-e70a-4703-a4fb-e1e18015594a in 576.1469 ms
2025-06-24 16:48:04 [main] INFO  c.fspann.api.ForwardSecureANNSystem - Insert complete for id=67b783af-78c7-4e8f-b059-4b40d9343e7b in 565.9524 ms
2025-06-24 16:48:04 [main] INFO  c.fspann.api.ForwardSecureANNSystem - Insert complete for id=38463154-f76c-4119-92ae-e7feded3f813 in 571.742 ms
2025-06-24 16:48:05 [main] INFO  c.fspann.api.ForwardSecureANNSystem - Insert complete for id=c86cb736-d42f-4e8b-bec9-cda80e9a948a in 565.3388 ms
2025-06-24 16:48:06 [main] INFO  c.fspann.api.ForwardSecureANNSystem - Insert complete for id=e8cac6bf-bff5-4cd0-b3d6-f54da6f9bcd2 in 573.5677 ms
2025-06-24 16:48:06 [main] INFO  c.fspann.api.ForwardSecureANNSystem - Insert complete for id=e871549c-76a3-4e6a-8da0-90a8fbb05563 in 562.9239 ms
2025-06-24 16:48:07 [main] INFO  c.fspann.api.ForwardSecureANNSystem - Insert complete for id=3b4debb3-1e31-4d89-bbb9-4e70b282b40b in 579.8233 ms
2025-06-24 16:48:07 [main] INFO  c.fspann.api.ForwardSecureANNSystem - Insert complete for id=ff3663cc-361c-4e18-8040-b8b7130e8ef2 in 576.3132 ms
2025-06-24 16:48:08 [main] INFO  c.fspann.api.ForwardSecureANNSystem - Insert complete for id=589003a8-22fa-4bae-81c4-4b85b64eaec9 in 568.7271 ms
2025-06-24 16:48:08 [main] INFO  c.fspann.api.ForwardSecureANNSystem - Insert complete for id=d588bc9d-39d5-4bc1-a200-bf7f22b325c4 in 575.1324 ms
2025-06-24 16:48:09 [main] INFO  c.fspann.api.ForwardSecureANNSystem - Insert complete for id=07b5a099-d2be-4541-a334-dd274b344a43 in 565.2775 ms
2025-06-24 16:48:10 [main] INFO  c.fspann.api.ForwardSecureANNSystem - Insert complete for id=6ba440bf-fd6b-4f13-9a41-6dc968309bde in 572.6574 ms
2025-06-24 16:48:10 [main] INFO  c.fspann.api.ForwardSecureANNSystem - Insert complete for id=f22a305f-d6b6-4cce-a639-ddcc0733df21 in 564.2332 ms
2025-06-24 16:48:11 [main] INFO  c.fspann.api.ForwardSecureANNSystem - Insert complete for id=80cf6e3c-09a2-4ad8-a2dd-ccb8ff5abbed in 561.7352 ms
2025-06-24 16:48:11 [main] INFO  c.fspann.api.ForwardSecureANNSystem - Insert complete for id=98825557-5840-4fa3-8786-2abb8b785d74 in 563.6564 ms
2025-06-24 16:48:12 [main] INFO  c.fspann.api.ForwardSecureANNSystem - Insert complete for id=3a70f928-d901-4591-8848-5566deb5130c in 554.5191 ms
2025-06-24 16:48:12 [main] INFO  c.fspann.api.ForwardSecureANNSystem - Insert complete for id=7ff3510b-df5d-48fb-b4c6-6a0ab425d698 in 558.4328 ms
2025-06-24 16:48:13 [main] INFO  c.fspann.api.ForwardSecureANNSystem - Insert complete for id=5db83949-5cc6-4294-bbf7-1dcc2254276e in 567.1663 ms
2025-06-24 16:48:13 [main] INFO  c.fspann.api.ForwardSecureANNSystem - Insert complete for id=2c54e81d-a502-4b74-aa36-0b9dfaee695c in 566.2219 ms
2025-06-24 16:48:14 [main] INFO  c.fspann.api.ForwardSecureANNSystem - Insert complete for id=8e0dc9f3-1321-4ca1-a520-f9a78c848fd9 in 568.7129 ms
2025-06-24 16:48:15 [main] INFO  c.fspann.api.ForwardSecureANNSystem - Insert complete for id=411639fd-0f67-4b56-a094-01c4123e58fc in 563.054 ms
2025-06-24 16:48:15 [main] INFO  c.fspann.api.ForwardSecureANNSystem - Insert complete for id=cc9efeb7-ac99-4d24-9d6f-1e477890d332 in 569.6123 ms
2025-06-24 16:48:16 [main] INFO  c.fspann.api.ForwardSecureANNSystem - Insert complete for id=56713caa-fe1b-4d5d-9462-dc708b1400c6 in 603.3156 ms
2025-06-24 16:48:16 [main] INFO  c.fspann.api.ForwardSecureANNSystem - Insert complete for id=c78731db-2690-49fa-ad1f-ec3bdd19ed55 in 570.5715 ms
2025-06-24 16:48:17 [main] INFO  c.fspann.api.ForwardSecureANNSystem - Insert complete for id=b155868e-394f-4860-8414-661bc43a2812 in 570.068 ms
2025-06-24 16:48:17 [main] INFO  c.fspann.api.ForwardSecureANNSystem - Insert complete for id=913ce84f-e588-4959-9a4a-d16d4349d785 in 567.694 ms
2025-06-24 16:48:18 [main] INFO  c.fspann.api.ForwardSecureANNSystem - Insert complete for id=b879a19f-4655-462e-940d-72e0d92b0791 in 567.5533 ms
2025-06-24 16:48:19 [main] INFO  c.fspann.api.ForwardSecureANNSystem - Insert complete for id=1519d0ba-8f6c-4538-bd71-f25dd84fb5c6 in 573.5164 ms
2025-06-24 16:48:19 [main] INFO  c.fspann.api.ForwardSecureANNSystem - Insert complete for id=50b687a7-2e39-438a-a2e9-9667b375aba0 in 558.7149 ms
2025-06-24 16:48:20 [main] INFO  c.fspann.api.ForwardSecureANNSystem - Insert complete for id=937944ba-8fbd-4f20-84e5-22b6cddc76c9 in 555.4153 ms
2025-06-24 16:48:20 [main] INFO  c.fspann.api.ForwardSecureANNSystem - Insert complete for id=5b4b97cb-edd1-4a0f-b95f-e2c986d70903 in 580.0314 ms
2025-06-24 16:48:21 [main] INFO  c.fspann.api.ForwardSecureANNSystem - Insert complete for id=989468de-4baf-4e8e-bb33-40acf191e93a in 571.2223 ms
2025-06-24 16:48:21 [main] INFO  c.fspann.api.ForwardSecureANNSystem - Insert complete for id=eec0d704-f926-490d-b426-8b100a00e783 in 565.805 ms
2025-06-24 16:48:22 [main] INFO  c.fspann.api.ForwardSecureANNSystem - Insert complete for id=9d87b1b2-0f8d-4608-ad33-30c9eb573ef8 in 567.8961 ms
2025-06-24 16:48:23 [main] INFO  c.fspann.api.ForwardSecureANNSystem - Insert complete for id=2f0cd527-33a6-400f-9491-bfe99be6d567 in 568.5831 ms
2025-06-24 16:48:23 [main] INFO  c.fspann.api.ForwardSecureANNSystem - Insert complete for id=c89a2597-bb8b-47b4-81b1-9782e6cf387d in 557.3135 ms
2025-06-24 16:48:24 [main] INFO  c.fspann.api.ForwardSecureANNSystem - Insert complete for id=c5a34cf3-2054-475f-8499-5f5ad8aa4c60 in 557.3204 ms
2025-06-24 16:48:24 [main] INFO  c.fspann.api.ForwardSecureANNSystem - Insert complete for id=f1c406c8-0a49-478a-9d10-d88c2d0015e0 in 568.246 ms
2025-06-24 16:48:25 [main] INFO  c.fspann.api.ForwardSecureANNSystem - Insert complete for id=20d33609-523f-4bc4-b6c4-24f52dd2c58d in 563.7985 ms
2025-06-24 16:48:25 [main] INFO  c.fspann.api.ForwardSecureANNSystem - Insert complete for id=a85d7840-f322-4670-a11c-12701735c982 in 564.6239 ms
2025-06-24 16:48:26 [main] INFO  c.fspann.api.ForwardSecureANNSystem - Insert complete for id=29cf6bb1-b245-43ec-8bc5-e5919dde4b01 in 572.5367 ms
2025-06-24 16:48:27 [main] INFO  c.fspann.api.ForwardSecureANNSystem - Insert complete for id=1481b948-b568-4dab-9341-5246cc5fcc34 in 562.8791 ms
2025-06-24 16:48:27 [main] INFO  c.fspann.api.ForwardSecureANNSystem - Insert complete for id=6ca39844-a367-4cd5-8f41-444c78a9718b in 568.4365 ms
2025-06-24 16:48:28 [main] INFO  c.fspann.api.ForwardSecureANNSystem - Insert complete for id=f43e80ce-04bd-4826-81f6-14b48e554084 in 560.0127 ms
2025-06-24 16:48:28 [main] INFO  c.fspann.api.ForwardSecureANNSystem - Insert complete for id=cfc89bfc-f4dd-4ee2-9c1a-484bac7551aa in 567.4586 ms
2025-06-24 16:48:29 [main] INFO  c.fspann.api.ForwardSecureANNSystem - Insert complete for id=aed925fb-e7c0-461d-a6fc-21b168dcb8e5 in 555.8488 ms
2025-06-24 16:48:29 [main] INFO  c.fspann.api.ForwardSecureANNSystem - Insert complete for id=840590e9-b17f-490b-a2b8-b45fc4022680 in 572.5515 ms
2025-06-24 16:48:30 [main] INFO  c.fspann.api.ForwardSecureANNSystem - Insert complete for id=7b4548f0-4a00-4fd8-bec6-639f7385a282 in 560.0931 ms
2025-06-24 16:48:30 [main] INFO  c.fspann.api.ForwardSecureANNSystem - Insert complete for id=82c22212-6bf2-4f8e-9946-af23c171f3fc in 584.2577 ms
2025-06-24 16:48:31 [main] INFO  c.fspann.api.ForwardSecureANNSystem - Insert complete for id=ca5a72e5-5be5-4a0a-ac89-6d9d5d85914a in 569.9673 ms
2025-06-24 16:48:32 [main] INFO  c.fspann.api.ForwardSecureANNSystem - Insert complete for id=7b1ba57a-6771-4277-b613-7f8e37ccd49f in 565.0947 ms
2025-06-24 16:48:32 [main] INFO  c.fspann.api.ForwardSecureANNSystem - Insert complete for id=34ad209b-ab78-42b6-8920-1c5ec8f144de in 558.8065 ms
2025-06-24 16:48:33 [main] INFO  c.fspann.api.ForwardSecureANNSystem - Insert complete for id=0a20894e-a241-4977-9759-13ba95b016f3 in 560.532 ms
2025-06-24 16:48:33 [main] INFO  c.fspann.api.ForwardSecureANNSystem - Insert complete for id=178df20c-b4c9-453a-b3a5-64d87ebc81d5 in 560.3594 ms
2025-06-24 16:48:34 [main] INFO  c.fspann.api.ForwardSecureANNSystem - Insert complete for id=9febc8f1-ab67-4013-990d-4187a1886084 in 583.1064 ms
2025-06-24 16:48:34 [main] INFO  c.fspann.api.ForwardSecureANNSystem - Insert complete for id=61d99abe-4151-41ff-95ef-6234eb8183be in 560.8689 ms
2025-06-24 16:48:35 [main] INFO  c.fspann.api.ForwardSecureANNSystem - Insert complete for id=5e416c1b-7b4f-48c9-8a9a-27691f8d83a5 in 561.6024 ms
2025-06-24 16:48:36 [main] INFO  c.fspann.api.ForwardSecureANNSystem - Insert complete for id=0f93681a-ddfe-4afa-ac2d-013d1a52d027 in 568.9285 ms
2025-06-24 16:48:36 [main] INFO  c.fspann.api.ForwardSecureANNSystem - Insert complete for id=d70226e9-f2ad-42a2-a36c-577c0811a03d in 565.5079 ms
2025-06-24 16:48:37 [main] INFO  c.fspann.api.ForwardSecureANNSystem - Insert complete for id=875337a7-977a-4f60-a9da-0432e7010563 in 571.5576 ms
2025-06-24 16:48:37 [main] INFO  c.fspann.api.ForwardSecureANNSystem - Insert complete for id=352b7ee4-b41c-4e98-a24f-60b9f228f17a in 563.3662 ms
2025-06-24 16:48:38 [main] INFO  c.fspann.api.ForwardSecureANNSystem - Insert complete for id=effb6c0e-fd93-4f43-94e4-21d6d9c01c39 in 567.0434 ms
2025-06-24 16:48:38 [main] INFO  c.fspann.api.ForwardSecureANNSystem - Insert complete for id=138c2fba-368d-4045-99ef-d995c3df232d in 570.0918 ms
2025-06-24 16:48:39 [main] INFO  c.fspann.api.ForwardSecureANNSystem - Insert complete for id=dfec293c-2910-42ac-b0b9-a3127f433ecf in 575.7815 ms
2025-06-24 16:48:40 [main] INFO  c.fspann.api.ForwardSecureANNSystem - Insert complete for id=422aef52-954f-4db7-8ebc-27910e69d796 in 571.0633 ms
2025-06-24 16:48:40 [main] INFO  c.fspann.api.ForwardSecureANNSystem - Insert complete for id=3de1f2e7-8de5-4c83-bb43-fa56aeb247ee in 586.0767 ms
2025-06-24 16:48:41 [main] INFO  c.fspann.api.ForwardSecureANNSystem - Insert complete for id=ddcf9c84-aa00-4976-8ca6-ce1e9d6279e2 in 576.6547 ms
2025-06-24 16:48:41 [main] INFO  c.fspann.api.ForwardSecureANNSystem - Insert complete for id=b8e47631-5e35-4954-b618-ee53514c4783 in 558.2731 ms
2025-06-24 16:48:42 [main] INFO  c.fspann.api.ForwardSecureANNSystem - Insert complete for id=d4ad8fa3-8830-4059-bb09-0d1ee4cd5026 in 573.6195 ms
2025-06-24 16:48:42 [main] INFO  c.fspann.api.ForwardSecureANNSystem - Insert complete for id=90ebf6ed-d53d-4d3c-b012-2006875a426f in 581.9482 ms
2025-06-24 16:48:43 [main] INFO  c.fspann.api.ForwardSecureANNSystem - Insert complete for id=38a37f62-5d39-4675-aaa9-beabf762c712 in 576.1191 ms
2025-06-24 16:48:44 [main] INFO  c.fspann.api.ForwardSecureANNSystem - Insert complete for id=990182db-32f2-4563-b954-55d3ee84f736 in 566.8483 ms
2025-06-24 16:48:44 [main] INFO  c.fspann.api.ForwardSecureANNSystem - Insert complete for id=1ca4848c-1c3d-4f57-9cde-5965f955e527 in 563.6345 ms
2025-06-24 16:48:45 [main] INFO  c.fspann.api.ForwardSecureANNSystem - Insert complete for id=d532b081-fcdd-468e-894c-aa3e469bddaf in 571.8832 ms
2025-06-24 16:48:45 [main] INFO  c.fspann.api.ForwardSecureANNSystem - Insert complete for id=84d00f5d-0f20-43e7-b829-4d868b995d25 in 564.4743 ms
2025-06-24 16:48:46 [main] INFO  c.fspann.api.ForwardSecureANNSystem - Insert complete for id=94e8e3bb-dfb8-4d68-ab21-980e0ef0fb0b in 594.9677 ms
2025-06-24 16:48:46 [main] INFO  c.fspann.api.ForwardSecureANNSystem - Insert complete for id=57cc79e0-f684-4670-ad31-67f097463506 in 564.4417 ms
2025-06-24 16:48:47 [main] INFO  c.fspann.api.ForwardSecureANNSystem - Insert complete for id=5f2d55c6-dafd-4838-834e-765545dc2ef9 in 563.9982 ms
2025-06-24 16:48:48 [main] INFO  c.fspann.api.ForwardSecureANNSystem - Insert complete for id=eb32ad01-be37-4cb1-baf5-3e78fe990cd6 in 570.7777 ms
2025-06-24 16:48:48 [main] INFO  c.fspann.api.ForwardSecureANNSystem - Insert complete for id=a9a9c498-8cb7-40fe-bc2d-8718345e2213 in 562.8952 ms
2025-06-24 16:48:49 [main] INFO  c.fspann.api.ForwardSecureANNSystem - Insert complete for id=0e00535b-c510-4a74-bc24-d771367615be in 560.6942 ms
2025-06-24 16:48:49 [main] INFO  c.fspann.api.ForwardSecureANNSystem - Insert complete for id=60d4fc7d-5376-4712-ad1c-292901c7f7b5 in 580.023 ms
2025-06-24 16:48:50 [main] INFO  c.fspann.api.ForwardSecureANNSystem - Insert complete for id=d6f0b09b-400a-4d16-9cab-2bcaef0bdf01 in 557.4812 ms
2025-06-24 16:48:50 [main] INFO  c.fspann.api.ForwardSecureANNSystem - Insert complete for id=434fe719-0155-4810-ab24-eaa9dc93f7de in 572.3998 ms
2025-06-24 16:48:51 [main] INFO  c.fspann.api.ForwardSecureANNSystem - Insert complete for id=32052b30-38f6-4eca-aa13-9f52fa2c9c55 in 565.422 ms
2025-06-24 16:48:52 [main] INFO  c.fspann.api.ForwardSecureANNSystem - Insert complete for id=63dfd26e-915c-4d17-8c60-03e7c804c3b2 in 566.9526 ms
2025-06-24 16:48:52 [main] INFO  c.fspann.api.ForwardSecureANNSystem - Insert complete for id=e4f38745-20ea-4fbe-a561-3e70421af71e in 569.0025 ms
2025-06-24 16:48:53 [main] INFO  c.fspann.api.ForwardSecureANNSystem - Insert complete for id=079d9f1f-59a6-44e2-a3d1-2a34aadc97f1 in 567.2881 ms
2025-06-24 16:48:53 [main] INFO  c.fspann.api.ForwardSecureANNSystem - Insert complete for id=791480b4-ae20-437e-b87b-c048fb384ca0 in 563.3615 ms
2025-06-24 16:48:54 [main] INFO  c.fspann.api.ForwardSecureANNSystem - Insert complete for id=a3fd512b-4308-4350-9204-aaa4e6195f39 in 562.6307 ms
2025-06-24 16:48:54 [main] INFO  c.fspann.api.ForwardSecureANNSystem - Insert complete for id=97791243-4698-47c9-989d-01bb7f62f103 in 581.6931 ms
2025-06-24 16:48:55 [main] INFO  c.fspann.api.ForwardSecureANNSystem - Insert complete for id=6e11ac5c-5a5b-405a-b7cb-14e6f4ad259e in 567.1934 ms
2025-06-24 16:48:56 [main] INFO  c.fspann.api.ForwardSecureANNSystem - Insert complete for id=a8f848cf-221c-49e4-8ecd-25e03d10be9a in 574.4484 ms
2025-06-24 16:48:56 [main] INFO  c.fspann.api.ForwardSecureANNSystem - Insert complete for id=19d1384f-b1eb-4e07-820d-479dd8f696d4 in 564.2853 ms
2025-06-24 16:48:57 [main] INFO  c.fspann.api.ForwardSecureANNSystem - Insert complete for id=fa17a41a-b5d6-4932-8d05-6df8e7cc5289 in 564.1641 ms
2025-06-24 16:48:57 [main] INFO  c.fspann.api.ForwardSecureANNSystem - Insert complete for id=729c3d0d-88a2-4381-83b1-ad3ce64a902d in 569.6881 ms
2025-06-24 16:48:58 [main] INFO  c.fspann.api.ForwardSecureANNSystem - Insert complete for id=5f031c9d-9bc3-46e6-9e54-790b758e991b in 559.676 ms
2025-06-24 16:48:58 [main] INFO  c.fspann.api.ForwardSecureANNSystem - Insert complete for id=326ef061-9653-4b9b-8b33-c78e390dbfe8 in 581.0508 ms
2025-06-24 16:48:59 [main] INFO  c.fspann.api.ForwardSecureANNSystem - Insert complete for id=902dcbee-f2df-475c-8ba1-7568f4c1d6be in 571.9894 ms
2025-06-24 16:49:00 [main] INFO  c.fspann.api.ForwardSecureANNSystem - Insert complete for id=33ef948b-4368-4dc3-8c83-ba9335b0a9af in 576.3068 ms
2025-06-24 16:49:00 [main] INFO  c.fspann.api.ForwardSecureANNSystem - Insert complete for id=b9de72ae-3f60-4dd1-a0e9-967e0133f857 in 572.7652 ms
2025-06-24 16:49:01 [main] INFO  c.fspann.api.ForwardSecureANNSystem - Insert complete for id=ecdf3727-de4b-46c6-8278-295d3baf09ae in 601.5322 ms
2025-06-24 16:49:01 [main] INFO  c.fspann.api.ForwardSecureANNSystem - Insert complete for id=5364a951-1264-4202-85b2-e0f2c073bc75 in 604.3056 ms
2025-06-24 16:49:02 [main] INFO  c.fspann.api.ForwardSecureANNSystem - Insert complete for id=cfa4890e-2e93-479b-8096-4e2665fe3611 in 568.6065 ms
2025-06-24 16:49:02 [main] INFO  c.fspann.api.ForwardSecureANNSystem - Insert complete for id=57652409-9435-4034-abf4-87d89db1871f in 576.9116 ms
2025-06-24 16:49:03 [main] INFO  c.fspann.api.ForwardSecureANNSystem - Insert complete for id=3cb83d43-e0fe-4d55-9459-cf53b0da6655 in 574.7427 ms
2025-06-24 16:49:04 [main] INFO  c.fspann.api.ForwardSecureANNSystem - Insert complete for id=e2049a9b-0238-4a79-800d-3d28c6dd7695 in 575.2095 ms
2025-06-24 16:49:04 [main] INFO  c.fspann.api.ForwardSecureANNSystem - Insert complete for id=ce315c21-7928-4815-9391-60477101bf67 in 574.3261 ms
2025-06-24 16:49:05 [main] INFO  c.fspann.api.ForwardSecureANNSystem - Insert complete for id=e1f5100f-de61-4be4-8d08-4c66d1f37a59 in 572.4662 ms
2025-06-24 16:49:05 [main] INFO  c.fspann.api.ForwardSecureANNSystem - Insert complete for id=b0110a7a-e58c-4f43-9d87-cd80c62af061 in 575.6612 ms
2025-06-24 16:49:06 [main] INFO  c.fspann.api.ForwardSecureANNSystem - Insert complete for id=b6a24830-c9e9-4bd5-948b-e4994a5bcb6d in 570.2482 ms
2025-06-24 16:49:06 [main] INFO  c.fspann.api.ForwardSecureANNSystem - Insert complete for id=533e280d-f509-481b-80ec-b26c27ff0505 in 568.6455 ms
2025-06-24 16:49:07 [main] INFO  c.fspann.api.ForwardSecureANNSystem - Insert complete for id=ac7f4f19-ae08-4e1e-b1dd-f2caa984ddd0 in 569.5717 ms
2025-06-24 16:49:08 [main] INFO  c.fspann.api.ForwardSecureANNSystem - Insert complete for id=2b0492dc-edbb-4ed6-b25b-ba81fbaf54cb in 567.9019 ms
2025-06-24 16:49:08 [main] INFO  c.fspann.api.ForwardSecureANNSystem - Insert complete for id=5eaf5a68-6930-4cb7-b93c-ce687ab931e0 in 563.9752 ms
2025-06-24 16:49:09 [main] INFO  c.fspann.api.ForwardSecureANNSystem - Insert complete for id=f0bad0f5-7a7d-4ae3-a529-503a8016a7f6 in 560.7723 ms
2025-06-24 16:49:09 [main] INFO  c.fspann.api.ForwardSecureANNSystem - Insert complete for id=5effb0c5-42d0-4836-a7b9-e80e4808aa94 in 564.8614 ms
2025-06-24 16:49:10 [main] INFO  c.fspann.api.ForwardSecureANNSystem - Insert complete for id=87b5554d-8bba-41b2-b963-7f44c35fb0b4 in 557.8421 ms
2025-06-24 16:49:10 [main] INFO  c.fspann.api.ForwardSecureANNSystem - Insert complete for id=6eda7976-fe0f-4520-b736-846eb96cd31e in 572.7457 ms
2025-06-24 16:49:11 [main] INFO  c.fspann.api.ForwardSecureANNSystem - Insert complete for id=ff1ecaf2-4a52-43ad-956d-8b639680babb in 563.8331 ms
2025-06-24 16:49:12 [main] INFO  c.fspann.api.ForwardSecureANNSystem - Insert complete for id=4eb3a3e2-6bca-4858-b06a-6be4f9c0caef in 554.3091 ms
2025-06-24 16:49:12 [main] INFO  c.fspann.api.ForwardSecureANNSystem - Insert complete for id=c920ae9d-aecc-42f6-862c-1ac2e7c244c8 in 566.4655 ms
2025-06-24 16:49:13 [main] INFO  c.fspann.api.ForwardSecureANNSystem - Insert complete for id=bc347f59-004a-43a3-8e6f-b8f90b026ee8 in 567.0378 ms
2025-06-24 16:49:13 [main] INFO  c.fspann.api.ForwardSecureANNSystem - Insert complete for id=29fbb41a-d947-4c25-aec8-1eb4cd39fd53 in 566.9043 ms
2025-06-24 16:49:14 [main] INFO  c.fspann.api.ForwardSecureANNSystem - Insert complete for id=5b0f1efb-cc96-434e-a6e0-769d6df8216d in 555.853 ms
2025-06-24 16:49:14 [main] INFO  c.fspann.api.ForwardSecureANNSystem - Insert complete for id=17fd35a9-d4b4-47fe-9b1a-82ed3f6d1567 in 567.0185 ms
2025-06-24 16:49:15 [main] INFO  c.fspann.api.ForwardSecureANNSystem - Insert complete for id=7c8babef-3173-4c1a-8bd7-7830f1e0ec68 in 574.3778 ms
2025-06-24 16:49:16 [main] INFO  c.fspann.api.ForwardSecureANNSystem - Insert complete for id=8d4d2b92-4cbe-4c6a-a736-e86a5a9ea522 in 597.3948 ms
2025-06-24 16:49:16 [main] INFO  c.fspann.api.ForwardSecureANNSystem - Insert complete for id=cb26279e-c80e-40f7-a549-1ec3ec32c9ce in 576.2093 ms
2025-06-24 16:49:17 [main] INFO  c.fspann.api.ForwardSecureANNSystem - Insert complete for id=ffc26b2a-22b5-43e9-ad63-c769faf9d07a in 581.4748 ms
2025-06-24 16:49:17 [main] INFO  c.fspann.api.ForwardSecureANNSystem - Insert complete for id=79b3413a-cfdd-4f0a-b47b-a7cbb5c17c18 in 587.4336 ms
2025-06-24 16:49:18 [main] INFO  c.fspann.api.ForwardSecureANNSystem - Insert complete for id=33dab4ee-211e-479f-8016-d03847dc2d99 in 564.0201 ms
2025-06-24 16:49:18 [main] INFO  c.fspann.api.ForwardSecureANNSystem - Insert complete for id=9c8e0f5f-e734-46d8-a7a1-81f8c49a137e in 568.8045 ms
2025-06-24 16:49:19 [main] INFO  c.fspann.api.ForwardSecureANNSystem - Insert complete for id=22bee309-f4dc-432b-92bf-2da8228329b5 in 571.2373 ms
2025-06-24 16:49:20 [main] INFO  c.fspann.api.ForwardSecureANNSystem - Insert complete for id=b7bb44c7-33c6-4582-a8cb-1deec9bfa99f in 569.2285 ms
2025-06-24 16:49:20 [main] INFO  c.fspann.api.ForwardSecureANNSystem - Insert complete for id=9ad1fe40-c2a1-4748-ab05-53683e220895 in 570.8324 ms
2025-06-24 16:49:21 [main] INFO  c.fspann.api.ForwardSecureANNSystem - Insert complete for id=026197e3-938f-41a8-a2bc-59ee8b1f89c4 in 579.5278 ms
2025-06-24 16:49:21 [main] INFO  c.fspann.api.ForwardSecureANNSystem - Insert complete for id=48957435-a79e-4984-b5b5-54a7a28859df in 581.3441 ms
2025-06-24 16:49:22 [main] INFO  c.fspann.api.ForwardSecureANNSystem - Insert complete for id=ef16e337-e5b4-4dc3-ba66-41fd6e7eeef4 in 570.5999 ms
2025-06-24 16:49:22 [main] INFO  c.fspann.api.ForwardSecureANNSystem - Insert complete for id=238686f2-0337-46d8-8f7c-719f9608690b in 567.2954 ms
2025-06-24 16:49:23 [main] INFO  c.fspann.api.ForwardSecureANNSystem - Insert complete for id=7348bca9-1e23-40d2-a929-4fe8f66bcf49 in 580.5568 ms
2025-06-24 16:49:24 [main] INFO  c.fspann.api.ForwardSecureANNSystem - Insert complete for id=1054cedb-0d39-4aea-99f6-e0ef44ad2cac in 580.9702 ms
2025-06-24 16:49:24 [main] INFO  c.fspann.api.ForwardSecureANNSystem - Insert complete for id=742ec253-0471-4fc0-91c7-44526757ec42 in 575.7335 ms
2025-06-24 16:49:25 [main] INFO  c.fspann.api.ForwardSecureANNSystem - Insert complete for id=13ce1900-935c-4e07-860d-c9fac4e0ce2a in 574.8957 ms
2025-06-24 16:49:25 [main] INFO  c.fspann.api.ForwardSecureANNSystem - Insert complete for id=a3505f61-0401-4cef-8688-361357e08f8a in 569.8039 ms
2025-06-24 16:49:26 [main] INFO  c.fspann.api.ForwardSecureANNSystem - Insert complete for id=89baaa2c-0e80-44ad-849a-a97ea9504739 in 570.8499 ms
2025-06-24 16:49:26 [main] INFO  c.fspann.api.ForwardSecureANNSystem - Insert complete for id=e1f5c6fb-e680-43df-94c6-31ba35433d05 in 576.0768 ms
2025-06-24 16:49:27 [main] INFO  c.fspann.api.ForwardSecureANNSystem - Insert complete for id=c1fdf252-b09d-4268-8f65-ec9356af2953 in 588.5896 ms
2025-06-24 16:49:28 [main] INFO  c.fspann.api.ForwardSecureANNSystem - Insert complete for id=085f24c4-6698-42ff-89af-f3e70aeed8a2 in 582.2659 ms
2025-06-24 16:49:28 [main] INFO  c.fspann.api.ForwardSecureANNSystem - Insert complete for id=398669bd-c6cf-4573-83e1-20a317f36e04 in 574.1457 ms
2025-06-24 16:49:29 [main] INFO  c.fspann.api.ForwardSecureANNSystem - Insert complete for id=d692486e-e1fb-45a1-9237-e28c4939dc4e in 570.3668 ms
2025-06-24 16:49:29 [main] INFO  c.fspann.api.ForwardSecureANNSystem - Insert complete for id=b72070df-6be5-4b42-b8e3-398ce558dde8 in 569.6083 ms
2025-06-24 16:49:30 [main] INFO  c.fspann.api.ForwardSecureANNSystem - Insert complete for id=82839332-62ef-44c7-9ebc-db7f26333630 in 564.9277 ms
2025-06-24 16:49:30 [main] INFO  c.fspann.api.ForwardSecureANNSystem - Insert complete for id=b3cfb3c6-bd46-4b6a-90af-0bea65181570 in 595.4578 ms
2025-06-24 16:49:31 [main] INFO  c.fspann.api.ForwardSecureANNSystem - Insert complete for id=dc7ebe3b-7dbe-4a21-b2dd-531926e09083 in 592.1801 ms
2025-06-24 16:49:32 [main] INFO  c.fspann.api.ForwardSecureANNSystem - Insert complete for id=75dac37e-e805-47a2-99a3-157e0f2b7a40 in 583.9225 ms
2025-06-24 16:49:32 [main] INFO  c.fspann.api.ForwardSecureANNSystem - Insert complete for id=6fa352a3-7ca8-48d2-b95f-bcdfcaa15e58 in 570.4765 ms
2025-06-24 16:49:33 [main] INFO  c.fspann.api.ForwardSecureANNSystem - Insert complete for id=6af1ed2b-d272-47ca-afc2-8320fbe1b5e5 in 571.5031 ms
2025-06-24 16:49:33 [main] INFO  c.fspann.api.ForwardSecureANNSystem - Insert complete for id=8dc967b5-0f8e-4e16-8bce-3d81287b5db2 in 573.6458 ms
2025-06-24 16:49:34 [main] INFO  c.fspann.api.ForwardSecureANNSystem - Insert complete for id=6d7c247a-4d28-4201-be36-8368df07922c in 565.7107 ms
2025-06-24 16:49:35 [main] INFO  c.fspann.api.ForwardSecureANNSystem - Insert complete for id=8b06fb74-d92a-4015-8db3-82a98684fcb4 in 572.6068 ms
2025-06-24 16:49:35 [main] INFO  c.fspann.api.ForwardSecureANNSystem - Insert complete for id=945cfd35-66c9-4e81-ac2d-81a69dc6425a in 577.5249 ms
2025-06-24 16:49:36 [main] INFO  c.fspann.api.ForwardSecureANNSystem - Insert complete for id=5cedb46f-91c9-405c-9613-90fa6fc9d394 in 567.1071 ms
2025-06-24 16:49:36 [main] INFO  c.fspann.api.ForwardSecureANNSystem - Insert complete for id=c20fda55-1b36-4258-a15b-03695df2cedc in 567.4944 ms
2025-06-24 16:49:37 [main] INFO  c.fspann.api.ForwardSecureANNSystem - Insert complete for id=3044ccad-23b3-4407-b7c4-dc0d78320464 in 569.1795 ms
2025-06-24 16:49:37 [main] INFO  c.fspann.api.ForwardSecureANNSystem - Insert complete for id=fb041218-ab72-418e-92c7-c64f6994a981 in 567.7802 ms
2025-06-24 16:49:38 [main] INFO  c.fspann.api.ForwardSecureANNSystem - Insert complete for id=7a6369ee-d156-439d-9dd8-1a0e0833271b in 574.9025 ms
2025-06-24 16:49:39 [main] INFO  c.fspann.api.ForwardSecureANNSystem - Insert complete for id=d83dda4c-8d34-4bc9-92de-7d11ba26f74a in 571.1013 ms
2025-06-24 16:49:39 [main] INFO  c.fspann.api.ForwardSecureANNSystem - Insert complete for id=34a9158e-b298-41e1-89d7-422e41a83aea in 580.3749 ms
2025-06-24 16:49:40 [main] INFO  c.fspann.api.ForwardSecureANNSystem - Insert complete for id=f582b9d2-4f1a-4ad7-9006-a750d489b027 in 566.0478 ms
2025-06-24 16:49:40 [main] INFO  c.fspann.api.ForwardSecureANNSystem - Insert complete for id=10fd96a7-f402-4eda-984b-5464c1500a30 in 581.9612 ms
2025-06-24 16:49:41 [main] INFO  c.fspann.api.ForwardSecureANNSystem - Insert complete for id=ff2e6026-9224-4448-8a62-df3be3f39dda in 596.3308 ms
2025-06-24 16:49:41 [main] INFO  c.fspann.api.ForwardSecureANNSystem - Insert complete for id=302ccb04-11c8-45e6-9f13-254e902b2ef6 in 617.3353 ms
2025-06-24 16:49:42 [main] INFO  c.fspann.api.ForwardSecureANNSystem - Insert complete for id=46ec7c07-ccf3-4c33-afc4-7264654aac2b in 614.035 ms
2025-06-24 16:49:43 [main] INFO  c.fspann.api.ForwardSecureANNSystem - Insert complete for id=974b72a6-5879-4f2a-b13a-d8c4768df62e in 608.5944 ms
2025-06-24 16:49:43 [main] INFO  c.fspann.api.ForwardSecureANNSystem - Insert complete for id=0e449eca-2090-486d-bedb-93c15d688188 in 638.6973 ms
2025-06-24 16:49:44 [main] INFO  c.fspann.api.ForwardSecureANNSystem - Insert complete for id=9a11192e-50b5-4ad1-ae31-1a701b97b8f9 in 596.684 ms
2025-06-24 16:49:45 [main] INFO  c.fspann.api.ForwardSecureANNSystem - Insert complete for id=6ed89218-104b-48b9-ae76-97e4e7581a99 in 600.6051 ms
2025-06-24 16:49:45 [main] INFO  c.fspann.api.ForwardSecureANNSystem - Insert complete for id=3303e810-692a-427f-9b1e-4d1b1b3778c3 in 612.1988 ms
2025-06-24 16:49:46 [main] INFO  c.fspann.api.ForwardSecureANNSystem - Insert complete for id=666d28a8-21f0-438f-9337-95e1f9b9e246 in 572.286 ms
2025-06-24 16:49:46 [main] INFO  c.fspann.api.ForwardSecureANNSystem - Insert complete for id=e33bd1b2-fa1f-4134-ba25-41bafe38e109 in 569.8179 ms
2025-06-24 16:49:47 [main] INFO  c.fspann.api.ForwardSecureANNSystem - Insert complete for id=a5521d8e-8179-4366-bb4c-1749dd684666 in 567.7608 ms
2025-06-24 16:49:47 [main] INFO  c.fspann.api.ForwardSecureANNSystem - Insert complete for id=72353cc5-c0f4-4ff5-b481-a90221cfe9c4 in 576.4795 ms
2025-06-24 16:49:48 [main] INFO  c.fspann.api.ForwardSecureANNSystem - Insert complete for id=e35275cc-5574-4816-a267-3f79fe736e81 in 561.7337 ms
2025-06-24 16:49:49 [main] INFO  c.fspann.api.ForwardSecureANNSystem - Insert complete for id=ee6a69bd-74c6-47d9-91e7-9d8dce2e27d9 in 584.5374 ms
2025-06-24 16:49:49 [main] INFO  c.fspann.api.ForwardSecureANNSystem - Insert complete for id=d0756ec1-2c4d-4ad4-bb43-0b6ed23f44b4 in 572.2653 ms
2025-06-24 16:49:50 [main] INFO  c.fspann.api.ForwardSecureANNSystem - Insert complete for id=7328dd55-13dc-4b3e-9369-c37ae1277977 in 559.0692 ms
2025-06-24 16:49:50 [main] INFO  c.fspann.api.ForwardSecureANNSystem - Insert complete for id=1890c398-43c6-4335-afe4-e218250a7708 in 577.1186 ms
2025-06-24 16:49:51 [main] INFO  c.fspann.api.ForwardSecureANNSystem - Insert complete for id=1a090895-c92f-45d8-8d4f-93a9157fcde0 in 573.2814 ms
2025-06-24 16:49:51 [main] INFO  c.fspann.api.ForwardSecureANNSystem - Insert complete for id=12d8793b-46ff-45e4-9e06-c71e9b092e14 in 573.6307 ms
2025-06-24 16:49:52 [main] INFO  c.fspann.api.ForwardSecureANNSystem - Insert complete for id=4f65f247-297f-4814-a989-9d478ca0a16e in 574.9335 ms
2025-06-24 16:49:53 [main] INFO  c.fspann.api.ForwardSecureANNSystem - Insert complete for id=552c1534-d760-485f-8a41-1fbe919f59ec in 569.7985 ms
2025-06-24 16:49:53 [main] INFO  c.fspann.api.ForwardSecureANNSystem - Insert complete for id=d7c490cb-df50-4d3c-8d5e-1e3c083ecf79 in 561.8981 ms
2025-06-24 16:49:54 [main] INFO  c.fspann.api.ForwardSecureANNSystem - Insert complete for id=6752d7ea-16b0-4338-a277-4bbce8c85b38 in 580.6371 ms
2025-06-24 16:49:54 [main] INFO  c.fspann.api.ForwardSecureANNSystem - Insert complete for id=09145005-5977-4cbc-b238-a8801d8b34d7 in 580.1076 ms
2025-06-24 16:49:55 [main] INFO  c.fspann.api.ForwardSecureANNSystem - Insert complete for id=259fc696-6b10-47cb-a741-0433559df41c in 577.3898 ms
2025-06-24 16:49:55 [main] INFO  c.fspann.api.ForwardSecureANNSystem - Insert complete for id=dc38831a-70bb-4cdd-9386-29df15bf105f in 577.8693 ms
2025-06-24 16:49:56 [main] INFO  c.fspann.api.ForwardSecureANNSystem - Insert complete for id=3a6a5659-b73c-4015-8f75-44685bdabc00 in 567.417 ms
2025-06-24 16:49:57 [main] INFO  c.fspann.api.ForwardSecureANNSystem - Insert complete for id=6e64dd4c-fe22-415a-af59-7da98375a85a in 562.4454 ms
2025-06-24 16:49:57 [main] INFO  c.fspann.api.ForwardSecureANNSystem - Insert complete for id=0c29b842-8683-4d63-a85d-eb61568b3f4e in 579.1011 ms
2025-06-24 16:49:58 [main] INFO  c.fspann.api.ForwardSecureANNSystem - Insert complete for id=051a28bb-cd3f-4467-b9a6-71a92bbd46bc in 576.1171 ms
2025-06-24 16:49:58 [main] INFO  c.fspann.api.ForwardSecureANNSystem - Insert complete for id=32cd9f0d-49ca-4b84-9123-84cf1ab48baa in 614.9714 ms
2025-06-24 16:49:59 [main] INFO  c.fspann.api.ForwardSecureANNSystem - Insert complete for id=a397f516-3ec5-4480-92dc-acd60a2da851 in 595.2168 ms
2025-06-24 16:50:00 [main] INFO  c.fspann.api.ForwardSecureANNSystem - Insert complete for id=0177f551-b6f5-4bf0-bc71-06a8a1e9ae2d in 590.9959 ms
2025-06-24 16:50:00 [main] INFO  c.fspann.api.ForwardSecureANNSystem - Insert complete for id=94cd9735-c038-4380-8a88-68bcfebb9d6f in 574.0214 ms
2025-06-24 16:50:01 [main] INFO  c.fspann.api.ForwardSecureANNSystem - Insert complete for id=cfc765f6-213e-47bf-b764-42346df369c0 in 575.389 ms
2025-06-24 16:50:01 [main] INFO  c.fspann.api.ForwardSecureANNSystem - Insert complete for id=2b1da01c-9568-4add-b610-39cd5841a4ac in 587.3063 ms
2025-06-24 16:50:02 [main] INFO  c.fspann.api.ForwardSecureANNSystem - Insert complete for id=e6819dc6-9518-4744-b342-9df194341308 in 575.2745 ms
2025-06-24 16:50:02 [main] INFO  c.fspann.api.ForwardSecureANNSystem - Insert complete for id=08452461-11b8-474f-896b-744fed5e214f in 589.0132 ms
2025-06-24 16:50:03 [main] INFO  c.fspann.api.ForwardSecureANNSystem - Insert complete for id=b5253521-c797-472e-a61b-3e3ac4e89dfd in 583.3109 ms
2025-06-24 16:50:04 [main] INFO  c.fspann.api.ForwardSecureANNSystem - Insert complete for id=a45c91c6-347b-44ce-8414-5634c57834f6 in 721.183 ms
2025-06-24 16:50:04 [main] INFO  c.fspann.api.ForwardSecureANNSystem - Insert complete for id=8eb29bee-8250-47c4-84f3-c9f67f02d851 in 752.6842 ms
2025-06-24 16:50:05 [main] INFO  c.fspann.api.ForwardSecureANNSystem - Insert complete for id=c188c84d-ee56-44cb-a06c-bb761e12e642 in 781.0886 ms
2025-06-24 16:50:06 [main] INFO  c.fspann.api.ForwardSecureANNSystem - Insert complete for id=bb0bb47f-8983-4e78-a543-503285f12adf in 789.1167 ms
2025-06-24 16:50:07 [main] INFO  c.fspann.api.ForwardSecureANNSystem - Insert complete for id=48267cfd-c161-4d18-b7d1-b0745370a105 in 844.523 ms
2025-06-24 16:50:08 [main] INFO  c.fspann.api.ForwardSecureANNSystem - Insert complete for id=3ae99261-1af8-4595-b454-a8ea9aa2d2b7 in 852.8734 ms
2025-06-24 16:50:09 [main] INFO  c.fspann.api.ForwardSecureANNSystem - Insert complete for id=f71f01e9-27ad-451f-99e1-ed76991227b8 in 907.3947 ms
2025-06-24 16:50:10 [main] INFO  c.fspann.api.ForwardSecureANNSystem - Insert complete for id=d1853602-63dd-49d1-9f80-9477d5a28e8b in 866.2689 ms
2025-06-24 16:50:10 [main] INFO  c.fspann.api.ForwardSecureANNSystem - Insert complete for id=a385398e-7915-4d29-8637-ac5a4e463ec7 in 739.3157 ms
2025-06-24 16:50:11 [main] INFO  c.fspann.api.ForwardSecureANNSystem - Insert complete for id=a38ba177-1ddf-407e-83d8-9ecf48bb193c in 882.8082 ms
2025-06-24 16:50:12 [main] INFO  c.fspann.api.ForwardSecureANNSystem - Insert complete for id=070f952c-b927-4d81-85cf-9d074556e8e2 in 844.4833 ms
2025-06-24 16:50:13 [main] INFO  c.fspann.api.ForwardSecureANNSystem - Insert complete for id=79c4eb54-5ba4-4c1f-9cb3-5a8331a137ab in 1134.052 ms
2025-06-24 16:50:14 [main] INFO  c.fspann.api.ForwardSecureANNSystem - Insert complete for id=0c74f09f-6836-441f-a857-acfb9fe505ff in 849.0742 ms
2025-06-24 16:50:15 [main] INFO  c.fspann.api.ForwardSecureANNSystem - Insert complete for id=21ccccf5-60d3-45e4-9062-a8a4d4518192 in 700.2955 ms
2025-06-24 16:50:15 [main] INFO  c.fspann.api.ForwardSecureANNSystem - Insert complete for id=b308daf5-7de3-4860-8d9b-b7ed23d0c462 in 749.4242 ms
2025-06-24 16:50:16 [main] INFO  c.fspann.api.ForwardSecureANNSystem - Insert complete for id=723d4f6c-69c6-496d-8084-e98dfc3eba7c in 761.8035 ms
2025-06-24 16:50:17 [main] INFO  c.fspann.api.ForwardSecureANNSystem - Insert complete for id=8d7cdd92-6f9d-4276-a8c9-0ca2196400c8 in 793.4757 ms
2025-06-24 16:50:18 [main] INFO  c.fspann.api.ForwardSecureANNSystem - Insert complete for id=dc549642-6956-4276-bc1f-ce4f755ce300 in 672.6122 ms
2025-06-24 16:50:19 [main] INFO  c.fspann.api.ForwardSecureANNSystem - Insert complete for id=b7ea2ed6-c40f-474f-9f3a-098e8f2525db in 866.6873 ms
2025-06-24 16:50:19 [main] INFO  c.fspann.api.ForwardSecureANNSystem - Insert complete for id=a3f0c27f-db27-4664-b0a3-6f59aa72a844 in 800.1192 ms
2025-06-24 16:50:20 [main] INFO  c.fspann.api.ForwardSecureANNSystem - Insert complete for id=6df8865b-9e43-4cb6-8d29-8770f9f30b84 in 851.2407 ms
2025-06-24 16:50:21 [main] INFO  c.fspann.api.ForwardSecureANNSystem - Insert complete for id=b5748764-ddae-4824-9984-bf2b7d3519c0 in 805.1335 ms
2025-06-24 16:50:22 [main] INFO  c.fspann.api.ForwardSecureANNSystem - Insert complete for id=6c880cdb-0d2f-4191-be67-4c00801badac in 855.0402 ms
2025-06-24 16:50:23 [main] INFO  c.fspann.api.ForwardSecureANNSystem - Insert complete for id=9fd9e2b2-ec44-43d5-b08d-847286a09fc1 in 883.7652 ms
2025-06-24 16:50:24 [main] INFO  c.fspann.api.ForwardSecureANNSystem - Insert complete for id=ea7a41ee-8b4b-43d7-9461-751f0f325b4a in 787.1405 ms
2025-06-24 16:50:24 [main] INFO  c.fspann.api.ForwardSecureANNSystem - Insert complete for id=5521388b-78b0-41c6-a414-df611b27e38e in 804.6301 ms
2025-06-24 16:50:25 [main] INFO  c.fspann.api.ForwardSecureANNSystem - Insert complete for id=3eef8852-8ecd-4070-b26d-07cbb39e16aa in 743.0384 ms
2025-06-24 16:50:26 [main] INFO  c.fspann.api.ForwardSecureANNSystem - Insert complete for id=f84c21c6-d4bd-48c1-bc88-65b36ff747ee in 616.5566 ms
2025-06-24 16:50:26 [main] INFO  c.fspann.api.ForwardSecureANNSystem - Insert complete for id=2d218dfc-206a-4692-9bb7-084e3065c92f in 567.3251 ms
2025-06-24 16:50:27 [main] INFO  c.fspann.api.ForwardSecureANNSystem - Insert complete for id=fe619895-3afb-440b-9b05-d09d6cc50a9e in 577.0414 ms
2025-06-24 16:50:27 [main] INFO  c.fspann.api.ForwardSecureANNSystem - Insert complete for id=08868b29-6d1d-4aa4-96d1-cc7275d4d75d in 570.4139 ms
2025-06-24 16:50:28 [main] INFO  c.fspann.api.ForwardSecureANNSystem - Insert complete for id=685c2c54-04ad-4273-b5f2-79d2f0fe2b6e in 572.1845 ms
2025-06-24 16:50:29 [main] INFO  c.fspann.api.ForwardSecureANNSystem - Insert complete for id=6293ae1a-0763-4645-a5df-80d3a755aee9 in 579.6423 ms
2025-06-24 16:50:29 [main] INFO  c.fspann.api.ForwardSecureANNSystem - Insert complete for id=97565a86-89e0-49e4-a29a-ad9f690aff68 in 570.0436 ms
2025-06-24 16:50:30 [main] INFO  c.fspann.api.ForwardSecureANNSystem - Insert complete for id=739fa28a-4cc3-4e6d-a316-6e6e29e994e2 in 582.2993 ms
2025-06-24 16:50:30 [main] INFO  c.fspann.api.ForwardSecureANNSystem - Insert complete for id=780f8310-a792-497f-b196-dbceab891857 in 566.5721 ms
2025-06-24 16:50:31 [main] INFO  c.fspann.api.ForwardSecureANNSystem - Insert complete for id=1d594f39-5759-431e-927e-5db37e43f3ed in 576.877 ms
2025-06-24 16:50:31 [main] INFO  c.fspann.api.ForwardSecureANNSystem - Insert complete for id=4fe18646-df34-4c20-aa44-fe3d7d17aa7b in 568.5878 ms
2025-06-24 16:50:32 [main] INFO  c.fspann.api.ForwardSecureANNSystem - Insert complete for id=d9916b79-f186-4e1d-a8f7-3ea2a2718438 in 578.2272 ms
2025-06-24 16:50:33 [main] INFO  c.fspann.api.ForwardSecureANNSystem - Insert complete for id=6cd687f7-7cd9-4002-b17c-93d4e67ae460 in 574.9747 ms
2025-06-24 16:50:33 [main] INFO  c.fspann.api.ForwardSecureANNSystem - Insert complete for id=31f7c333-4eab-49fb-ad73-1ac62c34ef3d in 573.6067 ms
2025-06-24 16:50:34 [main] INFO  c.fspann.api.ForwardSecureANNSystem - Insert complete for id=7f771bf0-b57f-47d6-82e3-244b5e3a92c4 in 575.2347 ms
2025-06-24 16:50:34 [main] INFO  c.fspann.api.ForwardSecureANNSystem - Insert complete for id=4852728b-79cd-4734-9074-1f383f1de478 in 563.6505 ms
2025-06-24 16:50:35 [main] INFO  c.fspann.api.ForwardSecureANNSystem - Insert complete for id=bc973976-3854-46b0-8b69-a130743cb03d in 571.7637 ms
2025-06-24 16:50:35 [main] INFO  c.fspann.api.ForwardSecureANNSystem - Insert complete for id=3e64886b-0e20-492d-9f0a-ab78a7c8b174 in 572.3481 ms
2025-06-24 16:50:36 [main] INFO  c.fspann.api.ForwardSecureANNSystem - Insert complete for id=086a7bef-f85f-4eb9-bda4-0411882662e6 in 586.581 ms
2025-06-24 16:50:37 [main] INFO  c.fspann.api.ForwardSecureANNSystem - Insert complete for id=6ad727f4-1275-43f9-b2e8-a1d054178a9f in 579.7276 ms
2025-06-24 16:50:37 [main] INFO  c.fspann.api.ForwardSecureANNSystem - Insert complete for id=5781201c-c71c-467f-bbd2-5284cead1b0c in 567.6503 ms
2025-06-24 16:50:38 [main] INFO  c.fspann.api.ForwardSecureANNSystem - Insert complete for id=9f9e6e1b-a427-4ff6-a25a-0c30229f9b44 in 585.0178 ms
2025-06-24 16:50:38 [main] INFO  c.fspann.api.ForwardSecureANNSystem - Insert complete for id=0db8ee6d-a06c-46a3-9c0a-114cf7df48cd in 571.5521 ms
2025-06-24 16:50:39 [main] INFO  c.fspann.api.ForwardSecureANNSystem - Insert complete for id=009c63ab-841a-4847-a1fa-06afe81c8b3a in 584.434 ms
2025-06-24 16:50:39 [main] INFO  c.fspann.api.ForwardSecureANNSystem - Insert complete for id=1eb182a9-df4e-4d49-8359-40671bdd8689 in 575.3094 ms
2025-06-24 16:50:40 [main] INFO  c.fspann.api.ForwardSecureANNSystem - Insert complete for id=a1dc3c62-347c-4bbf-bff9-9e399f72ae0c in 585.4157 ms
2025-06-24 16:50:41 [main] INFO  c.fspann.api.ForwardSecureANNSystem - Insert complete for id=8214d05e-c2a4-4869-944f-e88d57d0a405 in 574.4251 ms
2025-06-24 16:50:41 [main] INFO  c.fspann.api.ForwardSecureANNSystem - Insert complete for id=7edaf52e-6652-4a27-ae94-f29cf690775c in 570.5722 ms
2025-06-24 16:50:42 [main] INFO  c.fspann.api.ForwardSecureANNSystem - Insert complete for id=bf1cb69b-8598-4409-aa26-cad0a965b5ab in 581.4457 ms
2025-06-24 16:50:42 [main] INFO  c.fspann.api.ForwardSecureANNSystem - Insert complete for id=1ed9a6d7-3581-469f-aadd-dd04adacac5e in 565.903 ms
2025-06-24 16:50:43 [main] INFO  c.fspann.api.ForwardSecureANNSystem - Insert complete for id=38a6cc1d-74d3-453a-aaee-7e1694bf6de3 in 575.1896 ms
2025-06-24 16:50:43 [main] INFO  c.fspann.api.ForwardSecureANNSystem - Insert complete for id=d5560bf5-fee4-426e-90b2-d6780a0fc8fa in 579.6406 ms
2025-06-24 16:50:44 [main] INFO  c.fspann.api.ForwardSecureANNSystem - Insert complete for id=b5cea20b-dbb6-4de7-8277-8080803d0edc in 588.0123 ms
2025-06-24 16:50:45 [main] INFO  c.fspann.api.ForwardSecureANNSystem - Insert complete for id=ad54f535-2bb5-4b85-8ae5-7ab0b8b1962e in 565.2795 ms
2025-06-24 16:50:45 [main] INFO  c.fspann.api.ForwardSecureANNSystem - Insert complete for id=a2ecf5fb-caad-4f10-9418-3899b201b2ed in 555.5912 ms
2025-06-24 16:50:46 [main] INFO  c.fspann.api.ForwardSecureANNSystem - Insert complete for id=bfbfe1eb-150b-476e-8bee-772ac1dc85e1 in 572.5568 ms
2025-06-24 16:50:46 [main] INFO  c.fspann.api.ForwardSecureANNSystem - Insert complete for id=2e226a6f-8442-4f0e-b82e-932f155def0a in 567.7622 ms
2025-06-24 16:50:47 [main] INFO  c.fspann.api.ForwardSecureANNSystem - Insert complete for id=6a0c997d-6173-4854-9b90-c0f9b5dc24d2 in 565.1419 ms
2025-06-24 16:50:47 [main] INFO  c.fspann.api.ForwardSecureANNSystem - Insert complete for id=9dbc054b-f85e-435c-92c3-07025aebb268 in 576.7465 ms
2025-06-24 16:50:48 [main] INFO  c.fspann.api.ForwardSecureANNSystem - Insert complete for id=6efc21b6-e857-403f-9dc2-0998f0d4c3ac in 573.5078 ms
2025-06-24 16:50:49 [main] INFO  c.fspann.api.ForwardSecureANNSystem - Insert complete for id=beb18ed6-7b99-427a-bce6-04937e0e54c5 in 574.2534 ms
2025-06-24 16:50:49 [main] INFO  c.fspann.api.ForwardSecureANNSystem - Insert complete for id=14fd128e-a2e1-4cef-a907-90026aaf9553 in 567.0856 ms
2025-06-24 16:50:50 [main] INFO  c.fspann.api.ForwardSecureANNSystem - Insert complete for id=0fe30ef4-1bb5-436c-884e-7b16ae9194bb in 568.1263 ms
2025-06-24 16:50:50 [main] INFO  c.fspann.api.ForwardSecureANNSystem - Insert complete for id=53b0c7f5-b972-43ea-baf9-4d9504bff55b in 587.6006 ms
2025-06-24 16:50:51 [main] INFO  c.fspann.api.ForwardSecureANNSystem - Insert complete for id=04d1e153-8390-4831-bd11-ec7992ccdd77 in 567.6459 ms
2025-06-24 16:50:52 [main] INFO  c.fspann.api.ForwardSecureANNSystem - Insert complete for id=beea8e9d-9aa5-4b30-abab-c4d095a12211 in 575.231 ms
2025-06-24 16:50:52 [main] INFO  c.fspann.api.ForwardSecureANNSystem - Insert complete for id=fac1405b-85d0-42e6-a87a-4b588ff1caaa in 574.4476 ms
2025-06-24 16:50:53 [main] INFO  c.fspann.api.ForwardSecureANNSystem - Insert complete for id=0e8a60b5-0a39-4f77-88e9-4c7652625287 in 568.752 ms
2025-06-24 16:50:53 [main] INFO  c.fspann.api.ForwardSecureANNSystem - Insert complete for id=c9045fd2-cd9c-4b69-b477-8cd44389b456 in 565.946 ms
2025-06-24 16:50:54 [main] INFO  c.fspann.api.ForwardSecureANNSystem - Insert complete for id=ff8f5435-cb6f-4000-8c45-67269175237c in 590.0301 ms
2025-06-24 16:50:54 [main] INFO  c.fspann.api.ForwardSecureANNSystem - Insert complete for id=f8f6af98-18a6-478c-b638-f5eebdd054bb in 568.2624 ms
2025-06-24 16:50:55 [main] INFO  c.fspann.api.ForwardSecureANNSystem - Insert complete for id=bb919248-ef54-442a-9712-e9d5ad9fe0d9 in 574.9395 ms
2025-06-24 16:50:56 [main] INFO  c.fspann.api.ForwardSecureANNSystem - Insert complete for id=f9fe4aa1-b30a-4cb2-93d2-321c4c5d9bfa in 567.4337 ms
2025-06-24 16:50:56 [main] INFO  c.fspann.api.ForwardSecureANNSystem - Insert complete for id=9d20fdcf-5c9a-4ddc-83c7-ea638086617f in 580.1206 ms
2025-06-24 16:50:57 [main] INFO  c.fspann.api.ForwardSecureANNSystem - Insert complete for id=b39141cc-3c7b-4637-9284-528ce12a7a91 in 571.634 ms
2025-06-24 16:50:57 [main] INFO  c.fspann.api.ForwardSecureANNSystem - Insert complete for id=511b995d-4c1b-461a-9d55-6128bf15bcea in 572.5659 ms
2025-06-24 16:50:58 [main] INFO  c.fspann.api.ForwardSecureANNSystem - Insert complete for id=568550c7-2e7d-4391-8195-4f95f763a7fb in 568.0355 ms
2025-06-24 16:50:58 [main] INFO  c.fspann.api.ForwardSecureANNSystem - Insert complete for id=44cbbdb9-86ba-4e17-9007-8704fe917b8a in 564.9704 ms
2025-06-24 16:50:59 [main] INFO  c.fspann.api.ForwardSecureANNSystem - Insert complete for id=32a0835d-6e5c-46cd-aa53-05a581d83edf in 566.3141 ms
2025-06-24 16:51:00 [main] INFO  c.fspann.api.ForwardSecureANNSystem - Insert complete for id=1898eddb-461d-444a-aa40-23789f324207 in 572.6917 ms
2025-06-24 16:51:00 [main] INFO  c.fspann.api.ForwardSecureANNSystem - Insert complete for id=8510d883-6f70-402b-9100-682bd1cd37fd in 565.252 ms
2025-06-24 16:51:01 [main] INFO  c.fspann.api.ForwardSecureANNSystem - Insert complete for id=152635b6-2bb9-48a7-9b4c-f83901eda8a1 in 570.6862 ms
2025-06-24 16:51:01 [main] INFO  c.fspann.api.ForwardSecureANNSystem - Insert complete for id=06cbfea2-348a-43e5-9fc4-0461c172ccd6 in 569.6702 ms
2025-06-24 16:51:02 [main] INFO  c.fspann.api.ForwardSecureANNSystem - Insert complete for id=f238cf8d-e6be-4ec9-9889-4b0da8d5d3c1 in 562.2755 ms
2025-06-24 16:51:02 [main] INFO  c.fspann.api.ForwardSecureANNSystem - Insert complete for id=46ae5d0a-f0ce-4d0c-a309-a8becd70b51d in 580.7794 ms
2025-06-24 16:51:03 [main] INFO  c.fspann.api.ForwardSecureANNSystem - Insert complete for id=d96d031e-106f-44f8-9957-e8a54ddb29cd in 567.8697 ms
2025-06-24 16:51:03 [main] INFO  c.fspann.api.ForwardSecureANNSystem - Insert complete for id=d37c35ae-ff7f-4f2f-b05d-ce2bac2c0a1c in 569.8518 ms
2025-06-24 16:51:04 [main] INFO  c.fspann.api.ForwardSecureANNSystem - Insert complete for id=f70b2686-6d5c-4718-915d-b972cac27469 in 572.3254 ms
2025-06-24 16:51:05 [main] INFO  c.fspann.api.ForwardSecureANNSystem - Insert complete for id=e1c953ba-5289-4903-9e02-edd208483793 in 573.151 ms
2025-06-24 16:51:05 [main] INFO  c.fspann.api.ForwardSecureANNSystem - Insert complete for id=d26b666c-8009-4729-9edd-ecb5ac8dea06 in 572.1768 ms
2025-06-24 16:51:06 [main] INFO  c.fspann.api.ForwardSecureANNSystem - Insert complete for id=50d7c40b-afee-48be-8f39-ad7ec21feac1 in 567.9401 ms
2025-06-24 16:51:06 [main] INFO  c.fspann.api.ForwardSecureANNSystem - Insert complete for id=aac85013-bdfd-40d9-ba2d-3227e4aab817 in 577.8826 ms
2025-06-24 16:51:07 [main] INFO  c.fspann.api.ForwardSecureANNSystem - Insert complete for id=96fd990b-b08d-4bec-8f27-a427ee00e202 in 565.2165 ms
2025-06-24 16:51:07 [main] INFO  c.fspann.api.ForwardSecureANNSystem - Insert complete for id=5d380662-e37e-4e2d-a854-c6a872f1d7d1 in 564.944 ms
2025-06-24 16:51:08 [main] INFO  c.fspann.api.ForwardSecureANNSystem - Insert complete for id=823b98b2-2102-4155-af62-09ed75fcf04c in 574.7336 ms
2025-06-24 16:51:09 [main] INFO  c.fspann.api.ForwardSecureANNSystem - Insert complete for id=b035fb6f-33fb-4aa4-896b-23858c30e5f8 in 576.3394 ms
2025-06-24 16:51:09 [main] INFO  c.fspann.api.ForwardSecureANNSystem - Insert complete for id=da98115f-0832-4e77-8134-1436e44ced31 in 579.0283 ms
2025-06-24 16:51:10 [main] INFO  c.fspann.api.ForwardSecureANNSystem - Insert complete for id=e0540b0f-b0a4-4368-ae9e-916bea7759c0 in 577.1143 ms
2025-06-24 16:51:10 [main] INFO  c.fspann.api.ForwardSecureANNSystem - Insert complete for id=7834f518-c073-4119-b3e3-8ea29a2f8ac7 in 595.0135 ms
2025-06-24 16:51:11 [main] INFO  c.fspann.api.ForwardSecureANNSystem - Insert complete for id=aa706b0c-3b3d-43db-ad8c-6808b0f70af3 in 603.5639 ms
2025-06-24 16:51:12 [main] INFO  c.fspann.api.ForwardSecureANNSystem - Insert complete for id=2b3faadd-4de4-4a32-8fa3-30646d01c8e7 in 603.4489 ms
2025-06-24 16:51:12 [main] INFO  c.fspann.api.ForwardSecureANNSystem - Insert complete for id=44c22bb7-44a3-493f-8e29-e800d88a435a in 602.7204 ms
2025-06-24 16:51:13 [main] INFO  c.fspann.api.ForwardSecureANNSystem - Insert complete for id=74895079-c5b5-4c8d-ae16-230dc89f7b3f in 613.7196 ms
2025-06-24 16:51:13 [main] INFO  c.fspann.api.ForwardSecureANNSystem - Insert complete for id=bf939b74-b170-479c-9947-e8f282fe2312 in 605.5081 ms
2025-06-24 16:51:14 [main] INFO  c.fspann.api.ForwardSecureANNSystem - Insert complete for id=761e28af-9d97-4a2e-ae48-e700f0a5f921 in 625.5829 ms
2025-06-24 16:51:15 [main] INFO  c.fspann.api.ForwardSecureANNSystem - Insert complete for id=fa9fdad3-6fce-46d3-8658-cd373f70d245 in 591.3725 ms
2025-06-24 16:51:15 [main] INFO  c.fspann.api.ForwardSecureANNSystem - Insert complete for id=6f960a7d-70e2-4904-aca2-161f1c57be62 in 585.1106 ms
2025-06-24 16:51:16 [main] INFO  c.fspann.api.ForwardSecureANNSystem - Insert complete for id=85207e26-57d1-46d3-9bc2-04d18533afc0 in 586.0545 ms
2025-06-24 16:51:16 [main] INFO  c.fspann.api.ForwardSecureANNSystem - Insert complete for id=2007e87f-0e0b-4718-87d9-f62672cfad51 in 575.9148 ms
2025-06-24 16:51:17 [main] INFO  c.fspann.api.ForwardSecureANNSystem - Insert complete for id=eeb6c5a2-6fc0-4957-95c7-5fdb8cd9f072 in 575.9685 ms
2025-06-24 16:51:18 [main] INFO  c.fspann.api.ForwardSecureANNSystem - Insert complete for id=b1221f0c-2ecb-481c-8739-ee2f44af8f96 in 597.1868 ms
2025-06-24 16:51:18 [main] INFO  c.fspann.api.ForwardSecureANNSystem - Insert complete for id=9df6d4a7-c494-4cf1-886d-41f6d69b6459 in 577.6065 ms
2025-06-24 16:51:19 [main] INFO  c.fspann.api.ForwardSecureANNSystem - Insert complete for id=762da040-3578-401a-ab6c-e1ff5bb41cc5 in 574.5367 ms
2025-06-24 16:51:19 [main] INFO  c.fspann.api.ForwardSecureANNSystem - Insert complete for id=0684274f-5288-4acf-9203-888c1fd06d7e in 583.8362 ms
2025-06-24 16:51:20 [main] INFO  c.fspann.api.ForwardSecureANNSystem - Insert complete for id=aab970ff-76d2-4de0-995f-aaf4cdcfb060 in 577.1559 ms
2025-06-24 16:51:20 [main] INFO  c.fspann.api.ForwardSecureANNSystem - Insert complete for id=470553a5-1205-4fcb-88b5-6e17cb4b5f04 in 586.931 ms
2025-06-24 16:51:21 [main] INFO  c.fspann.api.ForwardSecureANNSystem - Insert complete for id=ea85d7d2-e6e8-4033-8843-897fd7d7e580 in 634.3594 ms
2025-06-24 16:51:22 [main] INFO  c.fspann.api.ForwardSecureANNSystem - Insert complete for id=9a72666f-b5ab-4f6e-be06-b74ff294d6ba in 606.1389 ms
2025-06-24 16:51:22 [main] INFO  c.fspann.api.ForwardSecureANNSystem - Insert complete for id=5e94bcbf-95e5-4c48-9614-82e607e775cf in 584.0244 ms
2025-06-24 16:51:23 [main] INFO  c.fspann.api.ForwardSecureANNSystem - Insert complete for id=b8632b95-c60a-4c9a-867a-1a6ca3fa6b63 in 589.1693 ms
2025-06-24 16:51:23 [main] INFO  c.fspann.api.ForwardSecureANNSystem - Insert complete for id=789786fc-e499-4dd7-a340-cbd5f11c032d in 606.9336 ms
2025-06-24 16:51:24 [main] INFO  c.fspann.api.ForwardSecureANNSystem - Insert complete for id=e94f1651-6f7d-4fa0-9fb0-6eedfccf40ba in 598.7104 ms
2025-06-24 16:51:25 [main] INFO  c.fspann.api.ForwardSecureANNSystem - Insert complete for id=f0502913-869b-4a40-b74a-b05b0d39ab83 in 609.2902 ms
2025-06-24 16:51:25 [main] INFO  c.fspann.api.ForwardSecureANNSystem - Insert complete for id=e19de0f8-4aaa-466c-8284-11f040ec4d34 in 589.7989 ms
2025-06-24 16:51:26 [main] INFO  c.fspann.api.ForwardSecureANNSystem - Insert complete for id=8c9bb287-1c69-494c-b937-1e5e5f2ef17a in 612.9274 ms
2025-06-24 16:51:26 [main] INFO  c.fspann.api.ForwardSecureANNSystem - Insert complete for id=a5a60dda-4fbe-41d9-b9a8-ed0c8349888a in 578.8586 ms
2025-06-24 16:51:27 [main] INFO  c.fspann.api.ForwardSecureANNSystem - Insert complete for id=72e86ec9-9bee-4edd-a6ac-159740d298bb in 594.3483 ms
2025-06-24 16:51:28 [main] INFO  c.fspann.api.ForwardSecureANNSystem - Insert complete for id=147fc769-3bb3-4eca-9ad3-0ed50fdfb9c9 in 578.6074 ms
2025-06-24 16:51:28 [main] INFO  c.fspann.api.ForwardSecureANNSystem - Insert complete for id=e11edd75-2506-4377-8bf4-9cc8bebde8bb in 584.2728 ms
2025-06-24 16:51:29 [main] INFO  c.fspann.api.ForwardSecureANNSystem - Insert complete for id=9cb32e7c-3142-4f8f-8586-2a40882a3814 in 593.0251 ms
2025-06-24 16:51:29 [main] INFO  c.fspann.api.ForwardSecureANNSystem - Insert complete for id=fbf66a57-82c3-42f7-a75a-985553a6a83d in 590.5209 ms
2025-06-24 16:51:30 [main] INFO  c.fspann.api.ForwardSecureANNSystem - Insert complete for id=34aff11c-5498-4d88-bc82-6e2195fc64b7 in 575.761 ms
2025-06-24 16:51:31 [main] INFO  c.fspann.api.ForwardSecureANNSystem - Insert complete for id=0b4bb45f-b773-4f29-8cc7-8fbb30adcabe in 576.863 ms
2025-06-24 16:51:31 [main] INFO  c.fspann.api.ForwardSecureANNSystem - Insert complete for id=30e64247-471c-4750-9942-9a23aad47da1 in 584.8633 ms
2025-06-24 16:51:32 [main] INFO  c.fspann.api.ForwardSecureANNSystem - Insert complete for id=f373ea57-827f-44ea-adf8-d03a70cbb293 in 572.2641 ms
2025-06-24 16:51:32 [main] INFO  c.fspann.api.ForwardSecureANNSystem - Insert complete for id=105f12fd-02ea-41de-b06d-3a144aa59d29 in 575.0406 ms
2025-06-24 16:51:33 [main] INFO  c.fspann.api.ForwardSecureANNSystem - Insert complete for id=a0808720-c9ad-463c-951c-2a430b72f3db in 581.8563 ms
2025-06-24 16:51:33 [main] INFO  c.fspann.api.ForwardSecureANNSystem - Insert complete for id=cf1de465-25b9-4506-a716-f9443f8d0248 in 570.3915 ms
2025-06-24 16:51:34 [main] INFO  c.fspann.api.ForwardSecureANNSystem - Insert complete for id=453e11ed-c80c-44e1-96a6-3a3f6939e72a in 579.3431 ms
2025-06-24 16:51:35 [main] INFO  c.fspann.api.ForwardSecureANNSystem - Insert complete for id=9f1fc1e8-2ec4-4c39-bac3-c0365126f1eb in 573.5299 ms
2025-06-24 16:51:35 [main] INFO  c.fspann.api.ForwardSecureANNSystem - Insert complete for id=68495704-77c4-4614-b2a4-35a6c4e87f98 in 587.7413 ms
2025-06-24 16:51:36 [main] INFO  c.fspann.api.ForwardSecureANNSystem - Insert complete for id=07f31761-4e87-41ab-9ab0-12f0fd27c538 in 586.9185 ms
2025-06-24 16:51:36 [main] INFO  c.fspann.api.ForwardSecureANNSystem - Insert complete for id=2ef09a2a-ade6-4b6f-9c63-8d7ac5252037 in 585.2315 ms
2025-06-24 16:51:37 [main] INFO  c.fspann.api.ForwardSecureANNSystem - Insert complete for id=2c30c922-4ab1-4c1f-99c0-1109e6d2ca1f in 618.079 ms
2025-06-24 16:51:38 [main] INFO  c.fspann.api.ForwardSecureANNSystem - Insert complete for id=515ddcd5-106e-499b-8c0a-d0ffb72a6ba5 in 608.7361 ms
2025-06-24 16:51:38 [main] INFO  c.fspann.api.ForwardSecureANNSystem - Insert complete for id=dee341ab-6ff4-44da-99f5-025ff782c171 in 577.721 ms
2025-06-24 16:51:39 [main] INFO  c.fspann.api.ForwardSecureANNSystem - Insert complete for id=840a5b5a-4610-4d41-9d60-d6786798bd86 in 602.1539 ms
2025-06-24 16:51:39 [main] INFO  c.fspann.api.ForwardSecureANNSystem - Insert complete for id=7e1d3c5d-9d1c-41fd-8d49-eda7d59522f8 in 578.0689 ms
2025-06-24 16:51:40 [main] INFO  c.fspann.api.ForwardSecureANNSystem - Insert complete for id=c7c2be41-5ad4-47d9-ac13-ebc35e07a9ab in 658.1228 ms
2025-06-24 16:51:41 [main] INFO  c.fspann.api.ForwardSecureANNSystem - Insert complete for id=82552707-b4b7-49fc-bc90-95b9c57a4ad4 in 623.162 ms
2025-06-24 16:51:41 [main] INFO  c.fspann.api.ForwardSecureANNSystem - Insert complete for id=fe6af431-a770-469c-b545-0b614bbeb21b in 602.7796 ms
2025-06-24 16:51:42 [main] INFO  c.fspann.api.ForwardSecureANNSystem - Insert complete for id=1d91b36c-f223-42f2-a63e-31ee9c48abb2 in 598.8212 ms
2025-06-24 16:51:42 [main] INFO  c.fspann.api.ForwardSecureANNSystem - Insert complete for id=37ff8112-1163-479b-bd14-9baadadf8f50 in 581.8134 ms
2025-06-24 16:51:43 [main] INFO  c.fspann.api.ForwardSecureANNSystem - Insert complete for id=16ab73b0-4399-4fc5-b314-4f30124063bd in 582.2684 ms
2025-06-24 16:51:44 [main] INFO  c.fspann.api.ForwardSecureANNSystem - Insert complete for id=6a8aeb73-00ee-41a7-baa3-da9c08270735 in 585.9835 ms
2025-06-24 16:51:44 [main] INFO  c.fspann.api.ForwardSecureANNSystem - Insert complete for id=5b4d78e7-5fe5-432e-b387-013e76e4a22e in 581.121 ms
2025-06-24 16:51:45 [main] INFO  c.fspann.api.ForwardSecureANNSystem - Insert complete for id=ef1c51c9-3f02-4b7c-ab1f-429b3508c61e in 576.8962 ms
2025-06-24 16:51:45 [main] INFO  c.fspann.api.ForwardSecureANNSystem - Insert complete for id=9e06bf3e-ac01-4f17-8745-1f770624be93 in 599.9543 ms
2025-06-24 16:51:46 [main] INFO  c.fspann.api.ForwardSecureANNSystem - Insert complete for id=948e4023-7128-4520-a394-4e0392502e94 in 625.5788 ms
2025-06-24 16:51:47 [main] INFO  c.fspann.api.ForwardSecureANNSystem - Insert complete for id=9bffc844-76f1-45d8-8ec9-3870989f7654 in 644.0524 ms
2025-06-24 16:51:47 [main] INFO  c.fspann.api.ForwardSecureANNSystem - Insert complete for id=ecc119a0-8837-4bb6-89f6-676fc083ec59 in 589.4074 ms
2025-06-24 16:51:48 [main] INFO  c.fspann.api.ForwardSecureANNSystem - Insert complete for id=07097a0c-c92e-48e6-bded-91eed07408cf in 581.3378 ms
2025-06-24 16:51:48 [main] INFO  c.fspann.api.ForwardSecureANNSystem - Insert complete for id=9e2d061d-98b4-4f2e-bd6e-18eef3b88b71 in 594.4757 ms
2025-06-24 16:51:49 [main] INFO  c.fspann.api.ForwardSecureANNSystem - Insert complete for id=5d728b0f-e06f-47e6-a943-144c892b56fb in 584.909 ms
2025-06-24 16:51:50 [main] INFO  c.fspann.api.ForwardSecureANNSystem - Insert complete for id=1c175ecd-7acb-42a4-8aed-4132f2053617 in 622.1389 ms
2025-06-24 16:51:50 [main] INFO  c.fspann.api.ForwardSecureANNSystem - Insert complete for id=2342962d-aeed-42fa-8151-9be68ec50659 in 594.9046 ms
2025-06-24 16:51:51 [main] INFO  c.fspann.api.ForwardSecureANNSystem - Insert complete for id=371e5c2a-98ec-49a6-9a55-3afa6936b23f in 592.6843 ms
2025-06-24 16:51:51 [main] INFO  c.fspann.api.ForwardSecureANNSystem - Insert complete for id=531e8603-10dc-4a1b-825a-1c0e57e028ec in 600.7771 ms
2025-06-24 16:51:52 [main] INFO  c.fspann.api.ForwardSecureANNSystem - Insert complete for id=2469b6ae-dfaa-4309-a39d-4e2814ecc490 in 601.581 ms
2025-06-24 16:51:53 [main] INFO  c.fspann.api.ForwardSecureANNSystem - Insert complete for id=1d98e436-4c48-4444-bf6f-86549a73b50a in 641.9714 ms
2025-06-24 16:51:53 [main] INFO  c.fspann.api.ForwardSecureANNSystem - Insert complete for id=c6a68cef-7400-456a-80a9-f20d9aa17cfb in 618.8762 ms
2025-06-24 16:51:54 [main] INFO  c.fspann.api.ForwardSecureANNSystem - Insert complete for id=125d5ee6-4c11-498b-b1e5-01eda07ad1e1 in 745.2584 ms
2025-06-24 16:51:55 [main] INFO  c.fspann.api.ForwardSecureANNSystem - Insert complete for id=4b3ffacf-5b44-4ece-b75f-3faf35a75e36 in 669.1765 ms
2025-06-24 16:51:55 [main] INFO  c.fspann.api.ForwardSecureANNSystem - Insert complete for id=1010d778-9077-4f3d-aebf-99c300428c6c in 586.8035 ms
2025-06-24 16:51:56 [main] INFO  c.fspann.api.ForwardSecureANNSystem - Insert complete for id=9b7502c6-dbdf-4fad-affa-68d97400296a in 607.2788 ms
2025-06-24 16:51:56 [main] INFO  c.fspann.api.ForwardSecureANNSystem - Insert complete for id=3cffbca6-ae3f-42e0-8c48-2a09d9248150 in 593.653 ms
2025-06-24 16:51:57 [main] INFO  c.fspann.api.ForwardSecureANNSystem - Insert complete for id=f914ea8b-9d55-475c-8335-ce02ea0a2590 in 598.2133 ms
2025-06-24 16:51:58 [main] INFO  c.fspann.api.ForwardSecureANNSystem - Insert complete for id=803451ab-8a4f-438e-a77a-a4a03b94dde1 in 595.6312 ms
2025-06-24 16:51:58 [main] INFO  c.fspann.api.ForwardSecureANNSystem - Insert complete for id=828e5b1b-c929-4443-9238-1f9872215b06 in 597.5316 ms
2025-06-24 16:51:59 [main] INFO  c.fspann.api.ForwardSecureANNSystem - Insert complete for id=8fd75f47-22ed-4383-bf21-d5ce9587cbe3 in 631.6946 ms
2025-06-24 16:51:59 [main] INFO  c.fspann.api.ForwardSecureANNSystem - Insert complete for id=1f097160-28be-47d2-9a1b-9c501bff277f in 596.5441 ms
2025-06-24 16:52:00 [main] INFO  c.fspann.api.ForwardSecureANNSystem - Insert complete for id=bac1053f-8eb9-4f84-add5-b247d9cb786f in 589.4094 ms
2025-06-24 16:52:01 [main] INFO  c.fspann.api.ForwardSecureANNSystem - Insert complete for id=f56bb7bc-f335-4010-b0f3-87e7bc9d55f1 in 576.6851 ms
2025-06-24 16:52:01 [main] INFO  c.fspann.api.ForwardSecureANNSystem - Insert complete for id=461d6039-1c0a-4d4b-b480-c4ff1eea4601 in 587.6266 ms
2025-06-24 16:52:02 [main] INFO  c.fspann.api.ForwardSecureANNSystem - Insert complete for id=a42dbd03-ed75-477e-a013-1f9797b91440 in 583.5566 ms
2025-06-24 16:52:02 [main] INFO  c.fspann.api.ForwardSecureANNSystem - Insert complete for id=82805efb-7215-46be-9135-341057753183 in 586.7727 ms
2025-06-24 16:52:03 [main] INFO  c.fspann.api.ForwardSecureANNSystem - Insert complete for id=a83f6bc5-e97e-4344-995a-494d9de6b72f in 580.9981 ms
2025-06-24 16:52:04 [main] INFO  c.fspann.api.ForwardSecureANNSystem - Insert complete for id=586d0ebe-e081-4782-b9cd-90c6dd642884 in 577.2516 ms
2025-06-24 16:52:04 [main] INFO  c.fspann.api.ForwardSecureANNSystem - Insert complete for id=a6e4cb21-cd65-4635-9378-5afdadb8df82 in 586.6169 ms
2025-06-24 16:52:05 [main] INFO  c.fspann.api.ForwardSecureANNSystem - Insert complete for id=e11c18ce-9799-42d4-8b45-d33c6cae88ac in 581.208 ms
2025-06-24 16:52:05 [main] INFO  c.fspann.api.ForwardSecureANNSystem - Insert complete for id=304b1fee-c090-44f9-8415-a420108f2ff2 in 592.6261 ms
2025-06-24 16:52:06 [main] INFO  c.fspann.api.ForwardSecureANNSystem - Insert complete for id=61642d1c-acf7-4e58-a71f-3d464870a5c5 in 586.2544 ms
2025-06-24 16:52:06 [main] INFO  c.fspann.api.ForwardSecureANNSystem - Insert complete for id=da57616d-2848-470f-828a-a7cf2ea9894b in 580.1688 ms
2025-06-24 16:52:07 [main] INFO  c.fspann.api.ForwardSecureANNSystem - Insert complete for id=f555eae6-344b-4228-b0c3-7df950c585b5 in 580.3277 ms
2025-06-24 16:52:08 [main] INFO  c.fspann.api.ForwardSecureANNSystem - Insert complete for id=9fef439e-aea6-4b67-b55e-ecd535fcac17 in 585.3553 ms
2025-06-24 16:52:08 [main] INFO  c.fspann.api.ForwardSecureANNSystem - Insert complete for id=17caecbe-f255-4337-9e45-d8c53e9d1f71 in 587.409 ms
2025-06-24 16:52:09 [main] INFO  c.fspann.api.ForwardSecureANNSystem - Insert complete for id=f6dbfefe-06a4-4960-a3c6-3caab936d76e in 614.6618 ms
2025-06-24 16:52:09 [main] INFO  c.fspann.api.ForwardSecureANNSystem - Insert complete for id=b77c030c-a255-4a13-b152-9ba00dcdf164 in 598.999 ms
2025-06-24 16:52:10 [main] INFO  c.fspann.api.ForwardSecureANNSystem - Insert complete for id=b2b98962-2adc-409f-aa5d-0bd34f81b2f5 in 591.2611 ms
2025-06-24 16:52:11 [main] INFO  c.fspann.api.ForwardSecureANNSystem - Insert complete for id=94b0a841-fe47-4ee7-895d-5d77b04b43c6 in 579.1193 ms
2025-06-24 16:52:11 [main] INFO  c.fspann.api.ForwardSecureANNSystem - Insert complete for id=b415923f-02db-40f5-acdb-eeb47b4cbe17 in 582.2942 ms
2025-06-24 16:52:12 [main] INFO  c.fspann.api.ForwardSecureANNSystem - Insert complete for id=07a6a16b-26ee-432f-8ac6-10e2e3f9e411 in 574.1107 ms
2025-06-24 16:52:12 [main] INFO  c.fspann.api.ForwardSecureANNSystem - Insert complete for id=a3d1a0d5-c7c7-4e84-82af-8ae13a3561fa in 581.1243 ms
2025-06-24 16:52:13 [main] INFO  c.fspann.api.ForwardSecureANNSystem - Insert complete for id=b4834a6c-401e-4bb4-80c0-5ee1bade9204 in 581.0277 ms
2025-06-24 16:52:14 [main] INFO  c.fspann.api.ForwardSecureANNSystem - Insert complete for id=daacca4c-a775-4bad-8cd6-ad8724ab4e95 in 588.3824 ms
2025-06-24 16:52:14 [main] INFO  c.fspann.api.ForwardSecureANNSystem - Insert complete for id=96dcf0d8-dd6b-46e4-a771-56e2bd6a63c7 in 589.2922 ms
2025-06-24 16:52:15 [main] INFO  c.fspann.api.ForwardSecureANNSystem - Insert complete for id=6179170d-4cb1-427e-bfdd-cfa45e059ec7 in 577.607 ms
2025-06-24 16:52:15 [main] INFO  c.fspann.api.ForwardSecureANNSystem - Insert complete for id=a646fe32-9765-4547-94d3-deca1d9b9824 in 570.6394 ms
2025-06-24 16:52:16 [main] INFO  c.fspann.api.ForwardSecureANNSystem - Insert complete for id=1050cfd8-e3b0-4b6b-be42-046ad344cd15 in 570.7464 ms
2025-06-24 16:52:16 [main] INFO  c.fspann.api.ForwardSecureANNSystem - Insert complete for id=f30749b9-abc9-45cd-8506-3285d67aee1f in 614.0071 ms
2025-06-24 16:52:17 [main] INFO  c.fspann.api.ForwardSecureANNSystem - Insert complete for id=12703f0b-13de-4b5d-aa82-867cfc6b8124 in 576.7949 ms
2025-06-24 16:52:18 [main] INFO  c.fspann.api.ForwardSecureANNSystem - Insert complete for id=c1822e4f-bf1c-4fa4-83f2-d65cc56bbbd4 in 579.9677 ms
2025-06-24 16:52:18 [main] INFO  c.fspann.api.ForwardSecureANNSystem - Insert complete for id=12648391-da08-4828-bedb-e10d2397d55a in 576.2628 ms
2025-06-24 16:52:19 [main] INFO  c.fspann.api.ForwardSecureANNSystem - Insert complete for id=7d36a05c-8b80-4919-a975-b74a3e9803f1 in 594.8823 ms
2025-06-24 16:52:19 [main] INFO  c.fspann.api.ForwardSecureANNSystem - Insert complete for id=a81bdce3-60de-457e-b68a-5a7d488cf9cc in 658.264 ms
2025-06-24 16:52:20 [main] INFO  c.fspann.api.ForwardSecureANNSystem - Insert complete for id=73b81cc9-bbda-48fe-aa36-c7c984dbf950 in 585.8736 ms
2025-06-24 16:52:21 [main] INFO  c.fspann.api.ForwardSecureANNSystem - Insert complete for id=104e61d0-74f3-40e6-aa48-95a41cfbdf25 in 594.3309 ms
2025-06-24 16:52:21 [main] INFO  c.fspann.api.ForwardSecureANNSystem - Insert complete for id=c4c8d066-3081-4720-9b7f-06549fa01144 in 574.7272 ms
2025-06-24 16:52:22 [main] INFO  c.fspann.api.ForwardSecureANNSystem - Insert complete for id=d263b9c6-a6ac-49cf-9f56-1617f9627b91 in 589.0245 ms
2025-06-24 16:52:22 [main] INFO  c.fspann.api.ForwardSecureANNSystem - Insert complete for id=d6593316-18ce-4c13-b4ca-dcfd9ac4a561 in 577.2253 ms
2025-06-24 16:52:23 [main] INFO  c.fspann.api.ForwardSecureANNSystem - Insert complete for id=896c04d4-831a-4b81-89eb-a6e8ef60f474 in 575.8327 ms
2025-06-24 16:52:24 [main] INFO  c.fspann.api.ForwardSecureANNSystem - Insert complete for id=ffc635d0-2830-4d88-b135-cac2f745cf11 in 581.9824 ms
2025-06-24 16:52:24 [main] INFO  c.fspann.api.ForwardSecureANNSystem - Insert complete for id=7cb7f2cd-a819-41b1-9461-578aad641934 in 610.9398 ms
2025-06-24 16:52:25 [main] INFO  c.fspann.api.ForwardSecureANNSystem - Insert complete for id=8676e0a8-2775-41f7-9282-f422b2e2a7db in 577.0569 ms
2025-06-24 16:52:25 [main] INFO  c.fspann.api.ForwardSecureANNSystem - Insert complete for id=6abe599c-72c9-40ff-aba5-13a563b1ec1c in 567.5824 ms
2025-06-24 16:52:26 [main] INFO  c.fspann.api.ForwardSecureANNSystem - Insert complete for id=99d02a19-d927-4920-aea5-064eb29baeea in 581.9621 ms
2025-06-24 16:52:26 [main] INFO  c.fspann.api.ForwardSecureANNSystem - Insert complete for id=a5beebb7-575a-4905-a3d1-f3b6d80df158 in 582.776 ms
2025-06-24 16:52:27 [main] INFO  c.fspann.api.ForwardSecureANNSystem - Insert complete for id=2c6d9196-cbea-4853-a4f4-57c725e3ee96 in 580.8466 ms
2025-06-24 16:52:28 [main] INFO  c.fspann.api.ForwardSecureANNSystem - Insert complete for id=2b01bae6-573e-4bb5-a387-e6ed6867baf9 in 579.6334 ms
2025-06-24 16:52:28 [main] INFO  c.fspann.api.ForwardSecureANNSystem - Insert complete for id=5f309732-542d-4690-8776-4bc28d27f045 in 575.8556 ms
2025-06-24 16:52:29 [main] INFO  c.fspann.api.ForwardSecureANNSystem - Insert complete for id=ca22120d-fd79-40d9-9393-606edab6f6fc in 576.8523 ms
2025-06-24 16:52:29 [main] INFO  c.fspann.api.ForwardSecureANNSystem - Insert complete for id=53166f1c-0fa5-45e6-8e76-52d4f9265e83 in 573.987 ms
2025-06-24 16:52:30 [main] INFO  c.fspann.api.ForwardSecureANNSystem - Insert complete for id=47a63999-9efb-4a10-9fd3-b3f6714ba2ca in 581.8796 ms
2025-06-24 16:52:30 [main] INFO  c.fspann.api.ForwardSecureANNSystem - Insert complete for id=4df5859b-d04d-4f6b-bedc-2af13139062c in 586.4724 ms
2025-06-24 16:52:31 [main] INFO  c.fspann.api.ForwardSecureANNSystem - Insert complete for id=e257a362-68cb-48b5-b442-4cf1d954fca3 in 581.0943 ms
2025-06-24 16:52:32 [main] INFO  c.fspann.api.ForwardSecureANNSystem - Insert complete for id=be554094-2b77-431a-b1f7-440fc142fd9c in 584.9534 ms
2025-06-24 16:52:32 [main] INFO  c.fspann.api.ForwardSecureANNSystem - Insert complete for id=bb2d39f3-2700-4fef-bc48-0183fe5896a9 in 585.4025 ms
2025-06-24 16:52:33 [main] INFO  c.fspann.api.ForwardSecureANNSystem - Insert complete for id=f5dd5a83-3b51-4dc1-8d93-59649f6d6af3 in 583.1602 ms
2025-06-24 16:52:33 [main] INFO  c.fspann.api.ForwardSecureANNSystem - Insert complete for id=1a025790-9c32-4c73-b138-665c536b5085 in 587.1218 ms
2025-06-24 16:52:34 [main] INFO  c.fspann.api.ForwardSecureANNSystem - Insert complete for id=0ccce655-c711-4279-abfc-f1583ee512df in 594.0258 ms
2025-06-24 16:52:35 [main] INFO  c.fspann.api.ForwardSecureANNSystem - Insert complete for id=1af7bf80-c44a-4bf1-bf9e-7cea56795850 in 588.2561 ms
2025-06-24 16:52:35 [main] INFO  c.fspann.api.ForwardSecureANNSystem - Insert complete for id=32f920c7-420c-44c2-a09f-af29e6961ae2 in 601.8615 ms
2025-06-24 16:52:36 [main] INFO  c.fspann.api.ForwardSecureANNSystem - Insert complete for id=57a0fd47-dd0b-41a2-8fa0-30a6a23c81ff in 631.2288 ms
2025-06-24 16:52:36 [main] INFO  c.fspann.api.ForwardSecureANNSystem - Insert complete for id=35726a3e-23da-4a9c-af47-46ae02392ef7 in 602.4375 ms
2025-06-24 16:52:37 [main] INFO  c.fspann.api.ForwardSecureANNSystem - Insert complete for id=f666cb76-6ec5-4f1e-9347-bbb4007c0a3a in 603.3394 ms
2025-06-24 16:52:38 [main] INFO  c.fspann.api.ForwardSecureANNSystem - Insert complete for id=a117bc31-0019-4d1f-b5a3-e3aa2d076aff in 599.4705 ms
2025-06-24 16:52:38 [main] INFO  c.fspann.api.ForwardSecureANNSystem - Insert complete for id=f859b3e0-f0e6-4ed0-9be7-49008c49cab2 in 587.6387 ms
2025-06-24 16:52:39 [main] INFO  c.fspann.api.ForwardSecureANNSystem - Insert complete for id=74532c98-d30a-49db-9fd9-2123dedd63a9 in 621.8568 ms
2025-06-24 16:52:39 [main] INFO  c.fspann.api.ForwardSecureANNSystem - Insert complete for id=b23ff3bf-bd71-4d48-b34f-ba5abd645242 in 577.705 ms
2025-06-24 16:52:40 [main] INFO  c.fspann.api.ForwardSecureANNSystem - Insert complete for id=b1b695af-1526-49a2-a73f-849956dfa588 in 573.2427 ms
2025-06-24 16:52:41 [main] INFO  c.fspann.api.ForwardSecureANNSystem - Insert complete for id=7a971d54-647d-413b-83f3-6600d4fb057c in 574.2452 ms
2025-06-24 16:52:41 [main] INFO  c.fspann.api.ForwardSecureANNSystem - Insert complete for id=3c1d3df0-ddf7-4d1e-acd1-b367e28e2e7c in 604.4378 ms
2025-06-24 16:52:42 [main] INFO  c.fspann.api.ForwardSecureANNSystem - Insert complete for id=79794cda-6a7c-4eb3-9afa-ba13c21cb542 in 631.7672 ms
2025-06-24 16:52:42 [main] INFO  c.fspann.api.ForwardSecureANNSystem - Insert complete for id=9efd7432-6581-469d-b1fc-dd6d131355c2 in 604.7809 ms
2025-06-24 16:52:43 [main] INFO  c.fspann.api.ForwardSecureANNSystem - Insert complete for id=fef89eb2-d3ee-43df-83cf-e8d2fbec5c86 in 580.9859 ms
2025-06-24 16:52:44 [main] INFO  c.fspann.api.ForwardSecureANNSystem - Insert complete for id=6863ff8f-1cb0-46e3-bd9a-f054fc622921 in 586.6533 ms
2025-06-24 16:52:44 [main] INFO  c.fspann.api.ForwardSecureANNSystem - Insert complete for id=f18c70e8-cd87-46ec-a7ee-34911eb0c7ec in 581.219 ms
2025-06-24 16:52:45 [main] INFO  c.fspann.api.ForwardSecureANNSystem - Insert complete for id=723637a8-e274-460b-ba04-8e1053bc040f in 613.2952 ms
2025-06-24 16:52:45 [main] INFO  c.fspann.api.ForwardSecureANNSystem - Insert complete for id=2581bfd4-32e0-4b14-a0f3-a916ee3c2f75 in 631.5827 ms
2025-06-24 16:52:46 [main] INFO  c.fspann.api.ForwardSecureANNSystem - Insert complete for id=1c4b9c9e-8ad6-4ddb-bfeb-1ab467d8ae5f in 593.832 ms
2025-06-24 16:52:47 [main] INFO  c.fspann.api.ForwardSecureANNSystem - Insert complete for id=ee1f8c0b-d3aa-417a-88b9-66b1df99ba86 in 599.9049 ms
2025-06-24 16:52:47 [main] INFO  c.fspann.api.ForwardSecureANNSystem - Insert complete for id=5d7bc161-8eda-4665-bb6e-8280f947b429 in 662.9326 ms
2025-06-24 16:52:48 [main] INFO  c.fspann.api.ForwardSecureANNSystem - Insert complete for id=15d5d862-b213-4b23-87ad-f94a26268115 in 585.7464 ms
2025-06-24 16:52:48 [main] INFO  c.fspann.api.ForwardSecureANNSystem - Insert complete for id=0ec109cd-a49e-43a8-bed3-01063fc3d4e5 in 594.0798 ms
2025-06-24 16:52:49 [main] INFO  c.fspann.api.ForwardSecureANNSystem - Insert complete for id=d88cc511-634b-4036-aff4-7ebaab55133a in 616.9022 ms
2025-06-24 16:52:50 [main] INFO  c.fspann.api.ForwardSecureANNSystem - Insert complete for id=ee22284f-e238-4134-af4e-96b151cb7220 in 589.2096 ms
2025-06-24 16:52:50 [main] INFO  c.fspann.api.ForwardSecureANNSystem - Insert complete for id=ba62bfd9-2d5f-42d3-a113-0fb5e714c8ba in 589.9044 ms
2025-06-24 16:52:51 [main] INFO  c.fspann.api.ForwardSecureANNSystem - Insert complete for id=ecde3346-4f42-45e7-a677-deaeeeba8f8f in 591.6775 ms
2025-06-24 16:52:51 [main] INFO  c.fspann.api.ForwardSecureANNSystem - Insert complete for id=70a36cf9-b28a-4654-aa1a-077445524c53 in 607.3093 ms
2025-06-24 16:52:52 [main] INFO  c.fspann.api.ForwardSecureANNSystem - Insert complete for id=a8e0cbf6-cd95-4df2-a40e-5a592eeaa2fc in 593.2409 ms
2025-06-24 16:52:53 [main] INFO  c.fspann.api.ForwardSecureANNSystem - Insert complete for id=52ba593f-3f7f-4f8a-b8d3-b32fdab2ddf4 in 600.3141 ms
2025-06-24 16:52:53 [main] INFO  c.fspann.api.ForwardSecureANNSystem - Insert complete for id=5c0ebbb9-8373-4820-bd8b-ebdda13a94bc in 610.3035 ms
2025-06-24 16:52:54 [main] INFO  c.fspann.api.ForwardSecureANNSystem - Insert complete for id=2884dcfe-96ea-4e8a-9f26-109762a23be2 in 630.0809 ms
2025-06-24 16:52:54 [main] INFO  c.fspann.api.ForwardSecureANNSystem - Insert complete for id=d3dc0b8f-8aea-497d-bba2-b3d22b6813ff in 622.2713 ms
2025-06-24 16:52:55 [main] INFO  c.fspann.api.ForwardSecureANNSystem - Insert complete for id=e258158d-c8b9-4e10-997c-e6deb93e5256 in 623.8255 ms
2025-06-24 16:52:56 [main] INFO  c.fspann.api.ForwardSecureANNSystem - Insert complete for id=11637b92-a0d5-4fba-beb3-7899523e4522 in 599.3527 ms
2025-06-24 16:52:56 [main] INFO  c.fspann.api.ForwardSecureANNSystem - Insert complete for id=257313fe-db34-4bf5-8ab6-308c319577b5 in 686.5202 ms
2025-06-24 16:52:57 [main] INFO  c.fspann.api.ForwardSecureANNSystem - Insert complete for id=ecee994d-c13e-4d89-a724-a8e0a2660ae0 in 614.3787 ms
2025-06-24 16:52:58 [main] INFO  c.fspann.api.ForwardSecureANNSystem - Insert complete for id=e03d410a-bdea-4c7e-a14b-87d5522512a5 in 602.4946 ms
2025-06-24 16:52:58 [main] INFO  c.fspann.api.ForwardSecureANNSystem - Insert complete for id=f2863485-4d1f-4f5e-b149-7f662074deeb in 596.7386 ms
2025-06-24 16:52:59 [main] INFO  c.fspann.api.ForwardSecureANNSystem - Insert complete for id=83d50be0-11d1-41ae-889c-7ce513d52b40 in 610.7004 ms
2025-06-24 16:52:59 [main] INFO  c.fspann.api.ForwardSecureANNSystem - Insert complete for id=8f3cf897-bc53-4e52-b384-71e460805b90 in 595.5219 ms
2025-06-24 16:53:00 [main] INFO  c.fspann.api.ForwardSecureANNSystem - Insert complete for id=0f50d065-d91e-435a-8e41-b4f5bd17418f in 604.4543 ms
2025-06-24 16:53:01 [main] INFO  c.fspann.api.ForwardSecureANNSystem - Insert complete for id=56b8cfb4-cbe0-4c9a-bb33-6503cc7c965c in 586.9937 ms
2025-06-24 16:53:01 [main] INFO  c.fspann.api.ForwardSecureANNSystem - Insert complete for id=60c46c95-7291-4ccf-b433-1d86fc9164c9 in 587.8711 ms
2025-06-24 16:53:02 [main] INFO  c.fspann.api.ForwardSecureANNSystem - Insert complete for id=e4142f32-52c1-4603-a33c-6c526dd7fddf in 582.5973 ms
2025-06-24 16:53:02 [main] INFO  c.fspann.api.ForwardSecureANNSystem - Insert complete for id=c310e370-2fb8-433e-bd75-711e410791b9 in 598.5647 ms
2025-06-24 16:53:03 [main] INFO  c.fspann.api.ForwardSecureANNSystem - Insert complete for id=9782d523-10b4-4b42-b4bb-8ba382511f3b in 585.9902 ms
2025-06-24 16:53:04 [main] INFO  c.fspann.api.ForwardSecureANNSystem - Insert complete for id=6737450f-f535-435b-9f94-a3d102c9132d in 625.7849 ms
2025-06-24 16:53:04 [main] INFO  c.fspann.api.ForwardSecureANNSystem - Insert complete for id=5177c781-b5e2-4da9-83bf-c41c29d4a884 in 638.3665 ms
2025-06-24 16:53:05 [main] INFO  c.fspann.api.ForwardSecureANNSystem - Insert complete for id=b8e9212e-c577-4127-9319-5438e13464a3 in 715.8428 ms
2025-06-24 16:53:06 [main] INFO  c.fspann.api.ForwardSecureANNSystem - Insert complete for id=e2f64d6f-8bfd-4145-b782-ea006e99f22b in 608.9012 ms
2025-06-24 16:53:06 [main] INFO  c.f.a.ForwardSecureANNSystemPerformanceIntegrationTest - Average insert latency: 679.3033959 ms
2025-06-24 16:53:06 [main] INFO  c.fspann.api.ForwardSecureANNSystem - Cloaked query returned 5 results
2025-06-24 16:53:06 [main] INFO  c.fspann.api.ForwardSecureANNSystem - Cloaked query returned 5 results
2025-06-24 16:53:06 [main] INFO  c.fspann.api.ForwardSecureANNSystem - Cloaked query returned 5 results
2025-06-24 16:53:06 [main] INFO  c.fspann.api.ForwardSecureANNSystem - Cloaked query returned 5 results
2025-06-24 16:53:06 [main] INFO  c.fspann.api.ForwardSecureANNSystem - Cloaked query returned 5 results
2025-06-24 16:53:06 [main] INFO  c.fspann.api.ForwardSecureANNSystem - Cloaked query returned 5 results
2025-06-24 16:53:06 [main] INFO  c.fspann.api.ForwardSecureANNSystem - Cloaked query returned 5 results
2025-06-24 16:53:06 [main] INFO  c.fspann.api.ForwardSecureANNSystem - Cloaked query returned 5 results
2025-06-24 16:53:06 [main] INFO  c.fspann.api.ForwardSecureANNSystem - Cloaked query returned 5 results
2025-06-24 16:53:06 [main] INFO  c.fspann.api.ForwardSecureANNSystem - Cloaked query returned 5 results
2025-06-24 16:53:06 [main] INFO  c.fspann.api.ForwardSecureANNSystem - Cloaked query returned 5 results
2025-06-24 16:53:06 [main] INFO  c.fspann.api.ForwardSecureANNSystem - Cloaked query returned 5 results
2025-06-24 16:53:06 [main] INFO  c.fspann.api.ForwardSecureANNSystem - Cloaked query returned 5 results
2025-06-24 16:53:06 [main] INFO  c.fspann.api.ForwardSecureANNSystem - Cloaked query returned 5 results
2025-06-24 16:53:06 [main] INFO  c.fspann.api.ForwardSecureANNSystem - Cloaked query returned 5 results
2025-06-24 16:53:06 [main] INFO  c.fspann.api.ForwardSecureANNSystem - Cloaked query returned 5 results
2025-06-24 16:53:06 [main] INFO  c.fspann.api.ForwardSecureANNSystem - Cloaked query returned 5 results
2025-06-24 16:53:06 [main] INFO  c.fspann.api.ForwardSecureANNSystem - Cloaked query returned 5 results
2025-06-24 16:53:06 [main] INFO  c.fspann.api.ForwardSecureANNSystem - Cloaked query returned 5 results
2025-06-24 16:53:06 [main] INFO  c.fspann.api.ForwardSecureANNSystem - Cloaked query returned 5 results
2025-06-24 16:53:06 [main] INFO  c.fspann.api.ForwardSecureANNSystem - Cloaked query returned 5 results
2025-06-24 16:53:06 [main] INFO  c.fspann.api.ForwardSecureANNSystem - Cloaked query returned 5 results
2025-06-24 16:53:06 [main] INFO  c.fspann.api.ForwardSecureANNSystem - Cloaked query returned 5 results
2025-06-24 16:53:06 [main] INFO  c.fspann.api.ForwardSecureANNSystem - Cloaked query returned 5 results
2025-06-24 16:53:06 [main] INFO  c.fspann.api.ForwardSecureANNSystem - Cloaked query returned 5 results
2025-06-24 16:53:06 [main] INFO  c.fspann.api.ForwardSecureANNSystem - Cloaked query returned 5 results
2025-06-24 16:53:06 [main] INFO  c.fspann.api.ForwardSecureANNSystem - Cloaked query returned 5 results
2025-06-24 16:53:06 [main] INFO  c.fspann.api.ForwardSecureANNSystem - Cloaked query returned 5 results
2025-06-24 16:53:06 [main] INFO  c.fspann.api.ForwardSecureANNSystem - Cloaked query returned 5 results
2025-06-24 16:53:06 [main] INFO  c.fspann.api.ForwardSecureANNSystem - Cloaked query returned 5 results
2025-06-24 16:53:06 [main] INFO  c.fspann.api.ForwardSecureANNSystem - Cloaked query returned 5 results
2025-06-24 16:53:06 [main] INFO  c.fspann.api.ForwardSecureANNSystem - Cloaked query returned 5 results
2025-06-24 16:53:06 [main] INFO  c.fspann.api.ForwardSecureANNSystem - Cloaked query returned 5 results
2025-06-24 16:53:06 [main] INFO  c.fspann.api.ForwardSecureANNSystem - Cloaked query returned 5 results
2025-06-24 16:53:06 [main] INFO  c.fspann.api.ForwardSecureANNSystem - Cloaked query returned 5 results
2025-06-24 16:53:06 [main] INFO  c.fspann.api.ForwardSecureANNSystem - Cloaked query returned 5 results
2025-06-24 16:53:06 [main] INFO  c.fspann.api.ForwardSecureANNSystem - Cloaked query returned 5 results
2025-06-24 16:53:06 [main] INFO  c.fspann.api.ForwardSecureANNSystem - Cloaked query returned 5 results
2025-06-24 16:53:06 [main] INFO  c.fspann.api.ForwardSecureANNSystem - Cloaked query returned 5 results
2025-06-24 16:53:06 [main] INFO  c.fspann.api.ForwardSecureANNSystem - Cloaked query returned 5 results
2025-06-24 16:53:06 [main] INFO  c.fspann.api.ForwardSecureANNSystem - Cloaked query returned 5 results
2025-06-24 16:53:06 [main] INFO  c.fspann.api.ForwardSecureANNSystem - Cloaked query returned 5 results
2025-06-24 16:53:06 [main] INFO  c.fspann.api.ForwardSecureANNSystem - Cloaked query returned 5 results
2025-06-24 16:53:06 [main] INFO  c.fspann.api.ForwardSecureANNSystem - Cloaked query returned 5 results
2025-06-24 16:53:06 [main] INFO  c.fspann.api.ForwardSecureANNSystem - Cloaked query returned 5 results
2025-06-24 16:53:06 [main] INFO  c.fspann.api.ForwardSecureANNSystem - Cloaked query returned 5 results
2025-06-24 16:53:06 [main] INFO  c.fspann.api.ForwardSecureANNSystem - Cloaked query returned 5 results
2025-06-24 16:53:06 [main] INFO  c.fspann.api.ForwardSecureANNSystem - Cloaked query returned 5 results
2025-06-24 16:53:06 [main] INFO  c.fspann.api.ForwardSecureANNSystem - Cloaked query returned 5 results
2025-06-24 16:53:06 [main] INFO  c.fspann.api.ForwardSecureANNSystem - Cloaked query returned 5 results
2025-06-24 16:53:06 [main] INFO  c.fspann.api.ForwardSecureANNSystem - Cloaked query returned 5 results
2025-06-24 16:53:06 [main] INFO  c.fspann.api.ForwardSecureANNSystem - Cloaked query returned 5 results
2025-06-24 16:53:06 [main] INFO  c.fspann.api.ForwardSecureANNSystem - Cloaked query returned 5 results
2025-06-24 16:53:06 [main] INFO  c.fspann.api.ForwardSecureANNSystem - Cloaked query returned 5 results
2025-06-24 16:53:06 [main] INFO  c.fspann.api.ForwardSecureANNSystem - Cloaked query returned 5 results
2025-06-24 16:53:06 [main] INFO  c.fspann.api.ForwardSecureANNSystem - Cloaked query returned 5 results
2025-06-24 16:53:06 [main] INFO  c.fspann.api.ForwardSecureANNSystem - Cloaked query returned 5 results
2025-06-24 16:53:06 [main] INFO  c.fspann.api.ForwardSecureANNSystem - Cloaked query returned 5 results
2025-06-24 16:53:06 [main] INFO  c.fspann.api.ForwardSecureANNSystem - Cloaked query returned 5 results
2025-06-24 16:53:06 [main] INFO  c.fspann.api.ForwardSecureANNSystem - Cloaked query returned 5 results
2025-06-24 16:53:06 [main] INFO  c.fspann.api.ForwardSecureANNSystem - Cloaked query returned 5 results
2025-06-24 16:53:06 [main] INFO  c.fspann.api.ForwardSecureANNSystem - Cloaked query returned 5 results
2025-06-24 16:53:06 [main] INFO  c.fspann.api.ForwardSecureANNSystem - Cloaked query returned 5 results
2025-06-24 16:53:06 [main] INFO  c.fspann.api.ForwardSecureANNSystem - Cloaked query returned 5 results
2025-06-24 16:53:06 [main] INFO  c.fspann.api.ForwardSecureANNSystem - Cloaked query returned 5 results
2025-06-24 16:53:06 [main] INFO  c.fspann.api.ForwardSecureANNSystem - Cloaked query returned 5 results
2025-06-24 16:53:06 [main] INFO  c.fspann.api.ForwardSecureANNSystem - Cloaked query returned 5 results
2025-06-24 16:53:06 [main] INFO  c.fspann.api.ForwardSecureANNSystem - Cloaked query returned 5 results
2025-06-24 16:53:06 [main] INFO  c.fspann.api.ForwardSecureANNSystem - Cloaked query returned 5 results
2025-06-24 16:53:06 [main] INFO  c.fspann.api.ForwardSecureANNSystem - Cloaked query returned 5 results
2025-06-24 16:53:06 [main] INFO  c.fspann.api.ForwardSecureANNSystem - Cloaked query returned 5 results
2025-06-24 16:53:06 [main] INFO  c.fspann.api.ForwardSecureANNSystem - Cloaked query returned 5 results
2025-06-24 16:53:06 [main] INFO  c.fspann.api.ForwardSecureANNSystem - Cloaked query returned 5 results
2025-06-24 16:53:06 [main] INFO  c.fspann.api.ForwardSecureANNSystem - Cloaked query returned 5 results
2025-06-24 16:53:06 [main] INFO  c.fspann.api.ForwardSecureANNSystem - Cloaked query returned 5 results
2025-06-24 16:53:06 [main] INFO  c.fspann.api.ForwardSecureANNSystem - Cloaked query returned 5 results
2025-06-24 16:53:06 [main] INFO  c.fspann.api.ForwardSecureANNSystem - Cloaked query returned 5 results
2025-06-24 16:53:06 [main] INFO  c.fspann.api.ForwardSecureANNSystem - Cloaked query returned 5 results
2025-06-24 16:53:06 [main] INFO  c.fspann.api.ForwardSecureANNSystem - Cloaked query returned 5 results
2025-06-24 16:53:06 [main] INFO  c.fspann.api.ForwardSecureANNSystem - Cloaked query returned 5 results
2025-06-24 16:53:06 [main] INFO  c.fspann.api.ForwardSecureANNSystem - Cloaked query returned 5 results
2025-06-24 16:53:06 [main] INFO  c.fspann.api.ForwardSecureANNSystem - Cloaked query returned 5 results
2025-06-24 16:53:06 [main] INFO  c.fspann.api.ForwardSecureANNSystem - Cloaked query returned 5 results
2025-06-24 16:53:06 [main] INFO  c.fspann.api.ForwardSecureANNSystem - Cloaked query returned 5 results
2025-06-24 16:53:06 [main] INFO  c.fspann.api.ForwardSecureANNSystem - Cloaked query returned 5 results
2025-06-24 16:53:06 [main] INFO  c.fspann.api.ForwardSecureANNSystem - Cloaked query returned 5 results
2025-06-24 16:53:06 [main] INFO  c.fspann.api.ForwardSecureANNSystem - Cloaked query returned 5 results
2025-06-24 16:53:06 [main] INFO  c.fspann.api.ForwardSecureANNSystem - Cloaked query returned 5 results
2025-06-24 16:53:06 [main] INFO  c.fspann.api.ForwardSecureANNSystem - Cloaked query returned 5 results
2025-06-24 16:53:06 [main] INFO  c.fspann.api.ForwardSecureANNSystem - Cloaked query returned 5 results
2025-06-24 16:53:06 [main] INFO  c.fspann.api.ForwardSecureANNSystem - Cloaked query returned 5 results
2025-06-24 16:53:06 [main] INFO  c.fspann.api.ForwardSecureANNSystem - Cloaked query returned 5 results
2025-06-24 16:53:06 [main] INFO  c.fspann.api.ForwardSecureANNSystem - Cloaked query returned 5 results
2025-06-24 16:53:06 [main] INFO  c.fspann.api.ForwardSecureANNSystem - Cloaked query returned 5 results
2025-06-24 16:53:06 [main] INFO  c.fspann.api.ForwardSecureANNSystem - Cloaked query returned 5 results
2025-06-24 16:53:06 [main] INFO  c.fspann.api.ForwardSecureANNSystem - Cloaked query returned 5 results
2025-06-24 16:53:06 [main] INFO  c.fspann.api.ForwardSecureANNSystem - Cloaked query returned 5 results
2025-06-24 16:53:06 [main] INFO  c.fspann.api.ForwardSecureANNSystem - Cloaked query returned 5 results
2025-06-24 16:53:06 [main] INFO  c.fspann.api.ForwardSecureANNSystem - Cloaked query returned 5 results
2025-06-24 16:53:06 [main] INFO  c.fspann.api.ForwardSecureANNSystem - Cloaked query returned 5 results
2025-06-24 16:53:06 [main] INFO  c.fspann.api.ForwardSecureANNSystem - Cloaked query returned 5 results
2025-06-24 16:53:06 [main] INFO  c.fspann.api.ForwardSecureANNSystem - Cloaked query returned 5 results
2025-06-24 16:53:06 [main] INFO  c.fspann.api.ForwardSecureANNSystem - Cloaked query returned 5 results
2025-06-24 16:53:06 [main] INFO  c.fspann.api.ForwardSecureANNSystem - Cloaked query returned 5 results
2025-06-24 16:53:06 [main] INFO  c.fspann.api.ForwardSecureANNSystem - Cloaked query returned 5 results
2025-06-24 16:53:06 [main] INFO  c.fspann.api.ForwardSecureANNSystem - Cloaked query returned 5 results
2025-06-24 16:53:06 [main] INFO  c.fspann.api.ForwardSecureANNSystem - Cloaked query returned 5 results
2025-06-24 16:53:06 [main] INFO  c.fspann.api.ForwardSecureANNSystem - Cloaked query returned 5 results
2025-06-24 16:53:06 [main] INFO  c.fspann.api.ForwardSecureANNSystem - Cloaked query returned 5 results
2025-06-24 16:53:06 [main] INFO  c.fspann.api.ForwardSecureANNSystem - Cloaked query returned 5 results
2025-06-24 16:53:06 [main] INFO  c.fspann.api.ForwardSecureANNSystem - Cloaked query returned 5 results
2025-06-24 16:53:06 [main] INFO  c.fspann.api.ForwardSecureANNSystem - Cloaked query returned 5 results
2025-06-24 16:53:06 [main] INFO  c.fspann.api.ForwardSecureANNSystem - Cloaked query returned 5 results
2025-06-24 16:53:06 [main] INFO  c.fspann.api.ForwardSecureANNSystem - Cloaked query returned 5 results
2025-06-24 16:53:06 [main] INFO  c.fspann.api.ForwardSecureANNSystem - Cloaked query returned 5 results
2025-06-24 16:53:06 [main] INFO  c.fspann.api.ForwardSecureANNSystem - Cloaked query returned 5 results
2025-06-24 16:53:06 [main] INFO  c.fspann.api.ForwardSecureANNSystem - Cloaked query returned 5 results
2025-06-24 16:53:06 [main] INFO  c.fspann.api.ForwardSecureANNSystem - Cloaked query returned 5 results
2025-06-24 16:53:06 [main] INFO  c.fspann.api.ForwardSecureANNSystem - Cloaked query returned 5 results
2025-06-24 16:53:06 [main] INFO  c.fspann.api.ForwardSecureANNSystem - Cloaked query returned 5 results
2025-06-24 16:53:06 [main] INFO  c.fspann.api.ForwardSecureANNSystem - Cloaked query returned 5 results
2025-06-24 16:53:06 [main] INFO  c.fspann.api.ForwardSecureANNSystem - Cloaked query returned 5 results
2025-06-24 16:53:06 [main] INFO  c.fspann.api.ForwardSecureANNSystem - Cloaked query returned 5 results
2025-06-24 16:53:06 [main] INFO  c.fspann.api.ForwardSecureANNSystem - Cloaked query returned 5 results
2025-06-24 16:53:06 [main] INFO  c.fspann.api.ForwardSecureANNSystem - Cloaked query returned 5 results
2025-06-24 16:53:06 [main] INFO  c.fspann.api.ForwardSecureANNSystem - Cloaked query returned 5 results
2025-06-24 16:53:06 [main] INFO  c.fspann.api.ForwardSecureANNSystem - Cloaked query returned 5 results
2025-06-24 16:53:06 [main] INFO  c.fspann.api.ForwardSecureANNSystem - Cloaked query returned 5 results
2025-06-24 16:53:06 [main] INFO  c.fspann.api.ForwardSecureANNSystem - Cloaked query returned 5 results
2025-06-24 16:53:06 [main] INFO  c.fspann.api.ForwardSecureANNSystem - Cloaked query returned 5 results
2025-06-24 16:53:06 [main] INFO  c.fspann.api.ForwardSecureANNSystem - Cloaked query returned 5 results
2025-06-24 16:53:06 [main] INFO  c.fspann.api.ForwardSecureANNSystem - Cloaked query returned 5 results
2025-06-24 16:53:06 [main] INFO  c.fspann.api.ForwardSecureANNSystem - Cloaked query returned 5 results
2025-06-24 16:53:06 [main] INFO  c.fspann.api.ForwardSecureANNSystem - Cloaked query returned 5 results
2025-06-24 16:53:06 [main] INFO  c.fspann.api.ForwardSecureANNSystem - Cloaked query returned 5 results
2025-06-24 16:53:06 [main] INFO  c.fspann.api.ForwardSecureANNSystem - Cloaked query returned 5 results
2025-06-24 16:53:06 [main] INFO  c.fspann.api.ForwardSecureANNSystem - Cloaked query returned 5 results
2025-06-24 16:53:06 [main] INFO  c.fspann.api.ForwardSecureANNSystem - Cloaked query returned 5 results
2025-06-24 16:53:06 [main] INFO  c.fspann.api.ForwardSecureANNSystem - Cloaked query returned 5 results
2025-06-24 16:53:06 [main] INFO  c.fspann.api.ForwardSecureANNSystem - Cloaked query returned 5 results
2025-06-24 16:53:06 [main] INFO  c.fspann.api.ForwardSecureANNSystem - Cloaked query returned 5 results
2025-06-24 16:53:06 [main] INFO  c.fspann.api.ForwardSecureANNSystem - Cloaked query returned 5 results
2025-06-24 16:53:06 [main] INFO  c.fspann.api.ForwardSecureANNSystem - Cloaked query returned 5 results
2025-06-24 16:53:06 [main] INFO  c.fspann.api.ForwardSecureANNSystem - Cloaked query returned 5 results
2025-06-24 16:53:06 [main] INFO  c.fspann.api.ForwardSecureANNSystem - Cloaked query returned 5 results
2025-06-24 16:53:06 [main] INFO  c.fspann.api.ForwardSecureANNSystem - Cloaked query returned 5 results
2025-06-24 16:53:06 [main] INFO  c.fspann.api.ForwardSecureANNSystem - Cloaked query returned 5 results
2025-06-24 16:53:06 [main] INFO  c.fspann.api.ForwardSecureANNSystem - Cloaked query returned 5 results
2025-06-24 16:53:06 [main] INFO  c.fspann.api.ForwardSecureANNSystem - Cloaked query returned 5 results
2025-06-24 16:53:06 [main] INFO  c.fspann.api.ForwardSecureANNSystem - Cloaked query returned 5 results
2025-06-24 16:53:06 [main] INFO  c.fspann.api.ForwardSecureANNSystem - Cloaked query returned 5 results
2025-06-24 16:53:06 [main] INFO  c.fspann.api.ForwardSecureANNSystem - Cloaked query returned 5 results
2025-06-24 16:53:06 [main] INFO  c.fspann.api.ForwardSecureANNSystem - Cloaked query returned 5 results
2025-06-24 16:53:06 [main] INFO  c.fspann.api.ForwardSecureANNSystem - Cloaked query returned 5 results
2025-06-24 16:53:06 [main] INFO  c.fspann.api.ForwardSecureANNSystem - Cloaked query returned 5 results
2025-06-24 16:53:06 [main] INFO  c.fspann.api.ForwardSecureANNSystem - Cloaked query returned 5 results
2025-06-24 16:53:06 [main] INFO  c.fspann.api.ForwardSecureANNSystem - Cloaked query returned 5 results
2025-06-24 16:53:06 [main] INFO  c.fspann.api.ForwardSecureANNSystem - Cloaked query returned 5 results
2025-06-24 16:53:06 [main] INFO  c.fspann.api.ForwardSecureANNSystem - Cloaked query returned 5 results
2025-06-24 16:53:06 [main] INFO  c.fspann.api.ForwardSecureANNSystem - Cloaked query returned 5 results
2025-06-24 16:53:06 [main] INFO  c.fspann.api.ForwardSecureANNSystem - Cloaked query returned 5 results
2025-06-24 16:53:06 [main] INFO  c.fspann.api.ForwardSecureANNSystem - Cloaked query returned 5 results
2025-06-24 16:53:06 [main] INFO  c.fspann.api.ForwardSecureANNSystem - Cloaked query returned 5 results
2025-06-24 16:53:06 [main] INFO  c.fspann.api.ForwardSecureANNSystem - Cloaked query returned 5 results
2025-06-24 16:53:06 [main] INFO  c.fspann.api.ForwardSecureANNSystem - Cloaked query returned 5 results
2025-06-24 16:53:06 [main] INFO  c.fspann.api.ForwardSecureANNSystem - Cloaked query returned 5 results
2025-06-24 16:53:06 [main] INFO  c.fspann.api.ForwardSecureANNSystem - Cloaked query returned 5 results
2025-06-24 16:53:06 [main] INFO  c.fspann.api.ForwardSecureANNSystem - Cloaked query returned 5 results
2025-06-24 16:53:06 [main] INFO  c.fspann.api.ForwardSecureANNSystem - Cloaked query returned 5 results
2025-06-24 16:53:06 [main] INFO  c.fspann.api.ForwardSecureANNSystem - Cloaked query returned 5 results
2025-06-24 16:53:06 [main] INFO  c.fspann.api.ForwardSecureANNSystem - Cloaked query returned 5 results
2025-06-24 16:53:06 [main] INFO  c.fspann.api.ForwardSecureANNSystem - Cloaked query returned 5 results
2025-06-24 16:53:06 [main] INFO  c.fspann.api.ForwardSecureANNSystem - Cloaked query returned 5 results
2025-06-24 16:53:06 [main] INFO  c.fspann.api.ForwardSecureANNSystem - Cloaked query returned 5 results
2025-06-24 16:53:06 [main] INFO  c.fspann.api.ForwardSecureANNSystem - Cloaked query returned 5 results
2025-06-24 16:53:06 [main] INFO  c.fspann.api.ForwardSecureANNSystem - Cloaked query returned 5 results
2025-06-24 16:53:06 [main] INFO  c.fspann.api.ForwardSecureANNSystem - Cloaked query returned 5 results
2025-06-24 16:53:06 [main] INFO  c.fspann.api.ForwardSecureANNSystem - Cloaked query returned 5 results
2025-06-24 16:53:06 [main] INFO  c.fspann.api.ForwardSecureANNSystem - Cloaked query returned 5 results
2025-06-24 16:53:06 [main] INFO  c.fspann.api.ForwardSecureANNSystem - Cloaked query returned 5 results
2025-06-24 16:53:06 [main] INFO  c.fspann.api.ForwardSecureANNSystem - Cloaked query returned 5 results
2025-06-24 16:53:06 [main] INFO  c.fspann.api.ForwardSecureANNSystem - Cloaked query returned 5 results
2025-06-24 16:53:06 [main] INFO  c.fspann.api.ForwardSecureANNSystem - Cloaked query returned 5 results
2025-06-24 16:53:06 [main] INFO  c.fspann.api.ForwardSecureANNSystem - Cloaked query returned 5 results
2025-06-24 16:53:06 [main] INFO  c.fspann.api.ForwardSecureANNSystem - Cloaked query returned 5 results
2025-06-24 16:53:06 [main] INFO  c.fspann.api.ForwardSecureANNSystem - Cloaked query returned 5 results
2025-06-24 16:53:06 [main] INFO  c.fspann.api.ForwardSecureANNSystem - Cloaked query returned 5 results
2025-06-24 16:53:06 [main] INFO  c.fspann.api.ForwardSecureANNSystem - Cloaked query returned 5 results
2025-06-24 16:53:06 [main] INFO  c.fspann.api.ForwardSecureANNSystem - Cloaked query returned 5 results
2025-06-24 16:53:06 [main] INFO  c.fspann.api.ForwardSecureANNSystem - Cloaked query returned 5 results
2025-06-24 16:53:06 [main] INFO  c.fspann.api.ForwardSecureANNSystem - Cloaked query returned 5 results
2025-06-24 16:53:06 [main] INFO  c.fspann.api.ForwardSecureANNSystem - Cloaked query returned 5 results
2025-06-24 16:53:06 [main] INFO  c.fspann.api.ForwardSecureANNSystem - Cloaked query returned 5 results
2025-06-24 16:53:06 [main] INFO  c.fspann.api.ForwardSecureANNSystem - Cloaked query returned 5 results
2025-06-24 16:53:06 [main] INFO  c.fspann.api.ForwardSecureANNSystem - Cloaked query returned 5 results
2025-06-24 16:53:06 [main] INFO  c.fspann.api.ForwardSecureANNSystem - Cloaked query returned 5 results
2025-06-24 16:53:06 [main] INFO  c.fspann.api.ForwardSecureANNSystem - Cloaked query returned 5 results
2025-06-24 16:53:06 [main] INFO  c.fspann.api.ForwardSecureANNSystem - Cloaked query returned 5 results
2025-06-24 16:53:06 [main] INFO  c.fspann.api.ForwardSecureANNSystem - Cloaked query returned 5 results
2025-06-24 16:53:06 [main] INFO  c.fspann.api.ForwardSecureANNSystem - Cloaked query returned 5 results
2025-06-24 16:53:06 [main] INFO  c.f.a.ForwardSecureANNSystemPerformanceIntegrationTest - Average query latency: 1.057055 ms
]]></system-out>
  </testcase>
  <testcase name="endToEndWorkflowTest(Path)" classname="com.fspann.api.ForwardSecureANNSystemPerformanceIntegrationTest" time="63.237">
    <system-out><![CDATA[2025-06-24 16:53:06 [main] INFO  c.fspann.api.ForwardSecureANNSystem - Running end-to-end workflow with dataPath=C:\Users\MEHRAN~1\AppData\Local\Temp\junit-5757128163831311879\data.csv, topK=5, dim=10
2025-06-24 16:53:06 [main] INFO  com.fspann.loader.DefaultDataLoader - Loading data from C:\Users\MEHRAN~1\AppData\Local\Temp\junit-5757128163831311879\data.csv using loader for CSV
2025-06-24 16:53:08 [main] INFO  c.fspann.api.ForwardSecureANNSystem - Batch insert complete for 3 vectors in 2080.9309 ms
2025-06-24 16:53:08 [main] INFO  c.fspann.api.ForwardSecureANNSystem - Loaded and indexed 3 vectors
2025-06-24 16:53:08 [main] INFO  c.fspann.api.ForwardSecureANNSystem - Inserting 100 fake points for dimension 10
2025-06-24 16:53:08 [main] INFO  c.fspann.api.ForwardSecureANNSystem - Insert complete for id=928ab572-896e-49fd-8252-4a84d8b68b0e in 600.0768 ms
2025-06-24 16:53:09 [main] INFO  c.fspann.api.ForwardSecureANNSystem - Insert complete for id=6f366109-b617-4389-9d5e-a63813d7886c in 682.5279 ms
2025-06-24 16:53:10 [main] INFO  c.fspann.api.ForwardSecureANNSystem - Insert complete for id=d12b025d-ab1f-4fa7-b6cd-18e03c50ae4d in 586.094 ms
2025-06-24 16:53:10 [main] INFO  c.fspann.api.ForwardSecureANNSystem - Insert complete for id=f124b6ca-0c0b-41d2-acd4-aba23cda16a9 in 583.5235 ms
2025-06-24 16:53:11 [main] INFO  c.fspann.api.ForwardSecureANNSystem - Insert complete for id=3fb186cc-cf18-4d88-8bfc-26c6aaa0d124 in 596.6889 ms
2025-06-24 16:53:12 [main] INFO  c.fspann.api.ForwardSecureANNSystem - Insert complete for id=603ec5c1-ccaa-4b8e-ba1d-759112c74013 in 618.2462 ms
2025-06-24 16:53:12 [main] INFO  c.fspann.api.ForwardSecureANNSystem - Insert complete for id=c5432dfa-69ab-4b18-9fa4-e7c344e0f0fa in 607.9961 ms
2025-06-24 16:53:13 [main] INFO  c.fspann.api.ForwardSecureANNSystem - Insert complete for id=5e7a8176-a23e-40bb-b9c7-b4c2993f398c in 636.8877 ms
2025-06-24 16:53:13 [main] INFO  c.fspann.api.ForwardSecureANNSystem - Insert complete for id=00d54c06-9c25-47c6-ac95-959d3a5daee3 in 602.125 ms
2025-06-24 16:53:14 [main] INFO  c.fspann.api.ForwardSecureANNSystem - Insert complete for id=bb4ee295-92c9-4a52-86fd-be4003ee7146 in 581.9504 ms
2025-06-24 16:53:15 [main] INFO  c.fspann.api.ForwardSecureANNSystem - Insert complete for id=1b2e9395-36e3-420e-a93f-7846e17ddca5 in 635.3269 ms
2025-06-24 16:53:15 [main] INFO  c.fspann.api.ForwardSecureANNSystem - Insert complete for id=7c0e9659-90c9-4c4d-9c58-9d35f86bce2d in 599.5024 ms
2025-06-24 16:53:16 [main] INFO  c.fspann.api.ForwardSecureANNSystem - Insert complete for id=1b3807af-41b9-4a6b-a75f-c160b6c3aaa0 in 584.3815 ms
2025-06-24 16:53:16 [main] INFO  c.fspann.api.ForwardSecureANNSystem - Insert complete for id=53f367e9-2b1e-43be-b236-853e6c7a3aac in 585.5784 ms
2025-06-24 16:53:17 [main] INFO  c.fspann.api.ForwardSecureANNSystem - Insert complete for id=4d49479e-7515-4db0-a748-86219e752785 in 580.7404 ms
2025-06-24 16:53:18 [main] INFO  c.fspann.api.ForwardSecureANNSystem - Insert complete for id=32ea97c9-490e-401a-80f6-0766798d7177 in 573.8137 ms
2025-06-24 16:53:18 [main] INFO  c.fspann.api.ForwardSecureANNSystem - Insert complete for id=93dc84f6-1e7b-44f5-895c-777cc3ad6279 in 581.6901 ms
2025-06-24 16:53:19 [main] INFO  c.fspann.api.ForwardSecureANNSystem - Insert complete for id=afc28ad9-53d4-4cc4-a854-0dd5e236d1be in 591.8846 ms
2025-06-24 16:53:19 [main] INFO  c.fspann.api.ForwardSecureANNSystem - Insert complete for id=26223c48-03a3-42bb-aa42-db5fe35804cf in 584.5652 ms
2025-06-24 16:53:20 [main] INFO  c.fspann.api.ForwardSecureANNSystem - Insert complete for id=c36ed449-aa96-499e-ab80-b5fa2a04f69f in 584.5338 ms
2025-06-24 16:53:20 [main] INFO  c.fspann.api.ForwardSecureANNSystem - Insert complete for id=00983762-6d9e-4469-b3da-052ef6d0645e in 618.8985 ms
2025-06-24 16:53:21 [main] INFO  c.fspann.api.ForwardSecureANNSystem - Insert complete for id=5787381d-7a04-415a-bcc7-53cfc452a286 in 595.0349 ms
2025-06-24 16:53:22 [main] INFO  c.fspann.api.ForwardSecureANNSystem - Insert complete for id=2f4e0409-217b-4c86-a622-430ff3fc461f in 592.8252 ms
2025-06-24 16:53:22 [main] INFO  c.fspann.api.ForwardSecureANNSystem - Insert complete for id=532e3dcf-5125-46a3-be31-44ece157c51a in 600.1771 ms
2025-06-24 16:53:23 [main] INFO  c.fspann.api.ForwardSecureANNSystem - Insert complete for id=ba9622ba-ca95-49a2-b101-fa6df06ffff4 in 606.0254 ms
2025-06-24 16:53:23 [main] INFO  c.fspann.api.ForwardSecureANNSystem - Insert complete for id=df4074a8-abf5-412a-8eda-560612f2dda5 in 599.337 ms
2025-06-24 16:53:24 [main] INFO  c.fspann.api.ForwardSecureANNSystem - Insert complete for id=c73c9f3e-73b7-4777-802d-ae1658babef6 in 629.6423 ms
2025-06-24 16:53:25 [main] INFO  c.fspann.api.ForwardSecureANNSystem - Insert complete for id=7a13b3f0-4eaf-44d9-b652-ca431ff8ccbb in 597.545 ms
2025-06-24 16:53:25 [main] INFO  c.fspann.api.ForwardSecureANNSystem - Insert complete for id=af2ae02c-0fd6-4c4d-a4c8-0c4b7a4f1d5d in 590.5913 ms
2025-06-24 16:53:26 [main] INFO  c.fspann.api.ForwardSecureANNSystem - Insert complete for id=784bab2d-f02d-47c0-83d6-4c67ae201ea3 in 593.5015 ms
2025-06-24 16:53:26 [main] INFO  c.fspann.api.ForwardSecureANNSystem - Insert complete for id=51a8687c-acaa-4eb2-8ba4-2d997ef99896 in 592.4728 ms
2025-06-24 16:53:27 [main] INFO  c.fspann.api.ForwardSecureANNSystem - Insert complete for id=fe3678d3-4f8f-4f37-8c77-77a1279fb24c in 596.7367 ms
2025-06-24 16:53:28 [main] INFO  c.fspann.api.ForwardSecureANNSystem - Insert complete for id=093a558f-6b29-4ba3-9dc5-1190556f2d2e in 614.6053 ms
2025-06-24 16:53:28 [main] INFO  c.fspann.api.ForwardSecureANNSystem - Insert complete for id=e8a1c7ce-fcb6-4ac1-94b3-cfe8f80ce80a in 621.3341 ms
2025-06-24 16:53:29 [main] INFO  c.fspann.api.ForwardSecureANNSystem - Insert complete for id=7973c78e-9f96-4409-9a36-a62a405e57ad in 603.4953 ms
2025-06-24 16:53:30 [main] INFO  c.fspann.api.ForwardSecureANNSystem - Insert complete for id=65776c31-e275-47d0-82e5-509147cf8151 in 602.417 ms
2025-06-24 16:53:30 [main] INFO  c.fspann.api.ForwardSecureANNSystem - Insert complete for id=efafe192-c981-47c0-bbea-9377857d6900 in 621.5284 ms
2025-06-24 16:53:31 [main] INFO  c.fspann.api.ForwardSecureANNSystem - Insert complete for id=5c0446dc-fba7-4151-a199-f006f04146a0 in 608.8343 ms
2025-06-24 16:53:31 [main] INFO  c.fspann.api.ForwardSecureANNSystem - Insert complete for id=57c1e4fc-071a-42be-ad93-11cb37426d34 in 594.2108 ms
2025-06-24 16:53:32 [main] INFO  c.fspann.api.ForwardSecureANNSystem - Insert complete for id=fe33315b-8671-4072-98be-987fc0b1bc57 in 697.1275 ms
2025-06-24 16:53:33 [main] INFO  c.fspann.api.ForwardSecureANNSystem - Insert complete for id=635b43bf-1c4e-46e8-b9a4-ed0bb6304e0a in 605.0527 ms
2025-06-24 16:53:33 [main] INFO  c.fspann.api.ForwardSecureANNSystem - Insert complete for id=892b97e0-e0d7-440e-9497-7bff51bc156c in 607.9172 ms
2025-06-24 16:53:34 [main] INFO  c.fspann.api.ForwardSecureANNSystem - Insert complete for id=426ada3c-41c0-4005-8caf-198c89774808 in 597.5067 ms
2025-06-24 16:53:34 [main] INFO  c.fspann.api.ForwardSecureANNSystem - Insert complete for id=34039c99-216f-4229-99a6-bbd441a7bf26 in 599.8821 ms
2025-06-24 16:53:35 [main] INFO  c.fspann.api.ForwardSecureANNSystem - Insert complete for id=dd1630fc-7f4c-4191-abe8-faa05adc1e24 in 596.4047 ms
2025-06-24 16:53:36 [main] INFO  c.fspann.api.ForwardSecureANNSystem - Insert complete for id=67905e04-53c7-4399-abba-ce31ca154080 in 596.2934 ms
2025-06-24 16:53:36 [main] INFO  c.fspann.api.ForwardSecureANNSystem - Insert complete for id=23e5223a-ebd8-4ef7-b0ee-e53c687dbfba in 635.6223 ms
2025-06-24 16:53:37 [main] INFO  c.fspann.api.ForwardSecureANNSystem - Insert complete for id=9f33d2f0-6645-47ce-9da9-2c361197c237 in 606.5947 ms
2025-06-24 16:53:37 [main] INFO  c.fspann.api.ForwardSecureANNSystem - Insert complete for id=f80cf754-76f4-4f80-b74e-5de854f7f55d in 603.2105 ms
2025-06-24 16:53:38 [main] INFO  c.fspann.api.ForwardSecureANNSystem - Insert complete for id=550880c5-cbdb-4ff3-93f5-37788f7445d8 in 619.006 ms
2025-06-24 16:53:39 [main] INFO  c.fspann.api.ForwardSecureANNSystem - Insert complete for id=4883f33e-0849-42bf-8a50-1da405a114a6 in 644.07 ms
2025-06-24 16:53:39 [main] INFO  c.fspann.api.ForwardSecureANNSystem - Insert complete for id=a0036334-1300-4d95-8baa-764c374166a1 in 676.167 ms
2025-06-24 16:53:40 [main] INFO  c.fspann.api.ForwardSecureANNSystem - Insert complete for id=e4e18e35-08fc-4e71-855e-17ac71e48f7e in 618.3876 ms
2025-06-24 16:53:41 [main] INFO  c.fspann.api.ForwardSecureANNSystem - Insert complete for id=6764a3d2-2953-4438-b732-c719257f520c in 645.7032 ms
2025-06-24 16:53:41 [main] INFO  c.fspann.api.ForwardSecureANNSystem - Insert complete for id=6073f2e3-edc7-46fb-8b93-ecc01facdf1a in 587.9327 ms
2025-06-24 16:53:42 [main] INFO  c.fspann.api.ForwardSecureANNSystem - Insert complete for id=0e7875e8-81fe-492b-8bb1-bc9f25c705bc in 630.874 ms
2025-06-24 16:53:42 [main] INFO  c.fspann.api.ForwardSecureANNSystem - Insert complete for id=d17efd81-5da7-4120-9e95-7e1596b86cd3 in 596.5839 ms
2025-06-24 16:53:43 [main] INFO  c.fspann.api.ForwardSecureANNSystem - Insert complete for id=ac8ab02c-3787-4fa3-855a-b0fdb5ba0478 in 732.8317 ms
2025-06-24 16:53:44 [main] INFO  c.fspann.api.ForwardSecureANNSystem - Insert complete for id=3247ee7a-7e39-4396-98fa-5084d845532c in 768.646 ms
2025-06-24 16:53:45 [main] INFO  c.fspann.api.ForwardSecureANNSystem - Insert complete for id=f6389634-01d4-4c1a-9b5f-81dd640213eb in 604.0913 ms
2025-06-24 16:53:45 [main] INFO  c.fspann.api.ForwardSecureANNSystem - Insert complete for id=4ab05880-dbe7-49fc-bec6-298421ff299c in 606.6726 ms
2025-06-24 16:53:46 [main] INFO  c.fspann.api.ForwardSecureANNSystem - Insert complete for id=8cde2e7d-ba58-49ec-b94a-0321a90df085 in 596.4232 ms
2025-06-24 16:53:46 [main] INFO  c.fspann.api.ForwardSecureANNSystem - Insert complete for id=b79935d6-fa4f-4b78-8f61-94f206f59ffd in 606.8839 ms
2025-06-24 16:53:47 [main] INFO  c.fspann.api.ForwardSecureANNSystem - Insert complete for id=6b4f4414-28d0-4911-9d5e-26e91c988775 in 583.6731 ms
2025-06-24 16:53:48 [main] INFO  c.fspann.api.ForwardSecureANNSystem - Insert complete for id=c77b0fc7-0e84-414d-b78e-7ad5bbdc5d8e in 609.6358 ms
2025-06-24 16:53:48 [main] INFO  c.fspann.api.ForwardSecureANNSystem - Insert complete for id=0dc4af28-2956-4427-aa37-0a33d9487df1 in 612.9491 ms
2025-06-24 16:53:49 [main] INFO  c.fspann.api.ForwardSecureANNSystem - Insert complete for id=05fa8478-730c-4629-9bb0-346fcab2529d in 623.2745 ms
2025-06-24 16:53:49 [main] INFO  c.fspann.api.ForwardSecureANNSystem - Insert complete for id=914298f9-b8b4-496d-a2eb-20e3ac53d05a in 594.6676 ms
2025-06-24 16:53:50 [main] INFO  c.fspann.api.ForwardSecureANNSystem - Insert complete for id=44fd2ffb-3b25-428c-a79d-e05691113eaf in 587.6528 ms
2025-06-24 16:53:51 [main] INFO  c.fspann.api.ForwardSecureANNSystem - Insert complete for id=8eb4d1d4-4cf1-4cf7-ba67-7e2ddd6376a5 in 604.2319 ms
2025-06-24 16:53:51 [main] INFO  c.fspann.api.ForwardSecureANNSystem - Insert complete for id=1c58ef7d-3256-4c0a-afb5-4faaf715e6cd in 597.1617 ms
2025-06-24 16:53:52 [main] INFO  c.fspann.api.ForwardSecureANNSystem - Insert complete for id=eb2c4d1c-46fb-4cc5-93f0-51a7ea7ecfee in 597.6633 ms
2025-06-24 16:53:52 [main] INFO  c.fspann.api.ForwardSecureANNSystem - Insert complete for id=bb004235-27e6-4537-9d23-e643290ec329 in 603.4047 ms
2025-06-24 16:53:53 [main] INFO  c.fspann.api.ForwardSecureANNSystem - Insert complete for id=9c569880-26bb-45cb-a522-9755d9253385 in 617.3879 ms
2025-06-24 16:53:54 [main] INFO  c.fspann.api.ForwardSecureANNSystem - Insert complete for id=3fd99efa-fc33-47f5-843a-b62d5a2bfae2 in 661.4768 ms
2025-06-24 16:53:54 [main] INFO  c.fspann.api.ForwardSecureANNSystem - Insert complete for id=449a1efe-ad95-44d7-990e-c6bd6208c5f7 in 647.6436 ms
2025-06-24 16:53:55 [main] INFO  c.fspann.api.ForwardSecureANNSystem - Insert complete for id=ecad6812-6eac-41f7-af4d-f5916f7ffb25 in 596.7002 ms
2025-06-24 16:53:56 [main] INFO  c.fspann.api.ForwardSecureANNSystem - Insert complete for id=c828c6ab-53cc-4d09-8abb-f8db1215f471 in 605.1838 ms
2025-06-24 16:53:56 [main] INFO  c.fspann.api.ForwardSecureANNSystem - Insert complete for id=877c2651-a89f-410a-a913-43f7eaac31fd in 595.1998 ms
2025-06-24 16:53:57 [main] INFO  c.fspann.api.ForwardSecureANNSystem - Insert complete for id=19eab249-4696-4c48-ae2a-f0f66b27837a in 629.5561 ms
2025-06-24 16:53:57 [main] INFO  c.fspann.api.ForwardSecureANNSystem - Insert complete for id=da53b2c6-89c2-4e3a-b949-39d9ba0cb3e7 in 594.4614 ms
2025-06-24 16:53:58 [main] INFO  c.fspann.api.ForwardSecureANNSystem - Insert complete for id=32980417-0794-47ee-9102-948a63373a23 in 607.3513 ms
2025-06-24 16:53:59 [main] INFO  c.fspann.api.ForwardSecureANNSystem - Insert complete for id=b8a27d59-10d8-44b0-903d-94335e0eea00 in 596.4345 ms
2025-06-24 16:53:59 [main] INFO  c.fspann.api.ForwardSecureANNSystem - Insert complete for id=969d631f-e0be-4a72-8d63-ec5e66a90b1a in 593.6384 ms
2025-06-24 16:54:00 [main] INFO  c.fspann.api.ForwardSecureANNSystem - Insert complete for id=88c94261-1d24-49fb-bd69-0e121727494b in 617.3887 ms
2025-06-24 16:54:00 [main] INFO  c.fspann.api.ForwardSecureANNSystem - Insert complete for id=0ae2f4d1-1c1a-4945-932f-906ecb0457ae in 603.2593 ms
2025-06-24 16:54:01 [main] INFO  c.fspann.api.ForwardSecureANNSystem - Insert complete for id=cba752ca-c010-4633-8f8b-4c1ce31f073f in 599.951 ms
2025-06-24 16:54:02 [main] INFO  c.fspann.api.ForwardSecureANNSystem - Insert complete for id=e88afcf2-cebc-4058-8602-ab92ffc62902 in 592.7227 ms
2025-06-24 16:54:02 [main] INFO  c.fspann.api.ForwardSecureANNSystem - Insert complete for id=3ec50171-f980-4255-ac0b-37e5ef51a7d9 in 588.5082 ms
2025-06-24 16:54:03 [main] INFO  c.fspann.api.ForwardSecureANNSystem - Insert complete for id=4b33e498-d3d2-4ead-83fd-9a9b5b39d23b in 585.8918 ms
2025-06-24 16:54:03 [main] INFO  c.fspann.api.ForwardSecureANNSystem - Insert complete for id=b198459c-f865-4532-9d7e-1351da12dcaf in 585.4624 ms
2025-06-24 16:54:04 [main] INFO  c.fspann.api.ForwardSecureANNSystem - Insert complete for id=8e66512f-bef0-4215-9e71-b8fb94a41846 in 614.1863 ms
2025-06-24 16:54:05 [main] INFO  c.fspann.api.ForwardSecureANNSystem - Insert complete for id=9a886648-f111-4cc2-9d26-b14be84efd16 in 623.175 ms
2025-06-24 16:54:05 [main] INFO  c.fspann.api.ForwardSecureANNSystem - Insert complete for id=7f1f4ac5-5258-484f-b254-73c79baadf2c in 602.7334 ms
2025-06-24 16:54:06 [main] INFO  c.fspann.api.ForwardSecureANNSystem - Insert complete for id=05fe5aea-03e2-4dc4-bc0b-5a9cd277e65a in 588.9635 ms
2025-06-24 16:54:06 [main] INFO  c.fspann.api.ForwardSecureANNSystem - Insert complete for id=79269f14-be32-4bfb-a2dc-092febf08a25 in 602.6711 ms
2025-06-24 16:54:07 [main] INFO  c.fspann.api.ForwardSecureANNSystem - Insert complete for id=58c80ec3-d6af-4d85-b7a3-56a2f84a8b4e in 607.9756 ms
2025-06-24 16:54:08 [main] INFO  c.fspann.api.ForwardSecureANNSystem - Insert complete for id=d8dd352e-afbb-4b80-9704-cb7764cb1db0 in 598.924 ms
2025-06-24 16:54:08 [main] INFO  c.fspann.api.ForwardSecureANNSystem - Insert complete for id=01d5c67f-adf0-4cca-94e6-8d835b6419ee in 601.3878 ms
2025-06-24 16:54:09 [main] INFO  c.fspann.api.ForwardSecureANNSystem - Insert complete for id=759602a7-cfe6-4c3c-b128-2775910a79af in 611.8703 ms
2025-06-24 16:54:09 [main] INFO  c.fspann.api.ForwardSecureANNSystem - Cloaked query returned 5 results
2025-06-24 16:54:09 [main] WARN  c.fspann.api.PerformanceVisualizer - No timing data to visualize
2025-06-24 16:54:09 [main] INFO  c.fspann.api.ForwardSecureANNSystem - Executing query for topK=5 and dimension 10
2025-06-24 16:54:09 [main] INFO  c.fspann.api.ForwardSecureANNSystem - Query completed in 0.9992 ms
2025-06-24 16:54:09 [main] INFO  c.fspann.api.ForwardSecureANNSystem - Query returned 5 results
2025-06-24 16:54:09 [main] INFO  c.f.a.ForwardSecureANNSystemPerformanceIntegrationTest - Query returned 5 results:
2025-06-24 16:54:09 [main] INFO  c.f.a.ForwardSecureANNSystemPerformanceIntegrationTest - ID: df38a8f9-3405-492b-bdc9-f86cf93a4523, Distance: 0.3138470965295043
2025-06-24 16:54:09 [main] INFO  c.f.a.ForwardSecureANNSystemPerformanceIntegrationTest - ID: 72e86ec9-9bee-4edd-a6ac-159740d298bb, Distance: 0.7842860054685592
2025-06-24 16:54:09 [main] INFO  c.f.a.ForwardSecureANNSystemPerformanceIntegrationTest - ID: 4d49479e-7515-4db0-a748-86219e752785, Distance: 0.8060499085773919
2025-06-24 16:54:09 [main] INFO  c.f.a.ForwardSecureANNSystemPerformanceIntegrationTest - ID: 823b98b2-2102-4155-af62-09ed75fcf04c, Distance: 0.9565210668994506
2025-06-24 16:54:09 [main] INFO  c.f.a.ForwardSecureANNSystemPerformanceIntegrationTest - ID: 1b5f1bf3-6a2c-443d-92a3-f6e0b9bf9dfd, Distance: 0.9880752691831095
]]></system-out>
  </testcase>
  <testcase name="testFakePointsInsertion(Path)" classname="com.fspann.api.ForwardSecureANNSystemPerformanceIntegrationTest" time="73.963">
    <system-out><![CDATA[2025-06-24 16:54:09 [main] INFO  c.fspann.api.ForwardSecureANNSystem - Inserting 100 fake points for dimension 10
2025-06-24 16:54:10 [main] INFO  c.fspann.api.ForwardSecureANNSystem - Insert complete for id=8beaa6bc-ba4f-40d9-b3ea-06c6e6229a19 in 607.6104 ms
2025-06-24 16:54:10 [main] INFO  c.fspann.api.ForwardSecureANNSystem - Insert complete for id=ca630fff-2a98-461d-b901-9d0b80fd5b10 in 593.8244 ms
2025-06-24 16:54:11 [main] INFO  c.fspann.api.ForwardSecureANNSystem - Insert complete for id=f091ddd3-524f-4c52-949e-9ff24b180e76 in 588.7034 ms
2025-06-24 16:54:11 [main] INFO  c.fspann.api.ForwardSecureANNSystem - Insert complete for id=fa3a06bb-e74b-4264-a5ee-d1e36872ad01 in 598.5001 ms
2025-06-24 16:54:12 [main] INFO  c.fspann.api.ForwardSecureANNSystem - Insert complete for id=38842ae5-2829-4ef9-ad81-50cbd2269d3b in 597.3442 ms
2025-06-24 16:54:13 [main] INFO  c.fspann.api.ForwardSecureANNSystem - Insert complete for id=2a58c3d5-6c4d-417a-848b-5690da6dde65 in 621.2736 ms
2025-06-24 16:54:13 [main] INFO  c.fspann.api.ForwardSecureANNSystem - Insert complete for id=e48a1a3d-e6fc-40c6-9ef2-5c65f4f22c03 in 616.5149 ms
2025-06-24 16:54:14 [main] INFO  c.fspann.api.ForwardSecureANNSystem - Insert complete for id=1d88b58a-8021-4735-bbe7-43a8dd262a32 in 604.9534 ms
2025-06-24 16:54:14 [main] INFO  c.fspann.api.ForwardSecureANNSystem - Insert complete for id=e6b19243-de47-449a-b509-c72874ba8a65 in 597.7373 ms
2025-06-24 16:54:15 [main] INFO  c.fspann.api.ForwardSecureANNSystem - Insert complete for id=706f851f-0c93-4826-b963-576869b07a64 in 583.5884 ms
2025-06-24 16:54:16 [main] INFO  c.fspann.api.ForwardSecureANNSystem - Insert complete for id=61cd48fd-8b56-4188-9604-effeb5f43721 in 614.9536 ms
2025-06-24 16:54:16 [main] INFO  c.fspann.api.ForwardSecureANNSystem - Insert complete for id=0026c119-92aa-4421-91b1-8faee5bf8f78 in 616.1398 ms
2025-06-24 16:54:17 [main] INFO  c.fspann.api.ForwardSecureANNSystem - Insert complete for id=ebf25848-f13c-4ed8-8659-07c3d5724ea1 in 699.1624 ms
2025-06-24 16:54:18 [main] INFO  c.fspann.api.ForwardSecureANNSystem - Insert complete for id=f4942158-3959-4403-828b-555c290b709a in 607.9873 ms
2025-06-24 16:54:18 [main] INFO  c.fspann.api.ForwardSecureANNSystem - Insert complete for id=0ba3a536-5aa3-497f-87c7-dd482bd888b7 in 602.5352 ms
2025-06-24 16:54:19 [main] INFO  c.fspann.api.ForwardSecureANNSystem - Insert complete for id=fbf1ac42-5492-4e76-9510-4c661e23c08b in 590.562 ms
2025-06-24 16:54:19 [main] INFO  c.fspann.api.ForwardSecureANNSystem - Insert complete for id=93d08ae7-7237-495b-b309-940b70997b2f in 599.5302 ms
2025-06-24 16:54:20 [main] INFO  c.fspann.api.ForwardSecureANNSystem - Insert complete for id=69053d5a-dce5-4508-8a91-520429b04376 in 632.9603 ms
2025-06-24 16:54:21 [main] INFO  c.fspann.api.ForwardSecureANNSystem - Insert complete for id=c3905fa6-8e2b-4ce5-a38c-4d6c70a8a1d3 in 597.5898 ms
2025-06-24 16:54:21 [main] INFO  c.fspann.api.ForwardSecureANNSystem - Insert complete for id=d217d021-b9c5-4f12-bd6a-c352927a2d16 in 591.4459 ms
2025-06-24 16:54:22 [main] INFO  c.fspann.api.ForwardSecureANNSystem - Insert complete for id=f16a3ce6-e40b-453e-a44c-1f802204ae4f in 790.0965 ms
2025-06-24 16:54:23 [main] INFO  c.fspann.api.ForwardSecureANNSystem - Insert complete for id=d3c4c303-29fa-42c2-802b-5a4f2dd5263a in 734.699 ms
2025-06-24 16:54:23 [main] INFO  c.fspann.api.ForwardSecureANNSystem - Insert complete for id=c8a49f9c-e263-48e6-99c8-6ad56941d93c in 708.9972 ms
2025-06-24 16:54:24 [main] INFO  c.fspann.api.ForwardSecureANNSystem - Insert complete for id=8c062d76-c5f4-41bf-8c22-971abc86a725 in 864.8962 ms
2025-06-24 16:54:25 [main] INFO  c.fspann.api.ForwardSecureANNSystem - Insert complete for id=f7c9b3c7-2e38-4e1f-83d9-0db1f21bb06a in 842.851 ms
2025-06-24 16:54:26 [main] INFO  c.fspann.api.ForwardSecureANNSystem - Insert complete for id=7a17b8e4-91d1-4246-8918-ef7975b2d429 in 653.3818 ms
2025-06-24 16:54:27 [main] INFO  c.fspann.api.ForwardSecureANNSystem - Insert complete for id=82be5296-72c8-413d-89a3-01ec90c4e91f in 824.1284 ms
2025-06-24 16:54:27 [main] INFO  c.fspann.api.ForwardSecureANNSystem - Insert complete for id=def7bfc2-fde6-4f34-b9c9-976805f10d18 in 776.7099 ms
2025-06-24 16:54:28 [main] INFO  c.fspann.api.ForwardSecureANNSystem - Insert complete for id=05f12ffd-ab80-4fc4-b5b4-bfca26030006 in 806.4218 ms
2025-06-24 16:54:29 [main] INFO  c.fspann.api.ForwardSecureANNSystem - Insert complete for id=3c4fee03-46e3-4fc1-8bc9-b4dbdc09e45b in 764.8265 ms
2025-06-24 16:54:30 [main] INFO  c.fspann.api.ForwardSecureANNSystem - Insert complete for id=b33539cf-b361-44b5-b499-c8a47760ce5f in 694.1761 ms
2025-06-24 16:54:30 [main] INFO  c.fspann.api.ForwardSecureANNSystem - Insert complete for id=7fa1a811-4570-45de-a3db-d1d87823b975 in 810.0148 ms
2025-06-24 16:54:31 [main] INFO  c.fspann.api.ForwardSecureANNSystem - Insert complete for id=28750953-a8fc-4331-9217-0a9934c88357 in 788.9046 ms
2025-06-24 16:54:32 [main] INFO  c.fspann.api.ForwardSecureANNSystem - Insert complete for id=95874081-a572-44da-b02e-4aa256b4e457 in 722.559 ms
2025-06-24 16:54:33 [main] INFO  c.fspann.api.ForwardSecureANNSystem - Insert complete for id=f5092350-77da-427a-aacf-1e28df2104ab in 788.9391 ms
2025-06-24 16:54:34 [main] INFO  c.fspann.api.ForwardSecureANNSystem - Insert complete for id=252c68aa-1b8c-4a71-bec1-4d3a20397395 in 779.4218 ms
2025-06-24 16:54:34 [main] INFO  c.fspann.api.ForwardSecureANNSystem - Insert complete for id=484dba56-6e64-44f5-b453-bf4bf1d44a1b in 767.5534 ms
2025-06-24 16:54:35 [main] INFO  c.fspann.api.ForwardSecureANNSystem - Insert complete for id=0b786caa-d13e-406f-9007-e6ffd8000438 in 828.9069 ms
2025-06-24 16:54:36 [main] INFO  c.fspann.api.ForwardSecureANNSystem - Insert complete for id=f43d927a-5143-43ea-9539-abbc593cd432 in 840.2096 ms
2025-06-24 16:54:37 [main] INFO  c.fspann.api.ForwardSecureANNSystem - Insert complete for id=6f510cee-86cc-4a98-b491-f83b2ba38726 in 718.7652 ms
2025-06-24 16:54:37 [main] INFO  c.fspann.api.ForwardSecureANNSystem - Insert complete for id=11b1e0f4-c67e-4d07-8332-fa0747f88f39 in 661.5595 ms
2025-06-24 16:54:38 [main] INFO  c.fspann.api.ForwardSecureANNSystem - Insert complete for id=c4ae8073-f7ba-4ced-98fa-6019d7078b1c in 737.2382 ms
2025-06-24 16:54:39 [main] INFO  c.fspann.api.ForwardSecureANNSystem - Insert complete for id=59660643-29dc-4976-b5d0-8c8fcf77e429 in 735.4217 ms
2025-06-24 16:54:40 [main] INFO  c.fspann.api.ForwardSecureANNSystem - Insert complete for id=e5094685-6325-456b-a670-3f6a040438e2 in 762.2473 ms
2025-06-24 16:54:40 [main] INFO  c.fspann.api.ForwardSecureANNSystem - Insert complete for id=51759b51-8e8c-4713-b241-d9cde1b34aaa in 680.8219 ms
2025-06-24 16:54:41 [main] INFO  c.fspann.api.ForwardSecureANNSystem - Insert complete for id=998d8303-7433-4e1f-a987-3cd90f22f06d in 769.7124 ms
2025-06-24 16:54:42 [main] INFO  c.fspann.api.ForwardSecureANNSystem - Insert complete for id=ed0a4ee1-0d7e-4968-8a41-7db67024e745 in 716.7848 ms
2025-06-24 16:54:43 [main] INFO  c.fspann.api.ForwardSecureANNSystem - Insert complete for id=63088a0b-8c6d-4835-842f-f2510a36cbe7 in 817.3335 ms
2025-06-24 16:54:43 [main] INFO  c.fspann.api.ForwardSecureANNSystem - Insert complete for id=00f907d1-53ab-4333-ad94-47481392c32b in 703.7964 ms
2025-06-24 16:54:44 [main] INFO  c.fspann.api.ForwardSecureANNSystem - Insert complete for id=479602ba-6c6c-4a6c-92d0-248d0e7bcc29 in 737.3897 ms
2025-06-24 16:54:45 [main] INFO  c.fspann.api.ForwardSecureANNSystem - Insert complete for id=8988a737-c546-44af-b6e3-f12cf08136fb in 744.3321 ms
2025-06-24 16:54:45 [main] INFO  c.fspann.api.ForwardSecureANNSystem - Insert complete for id=58297af5-70f7-4d90-8a33-1e6a704f5327 in 742.0952 ms
2025-06-24 16:54:46 [main] INFO  c.fspann.api.ForwardSecureANNSystem - Insert complete for id=9837424a-f98a-4969-b978-36f993fcadef in 681.9583 ms
2025-06-24 16:54:47 [main] INFO  c.fspann.api.ForwardSecureANNSystem - Insert complete for id=e65e902a-6469-40ad-aa16-a013b7695202 in 840.9135 ms
2025-06-24 16:54:48 [main] INFO  c.fspann.api.ForwardSecureANNSystem - Insert complete for id=6e5bbd3f-e947-43a8-8ed0-078cadbed9ac in 803.8651 ms
2025-06-24 16:54:49 [main] INFO  c.fspann.api.ForwardSecureANNSystem - Insert complete for id=07be431a-436d-47e5-b8c2-8cc3c5d10462 in 728.0755 ms
2025-06-24 16:54:49 [main] INFO  c.fspann.api.ForwardSecureANNSystem - Insert complete for id=a0ba7db6-3f0f-4045-a9f8-cb6474c150b1 in 741.0527 ms
2025-06-24 16:54:50 [main] INFO  c.fspann.api.ForwardSecureANNSystem - Insert complete for id=e9000ac4-98ac-4c23-a322-67bafc854fe3 in 882.7823 ms
2025-06-24 16:54:51 [main] INFO  c.fspann.api.ForwardSecureANNSystem - Insert complete for id=cee2950f-bc2c-48e6-850f-8c680ebf1fe1 in 823.443 ms
2025-06-24 16:54:52 [main] INFO  c.fspann.api.ForwardSecureANNSystem - Insert complete for id=bd29995c-4e8f-40e4-8a8e-7da8cd3f4464 in 774.9084 ms
2025-06-24 16:54:53 [main] INFO  c.fspann.api.ForwardSecureANNSystem - Insert complete for id=9af1fcd8-bdc4-46f0-9d59-e1ec5424cf98 in 757.5382 ms
2025-06-24 16:54:53 [main] INFO  c.fspann.api.ForwardSecureANNSystem - Insert complete for id=ce66449d-a374-440e-a308-82c2580c4e68 in 695.3417 ms
2025-06-24 16:54:54 [main] INFO  c.fspann.api.ForwardSecureANNSystem - Insert complete for id=793f99d7-471c-4384-8814-5a6b0e274916 in 747.7947 ms
2025-06-24 16:54:55 [main] INFO  c.fspann.api.ForwardSecureANNSystem - Insert complete for id=7f6eb31f-5f56-4deb-a006-9d2e1ddcb6da in 725.846 ms
2025-06-24 16:54:55 [main] INFO  c.fspann.api.ForwardSecureANNSystem - Insert complete for id=896e38a3-37c2-496a-ae6c-8ceef93008ff in 746.504 ms
2025-06-24 16:54:56 [main] INFO  c.fspann.api.ForwardSecureANNSystem - Insert complete for id=74f63ad2-93d4-404c-84aa-48bce8d1bb1f in 749.4725 ms
2025-06-24 16:54:57 [main] INFO  c.fspann.api.ForwardSecureANNSystem - Insert complete for id=4a5ea504-d92f-4e31-a25f-061627d4fa33 in 678.6197 ms
2025-06-24 16:54:58 [main] INFO  c.fspann.api.ForwardSecureANNSystem - Insert complete for id=d4fe4c02-c491-46f1-9da8-eaa69f0313ed in 645.6697 ms
2025-06-24 16:54:58 [main] INFO  c.fspann.api.ForwardSecureANNSystem - Insert complete for id=814f4735-aa8a-48d0-b647-994f21951856 in 794.7253 ms
2025-06-24 16:54:59 [main] INFO  c.fspann.api.ForwardSecureANNSystem - Insert complete for id=e2d868c3-cec5-465b-801a-d16723cc9abc in 821.5271 ms
2025-06-24 16:55:00 [main] INFO  c.fspann.api.ForwardSecureANNSystem - Insert complete for id=fdc72b8f-b2a8-4eba-991a-bbe3678e3997 in 798.486 ms
2025-06-24 16:55:01 [main] INFO  c.fspann.api.ForwardSecureANNSystem - Insert complete for id=fdcb6e60-f74d-4d32-bb69-341e6a4553cd in 804.6968 ms
2025-06-24 16:55:02 [main] INFO  c.fspann.api.ForwardSecureANNSystem - Insert complete for id=049b226c-4063-447e-9e61-75ae705d807b in 861.6694 ms
2025-06-24 16:55:02 [main] INFO  c.fspann.api.ForwardSecureANNSystem - Insert complete for id=7c99960a-0c0d-4beb-96d3-de2515df6ec3 in 869.1401 ms
2025-06-24 16:55:03 [main] INFO  c.fspann.api.ForwardSecureANNSystem - Insert complete for id=bc92a4cb-0fdf-4f45-8c7d-689df4bfb71c in 787.7607 ms
2025-06-24 16:55:04 [main] INFO  c.fspann.api.ForwardSecureANNSystem - Insert complete for id=c56fa76f-9395-4e79-90a9-0dddbb24cb4d in 824.7656 ms
2025-06-24 16:55:05 [main] INFO  c.fspann.api.ForwardSecureANNSystem - Insert complete for id=926230a1-8268-4941-8fca-c9b8b9872606 in 706.1616 ms
2025-06-24 16:55:06 [main] INFO  c.fspann.api.ForwardSecureANNSystem - Insert complete for id=8d585171-ae88-49e1-b112-04d400895d3c in 760.9469 ms
2025-06-24 16:55:06 [main] INFO  c.fspann.api.ForwardSecureANNSystem - Insert complete for id=d3f38605-f27c-4f05-aa5a-70156656b944 in 817.9651 ms
2025-06-24 16:55:07 [main] INFO  c.fspann.api.ForwardSecureANNSystem - Insert complete for id=6d7ededa-ee95-403a-877d-ad32def83642 in 762.3474 ms
2025-06-24 16:55:08 [main] INFO  c.fspann.api.ForwardSecureANNSystem - Insert complete for id=364f280a-eea2-4c5c-bd6a-46d39e421c80 in 868.0845 ms
2025-06-24 16:55:09 [main] INFO  c.fspann.api.ForwardSecureANNSystem - Insert complete for id=f50e292d-08ce-4f7f-aa99-782005eee139 in 740.2608 ms
2025-06-24 16:55:10 [main] INFO  c.fspann.api.ForwardSecureANNSystem - Insert complete for id=4d60576a-0c26-4a62-adc3-a09ff18e5fb8 in 803.1296 ms
2025-06-24 16:55:10 [main] INFO  c.fspann.api.ForwardSecureANNSystem - Insert complete for id=5a30d343-004a-43d0-949a-9e1d45f24eb3 in 822.8532 ms
2025-06-24 16:55:11 [main] INFO  c.fspann.api.ForwardSecureANNSystem - Insert complete for id=8dae6a93-e782-4bba-beb7-7a41a154e88c in 834.8197 ms
2025-06-24 16:55:12 [main] INFO  c.fspann.api.ForwardSecureANNSystem - Insert complete for id=19012469-73de-40a3-987d-eff75fdc28e5 in 716.5734 ms
2025-06-24 16:55:13 [main] INFO  c.fspann.api.ForwardSecureANNSystem - Insert complete for id=b0865573-ea33-4c5d-a0d1-cd3d8de2bfcf in 858.5155 ms
2025-06-24 16:55:14 [main] INFO  c.fspann.api.ForwardSecureANNSystem - Insert complete for id=5a884a80-77a9-4dba-9bdc-e978fd9958a6 in 733.8529 ms
2025-06-24 16:55:14 [main] INFO  c.fspann.api.ForwardSecureANNSystem - Insert complete for id=5c98b2cd-cf25-4637-b0c0-fd739bd2c59f in 704.2661 ms
2025-06-24 16:55:15 [main] INFO  c.fspann.api.ForwardSecureANNSystem - Insert complete for id=f2bd87bd-1cd7-43e5-a60d-5cabcd4ade7f in 855.2021 ms
2025-06-24 16:55:16 [main] INFO  c.fspann.api.ForwardSecureANNSystem - Insert complete for id=c79cd6de-dceb-49e0-857a-2cedca30291f in 805.5179 ms
2025-06-24 16:55:17 [main] INFO  c.fspann.api.ForwardSecureANNSystem - Insert complete for id=9be8c800-d32c-4a23-a647-cd622024f7c0 in 892.7049 ms
2025-06-24 16:55:18 [main] INFO  c.fspann.api.ForwardSecureANNSystem - Insert complete for id=3dab7dbf-61f8-4fb3-9557-7baad9481186 in 797.6458 ms
2025-06-24 16:55:18 [main] INFO  c.fspann.api.ForwardSecureANNSystem - Insert complete for id=e7860245-557f-4f31-9a89-5a0cb7afaee2 in 871.9305 ms
2025-06-24 16:55:19 [main] INFO  c.fspann.api.ForwardSecureANNSystem - Insert complete for id=b572ddeb-920a-4123-a4b9-4c8dc63c3b36 in 708.8485 ms
2025-06-24 16:55:20 [main] INFO  c.fspann.api.ForwardSecureANNSystem - Insert complete for id=de01efbf-4618-4dce-8b0e-e1fb253d6479 in 720.3167 ms
2025-06-24 16:55:21 [main] INFO  c.fspann.api.ForwardSecureANNSystem - Insert complete for id=76ef66a3-8947-4423-882a-0615af6df252 in 747.975 ms
2025-06-24 16:55:21 [main] INFO  c.fspann.api.ForwardSecureANNSystem - Insert complete for id=940830ef-cd32-4a99-b065-0f0d1d622333 in 757.8101 ms
2025-06-24 16:55:22 [main] INFO  c.fspann.api.ForwardSecureANNSystem - Insert complete for id=51de70ca-8efc-426d-9bc9-5941bc7da9b3 in 766.8846 ms
2025-06-24 16:55:23 [main] INFO  c.fspann.api.ForwardSecureANNSystem - Insert complete for id=595a907f-1d14-40a8-9bfc-13f675e34b74 in 807.6936 ms
2025-06-24 16:55:23 [main] INFO  c.fspann.api.ForwardSecureANNSystem - Number of indexed vectors for dimension 10: 1213
2025-06-24 16:55:23 [main] INFO  c.f.a.ForwardSecureANNSystemPerformanceIntegrationTest - Indexed vectors after fake points: 1213
]]></system-out>
  </testcase>
</testsuite>