<?xml version="1.0" encoding="UTF-8"?>
<testsuite xmlns:xsi="http://www.w3.org/2001/XMLSchema-instance" xsi:noNamespaceSchemaLocation="https://maven.apache.org/surefire/maven-surefire-plugin/xsd/surefire-test-report-3.0.xsd" version="3.0" name="com.fspann.api.ForwardSecureANNSystemPerformanceIntegrationTest" time="178.703" tests="3" errors="1" skipped="0" failures="1">
  <properties>
    <property name="java.specification.version" value="22"/>
    <property name="sun.cpu.isalist" value="amd64"/>
    <property name="sun.jnu.encoding" value="Cp1252"/>
    <property name="java.class.path" value="C:\Users\Mehran Memon\eclipse-workspace\fspann-query-system\fsp-anns-parent\api\target\test-classes;C:\Users\Mehran Memon\eclipse-workspace\fspann-query-system\fsp-anns-parent\api\target\classes;C:\Users\Mehran Memon\.m2\repository\com\fspann\query\0.0.1-SNAPSHOT\query-0.0.1-SNAPSHOT.jar;C:\Users\Mehran Memon\.m2\repository\com\fspann\index\0.0.1-SNAPSHOT\index-0.0.1-SNAPSHOT.jar;C:\Users\Mehran Memon\.m2\repository\org\apache\commons\commons-math3\3.6.1\commons-math3-3.6.1.jar;C:\Users\Mehran Memon\.m2\repository\com\fspann\crypto\0.0.1-SNAPSHOT\crypto-0.0.1-SNAPSHOT.jar;C:\Users\Mehran Memon\.m2\repository\org\bouncycastle\bcprov-jdk18on\1.78\bcprov-jdk18on-1.78.jar;C:\Users\Mehran Memon\.m2\repository\net\bytebuddy\byte-buddy\1.14.15\byte-buddy-1.14.15.jar;C:\Users\Mehran Memon\.m2\repository\com\fspann\common\0.0.1-SNAPSHOT\common-0.0.1-SNAPSHOT.jar;C:\Users\Mehran Memon\.m2\repository\org\apache\commons\commons-lang3\3.17.0\commons-lang3-3.17.0.jar;C:\Users\Mehran Memon\.m2\repository\com\fasterxml\jackson\core\jackson-core\2.17.2\jackson-core-2.17.2.jar;C:\Users\Mehran Memon\.m2\repository\com\fspann\keymanagement\0.0.1-SNAPSHOT\keymanagement-0.0.1-SNAPSHOT.jar;C:\Users\Mehran Memon\.m2\repository\org\jetbrains\annotations\26.0.2\annotations-26.0.2.jar;C:\Users\Mehran Memon\.m2\repository\com\fspann\config\0.0.1-SNAPSHOT\config-0.0.1-SNAPSHOT.jar;C:\Users\Mehran Memon\.m2\repository\com\fasterxml\jackson\dataformat\jackson-dataformat-yaml\2.17.1\jackson-dataformat-yaml-2.17.1.jar;C:\Users\Mehran Memon\.m2\repository\org\yaml\snakeyaml\2.2\snakeyaml-2.2.jar;C:\Users\Mehran Memon\.m2\repository\org\slf4j\slf4j-api\2.0.13\slf4j-api-2.0.13.jar;C:\Users\Mehran Memon\.m2\repository\ch\qos\logback\logback-classic\1.5.13\logback-classic-1.5.13.jar;C:\Users\Mehran Memon\.m2\repository\ch\qos\logback\logback-core\1.5.13\logback-core-1.5.13.jar;C:\Users\Mehran Memon\.m2\repository\com\fasterxml\jackson\core\jackson-databind\2.17.2\jackson-databind-2.17.2.jar;C:\Users\Mehran Memon\.m2\repository\com\fasterxml\jackson\core\jackson-annotations\2.17.2\jackson-annotations-2.17.2.jar;C:\Users\Mehran Memon\.m2\repository\com\google\code\gson\gson\2.11.0\gson-2.11.0.jar;C:\Users\Mehran Memon\.m2\repository\com\google\errorprone\error_prone_annotations\2.27.0\error_prone_annotations-2.27.0.jar;C:\Users\Mehran Memon\.m2\repository\com\fspann\loader\0.0.1-SNAPSHOT\loader-0.0.1-SNAPSHOT.jar;C:\Users\Mehran Memon\.m2\repository\org\apache\commons\commons-compress\1.26.1\commons-compress-1.26.1.jar;C:\Users\Mehran Memon\.m2\repository\commons-codec\commons-codec\1.16.1\commons-codec-1.16.1.jar;C:\Users\Mehran Memon\.m2\repository\commons-io\commons-io\2.15.1\commons-io-2.15.1.jar;C:\Users\Mehran Memon\.m2\repository\io\micrometer\micrometer-core\1.11.0\micrometer-core-1.11.0.jar;C:\Users\Mehran Memon\.m2\repository\io\micrometer\micrometer-commons\1.11.0\micrometer-commons-1.11.0.jar;C:\Users\Mehran Memon\.m2\repository\io\micrometer\micrometer-observation\1.11.0\micrometer-observation-1.11.0.jar;C:\Users\Mehran Memon\.m2\repository\org\hdrhistogram\HdrHistogram\2.1.12\HdrHistogram-2.1.12.jar;C:\Users\Mehran Memon\.m2\repository\org\latencyutils\LatencyUtils\2.0.3\LatencyUtils-2.0.3.jar;C:\Users\Mehran Memon\.m2\repository\io\micrometer\micrometer-registry-prometheus\1.11.0\micrometer-registry-prometheus-1.11.0.jar;C:\Users\Mehran Memon\.m2\repository\io\prometheus\simpleclient_common\0.16.0\simpleclient_common-0.16.0.jar;C:\Users\Mehran Memon\.m2\repository\io\prometheus\simpleclient\0.16.0\simpleclient-0.16.0.jar;C:\Users\Mehran Memon\.m2\repository\io\prometheus\simpleclient_tracer_otel\0.16.0\simpleclient_tracer_otel-0.16.0.jar;C:\Users\Mehran Memon\.m2\repository\io\prometheus\simpleclient_tracer_common\0.16.0\simpleclient_tracer_common-0.16.0.jar;C:\Users\Mehran Memon\.m2\repository\io\prometheus\simpleclient_tracer_otel_agent\0.16.0\simpleclient_tracer_otel_agent-0.16.0.jar;C:\Users\Mehran Memon\.m2\repository\org\jfree\jfreechart\1.5.3\jfreechart-1.5.3.jar;C:\Users\Mehran Memon\.m2\repository\junit\junit\4.0\junit-4.0.jar;C:\Users\Mehran Memon\.m2\repository\org\junit\jupiter\junit-jupiter\5.11.0\junit-jupiter-5.11.0.jar;C:\Users\Mehran Memon\.m2\repository\org\junit\jupiter\junit-jupiter-params\5.11.0\junit-jupiter-params-5.11.0.jar;C:\Users\Mehran Memon\.m2\repository\org\junit\jupiter\junit-jupiter-engine\5.11.0\junit-jupiter-engine-5.11.0.jar;C:\Users\Mehran Memon\.m2\repository\org\junit\platform\junit-platform-engine\1.11.0\junit-platform-engine-1.11.0.jar;C:\Users\Mehran Memon\.m2\repository\org\junit\jupiter\junit-jupiter-api\5.11.0\junit-jupiter-api-5.11.0.jar;C:\Users\Mehran Memon\.m2\repository\org\opentest4j\opentest4j\1.3.0\opentest4j-1.3.0.jar;C:\Users\Mehran Memon\.m2\repository\org\junit\platform\junit-platform-commons\1.11.0\junit-platform-commons-1.11.0.jar;C:\Users\Mehran Memon\.m2\repository\org\apiguardian\apiguardian-api\1.1.2\apiguardian-api-1.1.2.jar;"/>
    <property name="sun.awt.enableExtraMouseButtons" value="true"/>
    <property name="java.vm.vendor" value="Oracle Corporation"/>
    <property name="net.bytebuddy.experimental" value="true"/>
    <property name="sun.arch.data.model" value="64"/>
    <property name="user.variant" value=""/>
    <property name="java.vendor.url" value="https://java.oracle.com/"/>
    <property name="user.timezone" value="Asia/Shanghai"/>
    <property name="os.name" value="Windows 11"/>
    <property name="java.vm.specification.version" value="22"/>
    <property name="sun.java.launcher" value="SUN_STANDARD"/>
    <property name="user.country" value="US"/>
    <property name="sun.boot.library.path" value="C:\Program Files\Java\jdk-22\bin"/>
    <property name="sun.java.command" value="C:\Users\Mehran Memon\AppData\Local\Temp\surefire11214474436592295440\surefirebooter13910744938483427241.jar C:\Users\Mehran Memon\AppData\Local\Temp\surefire11214474436592295440 2025-06-18T19-18-35_433-jvmRun1 surefire13423505066635989799tmp surefire_09495279205587026277tmp"/>
    <property name="jdk.debug" value="release"/>
    <property name="surefire.test.class.path" value="C:\Users\Mehran Memon\eclipse-workspace\fspann-query-system\fsp-anns-parent\api\target\test-classes;C:\Users\Mehran Memon\eclipse-workspace\fspann-query-system\fsp-anns-parent\api\target\classes;C:\Users\Mehran Memon\.m2\repository\com\fspann\query\0.0.1-SNAPSHOT\query-0.0.1-SNAPSHOT.jar;C:\Users\Mehran Memon\.m2\repository\com\fspann\index\0.0.1-SNAPSHOT\index-0.0.1-SNAPSHOT.jar;C:\Users\Mehran Memon\.m2\repository\org\apache\commons\commons-math3\3.6.1\commons-math3-3.6.1.jar;C:\Users\Mehran Memon\.m2\repository\com\fspann\crypto\0.0.1-SNAPSHOT\crypto-0.0.1-SNAPSHOT.jar;C:\Users\Mehran Memon\.m2\repository\org\bouncycastle\bcprov-jdk18on\1.78\bcprov-jdk18on-1.78.jar;C:\Users\Mehran Memon\.m2\repository\net\bytebuddy\byte-buddy\1.14.15\byte-buddy-1.14.15.jar;C:\Users\Mehran Memon\.m2\repository\com\fspann\common\0.0.1-SNAPSHOT\common-0.0.1-SNAPSHOT.jar;C:\Users\Mehran Memon\.m2\repository\org\apache\commons\commons-lang3\3.17.0\commons-lang3-3.17.0.jar;C:\Users\Mehran Memon\.m2\repository\com\fasterxml\jackson\core\jackson-core\2.17.2\jackson-core-2.17.2.jar;C:\Users\Mehran Memon\.m2\repository\com\fspann\keymanagement\0.0.1-SNAPSHOT\keymanagement-0.0.1-SNAPSHOT.jar;C:\Users\Mehran Memon\.m2\repository\org\jetbrains\annotations\26.0.2\annotations-26.0.2.jar;C:\Users\Mehran Memon\.m2\repository\com\fspann\config\0.0.1-SNAPSHOT\config-0.0.1-SNAPSHOT.jar;C:\Users\Mehran Memon\.m2\repository\com\fasterxml\jackson\dataformat\jackson-dataformat-yaml\2.17.1\jackson-dataformat-yaml-2.17.1.jar;C:\Users\Mehran Memon\.m2\repository\org\yaml\snakeyaml\2.2\snakeyaml-2.2.jar;C:\Users\Mehran Memon\.m2\repository\org\slf4j\slf4j-api\2.0.13\slf4j-api-2.0.13.jar;C:\Users\Mehran Memon\.m2\repository\ch\qos\logback\logback-classic\1.5.13\logback-classic-1.5.13.jar;C:\Users\Mehran Memon\.m2\repository\ch\qos\logback\logback-core\1.5.13\logback-core-1.5.13.jar;C:\Users\Mehran Memon\.m2\repository\com\fasterxml\jackson\core\jackson-databind\2.17.2\jackson-databind-2.17.2.jar;C:\Users\Mehran Memon\.m2\repository\com\fasterxml\jackson\core\jackson-annotations\2.17.2\jackson-annotations-2.17.2.jar;C:\Users\Mehran Memon\.m2\repository\com\google\code\gson\gson\2.11.0\gson-2.11.0.jar;C:\Users\Mehran Memon\.m2\repository\com\google\errorprone\error_prone_annotations\2.27.0\error_prone_annotations-2.27.0.jar;C:\Users\Mehran Memon\.m2\repository\com\fspann\loader\0.0.1-SNAPSHOT\loader-0.0.1-SNAPSHOT.jar;C:\Users\Mehran Memon\.m2\repository\org\apache\commons\commons-compress\1.26.1\commons-compress-1.26.1.jar;C:\Users\Mehran Memon\.m2\repository\commons-codec\commons-codec\1.16.1\commons-codec-1.16.1.jar;C:\Users\Mehran Memon\.m2\repository\commons-io\commons-io\2.15.1\commons-io-2.15.1.jar;C:\Users\Mehran Memon\.m2\repository\io\micrometer\micrometer-core\1.11.0\micrometer-core-1.11.0.jar;C:\Users\Mehran Memon\.m2\repository\io\micrometer\micrometer-commons\1.11.0\micrometer-commons-1.11.0.jar;C:\Users\Mehran Memon\.m2\repository\io\micrometer\micrometer-observation\1.11.0\micrometer-observation-1.11.0.jar;C:\Users\Mehran Memon\.m2\repository\org\hdrhistogram\HdrHistogram\2.1.12\HdrHistogram-2.1.12.jar;C:\Users\Mehran Memon\.m2\repository\org\latencyutils\LatencyUtils\2.0.3\LatencyUtils-2.0.3.jar;C:\Users\Mehran Memon\.m2\repository\io\micrometer\micrometer-registry-prometheus\1.11.0\micrometer-registry-prometheus-1.11.0.jar;C:\Users\Mehran Memon\.m2\repository\io\prometheus\simpleclient_common\0.16.0\simpleclient_common-0.16.0.jar;C:\Users\Mehran Memon\.m2\repository\io\prometheus\simpleclient\0.16.0\simpleclient-0.16.0.jar;C:\Users\Mehran Memon\.m2\repository\io\prometheus\simpleclient_tracer_otel\0.16.0\simpleclient_tracer_otel-0.16.0.jar;C:\Users\Mehran Memon\.m2\repository\io\prometheus\simpleclient_tracer_common\0.16.0\simpleclient_tracer_common-0.16.0.jar;C:\Users\Mehran Memon\.m2\repository\io\prometheus\simpleclient_tracer_otel_agent\0.16.0\simpleclient_tracer_otel_agent-0.16.0.jar;C:\Users\Mehran Memon\.m2\repository\org\jfree\jfreechart\1.5.3\jfreechart-1.5.3.jar;C:\Users\Mehran Memon\.m2\repository\junit\junit\4.0\junit-4.0.jar;C:\Users\Mehran Memon\.m2\repository\org\junit\jupiter\junit-jupiter\5.11.0\junit-jupiter-5.11.0.jar;C:\Users\Mehran Memon\.m2\repository\org\junit\jupiter\junit-jupiter-params\5.11.0\junit-jupiter-params-5.11.0.jar;C:\Users\Mehran Memon\.m2\repository\org\junit\jupiter\junit-jupiter-engine\5.11.0\junit-jupiter-engine-5.11.0.jar;C:\Users\Mehran Memon\.m2\repository\org\junit\platform\junit-platform-engine\1.11.0\junit-platform-engine-1.11.0.jar;C:\Users\Mehran Memon\.m2\repository\org\junit\jupiter\junit-jupiter-api\5.11.0\junit-jupiter-api-5.11.0.jar;C:\Users\Mehran Memon\.m2\repository\org\opentest4j\opentest4j\1.3.0\opentest4j-1.3.0.jar;C:\Users\Mehran Memon\.m2\repository\org\junit\platform\junit-platform-commons\1.11.0\junit-platform-commons-1.11.0.jar;C:\Users\Mehran Memon\.m2\repository\org\apiguardian\apiguardian-api\1.1.2\apiguardian-api-1.1.2.jar;"/>
    <property name="sun.cpu.endian" value="little"/>
    <property name="user.home" value="C:\Users\Mehran Memon"/>
    <property name="user.language" value="en"/>
    <property name="java.specification.vendor" value="Oracle Corporation"/>
    <property name="java.version.date" value="2024-07-16"/>
    <property name="java.home" value="C:\Program Files\Java\jdk-22"/>
    <property name="file.separator" value="\"/>
    <property name="basedir" value="C:\Users\Mehran Memon\eclipse-workspace\fspann-query-system\fsp-anns-parent\api"/>
    <property name="java.vm.compressedOopsMode" value="Zero based"/>
    <property name="line.separator" value="&#10;"/>
    <property name="java.vm.specification.vendor" value="Oracle Corporation"/>
    <property name="java.specification.name" value="Java Platform API Specification"/>
    <property name="surefire.real.class.path" value="C:\Users\Mehran Memon\AppData\Local\Temp\surefire11214474436592295440\surefirebooter13910744938483427241.jar"/>
    <property name="user.script" value=""/>
    <property name="sun.management.compiler" value="HotSpot 64-Bit Tiered Compilers"/>
    <property name="java.runtime.version" value="22.0.2+9-70"/>
    <property name="user.name" value="Mehran Memon"/>
    <property name="stdout.encoding" value="Cp1252"/>
    <property name="path.separator" value=";"/>
    <property name="os.version" value="10.0"/>
    <property name="java.runtime.name" value="Java(TM) SE Runtime Environment"/>
    <property name="file.encoding" value="UTF-8"/>
    <property name="java.vm.name" value="Java HotSpot(TM) 64-Bit Server VM"/>
    <property name="localRepository" value="C:\Users\Mehran Memon\.m2\repository"/>
    <property name="java.vendor.url.bug" value="https://bugreport.java.com/bugreport/"/>
    <property name="java.io.tmpdir" value="C:\Users\MEHRAN~1\AppData\Local\Temp\"/>
    <property name="idea.version" value="2024.3.5"/>
    <property name="java.version" value="22.0.2"/>
    <property name="user.dir" value="C:\Users\Mehran Memon\eclipse-workspace\fspann-query-system\fsp-anns-parent\api"/>
    <property name="os.arch" value="amd64"/>
    <property name="java.vm.specification.name" value="Java Virtual Machine Specification"/>
    <property name="sun.os.patch.level" value=""/>
    <property name="native.encoding" value="Cp1252"/>
    <property name="java.library.path" value="C:\Program Files\Java\jdk-22\bin;C:\WINDOWS\Sun\Java\bin;C:\WINDOWS\system32;C:\WINDOWS;C:\Program Files\Common Files\Oracle\Java\javapath;C:\WINDOWS\system32;C:\WINDOWS;C:\WINDOWS\System32\Wbem;C:\WINDOWS\System32\WindowsPowerShell\v1.0\;C:\WINDOWS\System32\OpenSSH\;C:\Program Files\Git\cmd;C:\Program Files\Go\bin;C:\Program Files\Apache\apache-maven-3.9.9-bin\apache-maven-3.9.9\bin;C:\Program Files\dotnet\;C:\Program Files\Git LFS;C:\Users\Mehran Memon\AppData\Local\Microsoft\WindowsApps;C:\Users\Mehran Memon\AppData\Local\GitHubDesktop\bin;C:\Users\Mehran Memon\go\bin;C:\Users\Mehran Memon\AppData\Local\JetBrains\Toolbox\scripts;;C:\Users\Mehran Memon\.lmstudio\bin;%USERPROFILE%\AppData\Local\Microsoft\WindowsApps;."/>
    <property name="java.vm.info" value="mixed mode, sharing"/>
    <property name="stderr.encoding" value="Cp1252"/>
    <property name="java.vendor" value="Oracle Corporation"/>
    <property name="java.vm.version" value="22.0.2+9-70"/>
    <property name="sun.io.unicode.encoding" value="UnicodeLittle"/>
    <property name="java.class.version" value="66.0"/>
  </properties>
  <testcase name="bulkPerformanceTest" classname="com.fspann.api.ForwardSecureANNSystemPerformanceIntegrationTest" time="143.782">
    <failure type="org.opentest4j.AssertionFailedError"><![CDATA[org.opentest4j.AssertionFailedError: Insert too slow: 143.7784293 ms ==> expected: <true> but was: <false>
	at com.fspann.api.ForwardSecureANNSystemPerformanceIntegrationTest.bulkPerformanceTest(ForwardSecureANNSystemPerformanceIntegrationTest.java:102)
]]></failure>
    <system-out><![CDATA[2025-06-18 19:18:51 [main] INFO  c.fspann.api.ForwardSecureANNSystem - Initializing ForwardSecureANNSystem with config=C:\Users\MEHRAN~1\AppData\Local\Temp\junit-15561364093942455324\config.json, data=C:\Users\MEHRAN~1\AppData\Local\Temp\junit-15561364093942455324\data.csv, keys=C:\Users\MEHRAN~1\AppData\Local\Temp\junit-15561364093942455324\keys.ser, dims=[10], metadata=C:\Users\MEHRAN~1\AppData\Local\Temp\junit-15561364093942455324\metadata
2025-06-18 19:18:51 [main] INFO  com.fspann.config.SystemConfig - Successfully loaded config from C:\Users\MEHRAN~1\AppData\Local\Temp\junit-15561364093942455324\config.json
2025-06-18 19:18:51 [main] INFO  c.fspann.api.ForwardSecureANNSystem - Loaded system configuration
2025-06-18 19:18:51 [main] INFO  com.fspann.key.KeyManager - Initialized new key store (version 1)
2025-06-18 19:18:51 [main] INFO  c.fspann.api.ForwardSecureANNSystem - KeyManager initialized
2025-06-18 19:18:51 [main] INFO  c.fspann.api.ForwardSecureANNSystem - KeyRotationServiceImpl initialized successfully
2025-06-18 19:18:51 [main] INFO  c.fspann.api.ForwardSecureANNSystem - KeyManager initialized with forward-secure key derivation, using keys file at C:\Users\MEHRAN~1\AppData\Local\Temp\junit-15561364093942455324\keys.ser
2025-06-18 19:18:51 [main] INFO  c.fspann.api.ForwardSecureANNSystem - CryptoService (AES-GCM with forward security) ready
2025-06-18 19:18:51 [main] INFO  com.fspann.common.MetadataManager - Loaded metadata from metadata.ser
2025-06-18 19:18:51 [main] INFO  c.fspann.api.ForwardSecureANNSystem - SecureLSHIndexService initialized with 4 shards
2025-06-18 19:18:51 [main] INFO  c.fspann.api.ForwardSecureANNSystem - Cache and Profiler initialized
2025-06-18 19:18:51 [main] INFO  c.fspann.api.ForwardSecureANNSystem - QueryService initialized and ready
2025-06-18 19:18:51 [main] INFO  c.fspann.api.ForwardSecureANNSystem - Loading base data from C:\Users\MEHRAN~1\AppData\Local\Temp\junit-15561364093942455324\data.csv
2025-06-18 19:18:51 [main] INFO  com.fspann.loader.DefaultDataLoader - Loading data from C:\Users\MEHRAN~1\AppData\Local\Temp\junit-15561364093942455324\data.csv using loader for CSV
2025-06-18 19:18:51 [main] INFO  c.fspann.api.ForwardSecureANNSystem - Loaded 10 vectors for dimension 10
2025-06-18 19:18:51 [main] INFO  com.fspann.common.MetadataManager - Saved metadata to metadata.ser
2025-06-18 19:18:51 [main] INFO  com.fspann.common.MetadataManager - Saved metadata to metadata.ser
2025-06-18 19:18:51 [main] INFO  com.fspann.common.MetadataManager - Saved metadata to metadata.ser
2025-06-18 19:18:51 [main] INFO  com.fspann.common.MetadataManager - Saved metadata to metadata.ser
2025-06-18 19:18:51 [main] INFO  com.fspann.common.MetadataManager - Saved metadata to metadata.ser
2025-06-18 19:18:51 [main] INFO  com.fspann.common.MetadataManager - Saved metadata to metadata.ser
2025-06-18 19:18:51 [main] INFO  com.fspann.common.MetadataManager - Saved metadata to metadata.ser
2025-06-18 19:18:52 [main] INFO  com.fspann.common.MetadataManager - Saved metadata to metadata.ser
2025-06-18 19:18:52 [main] INFO  com.fspann.common.MetadataManager - Saved metadata to metadata.ser
2025-06-18 19:18:52 [main] INFO  com.fspann.common.MetadataManager - Saved metadata to metadata.ser
2025-06-18 19:18:52 [main] INFO  com.fspann.common.MetadataManager - Saved metadata to metadata.ser
2025-06-18 19:18:52 [main] INFO  com.fspann.common.MetadataManager - Saved metadata to metadata.ser
2025-06-18 19:18:52 [main] INFO  com.fspann.common.MetadataManager - Saved metadata to metadata.ser
2025-06-18 19:18:52 [main] INFO  com.fspann.common.MetadataManager - Saved metadata to metadata.ser
2025-06-18 19:18:52 [main] INFO  com.fspann.common.MetadataManager - Saved metadata to metadata.ser
2025-06-18 19:18:52 [main] INFO  com.fspann.common.MetadataManager - Saved metadata to metadata.ser
2025-06-18 19:18:52 [main] INFO  com.fspann.common.MetadataManager - Saved metadata to metadata.ser
2025-06-18 19:18:52 [main] INFO  com.fspann.common.MetadataManager - Saved metadata to metadata.ser
2025-06-18 19:18:52 [main] INFO  com.fspann.common.MetadataManager - Saved metadata to metadata.ser
2025-06-18 19:18:52 [main] INFO  com.fspann.common.MetadataManager - Saved metadata to metadata.ser
2025-06-18 19:18:52 [main] INFO  c.fspann.api.ForwardSecureANNSystem - Batch insert complete for 10 vectors in 1282.6389 ms
2025-06-18 19:18:52 [main] INFO  c.fspann.api.ForwardSecureANNSystem - Initial data insertion complete
2025-06-18 19:18:52 [main] INFO  com.fspann.common.MetadataManager - Saved metadata to metadata.ser
2025-06-18 19:18:52 [main] INFO  com.fspann.common.MetadataManager - Saved metadata to metadata.ser
2025-06-18 19:18:52 [main] INFO  c.fspann.api.ForwardSecureANNSystem - Insert complete for id=822e6423-63a3-4237-9d9d-33b49fea4580 in 125.5316 ms
2025-06-18 19:18:52 [main] INFO  com.fspann.common.MetadataManager - Saved metadata to metadata.ser
2025-06-18 19:18:53 [main] INFO  com.fspann.common.MetadataManager - Saved metadata to metadata.ser
2025-06-18 19:18:53 [main] INFO  c.fspann.api.ForwardSecureANNSystem - Insert complete for id=eb4c0c20-5bea-4fc8-8737-efc523d38006 in 132.5503 ms
2025-06-18 19:18:53 [main] INFO  com.fspann.common.MetadataManager - Saved metadata to metadata.ser
2025-06-18 19:18:53 [main] INFO  com.fspann.common.MetadataManager - Saved metadata to metadata.ser
2025-06-18 19:18:53 [main] INFO  c.fspann.api.ForwardSecureANNSystem - Insert complete for id=ec62ca30-8a6b-4506-9ac6-2ee0104fb877 in 129.4922 ms
2025-06-18 19:18:53 [main] INFO  com.fspann.common.MetadataManager - Saved metadata to metadata.ser
2025-06-18 19:18:53 [main] INFO  com.fspann.common.MetadataManager - Saved metadata to metadata.ser
2025-06-18 19:18:53 [main] INFO  c.fspann.api.ForwardSecureANNSystem - Insert complete for id=7a3cfdf9-9deb-47df-86de-addf562ae11c in 133.3209 ms
2025-06-18 19:18:53 [main] INFO  com.fspann.common.MetadataManager - Saved metadata to metadata.ser
2025-06-18 19:18:53 [main] INFO  com.fspann.common.MetadataManager - Saved metadata to metadata.ser
2025-06-18 19:18:53 [main] INFO  c.fspann.api.ForwardSecureANNSystem - Insert complete for id=cf8ba7fc-ee39-4829-be37-92b4466993cb in 124.1671 ms
2025-06-18 19:18:53 [main] INFO  com.fspann.common.MetadataManager - Saved metadata to metadata.ser
2025-06-18 19:18:53 [main] INFO  com.fspann.common.MetadataManager - Saved metadata to metadata.ser
2025-06-18 19:18:53 [main] INFO  c.fspann.api.ForwardSecureANNSystem - Insert complete for id=f0c11e3b-6d42-4d6a-8bf2-d1a01da6b52b in 123.9698 ms
2025-06-18 19:18:53 [main] INFO  com.fspann.common.MetadataManager - Saved metadata to metadata.ser
2025-06-18 19:18:53 [main] INFO  com.fspann.common.MetadataManager - Saved metadata to metadata.ser
2025-06-18 19:18:53 [main] INFO  c.fspann.api.ForwardSecureANNSystem - Insert complete for id=90f384bc-1d15-4c43-b1ff-5711af5a2a84 in 125.4067 ms
2025-06-18 19:18:53 [main] INFO  com.fspann.common.MetadataManager - Saved metadata to metadata.ser
2025-06-18 19:18:53 [main] INFO  com.fspann.common.MetadataManager - Saved metadata to metadata.ser
2025-06-18 19:18:53 [main] INFO  c.fspann.api.ForwardSecureANNSystem - Insert complete for id=3470cee5-aec1-4022-a70d-1f526a6fa319 in 125.4833 ms
2025-06-18 19:18:53 [main] INFO  com.fspann.common.MetadataManager - Saved metadata to metadata.ser
2025-06-18 19:18:53 [main] INFO  com.fspann.common.MetadataManager - Saved metadata to metadata.ser
2025-06-18 19:18:53 [main] INFO  c.fspann.api.ForwardSecureANNSystem - Insert complete for id=706068a8-da0d-4f26-b795-5351c9dad5a1 in 127.4222 ms
2025-06-18 19:18:54 [main] INFO  com.fspann.common.MetadataManager - Saved metadata to metadata.ser
2025-06-18 19:18:54 [main] INFO  com.fspann.common.MetadataManager - Saved metadata to metadata.ser
2025-06-18 19:18:54 [main] INFO  c.fspann.api.ForwardSecureANNSystem - Insert complete for id=b1650a36-bed5-4b45-a183-9a1e51a85005 in 125.2648 ms
2025-06-18 19:18:54 [main] INFO  com.fspann.common.MetadataManager - Saved metadata to metadata.ser
2025-06-18 19:18:54 [main] INFO  com.fspann.common.MetadataManager - Saved metadata to metadata.ser
2025-06-18 19:18:54 [main] INFO  c.fspann.api.ForwardSecureANNSystem - Insert complete for id=ddbb147a-e51f-4a95-a791-674150359b2f in 124.862 ms
2025-06-18 19:18:54 [main] INFO  com.fspann.common.MetadataManager - Saved metadata to metadata.ser
2025-06-18 19:18:54 [main] INFO  com.fspann.common.MetadataManager - Saved metadata to metadata.ser
2025-06-18 19:18:54 [main] INFO  c.fspann.api.ForwardSecureANNSystem - Insert complete for id=736892f9-ee22-49d3-9dce-6a54a7c748d7 in 124.4443 ms
2025-06-18 19:18:54 [main] INFO  com.fspann.common.MetadataManager - Saved metadata to metadata.ser
2025-06-18 19:18:54 [main] INFO  com.fspann.common.MetadataManager - Saved metadata to metadata.ser
2025-06-18 19:18:54 [main] INFO  c.fspann.api.ForwardSecureANNSystem - Insert complete for id=52bc140e-c4c9-4f58-b2d1-a92df4b7d92c in 128.2255 ms
2025-06-18 19:18:54 [main] INFO  com.fspann.common.MetadataManager - Saved metadata to metadata.ser
2025-06-18 19:18:54 [main] INFO  com.fspann.common.MetadataManager - Saved metadata to metadata.ser
2025-06-18 19:18:54 [main] INFO  c.fspann.api.ForwardSecureANNSystem - Insert complete for id=056b1597-deb2-48e0-beb4-30fb0b23ae1b in 131.9921 ms
2025-06-18 19:18:54 [main] INFO  com.fspann.common.MetadataManager - Saved metadata to metadata.ser
2025-06-18 19:18:54 [main] INFO  com.fspann.common.MetadataManager - Saved metadata to metadata.ser
2025-06-18 19:18:54 [main] INFO  c.fspann.api.ForwardSecureANNSystem - Insert complete for id=7c0ed148-5634-488c-8d28-02ec3e0f1f69 in 125.1937 ms
2025-06-18 19:18:54 [main] INFO  com.fspann.common.MetadataManager - Saved metadata to metadata.ser
2025-06-18 19:18:54 [main] INFO  com.fspann.common.MetadataManager - Saved metadata to metadata.ser
2025-06-18 19:18:54 [main] INFO  c.fspann.api.ForwardSecureANNSystem - Insert complete for id=2d447f9d-1f95-41e3-b4a8-f5022d6773cd in 125.1277 ms
2025-06-18 19:18:54 [main] INFO  com.fspann.common.MetadataManager - Saved metadata to metadata.ser
2025-06-18 19:18:54 [main] INFO  com.fspann.common.MetadataManager - Saved metadata to metadata.ser
2025-06-18 19:18:54 [main] INFO  c.fspann.api.ForwardSecureANNSystem - Insert complete for id=69b074fa-ffb3-42d5-968b-4087dde3d9ff in 126.3552 ms
2025-06-18 19:18:55 [main] INFO  com.fspann.common.MetadataManager - Saved metadata to metadata.ser
2025-06-18 19:18:55 [main] INFO  com.fspann.common.MetadataManager - Saved metadata to metadata.ser
2025-06-18 19:18:55 [main] INFO  c.fspann.api.ForwardSecureANNSystem - Insert complete for id=906d3b55-c51e-48ab-880e-cad51ed98862 in 125.6408 ms
2025-06-18 19:18:55 [main] INFO  com.fspann.common.MetadataManager - Saved metadata to metadata.ser
2025-06-18 19:18:55 [main] INFO  com.fspann.common.MetadataManager - Saved metadata to metadata.ser
2025-06-18 19:18:55 [main] INFO  c.fspann.api.ForwardSecureANNSystem - Insert complete for id=31a8a135-e5c3-478b-a33b-db941e3a6c2e in 132.4889 ms
2025-06-18 19:18:55 [main] INFO  com.fspann.common.MetadataManager - Saved metadata to metadata.ser
2025-06-18 19:18:55 [main] INFO  com.fspann.common.MetadataManager - Saved metadata to metadata.ser
2025-06-18 19:18:55 [main] INFO  c.fspann.api.ForwardSecureANNSystem - Insert complete for id=b753fef8-c97f-434c-b99c-7e68290fbdad in 125.1843 ms
2025-06-18 19:18:55 [main] INFO  com.fspann.common.MetadataManager - Saved metadata to metadata.ser
2025-06-18 19:18:55 [main] INFO  com.fspann.common.MetadataManager - Saved metadata to metadata.ser
2025-06-18 19:18:55 [main] INFO  c.fspann.api.ForwardSecureANNSystem - Insert complete for id=609d9db1-5ec5-4773-9b91-9aeea491fc48 in 124.4886 ms
2025-06-18 19:18:55 [main] INFO  com.fspann.common.MetadataManager - Saved metadata to metadata.ser
2025-06-18 19:18:55 [main] INFO  com.fspann.common.MetadataManager - Saved metadata to metadata.ser
2025-06-18 19:18:55 [main] INFO  c.fspann.api.ForwardSecureANNSystem - Insert complete for id=6b7dc431-d01f-4fa1-a0cc-dc4f49227d10 in 136.4037 ms
2025-06-18 19:18:55 [main] INFO  com.fspann.common.MetadataManager - Saved metadata to metadata.ser
2025-06-18 19:18:55 [main] INFO  com.fspann.common.MetadataManager - Saved metadata to metadata.ser
2025-06-18 19:18:55 [main] INFO  c.fspann.api.ForwardSecureANNSystem - Insert complete for id=864fb29d-3c89-400f-af29-f12252094781 in 130.2293 ms
2025-06-18 19:18:55 [main] INFO  com.fspann.common.MetadataManager - Saved metadata to metadata.ser
2025-06-18 19:18:55 [main] INFO  com.fspann.common.MetadataManager - Saved metadata to metadata.ser
2025-06-18 19:18:55 [main] INFO  c.fspann.api.ForwardSecureANNSystem - Insert complete for id=92b1c4fd-fb14-47a8-960e-c219d28eac69 in 133.5808 ms
2025-06-18 19:18:55 [main] INFO  com.fspann.common.MetadataManager - Saved metadata to metadata.ser
2025-06-18 19:18:56 [main] INFO  com.fspann.common.MetadataManager - Saved metadata to metadata.ser
2025-06-18 19:18:56 [main] INFO  c.fspann.api.ForwardSecureANNSystem - Insert complete for id=dcf880e9-eb11-41d3-afa1-63a5bb271f80 in 152.2191 ms
2025-06-18 19:18:56 [main] INFO  com.fspann.common.MetadataManager - Saved metadata to metadata.ser
2025-06-18 19:18:56 [main] INFO  com.fspann.common.MetadataManager - Saved metadata to metadata.ser
2025-06-18 19:18:56 [main] INFO  c.fspann.api.ForwardSecureANNSystem - Insert complete for id=c553a0eb-d279-483e-b87d-ed7ce6ba99dc in 137.8166 ms
2025-06-18 19:18:56 [main] INFO  com.fspann.common.MetadataManager - Saved metadata to metadata.ser
2025-06-18 19:18:56 [main] INFO  com.fspann.common.MetadataManager - Saved metadata to metadata.ser
2025-06-18 19:18:56 [main] INFO  c.fspann.api.ForwardSecureANNSystem - Insert complete for id=df153d7e-02d0-459e-8e83-97a7210599a2 in 184.5593 ms
2025-06-18 19:18:56 [main] INFO  com.fspann.common.MetadataManager - Saved metadata to metadata.ser
2025-06-18 19:18:56 [main] INFO  com.fspann.common.MetadataManager - Saved metadata to metadata.ser
2025-06-18 19:18:56 [main] INFO  c.fspann.api.ForwardSecureANNSystem - Insert complete for id=e53bc878-110f-4196-8716-a15b9d7fd075 in 152.4575 ms
2025-06-18 19:18:56 [main] INFO  com.fspann.common.MetadataManager - Saved metadata to metadata.ser
2025-06-18 19:18:56 [main] INFO  com.fspann.common.MetadataManager - Saved metadata to metadata.ser
2025-06-18 19:18:56 [main] INFO  c.fspann.api.ForwardSecureANNSystem - Insert complete for id=8404e212-6703-434e-a8d0-761cef14a9d7 in 135.9816 ms
2025-06-18 19:18:56 [main] INFO  com.fspann.common.MetadataManager - Saved metadata to metadata.ser
2025-06-18 19:18:56 [main] INFO  com.fspann.common.MetadataManager - Saved metadata to metadata.ser
2025-06-18 19:18:56 [main] INFO  c.fspann.api.ForwardSecureANNSystem - Insert complete for id=e7ea996c-5a88-4b7b-bae8-dc165eaed262 in 130.8386 ms
2025-06-18 19:18:56 [main] INFO  com.fspann.common.MetadataManager - Saved metadata to metadata.ser
2025-06-18 19:18:56 [main] INFO  com.fspann.common.MetadataManager - Saved metadata to metadata.ser
2025-06-18 19:18:56 [main] INFO  c.fspann.api.ForwardSecureANNSystem - Insert complete for id=2b423c93-8ae1-46e8-b8e2-91311a361c41 in 129.9571 ms
2025-06-18 19:18:56 [main] INFO  com.fspann.common.MetadataManager - Saved metadata to metadata.ser
2025-06-18 19:18:57 [main] INFO  com.fspann.common.MetadataManager - Saved metadata to metadata.ser
2025-06-18 19:18:57 [main] INFO  c.fspann.api.ForwardSecureANNSystem - Insert complete for id=43a90cb0-f1d7-4e68-80f1-4fac6efc6211 in 130.3325 ms
2025-06-18 19:18:57 [main] INFO  com.fspann.common.MetadataManager - Saved metadata to metadata.ser
2025-06-18 19:18:57 [main] INFO  com.fspann.common.MetadataManager - Saved metadata to metadata.ser
2025-06-18 19:18:57 [main] INFO  c.fspann.api.ForwardSecureANNSystem - Insert complete for id=7980545f-f816-4959-8d45-c63efd8b5d8d in 126.5724 ms
2025-06-18 19:18:57 [main] INFO  com.fspann.common.MetadataManager - Saved metadata to metadata.ser
2025-06-18 19:18:57 [main] INFO  com.fspann.common.MetadataManager - Saved metadata to metadata.ser
2025-06-18 19:18:57 [main] INFO  c.fspann.api.ForwardSecureANNSystem - Insert complete for id=1fd00aa1-a4ef-4648-86c6-a5b655855272 in 125.5011 ms
2025-06-18 19:18:57 [main] INFO  com.fspann.common.MetadataManager - Saved metadata to metadata.ser
2025-06-18 19:18:57 [main] INFO  com.fspann.common.MetadataManager - Saved metadata to metadata.ser
2025-06-18 19:18:57 [main] INFO  c.fspann.api.ForwardSecureANNSystem - Insert complete for id=c35ba13d-f9f6-46fa-9e04-e312a1d0b61d in 129.5373 ms
2025-06-18 19:18:57 [main] INFO  com.fspann.common.MetadataManager - Saved metadata to metadata.ser
2025-06-18 19:18:57 [main] INFO  com.fspann.common.MetadataManager - Saved metadata to metadata.ser
2025-06-18 19:18:57 [main] INFO  c.fspann.api.ForwardSecureANNSystem - Insert complete for id=2c775db9-adc0-47d7-b0b4-3b630f51c860 in 127.4745 ms
2025-06-18 19:18:57 [main] INFO  com.fspann.common.MetadataManager - Saved metadata to metadata.ser
2025-06-18 19:18:57 [main] INFO  com.fspann.common.MetadataManager - Saved metadata to metadata.ser
2025-06-18 19:18:57 [main] INFO  c.fspann.api.ForwardSecureANNSystem - Insert complete for id=899a4af2-7400-4dcc-84af-8cc71877a1af in 124.8362 ms
2025-06-18 19:18:57 [main] INFO  com.fspann.common.MetadataManager - Saved metadata to metadata.ser
2025-06-18 19:18:57 [main] INFO  com.fspann.common.MetadataManager - Saved metadata to metadata.ser
2025-06-18 19:18:57 [main] INFO  c.fspann.api.ForwardSecureANNSystem - Insert complete for id=51b903c3-6ee9-46df-bf87-e4ece0e459fb in 128.8401 ms
2025-06-18 19:18:57 [main] INFO  com.fspann.common.MetadataManager - Saved metadata to metadata.ser
2025-06-18 19:18:57 [main] INFO  com.fspann.common.MetadataManager - Saved metadata to metadata.ser
2025-06-18 19:18:57 [main] INFO  c.fspann.api.ForwardSecureANNSystem - Insert complete for id=5725ec2d-9374-418d-b88c-2e0689674580 in 128.4914 ms
2025-06-18 19:18:57 [main] INFO  com.fspann.common.MetadataManager - Saved metadata to metadata.ser
2025-06-18 19:18:58 [main] INFO  com.fspann.common.MetadataManager - Saved metadata to metadata.ser
2025-06-18 19:18:58 [main] INFO  c.fspann.api.ForwardSecureANNSystem - Insert complete for id=ded41f9e-00d7-4284-97b8-67937d2b867c in 126.8202 ms
2025-06-18 19:18:58 [main] INFO  com.fspann.common.MetadataManager - Saved metadata to metadata.ser
2025-06-18 19:18:58 [main] INFO  com.fspann.common.MetadataManager - Saved metadata to metadata.ser
2025-06-18 19:18:58 [main] INFO  c.fspann.api.ForwardSecureANNSystem - Insert complete for id=17959523-460c-4f56-9b81-f92018007a5f in 125.7488 ms
2025-06-18 19:18:58 [main] INFO  com.fspann.common.MetadataManager - Saved metadata to metadata.ser
2025-06-18 19:18:58 [main] INFO  com.fspann.common.MetadataManager - Saved metadata to metadata.ser
2025-06-18 19:18:58 [main] INFO  c.fspann.api.ForwardSecureANNSystem - Insert complete for id=b877511f-cf10-41c7-80cf-ca70eb8035e2 in 127.001 ms
2025-06-18 19:18:58 [main] INFO  com.fspann.common.MetadataManager - Saved metadata to metadata.ser
2025-06-18 19:18:58 [main] INFO  com.fspann.common.MetadataManager - Saved metadata to metadata.ser
2025-06-18 19:18:58 [main] INFO  c.fspann.api.ForwardSecureANNSystem - Insert complete for id=f80b33f6-cb6d-4cbf-a13d-5774c6cd1093 in 126.545 ms
2025-06-18 19:18:58 [main] INFO  com.fspann.common.MetadataManager - Saved metadata to metadata.ser
2025-06-18 19:18:58 [main] INFO  com.fspann.common.MetadataManager - Saved metadata to metadata.ser
2025-06-18 19:18:58 [main] INFO  c.fspann.api.ForwardSecureANNSystem - Insert complete for id=b4651929-9cdf-442c-a295-c5702ffd59eb in 127.946 ms
2025-06-18 19:18:58 [main] INFO  com.fspann.common.MetadataManager - Saved metadata to metadata.ser
2025-06-18 19:18:58 [main] INFO  com.fspann.common.MetadataManager - Saved metadata to metadata.ser
2025-06-18 19:18:58 [main] INFO  c.fspann.api.ForwardSecureANNSystem - Insert complete for id=85176361-2660-4585-a8bd-4fc0450dd7d5 in 131.877 ms
2025-06-18 19:18:58 [main] INFO  com.fspann.common.MetadataManager - Saved metadata to metadata.ser
2025-06-18 19:18:58 [main] INFO  com.fspann.common.MetadataManager - Saved metadata to metadata.ser
2025-06-18 19:18:58 [main] INFO  c.fspann.api.ForwardSecureANNSystem - Insert complete for id=14119f67-ec82-4366-9c05-fd39de27e99a in 125.8484 ms
2025-06-18 19:18:58 [main] INFO  com.fspann.common.MetadataManager - Saved metadata to metadata.ser
2025-06-18 19:18:58 [main] INFO  com.fspann.common.MetadataManager - Saved metadata to metadata.ser
2025-06-18 19:18:58 [main] INFO  c.fspann.api.ForwardSecureANNSystem - Insert complete for id=cd7aaaad-926a-4a43-9d35-d15fb96dec62 in 124.9069 ms
2025-06-18 19:18:58 [main] INFO  com.fspann.common.MetadataManager - Saved metadata to metadata.ser
2025-06-18 19:18:59 [main] INFO  com.fspann.common.MetadataManager - Saved metadata to metadata.ser
2025-06-18 19:18:59 [main] INFO  c.fspann.api.ForwardSecureANNSystem - Insert complete for id=be10c7c6-2c0d-4f7e-9eff-efd232ad7313 in 124.9045 ms
2025-06-18 19:18:59 [main] INFO  com.fspann.common.MetadataManager - Saved metadata to metadata.ser
2025-06-18 19:18:59 [main] INFO  com.fspann.common.MetadataManager - Saved metadata to metadata.ser
2025-06-18 19:18:59 [main] INFO  c.fspann.api.ForwardSecureANNSystem - Insert complete for id=7c9360e2-652b-40ab-bc8a-4096c126cf71 in 124.9711 ms
2025-06-18 19:18:59 [main] INFO  com.fspann.common.MetadataManager - Saved metadata to metadata.ser
2025-06-18 19:18:59 [main] INFO  com.fspann.common.MetadataManager - Saved metadata to metadata.ser
2025-06-18 19:18:59 [main] INFO  c.fspann.api.ForwardSecureANNSystem - Insert complete for id=ba952cae-76e9-421c-a59e-daaaaf1152b5 in 130.5125 ms
2025-06-18 19:18:59 [main] INFO  com.fspann.common.MetadataManager - Saved metadata to metadata.ser
2025-06-18 19:18:59 [main] INFO  com.fspann.common.MetadataManager - Saved metadata to metadata.ser
2025-06-18 19:18:59 [main] INFO  c.fspann.api.ForwardSecureANNSystem - Insert complete for id=5bb72347-3134-40dd-a0c0-52f6db9a09ab in 131.2418 ms
2025-06-18 19:18:59 [main] INFO  com.fspann.common.MetadataManager - Saved metadata to metadata.ser
2025-06-18 19:18:59 [main] INFO  com.fspann.common.MetadataManager - Saved metadata to metadata.ser
2025-06-18 19:18:59 [main] INFO  c.fspann.api.ForwardSecureANNSystem - Insert complete for id=729b1dc3-c31d-4ac5-a159-288a6c396a66 in 126.7348 ms
2025-06-18 19:18:59 [main] INFO  com.fspann.common.MetadataManager - Saved metadata to metadata.ser
2025-06-18 19:18:59 [main] INFO  com.fspann.common.MetadataManager - Saved metadata to metadata.ser
2025-06-18 19:18:59 [main] INFO  c.fspann.api.ForwardSecureANNSystem - Insert complete for id=339531a1-b91a-41fd-875d-4d59c6346835 in 124.4063 ms
2025-06-18 19:18:59 [main] INFO  com.fspann.common.MetadataManager - Saved metadata to metadata.ser
2025-06-18 19:18:59 [main] INFO  com.fspann.common.MetadataManager - Saved metadata to metadata.ser
2025-06-18 19:18:59 [main] INFO  c.fspann.api.ForwardSecureANNSystem - Insert complete for id=3083f48c-18ad-4c42-8dca-f1d1d4248da3 in 125.8811 ms
2025-06-18 19:18:59 [main] INFO  com.fspann.common.MetadataManager - Saved metadata to metadata.ser
2025-06-18 19:18:59 [main] INFO  com.fspann.common.MetadataManager - Saved metadata to metadata.ser
2025-06-18 19:18:59 [main] INFO  c.fspann.api.ForwardSecureANNSystem - Insert complete for id=d5b72e9b-6c44-4abb-89c6-b7e0be7d778c in 125.9024 ms
2025-06-18 19:19:00 [main] INFO  com.fspann.common.MetadataManager - Saved metadata to metadata.ser
2025-06-18 19:19:00 [main] INFO  com.fspann.common.MetadataManager - Saved metadata to metadata.ser
2025-06-18 19:19:00 [main] INFO  c.fspann.api.ForwardSecureANNSystem - Insert complete for id=8f92d9c3-c6ad-4be2-ad7c-455b0572b929 in 134.677 ms
2025-06-18 19:19:00 [main] INFO  com.fspann.common.MetadataManager - Saved metadata to metadata.ser
2025-06-18 19:19:00 [main] INFO  com.fspann.common.MetadataManager - Saved metadata to metadata.ser
2025-06-18 19:19:00 [main] INFO  c.fspann.api.ForwardSecureANNSystem - Insert complete for id=73101480-a960-4717-9a4e-527943347d60 in 125.9041 ms
2025-06-18 19:19:00 [main] INFO  com.fspann.common.MetadataManager - Saved metadata to metadata.ser
2025-06-18 19:19:00 [main] INFO  com.fspann.common.MetadataManager - Saved metadata to metadata.ser
2025-06-18 19:19:00 [main] INFO  c.fspann.api.ForwardSecureANNSystem - Insert complete for id=ab3144c2-c338-48d7-85fa-df04b03378f2 in 132.7925 ms
2025-06-18 19:19:00 [main] INFO  com.fspann.common.MetadataManager - Saved metadata to metadata.ser
2025-06-18 19:19:00 [main] INFO  com.fspann.common.MetadataManager - Saved metadata to metadata.ser
2025-06-18 19:19:00 [main] INFO  c.fspann.api.ForwardSecureANNSystem - Insert complete for id=23b403d0-2c19-4c62-8f98-ab1b81084bba in 134.5787 ms
2025-06-18 19:19:00 [main] INFO  com.fspann.common.MetadataManager - Saved metadata to metadata.ser
2025-06-18 19:19:00 [main] INFO  com.fspann.common.MetadataManager - Saved metadata to metadata.ser
2025-06-18 19:19:00 [main] INFO  c.fspann.api.ForwardSecureANNSystem - Insert complete for id=de3a447f-340f-45a0-98e1-a98ac098e1de in 127.463 ms
2025-06-18 19:19:00 [main] INFO  com.fspann.common.MetadataManager - Saved metadata to metadata.ser
2025-06-18 19:19:00 [main] INFO  com.fspann.common.MetadataManager - Saved metadata to metadata.ser
2025-06-18 19:19:00 [main] INFO  c.fspann.api.ForwardSecureANNSystem - Insert complete for id=94e7d9d2-ef04-46c5-afc4-abfe7af88658 in 125.3127 ms
2025-06-18 19:19:00 [main] INFO  com.fspann.common.MetadataManager - Saved metadata to metadata.ser
2025-06-18 19:19:00 [main] INFO  com.fspann.common.MetadataManager - Saved metadata to metadata.ser
2025-06-18 19:19:00 [main] INFO  c.fspann.api.ForwardSecureANNSystem - Insert complete for id=c34d4e07-8960-4b75-bd2c-ec442072d3fd in 132.4816 ms
2025-06-18 19:19:00 [main] INFO  com.fspann.common.MetadataManager - Saved metadata to metadata.ser
2025-06-18 19:19:00 [main] INFO  com.fspann.common.MetadataManager - Saved metadata to metadata.ser
2025-06-18 19:19:00 [main] INFO  c.fspann.api.ForwardSecureANNSystem - Insert complete for id=c48db51d-7d21-43d6-9363-229c02f1c0b5 in 127.4398 ms
2025-06-18 19:19:01 [main] INFO  com.fspann.common.MetadataManager - Saved metadata to metadata.ser
2025-06-18 19:19:01 [main] INFO  com.fspann.common.MetadataManager - Saved metadata to metadata.ser
2025-06-18 19:19:01 [main] INFO  c.fspann.api.ForwardSecureANNSystem - Insert complete for id=3cf770cd-eaf7-4a5f-b57c-2a19d3671590 in 130.6832 ms
2025-06-18 19:19:01 [main] INFO  com.fspann.common.MetadataManager - Saved metadata to metadata.ser
2025-06-18 19:19:01 [main] INFO  com.fspann.common.MetadataManager - Saved metadata to metadata.ser
2025-06-18 19:19:01 [main] INFO  c.fspann.api.ForwardSecureANNSystem - Insert complete for id=e82845ff-f90f-4310-9e73-57d1442563ea in 123.4466 ms
2025-06-18 19:19:01 [main] INFO  com.fspann.common.MetadataManager - Saved metadata to metadata.ser
2025-06-18 19:19:01 [main] INFO  com.fspann.common.MetadataManager - Saved metadata to metadata.ser
2025-06-18 19:19:01 [main] INFO  c.fspann.api.ForwardSecureANNSystem - Insert complete for id=cf5d16a7-4752-4f7b-8b14-04769f2554e1 in 132.9558 ms
2025-06-18 19:19:01 [main] INFO  com.fspann.common.MetadataManager - Saved metadata to metadata.ser
2025-06-18 19:19:01 [main] INFO  com.fspann.common.MetadataManager - Saved metadata to metadata.ser
2025-06-18 19:19:01 [main] INFO  c.fspann.api.ForwardSecureANNSystem - Insert complete for id=546c2bf5-b483-4378-9529-249cdf5aec47 in 124.5224 ms
2025-06-18 19:19:01 [main] INFO  com.fspann.common.MetadataManager - Saved metadata to metadata.ser
2025-06-18 19:19:01 [main] INFO  com.fspann.common.MetadataManager - Saved metadata to metadata.ser
2025-06-18 19:19:01 [main] INFO  c.fspann.api.ForwardSecureANNSystem - Insert complete for id=d954aa1f-af42-41f0-ba24-d17b9fb5ea2a in 125.8331 ms
2025-06-18 19:19:01 [main] INFO  com.fspann.common.MetadataManager - Saved metadata to metadata.ser
2025-06-18 19:19:01 [main] INFO  com.fspann.common.MetadataManager - Saved metadata to metadata.ser
2025-06-18 19:19:01 [main] INFO  c.fspann.api.ForwardSecureANNSystem - Insert complete for id=4cfa2bad-2ab1-4035-b5b4-8970641d1d60 in 129.5827 ms
2025-06-18 19:19:01 [main] INFO  com.fspann.common.MetadataManager - Saved metadata to metadata.ser
2025-06-18 19:19:01 [main] INFO  com.fspann.common.MetadataManager - Saved metadata to metadata.ser
2025-06-18 19:19:01 [main] INFO  c.fspann.api.ForwardSecureANNSystem - Insert complete for id=ef5dfc4e-e683-4204-985b-cdad8bc2ddc2 in 126.0086 ms
2025-06-18 19:19:01 [main] INFO  com.fspann.common.MetadataManager - Saved metadata to metadata.ser
2025-06-18 19:19:02 [main] INFO  com.fspann.common.MetadataManager - Saved metadata to metadata.ser
2025-06-18 19:19:02 [main] INFO  c.fspann.api.ForwardSecureANNSystem - Insert complete for id=b0c5f33c-7bde-40aa-9797-9c91542e627f in 129.2073 ms
2025-06-18 19:19:02 [main] INFO  com.fspann.common.MetadataManager - Saved metadata to metadata.ser
2025-06-18 19:19:02 [main] INFO  com.fspann.common.MetadataManager - Saved metadata to metadata.ser
2025-06-18 19:19:02 [main] INFO  c.fspann.api.ForwardSecureANNSystem - Insert complete for id=1150fb7c-c0d9-4eac-81e7-38e4346f40dc in 126.1846 ms
2025-06-18 19:19:02 [main] INFO  com.fspann.common.MetadataManager - Saved metadata to metadata.ser
2025-06-18 19:19:02 [main] INFO  com.fspann.common.MetadataManager - Saved metadata to metadata.ser
2025-06-18 19:19:02 [main] INFO  c.fspann.api.ForwardSecureANNSystem - Insert complete for id=14bded8b-e7af-4fa0-99b9-eefcad025b08 in 125.8323 ms
2025-06-18 19:19:02 [main] INFO  com.fspann.common.MetadataManager - Saved metadata to metadata.ser
2025-06-18 19:19:02 [main] INFO  com.fspann.common.MetadataManager - Saved metadata to metadata.ser
2025-06-18 19:19:02 [main] INFO  c.fspann.api.ForwardSecureANNSystem - Insert complete for id=6f9f0453-ee93-44c7-8032-97eb66648e39 in 126.2596 ms
2025-06-18 19:19:02 [main] INFO  com.fspann.common.MetadataManager - Saved metadata to metadata.ser
2025-06-18 19:19:02 [main] INFO  com.fspann.common.MetadataManager - Saved metadata to metadata.ser
2025-06-18 19:19:02 [main] INFO  c.fspann.api.ForwardSecureANNSystem - Insert complete for id=2b34c052-3588-4df8-bfb7-4f2662ed165d in 126.3846 ms
2025-06-18 19:19:02 [main] INFO  com.fspann.common.MetadataManager - Saved metadata to metadata.ser
2025-06-18 19:19:02 [main] INFO  com.fspann.common.MetadataManager - Saved metadata to metadata.ser
2025-06-18 19:19:02 [main] INFO  c.fspann.api.ForwardSecureANNSystem - Insert complete for id=b33d0a6a-b06c-42c1-b4b2-14449884c854 in 129.405 ms
2025-06-18 19:19:02 [main] INFO  com.fspann.common.MetadataManager - Saved metadata to metadata.ser
2025-06-18 19:19:02 [main] INFO  com.fspann.common.MetadataManager - Saved metadata to metadata.ser
2025-06-18 19:19:02 [main] INFO  c.fspann.api.ForwardSecureANNSystem - Insert complete for id=2968df8c-908b-4816-a45a-2b93df9c095c in 133.2879 ms
2025-06-18 19:19:02 [main] INFO  com.fspann.common.MetadataManager - Saved metadata to metadata.ser
2025-06-18 19:19:02 [main] INFO  com.fspann.common.MetadataManager - Saved metadata to metadata.ser
2025-06-18 19:19:02 [main] INFO  c.fspann.api.ForwardSecureANNSystem - Insert complete for id=bc5e8a14-a08b-4257-a010-680e4c297978 in 132.8258 ms
2025-06-18 19:19:02 [main] INFO  com.fspann.common.MetadataManager - Saved metadata to metadata.ser
2025-06-18 19:19:03 [main] INFO  com.fspann.common.MetadataManager - Saved metadata to metadata.ser
2025-06-18 19:19:03 [main] INFO  c.fspann.api.ForwardSecureANNSystem - Insert complete for id=8b7b2d20-27d2-4981-b6ce-11aadf2bf7be in 129.5891 ms
2025-06-18 19:19:03 [main] INFO  com.fspann.common.MetadataManager - Saved metadata to metadata.ser
2025-06-18 19:19:03 [main] INFO  com.fspann.common.MetadataManager - Saved metadata to metadata.ser
2025-06-18 19:19:03 [main] INFO  c.fspann.api.ForwardSecureANNSystem - Insert complete for id=349b5935-b04a-4e1e-87af-3fe82d92b2b3 in 127.6601 ms
2025-06-18 19:19:03 [main] INFO  com.fspann.common.MetadataManager - Saved metadata to metadata.ser
2025-06-18 19:19:03 [main] INFO  com.fspann.common.MetadataManager - Saved metadata to metadata.ser
2025-06-18 19:19:03 [main] INFO  c.fspann.api.ForwardSecureANNSystem - Insert complete for id=41c03321-db17-4678-8de6-032d25645433 in 130.6741 ms
2025-06-18 19:19:03 [main] INFO  com.fspann.common.MetadataManager - Saved metadata to metadata.ser
2025-06-18 19:19:03 [main] INFO  com.fspann.common.MetadataManager - Saved metadata to metadata.ser
2025-06-18 19:19:03 [main] INFO  c.fspann.api.ForwardSecureANNSystem - Insert complete for id=3d3213ef-0211-4842-ab9e-c0d1397f2536 in 129.7501 ms
2025-06-18 19:19:03 [main] INFO  com.fspann.common.MetadataManager - Saved metadata to metadata.ser
2025-06-18 19:19:03 [main] INFO  com.fspann.common.MetadataManager - Saved metadata to metadata.ser
2025-06-18 19:19:03 [main] INFO  c.fspann.api.ForwardSecureANNSystem - Insert complete for id=2b199b40-a127-4ea5-b0b4-5ea53efddf3b in 130.1434 ms
2025-06-18 19:19:03 [main] INFO  com.fspann.common.MetadataManager - Saved metadata to metadata.ser
2025-06-18 19:19:03 [main] INFO  com.fspann.common.MetadataManager - Saved metadata to metadata.ser
2025-06-18 19:19:03 [main] INFO  c.fspann.api.ForwardSecureANNSystem - Insert complete for id=bcaba70a-db1b-44f0-9472-39bc09556518 in 127.8385 ms
2025-06-18 19:19:03 [main] INFO  com.fspann.common.MetadataManager - Saved metadata to metadata.ser
2025-06-18 19:19:03 [main] INFO  com.fspann.common.MetadataManager - Saved metadata to metadata.ser
2025-06-18 19:19:03 [main] INFO  c.fspann.api.ForwardSecureANNSystem - Insert complete for id=55b35e53-94bc-41c9-b36d-e9afb80834bc in 130.4446 ms
2025-06-18 19:19:03 [main] INFO  com.fspann.common.MetadataManager - Saved metadata to metadata.ser
2025-06-18 19:19:03 [main] INFO  com.fspann.common.MetadataManager - Saved metadata to metadata.ser
2025-06-18 19:19:03 [main] INFO  c.fspann.api.ForwardSecureANNSystem - Insert complete for id=d90307db-96ba-4b2b-9619-c5ac6b2e7c13 in 127.0687 ms
2025-06-18 19:19:04 [main] INFO  com.fspann.common.MetadataManager - Saved metadata to metadata.ser
2025-06-18 19:19:04 [main] INFO  com.fspann.common.MetadataManager - Saved metadata to metadata.ser
2025-06-18 19:19:04 [main] INFO  c.fspann.api.ForwardSecureANNSystem - Insert complete for id=1020be41-c737-4a03-8a66-5a4b95a047d8 in 130.4416 ms
2025-06-18 19:19:04 [main] INFO  com.fspann.common.MetadataManager - Saved metadata to metadata.ser
2025-06-18 19:19:04 [main] INFO  com.fspann.common.MetadataManager - Saved metadata to metadata.ser
2025-06-18 19:19:04 [main] INFO  c.fspann.api.ForwardSecureANNSystem - Insert complete for id=786a43ad-ee95-4109-a2c0-5fd6f79092ac in 136.6538 ms
2025-06-18 19:19:04 [main] INFO  com.fspann.common.MetadataManager - Saved metadata to metadata.ser
2025-06-18 19:19:04 [main] INFO  com.fspann.common.MetadataManager - Saved metadata to metadata.ser
2025-06-18 19:19:04 [main] INFO  c.fspann.api.ForwardSecureANNSystem - Insert complete for id=98623486-1d6c-4f13-9380-dfc1b17a6d76 in 130.3308 ms
2025-06-18 19:19:04 [main] INFO  com.fspann.common.MetadataManager - Saved metadata to metadata.ser
2025-06-18 19:19:04 [main] INFO  com.fspann.common.MetadataManager - Saved metadata to metadata.ser
2025-06-18 19:19:04 [main] INFO  c.fspann.api.ForwardSecureANNSystem - Insert complete for id=41f13daf-f7d7-4c59-b7e9-d815a937a770 in 128.9853 ms
2025-06-18 19:19:04 [main] INFO  com.fspann.common.MetadataManager - Saved metadata to metadata.ser
2025-06-18 19:19:04 [main] INFO  com.fspann.common.MetadataManager - Saved metadata to metadata.ser
2025-06-18 19:19:04 [main] INFO  c.fspann.api.ForwardSecureANNSystem - Insert complete for id=4ee418d4-60a2-4019-acec-23c5474de837 in 126.6129 ms
2025-06-18 19:19:04 [main] INFO  com.fspann.common.MetadataManager - Saved metadata to metadata.ser
2025-06-18 19:19:04 [main] INFO  com.fspann.common.MetadataManager - Saved metadata to metadata.ser
2025-06-18 19:19:04 [main] INFO  c.fspann.api.ForwardSecureANNSystem - Insert complete for id=b9699e5a-950e-4248-8cb8-ee377655a8f2 in 127.7776 ms
2025-06-18 19:19:04 [main] INFO  com.fspann.common.MetadataManager - Saved metadata to metadata.ser
2025-06-18 19:19:04 [main] INFO  com.fspann.common.MetadataManager - Saved metadata to metadata.ser
2025-06-18 19:19:04 [main] INFO  c.fspann.api.ForwardSecureANNSystem - Insert complete for id=98ae0d67-2400-4385-ac28-27ea17b17b9d in 131.4546 ms
2025-06-18 19:19:04 [main] INFO  com.fspann.common.MetadataManager - Saved metadata to metadata.ser
2025-06-18 19:19:04 [main] INFO  com.fspann.common.MetadataManager - Saved metadata to metadata.ser
2025-06-18 19:19:04 [main] INFO  c.fspann.api.ForwardSecureANNSystem - Insert complete for id=266dd7b1-d47d-4faf-a8f6-4fcee0afd466 in 127.8703 ms
2025-06-18 19:19:05 [main] INFO  com.fspann.common.MetadataManager - Saved metadata to metadata.ser
2025-06-18 19:19:05 [main] INFO  com.fspann.common.MetadataManager - Saved metadata to metadata.ser
2025-06-18 19:19:05 [main] INFO  c.fspann.api.ForwardSecureANNSystem - Insert complete for id=0197cc7d-7d8e-4d3f-8fe6-8ccb0ed130dd in 127.5717 ms
2025-06-18 19:19:05 [main] INFO  com.fspann.common.MetadataManager - Saved metadata to metadata.ser
2025-06-18 19:19:05 [main] INFO  com.fspann.common.MetadataManager - Saved metadata to metadata.ser
2025-06-18 19:19:05 [main] INFO  c.fspann.api.ForwardSecureANNSystem - Insert complete for id=0ecfaddd-2c34-4bba-bba4-f7458da03f70 in 126.573 ms
2025-06-18 19:19:05 [main] INFO  com.fspann.common.MetadataManager - Saved metadata to metadata.ser
2025-06-18 19:19:05 [main] INFO  com.fspann.common.MetadataManager - Saved metadata to metadata.ser
2025-06-18 19:19:05 [main] INFO  c.fspann.api.ForwardSecureANNSystem - Insert complete for id=fc1315f1-0908-470a-8952-aa44181ddf8e in 127.8499 ms
2025-06-18 19:19:05 [main] INFO  com.fspann.common.MetadataManager - Saved metadata to metadata.ser
2025-06-18 19:19:05 [main] INFO  com.fspann.common.MetadataManager - Saved metadata to metadata.ser
2025-06-18 19:19:05 [main] INFO  c.fspann.api.ForwardSecureANNSystem - Insert complete for id=febc6253-1167-41ce-a340-fab2d9585cdd in 135.0734 ms
2025-06-18 19:19:05 [main] INFO  com.fspann.common.MetadataManager - Saved metadata to metadata.ser
2025-06-18 19:19:05 [main] INFO  com.fspann.common.MetadataManager - Saved metadata to metadata.ser
2025-06-18 19:19:05 [main] INFO  c.fspann.api.ForwardSecureANNSystem - Insert complete for id=0c5228bd-3a7a-4c6b-a76d-0ddc2a49f251 in 127.2776 ms
2025-06-18 19:19:05 [main] INFO  com.fspann.common.MetadataManager - Saved metadata to metadata.ser
2025-06-18 19:19:05 [main] INFO  com.fspann.common.MetadataManager - Saved metadata to metadata.ser
2025-06-18 19:19:05 [main] INFO  c.fspann.api.ForwardSecureANNSystem - Insert complete for id=2d0beb54-e19f-43ba-9947-ab41b18ca21a in 125.7382 ms
2025-06-18 19:19:05 [main] INFO  com.fspann.common.MetadataManager - Saved metadata to metadata.ser
2025-06-18 19:19:05 [main] INFO  com.fspann.common.MetadataManager - Saved metadata to metadata.ser
2025-06-18 19:19:05 [main] INFO  c.fspann.api.ForwardSecureANNSystem - Insert complete for id=b85f5e32-31e1-43fb-9eba-f0940ba7bf9c in 127.7821 ms
2025-06-18 19:19:05 [main] INFO  com.fspann.common.MetadataManager - Saved metadata to metadata.ser
2025-06-18 19:19:06 [main] INFO  com.fspann.common.MetadataManager - Saved metadata to metadata.ser
2025-06-18 19:19:06 [main] INFO  c.fspann.api.ForwardSecureANNSystem - Insert complete for id=99013c07-506f-42f1-bd26-f2ae1a969259 in 126.8704 ms
2025-06-18 19:19:06 [main] INFO  com.fspann.common.MetadataManager - Saved metadata to metadata.ser
2025-06-18 19:19:06 [main] INFO  com.fspann.common.MetadataManager - Saved metadata to metadata.ser
2025-06-18 19:19:06 [main] INFO  c.fspann.api.ForwardSecureANNSystem - Insert complete for id=46eab252-2003-4c01-a81d-af7bea01b21a in 126.637 ms
2025-06-18 19:19:06 [main] INFO  com.fspann.common.MetadataManager - Saved metadata to metadata.ser
2025-06-18 19:19:06 [main] INFO  com.fspann.common.MetadataManager - Saved metadata to metadata.ser
2025-06-18 19:19:06 [main] INFO  c.fspann.api.ForwardSecureANNSystem - Insert complete for id=6c088bf4-93eb-4f8f-b95c-d3eeb15b5818 in 127.6312 ms
2025-06-18 19:19:06 [main] INFO  com.fspann.common.MetadataManager - Saved metadata to metadata.ser
2025-06-18 19:19:06 [main] INFO  com.fspann.common.MetadataManager - Saved metadata to metadata.ser
2025-06-18 19:19:06 [main] INFO  c.fspann.api.ForwardSecureANNSystem - Insert complete for id=bc479ccd-fc6d-4c23-850a-09fe46b3f65a in 129.0256 ms
2025-06-18 19:19:06 [main] INFO  com.fspann.common.MetadataManager - Saved metadata to metadata.ser
2025-06-18 19:19:06 [main] INFO  com.fspann.common.MetadataManager - Saved metadata to metadata.ser
2025-06-18 19:19:06 [main] INFO  c.fspann.api.ForwardSecureANNSystem - Insert complete for id=b5c9d25a-c5e1-43bd-8fe5-55cf10ba4d8a in 129.5918 ms
2025-06-18 19:19:06 [main] INFO  com.fspann.common.MetadataManager - Saved metadata to metadata.ser
2025-06-18 19:19:06 [main] INFO  com.fspann.common.MetadataManager - Saved metadata to metadata.ser
2025-06-18 19:19:06 [main] INFO  c.fspann.api.ForwardSecureANNSystem - Insert complete for id=21a46cb6-7935-4a1b-8283-fccc6d720260 in 125.7114 ms
2025-06-18 19:19:06 [main] INFO  com.fspann.common.MetadataManager - Saved metadata to metadata.ser
2025-06-18 19:19:06 [main] INFO  com.fspann.common.MetadataManager - Saved metadata to metadata.ser
2025-06-18 19:19:06 [main] INFO  c.fspann.api.ForwardSecureANNSystem - Insert complete for id=6653a297-d8eb-4ea9-a1f9-2b16ef10b96a in 124.7627 ms
2025-06-18 19:19:06 [main] INFO  com.fspann.common.MetadataManager - Saved metadata to metadata.ser
2025-06-18 19:19:06 [main] INFO  com.fspann.common.MetadataManager - Saved metadata to metadata.ser
2025-06-18 19:19:06 [main] INFO  c.fspann.api.ForwardSecureANNSystem - Insert complete for id=8fdde177-b1cc-4ea8-bb6e-3fa059b178b5 in 135.9471 ms
2025-06-18 19:19:06 [main] INFO  com.fspann.common.MetadataManager - Saved metadata to metadata.ser
2025-06-18 19:19:07 [main] INFO  com.fspann.common.MetadataManager - Saved metadata to metadata.ser
2025-06-18 19:19:07 [main] INFO  c.fspann.api.ForwardSecureANNSystem - Insert complete for id=0ee3b787-2d1a-4596-87ae-1a708f15b315 in 129.7719 ms
2025-06-18 19:19:07 [main] INFO  com.fspann.common.MetadataManager - Saved metadata to metadata.ser
2025-06-18 19:19:07 [main] INFO  com.fspann.common.MetadataManager - Saved metadata to metadata.ser
2025-06-18 19:19:07 [main] INFO  c.fspann.api.ForwardSecureANNSystem - Insert complete for id=b0fbf944-d60d-4155-aabf-1d4d180d51ce in 131.199 ms
2025-06-18 19:19:07 [main] INFO  com.fspann.common.MetadataManager - Saved metadata to metadata.ser
2025-06-18 19:19:07 [main] INFO  com.fspann.common.MetadataManager - Saved metadata to metadata.ser
2025-06-18 19:19:07 [main] INFO  c.fspann.api.ForwardSecureANNSystem - Insert complete for id=c79661ed-28c4-4dba-a720-67ddc277faaf in 127.3222 ms
2025-06-18 19:19:07 [main] INFO  com.fspann.common.MetadataManager - Saved metadata to metadata.ser
2025-06-18 19:19:07 [main] INFO  com.fspann.common.MetadataManager - Saved metadata to metadata.ser
2025-06-18 19:19:07 [main] INFO  c.fspann.api.ForwardSecureANNSystem - Insert complete for id=0e22f5c2-c660-4c7e-8ecd-ecdfadd23508 in 128.6398 ms
2025-06-18 19:19:07 [main] INFO  com.fspann.common.MetadataManager - Saved metadata to metadata.ser
2025-06-18 19:19:07 [main] INFO  com.fspann.common.MetadataManager - Saved metadata to metadata.ser
2025-06-18 19:19:07 [main] INFO  c.fspann.api.ForwardSecureANNSystem - Insert complete for id=16333246-b8d7-4974-9bcb-d6032c47ab28 in 126.7965 ms
2025-06-18 19:19:07 [main] INFO  com.fspann.common.MetadataManager - Saved metadata to metadata.ser
2025-06-18 19:19:07 [main] INFO  com.fspann.common.MetadataManager - Saved metadata to metadata.ser
2025-06-18 19:19:07 [main] INFO  c.fspann.api.ForwardSecureANNSystem - Insert complete for id=d752158d-22c6-4fae-b33e-6afbae3df0cd in 135.9937 ms
2025-06-18 19:19:07 [main] INFO  com.fspann.common.MetadataManager - Saved metadata to metadata.ser
2025-06-18 19:19:07 [main] INFO  com.fspann.common.MetadataManager - Saved metadata to metadata.ser
2025-06-18 19:19:07 [main] INFO  c.fspann.api.ForwardSecureANNSystem - Insert complete for id=05d016ef-9087-404a-a68a-2caa6f7ca20b in 138.0304 ms
2025-06-18 19:19:07 [main] INFO  com.fspann.common.MetadataManager - Saved metadata to metadata.ser
2025-06-18 19:19:07 [main] INFO  com.fspann.common.MetadataManager - Saved metadata to metadata.ser
2025-06-18 19:19:07 [main] INFO  c.fspann.api.ForwardSecureANNSystem - Insert complete for id=ffdfb66d-d4eb-4855-bd5d-12d012d8d70a in 138.3857 ms
2025-06-18 19:19:08 [main] INFO  com.fspann.common.MetadataManager - Saved metadata to metadata.ser
2025-06-18 19:19:08 [main] INFO  com.fspann.common.MetadataManager - Saved metadata to metadata.ser
2025-06-18 19:19:08 [main] INFO  c.fspann.api.ForwardSecureANNSystem - Insert complete for id=e656cbaa-ce95-4677-8a5a-5049bc65cb7c in 130.7317 ms
2025-06-18 19:19:08 [main] INFO  com.fspann.common.MetadataManager - Saved metadata to metadata.ser
2025-06-18 19:19:08 [main] INFO  com.fspann.common.MetadataManager - Saved metadata to metadata.ser
2025-06-18 19:19:08 [main] INFO  c.fspann.api.ForwardSecureANNSystem - Insert complete for id=8ec13afd-a673-49e1-a10b-294fc7e0ebca in 135.4806 ms
2025-06-18 19:19:08 [main] INFO  com.fspann.common.MetadataManager - Saved metadata to metadata.ser
2025-06-18 19:19:08 [main] INFO  com.fspann.common.MetadataManager - Saved metadata to metadata.ser
2025-06-18 19:19:08 [main] INFO  c.fspann.api.ForwardSecureANNSystem - Insert complete for id=11e3867f-e7f0-4fe3-9a5e-bf9364a703f6 in 131.4306 ms
2025-06-18 19:19:08 [main] INFO  com.fspann.common.MetadataManager - Saved metadata to metadata.ser
2025-06-18 19:19:08 [main] INFO  com.fspann.common.MetadataManager - Saved metadata to metadata.ser
2025-06-18 19:19:08 [main] INFO  c.fspann.api.ForwardSecureANNSystem - Insert complete for id=73ccfbe4-ea8f-408a-ad0b-7ef5a6897bd9 in 132.1663 ms
2025-06-18 19:19:08 [main] INFO  com.fspann.common.MetadataManager - Saved metadata to metadata.ser
2025-06-18 19:19:08 [main] INFO  com.fspann.common.MetadataManager - Saved metadata to metadata.ser
2025-06-18 19:19:08 [main] INFO  c.fspann.api.ForwardSecureANNSystem - Insert complete for id=803a9690-903b-4119-8b1c-487b78c89461 in 130.2315 ms
2025-06-18 19:19:08 [main] INFO  com.fspann.common.MetadataManager - Saved metadata to metadata.ser
2025-06-18 19:19:08 [main] INFO  com.fspann.common.MetadataManager - Saved metadata to metadata.ser
2025-06-18 19:19:08 [main] INFO  c.fspann.api.ForwardSecureANNSystem - Insert complete for id=346efd59-9c14-4f90-9634-dd30a10a3722 in 130.8889 ms
2025-06-18 19:19:08 [main] INFO  com.fspann.common.MetadataManager - Saved metadata to metadata.ser
2025-06-18 19:19:08 [main] INFO  com.fspann.common.MetadataManager - Saved metadata to metadata.ser
2025-06-18 19:19:08 [main] INFO  c.fspann.api.ForwardSecureANNSystem - Insert complete for id=d1a24c4c-a4ee-4811-bebf-9b7211c4b21d in 133.8117 ms
2025-06-18 19:19:08 [main] INFO  com.fspann.common.MetadataManager - Saved metadata to metadata.ser
2025-06-18 19:19:09 [main] INFO  com.fspann.common.MetadataManager - Saved metadata to metadata.ser
2025-06-18 19:19:09 [main] INFO  c.fspann.api.ForwardSecureANNSystem - Insert complete for id=c035b88f-e3ab-4897-bd64-807341a9807a in 150.7544 ms
2025-06-18 19:19:09 [main] INFO  com.fspann.common.MetadataManager - Saved metadata to metadata.ser
2025-06-18 19:19:09 [main] INFO  com.fspann.common.MetadataManager - Saved metadata to metadata.ser
2025-06-18 19:19:09 [main] INFO  c.fspann.api.ForwardSecureANNSystem - Insert complete for id=865da877-3c54-46c3-be63-90ced56518a3 in 133.8936 ms
2025-06-18 19:19:09 [main] INFO  com.fspann.common.MetadataManager - Saved metadata to metadata.ser
2025-06-18 19:19:09 [main] INFO  com.fspann.common.MetadataManager - Saved metadata to metadata.ser
2025-06-18 19:19:09 [main] INFO  c.fspann.api.ForwardSecureANNSystem - Insert complete for id=28c68563-460b-4473-9ed5-1fe5e0f77e28 in 130.3974 ms
2025-06-18 19:19:09 [main] INFO  com.fspann.common.MetadataManager - Saved metadata to metadata.ser
2025-06-18 19:19:09 [main] INFO  com.fspann.common.MetadataManager - Saved metadata to metadata.ser
2025-06-18 19:19:09 [main] INFO  c.fspann.api.ForwardSecureANNSystem - Insert complete for id=b37f390f-0bea-423b-9cab-e0039c6a6458 in 133.6215 ms
2025-06-18 19:19:09 [main] INFO  com.fspann.common.MetadataManager - Saved metadata to metadata.ser
2025-06-18 19:19:09 [main] INFO  com.fspann.common.MetadataManager - Saved metadata to metadata.ser
2025-06-18 19:19:09 [main] INFO  c.fspann.api.ForwardSecureANNSystem - Insert complete for id=88feb4c4-2ed7-4a86-8342-11a9751f6c6e in 142.6099 ms
2025-06-18 19:19:09 [main] INFO  com.fspann.common.MetadataManager - Saved metadata to metadata.ser
2025-06-18 19:19:09 [main] INFO  com.fspann.common.MetadataManager - Saved metadata to metadata.ser
2025-06-18 19:19:09 [main] INFO  c.fspann.api.ForwardSecureANNSystem - Insert complete for id=e2db4386-d18a-4cf3-816b-c94cffc786a4 in 136.2164 ms
2025-06-18 19:19:09 [main] INFO  com.fspann.common.MetadataManager - Saved metadata to metadata.ser
2025-06-18 19:19:09 [main] INFO  com.fspann.common.MetadataManager - Saved metadata to metadata.ser
2025-06-18 19:19:09 [main] INFO  c.fspann.api.ForwardSecureANNSystem - Insert complete for id=63e403ff-1417-4576-b994-38c977828bf3 in 141.3593 ms
2025-06-18 19:19:09 [main] INFO  com.fspann.common.MetadataManager - Saved metadata to metadata.ser
2025-06-18 19:19:09 [main] INFO  com.fspann.common.MetadataManager - Saved metadata to metadata.ser
2025-06-18 19:19:09 [main] INFO  c.fspann.api.ForwardSecureANNSystem - Insert complete for id=776c2afa-1fec-412c-858f-e94c29bef826 in 143.7452 ms
2025-06-18 19:19:10 [main] INFO  com.fspann.common.MetadataManager - Saved metadata to metadata.ser
2025-06-18 19:19:10 [main] INFO  com.fspann.common.MetadataManager - Saved metadata to metadata.ser
2025-06-18 19:19:10 [main] INFO  c.fspann.api.ForwardSecureANNSystem - Insert complete for id=a785a9c5-5c4d-4ec1-bc8c-fc9c7feddbab in 142.4742 ms
2025-06-18 19:19:10 [main] INFO  com.fspann.common.MetadataManager - Saved metadata to metadata.ser
2025-06-18 19:19:10 [main] INFO  com.fspann.common.MetadataManager - Saved metadata to metadata.ser
2025-06-18 19:19:10 [main] INFO  c.fspann.api.ForwardSecureANNSystem - Insert complete for id=99f3a3dc-3ec0-4278-999f-bc216e6988b2 in 142.3821 ms
2025-06-18 19:19:10 [main] INFO  com.fspann.common.MetadataManager - Saved metadata to metadata.ser
2025-06-18 19:19:10 [main] INFO  com.fspann.common.MetadataManager - Saved metadata to metadata.ser
2025-06-18 19:19:10 [main] INFO  c.fspann.api.ForwardSecureANNSystem - Insert complete for id=330a80ef-0900-43ad-9708-d1cdebe3d43b in 144.2432 ms
2025-06-18 19:19:10 [main] INFO  com.fspann.common.MetadataManager - Saved metadata to metadata.ser
2025-06-18 19:19:10 [main] INFO  com.fspann.common.MetadataManager - Saved metadata to metadata.ser
2025-06-18 19:19:10 [main] INFO  c.fspann.api.ForwardSecureANNSystem - Insert complete for id=1b6fee59-4ba3-42c7-b64f-201015527fcc in 145.7823 ms
2025-06-18 19:19:10 [main] INFO  com.fspann.common.MetadataManager - Saved metadata to metadata.ser
2025-06-18 19:19:10 [main] INFO  com.fspann.common.MetadataManager - Saved metadata to metadata.ser
2025-06-18 19:19:10 [main] INFO  c.fspann.api.ForwardSecureANNSystem - Insert complete for id=677532c0-2a26-4f36-8396-842c5769560a in 142.7369 ms
2025-06-18 19:19:10 [main] INFO  com.fspann.common.MetadataManager - Saved metadata to metadata.ser
2025-06-18 19:19:10 [main] INFO  com.fspann.common.MetadataManager - Saved metadata to metadata.ser
2025-06-18 19:19:10 [main] INFO  c.fspann.api.ForwardSecureANNSystem - Insert complete for id=126476af-f54f-445e-9b22-84f244aa6865 in 140.9101 ms
2025-06-18 19:19:10 [main] INFO  com.fspann.common.MetadataManager - Saved metadata to metadata.ser
2025-06-18 19:19:11 [main] INFO  com.fspann.common.MetadataManager - Saved metadata to metadata.ser
2025-06-18 19:19:11 [main] INFO  c.fspann.api.ForwardSecureANNSystem - Insert complete for id=d92ed7be-028a-429c-91f6-0ea4b91dbd75 in 143.6304 ms
2025-06-18 19:19:11 [main] INFO  com.fspann.common.MetadataManager - Saved metadata to metadata.ser
2025-06-18 19:19:11 [main] INFO  com.fspann.common.MetadataManager - Saved metadata to metadata.ser
2025-06-18 19:19:11 [main] INFO  c.fspann.api.ForwardSecureANNSystem - Insert complete for id=59101a87-3ef3-47da-8ef5-a219b5aa64ca in 130.2682 ms
2025-06-18 19:19:11 [main] INFO  com.fspann.common.MetadataManager - Saved metadata to metadata.ser
2025-06-18 19:19:11 [main] INFO  com.fspann.common.MetadataManager - Saved metadata to metadata.ser
2025-06-18 19:19:11 [main] INFO  c.fspann.api.ForwardSecureANNSystem - Insert complete for id=a5206aea-8511-4666-b0f8-d77848462a73 in 129.3556 ms
2025-06-18 19:19:11 [main] INFO  com.fspann.common.MetadataManager - Saved metadata to metadata.ser
2025-06-18 19:19:11 [main] INFO  com.fspann.common.MetadataManager - Saved metadata to metadata.ser
2025-06-18 19:19:11 [main] INFO  c.fspann.api.ForwardSecureANNSystem - Insert complete for id=3d49ede3-c362-446a-89c9-a65fe767b6c0 in 131.9696 ms
2025-06-18 19:19:11 [main] INFO  com.fspann.common.MetadataManager - Saved metadata to metadata.ser
2025-06-18 19:19:11 [main] INFO  com.fspann.common.MetadataManager - Saved metadata to metadata.ser
2025-06-18 19:19:11 [main] INFO  c.fspann.api.ForwardSecureANNSystem - Insert complete for id=f6297ec9-8478-4090-9031-7e5ed650a2bc in 131.4847 ms
2025-06-18 19:19:11 [main] INFO  com.fspann.common.MetadataManager - Saved metadata to metadata.ser
2025-06-18 19:19:11 [main] INFO  com.fspann.common.MetadataManager - Saved metadata to metadata.ser
2025-06-18 19:19:11 [main] INFO  c.fspann.api.ForwardSecureANNSystem - Insert complete for id=7b63bfd1-b802-4160-bf11-5c9c21c86cb2 in 131.0153 ms
2025-06-18 19:19:11 [main] INFO  com.fspann.common.MetadataManager - Saved metadata to metadata.ser
2025-06-18 19:19:11 [main] INFO  com.fspann.common.MetadataManager - Saved metadata to metadata.ser
2025-06-18 19:19:11 [main] INFO  c.fspann.api.ForwardSecureANNSystem - Insert complete for id=9211c2ac-b652-428c-97a3-560cf729a644 in 130.8882 ms
2025-06-18 19:19:11 [main] INFO  com.fspann.common.MetadataManager - Saved metadata to metadata.ser
2025-06-18 19:19:11 [main] INFO  com.fspann.common.MetadataManager - Saved metadata to metadata.ser
2025-06-18 19:19:11 [main] INFO  c.fspann.api.ForwardSecureANNSystem - Insert complete for id=704e527d-7f2b-4fdd-b12c-2cd6e85da637 in 133.1312 ms
2025-06-18 19:19:11 [main] INFO  com.fspann.common.MetadataManager - Saved metadata to metadata.ser
2025-06-18 19:19:12 [main] INFO  com.fspann.common.MetadataManager - Saved metadata to metadata.ser
2025-06-18 19:19:12 [main] INFO  c.fspann.api.ForwardSecureANNSystem - Insert complete for id=c6e32bb3-ab56-4a5d-8e5d-90034fc3bd81 in 133.1778 ms
2025-06-18 19:19:12 [main] INFO  com.fspann.common.MetadataManager - Saved metadata to metadata.ser
2025-06-18 19:19:12 [main] INFO  com.fspann.common.MetadataManager - Saved metadata to metadata.ser
2025-06-18 19:19:12 [main] INFO  c.fspann.api.ForwardSecureANNSystem - Insert complete for id=5114f390-13ce-4075-b01e-2791d4efa17a in 131.7579 ms
2025-06-18 19:19:12 [main] INFO  com.fspann.common.MetadataManager - Saved metadata to metadata.ser
2025-06-18 19:19:12 [main] INFO  com.fspann.common.MetadataManager - Saved metadata to metadata.ser
2025-06-18 19:19:12 [main] INFO  c.fspann.api.ForwardSecureANNSystem - Insert complete for id=d0b3a315-5d4f-4c81-a8d6-165e9456a1ad in 135.8734 ms
2025-06-18 19:19:12 [main] INFO  com.fspann.common.MetadataManager - Saved metadata to metadata.ser
2025-06-18 19:19:12 [main] INFO  com.fspann.common.MetadataManager - Saved metadata to metadata.ser
2025-06-18 19:19:12 [main] INFO  c.fspann.api.ForwardSecureANNSystem - Insert complete for id=03d73567-d2a3-4e57-98e4-d3e56803e774 in 129.2185 ms
2025-06-18 19:19:12 [main] INFO  com.fspann.common.MetadataManager - Saved metadata to metadata.ser
2025-06-18 19:19:12 [main] INFO  com.fspann.common.MetadataManager - Saved metadata to metadata.ser
2025-06-18 19:19:12 [main] INFO  c.fspann.api.ForwardSecureANNSystem - Insert complete for id=6d671725-5ff1-4f23-b22d-39912556ce08 in 129.6197 ms
2025-06-18 19:19:12 [main] INFO  com.fspann.common.MetadataManager - Saved metadata to metadata.ser
2025-06-18 19:19:12 [main] INFO  com.fspann.common.MetadataManager - Saved metadata to metadata.ser
2025-06-18 19:19:12 [main] INFO  c.fspann.api.ForwardSecureANNSystem - Insert complete for id=9588a6f3-96d5-4b4f-ac84-de0996da7849 in 127.2902 ms
2025-06-18 19:19:12 [main] INFO  com.fspann.common.MetadataManager - Saved metadata to metadata.ser
2025-06-18 19:19:12 [main] INFO  com.fspann.common.MetadataManager - Saved metadata to metadata.ser
2025-06-18 19:19:12 [main] INFO  c.fspann.api.ForwardSecureANNSystem - Insert complete for id=692030d9-1a6b-484e-92eb-2f07301c73ca in 128.9923 ms
2025-06-18 19:19:12 [main] INFO  com.fspann.common.MetadataManager - Saved metadata to metadata.ser
2025-06-18 19:19:12 [main] INFO  com.fspann.common.MetadataManager - Saved metadata to metadata.ser
2025-06-18 19:19:12 [main] INFO  c.fspann.api.ForwardSecureANNSystem - Insert complete for id=1e173884-ad56-453b-adf4-439ba7ab6b17 in 136.1416 ms
2025-06-18 19:19:13 [main] INFO  com.fspann.common.MetadataManager - Saved metadata to metadata.ser
2025-06-18 19:19:13 [main] INFO  com.fspann.common.MetadataManager - Saved metadata to metadata.ser
2025-06-18 19:19:13 [main] INFO  c.fspann.api.ForwardSecureANNSystem - Insert complete for id=055f3cf2-05ed-4f6f-a12d-9e8286b874f0 in 130.5975 ms
2025-06-18 19:19:13 [main] INFO  com.fspann.common.MetadataManager - Saved metadata to metadata.ser
2025-06-18 19:19:13 [main] INFO  com.fspann.common.MetadataManager - Saved metadata to metadata.ser
2025-06-18 19:19:13 [main] INFO  c.fspann.api.ForwardSecureANNSystem - Insert complete for id=45b96e7e-cfc6-4375-93d0-09239eb99938 in 129.2041 ms
2025-06-18 19:19:13 [main] INFO  com.fspann.common.MetadataManager - Saved metadata to metadata.ser
2025-06-18 19:19:13 [main] INFO  com.fspann.common.MetadataManager - Saved metadata to metadata.ser
2025-06-18 19:19:13 [main] INFO  c.fspann.api.ForwardSecureANNSystem - Insert complete for id=3a126b12-d3c0-4611-871b-ed61989b1475 in 132.6426 ms
2025-06-18 19:19:13 [main] INFO  com.fspann.common.MetadataManager - Saved metadata to metadata.ser
2025-06-18 19:19:13 [main] INFO  com.fspann.common.MetadataManager - Saved metadata to metadata.ser
2025-06-18 19:19:13 [main] INFO  c.fspann.api.ForwardSecureANNSystem - Insert complete for id=3b856ae5-cbd6-4fcc-b6f0-0d91b338758d in 131.4245 ms
2025-06-18 19:19:13 [main] INFO  com.fspann.common.MetadataManager - Saved metadata to metadata.ser
2025-06-18 19:19:13 [main] INFO  com.fspann.common.MetadataManager - Saved metadata to metadata.ser
2025-06-18 19:19:13 [main] INFO  c.fspann.api.ForwardSecureANNSystem - Insert complete for id=74bd1ff4-556d-478a-96ca-e0411afe0b55 in 135.4384 ms
2025-06-18 19:19:13 [main] INFO  com.fspann.common.MetadataManager - Saved metadata to metadata.ser
2025-06-18 19:19:13 [main] INFO  com.fspann.common.MetadataManager - Saved metadata to metadata.ser
2025-06-18 19:19:13 [main] INFO  c.fspann.api.ForwardSecureANNSystem - Insert complete for id=ab33c24c-752a-46aa-9e57-7f5fe7b70819 in 132.2919 ms
2025-06-18 19:19:13 [main] INFO  com.fspann.common.MetadataManager - Saved metadata to metadata.ser
2025-06-18 19:19:13 [main] INFO  com.fspann.common.MetadataManager - Saved metadata to metadata.ser
2025-06-18 19:19:13 [main] INFO  c.fspann.api.ForwardSecureANNSystem - Insert complete for id=e6aa0122-fd4f-4290-8e86-89b74bcd2cda in 131.0985 ms
2025-06-18 19:19:13 [main] INFO  com.fspann.common.MetadataManager - Saved metadata to metadata.ser
2025-06-18 19:19:14 [main] INFO  com.fspann.common.MetadataManager - Saved metadata to metadata.ser
2025-06-18 19:19:14 [main] INFO  c.fspann.api.ForwardSecureANNSystem - Insert complete for id=b257e8b0-ad02-4b6d-ac45-f46823c82c82 in 131.5469 ms
2025-06-18 19:19:14 [main] INFO  com.fspann.common.MetadataManager - Saved metadata to metadata.ser
2025-06-18 19:19:14 [main] INFO  com.fspann.common.MetadataManager - Saved metadata to metadata.ser
2025-06-18 19:19:14 [main] INFO  c.fspann.api.ForwardSecureANNSystem - Insert complete for id=f4ed01ad-f597-4757-96c6-9819e878c4a0 in 128.2117 ms
2025-06-18 19:19:14 [main] INFO  com.fspann.common.MetadataManager - Saved metadata to metadata.ser
2025-06-18 19:19:14 [main] INFO  com.fspann.common.MetadataManager - Saved metadata to metadata.ser
2025-06-18 19:19:14 [main] INFO  c.fspann.api.ForwardSecureANNSystem - Insert complete for id=5356dfe9-cc87-4642-a236-116c8cd0844e in 129.3612 ms
2025-06-18 19:19:14 [main] INFO  com.fspann.common.MetadataManager - Saved metadata to metadata.ser
2025-06-18 19:19:14 [main] INFO  com.fspann.common.MetadataManager - Saved metadata to metadata.ser
2025-06-18 19:19:14 [main] INFO  c.fspann.api.ForwardSecureANNSystem - Insert complete for id=75456bd2-a19e-4c9d-b144-00d5fc46ee5c in 129.9691 ms
2025-06-18 19:19:14 [main] INFO  com.fspann.common.MetadataManager - Saved metadata to metadata.ser
2025-06-18 19:19:14 [main] INFO  com.fspann.common.MetadataManager - Saved metadata to metadata.ser
2025-06-18 19:19:14 [main] INFO  c.fspann.api.ForwardSecureANNSystem - Insert complete for id=5ac9f6b6-a31c-4649-9975-fa02ad20134b in 132.8808 ms
2025-06-18 19:19:14 [main] INFO  com.fspann.common.MetadataManager - Saved metadata to metadata.ser
2025-06-18 19:19:14 [main] INFO  com.fspann.common.MetadataManager - Saved metadata to metadata.ser
2025-06-18 19:19:14 [main] INFO  c.fspann.api.ForwardSecureANNSystem - Insert complete for id=0e62108b-cfc3-4379-943a-cedd5d481971 in 129.8638 ms
2025-06-18 19:19:14 [main] INFO  com.fspann.common.MetadataManager - Saved metadata to metadata.ser
2025-06-18 19:19:14 [main] INFO  com.fspann.common.MetadataManager - Saved metadata to metadata.ser
2025-06-18 19:19:14 [main] INFO  c.fspann.api.ForwardSecureANNSystem - Insert complete for id=3058d3d2-d7df-4ae7-b88d-02b973af7f6a in 135.2074 ms
2025-06-18 19:19:14 [main] INFO  com.fspann.common.MetadataManager - Saved metadata to metadata.ser
2025-06-18 19:19:14 [main] INFO  com.fspann.common.MetadataManager - Saved metadata to metadata.ser
2025-06-18 19:19:14 [main] INFO  c.fspann.api.ForwardSecureANNSystem - Insert complete for id=59eebd7e-10df-4ccb-a6ca-dc504b226800 in 133.9873 ms
2025-06-18 19:19:15 [main] INFO  com.fspann.common.MetadataManager - Saved metadata to metadata.ser
2025-06-18 19:19:15 [main] INFO  com.fspann.common.MetadataManager - Saved metadata to metadata.ser
2025-06-18 19:19:15 [main] INFO  c.fspann.api.ForwardSecureANNSystem - Insert complete for id=da954d2f-2517-4b02-b2d3-7b72c74d9291 in 130.6742 ms
2025-06-18 19:19:15 [main] INFO  com.fspann.common.MetadataManager - Saved metadata to metadata.ser
2025-06-18 19:19:15 [main] INFO  com.fspann.common.MetadataManager - Saved metadata to metadata.ser
2025-06-18 19:19:15 [main] INFO  c.fspann.api.ForwardSecureANNSystem - Insert complete for id=f04be8fb-35c8-451d-88f8-0d440bb6ca90 in 130.574 ms
2025-06-18 19:19:15 [main] INFO  com.fspann.common.MetadataManager - Saved metadata to metadata.ser
2025-06-18 19:19:15 [main] INFO  com.fspann.common.MetadataManager - Saved metadata to metadata.ser
2025-06-18 19:19:15 [main] INFO  c.fspann.api.ForwardSecureANNSystem - Insert complete for id=d08cfd33-e9ff-40be-bd5d-95203bff96a0 in 132.9536 ms
2025-06-18 19:19:15 [main] INFO  com.fspann.common.MetadataManager - Saved metadata to metadata.ser
2025-06-18 19:19:15 [main] INFO  com.fspann.common.MetadataManager - Saved metadata to metadata.ser
2025-06-18 19:19:15 [main] INFO  c.fspann.api.ForwardSecureANNSystem - Insert complete for id=0e2b034d-2d91-480f-a976-b524bab92de8 in 129.4078 ms
2025-06-18 19:19:15 [main] INFO  com.fspann.common.MetadataManager - Saved metadata to metadata.ser
2025-06-18 19:19:15 [main] INFO  com.fspann.common.MetadataManager - Saved metadata to metadata.ser
2025-06-18 19:19:15 [main] INFO  c.fspann.api.ForwardSecureANNSystem - Insert complete for id=46905426-1d1a-4c6b-b391-d3aeb5cd4a3d in 129.1727 ms
2025-06-18 19:19:15 [main] INFO  com.fspann.common.MetadataManager - Saved metadata to metadata.ser
2025-06-18 19:19:15 [main] INFO  com.fspann.common.MetadataManager - Saved metadata to metadata.ser
2025-06-18 19:19:15 [main] INFO  c.fspann.api.ForwardSecureANNSystem - Insert complete for id=13a3f663-ba2a-486b-a113-dc7ba91ff6bf in 130.2822 ms
2025-06-18 19:19:15 [main] INFO  com.fspann.common.MetadataManager - Saved metadata to metadata.ser
2025-06-18 19:19:15 [main] INFO  com.fspann.common.MetadataManager - Saved metadata to metadata.ser
2025-06-18 19:19:15 [main] INFO  c.fspann.api.ForwardSecureANNSystem - Insert complete for id=b17901ab-c99e-4fee-8475-90b8a8ba7c58 in 128.8 ms
2025-06-18 19:19:15 [main] INFO  com.fspann.common.MetadataManager - Saved metadata to metadata.ser
2025-06-18 19:19:15 [main] INFO  com.fspann.common.MetadataManager - Saved metadata to metadata.ser
2025-06-18 19:19:15 [main] INFO  c.fspann.api.ForwardSecureANNSystem - Insert complete for id=41a6ecc1-2165-40b0-bad2-62c26d75c475 in 129.5858 ms
2025-06-18 19:19:16 [main] INFO  com.fspann.common.MetadataManager - Saved metadata to metadata.ser
2025-06-18 19:19:16 [main] INFO  com.fspann.common.MetadataManager - Saved metadata to metadata.ser
2025-06-18 19:19:16 [main] INFO  c.fspann.api.ForwardSecureANNSystem - Insert complete for id=7a871278-c961-4e9a-bd8e-18b38b72f252 in 132.9977 ms
2025-06-18 19:19:16 [main] INFO  com.fspann.common.MetadataManager - Saved metadata to metadata.ser
2025-06-18 19:19:16 [main] INFO  com.fspann.common.MetadataManager - Saved metadata to metadata.ser
2025-06-18 19:19:16 [main] INFO  c.fspann.api.ForwardSecureANNSystem - Insert complete for id=1c993bc6-4d7f-40f3-a9ff-ec5f607100a7 in 128.4737 ms
2025-06-18 19:19:16 [main] INFO  com.fspann.common.MetadataManager - Saved metadata to metadata.ser
2025-06-18 19:19:16 [main] INFO  com.fspann.common.MetadataManager - Saved metadata to metadata.ser
2025-06-18 19:19:16 [main] INFO  c.fspann.api.ForwardSecureANNSystem - Insert complete for id=742eae4a-a7f3-4bd8-aa6b-d977eb8fddf1 in 139.6308 ms
2025-06-18 19:19:16 [main] INFO  com.fspann.common.MetadataManager - Saved metadata to metadata.ser
2025-06-18 19:19:16 [main] INFO  com.fspann.common.MetadataManager - Saved metadata to metadata.ser
2025-06-18 19:19:16 [main] INFO  c.fspann.api.ForwardSecureANNSystem - Insert complete for id=1e1dbb9c-6a1e-4040-b6fc-b725d832dc32 in 130.7817 ms
2025-06-18 19:19:16 [main] INFO  com.fspann.common.MetadataManager - Saved metadata to metadata.ser
2025-06-18 19:19:16 [main] INFO  com.fspann.common.MetadataManager - Saved metadata to metadata.ser
2025-06-18 19:19:16 [main] INFO  c.fspann.api.ForwardSecureANNSystem - Insert complete for id=925e4d05-63f6-49ce-bc76-8ed2a6a9fa33 in 130.2117 ms
2025-06-18 19:19:16 [main] INFO  com.fspann.common.MetadataManager - Saved metadata to metadata.ser
2025-06-18 19:19:16 [main] INFO  com.fspann.common.MetadataManager - Saved metadata to metadata.ser
2025-06-18 19:19:16 [main] INFO  c.fspann.api.ForwardSecureANNSystem - Insert complete for id=789c87b3-12bc-4045-bd7a-4b524d0ab1c6 in 129.9166 ms
2025-06-18 19:19:16 [main] INFO  com.fspann.common.MetadataManager - Saved metadata to metadata.ser
2025-06-18 19:19:16 [main] INFO  com.fspann.common.MetadataManager - Saved metadata to metadata.ser
2025-06-18 19:19:16 [main] INFO  c.fspann.api.ForwardSecureANNSystem - Insert complete for id=3a95b474-9482-4212-8107-535cfdd71c12 in 133.0929 ms
2025-06-18 19:19:16 [main] INFO  com.fspann.common.MetadataManager - Saved metadata to metadata.ser
2025-06-18 19:19:17 [main] INFO  com.fspann.common.MetadataManager - Saved metadata to metadata.ser
2025-06-18 19:19:17 [main] INFO  c.fspann.api.ForwardSecureANNSystem - Insert complete for id=4f82e168-11c5-479c-a839-44f73262389a in 136.9416 ms
2025-06-18 19:19:17 [main] INFO  com.fspann.common.MetadataManager - Saved metadata to metadata.ser
2025-06-18 19:19:17 [main] INFO  com.fspann.common.MetadataManager - Saved metadata to metadata.ser
2025-06-18 19:19:17 [main] INFO  c.fspann.api.ForwardSecureANNSystem - Insert complete for id=cdd69fd7-56ec-4828-96f2-c5abf68c5dfb in 131.9895 ms
2025-06-18 19:19:17 [main] INFO  com.fspann.common.MetadataManager - Saved metadata to metadata.ser
2025-06-18 19:19:17 [main] INFO  com.fspann.common.MetadataManager - Saved metadata to metadata.ser
2025-06-18 19:19:17 [main] INFO  c.fspann.api.ForwardSecureANNSystem - Insert complete for id=d598280a-4b23-491e-a129-6b688099d5ca in 129.541 ms
2025-06-18 19:19:17 [main] INFO  com.fspann.common.MetadataManager - Saved metadata to metadata.ser
2025-06-18 19:19:17 [main] INFO  com.fspann.common.MetadataManager - Saved metadata to metadata.ser
2025-06-18 19:19:17 [main] INFO  c.fspann.api.ForwardSecureANNSystem - Insert complete for id=19e8e361-333e-4356-b187-2b592dba6e7c in 138.322 ms
2025-06-18 19:19:17 [main] INFO  com.fspann.common.MetadataManager - Saved metadata to metadata.ser
2025-06-18 19:19:17 [main] INFO  com.fspann.common.MetadataManager - Saved metadata to metadata.ser
2025-06-18 19:19:17 [main] INFO  c.fspann.api.ForwardSecureANNSystem - Insert complete for id=f2a8607f-1978-4f7d-a051-ae0bda6a7899 in 129.9447 ms
2025-06-18 19:19:17 [main] INFO  com.fspann.common.MetadataManager - Saved metadata to metadata.ser
2025-06-18 19:19:17 [main] INFO  com.fspann.common.MetadataManager - Saved metadata to metadata.ser
2025-06-18 19:19:17 [main] INFO  c.fspann.api.ForwardSecureANNSystem - Insert complete for id=22afb520-d8d7-4996-97cd-db3f76685618 in 139.1423 ms
2025-06-18 19:19:17 [main] INFO  com.fspann.common.MetadataManager - Saved metadata to metadata.ser
2025-06-18 19:19:17 [main] INFO  com.fspann.common.MetadataManager - Saved metadata to metadata.ser
2025-06-18 19:19:17 [main] INFO  c.fspann.api.ForwardSecureANNSystem - Insert complete for id=b6f8fef4-11de-4e60-a332-3d3923dd6ef9 in 129.1999 ms
2025-06-18 19:19:17 [main] INFO  com.fspann.common.MetadataManager - Saved metadata to metadata.ser
2025-06-18 19:19:17 [main] INFO  com.fspann.common.MetadataManager - Saved metadata to metadata.ser
2025-06-18 19:19:17 [main] INFO  c.fspann.api.ForwardSecureANNSystem - Insert complete for id=769a2dc5-9c94-4daf-ae12-c5f94020bc14 in 130.6715 ms
2025-06-18 19:19:18 [main] INFO  com.fspann.common.MetadataManager - Saved metadata to metadata.ser
2025-06-18 19:19:18 [main] INFO  com.fspann.common.MetadataManager - Saved metadata to metadata.ser
2025-06-18 19:19:18 [main] INFO  c.fspann.api.ForwardSecureANNSystem - Insert complete for id=634b6cf1-2695-4c65-8fe5-48590db4e2b8 in 133.0446 ms
2025-06-18 19:19:18 [main] INFO  com.fspann.common.MetadataManager - Saved metadata to metadata.ser
2025-06-18 19:19:18 [main] INFO  com.fspann.common.MetadataManager - Saved metadata to metadata.ser
2025-06-18 19:19:18 [main] INFO  c.fspann.api.ForwardSecureANNSystem - Insert complete for id=e79b880d-06c7-4bb5-b166-892965e6105a in 130.8531 ms
2025-06-18 19:19:18 [main] INFO  com.fspann.common.MetadataManager - Saved metadata to metadata.ser
2025-06-18 19:19:18 [main] INFO  com.fspann.common.MetadataManager - Saved metadata to metadata.ser
2025-06-18 19:19:18 [main] INFO  c.fspann.api.ForwardSecureANNSystem - Insert complete for id=17997cb1-ff93-4410-91f7-a9d750fe61f2 in 130.5422 ms
2025-06-18 19:19:18 [main] INFO  com.fspann.common.MetadataManager - Saved metadata to metadata.ser
2025-06-18 19:19:18 [main] INFO  com.fspann.common.MetadataManager - Saved metadata to metadata.ser
2025-06-18 19:19:18 [main] INFO  c.fspann.api.ForwardSecureANNSystem - Insert complete for id=870392a5-9dd1-4de9-a16a-a6cc2418b9ba in 133.5201 ms
2025-06-18 19:19:18 [main] INFO  com.fspann.common.MetadataManager - Saved metadata to metadata.ser
2025-06-18 19:19:18 [main] INFO  com.fspann.common.MetadataManager - Saved metadata to metadata.ser
2025-06-18 19:19:18 [main] INFO  c.fspann.api.ForwardSecureANNSystem - Insert complete for id=888d4191-a107-41ea-bf28-c29e5336a818 in 131.6098 ms
2025-06-18 19:19:18 [main] INFO  com.fspann.common.MetadataManager - Saved metadata to metadata.ser
2025-06-18 19:19:18 [main] INFO  com.fspann.common.MetadataManager - Saved metadata to metadata.ser
2025-06-18 19:19:18 [main] INFO  c.fspann.api.ForwardSecureANNSystem - Insert complete for id=d5aeba2c-c111-4094-a79b-92fee59e619d in 130.1385 ms
2025-06-18 19:19:18 [main] INFO  com.fspann.common.MetadataManager - Saved metadata to metadata.ser
2025-06-18 19:19:18 [main] INFO  com.fspann.common.MetadataManager - Saved metadata to metadata.ser
2025-06-18 19:19:18 [main] INFO  c.fspann.api.ForwardSecureANNSystem - Insert complete for id=dd5383ba-4be1-4db2-a434-3fc0ff0d5142 in 133.4073 ms
2025-06-18 19:19:18 [main] INFO  com.fspann.common.MetadataManager - Saved metadata to metadata.ser
2025-06-18 19:19:19 [main] INFO  com.fspann.common.MetadataManager - Saved metadata to metadata.ser
2025-06-18 19:19:19 [main] INFO  c.fspann.api.ForwardSecureANNSystem - Insert complete for id=0923d429-533f-43b1-9b9e-03bee48af921 in 132.8003 ms
2025-06-18 19:19:19 [main] INFO  com.fspann.common.MetadataManager - Saved metadata to metadata.ser
2025-06-18 19:19:19 [main] INFO  com.fspann.common.MetadataManager - Saved metadata to metadata.ser
2025-06-18 19:19:19 [main] INFO  c.fspann.api.ForwardSecureANNSystem - Insert complete for id=254944d4-2ef6-43f0-b32f-62ec8fc54ff8 in 139.7806 ms
2025-06-18 19:19:19 [main] INFO  com.fspann.common.MetadataManager - Saved metadata to metadata.ser
2025-06-18 19:19:19 [main] INFO  com.fspann.common.MetadataManager - Saved metadata to metadata.ser
2025-06-18 19:19:19 [main] INFO  c.fspann.api.ForwardSecureANNSystem - Insert complete for id=c42f7709-c47b-41a2-a5d4-e4e72230c1c7 in 134.5992 ms
2025-06-18 19:19:19 [main] INFO  com.fspann.common.MetadataManager - Saved metadata to metadata.ser
2025-06-18 19:19:19 [main] INFO  com.fspann.common.MetadataManager - Saved metadata to metadata.ser
2025-06-18 19:19:19 [main] INFO  c.fspann.api.ForwardSecureANNSystem - Insert complete for id=8a291dbf-4952-4144-8a7d-7a2edd8ce2bc in 132.734 ms
2025-06-18 19:19:19 [main] INFO  com.fspann.common.MetadataManager - Saved metadata to metadata.ser
2025-06-18 19:19:19 [main] INFO  com.fspann.common.MetadataManager - Saved metadata to metadata.ser
2025-06-18 19:19:19 [main] INFO  c.fspann.api.ForwardSecureANNSystem - Insert complete for id=4a5b0440-ee3d-4d34-8a95-d38d35119a69 in 128.7616 ms
2025-06-18 19:19:19 [main] INFO  com.fspann.common.MetadataManager - Saved metadata to metadata.ser
2025-06-18 19:19:19 [main] INFO  com.fspann.common.MetadataManager - Saved metadata to metadata.ser
2025-06-18 19:19:19 [main] INFO  c.fspann.api.ForwardSecureANNSystem - Insert complete for id=2615256e-49b8-4f08-a3ee-14ad94247700 in 135.537 ms
2025-06-18 19:19:19 [main] INFO  com.fspann.common.MetadataManager - Saved metadata to metadata.ser
2025-06-18 19:19:19 [main] INFO  com.fspann.common.MetadataManager - Saved metadata to metadata.ser
2025-06-18 19:19:19 [main] INFO  c.fspann.api.ForwardSecureANNSystem - Insert complete for id=e5c4b4ff-dd6a-4ee3-9192-fabf0bf7ff76 in 131.8188 ms
2025-06-18 19:19:19 [main] INFO  com.fspann.common.MetadataManager - Saved metadata to metadata.ser
2025-06-18 19:19:19 [main] INFO  com.fspann.common.MetadataManager - Saved metadata to metadata.ser
2025-06-18 19:19:19 [main] INFO  c.fspann.api.ForwardSecureANNSystem - Insert complete for id=6597ffd1-a731-496f-8a43-516389c12ed3 in 136.6522 ms
2025-06-18 19:19:20 [main] INFO  com.fspann.common.MetadataManager - Saved metadata to metadata.ser
2025-06-18 19:19:20 [main] INFO  com.fspann.common.MetadataManager - Saved metadata to metadata.ser
2025-06-18 19:19:20 [main] INFO  c.fspann.api.ForwardSecureANNSystem - Insert complete for id=4aa6fe37-c4d8-4760-9fe0-cdff71aff14a in 134.3857 ms
2025-06-18 19:19:20 [main] INFO  com.fspann.common.MetadataManager - Saved metadata to metadata.ser
2025-06-18 19:19:20 [main] INFO  com.fspann.common.MetadataManager - Saved metadata to metadata.ser
2025-06-18 19:19:20 [main] INFO  c.fspann.api.ForwardSecureANNSystem - Insert complete for id=cd66b6d8-159b-49b5-abc9-845bb7d9cb1e in 138.5011 ms
2025-06-18 19:19:20 [main] INFO  com.fspann.common.MetadataManager - Saved metadata to metadata.ser
2025-06-18 19:19:20 [main] INFO  com.fspann.common.MetadataManager - Saved metadata to metadata.ser
2025-06-18 19:19:20 [main] INFO  c.fspann.api.ForwardSecureANNSystem - Insert complete for id=a49cffe5-8a6d-49fa-a60e-96cb36e79443 in 132.0212 ms
2025-06-18 19:19:20 [main] INFO  com.fspann.common.MetadataManager - Saved metadata to metadata.ser
2025-06-18 19:19:20 [main] INFO  com.fspann.common.MetadataManager - Saved metadata to metadata.ser
2025-06-18 19:19:20 [main] INFO  c.fspann.api.ForwardSecureANNSystem - Insert complete for id=c713a7bf-fe6f-46dc-a9c2-76055c5c8257 in 137.2604 ms
2025-06-18 19:19:20 [main] INFO  com.fspann.common.MetadataManager - Saved metadata to metadata.ser
2025-06-18 19:19:20 [main] INFO  com.fspann.common.MetadataManager - Saved metadata to metadata.ser
2025-06-18 19:19:20 [main] INFO  c.fspann.api.ForwardSecureANNSystem - Insert complete for id=07ce2fe8-7a60-4b72-b99a-3eeae08a6eb5 in 130.8263 ms
2025-06-18 19:19:20 [main] INFO  com.fspann.common.MetadataManager - Saved metadata to metadata.ser
2025-06-18 19:19:20 [main] INFO  com.fspann.common.MetadataManager - Saved metadata to metadata.ser
2025-06-18 19:19:20 [main] INFO  c.fspann.api.ForwardSecureANNSystem - Insert complete for id=ca8ac8eb-6f59-48d3-aece-c0a8cccb1fbb in 130.4453 ms
2025-06-18 19:19:20 [main] INFO  com.fspann.common.MetadataManager - Saved metadata to metadata.ser
2025-06-18 19:19:20 [main] INFO  com.fspann.common.MetadataManager - Saved metadata to metadata.ser
2025-06-18 19:19:20 [main] INFO  c.fspann.api.ForwardSecureANNSystem - Insert complete for id=29c6db89-91c4-46b9-85b9-cb63965c6acd in 133.8796 ms
2025-06-18 19:19:20 [main] INFO  com.fspann.common.MetadataManager - Saved metadata to metadata.ser
2025-06-18 19:19:21 [main] INFO  com.fspann.common.MetadataManager - Saved metadata to metadata.ser
2025-06-18 19:19:21 [main] INFO  c.fspann.api.ForwardSecureANNSystem - Insert complete for id=907f0531-9969-48d7-812e-f95bf9f77361 in 135.3063 ms
2025-06-18 19:19:21 [main] INFO  com.fspann.common.MetadataManager - Saved metadata to metadata.ser
2025-06-18 19:19:21 [main] INFO  com.fspann.common.MetadataManager - Saved metadata to metadata.ser
2025-06-18 19:19:21 [main] INFO  c.fspann.api.ForwardSecureANNSystem - Insert complete for id=8f0cb8f4-f365-40b2-83d0-20cbd17b7090 in 142.7897 ms
2025-06-18 19:19:21 [main] INFO  com.fspann.common.MetadataManager - Saved metadata to metadata.ser
2025-06-18 19:19:21 [main] INFO  com.fspann.common.MetadataManager - Saved metadata to metadata.ser
2025-06-18 19:19:21 [main] INFO  c.fspann.api.ForwardSecureANNSystem - Insert complete for id=2140c3a7-092b-41a8-a116-f7337e70560e in 136.0376 ms
2025-06-18 19:19:21 [main] INFO  com.fspann.common.MetadataManager - Saved metadata to metadata.ser
2025-06-18 19:19:21 [main] INFO  com.fspann.common.MetadataManager - Saved metadata to metadata.ser
2025-06-18 19:19:21 [main] INFO  c.fspann.api.ForwardSecureANNSystem - Insert complete for id=93d92bff-f583-4074-a9d4-3cf70058460d in 130.6579 ms
2025-06-18 19:19:21 [main] INFO  com.fspann.common.MetadataManager - Saved metadata to metadata.ser
2025-06-18 19:19:21 [main] INFO  com.fspann.common.MetadataManager - Saved metadata to metadata.ser
2025-06-18 19:19:21 [main] INFO  c.fspann.api.ForwardSecureANNSystem - Insert complete for id=777ac8a7-29cb-4510-80ed-64cb2ae05541 in 132.9027 ms
2025-06-18 19:19:21 [main] INFO  com.fspann.common.MetadataManager - Saved metadata to metadata.ser
2025-06-18 19:19:21 [main] INFO  com.fspann.common.MetadataManager - Saved metadata to metadata.ser
2025-06-18 19:19:21 [main] INFO  c.fspann.api.ForwardSecureANNSystem - Insert complete for id=c2e9ae0e-17e9-4405-918d-4ac2b1fc108c in 135.1819 ms
2025-06-18 19:19:21 [main] INFO  com.fspann.common.MetadataManager - Saved metadata to metadata.ser
2025-06-18 19:19:21 [main] INFO  com.fspann.common.MetadataManager - Saved metadata to metadata.ser
2025-06-18 19:19:21 [main] INFO  c.fspann.api.ForwardSecureANNSystem - Insert complete for id=ab506513-3a37-4eaa-8970-ad94e0a0a197 in 139.8342 ms
2025-06-18 19:19:21 [main] INFO  com.fspann.common.MetadataManager - Saved metadata to metadata.ser
2025-06-18 19:19:22 [main] INFO  com.fspann.common.MetadataManager - Saved metadata to metadata.ser
2025-06-18 19:19:22 [main] INFO  c.fspann.api.ForwardSecureANNSystem - Insert complete for id=aaa47380-aad7-4d6c-bc50-0834dea4f50e in 133.8494 ms
2025-06-18 19:19:22 [main] INFO  com.fspann.common.MetadataManager - Saved metadata to metadata.ser
2025-06-18 19:19:22 [main] INFO  com.fspann.common.MetadataManager - Saved metadata to metadata.ser
2025-06-18 19:19:22 [main] INFO  c.fspann.api.ForwardSecureANNSystem - Insert complete for id=f3546188-9cfd-4185-bbb6-7c29e87519de in 131.0131 ms
2025-06-18 19:19:22 [main] INFO  com.fspann.common.MetadataManager - Saved metadata to metadata.ser
2025-06-18 19:19:22 [main] INFO  com.fspann.common.MetadataManager - Saved metadata to metadata.ser
2025-06-18 19:19:22 [main] INFO  c.fspann.api.ForwardSecureANNSystem - Insert complete for id=0227d4e8-5280-4017-9e82-472c34c34604 in 132.7668 ms
2025-06-18 19:19:22 [main] INFO  com.fspann.common.MetadataManager - Saved metadata to metadata.ser
2025-06-18 19:19:22 [main] INFO  com.fspann.common.MetadataManager - Saved metadata to metadata.ser
2025-06-18 19:19:22 [main] INFO  c.fspann.api.ForwardSecureANNSystem - Insert complete for id=34f10bd5-9eea-4247-9aa3-c7158537032a in 129.5237 ms
2025-06-18 19:19:22 [main] INFO  com.fspann.common.MetadataManager - Saved metadata to metadata.ser
2025-06-18 19:19:22 [main] INFO  com.fspann.common.MetadataManager - Saved metadata to metadata.ser
2025-06-18 19:19:22 [main] INFO  c.fspann.api.ForwardSecureANNSystem - Insert complete for id=b0821da5-d220-465a-ad1d-357e45769dfa in 135.8731 ms
2025-06-18 19:19:22 [main] INFO  com.fspann.common.MetadataManager - Saved metadata to metadata.ser
2025-06-18 19:19:22 [main] INFO  com.fspann.common.MetadataManager - Saved metadata to metadata.ser
2025-06-18 19:19:22 [main] INFO  c.fspann.api.ForwardSecureANNSystem - Insert complete for id=bfe3c686-2093-4eda-95c1-54a2f1f14f10 in 135.8583 ms
2025-06-18 19:19:22 [main] INFO  com.fspann.common.MetadataManager - Saved metadata to metadata.ser
2025-06-18 19:19:22 [main] INFO  com.fspann.common.MetadataManager - Saved metadata to metadata.ser
2025-06-18 19:19:22 [main] INFO  c.fspann.api.ForwardSecureANNSystem - Insert complete for id=0cdf766a-1e3c-4c69-a0f4-a5949fdea469 in 132.4694 ms
2025-06-18 19:19:22 [main] INFO  com.fspann.common.MetadataManager - Saved metadata to metadata.ser
2025-06-18 19:19:22 [main] INFO  com.fspann.common.MetadataManager - Saved metadata to metadata.ser
2025-06-18 19:19:22 [main] INFO  c.fspann.api.ForwardSecureANNSystem - Insert complete for id=668bc9d4-fe9b-4309-9ea8-b9568193ebae in 130.9238 ms
2025-06-18 19:19:22 [main] INFO  com.fspann.common.MetadataManager - Saved metadata to metadata.ser
2025-06-18 19:19:23 [main] INFO  com.fspann.common.MetadataManager - Saved metadata to metadata.ser
2025-06-18 19:19:23 [main] INFO  c.fspann.api.ForwardSecureANNSystem - Insert complete for id=217b97c9-948b-4aa3-9172-cf49fb88f081 in 132.9035 ms
2025-06-18 19:19:23 [main] INFO  com.fspann.common.MetadataManager - Saved metadata to metadata.ser
2025-06-18 19:19:23 [main] INFO  com.fspann.common.MetadataManager - Saved metadata to metadata.ser
2025-06-18 19:19:23 [main] INFO  c.fspann.api.ForwardSecureANNSystem - Insert complete for id=bb362593-0787-4606-a550-75885934cb5c in 136.8812 ms
2025-06-18 19:19:23 [main] INFO  com.fspann.common.MetadataManager - Saved metadata to metadata.ser
2025-06-18 19:19:23 [main] INFO  com.fspann.common.MetadataManager - Saved metadata to metadata.ser
2025-06-18 19:19:23 [main] INFO  c.fspann.api.ForwardSecureANNSystem - Insert complete for id=b432431e-f7f4-4c51-965b-d0db503cbd5c in 137.0399 ms
2025-06-18 19:19:23 [main] INFO  com.fspann.common.MetadataManager - Saved metadata to metadata.ser
2025-06-18 19:19:23 [main] INFO  com.fspann.common.MetadataManager - Saved metadata to metadata.ser
2025-06-18 19:19:23 [main] INFO  c.fspann.api.ForwardSecureANNSystem - Insert complete for id=a9a575d8-7bbe-4355-b139-687647a6df69 in 132.6627 ms
2025-06-18 19:19:23 [main] INFO  com.fspann.common.MetadataManager - Saved metadata to metadata.ser
2025-06-18 19:19:23 [main] INFO  com.fspann.common.MetadataManager - Saved metadata to metadata.ser
2025-06-18 19:19:23 [main] INFO  c.fspann.api.ForwardSecureANNSystem - Insert complete for id=df3f4166-7371-4e4f-947a-e1f961ac72f2 in 133.7814 ms
2025-06-18 19:19:23 [main] INFO  com.fspann.common.MetadataManager - Saved metadata to metadata.ser
2025-06-18 19:19:23 [main] INFO  com.fspann.common.MetadataManager - Saved metadata to metadata.ser
2025-06-18 19:19:23 [main] INFO  c.fspann.api.ForwardSecureANNSystem - Insert complete for id=d4dee503-76db-40ea-b609-a9f657c723ba in 135.5855 ms
2025-06-18 19:19:23 [main] INFO  com.fspann.common.MetadataManager - Saved metadata to metadata.ser
2025-06-18 19:19:23 [main] INFO  com.fspann.common.MetadataManager - Saved metadata to metadata.ser
2025-06-18 19:19:23 [main] INFO  c.fspann.api.ForwardSecureANNSystem - Insert complete for id=25c32311-a106-44db-b644-00caf2f06d0c in 131.3193 ms
2025-06-18 19:19:23 [main] INFO  com.fspann.common.MetadataManager - Saved metadata to metadata.ser
2025-06-18 19:19:24 [main] INFO  com.fspann.common.MetadataManager - Saved metadata to metadata.ser
2025-06-18 19:19:24 [main] INFO  c.fspann.api.ForwardSecureANNSystem - Insert complete for id=b4698ef5-dc1e-412a-86eb-552f8a20306e in 132.5403 ms
2025-06-18 19:19:24 [main] INFO  com.fspann.common.MetadataManager - Saved metadata to metadata.ser
2025-06-18 19:19:24 [main] INFO  com.fspann.common.MetadataManager - Saved metadata to metadata.ser
2025-06-18 19:19:24 [main] INFO  c.fspann.api.ForwardSecureANNSystem - Insert complete for id=13872e30-5ee2-4ac9-8c04-1bb5d2e17f97 in 135.7563 ms
2025-06-18 19:19:24 [main] INFO  com.fspann.common.MetadataManager - Saved metadata to metadata.ser
2025-06-18 19:19:24 [main] INFO  com.fspann.common.MetadataManager - Saved metadata to metadata.ser
2025-06-18 19:19:24 [main] INFO  c.fspann.api.ForwardSecureANNSystem - Insert complete for id=1596fbdd-802d-4ffe-8e5d-286fc82bd8f2 in 132.9149 ms
2025-06-18 19:19:24 [main] INFO  com.fspann.common.MetadataManager - Saved metadata to metadata.ser
2025-06-18 19:19:24 [main] INFO  com.fspann.common.MetadataManager - Saved metadata to metadata.ser
2025-06-18 19:19:24 [main] INFO  c.fspann.api.ForwardSecureANNSystem - Insert complete for id=cb3dce22-cedc-4128-b741-a03b6c3931e5 in 131.7012 ms
2025-06-18 19:19:24 [main] INFO  com.fspann.common.MetadataManager - Saved metadata to metadata.ser
2025-06-18 19:19:24 [main] INFO  com.fspann.common.MetadataManager - Saved metadata to metadata.ser
2025-06-18 19:19:24 [main] INFO  c.fspann.api.ForwardSecureANNSystem - Insert complete for id=1bc83ca7-6a4c-4f15-a9ed-4d17dfa5325b in 133.8392 ms
2025-06-18 19:19:24 [main] INFO  com.fspann.common.MetadataManager - Saved metadata to metadata.ser
2025-06-18 19:19:24 [main] INFO  com.fspann.common.MetadataManager - Saved metadata to metadata.ser
2025-06-18 19:19:24 [main] INFO  c.fspann.api.ForwardSecureANNSystem - Insert complete for id=41a537e3-e41e-44dd-81ff-1eb6ea27cc0e in 131.5519 ms
2025-06-18 19:19:24 [main] INFO  com.fspann.common.MetadataManager - Saved metadata to metadata.ser
2025-06-18 19:19:24 [main] INFO  com.fspann.common.MetadataManager - Saved metadata to metadata.ser
2025-06-18 19:19:24 [main] INFO  c.fspann.api.ForwardSecureANNSystem - Insert complete for id=2d981988-5bd3-4478-b237-48e0b0623a4f in 131.7178 ms
2025-06-18 19:19:24 [main] INFO  com.fspann.common.MetadataManager - Saved metadata to metadata.ser
2025-06-18 19:19:24 [main] INFO  com.fspann.common.MetadataManager - Saved metadata to metadata.ser
2025-06-18 19:19:24 [main] INFO  c.fspann.api.ForwardSecureANNSystem - Insert complete for id=2820e379-09df-46f2-ae0a-b06e4cf15e76 in 132.7051 ms
2025-06-18 19:19:24 [main] INFO  com.fspann.common.MetadataManager - Saved metadata to metadata.ser
2025-06-18 19:19:25 [main] INFO  com.fspann.common.MetadataManager - Saved metadata to metadata.ser
2025-06-18 19:19:25 [main] INFO  c.fspann.api.ForwardSecureANNSystem - Insert complete for id=2439c33a-b317-4b0f-a7a9-169a2a0a9a26 in 131.8854 ms
2025-06-18 19:19:25 [main] INFO  com.fspann.common.MetadataManager - Saved metadata to metadata.ser
2025-06-18 19:19:25 [main] INFO  com.fspann.common.MetadataManager - Saved metadata to metadata.ser
2025-06-18 19:19:25 [main] INFO  c.fspann.api.ForwardSecureANNSystem - Insert complete for id=c73df224-542d-4646-a42d-2f93101aed6c in 137.4792 ms
2025-06-18 19:19:25 [main] INFO  com.fspann.common.MetadataManager - Saved metadata to metadata.ser
2025-06-18 19:19:25 [main] INFO  com.fspann.common.MetadataManager - Saved metadata to metadata.ser
2025-06-18 19:19:25 [main] INFO  c.fspann.api.ForwardSecureANNSystem - Insert complete for id=efb241ff-4eb2-497a-bf42-cfcc9c5eaa52 in 131.2004 ms
2025-06-18 19:19:25 [main] INFO  com.fspann.common.MetadataManager - Saved metadata to metadata.ser
2025-06-18 19:19:25 [main] INFO  com.fspann.common.MetadataManager - Saved metadata to metadata.ser
2025-06-18 19:19:25 [main] INFO  c.fspann.api.ForwardSecureANNSystem - Insert complete for id=0d3b0a70-289c-4cb8-bcfb-c4cbc13b84ac in 132.3465 ms
2025-06-18 19:19:25 [main] INFO  com.fspann.common.MetadataManager - Saved metadata to metadata.ser
2025-06-18 19:19:25 [main] INFO  com.fspann.common.MetadataManager - Saved metadata to metadata.ser
2025-06-18 19:19:25 [main] INFO  c.fspann.api.ForwardSecureANNSystem - Insert complete for id=80b6f5d4-a214-44c6-8d08-1bef8751b181 in 135.4097 ms
2025-06-18 19:19:25 [main] INFO  com.fspann.common.MetadataManager - Saved metadata to metadata.ser
2025-06-18 19:19:25 [main] INFO  com.fspann.common.MetadataManager - Saved metadata to metadata.ser
2025-06-18 19:19:25 [main] INFO  c.fspann.api.ForwardSecureANNSystem - Insert complete for id=fb8849a8-bc0a-4afb-828f-cc528fc5b778 in 133.4316 ms
2025-06-18 19:19:25 [main] INFO  com.fspann.common.MetadataManager - Saved metadata to metadata.ser
2025-06-18 19:19:25 [main] INFO  com.fspann.common.MetadataManager - Saved metadata to metadata.ser
2025-06-18 19:19:25 [main] INFO  c.fspann.api.ForwardSecureANNSystem - Insert complete for id=c03cb66f-21c6-4be3-8456-62f2058da9b6 in 131.9698 ms
2025-06-18 19:19:25 [main] INFO  com.fspann.common.MetadataManager - Saved metadata to metadata.ser
2025-06-18 19:19:26 [main] INFO  com.fspann.common.MetadataManager - Saved metadata to metadata.ser
2025-06-18 19:19:26 [main] INFO  c.fspann.api.ForwardSecureANNSystem - Insert complete for id=209ad26c-ae40-4420-bf87-7835fb75b73f in 145.1518 ms
2025-06-18 19:19:26 [main] INFO  com.fspann.common.MetadataManager - Saved metadata to metadata.ser
2025-06-18 19:19:26 [main] INFO  com.fspann.common.MetadataManager - Saved metadata to metadata.ser
2025-06-18 19:19:26 [main] INFO  c.fspann.api.ForwardSecureANNSystem - Insert complete for id=60e5e006-6c78-45d3-919f-02196a89be9f in 133.5691 ms
2025-06-18 19:19:26 [main] INFO  com.fspann.common.MetadataManager - Saved metadata to metadata.ser
2025-06-18 19:19:26 [main] INFO  com.fspann.common.MetadataManager - Saved metadata to metadata.ser
2025-06-18 19:19:26 [main] INFO  c.fspann.api.ForwardSecureANNSystem - Insert complete for id=575f316d-e8e0-4227-8645-b45bd26d4160 in 134.4726 ms
2025-06-18 19:19:26 [main] INFO  com.fspann.common.MetadataManager - Saved metadata to metadata.ser
2025-06-18 19:19:26 [main] INFO  com.fspann.common.MetadataManager - Saved metadata to metadata.ser
2025-06-18 19:19:26 [main] INFO  c.fspann.api.ForwardSecureANNSystem - Insert complete for id=80a43509-2fe3-4632-89a1-f29d49dbe7d2 in 132.3818 ms
2025-06-18 19:19:26 [main] INFO  com.fspann.common.MetadataManager - Saved metadata to metadata.ser
2025-06-18 19:19:26 [main] INFO  com.fspann.common.MetadataManager - Saved metadata to metadata.ser
2025-06-18 19:19:26 [main] INFO  c.fspann.api.ForwardSecureANNSystem - Insert complete for id=65492a5d-679d-4174-add0-468b6e1ebb00 in 136.1954 ms
2025-06-18 19:19:26 [main] INFO  com.fspann.common.MetadataManager - Saved metadata to metadata.ser
2025-06-18 19:19:26 [main] INFO  com.fspann.common.MetadataManager - Saved metadata to metadata.ser
2025-06-18 19:19:26 [main] INFO  c.fspann.api.ForwardSecureANNSystem - Insert complete for id=6d224557-ce1b-4362-bd7c-4e337a6b48f8 in 132.7596 ms
2025-06-18 19:19:26 [main] INFO  com.fspann.common.MetadataManager - Saved metadata to metadata.ser
2025-06-18 19:19:26 [main] INFO  com.fspann.common.MetadataManager - Saved metadata to metadata.ser
2025-06-18 19:19:26 [main] INFO  c.fspann.api.ForwardSecureANNSystem - Insert complete for id=3a96e853-50b5-4c02-9a77-0e98adf85bc7 in 132.5154 ms
2025-06-18 19:19:26 [main] INFO  com.fspann.common.MetadataManager - Saved metadata to metadata.ser
2025-06-18 19:19:26 [main] INFO  com.fspann.common.MetadataManager - Saved metadata to metadata.ser
2025-06-18 19:19:26 [main] INFO  c.fspann.api.ForwardSecureANNSystem - Insert complete for id=4d250df4-5305-49b3-a051-07d681c8eda6 in 132.9048 ms
2025-06-18 19:19:27 [main] INFO  com.fspann.common.MetadataManager - Saved metadata to metadata.ser
2025-06-18 19:19:27 [main] INFO  com.fspann.common.MetadataManager - Saved metadata to metadata.ser
2025-06-18 19:19:27 [main] INFO  c.fspann.api.ForwardSecureANNSystem - Insert complete for id=dbede0a5-e007-45b4-aa4f-1dd323f87c5e in 132.2981 ms
2025-06-18 19:19:27 [main] INFO  com.fspann.common.MetadataManager - Saved metadata to metadata.ser
2025-06-18 19:19:27 [main] INFO  com.fspann.common.MetadataManager - Saved metadata to metadata.ser
2025-06-18 19:19:27 [main] INFO  c.fspann.api.ForwardSecureANNSystem - Insert complete for id=3bdf5877-1788-400f-b1eb-e76c536f8cb1 in 135.4584 ms
2025-06-18 19:19:27 [main] INFO  com.fspann.common.MetadataManager - Saved metadata to metadata.ser
2025-06-18 19:19:27 [main] INFO  com.fspann.common.MetadataManager - Saved metadata to metadata.ser
2025-06-18 19:19:27 [main] INFO  c.fspann.api.ForwardSecureANNSystem - Insert complete for id=0bee6ab4-86b1-47fa-b562-b9a5435f9fe5 in 142.9063 ms
2025-06-18 19:19:27 [main] INFO  com.fspann.common.MetadataManager - Saved metadata to metadata.ser
2025-06-18 19:19:27 [main] INFO  com.fspann.common.MetadataManager - Saved metadata to metadata.ser
2025-06-18 19:19:27 [main] INFO  c.fspann.api.ForwardSecureANNSystem - Insert complete for id=abe96ff1-9406-43c7-843d-fc678bcba3b1 in 135.2464 ms
2025-06-18 19:19:27 [main] INFO  com.fspann.common.MetadataManager - Saved metadata to metadata.ser
2025-06-18 19:19:27 [main] INFO  com.fspann.common.MetadataManager - Saved metadata to metadata.ser
2025-06-18 19:19:27 [main] INFO  c.fspann.api.ForwardSecureANNSystem - Insert complete for id=efe37543-525b-4869-b3b7-4a816544e454 in 132.8444 ms
2025-06-18 19:19:27 [main] INFO  com.fspann.common.MetadataManager - Saved metadata to metadata.ser
2025-06-18 19:19:27 [main] INFO  com.fspann.common.MetadataManager - Saved metadata to metadata.ser
2025-06-18 19:19:27 [main] INFO  c.fspann.api.ForwardSecureANNSystem - Insert complete for id=21b87ed9-0ad3-4397-851b-051dd1c938d7 in 134.2303 ms
2025-06-18 19:19:27 [main] INFO  com.fspann.common.MetadataManager - Saved metadata to metadata.ser
2025-06-18 19:19:27 [main] INFO  com.fspann.common.MetadataManager - Saved metadata to metadata.ser
2025-06-18 19:19:27 [main] INFO  c.fspann.api.ForwardSecureANNSystem - Insert complete for id=4bc543e7-1f79-4376-a526-4c8b7e035468 in 132.6216 ms
2025-06-18 19:19:27 [main] INFO  com.fspann.common.MetadataManager - Saved metadata to metadata.ser
2025-06-18 19:19:28 [main] INFO  com.fspann.common.MetadataManager - Saved metadata to metadata.ser
2025-06-18 19:19:28 [main] INFO  c.fspann.api.ForwardSecureANNSystem - Insert complete for id=003a0dfe-4a06-4312-963e-5f87eeac6969 in 137.6825 ms
2025-06-18 19:19:28 [main] INFO  com.fspann.common.MetadataManager - Saved metadata to metadata.ser
2025-06-18 19:19:28 [main] INFO  com.fspann.common.MetadataManager - Saved metadata to metadata.ser
2025-06-18 19:19:28 [main] INFO  c.fspann.api.ForwardSecureANNSystem - Insert complete for id=17509ba4-1359-4ae9-8580-b6afbd836958 in 138.8871 ms
2025-06-18 19:19:28 [main] INFO  com.fspann.common.MetadataManager - Saved metadata to metadata.ser
2025-06-18 19:19:28 [main] INFO  com.fspann.common.MetadataManager - Saved metadata to metadata.ser
2025-06-18 19:19:28 [main] INFO  c.fspann.api.ForwardSecureANNSystem - Insert complete for id=68ae06ab-22c2-4ab1-a2a4-188b26f4cfd6 in 134.9299 ms
2025-06-18 19:19:28 [main] INFO  com.fspann.common.MetadataManager - Saved metadata to metadata.ser
2025-06-18 19:19:28 [main] INFO  com.fspann.common.MetadataManager - Saved metadata to metadata.ser
2025-06-18 19:19:28 [main] INFO  c.fspann.api.ForwardSecureANNSystem - Insert complete for id=bf587279-85b1-4453-a74e-9dac4f0283c5 in 137.8147 ms
2025-06-18 19:19:28 [main] INFO  com.fspann.common.MetadataManager - Saved metadata to metadata.ser
2025-06-18 19:19:28 [main] INFO  com.fspann.common.MetadataManager - Saved metadata to metadata.ser
2025-06-18 19:19:28 [main] INFO  c.fspann.api.ForwardSecureANNSystem - Insert complete for id=b32cbef4-b4f5-4788-8a92-8e5d44156032 in 132.2699 ms
2025-06-18 19:19:28 [main] INFO  com.fspann.common.MetadataManager - Saved metadata to metadata.ser
2025-06-18 19:19:28 [main] INFO  com.fspann.common.MetadataManager - Saved metadata to metadata.ser
2025-06-18 19:19:28 [main] INFO  c.fspann.api.ForwardSecureANNSystem - Insert complete for id=125389fd-2edf-4a28-a98b-795893c73e79 in 140.4713 ms
2025-06-18 19:19:28 [main] INFO  com.fspann.common.MetadataManager - Saved metadata to metadata.ser
2025-06-18 19:19:28 [main] INFO  com.fspann.common.MetadataManager - Saved metadata to metadata.ser
2025-06-18 19:19:28 [main] INFO  c.fspann.api.ForwardSecureANNSystem - Insert complete for id=427abaf7-f1e1-41b8-bb74-e85a2b355b6c in 131.7686 ms
2025-06-18 19:19:28 [main] INFO  com.fspann.common.MetadataManager - Saved metadata to metadata.ser
2025-06-18 19:19:28 [main] INFO  com.fspann.common.MetadataManager - Saved metadata to metadata.ser
2025-06-18 19:19:28 [main] INFO  c.fspann.api.ForwardSecureANNSystem - Insert complete for id=e66561d2-2199-47a5-b790-8c533877deaf in 136.5696 ms
2025-06-18 19:19:29 [main] INFO  com.fspann.common.MetadataManager - Saved metadata to metadata.ser
2025-06-18 19:19:29 [main] INFO  com.fspann.common.MetadataManager - Saved metadata to metadata.ser
2025-06-18 19:19:29 [main] INFO  c.fspann.api.ForwardSecureANNSystem - Insert complete for id=f6f850a9-c686-4b5f-b2f4-92d4418e1470 in 133.8968 ms
2025-06-18 19:19:29 [main] INFO  com.fspann.common.MetadataManager - Saved metadata to metadata.ser
2025-06-18 19:19:29 [main] INFO  com.fspann.common.MetadataManager - Saved metadata to metadata.ser
2025-06-18 19:19:29 [main] INFO  c.fspann.api.ForwardSecureANNSystem - Insert complete for id=b7bbf225-8ba3-4bc4-af4e-985eefce9b7f in 140.9899 ms
2025-06-18 19:19:29 [main] INFO  com.fspann.common.MetadataManager - Saved metadata to metadata.ser
2025-06-18 19:19:29 [main] INFO  com.fspann.common.MetadataManager - Saved metadata to metadata.ser
2025-06-18 19:19:29 [main] INFO  c.fspann.api.ForwardSecureANNSystem - Insert complete for id=2fd5675e-599b-4158-8537-a636577cc2c5 in 134.4558 ms
2025-06-18 19:19:29 [main] INFO  com.fspann.common.MetadataManager - Saved metadata to metadata.ser
2025-06-18 19:19:29 [main] INFO  com.fspann.common.MetadataManager - Saved metadata to metadata.ser
2025-06-18 19:19:29 [main] INFO  c.fspann.api.ForwardSecureANNSystem - Insert complete for id=2eeb9982-0aac-46e7-96b1-a2b2b4433ee8 in 135.0102 ms
2025-06-18 19:19:29 [main] INFO  com.fspann.common.MetadataManager - Saved metadata to metadata.ser
2025-06-18 19:19:29 [main] INFO  com.fspann.common.MetadataManager - Saved metadata to metadata.ser
2025-06-18 19:19:29 [main] INFO  c.fspann.api.ForwardSecureANNSystem - Insert complete for id=683d43b9-be39-424e-95d4-d1975b9ef66f in 134.2604 ms
2025-06-18 19:19:29 [main] INFO  com.fspann.common.MetadataManager - Saved metadata to metadata.ser
2025-06-18 19:19:29 [main] INFO  com.fspann.common.MetadataManager - Saved metadata to metadata.ser
2025-06-18 19:19:29 [main] INFO  c.fspann.api.ForwardSecureANNSystem - Insert complete for id=c18ddab1-55b7-4a46-8c53-25b3f489741c in 134.3824 ms
2025-06-18 19:19:29 [main] INFO  com.fspann.common.MetadataManager - Saved metadata to metadata.ser
2025-06-18 19:19:29 [main] INFO  com.fspann.common.MetadataManager - Saved metadata to metadata.ser
2025-06-18 19:19:29 [main] INFO  c.fspann.api.ForwardSecureANNSystem - Insert complete for id=6c8c8f86-5f1c-4a21-adf1-0e9439782d50 in 133.3447 ms
2025-06-18 19:19:29 [main] INFO  com.fspann.common.MetadataManager - Saved metadata to metadata.ser
2025-06-18 19:19:30 [main] INFO  com.fspann.common.MetadataManager - Saved metadata to metadata.ser
2025-06-18 19:19:30 [main] INFO  c.fspann.api.ForwardSecureANNSystem - Insert complete for id=87938fc9-da79-4f76-b371-2a65a6ccda82 in 136.0015 ms
2025-06-18 19:19:30 [main] INFO  com.fspann.common.MetadataManager - Saved metadata to metadata.ser
2025-06-18 19:19:30 [main] INFO  com.fspann.common.MetadataManager - Saved metadata to metadata.ser
2025-06-18 19:19:30 [main] INFO  c.fspann.api.ForwardSecureANNSystem - Insert complete for id=27e07d22-4b6e-435e-a574-eb469a9bb777 in 133.9456 ms
2025-06-18 19:19:30 [main] INFO  com.fspann.common.MetadataManager - Saved metadata to metadata.ser
2025-06-18 19:19:30 [main] INFO  com.fspann.common.MetadataManager - Saved metadata to metadata.ser
2025-06-18 19:19:30 [main] INFO  c.fspann.api.ForwardSecureANNSystem - Insert complete for id=f44bb8f4-fbb7-46a5-b2e4-647a6735ec75 in 133.9292 ms
2025-06-18 19:19:30 [main] INFO  com.fspann.common.MetadataManager - Saved metadata to metadata.ser
2025-06-18 19:19:30 [main] INFO  com.fspann.common.MetadataManager - Saved metadata to metadata.ser
2025-06-18 19:19:30 [main] INFO  c.fspann.api.ForwardSecureANNSystem - Insert complete for id=835628d0-1b6b-4a40-9492-1220f3d36cd5 in 132.0875 ms
2025-06-18 19:19:30 [main] INFO  com.fspann.common.MetadataManager - Saved metadata to metadata.ser
2025-06-18 19:19:30 [main] INFO  com.fspann.common.MetadataManager - Saved metadata to metadata.ser
2025-06-18 19:19:30 [main] INFO  c.fspann.api.ForwardSecureANNSystem - Insert complete for id=d3a69ee5-9b40-49be-9f24-eb0cf46ba68f in 139.5515 ms
2025-06-18 19:19:30 [main] INFO  com.fspann.common.MetadataManager - Saved metadata to metadata.ser
2025-06-18 19:19:30 [main] INFO  com.fspann.common.MetadataManager - Saved metadata to metadata.ser
2025-06-18 19:19:30 [main] INFO  c.fspann.api.ForwardSecureANNSystem - Insert complete for id=954d1c53-6282-4594-977e-e7d18dc57ad4 in 132.1832 ms
2025-06-18 19:19:30 [main] INFO  com.fspann.common.MetadataManager - Saved metadata to metadata.ser
2025-06-18 19:19:30 [main] INFO  com.fspann.common.MetadataManager - Saved metadata to metadata.ser
2025-06-18 19:19:30 [main] INFO  c.fspann.api.ForwardSecureANNSystem - Insert complete for id=4845d6ed-985d-40ac-b8cd-f57f773a1a15 in 135.5696 ms
2025-06-18 19:19:30 [main] INFO  com.fspann.common.MetadataManager - Saved metadata to metadata.ser
2025-06-18 19:19:31 [main] INFO  com.fspann.common.MetadataManager - Saved metadata to metadata.ser
2025-06-18 19:19:31 [main] INFO  c.fspann.api.ForwardSecureANNSystem - Insert complete for id=67de7f89-4546-490c-a627-78c71030c9a9 in 130.9703 ms
2025-06-18 19:19:31 [main] INFO  com.fspann.common.MetadataManager - Saved metadata to metadata.ser
2025-06-18 19:19:31 [main] INFO  com.fspann.common.MetadataManager - Saved metadata to metadata.ser
2025-06-18 19:19:31 [main] INFO  c.fspann.api.ForwardSecureANNSystem - Insert complete for id=5ceb5293-2d4e-4d02-8c5d-35ed0aae79a9 in 134.9484 ms
2025-06-18 19:19:31 [main] INFO  com.fspann.common.MetadataManager - Saved metadata to metadata.ser
2025-06-18 19:19:31 [main] INFO  com.fspann.common.MetadataManager - Saved metadata to metadata.ser
2025-06-18 19:19:31 [main] INFO  c.fspann.api.ForwardSecureANNSystem - Insert complete for id=6beca1bf-13ed-40e7-a238-4cc62fdc38dd in 134.9162 ms
2025-06-18 19:19:31 [main] INFO  com.fspann.common.MetadataManager - Saved metadata to metadata.ser
2025-06-18 19:19:31 [main] INFO  com.fspann.common.MetadataManager - Saved metadata to metadata.ser
2025-06-18 19:19:31 [main] INFO  c.fspann.api.ForwardSecureANNSystem - Insert complete for id=6446b1de-8024-4c70-b09b-3a9e4009efe0 in 148.0527 ms
2025-06-18 19:19:31 [main] INFO  com.fspann.common.MetadataManager - Saved metadata to metadata.ser
2025-06-18 19:19:31 [main] INFO  com.fspann.common.MetadataManager - Saved metadata to metadata.ser
2025-06-18 19:19:31 [main] INFO  c.fspann.api.ForwardSecureANNSystem - Insert complete for id=ccf30f4a-a078-477b-bddf-1c8f5942c77b in 133.3849 ms
2025-06-18 19:19:31 [main] INFO  com.fspann.common.MetadataManager - Saved metadata to metadata.ser
2025-06-18 19:19:31 [main] INFO  com.fspann.common.MetadataManager - Saved metadata to metadata.ser
2025-06-18 19:19:31 [main] INFO  c.fspann.api.ForwardSecureANNSystem - Insert complete for id=a8552fa5-3b1a-4da1-ab27-d01d9bc4f267 in 137.0995 ms
2025-06-18 19:19:31 [main] INFO  com.fspann.common.MetadataManager - Saved metadata to metadata.ser
2025-06-18 19:19:31 [main] INFO  com.fspann.common.MetadataManager - Saved metadata to metadata.ser
2025-06-18 19:19:31 [main] INFO  c.fspann.api.ForwardSecureANNSystem - Insert complete for id=7c1a6f69-e203-40a0-8e8e-a6c0cd8b0f46 in 134.4345 ms
2025-06-18 19:19:31 [main] INFO  com.fspann.common.MetadataManager - Saved metadata to metadata.ser
2025-06-18 19:19:31 [main] INFO  com.fspann.common.MetadataManager - Saved metadata to metadata.ser
2025-06-18 19:19:31 [main] INFO  c.fspann.api.ForwardSecureANNSystem - Insert complete for id=eca4e6a5-2785-4a60-bc53-562e554f2dd4 in 135.8707 ms
2025-06-18 19:19:32 [main] INFO  com.fspann.common.MetadataManager - Saved metadata to metadata.ser
2025-06-18 19:19:32 [main] INFO  com.fspann.common.MetadataManager - Saved metadata to metadata.ser
2025-06-18 19:19:32 [main] INFO  c.fspann.api.ForwardSecureANNSystem - Insert complete for id=f88770d3-89a6-4946-a679-b62ebee2f188 in 133.0763 ms
2025-06-18 19:19:32 [main] INFO  com.fspann.common.MetadataManager - Saved metadata to metadata.ser
2025-06-18 19:19:32 [main] INFO  com.fspann.common.MetadataManager - Saved metadata to metadata.ser
2025-06-18 19:19:32 [main] INFO  c.fspann.api.ForwardSecureANNSystem - Insert complete for id=73a80845-123d-401c-b063-da3f127a8c6b in 136.6552 ms
2025-06-18 19:19:32 [main] INFO  com.fspann.common.MetadataManager - Saved metadata to metadata.ser
2025-06-18 19:19:32 [main] INFO  com.fspann.common.MetadataManager - Saved metadata to metadata.ser
2025-06-18 19:19:32 [main] INFO  c.fspann.api.ForwardSecureANNSystem - Insert complete for id=2fc5b7e5-4ff6-4a3f-97a9-daf3d326f74c in 134.3669 ms
2025-06-18 19:19:32 [main] INFO  com.fspann.common.MetadataManager - Saved metadata to metadata.ser
2025-06-18 19:19:32 [main] INFO  com.fspann.common.MetadataManager - Saved metadata to metadata.ser
2025-06-18 19:19:32 [main] INFO  c.fspann.api.ForwardSecureANNSystem - Insert complete for id=073b878a-8578-465f-9a22-3bc954425821 in 133.9054 ms
2025-06-18 19:19:32 [main] INFO  com.fspann.common.MetadataManager - Saved metadata to metadata.ser
2025-06-18 19:19:32 [main] INFO  com.fspann.common.MetadataManager - Saved metadata to metadata.ser
2025-06-18 19:19:32 [main] INFO  c.fspann.api.ForwardSecureANNSystem - Insert complete for id=19154b11-a8b7-4578-8f34-33f372e1f97f in 137.6901 ms
2025-06-18 19:19:32 [main] INFO  com.fspann.common.MetadataManager - Saved metadata to metadata.ser
2025-06-18 19:19:32 [main] INFO  com.fspann.common.MetadataManager - Saved metadata to metadata.ser
2025-06-18 19:19:32 [main] INFO  c.fspann.api.ForwardSecureANNSystem - Insert complete for id=b5919b9d-9b1f-4950-8d14-ef505a6c398f in 137.4438 ms
2025-06-18 19:19:32 [main] INFO  com.fspann.common.MetadataManager - Saved metadata to metadata.ser
2025-06-18 19:19:32 [main] INFO  com.fspann.common.MetadataManager - Saved metadata to metadata.ser
2025-06-18 19:19:32 [main] INFO  c.fspann.api.ForwardSecureANNSystem - Insert complete for id=be9d9ab8-806f-4457-bab9-08a75eeeb0c8 in 136.2938 ms
2025-06-18 19:19:32 [main] INFO  com.fspann.common.MetadataManager - Saved metadata to metadata.ser
2025-06-18 19:19:33 [main] INFO  com.fspann.common.MetadataManager - Saved metadata to metadata.ser
2025-06-18 19:19:33 [main] INFO  c.fspann.api.ForwardSecureANNSystem - Insert complete for id=9a49192f-8c84-40da-9b75-6772b757290c in 135.2396 ms
2025-06-18 19:19:33 [main] INFO  com.fspann.common.MetadataManager - Saved metadata to metadata.ser
2025-06-18 19:19:33 [main] INFO  com.fspann.common.MetadataManager - Saved metadata to metadata.ser
2025-06-18 19:19:33 [main] INFO  c.fspann.api.ForwardSecureANNSystem - Insert complete for id=2e9ed7c6-5375-4efe-b639-c796ee757a92 in 136.56 ms
2025-06-18 19:19:33 [main] INFO  com.fspann.common.MetadataManager - Saved metadata to metadata.ser
2025-06-18 19:19:33 [main] INFO  com.fspann.common.MetadataManager - Saved metadata to metadata.ser
2025-06-18 19:19:33 [main] INFO  c.fspann.api.ForwardSecureANNSystem - Insert complete for id=c4b7c5b2-6f66-4fbf-a08d-51eeb3e6f047 in 139.6238 ms
2025-06-18 19:19:33 [main] INFO  com.fspann.common.MetadataManager - Saved metadata to metadata.ser
2025-06-18 19:19:33 [main] INFO  com.fspann.common.MetadataManager - Saved metadata to metadata.ser
2025-06-18 19:19:33 [main] INFO  c.fspann.api.ForwardSecureANNSystem - Insert complete for id=8dcc0651-b40d-4b81-916a-c6b8b06ed5c6 in 139.3174 ms
2025-06-18 19:19:33 [main] INFO  com.fspann.common.MetadataManager - Saved metadata to metadata.ser
2025-06-18 19:19:33 [main] INFO  com.fspann.common.MetadataManager - Saved metadata to metadata.ser
2025-06-18 19:19:33 [main] INFO  c.fspann.api.ForwardSecureANNSystem - Insert complete for id=8171bd04-cb93-45ef-ab52-22f3f7d8564b in 136.1655 ms
2025-06-18 19:19:33 [main] INFO  com.fspann.common.MetadataManager - Saved metadata to metadata.ser
2025-06-18 19:19:33 [main] INFO  com.fspann.common.MetadataManager - Saved metadata to metadata.ser
2025-06-18 19:19:33 [main] INFO  c.fspann.api.ForwardSecureANNSystem - Insert complete for id=fa5da135-a119-4cb9-8b46-8062250f0819 in 141.5145 ms
2025-06-18 19:19:33 [main] INFO  com.fspann.common.MetadataManager - Saved metadata to metadata.ser
2025-06-18 19:19:33 [main] INFO  com.fspann.common.MetadataManager - Saved metadata to metadata.ser
2025-06-18 19:19:33 [main] INFO  c.fspann.api.ForwardSecureANNSystem - Insert complete for id=014a2798-8175-4b03-a0ca-3419441fbeab in 143.1127 ms
2025-06-18 19:19:33 [main] INFO  com.fspann.common.MetadataManager - Saved metadata to metadata.ser
2025-06-18 19:19:34 [main] INFO  com.fspann.common.MetadataManager - Saved metadata to metadata.ser
2025-06-18 19:19:34 [main] INFO  c.fspann.api.ForwardSecureANNSystem - Insert complete for id=f6b7e3ba-972d-410c-bfc1-404914558694 in 135.0572 ms
2025-06-18 19:19:34 [main] INFO  com.fspann.common.MetadataManager - Saved metadata to metadata.ser
2025-06-18 19:19:34 [main] INFO  com.fspann.common.MetadataManager - Saved metadata to metadata.ser
2025-06-18 19:19:34 [main] INFO  c.fspann.api.ForwardSecureANNSystem - Insert complete for id=601dee1b-3d2f-4985-8414-7a1c99c5e78d in 143.5224 ms
2025-06-18 19:19:34 [main] INFO  com.fspann.common.MetadataManager - Saved metadata to metadata.ser
2025-06-18 19:19:34 [main] INFO  com.fspann.common.MetadataManager - Saved metadata to metadata.ser
2025-06-18 19:19:34 [main] INFO  c.fspann.api.ForwardSecureANNSystem - Insert complete for id=097ca426-40ba-4951-ae92-c4a1b8e561cd in 142.4149 ms
2025-06-18 19:19:34 [main] INFO  com.fspann.common.MetadataManager - Saved metadata to metadata.ser
2025-06-18 19:19:34 [main] INFO  com.fspann.common.MetadataManager - Saved metadata to metadata.ser
2025-06-18 19:19:34 [main] INFO  c.fspann.api.ForwardSecureANNSystem - Insert complete for id=4ac1ddf5-b45d-48e5-a12f-bc3381ce41ad in 134.9901 ms
2025-06-18 19:19:34 [main] INFO  com.fspann.common.MetadataManager - Saved metadata to metadata.ser
2025-06-18 19:19:34 [main] INFO  com.fspann.common.MetadataManager - Saved metadata to metadata.ser
2025-06-18 19:19:34 [main] INFO  c.fspann.api.ForwardSecureANNSystem - Insert complete for id=41ef943b-ec9a-47a7-b691-c7a075e2c1b9 in 137.8839 ms
2025-06-18 19:19:34 [main] INFO  com.fspann.common.MetadataManager - Saved metadata to metadata.ser
2025-06-18 19:19:34 [main] INFO  com.fspann.common.MetadataManager - Saved metadata to metadata.ser
2025-06-18 19:19:34 [main] INFO  c.fspann.api.ForwardSecureANNSystem - Insert complete for id=09aac9a5-9d74-4ce5-a411-9289c60de141 in 140.093 ms
2025-06-18 19:19:34 [main] INFO  com.fspann.common.MetadataManager - Saved metadata to metadata.ser
2025-06-18 19:19:34 [main] INFO  com.fspann.common.MetadataManager - Saved metadata to metadata.ser
2025-06-18 19:19:34 [main] INFO  c.fspann.api.ForwardSecureANNSystem - Insert complete for id=74b2c30e-7810-4080-a5a4-7d028153c433 in 139.1338 ms
2025-06-18 19:19:34 [main] INFO  com.fspann.common.MetadataManager - Saved metadata to metadata.ser
2025-06-18 19:19:35 [main] INFO  com.fspann.common.MetadataManager - Saved metadata to metadata.ser
2025-06-18 19:19:35 [main] INFO  c.fspann.api.ForwardSecureANNSystem - Insert complete for id=1c2204e0-4358-4376-9767-de4f8a9d3128 in 139.7319 ms
2025-06-18 19:19:35 [main] INFO  com.fspann.common.MetadataManager - Saved metadata to metadata.ser
2025-06-18 19:19:35 [main] INFO  com.fspann.common.MetadataManager - Saved metadata to metadata.ser
2025-06-18 19:19:35 [main] INFO  c.fspann.api.ForwardSecureANNSystem - Insert complete for id=5eb0ca1c-e46f-4a53-80f3-4b739faeab11 in 134.4213 ms
2025-06-18 19:19:35 [main] INFO  com.fspann.common.MetadataManager - Saved metadata to metadata.ser
2025-06-18 19:19:35 [main] INFO  com.fspann.common.MetadataManager - Saved metadata to metadata.ser
2025-06-18 19:19:35 [main] INFO  c.fspann.api.ForwardSecureANNSystem - Insert complete for id=65b15b8b-29be-49ef-93ac-809ad41a8725 in 134.5839 ms
2025-06-18 19:19:35 [main] INFO  com.fspann.common.MetadataManager - Saved metadata to metadata.ser
2025-06-18 19:19:35 [main] INFO  com.fspann.common.MetadataManager - Saved metadata to metadata.ser
2025-06-18 19:19:35 [main] INFO  c.fspann.api.ForwardSecureANNSystem - Insert complete for id=64278302-4cd7-4e49-b6dd-af2fa2df0f1c in 137.6331 ms
2025-06-18 19:19:35 [main] INFO  com.fspann.common.MetadataManager - Saved metadata to metadata.ser
2025-06-18 19:19:35 [main] INFO  com.fspann.common.MetadataManager - Saved metadata to metadata.ser
2025-06-18 19:19:35 [main] INFO  c.fspann.api.ForwardSecureANNSystem - Insert complete for id=29581230-62cb-4a33-aa75-18b8f8db6d71 in 143.082 ms
2025-06-18 19:19:35 [main] INFO  com.fspann.common.MetadataManager - Saved metadata to metadata.ser
2025-06-18 19:19:35 [main] INFO  com.fspann.common.MetadataManager - Saved metadata to metadata.ser
2025-06-18 19:19:35 [main] INFO  c.fspann.api.ForwardSecureANNSystem - Insert complete for id=3e580855-cd2a-4f02-9474-acd0acfc6f69 in 134.8461 ms
2025-06-18 19:19:35 [main] INFO  com.fspann.common.MetadataManager - Saved metadata to metadata.ser
2025-06-18 19:19:35 [main] INFO  com.fspann.common.MetadataManager - Saved metadata to metadata.ser
2025-06-18 19:19:35 [main] INFO  c.fspann.api.ForwardSecureANNSystem - Insert complete for id=a024e0a5-640c-475c-b123-8dcdbddb84fd in 139.1137 ms
2025-06-18 19:19:35 [main] INFO  com.fspann.common.MetadataManager - Saved metadata to metadata.ser
2025-06-18 19:19:35 [main] INFO  com.fspann.common.MetadataManager - Saved metadata to metadata.ser
2025-06-18 19:19:35 [main] INFO  c.fspann.api.ForwardSecureANNSystem - Insert complete for id=dab0e646-774a-40c8-b81c-876c5af27e73 in 136.8256 ms
2025-06-18 19:19:36 [main] INFO  com.fspann.common.MetadataManager - Saved metadata to metadata.ser
2025-06-18 19:19:36 [main] INFO  com.fspann.common.MetadataManager - Saved metadata to metadata.ser
2025-06-18 19:19:36 [main] INFO  c.fspann.api.ForwardSecureANNSystem - Insert complete for id=b37798b4-8e5a-40b9-9eab-48fbb76df8a7 in 135.3686 ms
2025-06-18 19:19:36 [main] INFO  com.fspann.common.MetadataManager - Saved metadata to metadata.ser
2025-06-18 19:19:36 [main] INFO  com.fspann.common.MetadataManager - Saved metadata to metadata.ser
2025-06-18 19:19:36 [main] INFO  c.fspann.api.ForwardSecureANNSystem - Insert complete for id=4d5f0790-ed27-4a79-aeab-1ac177c172f0 in 135.5097 ms
2025-06-18 19:19:36 [main] INFO  com.fspann.common.MetadataManager - Saved metadata to metadata.ser
2025-06-18 19:19:36 [main] INFO  com.fspann.common.MetadataManager - Saved metadata to metadata.ser
2025-06-18 19:19:36 [main] INFO  c.fspann.api.ForwardSecureANNSystem - Insert complete for id=e39a9fa2-cf69-4789-92d2-11ea0ca6f1b7 in 134.0849 ms
2025-06-18 19:19:36 [main] INFO  com.fspann.common.MetadataManager - Saved metadata to metadata.ser
2025-06-18 19:19:36 [main] INFO  com.fspann.common.MetadataManager - Saved metadata to metadata.ser
2025-06-18 19:19:36 [main] INFO  c.fspann.api.ForwardSecureANNSystem - Insert complete for id=a01c7bcb-0632-422f-8df1-98f57463c5ca in 136.8893 ms
2025-06-18 19:19:36 [main] INFO  com.fspann.common.MetadataManager - Saved metadata to metadata.ser
2025-06-18 19:19:36 [main] INFO  com.fspann.common.MetadataManager - Saved metadata to metadata.ser
2025-06-18 19:19:36 [main] INFO  c.fspann.api.ForwardSecureANNSystem - Insert complete for id=6f6ac922-a16b-4782-8136-2423de7412e2 in 136.6918 ms
2025-06-18 19:19:36 [main] INFO  com.fspann.common.MetadataManager - Saved metadata to metadata.ser
2025-06-18 19:19:36 [main] INFO  com.fspann.common.MetadataManager - Saved metadata to metadata.ser
2025-06-18 19:19:36 [main] INFO  c.fspann.api.ForwardSecureANNSystem - Insert complete for id=d49f4b17-da04-4d05-bbf6-04e39e65bb21 in 134.0353 ms
2025-06-18 19:19:36 [main] INFO  com.fspann.common.MetadataManager - Saved metadata to metadata.ser
2025-06-18 19:19:36 [main] INFO  com.fspann.common.MetadataManager - Saved metadata to metadata.ser
2025-06-18 19:19:36 [main] INFO  c.fspann.api.ForwardSecureANNSystem - Insert complete for id=1af13716-17f5-40d3-aa3b-bc8741e8565e in 144.3192 ms
2025-06-18 19:19:36 [main] INFO  com.fspann.common.MetadataManager - Saved metadata to metadata.ser
2025-06-18 19:19:37 [main] INFO  com.fspann.common.MetadataManager - Saved metadata to metadata.ser
2025-06-18 19:19:37 [main] INFO  c.fspann.api.ForwardSecureANNSystem - Insert complete for id=8f6bc8a1-ad4a-47f1-94a3-058f2f5cfaaa in 135.6038 ms
2025-06-18 19:19:37 [main] INFO  com.fspann.common.MetadataManager - Saved metadata to metadata.ser
2025-06-18 19:19:37 [main] INFO  com.fspann.common.MetadataManager - Saved metadata to metadata.ser
2025-06-18 19:19:37 [main] INFO  c.fspann.api.ForwardSecureANNSystem - Insert complete for id=320c92e8-ae33-469c-96fe-97365c466bc5 in 135.3327 ms
2025-06-18 19:19:37 [main] INFO  com.fspann.common.MetadataManager - Saved metadata to metadata.ser
2025-06-18 19:19:37 [main] INFO  com.fspann.common.MetadataManager - Saved metadata to metadata.ser
2025-06-18 19:19:37 [main] INFO  c.fspann.api.ForwardSecureANNSystem - Insert complete for id=60d67dcb-f242-4605-8478-9e9e7dfd8542 in 141.2077 ms
2025-06-18 19:19:37 [main] INFO  com.fspann.common.MetadataManager - Saved metadata to metadata.ser
2025-06-18 19:19:37 [main] INFO  com.fspann.common.MetadataManager - Saved metadata to metadata.ser
2025-06-18 19:19:37 [main] INFO  c.fspann.api.ForwardSecureANNSystem - Insert complete for id=ec5fa1a8-3a09-4bbc-9089-666d8dbec023 in 137.2157 ms
2025-06-18 19:19:37 [main] INFO  com.fspann.common.MetadataManager - Saved metadata to metadata.ser
2025-06-18 19:19:37 [main] INFO  com.fspann.common.MetadataManager - Saved metadata to metadata.ser
2025-06-18 19:19:37 [main] INFO  c.fspann.api.ForwardSecureANNSystem - Insert complete for id=02c22f9e-33d5-4e3d-b758-ea4255c06315 in 134.4126 ms
2025-06-18 19:19:37 [main] INFO  com.fspann.common.MetadataManager - Saved metadata to metadata.ser
2025-06-18 19:19:37 [main] INFO  com.fspann.common.MetadataManager - Saved metadata to metadata.ser
2025-06-18 19:19:37 [main] INFO  c.fspann.api.ForwardSecureANNSystem - Insert complete for id=5175f761-0a44-41a6-a997-d7df6eaa6a6f in 137.2734 ms
2025-06-18 19:19:37 [main] INFO  com.fspann.common.MetadataManager - Saved metadata to metadata.ser
2025-06-18 19:19:37 [main] INFO  com.fspann.common.MetadataManager - Saved metadata to metadata.ser
2025-06-18 19:19:37 [main] INFO  c.fspann.api.ForwardSecureANNSystem - Insert complete for id=b37abeb7-4001-42f8-ab6f-d830ef69431c in 140.1785 ms
2025-06-18 19:19:37 [main] INFO  com.fspann.common.MetadataManager - Saved metadata to metadata.ser
2025-06-18 19:19:38 [main] INFO  com.fspann.common.MetadataManager - Saved metadata to metadata.ser
2025-06-18 19:19:38 [main] INFO  c.fspann.api.ForwardSecureANNSystem - Insert complete for id=ccd4c7c3-8bc6-4750-8f58-2d0d5184e97b in 136.5194 ms
2025-06-18 19:19:38 [main] INFO  com.fspann.common.MetadataManager - Saved metadata to metadata.ser
2025-06-18 19:19:38 [main] INFO  com.fspann.common.MetadataManager - Saved metadata to metadata.ser
2025-06-18 19:19:38 [main] INFO  c.fspann.api.ForwardSecureANNSystem - Insert complete for id=595e67ed-c580-4d6c-aba8-bf0894cf76d4 in 138.9218 ms
2025-06-18 19:19:38 [main] INFO  com.fspann.common.MetadataManager - Saved metadata to metadata.ser
2025-06-18 19:19:38 [main] INFO  com.fspann.common.MetadataManager - Saved metadata to metadata.ser
2025-06-18 19:19:38 [main] INFO  c.fspann.api.ForwardSecureANNSystem - Insert complete for id=fe54d6e5-2dcc-4380-82d7-eab67f5820f3 in 138.567 ms
2025-06-18 19:19:38 [main] INFO  com.fspann.common.MetadataManager - Saved metadata to metadata.ser
2025-06-18 19:19:38 [main] INFO  com.fspann.common.MetadataManager - Saved metadata to metadata.ser
2025-06-18 19:19:38 [main] INFO  c.fspann.api.ForwardSecureANNSystem - Insert complete for id=026d3a4b-c906-4dbc-a47d-3a8b871145ad in 140.2881 ms
2025-06-18 19:19:38 [main] INFO  com.fspann.common.MetadataManager - Saved metadata to metadata.ser
2025-06-18 19:19:38 [main] INFO  com.fspann.common.MetadataManager - Saved metadata to metadata.ser
2025-06-18 19:19:38 [main] INFO  c.fspann.api.ForwardSecureANNSystem - Insert complete for id=4a99ab46-328a-4f09-9d7e-e88847b7e7a5 in 147.4587 ms
2025-06-18 19:19:38 [main] INFO  com.fspann.common.MetadataManager - Saved metadata to metadata.ser
2025-06-18 19:19:38 [main] INFO  com.fspann.common.MetadataManager - Saved metadata to metadata.ser
2025-06-18 19:19:38 [main] INFO  c.fspann.api.ForwardSecureANNSystem - Insert complete for id=ae90e0f6-77ac-475f-be71-19f1e7398496 in 138.5792 ms
2025-06-18 19:19:38 [main] INFO  com.fspann.common.MetadataManager - Saved metadata to metadata.ser
2025-06-18 19:19:38 [main] INFO  com.fspann.common.MetadataManager - Saved metadata to metadata.ser
2025-06-18 19:19:38 [main] INFO  c.fspann.api.ForwardSecureANNSystem - Insert complete for id=fa46230a-993f-4aa4-ab8b-f28ae4de740e in 134.3796 ms
2025-06-18 19:19:38 [main] INFO  com.fspann.common.MetadataManager - Saved metadata to metadata.ser
2025-06-18 19:19:38 [main] INFO  com.fspann.common.MetadataManager - Saved metadata to metadata.ser
2025-06-18 19:19:38 [main] INFO  c.fspann.api.ForwardSecureANNSystem - Insert complete for id=7dd0879e-5c63-44e2-86e0-9b745e5092a4 in 136.7956 ms
2025-06-18 19:19:39 [main] INFO  com.fspann.common.MetadataManager - Saved metadata to metadata.ser
2025-06-18 19:19:39 [main] INFO  com.fspann.common.MetadataManager - Saved metadata to metadata.ser
2025-06-18 19:19:39 [main] INFO  c.fspann.api.ForwardSecureANNSystem - Insert complete for id=47be32c1-2b8f-4ce2-a949-438d906e6a0c in 138.8203 ms
2025-06-18 19:19:39 [main] INFO  com.fspann.common.MetadataManager - Saved metadata to metadata.ser
2025-06-18 19:19:39 [main] INFO  com.fspann.common.MetadataManager - Saved metadata to metadata.ser
2025-06-18 19:19:39 [main] INFO  c.fspann.api.ForwardSecureANNSystem - Insert complete for id=977609f1-616e-4953-b3f4-4e586dee2684 in 137.7725 ms
2025-06-18 19:19:39 [main] INFO  com.fspann.common.MetadataManager - Saved metadata to metadata.ser
2025-06-18 19:19:39 [main] INFO  com.fspann.common.MetadataManager - Saved metadata to metadata.ser
2025-06-18 19:19:39 [main] INFO  c.fspann.api.ForwardSecureANNSystem - Insert complete for id=c7a0c9fe-1c02-4f30-9d7a-196c9f9e1233 in 137.1548 ms
2025-06-18 19:19:39 [main] INFO  com.fspann.common.MetadataManager - Saved metadata to metadata.ser
2025-06-18 19:19:39 [main] INFO  com.fspann.common.MetadataManager - Saved metadata to metadata.ser
2025-06-18 19:19:39 [main] INFO  c.fspann.api.ForwardSecureANNSystem - Insert complete for id=f5d59e51-bb27-4704-87b3-5f8476f5abdd in 135.5506 ms
2025-06-18 19:19:39 [main] INFO  com.fspann.common.MetadataManager - Saved metadata to metadata.ser
2025-06-18 19:19:39 [main] INFO  com.fspann.common.MetadataManager - Saved metadata to metadata.ser
2025-06-18 19:19:39 [main] INFO  c.fspann.api.ForwardSecureANNSystem - Insert complete for id=379ea04e-124a-445b-b0bc-e57819eb9f1e in 138.097 ms
2025-06-18 19:19:39 [main] INFO  com.fspann.common.MetadataManager - Saved metadata to metadata.ser
2025-06-18 19:19:39 [main] INFO  com.fspann.common.MetadataManager - Saved metadata to metadata.ser
2025-06-18 19:19:39 [main] INFO  c.fspann.api.ForwardSecureANNSystem - Insert complete for id=dbaf7821-0a16-4b4b-8421-5ce680ae97e1 in 137.3859 ms
2025-06-18 19:19:39 [main] INFO  com.fspann.common.MetadataManager - Saved metadata to metadata.ser
2025-06-18 19:19:39 [main] INFO  com.fspann.common.MetadataManager - Saved metadata to metadata.ser
2025-06-18 19:19:39 [main] INFO  c.fspann.api.ForwardSecureANNSystem - Insert complete for id=951f0976-e1a0-4197-86a4-6ba3d179c36c in 133.9612 ms
2025-06-18 19:19:40 [main] INFO  com.fspann.common.MetadataManager - Saved metadata to metadata.ser
2025-06-18 19:19:40 [main] INFO  com.fspann.common.MetadataManager - Saved metadata to metadata.ser
2025-06-18 19:19:40 [main] INFO  c.fspann.api.ForwardSecureANNSystem - Insert complete for id=104ca301-6e34-4738-bd77-5ffb701ec691 in 139.0178 ms
2025-06-18 19:19:40 [main] INFO  com.fspann.common.MetadataManager - Saved metadata to metadata.ser
2025-06-18 19:19:40 [main] INFO  com.fspann.common.MetadataManager - Saved metadata to metadata.ser
2025-06-18 19:19:40 [main] INFO  c.fspann.api.ForwardSecureANNSystem - Insert complete for id=c9a4c9c7-ddb1-48ab-bc2e-0bd91e35373f in 135.5014 ms
2025-06-18 19:19:40 [main] INFO  com.fspann.common.MetadataManager - Saved metadata to metadata.ser
2025-06-18 19:19:40 [main] INFO  com.fspann.common.MetadataManager - Saved metadata to metadata.ser
2025-06-18 19:19:40 [main] INFO  c.fspann.api.ForwardSecureANNSystem - Insert complete for id=d398b20a-382d-4c34-8386-eb657051d55a in 135.1753 ms
2025-06-18 19:19:40 [main] INFO  com.fspann.common.MetadataManager - Saved metadata to metadata.ser
2025-06-18 19:19:40 [main] INFO  com.fspann.common.MetadataManager - Saved metadata to metadata.ser
2025-06-18 19:19:40 [main] INFO  c.fspann.api.ForwardSecureANNSystem - Insert complete for id=9a6af907-4923-410d-a7c5-a7e2615f8c3e in 136.11 ms
2025-06-18 19:19:40 [main] INFO  com.fspann.common.MetadataManager - Saved metadata to metadata.ser
2025-06-18 19:19:40 [main] INFO  com.fspann.common.MetadataManager - Saved metadata to metadata.ser
2025-06-18 19:19:40 [main] INFO  c.fspann.api.ForwardSecureANNSystem - Insert complete for id=1222125b-1156-4a9c-a400-0335fcc89950 in 134.6105 ms
2025-06-18 19:19:40 [main] INFO  com.fspann.common.MetadataManager - Saved metadata to metadata.ser
2025-06-18 19:19:40 [main] INFO  com.fspann.common.MetadataManager - Saved metadata to metadata.ser
2025-06-18 19:19:40 [main] INFO  c.fspann.api.ForwardSecureANNSystem - Insert complete for id=1a7bb1f0-5ff9-405d-af44-3a9923bf0c6c in 136.9691 ms
2025-06-18 19:19:40 [main] INFO  com.fspann.common.MetadataManager - Saved metadata to metadata.ser
2025-06-18 19:19:40 [main] INFO  com.fspann.common.MetadataManager - Saved metadata to metadata.ser
2025-06-18 19:19:40 [main] INFO  c.fspann.api.ForwardSecureANNSystem - Insert complete for id=d54b2338-d60e-437f-98ce-8bfeed742b93 in 142.8747 ms
2025-06-18 19:19:40 [main] INFO  com.fspann.common.MetadataManager - Saved metadata to metadata.ser
2025-06-18 19:19:41 [main] INFO  com.fspann.common.MetadataManager - Saved metadata to metadata.ser
2025-06-18 19:19:41 [main] INFO  c.fspann.api.ForwardSecureANNSystem - Insert complete for id=893fd10f-d790-4c3e-a6f4-4e0211ec1a16 in 139.9443 ms
2025-06-18 19:19:41 [main] INFO  com.fspann.common.MetadataManager - Saved metadata to metadata.ser
2025-06-18 19:19:41 [main] INFO  com.fspann.common.MetadataManager - Saved metadata to metadata.ser
2025-06-18 19:19:41 [main] INFO  c.fspann.api.ForwardSecureANNSystem - Insert complete for id=04911ad9-925a-4fb1-8935-7d68d334c530 in 136.6258 ms
2025-06-18 19:19:41 [main] INFO  com.fspann.common.MetadataManager - Saved metadata to metadata.ser
2025-06-18 19:19:41 [main] INFO  com.fspann.common.MetadataManager - Saved metadata to metadata.ser
2025-06-18 19:19:41 [main] INFO  c.fspann.api.ForwardSecureANNSystem - Insert complete for id=336e43d9-eec4-4fdc-bec7-ea79a6cce170 in 141.6266 ms
2025-06-18 19:19:41 [main] INFO  com.fspann.common.MetadataManager - Saved metadata to metadata.ser
2025-06-18 19:19:41 [main] INFO  com.fspann.common.MetadataManager - Saved metadata to metadata.ser
2025-06-18 19:19:41 [main] INFO  c.fspann.api.ForwardSecureANNSystem - Insert complete for id=871f62c5-f1d5-4eca-9593-e8281a31df32 in 138.7571 ms
2025-06-18 19:19:41 [main] INFO  com.fspann.common.MetadataManager - Saved metadata to metadata.ser
2025-06-18 19:19:41 [main] INFO  com.fspann.common.MetadataManager - Saved metadata to metadata.ser
2025-06-18 19:19:41 [main] INFO  c.fspann.api.ForwardSecureANNSystem - Insert complete for id=b815a4e4-15ec-41c8-875c-3d0fe6535bc8 in 134.8636 ms
2025-06-18 19:19:41 [main] INFO  com.fspann.common.MetadataManager - Saved metadata to metadata.ser
2025-06-18 19:19:41 [main] INFO  com.fspann.common.MetadataManager - Saved metadata to metadata.ser
2025-06-18 19:19:41 [main] INFO  c.fspann.api.ForwardSecureANNSystem - Insert complete for id=6d12ddea-48b0-4f6a-89b5-f69a77428711 in 138.5782 ms
2025-06-18 19:19:41 [main] INFO  com.fspann.common.MetadataManager - Saved metadata to metadata.ser
2025-06-18 19:19:41 [main] INFO  com.fspann.common.MetadataManager - Saved metadata to metadata.ser
2025-06-18 19:19:41 [main] INFO  c.fspann.api.ForwardSecureANNSystem - Insert complete for id=7e26caee-dfc7-466b-98fb-03fb718ab3ad in 138.4386 ms
2025-06-18 19:19:41 [main] INFO  com.fspann.common.MetadataManager - Saved metadata to metadata.ser
2025-06-18 19:19:42 [main] INFO  com.fspann.common.MetadataManager - Saved metadata to metadata.ser
2025-06-18 19:19:42 [main] INFO  c.fspann.api.ForwardSecureANNSystem - Insert complete for id=72a975dd-9bfc-48cd-8b8a-7c0641d650c1 in 138.573 ms
2025-06-18 19:19:42 [main] INFO  com.fspann.common.MetadataManager - Saved metadata to metadata.ser
2025-06-18 19:19:42 [main] INFO  com.fspann.common.MetadataManager - Saved metadata to metadata.ser
2025-06-18 19:19:42 [main] INFO  c.fspann.api.ForwardSecureANNSystem - Insert complete for id=2383969e-f38c-42cc-9ce1-f568af9fff4d in 142.3838 ms
2025-06-18 19:19:42 [main] INFO  com.fspann.common.MetadataManager - Saved metadata to metadata.ser
2025-06-18 19:19:42 [main] INFO  com.fspann.common.MetadataManager - Saved metadata to metadata.ser
2025-06-18 19:19:42 [main] INFO  c.fspann.api.ForwardSecureANNSystem - Insert complete for id=5c0b75ed-8b20-44db-bc66-485884215153 in 146.8523 ms
2025-06-18 19:19:42 [main] INFO  com.fspann.common.MetadataManager - Saved metadata to metadata.ser
2025-06-18 19:19:42 [main] INFO  com.fspann.common.MetadataManager - Saved metadata to metadata.ser
2025-06-18 19:19:42 [main] INFO  c.fspann.api.ForwardSecureANNSystem - Insert complete for id=53cdce8d-bb0e-430f-abdd-a3dde58da705 in 138.6971 ms
2025-06-18 19:19:42 [main] INFO  com.fspann.common.MetadataManager - Saved metadata to metadata.ser
2025-06-18 19:19:42 [main] INFO  com.fspann.common.MetadataManager - Saved metadata to metadata.ser
2025-06-18 19:19:42 [main] INFO  c.fspann.api.ForwardSecureANNSystem - Insert complete for id=e5c22a3b-6f2f-418c-b5ac-f78301971ff5 in 134.8298 ms
2025-06-18 19:19:42 [main] INFO  com.fspann.common.MetadataManager - Saved metadata to metadata.ser
2025-06-18 19:19:42 [main] INFO  com.fspann.common.MetadataManager - Saved metadata to metadata.ser
2025-06-18 19:19:42 [main] INFO  c.fspann.api.ForwardSecureANNSystem - Insert complete for id=385c8354-8d93-4c80-a6cb-9daa80a2f48b in 136.1684 ms
2025-06-18 19:19:42 [main] INFO  com.fspann.common.MetadataManager - Saved metadata to metadata.ser
2025-06-18 19:19:42 [main] INFO  com.fspann.common.MetadataManager - Saved metadata to metadata.ser
2025-06-18 19:19:42 [main] INFO  c.fspann.api.ForwardSecureANNSystem - Insert complete for id=2606e77b-cdd7-4572-866a-f47610f3f5e5 in 140.943 ms
2025-06-18 19:19:42 [main] INFO  com.fspann.common.MetadataManager - Saved metadata to metadata.ser
2025-06-18 19:19:42 [main] INFO  com.fspann.common.MetadataManager - Saved metadata to metadata.ser
2025-06-18 19:19:42 [main] INFO  c.fspann.api.ForwardSecureANNSystem - Insert complete for id=6b051904-1aad-406d-bcb6-4c0de0b901e9 in 138.1996 ms
2025-06-18 19:19:43 [main] INFO  com.fspann.common.MetadataManager - Saved metadata to metadata.ser
2025-06-18 19:19:43 [main] INFO  com.fspann.common.MetadataManager - Saved metadata to metadata.ser
2025-06-18 19:19:43 [main] INFO  c.fspann.api.ForwardSecureANNSystem - Insert complete for id=84f60d9a-9665-4358-a5d0-02ae2686d8fe in 136.4228 ms
2025-06-18 19:19:43 [main] INFO  com.fspann.common.MetadataManager - Saved metadata to metadata.ser
2025-06-18 19:19:43 [main] INFO  com.fspann.common.MetadataManager - Saved metadata to metadata.ser
2025-06-18 19:19:43 [main] INFO  c.fspann.api.ForwardSecureANNSystem - Insert complete for id=28751900-9eb4-46c4-8973-c0810a50e7af in 137.5141 ms
2025-06-18 19:19:43 [main] INFO  com.fspann.common.MetadataManager - Saved metadata to metadata.ser
2025-06-18 19:19:43 [main] INFO  com.fspann.common.MetadataManager - Saved metadata to metadata.ser
2025-06-18 19:19:43 [main] INFO  c.fspann.api.ForwardSecureANNSystem - Insert complete for id=8bc29f9b-7a4d-4662-b9ee-556a7e01f3f3 in 138.4032 ms
2025-06-18 19:19:43 [main] INFO  com.fspann.common.MetadataManager - Saved metadata to metadata.ser
2025-06-18 19:19:43 [main] INFO  com.fspann.common.MetadataManager - Saved metadata to metadata.ser
2025-06-18 19:19:43 [main] INFO  c.fspann.api.ForwardSecureANNSystem - Insert complete for id=daff917d-8edf-4538-bd03-762c8ff45b19 in 134.9944 ms
2025-06-18 19:19:43 [main] INFO  com.fspann.common.MetadataManager - Saved metadata to metadata.ser
2025-06-18 19:19:43 [main] INFO  com.fspann.common.MetadataManager - Saved metadata to metadata.ser
2025-06-18 19:19:43 [main] INFO  c.fspann.api.ForwardSecureANNSystem - Insert complete for id=f7e6b0c1-291e-4dcd-b34b-7c63f7d89847 in 141.0756 ms
2025-06-18 19:19:43 [main] INFO  com.fspann.common.MetadataManager - Saved metadata to metadata.ser
2025-06-18 19:19:43 [main] INFO  com.fspann.common.MetadataManager - Saved metadata to metadata.ser
2025-06-18 19:19:43 [main] INFO  c.fspann.api.ForwardSecureANNSystem - Insert complete for id=1bf8eb9f-f9d9-4630-bcf5-1115524d6b10 in 140.4213 ms
2025-06-18 19:19:43 [main] INFO  com.fspann.common.MetadataManager - Saved metadata to metadata.ser
2025-06-18 19:19:43 [main] INFO  com.fspann.common.MetadataManager - Saved metadata to metadata.ser
2025-06-18 19:19:43 [main] INFO  c.fspann.api.ForwardSecureANNSystem - Insert complete for id=c3f78864-a980-457b-b7fa-f57e3333ec91 in 138.9782 ms
2025-06-18 19:19:44 [main] INFO  com.fspann.common.MetadataManager - Saved metadata to metadata.ser
2025-06-18 19:19:44 [main] INFO  com.fspann.common.MetadataManager - Saved metadata to metadata.ser
2025-06-18 19:19:44 [main] INFO  c.fspann.api.ForwardSecureANNSystem - Insert complete for id=719c16f4-22b0-42ab-ad24-9020a61d6cbe in 143.0228 ms
2025-06-18 19:19:44 [main] INFO  com.fspann.common.MetadataManager - Saved metadata to metadata.ser
2025-06-18 19:19:44 [main] INFO  com.fspann.common.MetadataManager - Saved metadata to metadata.ser
2025-06-18 19:19:44 [main] INFO  c.fspann.api.ForwardSecureANNSystem - Insert complete for id=ebe8d9e9-0fb2-40c3-ae13-3affe4227ee8 in 138.0598 ms
2025-06-18 19:19:44 [main] INFO  com.fspann.common.MetadataManager - Saved metadata to metadata.ser
2025-06-18 19:19:44 [main] INFO  com.fspann.common.MetadataManager - Saved metadata to metadata.ser
2025-06-18 19:19:44 [main] INFO  c.fspann.api.ForwardSecureANNSystem - Insert complete for id=a1d57210-7bed-4124-9362-955de38f8b04 in 137.4198 ms
2025-06-18 19:19:44 [main] INFO  com.fspann.common.MetadataManager - Saved metadata to metadata.ser
2025-06-18 19:19:44 [main] INFO  com.fspann.common.MetadataManager - Saved metadata to metadata.ser
2025-06-18 19:19:44 [main] INFO  c.fspann.api.ForwardSecureANNSystem - Insert complete for id=9075fcdf-c5d0-492d-8c8c-696a9fb5f401 in 138.1076 ms
2025-06-18 19:19:44 [main] INFO  com.fspann.common.MetadataManager - Saved metadata to metadata.ser
2025-06-18 19:19:44 [main] INFO  com.fspann.common.MetadataManager - Saved metadata to metadata.ser
2025-06-18 19:19:44 [main] INFO  c.fspann.api.ForwardSecureANNSystem - Insert complete for id=217a8101-55b7-48ab-8fa8-c12a28c84de3 in 140.7769 ms
2025-06-18 19:19:44 [main] INFO  com.fspann.common.MetadataManager - Saved metadata to metadata.ser
2025-06-18 19:19:44 [main] INFO  com.fspann.common.MetadataManager - Saved metadata to metadata.ser
2025-06-18 19:19:44 [main] INFO  c.fspann.api.ForwardSecureANNSystem - Insert complete for id=b334fa5f-b20c-482e-9c1b-5ba8f603419d in 137.6286 ms
2025-06-18 19:19:44 [main] INFO  com.fspann.common.MetadataManager - Saved metadata to metadata.ser
2025-06-18 19:19:44 [main] INFO  com.fspann.common.MetadataManager - Saved metadata to metadata.ser
2025-06-18 19:19:44 [main] INFO  c.fspann.api.ForwardSecureANNSystem - Insert complete for id=0c7d551f-e8dc-4074-9537-6cb9a47e8a98 in 136.8735 ms
2025-06-18 19:19:45 [main] INFO  com.fspann.common.MetadataManager - Saved metadata to metadata.ser
2025-06-18 19:19:45 [main] INFO  com.fspann.common.MetadataManager - Saved metadata to metadata.ser
2025-06-18 19:19:45 [main] INFO  c.fspann.api.ForwardSecureANNSystem - Insert complete for id=d5a3ad0d-9374-4f7f-9387-827a0e0e403c in 142.8363 ms
2025-06-18 19:19:45 [main] INFO  com.fspann.common.MetadataManager - Saved metadata to metadata.ser
2025-06-18 19:19:45 [main] INFO  com.fspann.common.MetadataManager - Saved metadata to metadata.ser
2025-06-18 19:19:45 [main] INFO  c.fspann.api.ForwardSecureANNSystem - Insert complete for id=1230e93f-98bc-41fe-8f3a-35139370d294 in 135.3089 ms
2025-06-18 19:19:45 [main] INFO  com.fspann.common.MetadataManager - Saved metadata to metadata.ser
2025-06-18 19:19:45 [main] INFO  com.fspann.common.MetadataManager - Saved metadata to metadata.ser
2025-06-18 19:19:45 [main] INFO  c.fspann.api.ForwardSecureANNSystem - Insert complete for id=a759dd6c-1edd-4c78-a4c6-f36daf1676f1 in 143.2753 ms
2025-06-18 19:19:45 [main] INFO  com.fspann.common.MetadataManager - Saved metadata to metadata.ser
2025-06-18 19:19:45 [main] INFO  com.fspann.common.MetadataManager - Saved metadata to metadata.ser
2025-06-18 19:19:45 [main] INFO  c.fspann.api.ForwardSecureANNSystem - Insert complete for id=c18cd03a-40d1-4ad1-9014-bb08ee19b61a in 139.4503 ms
2025-06-18 19:19:45 [main] INFO  com.fspann.common.MetadataManager - Saved metadata to metadata.ser
2025-06-18 19:19:45 [main] INFO  com.fspann.common.MetadataManager - Saved metadata to metadata.ser
2025-06-18 19:19:45 [main] INFO  c.fspann.api.ForwardSecureANNSystem - Insert complete for id=c3a59e40-bad5-46fa-815f-c6334aa55568 in 139.3766 ms
2025-06-18 19:19:45 [main] INFO  com.fspann.common.MetadataManager - Saved metadata to metadata.ser
2025-06-18 19:19:45 [main] INFO  com.fspann.common.MetadataManager - Saved metadata to metadata.ser
2025-06-18 19:19:45 [main] INFO  c.fspann.api.ForwardSecureANNSystem - Insert complete for id=1810d7dc-89ea-490d-8ee1-172a5967235f in 138.305 ms
2025-06-18 19:19:45 [main] INFO  com.fspann.common.MetadataManager - Saved metadata to metadata.ser
2025-06-18 19:19:45 [main] INFO  com.fspann.common.MetadataManager - Saved metadata to metadata.ser
2025-06-18 19:19:45 [main] INFO  c.fspann.api.ForwardSecureANNSystem - Insert complete for id=5726b726-5025-4875-a9ba-c2bcec2e6938 in 136.3001 ms
2025-06-18 19:19:45 [main] INFO  com.fspann.common.MetadataManager - Saved metadata to metadata.ser
2025-06-18 19:19:46 [main] INFO  com.fspann.common.MetadataManager - Saved metadata to metadata.ser
2025-06-18 19:19:46 [main] INFO  c.fspann.api.ForwardSecureANNSystem - Insert complete for id=34bb3be9-e2d8-419d-b56c-40988b147863 in 140.2352 ms
2025-06-18 19:19:46 [main] INFO  com.fspann.common.MetadataManager - Saved metadata to metadata.ser
2025-06-18 19:19:46 [main] INFO  com.fspann.common.MetadataManager - Saved metadata to metadata.ser
2025-06-18 19:19:46 [main] INFO  c.fspann.api.ForwardSecureANNSystem - Insert complete for id=879ddfc9-47fb-48f3-a33b-2a1f3ba1d498 in 138.099 ms
2025-06-18 19:19:46 [main] INFO  com.fspann.common.MetadataManager - Saved metadata to metadata.ser
2025-06-18 19:19:46 [main] INFO  com.fspann.common.MetadataManager - Saved metadata to metadata.ser
2025-06-18 19:19:46 [main] INFO  c.fspann.api.ForwardSecureANNSystem - Insert complete for id=7810554b-c30d-4818-975b-16a98cb39655 in 140.7342 ms
2025-06-18 19:19:46 [main] INFO  com.fspann.common.MetadataManager - Saved metadata to metadata.ser
2025-06-18 19:19:46 [main] INFO  com.fspann.common.MetadataManager - Saved metadata to metadata.ser
2025-06-18 19:19:46 [main] INFO  c.fspann.api.ForwardSecureANNSystem - Insert complete for id=847b6b54-06e2-4906-9d36-b7cf9a4cbf0b in 148.2267 ms
2025-06-18 19:19:46 [main] INFO  com.fspann.common.MetadataManager - Saved metadata to metadata.ser
2025-06-18 19:19:46 [main] INFO  com.fspann.common.MetadataManager - Saved metadata to metadata.ser
2025-06-18 19:19:46 [main] INFO  c.fspann.api.ForwardSecureANNSystem - Insert complete for id=ab532227-d17e-4a20-9184-108cc3cfa7b8 in 143.7624 ms
2025-06-18 19:19:46 [main] INFO  com.fspann.common.MetadataManager - Saved metadata to metadata.ser
2025-06-18 19:19:46 [main] INFO  com.fspann.common.MetadataManager - Saved metadata to metadata.ser
2025-06-18 19:19:46 [main] INFO  c.fspann.api.ForwardSecureANNSystem - Insert complete for id=991fd60d-6266-46e0-a3b6-ea2b38165a64 in 141.0758 ms
2025-06-18 19:19:46 [main] INFO  com.fspann.common.MetadataManager - Saved metadata to metadata.ser
2025-06-18 19:19:46 [main] INFO  com.fspann.common.MetadataManager - Saved metadata to metadata.ser
2025-06-18 19:19:46 [main] INFO  c.fspann.api.ForwardSecureANNSystem - Insert complete for id=022a11c9-ca38-44d6-acd0-be5ba7910073 in 139.4141 ms
2025-06-18 19:19:46 [main] INFO  com.fspann.common.MetadataManager - Saved metadata to metadata.ser
2025-06-18 19:19:47 [main] INFO  com.fspann.common.MetadataManager - Saved metadata to metadata.ser
2025-06-18 19:19:47 [main] INFO  c.fspann.api.ForwardSecureANNSystem - Insert complete for id=9467c427-a0d7-4f36-847c-b69982d07306 in 139.3034 ms
2025-06-18 19:19:47 [main] INFO  com.fspann.common.MetadataManager - Saved metadata to metadata.ser
2025-06-18 19:19:47 [main] INFO  com.fspann.common.MetadataManager - Saved metadata to metadata.ser
2025-06-18 19:19:47 [main] INFO  c.fspann.api.ForwardSecureANNSystem - Insert complete for id=bba84adc-fa9c-4fcf-a892-a8b7fb77694b in 137.3778 ms
2025-06-18 19:19:47 [main] INFO  com.fspann.common.MetadataManager - Saved metadata to metadata.ser
2025-06-18 19:19:47 [main] INFO  com.fspann.common.MetadataManager - Saved metadata to metadata.ser
2025-06-18 19:19:47 [main] INFO  c.fspann.api.ForwardSecureANNSystem - Insert complete for id=2518fb8b-dc61-451c-801f-4165472bd0a1 in 141.0979 ms
2025-06-18 19:19:47 [main] INFO  com.fspann.common.MetadataManager - Saved metadata to metadata.ser
2025-06-18 19:19:47 [main] INFO  com.fspann.common.MetadataManager - Saved metadata to metadata.ser
2025-06-18 19:19:47 [main] INFO  c.fspann.api.ForwardSecureANNSystem - Insert complete for id=f881580d-0d64-4c5b-b4b8-7f280b9ef716 in 143.0958 ms
2025-06-18 19:19:47 [main] INFO  com.fspann.common.MetadataManager - Saved metadata to metadata.ser
2025-06-18 19:19:47 [main] INFO  com.fspann.common.MetadataManager - Saved metadata to metadata.ser
2025-06-18 19:19:47 [main] INFO  c.fspann.api.ForwardSecureANNSystem - Insert complete for id=38526881-3c5a-4266-8a47-175ff84f8147 in 143.5701 ms
2025-06-18 19:19:47 [main] INFO  com.fspann.common.MetadataManager - Saved metadata to metadata.ser
2025-06-18 19:19:47 [main] INFO  com.fspann.common.MetadataManager - Saved metadata to metadata.ser
2025-06-18 19:19:47 [main] INFO  c.fspann.api.ForwardSecureANNSystem - Insert complete for id=a007b68c-f5cd-4590-b1f5-871327aa1b61 in 145.1754 ms
2025-06-18 19:19:47 [main] INFO  com.fspann.common.MetadataManager - Saved metadata to metadata.ser
2025-06-18 19:19:47 [main] INFO  com.fspann.common.MetadataManager - Saved metadata to metadata.ser
2025-06-18 19:19:47 [main] INFO  c.fspann.api.ForwardSecureANNSystem - Insert complete for id=472c79c3-ede7-4393-b68a-6d53bfd0d3da in 137.1731 ms
2025-06-18 19:19:47 [main] INFO  com.fspann.common.MetadataManager - Saved metadata to metadata.ser
2025-06-18 19:19:48 [main] INFO  com.fspann.common.MetadataManager - Saved metadata to metadata.ser
2025-06-18 19:19:48 [main] INFO  c.fspann.api.ForwardSecureANNSystem - Insert complete for id=3b3a54d9-0058-43a2-808f-b61e40887220 in 136.2286 ms
2025-06-18 19:19:48 [main] INFO  com.fspann.common.MetadataManager - Saved metadata to metadata.ser
2025-06-18 19:19:48 [main] INFO  com.fspann.common.MetadataManager - Saved metadata to metadata.ser
2025-06-18 19:19:48 [main] INFO  c.fspann.api.ForwardSecureANNSystem - Insert complete for id=0a7498bc-917d-434d-b615-29e7035e8194 in 140.4627 ms
2025-06-18 19:19:48 [main] INFO  com.fspann.common.MetadataManager - Saved metadata to metadata.ser
2025-06-18 19:19:48 [main] INFO  com.fspann.common.MetadataManager - Saved metadata to metadata.ser
2025-06-18 19:19:48 [main] INFO  c.fspann.api.ForwardSecureANNSystem - Insert complete for id=3337f2cd-fcd8-4173-8bc5-b6bfb68712fe in 139.589 ms
2025-06-18 19:19:48 [main] INFO  com.fspann.common.MetadataManager - Saved metadata to metadata.ser
2025-06-18 19:19:48 [main] INFO  com.fspann.common.MetadataManager - Saved metadata to metadata.ser
2025-06-18 19:19:48 [main] INFO  c.fspann.api.ForwardSecureANNSystem - Insert complete for id=4ab4cf47-f9be-4811-b7e9-26d476855c31 in 148.8263 ms
2025-06-18 19:19:48 [main] INFO  com.fspann.common.MetadataManager - Saved metadata to metadata.ser
2025-06-18 19:19:48 [main] INFO  com.fspann.common.MetadataManager - Saved metadata to metadata.ser
2025-06-18 19:19:48 [main] INFO  c.fspann.api.ForwardSecureANNSystem - Insert complete for id=1997b00d-24d9-4ea4-8ff4-dea2bad14b9b in 139.2877 ms
2025-06-18 19:19:48 [main] INFO  com.fspann.common.MetadataManager - Saved metadata to metadata.ser
2025-06-18 19:19:48 [main] INFO  com.fspann.common.MetadataManager - Saved metadata to metadata.ser
2025-06-18 19:19:48 [main] INFO  c.fspann.api.ForwardSecureANNSystem - Insert complete for id=be066529-98e0-462b-b7a7-3e5a4f47b0e1 in 138.2698 ms
2025-06-18 19:19:48 [main] INFO  com.fspann.common.MetadataManager - Saved metadata to metadata.ser
2025-06-18 19:19:48 [main] INFO  com.fspann.common.MetadataManager - Saved metadata to metadata.ser
2025-06-18 19:19:48 [main] INFO  c.fspann.api.ForwardSecureANNSystem - Insert complete for id=d11b1438-7a32-4154-bb13-7289681f527d in 140.945 ms
2025-06-18 19:19:48 [main] INFO  com.fspann.common.MetadataManager - Saved metadata to metadata.ser
2025-06-18 19:19:49 [main] INFO  com.fspann.common.MetadataManager - Saved metadata to metadata.ser
2025-06-18 19:19:49 [main] INFO  c.fspann.api.ForwardSecureANNSystem - Insert complete for id=1c0d3427-430e-46ae-bcee-4914aface32d in 140.7212 ms
2025-06-18 19:19:49 [main] INFO  com.fspann.common.MetadataManager - Saved metadata to metadata.ser
2025-06-18 19:19:49 [main] INFO  com.fspann.common.MetadataManager - Saved metadata to metadata.ser
2025-06-18 19:19:49 [main] INFO  c.fspann.api.ForwardSecureANNSystem - Insert complete for id=7338f5dd-9dad-4506-81c3-271ca5e7b582 in 152.6052 ms
2025-06-18 19:19:49 [main] INFO  com.fspann.common.MetadataManager - Saved metadata to metadata.ser
2025-06-18 19:19:49 [main] INFO  com.fspann.common.MetadataManager - Saved metadata to metadata.ser
2025-06-18 19:19:49 [main] INFO  c.fspann.api.ForwardSecureANNSystem - Insert complete for id=2591dbe5-0401-4da7-87c0-31d53b00eb0b in 136.3592 ms
2025-06-18 19:19:49 [main] INFO  com.fspann.common.MetadataManager - Saved metadata to metadata.ser
2025-06-18 19:19:49 [main] INFO  com.fspann.common.MetadataManager - Saved metadata to metadata.ser
2025-06-18 19:19:49 [main] INFO  c.fspann.api.ForwardSecureANNSystem - Insert complete for id=f63eb14b-c1c7-49a2-b8e6-af4c42cd72dc in 145.9947 ms
2025-06-18 19:19:49 [main] INFO  com.fspann.common.MetadataManager - Saved metadata to metadata.ser
2025-06-18 19:19:49 [main] INFO  com.fspann.common.MetadataManager - Saved metadata to metadata.ser
2025-06-18 19:19:49 [main] INFO  c.fspann.api.ForwardSecureANNSystem - Insert complete for id=1be08919-a698-44bb-9182-59d7f4632ea1 in 143.685 ms
2025-06-18 19:19:49 [main] INFO  com.fspann.common.MetadataManager - Saved metadata to metadata.ser
2025-06-18 19:19:49 [main] INFO  com.fspann.common.MetadataManager - Saved metadata to metadata.ser
2025-06-18 19:19:49 [main] INFO  c.fspann.api.ForwardSecureANNSystem - Insert complete for id=0cd361f6-cb78-414f-bece-539a25727ece in 135.8649 ms
2025-06-18 19:19:49 [main] INFO  com.fspann.common.MetadataManager - Saved metadata to metadata.ser
2025-06-18 19:19:49 [main] INFO  com.fspann.common.MetadataManager - Saved metadata to metadata.ser
2025-06-18 19:19:49 [main] INFO  c.fspann.api.ForwardSecureANNSystem - Insert complete for id=aff516a2-a988-45f9-84b3-7983d6984526 in 136.906 ms
2025-06-18 19:19:49 [main] INFO  com.fspann.common.MetadataManager - Saved metadata to metadata.ser
2025-06-18 19:19:50 [main] INFO  com.fspann.common.MetadataManager - Saved metadata to metadata.ser
2025-06-18 19:19:50 [main] INFO  c.fspann.api.ForwardSecureANNSystem - Insert complete for id=7470cb3f-8ea5-4480-ab8b-8fbb12dfbe72 in 142.4934 ms
2025-06-18 19:19:50 [main] INFO  com.fspann.common.MetadataManager - Saved metadata to metadata.ser
2025-06-18 19:19:50 [main] INFO  com.fspann.common.MetadataManager - Saved metadata to metadata.ser
2025-06-18 19:19:50 [main] INFO  c.fspann.api.ForwardSecureANNSystem - Insert complete for id=ce9d582f-427e-4c81-8cc5-ba5105a6428c in 139.7815 ms
2025-06-18 19:19:50 [main] INFO  com.fspann.common.MetadataManager - Saved metadata to metadata.ser
2025-06-18 19:19:50 [main] INFO  com.fspann.common.MetadataManager - Saved metadata to metadata.ser
2025-06-18 19:19:50 [main] INFO  c.fspann.api.ForwardSecureANNSystem - Insert complete for id=5aac1682-87c5-4d2b-925c-f2e846485a93 in 138.4036 ms
2025-06-18 19:19:50 [main] INFO  com.fspann.common.MetadataManager - Saved metadata to metadata.ser
2025-06-18 19:19:50 [main] INFO  com.fspann.common.MetadataManager - Saved metadata to metadata.ser
2025-06-18 19:19:50 [main] INFO  c.fspann.api.ForwardSecureANNSystem - Insert complete for id=2bb5e04a-a56b-40fe-ba61-62ca28be832a in 145.0102 ms
2025-06-18 19:19:50 [main] INFO  com.fspann.common.MetadataManager - Saved metadata to metadata.ser
2025-06-18 19:19:50 [main] INFO  com.fspann.common.MetadataManager - Saved metadata to metadata.ser
2025-06-18 19:19:50 [main] INFO  c.fspann.api.ForwardSecureANNSystem - Insert complete for id=57208ac6-5271-423a-813e-cc6f0b9cc617 in 142.7545 ms
2025-06-18 19:19:50 [main] INFO  com.fspann.common.MetadataManager - Saved metadata to metadata.ser
2025-06-18 19:19:50 [main] INFO  com.fspann.common.MetadataManager - Saved metadata to metadata.ser
2025-06-18 19:19:50 [main] INFO  c.fspann.api.ForwardSecureANNSystem - Insert complete for id=e39d884c-5086-4522-9854-a3d1c582f7ab in 139.8302 ms
2025-06-18 19:19:50 [main] INFO  com.fspann.common.MetadataManager - Saved metadata to metadata.ser
2025-06-18 19:19:50 [main] INFO  com.fspann.common.MetadataManager - Saved metadata to metadata.ser
2025-06-18 19:19:50 [main] INFO  c.fspann.api.ForwardSecureANNSystem - Insert complete for id=c41ef024-1525-4ffb-ae42-74d2b0971888 in 145.6079 ms
2025-06-18 19:19:50 [main] INFO  com.fspann.common.MetadataManager - Saved metadata to metadata.ser
2025-06-18 19:19:51 [main] INFO  com.fspann.common.MetadataManager - Saved metadata to metadata.ser
2025-06-18 19:19:51 [main] INFO  c.fspann.api.ForwardSecureANNSystem - Insert complete for id=2008a890-cca0-4f90-a07e-82cb871deac6 in 138.6039 ms
2025-06-18 19:19:51 [main] INFO  com.fspann.common.MetadataManager - Saved metadata to metadata.ser
2025-06-18 19:19:51 [main] INFO  com.fspann.common.MetadataManager - Saved metadata to metadata.ser
2025-06-18 19:19:51 [main] INFO  c.fspann.api.ForwardSecureANNSystem - Insert complete for id=0d237b46-1610-4de7-a6ba-512de728224c in 143.5125 ms
2025-06-18 19:19:51 [main] INFO  com.fspann.common.MetadataManager - Saved metadata to metadata.ser
2025-06-18 19:19:51 [main] INFO  com.fspann.common.MetadataManager - Saved metadata to metadata.ser
2025-06-18 19:19:51 [main] INFO  c.fspann.api.ForwardSecureANNSystem - Insert complete for id=1548774d-37d0-4744-a787-38068da3ba03 in 141.4906 ms
2025-06-18 19:19:51 [main] INFO  com.fspann.common.MetadataManager - Saved metadata to metadata.ser
2025-06-18 19:19:51 [main] INFO  com.fspann.common.MetadataManager - Saved metadata to metadata.ser
2025-06-18 19:19:51 [main] INFO  c.fspann.api.ForwardSecureANNSystem - Insert complete for id=267c9a66-a81f-403d-b034-ffc7afaa5119 in 140.3289 ms
2025-06-18 19:19:51 [main] INFO  com.fspann.common.MetadataManager - Saved metadata to metadata.ser
2025-06-18 19:19:51 [main] INFO  com.fspann.common.MetadataManager - Saved metadata to metadata.ser
2025-06-18 19:19:51 [main] INFO  c.fspann.api.ForwardSecureANNSystem - Insert complete for id=da99df21-c99d-447c-9f40-9fd1a066b62c in 140.7437 ms
2025-06-18 19:19:51 [main] INFO  com.fspann.common.MetadataManager - Saved metadata to metadata.ser
2025-06-18 19:19:51 [main] INFO  com.fspann.common.MetadataManager - Saved metadata to metadata.ser
2025-06-18 19:19:51 [main] INFO  c.fspann.api.ForwardSecureANNSystem - Insert complete for id=b9b7896f-2aa2-4162-b33b-80977c55f747 in 139.9295 ms
2025-06-18 19:19:51 [main] INFO  com.fspann.common.MetadataManager - Saved metadata to metadata.ser
2025-06-18 19:19:51 [main] INFO  com.fspann.common.MetadataManager - Saved metadata to metadata.ser
2025-06-18 19:19:51 [main] INFO  c.fspann.api.ForwardSecureANNSystem - Insert complete for id=94d49daf-20fb-424e-ae46-3a0a7beaf53a in 144.5874 ms
2025-06-18 19:19:51 [main] INFO  com.fspann.common.MetadataManager - Saved metadata to metadata.ser
2025-06-18 19:19:51 [main] INFO  com.fspann.common.MetadataManager - Saved metadata to metadata.ser
2025-06-18 19:19:51 [main] INFO  c.fspann.api.ForwardSecureANNSystem - Insert complete for id=93b6a1ea-fb58-4ee3-a1b6-27f2b0ceb652 in 139.9804 ms
2025-06-18 19:19:52 [main] INFO  com.fspann.common.MetadataManager - Saved metadata to metadata.ser
2025-06-18 19:19:52 [main] INFO  com.fspann.common.MetadataManager - Saved metadata to metadata.ser
2025-06-18 19:19:52 [main] INFO  c.fspann.api.ForwardSecureANNSystem - Insert complete for id=43f09751-096b-4499-9225-f414e9925a95 in 137.5528 ms
2025-06-18 19:19:52 [main] INFO  com.fspann.common.MetadataManager - Saved metadata to metadata.ser
2025-06-18 19:19:52 [main] INFO  com.fspann.common.MetadataManager - Saved metadata to metadata.ser
2025-06-18 19:19:52 [main] INFO  c.fspann.api.ForwardSecureANNSystem - Insert complete for id=68ff5a01-d38a-4a60-ad1e-6ed4deb1af8e in 141.0448 ms
2025-06-18 19:19:52 [main] INFO  com.fspann.common.MetadataManager - Saved metadata to metadata.ser
2025-06-18 19:19:52 [main] INFO  com.fspann.common.MetadataManager - Saved metadata to metadata.ser
2025-06-18 19:19:52 [main] INFO  c.fspann.api.ForwardSecureANNSystem - Insert complete for id=4c8fc56f-0d58-46e6-ad4d-d8a6c23a09e3 in 142.727 ms
2025-06-18 19:19:52 [main] INFO  com.fspann.common.MetadataManager - Saved metadata to metadata.ser
2025-06-18 19:19:52 [main] INFO  com.fspann.common.MetadataManager - Saved metadata to metadata.ser
2025-06-18 19:19:52 [main] INFO  c.fspann.api.ForwardSecureANNSystem - Insert complete for id=9d290bf7-68bd-4913-81f8-8baf93ec2d28 in 138.9521 ms
2025-06-18 19:19:52 [main] INFO  com.fspann.common.MetadataManager - Saved metadata to metadata.ser
2025-06-18 19:19:52 [main] INFO  com.fspann.common.MetadataManager - Saved metadata to metadata.ser
2025-06-18 19:19:52 [main] INFO  c.fspann.api.ForwardSecureANNSystem - Insert complete for id=97a55cea-457f-4022-80ca-1a1dd1a82195 in 139.2183 ms
2025-06-18 19:19:52 [main] INFO  com.fspann.common.MetadataManager - Saved metadata to metadata.ser
2025-06-18 19:19:52 [main] INFO  com.fspann.common.MetadataManager - Saved metadata to metadata.ser
2025-06-18 19:19:52 [main] INFO  c.fspann.api.ForwardSecureANNSystem - Insert complete for id=6418d3ba-6b8d-4f55-a64e-e45e5459b493 in 143.1812 ms
2025-06-18 19:19:52 [main] INFO  com.fspann.common.MetadataManager - Saved metadata to metadata.ser
2025-06-18 19:19:52 [main] INFO  com.fspann.common.MetadataManager - Saved metadata to metadata.ser
2025-06-18 19:19:52 [main] INFO  c.fspann.api.ForwardSecureANNSystem - Insert complete for id=419ac6b5-f909-4f85-b257-a75875ac9152 in 140.7229 ms
2025-06-18 19:19:53 [main] INFO  com.fspann.common.MetadataManager - Saved metadata to metadata.ser
2025-06-18 19:19:53 [main] INFO  com.fspann.common.MetadataManager - Saved metadata to metadata.ser
2025-06-18 19:19:53 [main] INFO  c.fspann.api.ForwardSecureANNSystem - Insert complete for id=085cee56-9339-49a4-9e0b-1597b1522e92 in 137.4213 ms
2025-06-18 19:19:53 [main] INFO  com.fspann.common.MetadataManager - Saved metadata to metadata.ser
2025-06-18 19:19:53 [main] INFO  com.fspann.common.MetadataManager - Saved metadata to metadata.ser
2025-06-18 19:19:53 [main] INFO  c.fspann.api.ForwardSecureANNSystem - Insert complete for id=6a306e5f-87dc-4c32-bb6d-57a735e6d012 in 148.589 ms
2025-06-18 19:19:53 [main] INFO  com.fspann.common.MetadataManager - Saved metadata to metadata.ser
2025-06-18 19:19:53 [main] INFO  com.fspann.common.MetadataManager - Saved metadata to metadata.ser
2025-06-18 19:19:53 [main] INFO  c.fspann.api.ForwardSecureANNSystem - Insert complete for id=d59b7ff1-93f5-41e0-b746-4c7f305f8698 in 140.0365 ms
2025-06-18 19:19:53 [main] INFO  com.fspann.common.MetadataManager - Saved metadata to metadata.ser
2025-06-18 19:19:53 [main] INFO  com.fspann.common.MetadataManager - Saved metadata to metadata.ser
2025-06-18 19:19:53 [main] INFO  c.fspann.api.ForwardSecureANNSystem - Insert complete for id=b63ccfde-97e0-44ed-b84c-a5dd7c064920 in 145.0613 ms
2025-06-18 19:19:53 [main] INFO  com.fspann.common.MetadataManager - Saved metadata to metadata.ser
2025-06-18 19:19:53 [main] INFO  com.fspann.common.MetadataManager - Saved metadata to metadata.ser
2025-06-18 19:19:53 [main] INFO  c.fspann.api.ForwardSecureANNSystem - Insert complete for id=9fd637f1-73eb-4afa-ad05-774942e1b440 in 138.6108 ms
2025-06-18 19:19:53 [main] INFO  com.fspann.common.MetadataManager - Saved metadata to metadata.ser
2025-06-18 19:19:53 [main] INFO  com.fspann.common.MetadataManager - Saved metadata to metadata.ser
2025-06-18 19:19:53 [main] INFO  c.fspann.api.ForwardSecureANNSystem - Insert complete for id=60897407-5050-484b-8234-c3d811a5ad7c in 142.0136 ms
2025-06-18 19:19:53 [main] INFO  com.fspann.common.MetadataManager - Saved metadata to metadata.ser
2025-06-18 19:19:53 [main] INFO  com.fspann.common.MetadataManager - Saved metadata to metadata.ser
2025-06-18 19:19:53 [main] INFO  c.fspann.api.ForwardSecureANNSystem - Insert complete for id=5bad6ea6-594b-4626-85bb-b148e9fb0867 in 141.7506 ms
2025-06-18 19:19:54 [main] INFO  com.fspann.common.MetadataManager - Saved metadata to metadata.ser
2025-06-18 19:19:54 [main] INFO  com.fspann.common.MetadataManager - Saved metadata to metadata.ser
2025-06-18 19:19:54 [main] INFO  c.fspann.api.ForwardSecureANNSystem - Insert complete for id=60f65168-c06d-4b67-a087-0996723d3de5 in 138.7078 ms
2025-06-18 19:19:54 [main] INFO  com.fspann.common.MetadataManager - Saved metadata to metadata.ser
2025-06-18 19:19:54 [main] INFO  com.fspann.common.MetadataManager - Saved metadata to metadata.ser
2025-06-18 19:19:54 [main] INFO  c.fspann.api.ForwardSecureANNSystem - Insert complete for id=2d0bf086-6759-4f07-8990-b0cf0ea3d092 in 141.4614 ms
2025-06-18 19:19:54 [main] INFO  com.fspann.common.MetadataManager - Saved metadata to metadata.ser
2025-06-18 19:19:54 [main] INFO  com.fspann.common.MetadataManager - Saved metadata to metadata.ser
2025-06-18 19:19:54 [main] INFO  c.fspann.api.ForwardSecureANNSystem - Insert complete for id=f697d5f1-9165-4eac-ac04-406b78705f76 in 142.5124 ms
2025-06-18 19:19:54 [main] INFO  com.fspann.common.MetadataManager - Saved metadata to metadata.ser
2025-06-18 19:19:54 [main] INFO  com.fspann.common.MetadataManager - Saved metadata to metadata.ser
2025-06-18 19:19:54 [main] INFO  c.fspann.api.ForwardSecureANNSystem - Insert complete for id=f5ae6553-a2d6-46d3-aa32-fbaee47a9e68 in 150.7805 ms
2025-06-18 19:19:54 [main] INFO  com.fspann.common.MetadataManager - Saved metadata to metadata.ser
2025-06-18 19:19:54 [main] INFO  com.fspann.common.MetadataManager - Saved metadata to metadata.ser
2025-06-18 19:19:54 [main] INFO  c.fspann.api.ForwardSecureANNSystem - Insert complete for id=d59ca83c-bb0c-4dae-9dd4-4fd894f50134 in 137.0766 ms
2025-06-18 19:19:54 [main] INFO  com.fspann.common.MetadataManager - Saved metadata to metadata.ser
2025-06-18 19:19:54 [main] INFO  com.fspann.common.MetadataManager - Saved metadata to metadata.ser
2025-06-18 19:19:54 [main] INFO  c.fspann.api.ForwardSecureANNSystem - Insert complete for id=58d1e7c0-0c8e-4a5f-a5f6-81179e6d4359 in 138.6467 ms
2025-06-18 19:19:54 [main] INFO  com.fspann.common.MetadataManager - Saved metadata to metadata.ser
2025-06-18 19:19:54 [main] INFO  com.fspann.common.MetadataManager - Saved metadata to metadata.ser
2025-06-18 19:19:54 [main] INFO  c.fspann.api.ForwardSecureANNSystem - Insert complete for id=6fd86a4b-5e8b-4e74-8ffc-2e723e6b2e3a in 141.667 ms
2025-06-18 19:19:55 [main] INFO  com.fspann.common.MetadataManager - Saved metadata to metadata.ser
2025-06-18 19:19:55 [main] INFO  com.fspann.common.MetadataManager - Saved metadata to metadata.ser
2025-06-18 19:19:55 [main] INFO  c.fspann.api.ForwardSecureANNSystem - Insert complete for id=4fb3da44-0219-4330-80f7-0ffe95f6f7c5 in 140.7674 ms
2025-06-18 19:19:55 [main] INFO  com.fspann.common.MetadataManager - Saved metadata to metadata.ser
2025-06-18 19:19:55 [main] INFO  com.fspann.common.MetadataManager - Saved metadata to metadata.ser
2025-06-18 19:19:55 [main] INFO  c.fspann.api.ForwardSecureANNSystem - Insert complete for id=b10595fc-ce73-476c-afee-ffd689ae4ff1 in 139.8498 ms
2025-06-18 19:19:55 [main] INFO  com.fspann.common.MetadataManager - Saved metadata to metadata.ser
2025-06-18 19:19:55 [main] INFO  com.fspann.common.MetadataManager - Saved metadata to metadata.ser
2025-06-18 19:19:55 [main] INFO  c.fspann.api.ForwardSecureANNSystem - Insert complete for id=19a97771-2f7e-48bb-8165-c92ad8b6a8cf in 142.9729 ms
2025-06-18 19:19:55 [main] INFO  com.fspann.common.MetadataManager - Saved metadata to metadata.ser
2025-06-18 19:19:55 [main] INFO  com.fspann.common.MetadataManager - Saved metadata to metadata.ser
2025-06-18 19:19:55 [main] INFO  c.fspann.api.ForwardSecureANNSystem - Insert complete for id=9e261208-8406-4e76-a277-fcae54810c71 in 145.2114 ms
2025-06-18 19:19:55 [main] INFO  com.fspann.common.MetadataManager - Saved metadata to metadata.ser
2025-06-18 19:19:55 [main] INFO  com.fspann.common.MetadataManager - Saved metadata to metadata.ser
2025-06-18 19:19:55 [main] INFO  c.fspann.api.ForwardSecureANNSystem - Insert complete for id=37c7a797-344d-439e-a1e4-35e6d79fadf9 in 139.1806 ms
2025-06-18 19:19:55 [main] INFO  com.fspann.common.MetadataManager - Saved metadata to metadata.ser
2025-06-18 19:19:55 [main] INFO  com.fspann.common.MetadataManager - Saved metadata to metadata.ser
2025-06-18 19:19:55 [main] INFO  c.fspann.api.ForwardSecureANNSystem - Insert complete for id=3dd7a9d7-344d-4c68-be3f-d15eca5157e5 in 141.0532 ms
2025-06-18 19:19:55 [main] INFO  com.fspann.common.MetadataManager - Saved metadata to metadata.ser
2025-06-18 19:19:55 [main] INFO  com.fspann.common.MetadataManager - Saved metadata to metadata.ser
2025-06-18 19:19:55 [main] INFO  c.fspann.api.ForwardSecureANNSystem - Insert complete for id=b96b4203-dc33-4905-a21d-e776c3924344 in 149.7661 ms
2025-06-18 19:19:56 [main] INFO  com.fspann.common.MetadataManager - Saved metadata to metadata.ser
2025-06-18 19:19:56 [main] INFO  com.fspann.common.MetadataManager - Saved metadata to metadata.ser
2025-06-18 19:19:56 [main] INFO  c.fspann.api.ForwardSecureANNSystem - Insert complete for id=3f45a2ff-0ac9-47c5-a172-89127ea3c866 in 140.4662 ms
2025-06-18 19:19:56 [main] INFO  com.fspann.common.MetadataManager - Saved metadata to metadata.ser
2025-06-18 19:19:56 [main] INFO  com.fspann.common.MetadataManager - Saved metadata to metadata.ser
2025-06-18 19:19:56 [main] INFO  c.fspann.api.ForwardSecureANNSystem - Insert complete for id=bce4b031-8d76-4322-8fae-13417e7bd7b6 in 140.2429 ms
2025-06-18 19:19:56 [main] INFO  com.fspann.common.MetadataManager - Saved metadata to metadata.ser
2025-06-18 19:19:56 [main] INFO  com.fspann.common.MetadataManager - Saved metadata to metadata.ser
2025-06-18 19:19:56 [main] INFO  c.fspann.api.ForwardSecureANNSystem - Insert complete for id=bc67b979-6d06-4363-852d-bca429fc3a0e in 143.2763 ms
2025-06-18 19:19:56 [main] INFO  com.fspann.common.MetadataManager - Saved metadata to metadata.ser
2025-06-18 19:19:56 [main] INFO  com.fspann.common.MetadataManager - Saved metadata to metadata.ser
2025-06-18 19:19:56 [main] INFO  c.fspann.api.ForwardSecureANNSystem - Insert complete for id=0859cc2a-06eb-4b0e-b627-2d2662e8bcfb in 139.9893 ms
2025-06-18 19:19:56 [main] INFO  com.fspann.common.MetadataManager - Saved metadata to metadata.ser
2025-06-18 19:19:56 [main] INFO  com.fspann.common.MetadataManager - Saved metadata to metadata.ser
2025-06-18 19:19:56 [main] INFO  c.fspann.api.ForwardSecureANNSystem - Insert complete for id=a59f7d4c-0339-4976-9765-0c1710c968cd in 140.6587 ms
2025-06-18 19:19:56 [main] INFO  com.fspann.common.MetadataManager - Saved metadata to metadata.ser
2025-06-18 19:19:56 [main] INFO  com.fspann.common.MetadataManager - Saved metadata to metadata.ser
2025-06-18 19:19:56 [main] INFO  c.fspann.api.ForwardSecureANNSystem - Insert complete for id=f785a734-ae41-46bc-add1-b81971dac774 in 138.9277 ms
2025-06-18 19:19:56 [main] INFO  com.fspann.common.MetadataManager - Saved metadata to metadata.ser
2025-06-18 19:19:56 [main] INFO  com.fspann.common.MetadataManager - Saved metadata to metadata.ser
2025-06-18 19:19:56 [main] INFO  c.fspann.api.ForwardSecureANNSystem - Insert complete for id=f5662b26-77b2-4922-8b19-478b4609da60 in 138.7613 ms
2025-06-18 19:19:57 [main] INFO  com.fspann.common.MetadataManager - Saved metadata to metadata.ser
2025-06-18 19:19:57 [main] INFO  com.fspann.common.MetadataManager - Saved metadata to metadata.ser
2025-06-18 19:19:57 [main] INFO  c.fspann.api.ForwardSecureANNSystem - Insert complete for id=87870629-0836-4b7c-ac9a-4e298f481e2f in 142.9911 ms
2025-06-18 19:19:57 [main] INFO  com.fspann.common.MetadataManager - Saved metadata to metadata.ser
2025-06-18 19:19:57 [main] INFO  com.fspann.common.MetadataManager - Saved metadata to metadata.ser
2025-06-18 19:19:57 [main] INFO  c.fspann.api.ForwardSecureANNSystem - Insert complete for id=fabcbd45-1227-4a8a-ac86-808658723592 in 142.1742 ms
2025-06-18 19:19:57 [main] INFO  com.fspann.common.MetadataManager - Saved metadata to metadata.ser
2025-06-18 19:19:57 [main] INFO  com.fspann.common.MetadataManager - Saved metadata to metadata.ser
2025-06-18 19:19:57 [main] INFO  c.fspann.api.ForwardSecureANNSystem - Insert complete for id=6356ff90-fc8d-49e3-bcf6-2201a985568d in 151.1784 ms
2025-06-18 19:19:57 [main] INFO  com.fspann.common.MetadataManager - Saved metadata to metadata.ser
2025-06-18 19:19:57 [main] INFO  com.fspann.common.MetadataManager - Saved metadata to metadata.ser
2025-06-18 19:19:57 [main] INFO  c.fspann.api.ForwardSecureANNSystem - Insert complete for id=2567e3cd-36e8-41ec-abf2-934bb89d9710 in 145.209 ms
2025-06-18 19:19:57 [main] INFO  com.fspann.common.MetadataManager - Saved metadata to metadata.ser
2025-06-18 19:19:57 [main] INFO  com.fspann.common.MetadataManager - Saved metadata to metadata.ser
2025-06-18 19:19:57 [main] INFO  c.fspann.api.ForwardSecureANNSystem - Insert complete for id=66c8e355-e313-47bf-b56a-3f3cba6e019f in 141.6692 ms
2025-06-18 19:19:57 [main] INFO  com.fspann.common.MetadataManager - Saved metadata to metadata.ser
2025-06-18 19:19:57 [main] INFO  com.fspann.common.MetadataManager - Saved metadata to metadata.ser
2025-06-18 19:19:57 [main] INFO  c.fspann.api.ForwardSecureANNSystem - Insert complete for id=6353786c-663c-4090-afaa-570adb616d6f in 142.256 ms
2025-06-18 19:19:57 [main] INFO  com.fspann.common.MetadataManager - Saved metadata to metadata.ser
2025-06-18 19:19:57 [main] INFO  com.fspann.common.MetadataManager - Saved metadata to metadata.ser
2025-06-18 19:19:57 [main] INFO  c.fspann.api.ForwardSecureANNSystem - Insert complete for id=f89ba3ea-46fe-452e-be96-ba8a9223d1b1 in 142.7083 ms
2025-06-18 19:19:58 [main] INFO  com.fspann.common.MetadataManager - Saved metadata to metadata.ser
2025-06-18 19:19:58 [main] INFO  com.fspann.common.MetadataManager - Saved metadata to metadata.ser
2025-06-18 19:19:58 [main] INFO  c.fspann.api.ForwardSecureANNSystem - Insert complete for id=6a59e565-d735-400c-b9f3-d726a7c671c5 in 140.844 ms
2025-06-18 19:19:58 [main] INFO  com.fspann.common.MetadataManager - Saved metadata to metadata.ser
2025-06-18 19:19:58 [main] INFO  com.fspann.common.MetadataManager - Saved metadata to metadata.ser
2025-06-18 19:19:58 [main] INFO  c.fspann.api.ForwardSecureANNSystem - Insert complete for id=1ca13042-97b6-482c-8390-39d76a8f35fa in 140.9139 ms
2025-06-18 19:19:58 [main] INFO  com.fspann.common.MetadataManager - Saved metadata to metadata.ser
2025-06-18 19:19:58 [main] INFO  com.fspann.common.MetadataManager - Saved metadata to metadata.ser
2025-06-18 19:19:58 [main] INFO  c.fspann.api.ForwardSecureANNSystem - Insert complete for id=80058333-4a9b-41ba-a147-d24d6e1ffed6 in 143.9935 ms
2025-06-18 19:19:58 [main] INFO  com.fspann.common.MetadataManager - Saved metadata to metadata.ser
2025-06-18 19:19:58 [main] INFO  com.fspann.common.MetadataManager - Saved metadata to metadata.ser
2025-06-18 19:19:58 [main] INFO  c.fspann.api.ForwardSecureANNSystem - Insert complete for id=8505d434-a585-4773-943e-655ad7e06472 in 141.5413 ms
2025-06-18 19:19:58 [main] INFO  com.fspann.common.MetadataManager - Saved metadata to metadata.ser
2025-06-18 19:19:58 [main] INFO  com.fspann.common.MetadataManager - Saved metadata to metadata.ser
2025-06-18 19:19:58 [main] INFO  c.fspann.api.ForwardSecureANNSystem - Insert complete for id=46bcc1fa-db74-42b1-8a6f-edfff924a077 in 147.7646 ms
2025-06-18 19:19:58 [main] INFO  com.fspann.common.MetadataManager - Saved metadata to metadata.ser
2025-06-18 19:19:58 [main] INFO  com.fspann.common.MetadataManager - Saved metadata to metadata.ser
2025-06-18 19:19:58 [main] INFO  c.fspann.api.ForwardSecureANNSystem - Insert complete for id=6b66ddec-8029-4fee-858b-46fe732e8a17 in 140.6181 ms
2025-06-18 19:19:58 [main] INFO  com.fspann.common.MetadataManager - Saved metadata to metadata.ser
2025-06-18 19:19:58 [main] INFO  com.fspann.common.MetadataManager - Saved metadata to metadata.ser
2025-06-18 19:19:58 [main] INFO  c.fspann.api.ForwardSecureANNSystem - Insert complete for id=88173880-d009-47ea-9fc4-7eb80f07d727 in 140.0399 ms
2025-06-18 19:19:59 [main] INFO  com.fspann.common.MetadataManager - Saved metadata to metadata.ser
2025-06-18 19:19:59 [main] INFO  com.fspann.common.MetadataManager - Saved metadata to metadata.ser
2025-06-18 19:19:59 [main] INFO  c.fspann.api.ForwardSecureANNSystem - Insert complete for id=b546570a-be42-418e-b2ce-40b39c13e302 in 141.0553 ms
2025-06-18 19:19:59 [main] INFO  com.fspann.common.MetadataManager - Saved metadata to metadata.ser
2025-06-18 19:19:59 [main] INFO  com.fspann.common.MetadataManager - Saved metadata to metadata.ser
2025-06-18 19:19:59 [main] INFO  c.fspann.api.ForwardSecureANNSystem - Insert complete for id=e016ba2d-509b-45b6-8306-3023c1014784 in 140.2195 ms
2025-06-18 19:19:59 [main] INFO  com.fspann.common.MetadataManager - Saved metadata to metadata.ser
2025-06-18 19:19:59 [main] INFO  com.fspann.common.MetadataManager - Saved metadata to metadata.ser
2025-06-18 19:19:59 [main] INFO  c.fspann.api.ForwardSecureANNSystem - Insert complete for id=1ea69166-bc7a-4d13-9766-8f19e9acede3 in 143.8349 ms
2025-06-18 19:19:59 [main] INFO  com.fspann.common.MetadataManager - Saved metadata to metadata.ser
2025-06-18 19:19:59 [main] INFO  com.fspann.common.MetadataManager - Saved metadata to metadata.ser
2025-06-18 19:19:59 [main] INFO  c.fspann.api.ForwardSecureANNSystem - Insert complete for id=0710237b-920e-46d7-bf3c-f9e69fe55c83 in 140.2417 ms
2025-06-18 19:19:59 [main] INFO  com.fspann.common.MetadataManager - Saved metadata to metadata.ser
2025-06-18 19:19:59 [main] INFO  com.fspann.common.MetadataManager - Saved metadata to metadata.ser
2025-06-18 19:19:59 [main] INFO  c.fspann.api.ForwardSecureANNSystem - Insert complete for id=e28ff378-159c-432a-b20e-1fc86509eaf1 in 142.7845 ms
2025-06-18 19:19:59 [main] INFO  com.fspann.common.MetadataManager - Saved metadata to metadata.ser
2025-06-18 19:19:59 [main] INFO  com.fspann.common.MetadataManager - Saved metadata to metadata.ser
2025-06-18 19:19:59 [main] INFO  c.fspann.api.ForwardSecureANNSystem - Insert complete for id=db3c23b7-f293-4592-8e81-d375c865dc32 in 140.4979 ms
2025-06-18 19:19:59 [main] INFO  com.fspann.common.MetadataManager - Saved metadata to metadata.ser
2025-06-18 19:19:59 [main] INFO  com.fspann.common.MetadataManager - Saved metadata to metadata.ser
2025-06-18 19:19:59 [main] INFO  c.fspann.api.ForwardSecureANNSystem - Insert complete for id=f767c273-497b-4cc7-a229-33421361ec47 in 140.6686 ms
2025-06-18 19:20:00 [main] INFO  com.fspann.common.MetadataManager - Saved metadata to metadata.ser
2025-06-18 19:20:00 [main] INFO  com.fspann.common.MetadataManager - Saved metadata to metadata.ser
2025-06-18 19:20:00 [main] INFO  c.fspann.api.ForwardSecureANNSystem - Insert complete for id=00a45b4d-b795-4c17-a6c5-bc2c3a5cfbf2 in 157.1116 ms
2025-06-18 19:20:00 [main] INFO  com.fspann.common.MetadataManager - Saved metadata to metadata.ser
2025-06-18 19:20:00 [main] INFO  com.fspann.common.MetadataManager - Saved metadata to metadata.ser
2025-06-18 19:20:00 [main] INFO  c.fspann.api.ForwardSecureANNSystem - Insert complete for id=28077624-510b-41fe-b914-5a7b16bc8c3d in 143.4092 ms
2025-06-18 19:20:00 [main] INFO  com.fspann.common.MetadataManager - Saved metadata to metadata.ser
2025-06-18 19:20:00 [main] INFO  com.fspann.common.MetadataManager - Saved metadata to metadata.ser
2025-06-18 19:20:00 [main] INFO  c.fspann.api.ForwardSecureANNSystem - Insert complete for id=ca314921-3db5-4633-8976-9ff133c1ab71 in 139.2234 ms
2025-06-18 19:20:00 [main] INFO  com.fspann.common.MetadataManager - Saved metadata to metadata.ser
2025-06-18 19:20:00 [main] INFO  com.fspann.common.MetadataManager - Saved metadata to metadata.ser
2025-06-18 19:20:00 [main] INFO  c.fspann.api.ForwardSecureANNSystem - Insert complete for id=b1e52865-05e8-490e-93d6-99ac8e6b76d9 in 142.9092 ms
2025-06-18 19:20:00 [main] INFO  com.fspann.common.MetadataManager - Saved metadata to metadata.ser
2025-06-18 19:20:00 [main] INFO  com.fspann.common.MetadataManager - Saved metadata to metadata.ser
2025-06-18 19:20:00 [main] INFO  c.fspann.api.ForwardSecureANNSystem - Insert complete for id=92fb9942-f8e4-4eba-8664-c654899a48dd in 143.363 ms
2025-06-18 19:20:00 [main] INFO  com.fspann.common.MetadataManager - Saved metadata to metadata.ser
2025-06-18 19:20:00 [main] INFO  com.fspann.common.MetadataManager - Saved metadata to metadata.ser
2025-06-18 19:20:00 [main] INFO  c.fspann.api.ForwardSecureANNSystem - Insert complete for id=49d5280b-7c7b-4012-8435-46bb67338880 in 139.6612 ms
2025-06-18 19:20:00 [main] INFO  com.fspann.common.MetadataManager - Saved metadata to metadata.ser
2025-06-18 19:20:00 [main] INFO  com.fspann.common.MetadataManager - Saved metadata to metadata.ser
2025-06-18 19:20:00 [main] INFO  c.fspann.api.ForwardSecureANNSystem - Insert complete for id=2989e505-e8bf-4abb-81ef-c02054424dc5 in 140.1828 ms
2025-06-18 19:20:01 [main] INFO  com.fspann.common.MetadataManager - Saved metadata to metadata.ser
2025-06-18 19:20:01 [main] INFO  com.fspann.common.MetadataManager - Saved metadata to metadata.ser
2025-06-18 19:20:01 [main] INFO  c.fspann.api.ForwardSecureANNSystem - Insert complete for id=6dee338b-873a-49d4-a251-a0caa7e2c76c in 141.9027 ms
2025-06-18 19:20:01 [main] INFO  com.fspann.common.MetadataManager - Saved metadata to metadata.ser
2025-06-18 19:20:01 [main] INFO  com.fspann.common.MetadataManager - Saved metadata to metadata.ser
2025-06-18 19:20:01 [main] INFO  c.fspann.api.ForwardSecureANNSystem - Insert complete for id=432492f0-c893-414f-9e72-876a99cd53fb in 143.7649 ms
2025-06-18 19:20:01 [main] INFO  com.fspann.common.MetadataManager - Saved metadata to metadata.ser
2025-06-18 19:20:01 [main] INFO  com.fspann.common.MetadataManager - Saved metadata to metadata.ser
2025-06-18 19:20:01 [main] INFO  c.fspann.api.ForwardSecureANNSystem - Insert complete for id=89af38e7-96d3-449e-8b77-2edf73dc0f7d in 140.0172 ms
2025-06-18 19:20:01 [main] INFO  com.fspann.common.MetadataManager - Saved metadata to metadata.ser
2025-06-18 19:20:01 [main] INFO  com.fspann.common.MetadataManager - Saved metadata to metadata.ser
2025-06-18 19:20:01 [main] INFO  c.fspann.api.ForwardSecureANNSystem - Insert complete for id=dede0213-0b3c-48b2-a2c2-c57fc09b6ccd in 146.16 ms
2025-06-18 19:20:01 [main] INFO  com.fspann.common.MetadataManager - Saved metadata to metadata.ser
2025-06-18 19:20:01 [main] INFO  com.fspann.common.MetadataManager - Saved metadata to metadata.ser
2025-06-18 19:20:01 [main] INFO  c.fspann.api.ForwardSecureANNSystem - Insert complete for id=a275e5f6-2b1f-493a-9d1d-eeb7d122ef6c in 143.5961 ms
2025-06-18 19:20:01 [main] INFO  com.fspann.common.MetadataManager - Saved metadata to metadata.ser
2025-06-18 19:20:01 [main] INFO  com.fspann.common.MetadataManager - Saved metadata to metadata.ser
2025-06-18 19:20:01 [main] INFO  c.fspann.api.ForwardSecureANNSystem - Insert complete for id=98a1ad7a-32d4-4603-901f-320226a90e69 in 148.2394 ms
2025-06-18 19:20:01 [main] INFO  com.fspann.common.MetadataManager - Saved metadata to metadata.ser
2025-06-18 19:20:01 [main] INFO  com.fspann.common.MetadataManager - Saved metadata to metadata.ser
2025-06-18 19:20:01 [main] INFO  c.fspann.api.ForwardSecureANNSystem - Insert complete for id=3991e025-bc6b-4984-b665-19712605e8db in 145.5399 ms
2025-06-18 19:20:02 [main] INFO  com.fspann.common.MetadataManager - Saved metadata to metadata.ser
2025-06-18 19:20:02 [main] INFO  com.fspann.common.MetadataManager - Saved metadata to metadata.ser
2025-06-18 19:20:02 [main] INFO  c.fspann.api.ForwardSecureANNSystem - Insert complete for id=7d465f3c-d42f-4839-bec1-c040434bc0b8 in 142.747 ms
2025-06-18 19:20:02 [main] INFO  com.fspann.common.MetadataManager - Saved metadata to metadata.ser
2025-06-18 19:20:02 [main] INFO  com.fspann.common.MetadataManager - Saved metadata to metadata.ser
2025-06-18 19:20:02 [main] INFO  c.fspann.api.ForwardSecureANNSystem - Insert complete for id=f0a68afb-605a-42e7-9cc4-7747c5d81d9c in 143.0087 ms
2025-06-18 19:20:02 [main] INFO  com.fspann.common.MetadataManager - Saved metadata to metadata.ser
2025-06-18 19:20:02 [main] INFO  com.fspann.common.MetadataManager - Saved metadata to metadata.ser
2025-06-18 19:20:02 [main] INFO  c.fspann.api.ForwardSecureANNSystem - Insert complete for id=e691cb5e-f395-40e6-8629-20bac359a1cb in 140.5528 ms
2025-06-18 19:20:02 [main] INFO  com.fspann.common.MetadataManager - Saved metadata to metadata.ser
2025-06-18 19:20:02 [main] INFO  com.fspann.common.MetadataManager - Saved metadata to metadata.ser
2025-06-18 19:20:02 [main] INFO  c.fspann.api.ForwardSecureANNSystem - Insert complete for id=2593c7ff-63ef-447d-97ab-b1ee9366ab12 in 140.9174 ms
2025-06-18 19:20:02 [main] INFO  com.fspann.common.MetadataManager - Saved metadata to metadata.ser
2025-06-18 19:20:02 [main] INFO  com.fspann.common.MetadataManager - Saved metadata to metadata.ser
2025-06-18 19:20:02 [main] INFO  c.fspann.api.ForwardSecureANNSystem - Insert complete for id=6ac7a3e0-44ec-49be-9ee0-dd4ca9477d23 in 142.8184 ms
2025-06-18 19:20:02 [main] INFO  com.fspann.common.MetadataManager - Saved metadata to metadata.ser
2025-06-18 19:20:02 [main] INFO  com.fspann.common.MetadataManager - Saved metadata to metadata.ser
2025-06-18 19:20:02 [main] INFO  c.fspann.api.ForwardSecureANNSystem - Insert complete for id=5e0cb261-2fe1-41b0-8839-0c195121a1b3 in 154.18 ms
2025-06-18 19:20:02 [main] INFO  com.fspann.common.MetadataManager - Saved metadata to metadata.ser
2025-06-18 19:20:02 [main] INFO  com.fspann.common.MetadataManager - Saved metadata to metadata.ser
2025-06-18 19:20:02 [main] INFO  c.fspann.api.ForwardSecureANNSystem - Insert complete for id=7d9f52f7-1829-4c18-a016-cbbbb2cba51a in 141.5624 ms
2025-06-18 19:20:03 [main] INFO  com.fspann.common.MetadataManager - Saved metadata to metadata.ser
2025-06-18 19:20:03 [main] INFO  com.fspann.common.MetadataManager - Saved metadata to metadata.ser
2025-06-18 19:20:03 [main] INFO  c.fspann.api.ForwardSecureANNSystem - Insert complete for id=caa81a95-798b-4907-9734-badd780dba3d in 151.7352 ms
2025-06-18 19:20:03 [main] INFO  com.fspann.common.MetadataManager - Saved metadata to metadata.ser
2025-06-18 19:20:03 [main] INFO  com.fspann.common.MetadataManager - Saved metadata to metadata.ser
2025-06-18 19:20:03 [main] INFO  c.fspann.api.ForwardSecureANNSystem - Insert complete for id=80c94160-8d15-47f8-a38c-0b80e2f92c5d in 143.1681 ms
2025-06-18 19:20:03 [main] INFO  com.fspann.common.MetadataManager - Saved metadata to metadata.ser
2025-06-18 19:20:03 [main] INFO  com.fspann.common.MetadataManager - Saved metadata to metadata.ser
2025-06-18 19:20:03 [main] INFO  c.fspann.api.ForwardSecureANNSystem - Insert complete for id=32b0bb02-e420-4f36-b958-505f90cbe27f in 139.622 ms
2025-06-18 19:20:03 [main] INFO  com.fspann.common.MetadataManager - Saved metadata to metadata.ser
2025-06-18 19:20:03 [main] INFO  com.fspann.common.MetadataManager - Saved metadata to metadata.ser
2025-06-18 19:20:03 [main] INFO  c.fspann.api.ForwardSecureANNSystem - Insert complete for id=ad6ecc4c-b3a2-48b5-ba9c-20bb493db1df in 141.1179 ms
2025-06-18 19:20:03 [main] INFO  com.fspann.common.MetadataManager - Saved metadata to metadata.ser
2025-06-18 19:20:03 [main] INFO  com.fspann.common.MetadataManager - Saved metadata to metadata.ser
2025-06-18 19:20:03 [main] INFO  c.fspann.api.ForwardSecureANNSystem - Insert complete for id=6fba09a1-cc1d-48a4-9ac6-cc463fb75ee7 in 141.2542 ms
2025-06-18 19:20:03 [main] INFO  com.fspann.common.MetadataManager - Saved metadata to metadata.ser
2025-06-18 19:20:03 [main] INFO  com.fspann.common.MetadataManager - Saved metadata to metadata.ser
2025-06-18 19:20:03 [main] INFO  c.fspann.api.ForwardSecureANNSystem - Insert complete for id=a08c1a95-518c-4a2b-8832-5e0750c67a13 in 143.1284 ms
2025-06-18 19:20:03 [main] INFO  com.fspann.common.MetadataManager - Saved metadata to metadata.ser
2025-06-18 19:20:03 [main] INFO  com.fspann.common.MetadataManager - Saved metadata to metadata.ser
2025-06-18 19:20:03 [main] INFO  c.fspann.api.ForwardSecureANNSystem - Insert complete for id=76bef853-d434-465a-ab67-d2e53218390e in 141.0335 ms
2025-06-18 19:20:04 [main] INFO  com.fspann.common.MetadataManager - Saved metadata to metadata.ser
2025-06-18 19:20:04 [main] INFO  com.fspann.common.MetadataManager - Saved metadata to metadata.ser
2025-06-18 19:20:04 [main] INFO  c.fspann.api.ForwardSecureANNSystem - Insert complete for id=51f61096-a14b-410c-a074-e995af90bad5 in 151.9281 ms
2025-06-18 19:20:04 [main] INFO  com.fspann.common.MetadataManager - Saved metadata to metadata.ser
2025-06-18 19:20:04 [main] INFO  com.fspann.common.MetadataManager - Saved metadata to metadata.ser
2025-06-18 19:20:04 [main] INFO  c.fspann.api.ForwardSecureANNSystem - Insert complete for id=8129128f-47c8-402d-9faf-43dd530d4141 in 146.5299 ms
2025-06-18 19:20:04 [main] INFO  com.fspann.common.MetadataManager - Saved metadata to metadata.ser
2025-06-18 19:20:04 [main] INFO  com.fspann.common.MetadataManager - Saved metadata to metadata.ser
2025-06-18 19:20:04 [main] INFO  c.fspann.api.ForwardSecureANNSystem - Insert complete for id=0b9555ac-15ed-48ee-b280-9317dae7f4e8 in 145.1138 ms
2025-06-18 19:20:04 [main] INFO  com.fspann.common.MetadataManager - Saved metadata to metadata.ser
2025-06-18 19:20:04 [main] INFO  com.fspann.common.MetadataManager - Saved metadata to metadata.ser
2025-06-18 19:20:04 [main] INFO  c.fspann.api.ForwardSecureANNSystem - Insert complete for id=ae770232-2711-4439-9c05-46824ace8928 in 147.994 ms
2025-06-18 19:20:04 [main] INFO  com.fspann.common.MetadataManager - Saved metadata to metadata.ser
2025-06-18 19:20:04 [main] INFO  com.fspann.common.MetadataManager - Saved metadata to metadata.ser
2025-06-18 19:20:04 [main] INFO  c.fspann.api.ForwardSecureANNSystem - Insert complete for id=ad4aa3e8-220d-4431-8b24-0cc772721cc1 in 145.8062 ms
2025-06-18 19:20:04 [main] INFO  com.fspann.common.MetadataManager - Saved metadata to metadata.ser
2025-06-18 19:20:04 [main] INFO  com.fspann.common.MetadataManager - Saved metadata to metadata.ser
2025-06-18 19:20:04 [main] INFO  c.fspann.api.ForwardSecureANNSystem - Insert complete for id=b09d1a57-32a7-4a28-9706-5ac2857e45ba in 141.2504 ms
2025-06-18 19:20:04 [main] INFO  com.fspann.common.MetadataManager - Saved metadata to metadata.ser
2025-06-18 19:20:04 [main] INFO  com.fspann.common.MetadataManager - Saved metadata to metadata.ser
2025-06-18 19:20:04 [main] INFO  c.fspann.api.ForwardSecureANNSystem - Insert complete for id=9eadf4c8-fab2-40a2-983e-6f096c797f69 in 142.0515 ms
2025-06-18 19:20:05 [main] INFO  com.fspann.common.MetadataManager - Saved metadata to metadata.ser
2025-06-18 19:20:05 [main] INFO  com.fspann.common.MetadataManager - Saved metadata to metadata.ser
2025-06-18 19:20:05 [main] INFO  c.fspann.api.ForwardSecureANNSystem - Insert complete for id=a10479de-08cf-4539-8f55-dda6c31b9112 in 142.1182 ms
2025-06-18 19:20:05 [main] INFO  com.fspann.common.MetadataManager - Saved metadata to metadata.ser
2025-06-18 19:20:05 [main] INFO  com.fspann.common.MetadataManager - Saved metadata to metadata.ser
2025-06-18 19:20:05 [main] INFO  c.fspann.api.ForwardSecureANNSystem - Insert complete for id=9d8e7a64-ff92-47f3-81b4-72d4364c79eb in 143.5867 ms
2025-06-18 19:20:05 [main] INFO  com.fspann.common.MetadataManager - Saved metadata to metadata.ser
2025-06-18 19:20:05 [main] INFO  com.fspann.common.MetadataManager - Saved metadata to metadata.ser
2025-06-18 19:20:05 [main] INFO  c.fspann.api.ForwardSecureANNSystem - Insert complete for id=0c61491f-99a0-4b8d-b9e6-3b34a1cc52be in 143.6807 ms
2025-06-18 19:20:05 [main] INFO  com.fspann.common.MetadataManager - Saved metadata to metadata.ser
2025-06-18 19:20:05 [main] INFO  com.fspann.common.MetadataManager - Saved metadata to metadata.ser
2025-06-18 19:20:05 [main] INFO  c.fspann.api.ForwardSecureANNSystem - Insert complete for id=47026fed-a6d7-4d5e-83cd-f9656f9f5064 in 157.4624 ms
2025-06-18 19:20:05 [main] INFO  com.fspann.common.MetadataManager - Saved metadata to metadata.ser
2025-06-18 19:20:05 [main] INFO  com.fspann.common.MetadataManager - Saved metadata to metadata.ser
2025-06-18 19:20:05 [main] INFO  c.fspann.api.ForwardSecureANNSystem - Insert complete for id=d6ccbcf0-cb35-42f6-9013-97547d75126a in 139.5385 ms
2025-06-18 19:20:05 [main] INFO  com.fspann.common.MetadataManager - Saved metadata to metadata.ser
2025-06-18 19:20:05 [main] INFO  com.fspann.common.MetadataManager - Saved metadata to metadata.ser
2025-06-18 19:20:05 [main] INFO  c.fspann.api.ForwardSecureANNSystem - Insert complete for id=8391e8e8-6770-4285-b959-039d52100820 in 144.0372 ms
2025-06-18 19:20:05 [main] INFO  com.fspann.common.MetadataManager - Saved metadata to metadata.ser
2025-06-18 19:20:05 [main] INFO  com.fspann.common.MetadataManager - Saved metadata to metadata.ser
2025-06-18 19:20:05 [main] INFO  c.fspann.api.ForwardSecureANNSystem - Insert complete for id=7e90f2b1-fb9e-4627-a38a-a6aac070c239 in 140.4144 ms
2025-06-18 19:20:06 [main] INFO  com.fspann.common.MetadataManager - Saved metadata to metadata.ser
2025-06-18 19:20:06 [main] INFO  com.fspann.common.MetadataManager - Saved metadata to metadata.ser
2025-06-18 19:20:06 [main] INFO  c.fspann.api.ForwardSecureANNSystem - Insert complete for id=4a6e2651-4d0b-4259-95b1-82c1b4584de2 in 142.6694 ms
2025-06-18 19:20:06 [main] INFO  com.fspann.common.MetadataManager - Saved metadata to metadata.ser
2025-06-18 19:20:06 [main] INFO  com.fspann.common.MetadataManager - Saved metadata to metadata.ser
2025-06-18 19:20:06 [main] INFO  c.fspann.api.ForwardSecureANNSystem - Insert complete for id=991d69e3-a399-4d61-a058-89cca2fab20e in 140.0816 ms
2025-06-18 19:20:06 [main] INFO  com.fspann.common.MetadataManager - Saved metadata to metadata.ser
2025-06-18 19:20:06 [main] INFO  com.fspann.common.MetadataManager - Saved metadata to metadata.ser
2025-06-18 19:20:06 [main] INFO  c.fspann.api.ForwardSecureANNSystem - Insert complete for id=196a5615-2dd6-4ee3-ba93-fa83031f0baa in 144.6963 ms
2025-06-18 19:20:06 [main] INFO  com.fspann.common.MetadataManager - Saved metadata to metadata.ser
2025-06-18 19:20:06 [main] INFO  com.fspann.common.MetadataManager - Saved metadata to metadata.ser
2025-06-18 19:20:06 [main] INFO  c.fspann.api.ForwardSecureANNSystem - Insert complete for id=6902d1d4-b3da-48f9-aff4-34d26b916a84 in 140.2551 ms
2025-06-18 19:20:06 [main] INFO  com.fspann.common.MetadataManager - Saved metadata to metadata.ser
2025-06-18 19:20:06 [main] INFO  com.fspann.common.MetadataManager - Saved metadata to metadata.ser
2025-06-18 19:20:06 [main] INFO  c.fspann.api.ForwardSecureANNSystem - Insert complete for id=99dce43d-d4ce-4078-9298-3bffc4b545e6 in 143.708 ms
2025-06-18 19:20:06 [main] INFO  com.fspann.common.MetadataManager - Saved metadata to metadata.ser
2025-06-18 19:20:06 [main] INFO  com.fspann.common.MetadataManager - Saved metadata to metadata.ser
2025-06-18 19:20:06 [main] INFO  c.fspann.api.ForwardSecureANNSystem - Insert complete for id=cac94784-0b30-41af-9b9f-d4de8ecf8f8e in 154.9682 ms
2025-06-18 19:20:06 [main] INFO  com.fspann.common.MetadataManager - Saved metadata to metadata.ser
2025-06-18 19:20:07 [main] INFO  com.fspann.common.MetadataManager - Saved metadata to metadata.ser
2025-06-18 19:20:07 [main] INFO  c.fspann.api.ForwardSecureANNSystem - Insert complete for id=f4c2c223-7fea-4595-a990-e5b860ea8eea in 145.5199 ms
2025-06-18 19:20:07 [main] INFO  com.fspann.common.MetadataManager - Saved metadata to metadata.ser
2025-06-18 19:20:07 [main] INFO  com.fspann.common.MetadataManager - Saved metadata to metadata.ser
2025-06-18 19:20:07 [main] INFO  c.fspann.api.ForwardSecureANNSystem - Insert complete for id=5937c555-b5ea-4dbe-afc7-bef8bfee8c57 in 144.5268 ms
2025-06-18 19:20:07 [main] INFO  com.fspann.common.MetadataManager - Saved metadata to metadata.ser
2025-06-18 19:20:07 [main] INFO  com.fspann.common.MetadataManager - Saved metadata to metadata.ser
2025-06-18 19:20:07 [main] INFO  c.fspann.api.ForwardSecureANNSystem - Insert complete for id=8ca32154-29cd-4853-9077-5f51860767dc in 144.325 ms
2025-06-18 19:20:07 [main] INFO  com.fspann.common.MetadataManager - Saved metadata to metadata.ser
2025-06-18 19:20:07 [main] INFO  com.fspann.common.MetadataManager - Saved metadata to metadata.ser
2025-06-18 19:20:07 [main] INFO  c.fspann.api.ForwardSecureANNSystem - Insert complete for id=8516b01e-1f70-4a25-a367-b48077df515d in 144.2988 ms
2025-06-18 19:20:07 [main] INFO  com.fspann.common.MetadataManager - Saved metadata to metadata.ser
2025-06-18 19:20:07 [main] INFO  com.fspann.common.MetadataManager - Saved metadata to metadata.ser
2025-06-18 19:20:07 [main] INFO  c.fspann.api.ForwardSecureANNSystem - Insert complete for id=e9143de5-7545-439d-a946-9b3d7acb6224 in 141.4712 ms
2025-06-18 19:20:07 [main] INFO  com.fspann.common.MetadataManager - Saved metadata to metadata.ser
2025-06-18 19:20:07 [main] INFO  com.fspann.common.MetadataManager - Saved metadata to metadata.ser
2025-06-18 19:20:07 [main] INFO  c.fspann.api.ForwardSecureANNSystem - Insert complete for id=86a61838-9e7f-467d-af9d-588f9a025ea3 in 142.8779 ms
2025-06-18 19:20:07 [main] INFO  com.fspann.common.MetadataManager - Saved metadata to metadata.ser
2025-06-18 19:20:07 [main] INFO  com.fspann.common.MetadataManager - Saved metadata to metadata.ser
2025-06-18 19:20:07 [main] INFO  c.fspann.api.ForwardSecureANNSystem - Insert complete for id=8a210fcc-93b1-46ae-a580-7fac86c1c3c3 in 144.2269 ms
2025-06-18 19:20:07 [main] INFO  com.fspann.common.MetadataManager - Saved metadata to metadata.ser
2025-06-18 19:20:08 [main] INFO  com.fspann.common.MetadataManager - Saved metadata to metadata.ser
2025-06-18 19:20:08 [main] INFO  c.fspann.api.ForwardSecureANNSystem - Insert complete for id=10a0e42a-b1e5-4979-ad36-359e5b059cf3 in 144.7871 ms
2025-06-18 19:20:08 [main] INFO  com.fspann.common.MetadataManager - Saved metadata to metadata.ser
2025-06-18 19:20:08 [main] INFO  com.fspann.common.MetadataManager - Saved metadata to metadata.ser
2025-06-18 19:20:08 [main] INFO  c.fspann.api.ForwardSecureANNSystem - Insert complete for id=0cc5e3d1-ab3e-4fd6-9268-a2ce6d03c292 in 150.0593 ms
2025-06-18 19:20:08 [main] INFO  com.fspann.common.MetadataManager - Saved metadata to metadata.ser
2025-06-18 19:20:08 [main] INFO  com.fspann.common.MetadataManager - Saved metadata to metadata.ser
2025-06-18 19:20:08 [main] INFO  c.fspann.api.ForwardSecureANNSystem - Insert complete for id=b0b91ade-4e9e-4216-8b4a-7c3e0a1692c9 in 143.6093 ms
2025-06-18 19:20:08 [main] INFO  com.fspann.common.MetadataManager - Saved metadata to metadata.ser
2025-06-18 19:20:08 [main] INFO  com.fspann.common.MetadataManager - Saved metadata to metadata.ser
2025-06-18 19:20:08 [main] INFO  c.fspann.api.ForwardSecureANNSystem - Insert complete for id=9739c048-b280-45d9-9e8b-6b90c8a58b5a in 143.2976 ms
2025-06-18 19:20:08 [main] INFO  com.fspann.common.MetadataManager - Saved metadata to metadata.ser
2025-06-18 19:20:08 [main] INFO  com.fspann.common.MetadataManager - Saved metadata to metadata.ser
2025-06-18 19:20:08 [main] INFO  c.fspann.api.ForwardSecureANNSystem - Insert complete for id=a150eb8c-aeca-4f88-8f1f-291e347cf8a4 in 144.4927 ms
2025-06-18 19:20:08 [main] INFO  com.fspann.common.MetadataManager - Saved metadata to metadata.ser
2025-06-18 19:20:08 [main] INFO  com.fspann.common.MetadataManager - Saved metadata to metadata.ser
2025-06-18 19:20:08 [main] INFO  c.fspann.api.ForwardSecureANNSystem - Insert complete for id=b0ad899b-e3d6-4840-90b8-8c7366ff0ccf in 144.6273 ms
2025-06-18 19:20:08 [main] INFO  com.fspann.common.MetadataManager - Saved metadata to metadata.ser
2025-06-18 19:20:08 [main] INFO  com.fspann.common.MetadataManager - Saved metadata to metadata.ser
2025-06-18 19:20:08 [main] INFO  c.fspann.api.ForwardSecureANNSystem - Insert complete for id=0121966b-60bc-41b4-8ea6-8af4844e3acf in 142.7848 ms
2025-06-18 19:20:08 [main] INFO  com.fspann.common.MetadataManager - Saved metadata to metadata.ser
2025-06-18 19:20:09 [main] INFO  com.fspann.common.MetadataManager - Saved metadata to metadata.ser
2025-06-18 19:20:09 [main] INFO  c.fspann.api.ForwardSecureANNSystem - Insert complete for id=9c01440c-a211-4219-83b7-09de83be1f67 in 143.4588 ms
2025-06-18 19:20:09 [main] INFO  com.fspann.common.MetadataManager - Saved metadata to metadata.ser
2025-06-18 19:20:09 [main] INFO  com.fspann.common.MetadataManager - Saved metadata to metadata.ser
2025-06-18 19:20:09 [main] INFO  c.fspann.api.ForwardSecureANNSystem - Insert complete for id=2b1e6326-d7d1-44f9-9903-f1ae5ad237b8 in 144.6791 ms
2025-06-18 19:20:09 [main] INFO  com.fspann.common.MetadataManager - Saved metadata to metadata.ser
2025-06-18 19:20:09 [main] INFO  com.fspann.common.MetadataManager - Saved metadata to metadata.ser
2025-06-18 19:20:09 [main] INFO  c.fspann.api.ForwardSecureANNSystem - Insert complete for id=41923546-ced0-4344-81a5-61d1049fd0cf in 143.876 ms
2025-06-18 19:20:09 [main] INFO  com.fspann.common.MetadataManager - Saved metadata to metadata.ser
2025-06-18 19:20:09 [main] INFO  com.fspann.common.MetadataManager - Saved metadata to metadata.ser
2025-06-18 19:20:09 [main] INFO  c.fspann.api.ForwardSecureANNSystem - Insert complete for id=d456ab76-60ad-416c-8c4b-8424544f04c4 in 143.6814 ms
2025-06-18 19:20:09 [main] INFO  com.fspann.common.MetadataManager - Saved metadata to metadata.ser
2025-06-18 19:20:09 [main] INFO  com.fspann.common.MetadataManager - Saved metadata to metadata.ser
2025-06-18 19:20:09 [main] INFO  c.fspann.api.ForwardSecureANNSystem - Insert complete for id=d39d93b1-69b5-4e52-855a-c0709cf2334e in 160.7611 ms
2025-06-18 19:20:09 [main] INFO  com.fspann.common.MetadataManager - Saved metadata to metadata.ser
2025-06-18 19:20:09 [main] INFO  com.fspann.common.MetadataManager - Saved metadata to metadata.ser
2025-06-18 19:20:09 [main] INFO  c.fspann.api.ForwardSecureANNSystem - Insert complete for id=1eb251e9-c03d-49b0-b44b-f30ba5624562 in 143.9823 ms
2025-06-18 19:20:09 [main] INFO  com.fspann.common.MetadataManager - Saved metadata to metadata.ser
2025-06-18 19:20:09 [main] INFO  com.fspann.common.MetadataManager - Saved metadata to metadata.ser
2025-06-18 19:20:09 [main] INFO  c.fspann.api.ForwardSecureANNSystem - Insert complete for id=e8f155cb-bba1-4ef0-a2cb-96b329e016cb in 141.678 ms
2025-06-18 19:20:09 [main] INFO  com.fspann.common.MetadataManager - Saved metadata to metadata.ser
2025-06-18 19:20:10 [main] INFO  com.fspann.common.MetadataManager - Saved metadata to metadata.ser
2025-06-18 19:20:10 [main] INFO  c.fspann.api.ForwardSecureANNSystem - Insert complete for id=c3e7dacb-6351-4d40-9afa-e7f5ffeca543 in 146.2364 ms
2025-06-18 19:20:10 [main] INFO  com.fspann.common.MetadataManager - Saved metadata to metadata.ser
2025-06-18 19:20:10 [main] INFO  com.fspann.common.MetadataManager - Saved metadata to metadata.ser
2025-06-18 19:20:10 [main] INFO  c.fspann.api.ForwardSecureANNSystem - Insert complete for id=3f64dd1d-fc09-4f53-abef-73baa31f14e0 in 143.3196 ms
2025-06-18 19:20:10 [main] INFO  com.fspann.common.MetadataManager - Saved metadata to metadata.ser
2025-06-18 19:20:10 [main] INFO  com.fspann.common.MetadataManager - Saved metadata to metadata.ser
2025-06-18 19:20:10 [main] INFO  c.fspann.api.ForwardSecureANNSystem - Insert complete for id=3facc0d4-2b21-40d4-b600-982d64edb2b0 in 144.1826 ms
2025-06-18 19:20:10 [main] INFO  com.fspann.common.MetadataManager - Saved metadata to metadata.ser
2025-06-18 19:20:10 [main] INFO  com.fspann.common.MetadataManager - Saved metadata to metadata.ser
2025-06-18 19:20:10 [main] INFO  c.fspann.api.ForwardSecureANNSystem - Insert complete for id=0812faa6-50a4-4c51-933c-bdea0eca0726 in 144.1775 ms
2025-06-18 19:20:10 [main] INFO  com.fspann.common.MetadataManager - Saved metadata to metadata.ser
2025-06-18 19:20:10 [main] INFO  com.fspann.common.MetadataManager - Saved metadata to metadata.ser
2025-06-18 19:20:10 [main] INFO  c.fspann.api.ForwardSecureANNSystem - Insert complete for id=de07e4f3-2e34-4ca8-8e89-9715cda16130 in 146.053 ms
2025-06-18 19:20:10 [main] INFO  com.fspann.common.MetadataManager - Saved metadata to metadata.ser
2025-06-18 19:20:10 [main] INFO  com.fspann.common.MetadataManager - Saved metadata to metadata.ser
2025-06-18 19:20:10 [main] INFO  c.fspann.api.ForwardSecureANNSystem - Insert complete for id=4f163af0-cf9c-4615-888d-55eff35ae0ad in 146.8203 ms
2025-06-18 19:20:10 [main] INFO  com.fspann.common.MetadataManager - Saved metadata to metadata.ser
2025-06-18 19:20:10 [main] INFO  com.fspann.common.MetadataManager - Saved metadata to metadata.ser
2025-06-18 19:20:10 [main] INFO  c.fspann.api.ForwardSecureANNSystem - Insert complete for id=85d90e91-4c0b-4516-ac67-c2a1369c719b in 141.9171 ms
2025-06-18 19:20:10 [main] INFO  com.fspann.common.MetadataManager - Saved metadata to metadata.ser
2025-06-18 19:20:11 [main] INFO  com.fspann.common.MetadataManager - Saved metadata to metadata.ser
2025-06-18 19:20:11 [main] INFO  c.fspann.api.ForwardSecureANNSystem - Insert complete for id=7aeefef8-2a6d-4cb5-87d4-2f63f19907ad in 147.171 ms
2025-06-18 19:20:11 [main] INFO  com.fspann.common.MetadataManager - Saved metadata to metadata.ser
2025-06-18 19:20:11 [main] INFO  com.fspann.common.MetadataManager - Saved metadata to metadata.ser
2025-06-18 19:20:11 [main] INFO  c.fspann.api.ForwardSecureANNSystem - Insert complete for id=42dc1367-7acb-44d2-8c93-ba00bbee5f6e in 145.8263 ms
2025-06-18 19:20:11 [main] INFO  com.fspann.common.MetadataManager - Saved metadata to metadata.ser
2025-06-18 19:20:11 [main] INFO  com.fspann.common.MetadataManager - Saved metadata to metadata.ser
2025-06-18 19:20:11 [main] INFO  c.fspann.api.ForwardSecureANNSystem - Insert complete for id=c003a66b-a85d-43ba-864b-e77bf11462d4 in 146.5591 ms
2025-06-18 19:20:11 [main] INFO  com.fspann.common.MetadataManager - Saved metadata to metadata.ser
2025-06-18 19:20:11 [main] INFO  com.fspann.common.MetadataManager - Saved metadata to metadata.ser
2025-06-18 19:20:11 [main] INFO  c.fspann.api.ForwardSecureANNSystem - Insert complete for id=cf2afc5b-0e51-4ef7-b76f-37778f1551ad in 143.2334 ms
2025-06-18 19:20:11 [main] INFO  com.fspann.common.MetadataManager - Saved metadata to metadata.ser
2025-06-18 19:20:11 [main] INFO  com.fspann.common.MetadataManager - Saved metadata to metadata.ser
2025-06-18 19:20:11 [main] INFO  c.fspann.api.ForwardSecureANNSystem - Insert complete for id=29a572a8-90fc-4256-a845-cc9fb90fc2d3 in 147.4808 ms
2025-06-18 19:20:11 [main] INFO  com.fspann.common.MetadataManager - Saved metadata to metadata.ser
2025-06-18 19:20:11 [main] INFO  com.fspann.common.MetadataManager - Saved metadata to metadata.ser
2025-06-18 19:20:11 [main] INFO  c.fspann.api.ForwardSecureANNSystem - Insert complete for id=b2c4d2cf-107c-4951-ab14-4831f4843c23 in 145.1022 ms
2025-06-18 19:20:11 [main] INFO  com.fspann.common.MetadataManager - Saved metadata to metadata.ser
2025-06-18 19:20:11 [main] INFO  com.fspann.common.MetadataManager - Saved metadata to metadata.ser
2025-06-18 19:20:11 [main] INFO  c.fspann.api.ForwardSecureANNSystem - Insert complete for id=a9dfdeba-2358-4b9a-887c-6c6326fa5f5e in 149.8868 ms
2025-06-18 19:20:12 [main] INFO  com.fspann.common.MetadataManager - Saved metadata to metadata.ser
2025-06-18 19:20:12 [main] INFO  com.fspann.common.MetadataManager - Saved metadata to metadata.ser
2025-06-18 19:20:12 [main] INFO  c.fspann.api.ForwardSecureANNSystem - Insert complete for id=27dfb9c6-288b-47b6-a836-ebee6ac62bb3 in 144.5433 ms
2025-06-18 19:20:12 [main] INFO  com.fspann.common.MetadataManager - Saved metadata to metadata.ser
2025-06-18 19:20:12 [main] INFO  com.fspann.common.MetadataManager - Saved metadata to metadata.ser
2025-06-18 19:20:12 [main] INFO  c.fspann.api.ForwardSecureANNSystem - Insert complete for id=5e75e51b-f252-4ae4-92a3-7ce97978b3da in 143.3524 ms
2025-06-18 19:20:12 [main] INFO  com.fspann.common.MetadataManager - Saved metadata to metadata.ser
2025-06-18 19:20:12 [main] INFO  com.fspann.common.MetadataManager - Saved metadata to metadata.ser
2025-06-18 19:20:12 [main] INFO  c.fspann.api.ForwardSecureANNSystem - Insert complete for id=3fea6769-7ede-48e3-ad08-5950acd24870 in 151.1486 ms
2025-06-18 19:20:12 [main] INFO  com.fspann.common.MetadataManager - Saved metadata to metadata.ser
2025-06-18 19:20:12 [main] INFO  com.fspann.common.MetadataManager - Saved metadata to metadata.ser
2025-06-18 19:20:12 [main] INFO  c.fspann.api.ForwardSecureANNSystem - Insert complete for id=8f5570bc-733e-4317-95d8-fe8b95c7af1b in 145.2268 ms
2025-06-18 19:20:12 [main] INFO  com.fspann.common.MetadataManager - Saved metadata to metadata.ser
2025-06-18 19:20:12 [main] INFO  com.fspann.common.MetadataManager - Saved metadata to metadata.ser
2025-06-18 19:20:12 [main] INFO  c.fspann.api.ForwardSecureANNSystem - Insert complete for id=ba8a00b2-1c93-45ca-99e5-23b0c539935b in 145.0242 ms
2025-06-18 19:20:12 [main] INFO  com.fspann.common.MetadataManager - Saved metadata to metadata.ser
2025-06-18 19:20:12 [main] INFO  com.fspann.common.MetadataManager - Saved metadata to metadata.ser
2025-06-18 19:20:12 [main] INFO  c.fspann.api.ForwardSecureANNSystem - Insert complete for id=8c28261c-ad61-4d5e-bacb-d99d42541a53 in 144.0694 ms
2025-06-18 19:20:12 [main] INFO  com.fspann.common.MetadataManager - Saved metadata to metadata.ser
2025-06-18 19:20:12 [main] INFO  com.fspann.common.MetadataManager - Saved metadata to metadata.ser
2025-06-18 19:20:12 [main] INFO  c.fspann.api.ForwardSecureANNSystem - Insert complete for id=a9314b5e-d877-4a07-b5cc-983927afcc3d in 143.4269 ms
2025-06-18 19:20:13 [main] INFO  com.fspann.common.MetadataManager - Saved metadata to metadata.ser
2025-06-18 19:20:13 [main] INFO  com.fspann.common.MetadataManager - Saved metadata to metadata.ser
2025-06-18 19:20:13 [main] INFO  c.fspann.api.ForwardSecureANNSystem - Insert complete for id=9cd0f42c-5cf7-4c1f-8330-722a722ba92a in 144.343 ms
2025-06-18 19:20:13 [main] INFO  com.fspann.common.MetadataManager - Saved metadata to metadata.ser
2025-06-18 19:20:13 [main] INFO  com.fspann.common.MetadataManager - Saved metadata to metadata.ser
2025-06-18 19:20:13 [main] INFO  c.fspann.api.ForwardSecureANNSystem - Insert complete for id=f1372e07-412d-404d-8b08-b47966244108 in 144.2695 ms
2025-06-18 19:20:13 [main] INFO  com.fspann.common.MetadataManager - Saved metadata to metadata.ser
2025-06-18 19:20:13 [main] INFO  com.fspann.common.MetadataManager - Saved metadata to metadata.ser
2025-06-18 19:20:13 [main] INFO  c.fspann.api.ForwardSecureANNSystem - Insert complete for id=40b01714-9d83-4c11-9c03-b33996944f3c in 148.1904 ms
2025-06-18 19:20:13 [main] INFO  com.fspann.common.MetadataManager - Saved metadata to metadata.ser
2025-06-18 19:20:13 [main] INFO  com.fspann.common.MetadataManager - Saved metadata to metadata.ser
2025-06-18 19:20:13 [main] INFO  c.fspann.api.ForwardSecureANNSystem - Insert complete for id=aeb504ff-7b3a-4ebc-acf8-0b28eca9006d in 146.9298 ms
2025-06-18 19:20:13 [main] INFO  com.fspann.common.MetadataManager - Saved metadata to metadata.ser
2025-06-18 19:20:13 [main] INFO  com.fspann.common.MetadataManager - Saved metadata to metadata.ser
2025-06-18 19:20:13 [main] INFO  c.fspann.api.ForwardSecureANNSystem - Insert complete for id=6b1282e4-757c-4407-9798-23ac23df9d09 in 154.1677 ms
2025-06-18 19:20:13 [main] INFO  com.fspann.common.MetadataManager - Saved metadata to metadata.ser
2025-06-18 19:20:13 [main] INFO  com.fspann.common.MetadataManager - Saved metadata to metadata.ser
2025-06-18 19:20:13 [main] INFO  c.fspann.api.ForwardSecureANNSystem - Insert complete for id=54cfff66-62f2-4969-9fde-5f86bc058c27 in 150.9854 ms
2025-06-18 19:20:13 [main] INFO  com.fspann.common.MetadataManager - Saved metadata to metadata.ser
2025-06-18 19:20:13 [main] INFO  com.fspann.common.MetadataManager - Saved metadata to metadata.ser
2025-06-18 19:20:13 [main] INFO  c.fspann.api.ForwardSecureANNSystem - Insert complete for id=0dbeab47-a1d3-4da6-aee1-ffa95a9a579f in 143.0561 ms
2025-06-18 19:20:14 [main] INFO  com.fspann.common.MetadataManager - Saved metadata to metadata.ser
2025-06-18 19:20:14 [main] INFO  com.fspann.common.MetadataManager - Saved metadata to metadata.ser
2025-06-18 19:20:14 [main] INFO  c.fspann.api.ForwardSecureANNSystem - Insert complete for id=a6b1eb59-9a2c-4750-9eeb-e064fd5cc2f2 in 144.2088 ms
2025-06-18 19:20:14 [main] INFO  com.fspann.common.MetadataManager - Saved metadata to metadata.ser
2025-06-18 19:20:14 [main] INFO  com.fspann.common.MetadataManager - Saved metadata to metadata.ser
2025-06-18 19:20:14 [main] INFO  c.fspann.api.ForwardSecureANNSystem - Insert complete for id=2f8f681a-600e-4e79-9dda-e285e5bbffa8 in 144.9022 ms
2025-06-18 19:20:14 [main] INFO  com.fspann.common.MetadataManager - Saved metadata to metadata.ser
2025-06-18 19:20:14 [main] INFO  com.fspann.common.MetadataManager - Saved metadata to metadata.ser
2025-06-18 19:20:14 [main] INFO  c.fspann.api.ForwardSecureANNSystem - Insert complete for id=21c33307-c99e-45a2-80e8-cbfa49cf27c6 in 144.1054 ms
2025-06-18 19:20:14 [main] INFO  com.fspann.common.MetadataManager - Saved metadata to metadata.ser
2025-06-18 19:20:14 [main] INFO  com.fspann.common.MetadataManager - Saved metadata to metadata.ser
2025-06-18 19:20:14 [main] INFO  c.fspann.api.ForwardSecureANNSystem - Insert complete for id=843137e3-a497-4575-bcd9-a69af515c4ae in 144.975 ms
2025-06-18 19:20:14 [main] INFO  com.fspann.common.MetadataManager - Saved metadata to metadata.ser
2025-06-18 19:20:14 [main] INFO  com.fspann.common.MetadataManager - Saved metadata to metadata.ser
2025-06-18 19:20:14 [main] INFO  c.fspann.api.ForwardSecureANNSystem - Insert complete for id=07484b88-a3a7-400e-9900-e93fd4775e60 in 148.1275 ms
2025-06-18 19:20:14 [main] INFO  com.fspann.common.MetadataManager - Saved metadata to metadata.ser
2025-06-18 19:20:14 [main] INFO  com.fspann.common.MetadataManager - Saved metadata to metadata.ser
2025-06-18 19:20:14 [main] INFO  c.fspann.api.ForwardSecureANNSystem - Insert complete for id=71792f79-2e27-461d-b9ff-34021c76ffcf in 144.8256 ms
2025-06-18 19:20:14 [main] INFO  com.fspann.common.MetadataManager - Saved metadata to metadata.ser
2025-06-18 19:20:15 [main] INFO  com.fspann.common.MetadataManager - Saved metadata to metadata.ser
2025-06-18 19:20:15 [main] INFO  c.fspann.api.ForwardSecureANNSystem - Insert complete for id=89b11844-22b5-44c9-bdf6-45d2c433aa50 in 145.0602 ms
2025-06-18 19:20:15 [main] INFO  com.fspann.common.MetadataManager - Saved metadata to metadata.ser
2025-06-18 19:20:15 [main] INFO  com.fspann.common.MetadataManager - Saved metadata to metadata.ser
2025-06-18 19:20:15 [main] INFO  c.fspann.api.ForwardSecureANNSystem - Insert complete for id=fed173b2-ff46-4157-bafe-7bd299d47df5 in 145.4456 ms
2025-06-18 19:20:15 [main] INFO  com.fspann.common.MetadataManager - Saved metadata to metadata.ser
2025-06-18 19:20:15 [main] INFO  com.fspann.common.MetadataManager - Saved metadata to metadata.ser
2025-06-18 19:20:15 [main] INFO  c.fspann.api.ForwardSecureANNSystem - Insert complete for id=d44f67cd-0606-41db-a3d9-07d33b2c3cd1 in 142.8266 ms
2025-06-18 19:20:15 [main] INFO  com.fspann.common.MetadataManager - Saved metadata to metadata.ser
2025-06-18 19:20:15 [main] INFO  com.fspann.common.MetadataManager - Saved metadata to metadata.ser
2025-06-18 19:20:15 [main] INFO  c.fspann.api.ForwardSecureANNSystem - Insert complete for id=5d449588-64fa-4695-88b7-1ef1690fe932 in 148.589 ms
2025-06-18 19:20:15 [main] INFO  com.fspann.common.MetadataManager - Saved metadata to metadata.ser
2025-06-18 19:20:15 [main] INFO  com.fspann.common.MetadataManager - Saved metadata to metadata.ser
2025-06-18 19:20:15 [main] INFO  c.fspann.api.ForwardSecureANNSystem - Insert complete for id=ad0967f3-9bf1-4f23-819d-035a4ce35e61 in 144.3982 ms
2025-06-18 19:20:15 [main] INFO  com.fspann.common.MetadataManager - Saved metadata to metadata.ser
2025-06-18 19:20:15 [main] INFO  com.fspann.common.MetadataManager - Saved metadata to metadata.ser
2025-06-18 19:20:15 [main] INFO  c.fspann.api.ForwardSecureANNSystem - Insert complete for id=15254402-afc5-4da3-9289-1b86507b060c in 147.3249 ms
2025-06-18 19:20:15 [main] INFO  com.fspann.common.MetadataManager - Saved metadata to metadata.ser
2025-06-18 19:20:15 [main] INFO  com.fspann.common.MetadataManager - Saved metadata to metadata.ser
2025-06-18 19:20:15 [main] INFO  c.fspann.api.ForwardSecureANNSystem - Insert complete for id=13de1ec2-c5b1-449d-99f8-38b05ca182d2 in 148.374 ms
2025-06-18 19:20:15 [main] INFO  com.fspann.common.MetadataManager - Saved metadata to metadata.ser
2025-06-18 19:20:16 [main] INFO  com.fspann.common.MetadataManager - Saved metadata to metadata.ser
2025-06-18 19:20:16 [main] INFO  c.fspann.api.ForwardSecureANNSystem - Insert complete for id=9d11160a-773f-492d-aedc-20ba113c6239 in 143.3563 ms
2025-06-18 19:20:16 [main] INFO  com.fspann.common.MetadataManager - Saved metadata to metadata.ser
2025-06-18 19:20:16 [main] INFO  com.fspann.common.MetadataManager - Saved metadata to metadata.ser
2025-06-18 19:20:16 [main] INFO  c.fspann.api.ForwardSecureANNSystem - Insert complete for id=14d0978c-a7e9-40b5-bdfc-83840164f70f in 146.774 ms
2025-06-18 19:20:16 [main] INFO  com.fspann.common.MetadataManager - Saved metadata to metadata.ser
2025-06-18 19:20:16 [main] INFO  com.fspann.common.MetadataManager - Saved metadata to metadata.ser
2025-06-18 19:20:16 [main] INFO  c.fspann.api.ForwardSecureANNSystem - Insert complete for id=b23fd2d3-04af-489e-86a9-20c9f8ddab77 in 150.1228 ms
2025-06-18 19:20:16 [main] INFO  com.fspann.common.MetadataManager - Saved metadata to metadata.ser
2025-06-18 19:20:16 [main] INFO  com.fspann.common.MetadataManager - Saved metadata to metadata.ser
2025-06-18 19:20:16 [main] INFO  c.fspann.api.ForwardSecureANNSystem - Insert complete for id=294fcc71-b1a8-4498-9214-ae0e5afaca9a in 152.2019 ms
2025-06-18 19:20:16 [main] INFO  com.fspann.common.MetadataManager - Saved metadata to metadata.ser
2025-06-18 19:20:16 [main] INFO  com.fspann.common.MetadataManager - Saved metadata to metadata.ser
2025-06-18 19:20:16 [main] INFO  c.fspann.api.ForwardSecureANNSystem - Insert complete for id=47e4992b-70f1-4057-826a-0474816bac08 in 144.3883 ms
2025-06-18 19:20:16 [main] INFO  com.fspann.common.MetadataManager - Saved metadata to metadata.ser
2025-06-18 19:20:16 [main] INFO  com.fspann.common.MetadataManager - Saved metadata to metadata.ser
2025-06-18 19:20:16 [main] INFO  c.fspann.api.ForwardSecureANNSystem - Insert complete for id=7b1d2543-ec33-4e70-8246-4b0ac39bcb91 in 147.0908 ms
2025-06-18 19:20:16 [main] INFO  com.fspann.common.MetadataManager - Saved metadata to metadata.ser
2025-06-18 19:20:16 [main] INFO  com.fspann.common.MetadataManager - Saved metadata to metadata.ser
2025-06-18 19:20:16 [main] INFO  c.fspann.api.ForwardSecureANNSystem - Insert complete for id=32a09404-7851-43ed-968f-3d6cf0e484fc in 146.4567 ms
2025-06-18 19:20:16 [main] INFO  com.fspann.common.MetadataManager - Saved metadata to metadata.ser
2025-06-18 19:20:17 [main] INFO  com.fspann.common.MetadataManager - Saved metadata to metadata.ser
2025-06-18 19:20:17 [main] INFO  c.fspann.api.ForwardSecureANNSystem - Insert complete for id=f18951b2-1832-4fbe-9b26-24477394bf94 in 146.227 ms
2025-06-18 19:20:17 [main] INFO  com.fspann.common.MetadataManager - Saved metadata to metadata.ser
2025-06-18 19:20:17 [main] INFO  com.fspann.common.MetadataManager - Saved metadata to metadata.ser
2025-06-18 19:20:17 [main] INFO  c.fspann.api.ForwardSecureANNSystem - Insert complete for id=b6740bfe-d9b9-4158-b395-f246ed2bbaab in 145.8827 ms
2025-06-18 19:20:17 [main] INFO  com.fspann.common.MetadataManager - Saved metadata to metadata.ser
2025-06-18 19:20:17 [main] INFO  com.fspann.common.MetadataManager - Saved metadata to metadata.ser
2025-06-18 19:20:17 [main] INFO  c.fspann.api.ForwardSecureANNSystem - Insert complete for id=f48b3cd1-1426-4c0b-ab08-35f6f1affa85 in 145.2332 ms
2025-06-18 19:20:17 [main] INFO  com.fspann.common.MetadataManager - Saved metadata to metadata.ser
2025-06-18 19:20:17 [main] INFO  com.fspann.common.MetadataManager - Saved metadata to metadata.ser
2025-06-18 19:20:17 [main] INFO  c.fspann.api.ForwardSecureANNSystem - Insert complete for id=63e29761-3825-4a01-8563-e55892e14965 in 147.7314 ms
2025-06-18 19:20:17 [main] INFO  com.fspann.common.MetadataManager - Saved metadata to metadata.ser
2025-06-18 19:20:17 [main] INFO  com.fspann.common.MetadataManager - Saved metadata to metadata.ser
2025-06-18 19:20:17 [main] INFO  c.fspann.api.ForwardSecureANNSystem - Insert complete for id=19ebbf31-2540-4048-bf47-b0d305e17260 in 149.3013 ms
2025-06-18 19:20:17 [main] INFO  com.fspann.common.MetadataManager - Saved metadata to metadata.ser
2025-06-18 19:20:17 [main] INFO  com.fspann.common.MetadataManager - Saved metadata to metadata.ser
2025-06-18 19:20:17 [main] INFO  c.fspann.api.ForwardSecureANNSystem - Insert complete for id=d2a75e42-e5c4-4cc5-b3b3-16a19ace5123 in 151.7957 ms
2025-06-18 19:20:17 [main] INFO  com.fspann.common.MetadataManager - Saved metadata to metadata.ser
2025-06-18 19:20:17 [main] INFO  com.fspann.common.MetadataManager - Saved metadata to metadata.ser
2025-06-18 19:20:17 [main] INFO  c.fspann.api.ForwardSecureANNSystem - Insert complete for id=535ebef3-4f24-408b-ad4a-36a14f53279f in 148.236 ms
2025-06-18 19:20:18 [main] INFO  com.fspann.common.MetadataManager - Saved metadata to metadata.ser
2025-06-18 19:20:18 [main] INFO  com.fspann.common.MetadataManager - Saved metadata to metadata.ser
2025-06-18 19:20:18 [main] INFO  c.fspann.api.ForwardSecureANNSystem - Insert complete for id=d0197dc9-cb6c-4957-a2a2-9f69c28f371f in 153.5799 ms
2025-06-18 19:20:18 [main] INFO  com.fspann.common.MetadataManager - Saved metadata to metadata.ser
2025-06-18 19:20:18 [main] INFO  com.fspann.common.MetadataManager - Saved metadata to metadata.ser
2025-06-18 19:20:18 [main] INFO  c.fspann.api.ForwardSecureANNSystem - Insert complete for id=177c1559-a2f6-4430-8329-daba1eaab28f in 146.0546 ms
2025-06-18 19:20:18 [main] INFO  com.fspann.common.MetadataManager - Saved metadata to metadata.ser
2025-06-18 19:20:18 [main] INFO  com.fspann.common.MetadataManager - Saved metadata to metadata.ser
2025-06-18 19:20:18 [main] INFO  c.fspann.api.ForwardSecureANNSystem - Insert complete for id=192ffb39-e005-4531-8980-2675798d0d82 in 145.9974 ms
2025-06-18 19:20:18 [main] INFO  com.fspann.common.MetadataManager - Saved metadata to metadata.ser
2025-06-18 19:20:18 [main] INFO  com.fspann.common.MetadataManager - Saved metadata to metadata.ser
2025-06-18 19:20:18 [main] INFO  c.fspann.api.ForwardSecureANNSystem - Insert complete for id=cfc2a555-608e-426e-a909-14cca984d4b0 in 146.4811 ms
2025-06-18 19:20:18 [main] INFO  com.fspann.common.MetadataManager - Saved metadata to metadata.ser
2025-06-18 19:20:18 [main] INFO  com.fspann.common.MetadataManager - Saved metadata to metadata.ser
2025-06-18 19:20:18 [main] INFO  c.fspann.api.ForwardSecureANNSystem - Insert complete for id=8cf4d86e-2049-479b-b55d-5d2144567788 in 151.1149 ms
2025-06-18 19:20:18 [main] INFO  com.fspann.common.MetadataManager - Saved metadata to metadata.ser
2025-06-18 19:20:18 [main] INFO  com.fspann.common.MetadataManager - Saved metadata to metadata.ser
2025-06-18 19:20:18 [main] INFO  c.fspann.api.ForwardSecureANNSystem - Insert complete for id=ac3bef55-dc0c-4f86-84d9-f4fc4deefa9c in 146.7795 ms
2025-06-18 19:20:18 [main] INFO  com.fspann.common.MetadataManager - Saved metadata to metadata.ser
2025-06-18 19:20:18 [main] INFO  com.fspann.common.MetadataManager - Saved metadata to metadata.ser
2025-06-18 19:20:18 [main] INFO  c.fspann.api.ForwardSecureANNSystem - Insert complete for id=fb4c9201-81f6-430b-b9e5-97fa666b4478 in 146.1721 ms
2025-06-18 19:20:19 [main] INFO  com.fspann.common.MetadataManager - Saved metadata to metadata.ser
2025-06-18 19:20:19 [main] INFO  com.fspann.common.MetadataManager - Saved metadata to metadata.ser
2025-06-18 19:20:19 [main] INFO  c.fspann.api.ForwardSecureANNSystem - Insert complete for id=0fada430-05d0-478e-89c5-b3f791a068bd in 153.1611 ms
2025-06-18 19:20:19 [main] INFO  com.fspann.common.MetadataManager - Saved metadata to metadata.ser
2025-06-18 19:20:19 [main] INFO  com.fspann.common.MetadataManager - Saved metadata to metadata.ser
2025-06-18 19:20:19 [main] INFO  c.fspann.api.ForwardSecureANNSystem - Insert complete for id=4af8cb86-b06d-479a-b69e-542b1c968e52 in 145.6759 ms
2025-06-18 19:20:19 [main] INFO  com.fspann.common.MetadataManager - Saved metadata to metadata.ser
2025-06-18 19:20:19 [main] INFO  com.fspann.common.MetadataManager - Saved metadata to metadata.ser
2025-06-18 19:20:19 [main] INFO  c.fspann.api.ForwardSecureANNSystem - Insert complete for id=1987b164-948b-41c1-afb8-ba3dbf92f8ff in 149.4193 ms
2025-06-18 19:20:19 [main] INFO  com.fspann.common.MetadataManager - Saved metadata to metadata.ser
2025-06-18 19:20:19 [main] INFO  com.fspann.common.MetadataManager - Saved metadata to metadata.ser
2025-06-18 19:20:19 [main] INFO  c.fspann.api.ForwardSecureANNSystem - Insert complete for id=c46fb761-f937-453b-b92a-81674c4cea0f in 146.3798 ms
2025-06-18 19:20:19 [main] INFO  com.fspann.common.MetadataManager - Saved metadata to metadata.ser
2025-06-18 19:20:19 [main] INFO  com.fspann.common.MetadataManager - Saved metadata to metadata.ser
2025-06-18 19:20:19 [main] INFO  c.fspann.api.ForwardSecureANNSystem - Insert complete for id=18f1b816-b62c-4fa6-8e26-60e0f93bb0e8 in 151.3017 ms
2025-06-18 19:20:19 [main] INFO  com.fspann.common.MetadataManager - Saved metadata to metadata.ser
2025-06-18 19:20:19 [main] INFO  com.fspann.common.MetadataManager - Saved metadata to metadata.ser
2025-06-18 19:20:19 [main] INFO  c.fspann.api.ForwardSecureANNSystem - Insert complete for id=0d9085d1-b5c6-4723-b9c0-d974321bb7db in 147.147 ms
2025-06-18 19:20:19 [main] INFO  com.fspann.common.MetadataManager - Saved metadata to metadata.ser
2025-06-18 19:20:20 [main] INFO  com.fspann.common.MetadataManager - Saved metadata to metadata.ser
2025-06-18 19:20:20 [main] INFO  c.fspann.api.ForwardSecureANNSystem - Insert complete for id=c0872f6a-c5b0-426d-97cc-09dee43cbb6c in 148.1104 ms
2025-06-18 19:20:20 [main] INFO  com.fspann.common.MetadataManager - Saved metadata to metadata.ser
2025-06-18 19:20:20 [main] INFO  com.fspann.common.MetadataManager - Saved metadata to metadata.ser
2025-06-18 19:20:20 [main] INFO  c.fspann.api.ForwardSecureANNSystem - Insert complete for id=0c35bf69-6ed7-424b-ad47-458e684ee473 in 150.4762 ms
2025-06-18 19:20:20 [main] INFO  com.fspann.common.MetadataManager - Saved metadata to metadata.ser
2025-06-18 19:20:20 [main] INFO  com.fspann.common.MetadataManager - Saved metadata to metadata.ser
2025-06-18 19:20:20 [main] INFO  c.fspann.api.ForwardSecureANNSystem - Insert complete for id=e569c182-6961-40fc-9584-a0df140138dc in 144.6043 ms
2025-06-18 19:20:20 [main] INFO  com.fspann.common.MetadataManager - Saved metadata to metadata.ser
2025-06-18 19:20:20 [main] INFO  com.fspann.common.MetadataManager - Saved metadata to metadata.ser
2025-06-18 19:20:20 [main] INFO  c.fspann.api.ForwardSecureANNSystem - Insert complete for id=f03e198b-3b07-484c-b980-0a478bde93b0 in 158.0715 ms
2025-06-18 19:20:20 [main] INFO  com.fspann.common.MetadataManager - Saved metadata to metadata.ser
2025-06-18 19:20:20 [main] INFO  com.fspann.common.MetadataManager - Saved metadata to metadata.ser
2025-06-18 19:20:20 [main] INFO  c.fspann.api.ForwardSecureANNSystem - Insert complete for id=15c09b10-19a4-41d9-9c78-d7ed2a1316d6 in 148.7354 ms
2025-06-18 19:20:20 [main] INFO  com.fspann.common.MetadataManager - Saved metadata to metadata.ser
2025-06-18 19:20:20 [main] INFO  com.fspann.common.MetadataManager - Saved metadata to metadata.ser
2025-06-18 19:20:20 [main] INFO  c.fspann.api.ForwardSecureANNSystem - Insert complete for id=7bf0cc34-c30d-4add-b593-4bcf6a1aecbe in 150.2427 ms
2025-06-18 19:20:20 [main] INFO  com.fspann.common.MetadataManager - Saved metadata to metadata.ser
2025-06-18 19:20:20 [main] INFO  com.fspann.common.MetadataManager - Saved metadata to metadata.ser
2025-06-18 19:20:20 [main] INFO  c.fspann.api.ForwardSecureANNSystem - Insert complete for id=9fbbcc8c-fb26-4637-b55d-8978bbdc3321 in 145.6542 ms
2025-06-18 19:20:20 [main] INFO  com.fspann.common.MetadataManager - Saved metadata to metadata.ser
2025-06-18 19:20:21 [main] INFO  com.fspann.common.MetadataManager - Saved metadata to metadata.ser
2025-06-18 19:20:21 [main] INFO  c.fspann.api.ForwardSecureANNSystem - Insert complete for id=6d67c4d7-102d-4ce9-8831-593b8b0d2455 in 149.7782 ms
2025-06-18 19:20:21 [main] INFO  com.fspann.common.MetadataManager - Saved metadata to metadata.ser
2025-06-18 19:20:21 [main] INFO  com.fspann.common.MetadataManager - Saved metadata to metadata.ser
2025-06-18 19:20:21 [main] INFO  c.fspann.api.ForwardSecureANNSystem - Insert complete for id=5d9fddf0-5099-441f-a2fb-c225a6f175f2 in 151.1846 ms
2025-06-18 19:20:21 [main] INFO  com.fspann.common.MetadataManager - Saved metadata to metadata.ser
2025-06-18 19:20:21 [main] INFO  com.fspann.common.MetadataManager - Saved metadata to metadata.ser
2025-06-18 19:20:21 [main] INFO  c.fspann.api.ForwardSecureANNSystem - Insert complete for id=d499ab3d-bf84-4d61-b09f-caf2fd4cab0d in 149.9346 ms
2025-06-18 19:20:21 [main] INFO  com.fspann.common.MetadataManager - Saved metadata to metadata.ser
2025-06-18 19:20:21 [main] INFO  com.fspann.common.MetadataManager - Saved metadata to metadata.ser
2025-06-18 19:20:21 [main] INFO  c.fspann.api.ForwardSecureANNSystem - Insert complete for id=caea659d-b08e-44df-b4d2-56bfdc77099e in 145.6813 ms
2025-06-18 19:20:21 [main] INFO  com.fspann.common.MetadataManager - Saved metadata to metadata.ser
2025-06-18 19:20:21 [main] INFO  com.fspann.common.MetadataManager - Saved metadata to metadata.ser
2025-06-18 19:20:21 [main] INFO  c.fspann.api.ForwardSecureANNSystem - Insert complete for id=0ef8f590-47cf-4f68-87d5-1a673f371893 in 145.9463 ms
2025-06-18 19:20:21 [main] INFO  com.fspann.common.MetadataManager - Saved metadata to metadata.ser
2025-06-18 19:20:21 [main] INFO  com.fspann.common.MetadataManager - Saved metadata to metadata.ser
2025-06-18 19:20:21 [main] INFO  c.fspann.api.ForwardSecureANNSystem - Insert complete for id=24963953-fc5f-498c-9616-5b848ac89272 in 165.948 ms
2025-06-18 19:20:21 [main] INFO  com.fspann.common.MetadataManager - Saved metadata to metadata.ser
2025-06-18 19:20:21 [main] INFO  com.fspann.common.MetadataManager - Saved metadata to metadata.ser
2025-06-18 19:20:21 [main] INFO  c.fspann.api.ForwardSecureANNSystem - Insert complete for id=646a31ff-0399-4800-b51d-36ab90ed21ca in 146.3045 ms
2025-06-18 19:20:22 [main] INFO  com.fspann.common.MetadataManager - Saved metadata to metadata.ser
2025-06-18 19:20:22 [main] INFO  com.fspann.common.MetadataManager - Saved metadata to metadata.ser
2025-06-18 19:20:22 [main] INFO  c.fspann.api.ForwardSecureANNSystem - Insert complete for id=5aecad9b-904b-4ff5-924c-14fdab6b647a in 146.8786 ms
2025-06-18 19:20:22 [main] INFO  com.fspann.common.MetadataManager - Saved metadata to metadata.ser
2025-06-18 19:20:22 [main] INFO  com.fspann.common.MetadataManager - Saved metadata to metadata.ser
2025-06-18 19:20:22 [main] INFO  c.fspann.api.ForwardSecureANNSystem - Insert complete for id=82823342-516b-459e-a382-3a0f1bf70184 in 147.4522 ms
2025-06-18 19:20:22 [main] INFO  com.fspann.common.MetadataManager - Saved metadata to metadata.ser
2025-06-18 19:20:22 [main] INFO  com.fspann.common.MetadataManager - Saved metadata to metadata.ser
2025-06-18 19:20:22 [main] INFO  c.fspann.api.ForwardSecureANNSystem - Insert complete for id=818b5e10-73e4-4571-b65f-46a6d90bb7a5 in 147.1986 ms
2025-06-18 19:20:22 [main] INFO  com.fspann.common.MetadataManager - Saved metadata to metadata.ser
2025-06-18 19:20:22 [main] INFO  com.fspann.common.MetadataManager - Saved metadata to metadata.ser
2025-06-18 19:20:22 [main] INFO  c.fspann.api.ForwardSecureANNSystem - Insert complete for id=49a0d002-5e96-4c12-8478-4a69634bcffd in 150.6851 ms
2025-06-18 19:20:22 [main] INFO  com.fspann.common.MetadataManager - Saved metadata to metadata.ser
2025-06-18 19:20:22 [main] INFO  com.fspann.common.MetadataManager - Saved metadata to metadata.ser
2025-06-18 19:20:22 [main] INFO  c.fspann.api.ForwardSecureANNSystem - Insert complete for id=6f1cd5d2-7b95-4f72-b6d9-5ff76f982e13 in 144.2632 ms
2025-06-18 19:20:22 [main] INFO  com.fspann.common.MetadataManager - Saved metadata to metadata.ser
2025-06-18 19:20:22 [main] INFO  com.fspann.common.MetadataManager - Saved metadata to metadata.ser
2025-06-18 19:20:22 [main] INFO  c.fspann.api.ForwardSecureANNSystem - Insert complete for id=5848ef56-087c-42c9-afb4-d28c2513b75d in 144.4531 ms
2025-06-18 19:20:22 [main] INFO  com.fspann.common.MetadataManager - Saved metadata to metadata.ser
2025-06-18 19:20:23 [main] INFO  com.fspann.common.MetadataManager - Saved metadata to metadata.ser
2025-06-18 19:20:23 [main] INFO  c.fspann.api.ForwardSecureANNSystem - Insert complete for id=ca35cb22-fe47-478f-bd4e-e55ebaecd3bf in 148.307 ms
2025-06-18 19:20:23 [main] INFO  com.fspann.common.MetadataManager - Saved metadata to metadata.ser
2025-06-18 19:20:23 [main] INFO  com.fspann.common.MetadataManager - Saved metadata to metadata.ser
2025-06-18 19:20:23 [main] INFO  c.fspann.api.ForwardSecureANNSystem - Insert complete for id=3cf5191a-ae43-44f7-9765-137e0bf9b0b9 in 151.3191 ms
2025-06-18 19:20:23 [main] INFO  com.fspann.common.MetadataManager - Saved metadata to metadata.ser
2025-06-18 19:20:23 [main] INFO  com.fspann.common.MetadataManager - Saved metadata to metadata.ser
2025-06-18 19:20:23 [main] INFO  c.fspann.api.ForwardSecureANNSystem - Insert complete for id=da338ccf-4606-482c-b05e-51da12022f3c in 146.5158 ms
2025-06-18 19:20:23 [main] INFO  com.fspann.common.MetadataManager - Saved metadata to metadata.ser
2025-06-18 19:20:23 [main] INFO  com.fspann.common.MetadataManager - Saved metadata to metadata.ser
2025-06-18 19:20:23 [main] INFO  c.fspann.api.ForwardSecureANNSystem - Insert complete for id=c1a4bb6a-93d8-44e8-a618-19932991906a in 157.1293 ms
2025-06-18 19:20:23 [main] INFO  com.fspann.common.MetadataManager - Saved metadata to metadata.ser
2025-06-18 19:20:23 [main] INFO  com.fspann.common.MetadataManager - Saved metadata to metadata.ser
2025-06-18 19:20:23 [main] INFO  c.fspann.api.ForwardSecureANNSystem - Insert complete for id=4eb4ea66-b10d-461b-b7c7-d18cc13c3c0f in 144.3419 ms
2025-06-18 19:20:23 [main] INFO  com.fspann.common.MetadataManager - Saved metadata to metadata.ser
2025-06-18 19:20:23 [main] INFO  com.fspann.common.MetadataManager - Saved metadata to metadata.ser
2025-06-18 19:20:23 [main] INFO  c.fspann.api.ForwardSecureANNSystem - Insert complete for id=19527e9e-fcbf-4f8f-bacf-0388c175edb9 in 149.2517 ms
2025-06-18 19:20:23 [main] INFO  com.fspann.common.MetadataManager - Saved metadata to metadata.ser
2025-06-18 19:20:23 [main] INFO  com.fspann.common.MetadataManager - Saved metadata to metadata.ser
2025-06-18 19:20:23 [main] INFO  c.fspann.api.ForwardSecureANNSystem - Insert complete for id=b87260b2-2829-467b-8b42-8587c8527813 in 147.5453 ms
2025-06-18 19:20:23 [main] INFO  com.fspann.common.MetadataManager - Saved metadata to metadata.ser
2025-06-18 19:20:24 [main] INFO  com.fspann.common.MetadataManager - Saved metadata to metadata.ser
2025-06-18 19:20:24 [main] INFO  c.fspann.api.ForwardSecureANNSystem - Insert complete for id=9e17dd29-5c55-4eda-8d60-78e844fd3bc6 in 147.1124 ms
2025-06-18 19:20:24 [main] INFO  com.fspann.common.MetadataManager - Saved metadata to metadata.ser
2025-06-18 19:20:24 [main] INFO  com.fspann.common.MetadataManager - Saved metadata to metadata.ser
2025-06-18 19:20:24 [main] INFO  c.fspann.api.ForwardSecureANNSystem - Insert complete for id=7784b99f-8ac5-457f-9a89-70b764781f6d in 145.7739 ms
2025-06-18 19:20:24 [main] INFO  com.fspann.common.MetadataManager - Saved metadata to metadata.ser
2025-06-18 19:20:24 [main] INFO  com.fspann.common.MetadataManager - Saved metadata to metadata.ser
2025-06-18 19:20:24 [main] INFO  c.fspann.api.ForwardSecureANNSystem - Insert complete for id=e1693882-cec4-4f14-8d29-03d1c850cee7 in 148.1507 ms
2025-06-18 19:20:24 [main] INFO  com.fspann.common.MetadataManager - Saved metadata to metadata.ser
2025-06-18 19:20:24 [main] INFO  com.fspann.common.MetadataManager - Saved metadata to metadata.ser
2025-06-18 19:20:24 [main] INFO  c.fspann.api.ForwardSecureANNSystem - Insert complete for id=4c03c3d5-77d9-4f25-a21d-3181c0bfdf59 in 149.1727 ms
2025-06-18 19:20:24 [main] INFO  com.fspann.common.MetadataManager - Saved metadata to metadata.ser
2025-06-18 19:20:24 [main] INFO  com.fspann.common.MetadataManager - Saved metadata to metadata.ser
2025-06-18 19:20:24 [main] INFO  c.fspann.api.ForwardSecureANNSystem - Insert complete for id=037ed8cf-c2f8-45ba-a086-22af92517879 in 153.2322 ms
2025-06-18 19:20:24 [main] INFO  com.fspann.common.MetadataManager - Saved metadata to metadata.ser
2025-06-18 19:20:24 [main] INFO  com.fspann.common.MetadataManager - Saved metadata to metadata.ser
2025-06-18 19:20:24 [main] INFO  c.fspann.api.ForwardSecureANNSystem - Insert complete for id=f2433f96-1375-4206-a2a4-397a70ef17e7 in 145.7043 ms
2025-06-18 19:20:24 [main] INFO  com.fspann.common.MetadataManager - Saved metadata to metadata.ser
2025-06-18 19:20:24 [main] INFO  com.fspann.common.MetadataManager - Saved metadata to metadata.ser
2025-06-18 19:20:24 [main] INFO  c.fspann.api.ForwardSecureANNSystem - Insert complete for id=e0b4df1f-f43f-4772-8ac2-2e989d363f95 in 145.7361 ms
2025-06-18 19:20:25 [main] INFO  com.fspann.common.MetadataManager - Saved metadata to metadata.ser
2025-06-18 19:20:25 [main] INFO  com.fspann.common.MetadataManager - Saved metadata to metadata.ser
2025-06-18 19:20:25 [main] INFO  c.fspann.api.ForwardSecureANNSystem - Insert complete for id=a0d24c91-d026-4cfd-9887-bf946f726335 in 147.5714 ms
2025-06-18 19:20:25 [main] INFO  com.fspann.common.MetadataManager - Saved metadata to metadata.ser
2025-06-18 19:20:25 [main] INFO  com.fspann.common.MetadataManager - Saved metadata to metadata.ser
2025-06-18 19:20:25 [main] INFO  c.fspann.api.ForwardSecureANNSystem - Insert complete for id=db06b42d-4201-44ab-83da-e5debba60c9a in 148.4796 ms
2025-06-18 19:20:25 [main] INFO  com.fspann.common.MetadataManager - Saved metadata to metadata.ser
2025-06-18 19:20:25 [main] INFO  com.fspann.common.MetadataManager - Saved metadata to metadata.ser
2025-06-18 19:20:25 [main] INFO  c.fspann.api.ForwardSecureANNSystem - Insert complete for id=dc7b5bd4-5ae0-4555-b8d7-1335b5dbc203 in 147.6816 ms
2025-06-18 19:20:25 [main] INFO  com.fspann.common.MetadataManager - Saved metadata to metadata.ser
2025-06-18 19:20:25 [main] INFO  com.fspann.common.MetadataManager - Saved metadata to metadata.ser
2025-06-18 19:20:25 [main] INFO  c.fspann.api.ForwardSecureANNSystem - Insert complete for id=b924915b-aa4a-41b1-81e7-586d2e52b7c4 in 148.3444 ms
2025-06-18 19:20:25 [main] INFO  com.fspann.common.MetadataManager - Saved metadata to metadata.ser
2025-06-18 19:20:25 [main] INFO  com.fspann.common.MetadataManager - Saved metadata to metadata.ser
2025-06-18 19:20:25 [main] INFO  c.fspann.api.ForwardSecureANNSystem - Insert complete for id=a991e2c9-dfba-4402-bc9b-9e991b571e04 in 146.4873 ms
2025-06-18 19:20:25 [main] INFO  com.fspann.common.MetadataManager - Saved metadata to metadata.ser
2025-06-18 19:20:25 [main] INFO  com.fspann.common.MetadataManager - Saved metadata to metadata.ser
2025-06-18 19:20:25 [main] INFO  c.fspann.api.ForwardSecureANNSystem - Insert complete for id=38d517c9-44c2-491b-9367-bba6869a6894 in 150.7607 ms
2025-06-18 19:20:25 [main] INFO  com.fspann.common.MetadataManager - Saved metadata to metadata.ser
2025-06-18 19:20:25 [main] INFO  com.fspann.common.MetadataManager - Saved metadata to metadata.ser
2025-06-18 19:20:25 [main] INFO  c.fspann.api.ForwardSecureANNSystem - Insert complete for id=b9c53d49-abc2-4037-8256-756f5252c19b in 156.1045 ms
2025-06-18 19:20:26 [main] INFO  com.fspann.common.MetadataManager - Saved metadata to metadata.ser
2025-06-18 19:20:26 [main] INFO  com.fspann.common.MetadataManager - Saved metadata to metadata.ser
2025-06-18 19:20:26 [main] INFO  c.fspann.api.ForwardSecureANNSystem - Insert complete for id=f32a13a5-7457-4eb8-b32e-dd7e4645517b in 147.0824 ms
2025-06-18 19:20:26 [main] INFO  com.fspann.common.MetadataManager - Saved metadata to metadata.ser
2025-06-18 19:20:26 [main] INFO  com.fspann.common.MetadataManager - Saved metadata to metadata.ser
2025-06-18 19:20:26 [main] INFO  c.fspann.api.ForwardSecureANNSystem - Insert complete for id=3ac8b9d0-a791-413d-8469-af883eae8060 in 150.3529 ms
2025-06-18 19:20:26 [main] INFO  com.fspann.common.MetadataManager - Saved metadata to metadata.ser
2025-06-18 19:20:26 [main] INFO  com.fspann.common.MetadataManager - Saved metadata to metadata.ser
2025-06-18 19:20:26 [main] INFO  c.fspann.api.ForwardSecureANNSystem - Insert complete for id=52c9c235-a209-4300-91d6-e57da78d3515 in 152.0846 ms
2025-06-18 19:20:26 [main] INFO  com.fspann.common.MetadataManager - Saved metadata to metadata.ser
2025-06-18 19:20:26 [main] INFO  com.fspann.common.MetadataManager - Saved metadata to metadata.ser
2025-06-18 19:20:26 [main] INFO  c.fspann.api.ForwardSecureANNSystem - Insert complete for id=82f43b1f-5391-4dc6-9b3d-8b529b74eaac in 149.1679 ms
2025-06-18 19:20:26 [main] INFO  com.fspann.common.MetadataManager - Saved metadata to metadata.ser
2025-06-18 19:20:26 [main] INFO  com.fspann.common.MetadataManager - Saved metadata to metadata.ser
2025-06-18 19:20:26 [main] INFO  c.fspann.api.ForwardSecureANNSystem - Insert complete for id=e0b74c09-d33a-4f05-8a41-4fa0011c5153 in 149.6932 ms
2025-06-18 19:20:26 [main] INFO  com.fspann.common.MetadataManager - Saved metadata to metadata.ser
2025-06-18 19:20:26 [main] INFO  com.fspann.common.MetadataManager - Saved metadata to metadata.ser
2025-06-18 19:20:26 [main] INFO  c.fspann.api.ForwardSecureANNSystem - Insert complete for id=e3fb3123-59c0-40f8-b868-795ba75b715f in 148.1426 ms
2025-06-18 19:20:26 [main] INFO  com.fspann.common.MetadataManager - Saved metadata to metadata.ser
2025-06-18 19:20:27 [main] INFO  com.fspann.common.MetadataManager - Saved metadata to metadata.ser
2025-06-18 19:20:27 [main] INFO  c.fspann.api.ForwardSecureANNSystem - Insert complete for id=b1c98f02-8609-4984-944b-e67302b33372 in 155.2434 ms
2025-06-18 19:20:27 [main] INFO  com.fspann.common.MetadataManager - Saved metadata to metadata.ser
2025-06-18 19:20:27 [main] INFO  com.fspann.common.MetadataManager - Saved metadata to metadata.ser
2025-06-18 19:20:27 [main] INFO  c.fspann.api.ForwardSecureANNSystem - Insert complete for id=741e2e61-5e38-4b27-b0fa-e3ad622fc764 in 149.5142 ms
2025-06-18 19:20:27 [main] INFO  com.fspann.common.MetadataManager - Saved metadata to metadata.ser
2025-06-18 19:20:27 [main] INFO  com.fspann.common.MetadataManager - Saved metadata to metadata.ser
2025-06-18 19:20:27 [main] INFO  c.fspann.api.ForwardSecureANNSystem - Insert complete for id=ba46699a-6faf-4496-a092-24e6d2798462 in 153.7695 ms
2025-06-18 19:20:27 [main] INFO  com.fspann.common.MetadataManager - Saved metadata to metadata.ser
2025-06-18 19:20:27 [main] INFO  com.fspann.common.MetadataManager - Saved metadata to metadata.ser
2025-06-18 19:20:27 [main] INFO  c.fspann.api.ForwardSecureANNSystem - Insert complete for id=73c7aaa9-0b31-4789-a31d-d6324b210e11 in 149.5959 ms
2025-06-18 19:20:27 [main] INFO  com.fspann.common.MetadataManager - Saved metadata to metadata.ser
2025-06-18 19:20:27 [main] INFO  com.fspann.common.MetadataManager - Saved metadata to metadata.ser
2025-06-18 19:20:27 [main] INFO  c.fspann.api.ForwardSecureANNSystem - Insert complete for id=9200408a-1151-4c62-9443-dc698affdff0 in 150.7317 ms
2025-06-18 19:20:27 [main] INFO  com.fspann.common.MetadataManager - Saved metadata to metadata.ser
2025-06-18 19:20:27 [main] INFO  com.fspann.common.MetadataManager - Saved metadata to metadata.ser
2025-06-18 19:20:27 [main] INFO  c.fspann.api.ForwardSecureANNSystem - Insert complete for id=93147905-ec2b-4b9a-ac65-35ce109c6960 in 149.2371 ms
2025-06-18 19:20:27 [main] INFO  com.fspann.common.MetadataManager - Saved metadata to metadata.ser
2025-06-18 19:20:27 [main] INFO  com.fspann.common.MetadataManager - Saved metadata to metadata.ser
2025-06-18 19:20:27 [main] INFO  c.fspann.api.ForwardSecureANNSystem - Insert complete for id=32acfe72-e6ed-41a4-82e9-e1585a93c9f4 in 153.6842 ms
2025-06-18 19:20:28 [main] INFO  com.fspann.common.MetadataManager - Saved metadata to metadata.ser
2025-06-18 19:20:28 [main] INFO  com.fspann.common.MetadataManager - Saved metadata to metadata.ser
2025-06-18 19:20:28 [main] INFO  c.fspann.api.ForwardSecureANNSystem - Insert complete for id=70466b85-7d18-4ff6-8aee-fcae31f0a6a7 in 154.0753 ms
2025-06-18 19:20:28 [main] INFO  com.fspann.common.MetadataManager - Saved metadata to metadata.ser
2025-06-18 19:20:28 [main] INFO  com.fspann.common.MetadataManager - Saved metadata to metadata.ser
2025-06-18 19:20:28 [main] INFO  c.fspann.api.ForwardSecureANNSystem - Insert complete for id=77a42905-35f5-41ff-b350-d64b5407c8a2 in 149.1659 ms
2025-06-18 19:20:28 [main] INFO  com.fspann.common.MetadataManager - Saved metadata to metadata.ser
2025-06-18 19:20:28 [main] INFO  com.fspann.common.MetadataManager - Saved metadata to metadata.ser
2025-06-18 19:20:28 [main] INFO  c.fspann.api.ForwardSecureANNSystem - Insert complete for id=4886961e-8ed4-4dfd-a613-0f60af5827e3 in 147.2078 ms
2025-06-18 19:20:28 [main] INFO  com.fspann.common.MetadataManager - Saved metadata to metadata.ser
2025-06-18 19:20:28 [main] INFO  com.fspann.common.MetadataManager - Saved metadata to metadata.ser
2025-06-18 19:20:28 [main] INFO  c.fspann.api.ForwardSecureANNSystem - Insert complete for id=5f47498c-ddf6-4fad-97b4-1a52f9f8d5f3 in 147.3682 ms
2025-06-18 19:20:28 [main] INFO  com.fspann.common.MetadataManager - Saved metadata to metadata.ser
2025-06-18 19:20:28 [main] INFO  com.fspann.common.MetadataManager - Saved metadata to metadata.ser
2025-06-18 19:20:28 [main] INFO  c.fspann.api.ForwardSecureANNSystem - Insert complete for id=fb3945dd-8135-4350-86a9-0cf9ff9970fa in 156.1342 ms
2025-06-18 19:20:28 [main] INFO  com.fspann.common.MetadataManager - Saved metadata to metadata.ser
2025-06-18 19:20:28 [main] INFO  com.fspann.common.MetadataManager - Saved metadata to metadata.ser
2025-06-18 19:20:28 [main] INFO  c.fspann.api.ForwardSecureANNSystem - Insert complete for id=1ee75917-5770-45c0-bd8c-82f58be28cba in 151.552 ms
2025-06-18 19:20:28 [main] INFO  com.fspann.common.MetadataManager - Saved metadata to metadata.ser
2025-06-18 19:20:29 [main] INFO  com.fspann.common.MetadataManager - Saved metadata to metadata.ser
2025-06-18 19:20:29 [main] INFO  c.fspann.api.ForwardSecureANNSystem - Insert complete for id=0d2fe64a-2e1d-4a49-bb34-9be1d412b532 in 158.5372 ms
2025-06-18 19:20:29 [main] INFO  com.fspann.common.MetadataManager - Saved metadata to metadata.ser
2025-06-18 19:20:29 [main] INFO  com.fspann.common.MetadataManager - Saved metadata to metadata.ser
2025-06-18 19:20:29 [main] INFO  c.fspann.api.ForwardSecureANNSystem - Insert complete for id=8b2b77cc-d8bc-4414-8fb1-ed164ac71376 in 164.6771 ms
2025-06-18 19:20:29 [main] INFO  com.fspann.common.MetadataManager - Saved metadata to metadata.ser
2025-06-18 19:20:29 [main] INFO  com.fspann.common.MetadataManager - Saved metadata to metadata.ser
2025-06-18 19:20:29 [main] INFO  c.fspann.api.ForwardSecureANNSystem - Insert complete for id=3ba454d7-024c-4abc-bbf2-bb76aee516c5 in 150.1362 ms
2025-06-18 19:20:29 [main] INFO  com.fspann.common.MetadataManager - Saved metadata to metadata.ser
2025-06-18 19:20:29 [main] INFO  com.fspann.common.MetadataManager - Saved metadata to metadata.ser
2025-06-18 19:20:29 [main] INFO  c.fspann.api.ForwardSecureANNSystem - Insert complete for id=481e67c2-79bf-4e4f-8afe-a0f71390dd15 in 151.5013 ms
2025-06-18 19:20:29 [main] INFO  com.fspann.common.MetadataManager - Saved metadata to metadata.ser
2025-06-18 19:20:29 [main] INFO  com.fspann.common.MetadataManager - Saved metadata to metadata.ser
2025-06-18 19:20:29 [main] INFO  c.fspann.api.ForwardSecureANNSystem - Insert complete for id=66bf5dd8-35ec-4ee6-9a4d-e6d8becdffd3 in 148.5366 ms
2025-06-18 19:20:29 [main] INFO  com.fspann.common.MetadataManager - Saved metadata to metadata.ser
2025-06-18 19:20:29 [main] INFO  com.fspann.common.MetadataManager - Saved metadata to metadata.ser
2025-06-18 19:20:29 [main] INFO  c.fspann.api.ForwardSecureANNSystem - Insert complete for id=a1b77e56-cadf-433a-a99d-eb9efbb86d03 in 149.6783 ms
2025-06-18 19:20:29 [main] INFO  com.fspann.common.MetadataManager - Saved metadata to metadata.ser
2025-06-18 19:20:29 [main] INFO  com.fspann.common.MetadataManager - Saved metadata to metadata.ser
2025-06-18 19:20:29 [main] INFO  c.fspann.api.ForwardSecureANNSystem - Insert complete for id=ddb84c95-09d7-46eb-8afb-eed4a16a3b19 in 152.7253 ms
2025-06-18 19:20:30 [main] INFO  com.fspann.common.MetadataManager - Saved metadata to metadata.ser
2025-06-18 19:20:30 [main] INFO  com.fspann.common.MetadataManager - Saved metadata to metadata.ser
2025-06-18 19:20:30 [main] INFO  c.fspann.api.ForwardSecureANNSystem - Insert complete for id=739bbdaf-a312-45e5-87c9-2282ec82c4b2 in 157.3183 ms
2025-06-18 19:20:30 [main] INFO  com.fspann.common.MetadataManager - Saved metadata to metadata.ser
2025-06-18 19:20:30 [main] INFO  com.fspann.common.MetadataManager - Saved metadata to metadata.ser
2025-06-18 19:20:30 [main] INFO  c.fspann.api.ForwardSecureANNSystem - Insert complete for id=7faab374-320a-408c-aa41-e1c9b0d374f7 in 149.4117 ms
2025-06-18 19:20:30 [main] INFO  com.fspann.common.MetadataManager - Saved metadata to metadata.ser
2025-06-18 19:20:30 [main] INFO  com.fspann.common.MetadataManager - Saved metadata to metadata.ser
2025-06-18 19:20:30 [main] INFO  c.fspann.api.ForwardSecureANNSystem - Insert complete for id=5c5b383d-83e5-40c3-98c2-baf7903587f6 in 153.026 ms
2025-06-18 19:20:30 [main] INFO  com.fspann.common.MetadataManager - Saved metadata to metadata.ser
2025-06-18 19:20:30 [main] INFO  com.fspann.common.MetadataManager - Saved metadata to metadata.ser
2025-06-18 19:20:30 [main] INFO  c.fspann.api.ForwardSecureANNSystem - Insert complete for id=f296c471-37c5-49ed-b4e1-a2930dd3faca in 149.0625 ms
2025-06-18 19:20:30 [main] INFO  com.fspann.common.MetadataManager - Saved metadata to metadata.ser
2025-06-18 19:20:30 [main] INFO  com.fspann.common.MetadataManager - Saved metadata to metadata.ser
2025-06-18 19:20:30 [main] INFO  c.fspann.api.ForwardSecureANNSystem - Insert complete for id=0e8816b2-1d50-4f8d-b054-e8a082f577e6 in 146.4383 ms
2025-06-18 19:20:30 [main] INFO  com.fspann.common.MetadataManager - Saved metadata to metadata.ser
2025-06-18 19:20:30 [main] INFO  com.fspann.common.MetadataManager - Saved metadata to metadata.ser
2025-06-18 19:20:30 [main] INFO  c.fspann.api.ForwardSecureANNSystem - Insert complete for id=54024500-ab74-4af2-81a8-6ca105b319cd in 149.0776 ms
2025-06-18 19:20:30 [main] INFO  com.fspann.common.MetadataManager - Saved metadata to metadata.ser
2025-06-18 19:20:30 [main] INFO  com.fspann.common.MetadataManager - Saved metadata to metadata.ser
2025-06-18 19:20:30 [main] INFO  c.fspann.api.ForwardSecureANNSystem - Insert complete for id=47201ffd-eff8-48b7-8243-e075bb7c3934 in 150.0621 ms
2025-06-18 19:20:31 [main] INFO  com.fspann.common.MetadataManager - Saved metadata to metadata.ser
2025-06-18 19:20:31 [main] INFO  com.fspann.common.MetadataManager - Saved metadata to metadata.ser
2025-06-18 19:20:31 [main] INFO  c.fspann.api.ForwardSecureANNSystem - Insert complete for id=f3f8dace-a567-4f9f-902e-809429c6669b in 149.4363 ms
2025-06-18 19:20:31 [main] INFO  com.fspann.common.MetadataManager - Saved metadata to metadata.ser
2025-06-18 19:20:31 [main] INFO  com.fspann.common.MetadataManager - Saved metadata to metadata.ser
2025-06-18 19:20:31 [main] INFO  c.fspann.api.ForwardSecureANNSystem - Insert complete for id=a31782c2-2f21-4ef3-bbc5-9e5d1f1f614f in 152.7393 ms
2025-06-18 19:20:31 [main] INFO  com.fspann.common.MetadataManager - Saved metadata to metadata.ser
2025-06-18 19:20:31 [main] INFO  com.fspann.common.MetadataManager - Saved metadata to metadata.ser
2025-06-18 19:20:31 [main] INFO  c.fspann.api.ForwardSecureANNSystem - Insert complete for id=5efa94fa-0468-4482-a512-75e626b5538e in 156.4023 ms
2025-06-18 19:20:31 [main] INFO  com.fspann.common.MetadataManager - Saved metadata to metadata.ser
2025-06-18 19:20:31 [main] INFO  com.fspann.common.MetadataManager - Saved metadata to metadata.ser
2025-06-18 19:20:31 [main] INFO  c.fspann.api.ForwardSecureANNSystem - Insert complete for id=df1aac5a-3c5d-4ba5-8246-2dd6ddbebe7b in 148.7454 ms
2025-06-18 19:20:31 [main] INFO  com.fspann.common.MetadataManager - Saved metadata to metadata.ser
2025-06-18 19:20:31 [main] INFO  com.fspann.common.MetadataManager - Saved metadata to metadata.ser
2025-06-18 19:20:31 [main] INFO  c.fspann.api.ForwardSecureANNSystem - Insert complete for id=84f5b82d-5287-416d-90d4-4ba4eb4ab4e1 in 147.7435 ms
2025-06-18 19:20:31 [main] INFO  com.fspann.common.MetadataManager - Saved metadata to metadata.ser
2025-06-18 19:20:31 [main] INFO  com.fspann.common.MetadataManager - Saved metadata to metadata.ser
2025-06-18 19:20:31 [main] INFO  c.fspann.api.ForwardSecureANNSystem - Insert complete for id=1e9542d9-c158-4e95-9766-2b34f9f8a061 in 148.4059 ms
2025-06-18 19:20:31 [main] INFO  com.fspann.common.MetadataManager - Saved metadata to metadata.ser
2025-06-18 19:20:32 [main] INFO  com.fspann.common.MetadataManager - Saved metadata to metadata.ser
2025-06-18 19:20:32 [main] INFO  c.fspann.api.ForwardSecureANNSystem - Insert complete for id=62e6084f-fb30-44f9-93fd-2102ff9d33c2 in 151.2276 ms
2025-06-18 19:20:32 [main] INFO  com.fspann.common.MetadataManager - Saved metadata to metadata.ser
2025-06-18 19:20:32 [main] INFO  com.fspann.common.MetadataManager - Saved metadata to metadata.ser
2025-06-18 19:20:32 [main] INFO  c.fspann.api.ForwardSecureANNSystem - Insert complete for id=b62d972a-8b8b-41d7-92fb-4af92f956f2f in 151.1577 ms
2025-06-18 19:20:32 [main] INFO  com.fspann.common.MetadataManager - Saved metadata to metadata.ser
2025-06-18 19:20:32 [main] INFO  com.fspann.common.MetadataManager - Saved metadata to metadata.ser
2025-06-18 19:20:32 [main] INFO  c.fspann.api.ForwardSecureANNSystem - Insert complete for id=160445da-53e5-4b33-a360-209e505cb3cc in 154.4541 ms
2025-06-18 19:20:32 [main] INFO  com.fspann.common.MetadataManager - Saved metadata to metadata.ser
2025-06-18 19:20:32 [main] INFO  com.fspann.common.MetadataManager - Saved metadata to metadata.ser
2025-06-18 19:20:32 [main] INFO  c.fspann.api.ForwardSecureANNSystem - Insert complete for id=1de2c6e8-fd5d-4a29-bf46-f1fcc8a17040 in 154.9818 ms
2025-06-18 19:20:32 [main] INFO  com.fspann.common.MetadataManager - Saved metadata to metadata.ser
2025-06-18 19:20:32 [main] INFO  com.fspann.common.MetadataManager - Saved metadata to metadata.ser
2025-06-18 19:20:32 [main] INFO  c.fspann.api.ForwardSecureANNSystem - Insert complete for id=2837e05c-c78c-4ff4-95dc-e93f9d6f36ec in 148.1114 ms
2025-06-18 19:20:32 [main] INFO  com.fspann.common.MetadataManager - Saved metadata to metadata.ser
2025-06-18 19:20:32 [main] INFO  com.fspann.common.MetadataManager - Saved metadata to metadata.ser
2025-06-18 19:20:32 [main] INFO  c.fspann.api.ForwardSecureANNSystem - Insert complete for id=39ead8bb-4d5d-488c-8cad-5dd2e9f15062 in 147.2375 ms
2025-06-18 19:20:32 [main] INFO  com.fspann.common.MetadataManager - Saved metadata to metadata.ser
2025-06-18 19:20:32 [main] INFO  com.fspann.common.MetadataManager - Saved metadata to metadata.ser
2025-06-18 19:20:32 [main] INFO  c.fspann.api.ForwardSecureANNSystem - Insert complete for id=726d2866-63a8-455b-b1e9-d334b996f6c5 in 152.0907 ms
2025-06-18 19:20:33 [main] INFO  com.fspann.common.MetadataManager - Saved metadata to metadata.ser
2025-06-18 19:20:33 [main] INFO  com.fspann.common.MetadataManager - Saved metadata to metadata.ser
2025-06-18 19:20:33 [main] INFO  c.fspann.api.ForwardSecureANNSystem - Insert complete for id=320d148a-6b01-4076-aba6-be480e0ed274 in 150.8963 ms
2025-06-18 19:20:33 [main] INFO  com.fspann.common.MetadataManager - Saved metadata to metadata.ser
2025-06-18 19:20:33 [main] INFO  com.fspann.common.MetadataManager - Saved metadata to metadata.ser
2025-06-18 19:20:33 [main] INFO  c.fspann.api.ForwardSecureANNSystem - Insert complete for id=1f511de6-47ea-4e7d-9f2e-2c08a71a8327 in 151.4254 ms
2025-06-18 19:20:33 [main] INFO  com.fspann.common.MetadataManager - Saved metadata to metadata.ser
2025-06-18 19:20:33 [main] INFO  com.fspann.common.MetadataManager - Saved metadata to metadata.ser
2025-06-18 19:20:33 [main] INFO  c.fspann.api.ForwardSecureANNSystem - Insert complete for id=b1542dc4-95dd-4cba-b7ae-aa6eb4a5314a in 158.7192 ms
2025-06-18 19:20:33 [main] INFO  com.fspann.common.MetadataManager - Saved metadata to metadata.ser
2025-06-18 19:20:33 [main] INFO  com.fspann.common.MetadataManager - Saved metadata to metadata.ser
2025-06-18 19:20:33 [main] INFO  c.fspann.api.ForwardSecureANNSystem - Insert complete for id=7506aefc-47d1-44ef-8f31-ce8713016eca in 160.8127 ms
2025-06-18 19:20:33 [main] INFO  com.fspann.common.MetadataManager - Saved metadata to metadata.ser
2025-06-18 19:20:33 [main] INFO  com.fspann.common.MetadataManager - Saved metadata to metadata.ser
2025-06-18 19:20:33 [main] INFO  c.fspann.api.ForwardSecureANNSystem - Insert complete for id=d5678840-95a1-4a8a-9a71-1ab3b0d3bcc1 in 148.8814 ms
2025-06-18 19:20:33 [main] INFO  com.fspann.common.MetadataManager - Saved metadata to metadata.ser
2025-06-18 19:20:33 [main] INFO  com.fspann.common.MetadataManager - Saved metadata to metadata.ser
2025-06-18 19:20:33 [main] INFO  c.fspann.api.ForwardSecureANNSystem - Insert complete for id=f77e1d72-b484-45dd-8bcf-0dbb21685b92 in 154.9283 ms
2025-06-18 19:20:33 [main] INFO  com.fspann.common.MetadataManager - Saved metadata to metadata.ser
2025-06-18 19:20:34 [main] INFO  com.fspann.common.MetadataManager - Saved metadata to metadata.ser
2025-06-18 19:20:34 [main] INFO  c.fspann.api.ForwardSecureANNSystem - Insert complete for id=6f54dd07-0df6-48cd-89a4-dc299218eefc in 149.6932 ms
2025-06-18 19:20:34 [main] INFO  com.fspann.common.MetadataManager - Saved metadata to metadata.ser
2025-06-18 19:20:34 [main] INFO  com.fspann.common.MetadataManager - Saved metadata to metadata.ser
2025-06-18 19:20:34 [main] INFO  c.fspann.api.ForwardSecureANNSystem - Insert complete for id=2cd2d0ed-4564-4fbb-9591-f11061f791a5 in 158.8361 ms
2025-06-18 19:20:34 [main] INFO  com.fspann.common.MetadataManager - Saved metadata to metadata.ser
2025-06-18 19:20:34 [main] INFO  com.fspann.common.MetadataManager - Saved metadata to metadata.ser
2025-06-18 19:20:34 [main] INFO  c.fspann.api.ForwardSecureANNSystem - Insert complete for id=8bb732d5-c1af-406f-bda2-320ed7742b8b in 149.4283 ms
2025-06-18 19:20:34 [main] INFO  com.fspann.common.MetadataManager - Saved metadata to metadata.ser
2025-06-18 19:20:34 [main] INFO  com.fspann.common.MetadataManager - Saved metadata to metadata.ser
2025-06-18 19:20:34 [main] INFO  c.fspann.api.ForwardSecureANNSystem - Insert complete for id=c54e1449-9dab-4fee-a98f-d3fd87fa2f72 in 154.3674 ms
2025-06-18 19:20:34 [main] INFO  com.fspann.common.MetadataManager - Saved metadata to metadata.ser
2025-06-18 19:20:34 [main] INFO  com.fspann.common.MetadataManager - Saved metadata to metadata.ser
2025-06-18 19:20:34 [main] INFO  c.fspann.api.ForwardSecureANNSystem - Insert complete for id=a0dded4c-679f-48ef-9553-972fe0441801 in 148.3465 ms
2025-06-18 19:20:34 [main] INFO  com.fspann.common.MetadataManager - Saved metadata to metadata.ser
2025-06-18 19:20:34 [main] INFO  com.fspann.common.MetadataManager - Saved metadata to metadata.ser
2025-06-18 19:20:34 [main] INFO  c.fspann.api.ForwardSecureANNSystem - Insert complete for id=95945486-e82a-47a7-9411-66a29867f346 in 149.0342 ms
2025-06-18 19:20:34 [main] INFO  com.fspann.common.MetadataManager - Saved metadata to metadata.ser
2025-06-18 19:20:34 [main] INFO  com.fspann.common.MetadataManager - Saved metadata to metadata.ser
2025-06-18 19:20:34 [main] INFO  c.fspann.api.ForwardSecureANNSystem - Insert complete for id=5e8a648c-88e8-4a9b-a9aa-d7c65f8a9f73 in 151.2091 ms
2025-06-18 19:20:35 [main] INFO  com.fspann.common.MetadataManager - Saved metadata to metadata.ser
2025-06-18 19:20:35 [main] INFO  com.fspann.common.MetadataManager - Saved metadata to metadata.ser
2025-06-18 19:20:35 [main] INFO  c.fspann.api.ForwardSecureANNSystem - Insert complete for id=23605504-3890-47b8-8c2e-fa7ff283433c in 152.7471 ms
2025-06-18 19:20:35 [main] INFO  com.fspann.common.MetadataManager - Saved metadata to metadata.ser
2025-06-18 19:20:35 [main] INFO  com.fspann.common.MetadataManager - Saved metadata to metadata.ser
2025-06-18 19:20:35 [main] INFO  c.fspann.api.ForwardSecureANNSystem - Insert complete for id=8f16601d-305f-4f6e-9285-1c36493069ac in 152.527 ms
2025-06-18 19:20:35 [main] INFO  com.fspann.common.MetadataManager - Saved metadata to metadata.ser
2025-06-18 19:20:35 [main] INFO  com.fspann.common.MetadataManager - Saved metadata to metadata.ser
2025-06-18 19:20:35 [main] INFO  c.fspann.api.ForwardSecureANNSystem - Insert complete for id=2eb02275-f6c4-4d13-bbc9-b9a5c431a764 in 150.7794 ms
2025-06-18 19:20:35 [main] INFO  com.fspann.common.MetadataManager - Saved metadata to metadata.ser
2025-06-18 19:20:35 [main] INFO  com.fspann.common.MetadataManager - Saved metadata to metadata.ser
2025-06-18 19:20:35 [main] INFO  c.fspann.api.ForwardSecureANNSystem - Insert complete for id=9723d605-9ffe-41a9-a7fe-fa4754ef1db5 in 159.0389 ms
2025-06-18 19:20:35 [main] INFO  com.fspann.common.MetadataManager - Saved metadata to metadata.ser
2025-06-18 19:20:35 [main] INFO  com.fspann.common.MetadataManager - Saved metadata to metadata.ser
2025-06-18 19:20:35 [main] INFO  c.fspann.api.ForwardSecureANNSystem - Insert complete for id=2bc9c686-21f8-4156-8d41-4173849b3421 in 149.6808 ms
2025-06-18 19:20:35 [main] INFO  com.fspann.common.MetadataManager - Saved metadata to metadata.ser
2025-06-18 19:20:35 [main] INFO  com.fspann.common.MetadataManager - Saved metadata to metadata.ser
2025-06-18 19:20:35 [main] INFO  c.fspann.api.ForwardSecureANNSystem - Insert complete for id=ee07e474-b33b-4128-a223-96afe05e5871 in 149.7019 ms
2025-06-18 19:20:35 [main] INFO  com.fspann.common.MetadataManager - Saved metadata to metadata.ser
2025-06-18 19:20:35 [main] INFO  com.fspann.common.MetadataManager - Saved metadata to metadata.ser
2025-06-18 19:20:35 [main] INFO  c.fspann.api.ForwardSecureANNSystem - Insert complete for id=d5fe9b0b-f02c-451f-bd35-bdac977b0538 in 151.0048 ms
2025-06-18 19:20:36 [main] INFO  com.fspann.common.MetadataManager - Saved metadata to metadata.ser
2025-06-18 19:20:36 [main] INFO  com.fspann.common.MetadataManager - Saved metadata to metadata.ser
2025-06-18 19:20:36 [main] INFO  c.fspann.api.ForwardSecureANNSystem - Insert complete for id=844d7a12-c143-43f2-94c4-01d15b678bfd in 151.5355 ms
2025-06-18 19:20:36 [main] INFO  com.fspann.common.MetadataManager - Saved metadata to metadata.ser
2025-06-18 19:20:36 [main] INFO  com.fspann.common.MetadataManager - Saved metadata to metadata.ser
2025-06-18 19:20:36 [main] INFO  c.fspann.api.ForwardSecureANNSystem - Insert complete for id=c04144aa-04e6-4181-8056-60708fb40a52 in 153.2922 ms
2025-06-18 19:20:36 [main] INFO  com.fspann.common.MetadataManager - Saved metadata to metadata.ser
2025-06-18 19:20:36 [main] INFO  com.fspann.common.MetadataManager - Saved metadata to metadata.ser
2025-06-18 19:20:36 [main] INFO  c.fspann.api.ForwardSecureANNSystem - Insert complete for id=46bbd5c7-80d8-4a07-b623-24a0fd02f937 in 152.6711 ms
2025-06-18 19:20:36 [main] INFO  com.fspann.common.MetadataManager - Saved metadata to metadata.ser
2025-06-18 19:20:36 [main] INFO  com.fspann.common.MetadataManager - Saved metadata to metadata.ser
2025-06-18 19:20:36 [main] INFO  c.fspann.api.ForwardSecureANNSystem - Insert complete for id=1f7007c8-c950-46aa-85f2-597d19f4418f in 153.6792 ms
2025-06-18 19:20:36 [main] INFO  com.fspann.common.MetadataManager - Saved metadata to metadata.ser
2025-06-18 19:20:36 [main] INFO  com.fspann.common.MetadataManager - Saved metadata to metadata.ser
2025-06-18 19:20:36 [main] INFO  c.fspann.api.ForwardSecureANNSystem - Insert complete for id=ce8a2137-7b52-41c2-b382-5083fcdac25f in 147.2709 ms
2025-06-18 19:20:36 [main] INFO  com.fspann.common.MetadataManager - Saved metadata to metadata.ser
2025-06-18 19:20:36 [main] INFO  com.fspann.common.MetadataManager - Saved metadata to metadata.ser
2025-06-18 19:20:36 [main] INFO  c.fspann.api.ForwardSecureANNSystem - Insert complete for id=d503adf8-08be-439b-843c-6cd44dd0307f in 160.6788 ms
2025-06-18 19:20:36 [main] INFO  com.fspann.common.MetadataManager - Saved metadata to metadata.ser
2025-06-18 19:20:37 [main] INFO  com.fspann.common.MetadataManager - Saved metadata to metadata.ser
2025-06-18 19:20:37 [main] INFO  c.fspann.api.ForwardSecureANNSystem - Insert complete for id=fc683b21-ed7c-4062-8508-6672329e7839 in 153.913 ms
2025-06-18 19:20:37 [main] INFO  com.fspann.common.MetadataManager - Saved metadata to metadata.ser
2025-06-18 19:20:37 [main] INFO  com.fspann.common.MetadataManager - Saved metadata to metadata.ser
2025-06-18 19:20:37 [main] INFO  c.fspann.api.ForwardSecureANNSystem - Insert complete for id=9457e1c6-f5f8-4f18-be99-003c3687dd7a in 148.9835 ms
2025-06-18 19:20:37 [main] INFO  com.fspann.common.MetadataManager - Saved metadata to metadata.ser
2025-06-18 19:20:37 [main] INFO  com.fspann.common.MetadataManager - Saved metadata to metadata.ser
2025-06-18 19:20:37 [main] INFO  c.fspann.api.ForwardSecureANNSystem - Insert complete for id=a4259aae-1f66-439d-baf2-9e949b792011 in 149.2791 ms
2025-06-18 19:20:37 [main] INFO  com.fspann.common.MetadataManager - Saved metadata to metadata.ser
2025-06-18 19:20:37 [main] INFO  com.fspann.common.MetadataManager - Saved metadata to metadata.ser
2025-06-18 19:20:37 [main] INFO  c.fspann.api.ForwardSecureANNSystem - Insert complete for id=7c27855e-1804-4f58-b96b-a3c44c63f15d in 149.73 ms
2025-06-18 19:20:37 [main] INFO  com.fspann.common.MetadataManager - Saved metadata to metadata.ser
2025-06-18 19:20:37 [main] INFO  com.fspann.common.MetadataManager - Saved metadata to metadata.ser
2025-06-18 19:20:37 [main] INFO  c.fspann.api.ForwardSecureANNSystem - Insert complete for id=58d7f87f-95d1-4925-a222-51ea102c04b1 in 159.1269 ms
2025-06-18 19:20:37 [main] INFO  com.fspann.common.MetadataManager - Saved metadata to metadata.ser
2025-06-18 19:20:37 [main] INFO  com.fspann.common.MetadataManager - Saved metadata to metadata.ser
2025-06-18 19:20:37 [main] INFO  c.fspann.api.ForwardSecureANNSystem - Insert complete for id=7495e7f6-a001-4f49-86a0-7b304d33a960 in 149.7417 ms
2025-06-18 19:20:37 [main] INFO  com.fspann.common.MetadataManager - Saved metadata to metadata.ser
2025-06-18 19:20:37 [main] INFO  com.fspann.common.MetadataManager - Saved metadata to metadata.ser
2025-06-18 19:20:37 [main] INFO  c.fspann.api.ForwardSecureANNSystem - Insert complete for id=407bdf16-4877-44d5-bf05-b405844679b2 in 157.3747 ms
2025-06-18 19:20:38 [main] INFO  com.fspann.common.MetadataManager - Saved metadata to metadata.ser
2025-06-18 19:20:38 [main] INFO  com.fspann.common.MetadataManager - Saved metadata to metadata.ser
2025-06-18 19:20:38 [main] INFO  c.fspann.api.ForwardSecureANNSystem - Insert complete for id=df0a6e71-b12f-454f-855d-271b565da98c in 151.1723 ms
2025-06-18 19:20:38 [main] INFO  com.fspann.common.MetadataManager - Saved metadata to metadata.ser
2025-06-18 19:20:38 [main] INFO  com.fspann.common.MetadataManager - Saved metadata to metadata.ser
2025-06-18 19:20:38 [main] INFO  c.fspann.api.ForwardSecureANNSystem - Insert complete for id=e07ee989-12f3-4396-aad4-6ec3e09ea22c in 155.4193 ms
2025-06-18 19:20:38 [main] INFO  com.fspann.common.MetadataManager - Saved metadata to metadata.ser
2025-06-18 19:20:38 [main] INFO  com.fspann.common.MetadataManager - Saved metadata to metadata.ser
2025-06-18 19:20:38 [main] INFO  c.fspann.api.ForwardSecureANNSystem - Insert complete for id=f991e9f9-1a29-474f-b6b2-2d894185f2d3 in 149.4057 ms
2025-06-18 19:20:38 [main] INFO  com.fspann.common.MetadataManager - Saved metadata to metadata.ser
2025-06-18 19:20:38 [main] INFO  com.fspann.common.MetadataManager - Saved metadata to metadata.ser
2025-06-18 19:20:38 [main] INFO  c.fspann.api.ForwardSecureANNSystem - Insert complete for id=5919a038-25ba-4ff3-834f-53cae7d3c4fc in 151.4424 ms
2025-06-18 19:20:38 [main] INFO  com.fspann.common.MetadataManager - Saved metadata to metadata.ser
2025-06-18 19:20:38 [main] INFO  com.fspann.common.MetadataManager - Saved metadata to metadata.ser
2025-06-18 19:20:38 [main] INFO  c.fspann.api.ForwardSecureANNSystem - Insert complete for id=eb2a41af-c4ed-4d42-abcf-8aa997776007 in 150.0536 ms
2025-06-18 19:20:38 [main] INFO  com.fspann.common.MetadataManager - Saved metadata to metadata.ser
2025-06-18 19:20:38 [main] INFO  com.fspann.common.MetadataManager - Saved metadata to metadata.ser
2025-06-18 19:20:38 [main] INFO  c.fspann.api.ForwardSecureANNSystem - Insert complete for id=c61a33b6-bcc7-44eb-b503-f4639404e552 in 159.118 ms
2025-06-18 19:20:38 [main] INFO  com.fspann.common.MetadataManager - Saved metadata to metadata.ser
2025-06-18 19:20:39 [main] INFO  com.fspann.common.MetadataManager - Saved metadata to metadata.ser
2025-06-18 19:20:39 [main] INFO  c.fspann.api.ForwardSecureANNSystem - Insert complete for id=ec49f164-9511-4c4b-8ae9-6598fa4641b0 in 152.7324 ms
2025-06-18 19:20:39 [main] INFO  com.fspann.common.MetadataManager - Saved metadata to metadata.ser
2025-06-18 19:20:39 [main] INFO  com.fspann.common.MetadataManager - Saved metadata to metadata.ser
2025-06-18 19:20:39 [main] INFO  c.fspann.api.ForwardSecureANNSystem - Insert complete for id=fe2ae0b8-9182-4c97-9f0a-431a77ef044b in 148.6313 ms
2025-06-18 19:20:39 [main] INFO  com.fspann.common.MetadataManager - Saved metadata to metadata.ser
2025-06-18 19:20:39 [main] INFO  com.fspann.common.MetadataManager - Saved metadata to metadata.ser
2025-06-18 19:20:39 [main] INFO  c.fspann.api.ForwardSecureANNSystem - Insert complete for id=92ab2aa6-fe29-4630-b63a-084978d30b05 in 151.4084 ms
2025-06-18 19:20:39 [main] INFO  com.fspann.common.MetadataManager - Saved metadata to metadata.ser
2025-06-18 19:20:39 [main] INFO  com.fspann.common.MetadataManager - Saved metadata to metadata.ser
2025-06-18 19:20:39 [main] INFO  c.fspann.api.ForwardSecureANNSystem - Insert complete for id=37933f81-8f1a-4042-90ea-87546c6b773e in 149.9146 ms
2025-06-18 19:20:39 [main] INFO  com.fspann.common.MetadataManager - Saved metadata to metadata.ser
2025-06-18 19:20:39 [main] INFO  com.fspann.common.MetadataManager - Saved metadata to metadata.ser
2025-06-18 19:20:39 [main] INFO  c.fspann.api.ForwardSecureANNSystem - Insert complete for id=96333962-87c8-4cfa-afd1-467235d13b78 in 158.2096 ms
2025-06-18 19:20:39 [main] INFO  com.fspann.common.MetadataManager - Saved metadata to metadata.ser
2025-06-18 19:20:39 [main] INFO  com.fspann.common.MetadataManager - Saved metadata to metadata.ser
2025-06-18 19:20:39 [main] INFO  c.fspann.api.ForwardSecureANNSystem - Insert complete for id=4f44b441-4104-4bbc-b32e-fcf241082529 in 154.1044 ms
2025-06-18 19:20:39 [main] INFO  com.fspann.common.MetadataManager - Saved metadata to metadata.ser
2025-06-18 19:20:39 [main] INFO  com.fspann.common.MetadataManager - Saved metadata to metadata.ser
2025-06-18 19:20:39 [main] INFO  c.fspann.api.ForwardSecureANNSystem - Insert complete for id=30ff2f4a-6112-49e7-936e-61ec99f41cb3 in 152.4578 ms
2025-06-18 19:20:40 [main] INFO  com.fspann.common.MetadataManager - Saved metadata to metadata.ser
2025-06-18 19:20:40 [main] INFO  com.fspann.common.MetadataManager - Saved metadata to metadata.ser
2025-06-18 19:20:40 [main] INFO  c.fspann.api.ForwardSecureANNSystem - Insert complete for id=dca845a4-6525-4931-b985-9098fc5262ae in 151.9666 ms
2025-06-18 19:20:40 [main] INFO  com.fspann.common.MetadataManager - Saved metadata to metadata.ser
2025-06-18 19:20:40 [main] INFO  com.fspann.common.MetadataManager - Saved metadata to metadata.ser
2025-06-18 19:20:40 [main] INFO  c.fspann.api.ForwardSecureANNSystem - Insert complete for id=0ceddf72-2243-418b-a6e8-c0b906f423bb in 150.0188 ms
2025-06-18 19:20:40 [main] INFO  com.fspann.common.MetadataManager - Saved metadata to metadata.ser
2025-06-18 19:20:40 [main] INFO  com.fspann.common.MetadataManager - Saved metadata to metadata.ser
2025-06-18 19:20:40 [main] INFO  c.fspann.api.ForwardSecureANNSystem - Insert complete for id=fe0105a1-5b6b-4747-b34b-d10ce4d0975f in 154.9104 ms
2025-06-18 19:20:40 [main] INFO  com.fspann.common.MetadataManager - Saved metadata to metadata.ser
2025-06-18 19:20:40 [main] INFO  com.fspann.common.MetadataManager - Saved metadata to metadata.ser
2025-06-18 19:20:40 [main] INFO  c.fspann.api.ForwardSecureANNSystem - Insert complete for id=ee8c507a-c4cf-486f-a756-81bb3c0811ea in 154.7819 ms
2025-06-18 19:20:40 [main] INFO  com.fspann.common.MetadataManager - Saved metadata to metadata.ser
2025-06-18 19:20:40 [main] INFO  com.fspann.common.MetadataManager - Saved metadata to metadata.ser
2025-06-18 19:20:40 [main] INFO  c.fspann.api.ForwardSecureANNSystem - Insert complete for id=3afb3ae2-4fcb-4730-b21b-bb462e0d4dff in 150.8276 ms
2025-06-18 19:20:40 [main] INFO  com.fspann.common.MetadataManager - Saved metadata to metadata.ser
2025-06-18 19:20:40 [main] INFO  com.fspann.common.MetadataManager - Saved metadata to metadata.ser
2025-06-18 19:20:40 [main] INFO  c.fspann.api.ForwardSecureANNSystem - Insert complete for id=484a0534-b918-49ec-88be-e71808f87d20 in 162.7117 ms
2025-06-18 19:20:40 [main] INFO  com.fspann.common.MetadataManager - Saved metadata to metadata.ser
2025-06-18 19:20:41 [main] INFO  com.fspann.common.MetadataManager - Saved metadata to metadata.ser
2025-06-18 19:20:41 [main] INFO  c.fspann.api.ForwardSecureANNSystem - Insert complete for id=e157c76f-17d1-4229-a04d-82e07edc8c9e in 157.8974 ms
2025-06-18 19:20:41 [main] INFO  com.fspann.common.MetadataManager - Saved metadata to metadata.ser
2025-06-18 19:20:41 [main] INFO  com.fspann.common.MetadataManager - Saved metadata to metadata.ser
2025-06-18 19:20:41 [main] INFO  c.fspann.api.ForwardSecureANNSystem - Insert complete for id=9dc4626e-982a-43ca-85c4-ce56c7487506 in 149.825 ms
2025-06-18 19:20:41 [main] INFO  com.fspann.common.MetadataManager - Saved metadata to metadata.ser
2025-06-18 19:20:41 [main] INFO  com.fspann.common.MetadataManager - Saved metadata to metadata.ser
2025-06-18 19:20:41 [main] INFO  c.fspann.api.ForwardSecureANNSystem - Insert complete for id=aafc08d3-430e-479e-a8f0-cc5778bdfe94 in 155.7001 ms
2025-06-18 19:20:41 [main] INFO  com.fspann.common.MetadataManager - Saved metadata to metadata.ser
2025-06-18 19:20:41 [main] INFO  com.fspann.common.MetadataManager - Saved metadata to metadata.ser
2025-06-18 19:20:41 [main] INFO  c.fspann.api.ForwardSecureANNSystem - Insert complete for id=92414286-3244-489a-8dcf-32e85d4995b1 in 150.9852 ms
2025-06-18 19:20:41 [main] INFO  com.fspann.common.MetadataManager - Saved metadata to metadata.ser
2025-06-18 19:20:41 [main] INFO  com.fspann.common.MetadataManager - Saved metadata to metadata.ser
2025-06-18 19:20:41 [main] INFO  c.fspann.api.ForwardSecureANNSystem - Insert complete for id=b7604b20-1af9-4330-b1a5-acc199ec84c1 in 152.0178 ms
2025-06-18 19:20:41 [main] INFO  com.fspann.common.MetadataManager - Saved metadata to metadata.ser
2025-06-18 19:20:41 [main] INFO  com.fspann.common.MetadataManager - Saved metadata to metadata.ser
2025-06-18 19:20:41 [main] INFO  c.fspann.api.ForwardSecureANNSystem - Insert complete for id=a2faf87f-80e7-468c-9741-975457efac77 in 152.4773 ms
2025-06-18 19:20:41 [main] INFO  com.fspann.common.MetadataManager - Saved metadata to metadata.ser
2025-06-18 19:20:41 [main] INFO  com.fspann.common.MetadataManager - Saved metadata to metadata.ser
2025-06-18 19:20:41 [main] INFO  c.fspann.api.ForwardSecureANNSystem - Insert complete for id=62a33ae1-5e73-4c21-9bd3-83f4caa0260d in 158.4803 ms
2025-06-18 19:20:42 [main] INFO  com.fspann.common.MetadataManager - Saved metadata to metadata.ser
2025-06-18 19:20:42 [main] INFO  com.fspann.common.MetadataManager - Saved metadata to metadata.ser
2025-06-18 19:20:42 [main] INFO  c.fspann.api.ForwardSecureANNSystem - Insert complete for id=59ca96fc-6091-4863-9b85-1451adacfe99 in 152.6567 ms
2025-06-18 19:20:42 [main] INFO  com.fspann.common.MetadataManager - Saved metadata to metadata.ser
2025-06-18 19:20:42 [main] INFO  com.fspann.common.MetadataManager - Saved metadata to metadata.ser
2025-06-18 19:20:42 [main] INFO  c.fspann.api.ForwardSecureANNSystem - Insert complete for id=08f19407-13e6-474d-9be2-cbd1179feba5 in 158.2122 ms
2025-06-18 19:20:42 [main] INFO  com.fspann.common.MetadataManager - Saved metadata to metadata.ser
2025-06-18 19:20:42 [main] INFO  com.fspann.common.MetadataManager - Saved metadata to metadata.ser
2025-06-18 19:20:42 [main] INFO  c.fspann.api.ForwardSecureANNSystem - Insert complete for id=1e347536-c2cd-48cd-810a-b61a8b3d3dd9 in 150.6883 ms
2025-06-18 19:20:42 [main] INFO  com.fspann.common.MetadataManager - Saved metadata to metadata.ser
2025-06-18 19:20:42 [main] INFO  com.fspann.common.MetadataManager - Saved metadata to metadata.ser
2025-06-18 19:20:42 [main] INFO  c.fspann.api.ForwardSecureANNSystem - Insert complete for id=06ccac14-b31b-4fc6-92f4-bf3d1562a9f1 in 151.235 ms
2025-06-18 19:20:42 [main] INFO  com.fspann.common.MetadataManager - Saved metadata to metadata.ser
2025-06-18 19:20:42 [main] INFO  com.fspann.common.MetadataManager - Saved metadata to metadata.ser
2025-06-18 19:20:42 [main] INFO  c.fspann.api.ForwardSecureANNSystem - Insert complete for id=93e7299c-32af-4f9c-8ad3-7a10f4d132fc in 150.7769 ms
2025-06-18 19:20:42 [main] INFO  com.fspann.common.MetadataManager - Saved metadata to metadata.ser
2025-06-18 19:20:42 [main] INFO  com.fspann.common.MetadataManager - Saved metadata to metadata.ser
2025-06-18 19:20:42 [main] INFO  c.fspann.api.ForwardSecureANNSystem - Insert complete for id=5afd972d-345f-4319-a612-a3fd0fdad935 in 150.2401 ms
2025-06-18 19:20:42 [main] INFO  com.fspann.common.MetadataManager - Saved metadata to metadata.ser
2025-06-18 19:20:43 [main] INFO  com.fspann.common.MetadataManager - Saved metadata to metadata.ser
2025-06-18 19:20:43 [main] INFO  c.fspann.api.ForwardSecureANNSystem - Insert complete for id=baeb5223-d8d3-40a8-8458-1d03d5017458 in 152.1406 ms
2025-06-18 19:20:43 [main] INFO  com.fspann.common.MetadataManager - Saved metadata to metadata.ser
2025-06-18 19:20:43 [main] INFO  com.fspann.common.MetadataManager - Saved metadata to metadata.ser
2025-06-18 19:20:43 [main] INFO  c.fspann.api.ForwardSecureANNSystem - Insert complete for id=b47a301b-2036-4260-87c9-686222553b81 in 151.9788 ms
2025-06-18 19:20:43 [main] INFO  com.fspann.common.MetadataManager - Saved metadata to metadata.ser
2025-06-18 19:20:43 [main] INFO  com.fspann.common.MetadataManager - Saved metadata to metadata.ser
2025-06-18 19:20:43 [main] INFO  c.fspann.api.ForwardSecureANNSystem - Insert complete for id=44f81c49-09f4-464e-afc5-d17c38838dd2 in 149.8701 ms
2025-06-18 19:20:43 [main] INFO  com.fspann.common.MetadataManager - Saved metadata to metadata.ser
2025-06-18 19:20:43 [main] INFO  com.fspann.common.MetadataManager - Saved metadata to metadata.ser
2025-06-18 19:20:43 [main] INFO  c.fspann.api.ForwardSecureANNSystem - Insert complete for id=979183a4-c704-47ea-802b-9d63cacecb37 in 151.9611 ms
2025-06-18 19:20:43 [main] INFO  com.fspann.common.MetadataManager - Saved metadata to metadata.ser
2025-06-18 19:20:43 [main] INFO  com.fspann.common.MetadataManager - Saved metadata to metadata.ser
2025-06-18 19:20:43 [main] INFO  c.fspann.api.ForwardSecureANNSystem - Insert complete for id=fe1168ec-e34d-4595-9382-f664a6c9f93e in 158.5583 ms
2025-06-18 19:20:43 [main] INFO  com.fspann.common.MetadataManager - Saved metadata to metadata.ser
2025-06-18 19:20:43 [main] INFO  com.fspann.common.MetadataManager - Saved metadata to metadata.ser
2025-06-18 19:20:43 [main] INFO  c.fspann.api.ForwardSecureANNSystem - Insert complete for id=25797dd2-559e-4fb5-bbc6-77187b5a01a9 in 157.391 ms
2025-06-18 19:20:43 [main] INFO  com.fspann.common.MetadataManager - Saved metadata to metadata.ser
2025-06-18 19:20:43 [main] INFO  com.fspann.common.MetadataManager - Saved metadata to metadata.ser
2025-06-18 19:20:43 [main] INFO  c.fspann.api.ForwardSecureANNSystem - Insert complete for id=8ac2e297-ecae-4788-af70-6c2dd65c1eb6 in 151.3407 ms
2025-06-18 19:20:44 [main] INFO  com.fspann.common.MetadataManager - Saved metadata to metadata.ser
2025-06-18 19:20:44 [main] INFO  com.fspann.common.MetadataManager - Saved metadata to metadata.ser
2025-06-18 19:20:44 [main] INFO  c.fspann.api.ForwardSecureANNSystem - Insert complete for id=b51868d7-2b1b-4a67-89e3-a2bb51025d8c in 154.602 ms
2025-06-18 19:20:44 [main] INFO  com.fspann.common.MetadataManager - Saved metadata to metadata.ser
2025-06-18 19:20:44 [main] INFO  com.fspann.common.MetadataManager - Saved metadata to metadata.ser
2025-06-18 19:20:44 [main] INFO  c.fspann.api.ForwardSecureANNSystem - Insert complete for id=7b396427-937a-43ba-8e6a-d3975418922f in 152.6347 ms
2025-06-18 19:20:44 [main] INFO  com.fspann.common.MetadataManager - Saved metadata to metadata.ser
2025-06-18 19:20:44 [main] INFO  com.fspann.common.MetadataManager - Saved metadata to metadata.ser
2025-06-18 19:20:44 [main] INFO  c.fspann.api.ForwardSecureANNSystem - Insert complete for id=2826e700-f385-40ef-9084-7b72955d36c5 in 152.368 ms
2025-06-18 19:20:44 [main] INFO  com.fspann.common.MetadataManager - Saved metadata to metadata.ser
2025-06-18 19:20:44 [main] INFO  com.fspann.common.MetadataManager - Saved metadata to metadata.ser
2025-06-18 19:20:44 [main] INFO  c.fspann.api.ForwardSecureANNSystem - Insert complete for id=0fd99389-f372-491c-a2cb-f8c413be280f in 153.174 ms
2025-06-18 19:20:44 [main] INFO  com.fspann.common.MetadataManager - Saved metadata to metadata.ser
2025-06-18 19:20:44 [main] INFO  com.fspann.common.MetadataManager - Saved metadata to metadata.ser
2025-06-18 19:20:44 [main] INFO  c.fspann.api.ForwardSecureANNSystem - Insert complete for id=83846d30-a6b4-49c6-806e-7a22d230fa0e in 152.5177 ms
2025-06-18 19:20:44 [main] INFO  com.fspann.common.MetadataManager - Saved metadata to metadata.ser
2025-06-18 19:20:44 [main] INFO  com.fspann.common.MetadataManager - Saved metadata to metadata.ser
2025-06-18 19:20:44 [main] INFO  c.fspann.api.ForwardSecureANNSystem - Insert complete for id=2f346ed0-4e06-4c60-a9cc-40bcc56b6931 in 149.5571 ms
2025-06-18 19:20:44 [main] INFO  com.fspann.common.MetadataManager - Saved metadata to metadata.ser
2025-06-18 19:20:45 [main] INFO  com.fspann.common.MetadataManager - Saved metadata to metadata.ser
2025-06-18 19:20:45 [main] INFO  c.fspann.api.ForwardSecureANNSystem - Insert complete for id=8bf8f29e-2a29-49fe-9ee4-99d722e7384d in 159.656 ms
2025-06-18 19:20:45 [main] INFO  com.fspann.common.MetadataManager - Saved metadata to metadata.ser
2025-06-18 19:20:45 [main] INFO  com.fspann.common.MetadataManager - Saved metadata to metadata.ser
2025-06-18 19:20:45 [main] INFO  c.fspann.api.ForwardSecureANNSystem - Insert complete for id=38a35540-2d0a-4f8f-9a17-908045199ac0 in 154.7686 ms
2025-06-18 19:20:45 [main] INFO  com.fspann.common.MetadataManager - Saved metadata to metadata.ser
2025-06-18 19:20:45 [main] INFO  com.fspann.common.MetadataManager - Saved metadata to metadata.ser
2025-06-18 19:20:45 [main] INFO  c.fspann.api.ForwardSecureANNSystem - Insert complete for id=1de76806-ca64-42fe-a110-afa350b2b21c in 152.0215 ms
2025-06-18 19:20:45 [main] INFO  com.fspann.common.MetadataManager - Saved metadata to metadata.ser
2025-06-18 19:20:45 [main] INFO  com.fspann.common.MetadataManager - Saved metadata to metadata.ser
2025-06-18 19:20:45 [main] INFO  c.fspann.api.ForwardSecureANNSystem - Insert complete for id=504a0121-07bf-4fca-be6a-175abc72c264 in 155.3027 ms
2025-06-18 19:20:45 [main] INFO  com.fspann.common.MetadataManager - Saved metadata to metadata.ser
2025-06-18 19:20:45 [main] INFO  com.fspann.common.MetadataManager - Saved metadata to metadata.ser
2025-06-18 19:20:45 [main] INFO  c.fspann.api.ForwardSecureANNSystem - Insert complete for id=42247a40-66bb-4926-8740-b93f0862486d in 155.0489 ms
2025-06-18 19:20:45 [main] INFO  com.fspann.common.MetadataManager - Saved metadata to metadata.ser
2025-06-18 19:20:45 [main] INFO  com.fspann.common.MetadataManager - Saved metadata to metadata.ser
2025-06-18 19:20:45 [main] INFO  c.fspann.api.ForwardSecureANNSystem - Insert complete for id=d7ab30d7-5ad9-4b0c-b9ca-2c39fa351094 in 150.472 ms
2025-06-18 19:20:45 [main] INFO  com.fspann.common.MetadataManager - Saved metadata to metadata.ser
2025-06-18 19:20:45 [main] INFO  com.fspann.common.MetadataManager - Saved metadata to metadata.ser
2025-06-18 19:20:45 [main] INFO  c.fspann.api.ForwardSecureANNSystem - Insert complete for id=593f4adb-624d-41f8-b104-031ac6c2ecb9 in 151.812 ms
2025-06-18 19:20:46 [main] INFO  com.fspann.common.MetadataManager - Saved metadata to metadata.ser
2025-06-18 19:20:46 [main] INFO  com.fspann.common.MetadataManager - Saved metadata to metadata.ser
2025-06-18 19:20:46 [main] INFO  c.fspann.api.ForwardSecureANNSystem - Insert complete for id=e8da88f1-83c6-409b-85ae-14853f045d2b in 166.0945 ms
2025-06-18 19:20:46 [main] INFO  com.fspann.common.MetadataManager - Saved metadata to metadata.ser
2025-06-18 19:20:46 [main] INFO  com.fspann.common.MetadataManager - Saved metadata to metadata.ser
2025-06-18 19:20:46 [main] INFO  c.fspann.api.ForwardSecureANNSystem - Insert complete for id=bf417d64-7d69-4537-8728-4364189a448d in 150.891 ms
2025-06-18 19:20:46 [main] INFO  com.fspann.common.MetadataManager - Saved metadata to metadata.ser
2025-06-18 19:20:46 [main] INFO  com.fspann.common.MetadataManager - Saved metadata to metadata.ser
2025-06-18 19:20:46 [main] INFO  c.fspann.api.ForwardSecureANNSystem - Insert complete for id=f960c8fe-06bb-4fce-ba06-e57a104514de in 152.0528 ms
2025-06-18 19:20:46 [main] INFO  com.fspann.common.MetadataManager - Saved metadata to metadata.ser
2025-06-18 19:20:46 [main] INFO  com.fspann.common.MetadataManager - Saved metadata to metadata.ser
2025-06-18 19:20:46 [main] INFO  c.fspann.api.ForwardSecureANNSystem - Insert complete for id=6b5db146-6686-4df7-8fb1-598a6c63046d in 154.9955 ms
2025-06-18 19:20:46 [main] INFO  com.fspann.common.MetadataManager - Saved metadata to metadata.ser
2025-06-18 19:20:46 [main] INFO  com.fspann.common.MetadataManager - Saved metadata to metadata.ser
2025-06-18 19:20:46 [main] INFO  c.fspann.api.ForwardSecureANNSystem - Insert complete for id=ab984b16-b67b-474a-a045-cc9ed3465fff in 151.4753 ms
2025-06-18 19:20:46 [main] INFO  com.fspann.common.MetadataManager - Saved metadata to metadata.ser
2025-06-18 19:20:46 [main] INFO  com.fspann.common.MetadataManager - Saved metadata to metadata.ser
2025-06-18 19:20:46 [main] INFO  c.fspann.api.ForwardSecureANNSystem - Insert complete for id=abb7ad07-3d18-4709-8b29-ae35422b71f8 in 149.2014 ms
2025-06-18 19:20:46 [main] INFO  com.fspann.common.MetadataManager - Saved metadata to metadata.ser
2025-06-18 19:20:47 [main] INFO  com.fspann.common.MetadataManager - Saved metadata to metadata.ser
2025-06-18 19:20:47 [main] INFO  c.fspann.api.ForwardSecureANNSystem - Insert complete for id=fc50235d-d8a3-4c5a-b30d-536ce24e9042 in 154.9983 ms
2025-06-18 19:20:47 [main] INFO  com.fspann.common.MetadataManager - Saved metadata to metadata.ser
2025-06-18 19:20:47 [main] INFO  com.fspann.common.MetadataManager - Saved metadata to metadata.ser
2025-06-18 19:20:47 [main] INFO  c.fspann.api.ForwardSecureANNSystem - Insert complete for id=acccb47a-7311-4036-a2a9-5995f683eab1 in 152.5867 ms
2025-06-18 19:20:47 [main] INFO  com.fspann.common.MetadataManager - Saved metadata to metadata.ser
2025-06-18 19:20:47 [main] INFO  com.fspann.common.MetadataManager - Saved metadata to metadata.ser
2025-06-18 19:20:47 [main] INFO  c.fspann.api.ForwardSecureANNSystem - Insert complete for id=f95988c6-e5bc-4a04-b11b-38efce267eeb in 150.4366 ms
2025-06-18 19:20:47 [main] INFO  com.fspann.common.MetadataManager - Saved metadata to metadata.ser
2025-06-18 19:20:47 [main] INFO  com.fspann.common.MetadataManager - Saved metadata to metadata.ser
2025-06-18 19:20:47 [main] INFO  c.fspann.api.ForwardSecureANNSystem - Insert complete for id=03ac2b71-564d-4850-9563-f1b05cb25bc4 in 156.7005 ms
2025-06-18 19:20:47 [main] INFO  com.fspann.common.MetadataManager - Saved metadata to metadata.ser
2025-06-18 19:20:47 [main] INFO  com.fspann.common.MetadataManager - Saved metadata to metadata.ser
2025-06-18 19:20:47 [main] INFO  c.fspann.api.ForwardSecureANNSystem - Insert complete for id=efa38ce5-e505-437c-b154-b165ee35f16e in 150.888 ms
2025-06-18 19:20:47 [main] INFO  com.fspann.common.MetadataManager - Saved metadata to metadata.ser
2025-06-18 19:20:47 [main] INFO  com.fspann.common.MetadataManager - Saved metadata to metadata.ser
2025-06-18 19:20:47 [main] INFO  c.fspann.api.ForwardSecureANNSystem - Insert complete for id=bb79ae86-a71f-4d10-8af5-f19b08924003 in 162.3447 ms
2025-06-18 19:20:47 [main] INFO  com.fspann.common.MetadataManager - Saved metadata to metadata.ser
2025-06-18 19:20:47 [main] INFO  com.fspann.common.MetadataManager - Saved metadata to metadata.ser
2025-06-18 19:20:47 [main] INFO  c.fspann.api.ForwardSecureANNSystem - Insert complete for id=cd5ff764-0eb1-477f-94d2-56d6231d7833 in 153.0444 ms
2025-06-18 19:20:48 [main] INFO  com.fspann.common.MetadataManager - Saved metadata to metadata.ser
2025-06-18 19:20:48 [main] INFO  com.fspann.common.MetadataManager - Saved metadata to metadata.ser
2025-06-18 19:20:48 [main] INFO  c.fspann.api.ForwardSecureANNSystem - Insert complete for id=6c186caf-689c-41cc-99a8-37f1daf86826 in 154.338 ms
2025-06-18 19:20:48 [main] INFO  com.fspann.common.MetadataManager - Saved metadata to metadata.ser
2025-06-18 19:20:48 [main] INFO  com.fspann.common.MetadataManager - Saved metadata to metadata.ser
2025-06-18 19:20:48 [main] INFO  c.fspann.api.ForwardSecureANNSystem - Insert complete for id=784d33a2-195e-4c4c-994d-fe5150f1f29d in 150.685 ms
2025-06-18 19:20:48 [main] INFO  com.fspann.common.MetadataManager - Saved metadata to metadata.ser
2025-06-18 19:20:48 [main] INFO  com.fspann.common.MetadataManager - Saved metadata to metadata.ser
2025-06-18 19:20:48 [main] INFO  c.fspann.api.ForwardSecureANNSystem - Insert complete for id=f1782b3f-b666-4bcc-81f9-c5396aa60a4c in 150.1766 ms
2025-06-18 19:20:48 [main] INFO  com.fspann.common.MetadataManager - Saved metadata to metadata.ser
2025-06-18 19:20:48 [main] INFO  com.fspann.common.MetadataManager - Saved metadata to metadata.ser
2025-06-18 19:20:48 [main] INFO  c.fspann.api.ForwardSecureANNSystem - Insert complete for id=a4a656f4-f06e-4427-b354-b9293c43d780 in 154.5907 ms
2025-06-18 19:20:48 [main] INFO  com.fspann.common.MetadataManager - Saved metadata to metadata.ser
2025-06-18 19:20:48 [main] INFO  com.fspann.common.MetadataManager - Saved metadata to metadata.ser
2025-06-18 19:20:48 [main] INFO  c.fspann.api.ForwardSecureANNSystem - Insert complete for id=96bdb82a-1268-4b74-abb1-b27ea3e81483 in 151.3811 ms
2025-06-18 19:20:48 [main] INFO  com.fspann.common.MetadataManager - Saved metadata to metadata.ser
2025-06-18 19:20:48 [main] INFO  com.fspann.common.MetadataManager - Saved metadata to metadata.ser
2025-06-18 19:20:48 [main] INFO  c.fspann.api.ForwardSecureANNSystem - Insert complete for id=d9aa488a-14ea-454c-b32c-e27a369585ec in 161.1951 ms
2025-06-18 19:20:48 [main] INFO  com.fspann.common.MetadataManager - Saved metadata to metadata.ser
2025-06-18 19:20:49 [main] INFO  com.fspann.common.MetadataManager - Saved metadata to metadata.ser
2025-06-18 19:20:49 [main] INFO  c.fspann.api.ForwardSecureANNSystem - Insert complete for id=32a28e72-d9a9-4130-80ca-375285ce5990 in 155.6924 ms
2025-06-18 19:20:49 [main] INFO  com.fspann.common.MetadataManager - Saved metadata to metadata.ser
2025-06-18 19:20:49 [main] INFO  com.fspann.common.MetadataManager - Saved metadata to metadata.ser
2025-06-18 19:20:49 [main] INFO  c.fspann.api.ForwardSecureANNSystem - Insert complete for id=37727612-7356-44f6-91ef-0b9ef5a607a1 in 161.6678 ms
2025-06-18 19:20:49 [main] INFO  com.fspann.common.MetadataManager - Saved metadata to metadata.ser
2025-06-18 19:20:49 [main] INFO  com.fspann.common.MetadataManager - Saved metadata to metadata.ser
2025-06-18 19:20:49 [main] INFO  c.fspann.api.ForwardSecureANNSystem - Insert complete for id=6e00332b-f237-489d-9997-c7778e209451 in 158.5794 ms
2025-06-18 19:20:49 [main] INFO  com.fspann.common.MetadataManager - Saved metadata to metadata.ser
2025-06-18 19:20:49 [main] INFO  com.fspann.common.MetadataManager - Saved metadata to metadata.ser
2025-06-18 19:20:49 [main] INFO  c.fspann.api.ForwardSecureANNSystem - Insert complete for id=6c7df6c5-0353-4fac-a9f0-fb985637cd28 in 159.3739 ms
2025-06-18 19:20:49 [main] INFO  com.fspann.common.MetadataManager - Saved metadata to metadata.ser
2025-06-18 19:20:49 [main] INFO  com.fspann.common.MetadataManager - Saved metadata to metadata.ser
2025-06-18 19:20:49 [main] INFO  c.fspann.api.ForwardSecureANNSystem - Insert complete for id=84e6be02-95a3-44c7-82d7-bc47b1ef83ce in 151.8151 ms
2025-06-18 19:20:49 [main] INFO  com.fspann.common.MetadataManager - Saved metadata to metadata.ser
2025-06-18 19:20:49 [main] INFO  com.fspann.common.MetadataManager - Saved metadata to metadata.ser
2025-06-18 19:20:49 [main] INFO  c.fspann.api.ForwardSecureANNSystem - Insert complete for id=4ccaf970-4253-4ab7-956f-db6d0515014c in 154.0616 ms
2025-06-18 19:20:49 [main] INFO  com.fspann.common.MetadataManager - Saved metadata to metadata.ser
2025-06-18 19:20:49 [main] INFO  com.fspann.common.MetadataManager - Saved metadata to metadata.ser
2025-06-18 19:20:49 [main] INFO  c.fspann.api.ForwardSecureANNSystem - Insert complete for id=2436c8c8-2a19-453a-b948-1ba342971949 in 152.9735 ms
2025-06-18 19:20:50 [main] INFO  com.fspann.common.MetadataManager - Saved metadata to metadata.ser
2025-06-18 19:20:50 [main] INFO  com.fspann.common.MetadataManager - Saved metadata to metadata.ser
2025-06-18 19:20:50 [main] INFO  c.fspann.api.ForwardSecureANNSystem - Insert complete for id=d0411c30-c488-43be-b4ae-8f4652718174 in 159.2301 ms
2025-06-18 19:20:50 [main] INFO  com.fspann.common.MetadataManager - Saved metadata to metadata.ser
2025-06-18 19:20:50 [main] INFO  com.fspann.common.MetadataManager - Saved metadata to metadata.ser
2025-06-18 19:20:50 [main] INFO  c.fspann.api.ForwardSecureANNSystem - Insert complete for id=e991d36e-39be-4bc7-9933-5c8ff5cbc826 in 155.9152 ms
2025-06-18 19:20:50 [main] INFO  com.fspann.common.MetadataManager - Saved metadata to metadata.ser
2025-06-18 19:20:50 [main] INFO  com.fspann.common.MetadataManager - Saved metadata to metadata.ser
2025-06-18 19:20:50 [main] INFO  c.fspann.api.ForwardSecureANNSystem - Insert complete for id=c387acbd-e57e-4fe6-a55c-25a26a37a59b in 164.3492 ms
2025-06-18 19:20:50 [main] INFO  com.fspann.common.MetadataManager - Saved metadata to metadata.ser
2025-06-18 19:20:50 [main] INFO  com.fspann.common.MetadataManager - Saved metadata to metadata.ser
2025-06-18 19:20:50 [main] INFO  c.fspann.api.ForwardSecureANNSystem - Insert complete for id=e6e86422-77a3-4811-9ffe-75c3734e4065 in 151.8054 ms
2025-06-18 19:20:50 [main] INFO  com.fspann.common.MetadataManager - Saved metadata to metadata.ser
2025-06-18 19:20:50 [main] INFO  com.fspann.common.MetadataManager - Saved metadata to metadata.ser
2025-06-18 19:20:50 [main] INFO  c.fspann.api.ForwardSecureANNSystem - Insert complete for id=10ff0a3a-6041-4e3e-92dd-1d77e0a0d7d7 in 151.4982 ms
2025-06-18 19:20:50 [main] INFO  com.fspann.common.MetadataManager - Saved metadata to metadata.ser
2025-06-18 19:20:50 [main] INFO  com.fspann.common.MetadataManager - Saved metadata to metadata.ser
2025-06-18 19:20:50 [main] INFO  c.fspann.api.ForwardSecureANNSystem - Insert complete for id=8267265a-f250-49a7-ad4d-6b4d5b9548ed in 153.0009 ms
2025-06-18 19:20:50 [main] INFO  com.fspann.common.MetadataManager - Saved metadata to metadata.ser
2025-06-18 19:20:51 [main] INFO  com.fspann.common.MetadataManager - Saved metadata to metadata.ser
2025-06-18 19:20:51 [main] INFO  c.fspann.api.ForwardSecureANNSystem - Insert complete for id=96994191-dd60-4b2b-9541-d854d58e7026 in 156.7749 ms
2025-06-18 19:20:51 [main] INFO  com.fspann.common.MetadataManager - Saved metadata to metadata.ser
2025-06-18 19:20:51 [main] INFO  com.fspann.common.MetadataManager - Saved metadata to metadata.ser
2025-06-18 19:20:51 [main] INFO  c.fspann.api.ForwardSecureANNSystem - Insert complete for id=54f530fc-abcf-47eb-a180-6a03daaba583 in 152.4007 ms
2025-06-18 19:20:51 [main] INFO  com.fspann.common.MetadataManager - Saved metadata to metadata.ser
2025-06-18 19:20:51 [main] INFO  com.fspann.common.MetadataManager - Saved metadata to metadata.ser
2025-06-18 19:20:51 [main] INFO  c.fspann.api.ForwardSecureANNSystem - Insert complete for id=4195158b-ee0a-44af-808d-40d37a847ee1 in 150.55 ms
2025-06-18 19:20:51 [main] INFO  com.fspann.common.MetadataManager - Saved metadata to metadata.ser
2025-06-18 19:20:51 [main] INFO  com.fspann.common.MetadataManager - Saved metadata to metadata.ser
2025-06-18 19:20:51 [main] INFO  c.fspann.api.ForwardSecureANNSystem - Insert complete for id=6070552c-1fe7-41d7-95b2-98121da9dfb3 in 156.222 ms
2025-06-18 19:20:51 [main] INFO  com.fspann.common.MetadataManager - Saved metadata to metadata.ser
2025-06-18 19:20:51 [main] INFO  com.fspann.common.MetadataManager - Saved metadata to metadata.ser
2025-06-18 19:20:51 [main] INFO  c.fspann.api.ForwardSecureANNSystem - Insert complete for id=d12c8790-07c2-4158-9dcb-9c29f182b0fc in 151.9889 ms
2025-06-18 19:20:51 [main] INFO  com.fspann.common.MetadataManager - Saved metadata to metadata.ser
2025-06-18 19:20:51 [main] INFO  com.fspann.common.MetadataManager - Saved metadata to metadata.ser
2025-06-18 19:20:51 [main] INFO  c.fspann.api.ForwardSecureANNSystem - Insert complete for id=13f53514-82b4-4b72-bbdc-0eb06584caf9 in 162.0665 ms
2025-06-18 19:20:51 [main] INFO  com.fspann.common.MetadataManager - Saved metadata to metadata.ser
2025-06-18 19:20:51 [main] INFO  com.fspann.common.MetadataManager - Saved metadata to metadata.ser
2025-06-18 19:20:51 [main] INFO  c.fspann.api.ForwardSecureANNSystem - Insert complete for id=d9220d2c-6996-4f5c-9a9d-ff0a409d3ee0 in 152.0264 ms
2025-06-18 19:20:52 [main] INFO  com.fspann.common.MetadataManager - Saved metadata to metadata.ser
2025-06-18 19:20:52 [main] INFO  com.fspann.common.MetadataManager - Saved metadata to metadata.ser
2025-06-18 19:20:52 [main] INFO  c.fspann.api.ForwardSecureANNSystem - Insert complete for id=539a0d38-e02a-4761-9b53-b211de1fbf25 in 153.1907 ms
2025-06-18 19:20:52 [main] INFO  com.fspann.common.MetadataManager - Saved metadata to metadata.ser
2025-06-18 19:20:52 [main] INFO  com.fspann.common.MetadataManager - Saved metadata to metadata.ser
2025-06-18 19:20:52 [main] INFO  c.fspann.api.ForwardSecureANNSystem - Insert complete for id=345b29b6-ba4e-4363-8108-e8ef60e203e6 in 153.609 ms
2025-06-18 19:20:52 [main] INFO  com.fspann.common.MetadataManager - Saved metadata to metadata.ser
2025-06-18 19:20:52 [main] INFO  com.fspann.common.MetadataManager - Saved metadata to metadata.ser
2025-06-18 19:20:52 [main] INFO  c.fspann.api.ForwardSecureANNSystem - Insert complete for id=e4e8e97a-8f72-4211-991b-4af2f3353bf2 in 153.2059 ms
2025-06-18 19:20:52 [main] INFO  com.fspann.common.MetadataManager - Saved metadata to metadata.ser
2025-06-18 19:20:52 [main] INFO  com.fspann.common.MetadataManager - Saved metadata to metadata.ser
2025-06-18 19:20:52 [main] INFO  c.fspann.api.ForwardSecureANNSystem - Insert complete for id=c6ff5ca7-4087-4fc6-a079-daf8d71ec93e in 154.9772 ms
2025-06-18 19:20:52 [main] INFO  com.fspann.common.MetadataManager - Saved metadata to metadata.ser
2025-06-18 19:20:52 [main] INFO  com.fspann.common.MetadataManager - Saved metadata to metadata.ser
2025-06-18 19:20:52 [main] INFO  c.fspann.api.ForwardSecureANNSystem - Insert complete for id=796e3f7d-c3b1-471d-8a88-c19b25984338 in 151.3689 ms
2025-06-18 19:20:52 [main] INFO  com.fspann.common.MetadataManager - Saved metadata to metadata.ser
2025-06-18 19:20:52 [main] INFO  com.fspann.common.MetadataManager - Saved metadata to metadata.ser
2025-06-18 19:20:52 [main] INFO  c.fspann.api.ForwardSecureANNSystem - Insert complete for id=27920813-8c33-473a-92d5-90dc6dc1adba in 153.9772 ms
2025-06-18 19:20:52 [main] INFO  com.fspann.common.MetadataManager - Saved metadata to metadata.ser
2025-06-18 19:20:53 [main] INFO  com.fspann.common.MetadataManager - Saved metadata to metadata.ser
2025-06-18 19:20:53 [main] INFO  c.fspann.api.ForwardSecureANNSystem - Insert complete for id=76f95a15-260d-453d-a3c2-fe60c08eb059 in 155.6595 ms
2025-06-18 19:20:53 [main] INFO  com.fspann.common.MetadataManager - Saved metadata to metadata.ser
2025-06-18 19:20:53 [main] INFO  com.fspann.common.MetadataManager - Saved metadata to metadata.ser
2025-06-18 19:20:53 [main] INFO  c.fspann.api.ForwardSecureANNSystem - Insert complete for id=c351f476-98aa-4669-a9d5-baccc91bd282 in 153.7663 ms
2025-06-18 19:20:53 [main] INFO  com.fspann.common.MetadataManager - Saved metadata to metadata.ser
2025-06-18 19:20:53 [main] INFO  com.fspann.common.MetadataManager - Saved metadata to metadata.ser
2025-06-18 19:20:53 [main] INFO  c.fspann.api.ForwardSecureANNSystem - Insert complete for id=9244cb53-eaa3-49aa-b9a4-0e10db491ee2 in 155.9929 ms
2025-06-18 19:20:53 [main] INFO  com.fspann.common.MetadataManager - Saved metadata to metadata.ser
2025-06-18 19:20:53 [main] INFO  com.fspann.common.MetadataManager - Saved metadata to metadata.ser
2025-06-18 19:20:53 [main] INFO  c.fspann.api.ForwardSecureANNSystem - Insert complete for id=0032ce71-88fa-4aeb-9bb5-248896627f15 in 153.4649 ms
2025-06-18 19:20:53 [main] INFO  com.fspann.common.MetadataManager - Saved metadata to metadata.ser
2025-06-18 19:20:53 [main] INFO  com.fspann.common.MetadataManager - Saved metadata to metadata.ser
2025-06-18 19:20:53 [main] INFO  c.fspann.api.ForwardSecureANNSystem - Insert complete for id=e603b52b-c29f-4a08-915b-8acbb5991a57 in 155.3091 ms
2025-06-18 19:20:53 [main] INFO  com.fspann.common.MetadataManager - Saved metadata to metadata.ser
2025-06-18 19:20:53 [main] INFO  com.fspann.common.MetadataManager - Saved metadata to metadata.ser
2025-06-18 19:20:53 [main] INFO  c.fspann.api.ForwardSecureANNSystem - Insert complete for id=3c3ee872-56fb-4a48-9755-cddc17921e84 in 155.5015 ms
2025-06-18 19:20:53 [main] INFO  com.fspann.common.MetadataManager - Saved metadata to metadata.ser
2025-06-18 19:20:54 [main] INFO  com.fspann.common.MetadataManager - Saved metadata to metadata.ser
2025-06-18 19:20:54 [main] INFO  c.fspann.api.ForwardSecureANNSystem - Insert complete for id=733f23ed-f3fa-4614-8a9d-bfa6dba7d558 in 152.9734 ms
2025-06-18 19:20:54 [main] INFO  com.fspann.common.MetadataManager - Saved metadata to metadata.ser
2025-06-18 19:20:54 [main] INFO  com.fspann.common.MetadataManager - Saved metadata to metadata.ser
2025-06-18 19:20:54 [main] INFO  c.fspann.api.ForwardSecureANNSystem - Insert complete for id=9f87f835-95e3-41be-bcf0-7773700537b5 in 161.4828 ms
2025-06-18 19:20:54 [main] INFO  com.fspann.common.MetadataManager - Saved metadata to metadata.ser
2025-06-18 19:20:54 [main] INFO  com.fspann.common.MetadataManager - Saved metadata to metadata.ser
2025-06-18 19:20:54 [main] INFO  c.fspann.api.ForwardSecureANNSystem - Insert complete for id=32c1f1d3-8cd7-4467-82a9-e43704410f43 in 155.9689 ms
2025-06-18 19:20:54 [main] INFO  com.fspann.common.MetadataManager - Saved metadata to metadata.ser
2025-06-18 19:20:54 [main] INFO  com.fspann.common.MetadataManager - Saved metadata to metadata.ser
2025-06-18 19:20:54 [main] INFO  c.fspann.api.ForwardSecureANNSystem - Insert complete for id=78e02915-dc88-4ca1-a11f-01e3a982357e in 153.1649 ms
2025-06-18 19:20:54 [main] INFO  com.fspann.common.MetadataManager - Saved metadata to metadata.ser
2025-06-18 19:20:54 [main] INFO  com.fspann.common.MetadataManager - Saved metadata to metadata.ser
2025-06-18 19:20:54 [main] INFO  c.fspann.api.ForwardSecureANNSystem - Insert complete for id=479681ac-0fc5-4350-a8b1-170987cb1cc2 in 154.4778 ms
2025-06-18 19:20:54 [main] INFO  com.fspann.common.MetadataManager - Saved metadata to metadata.ser
2025-06-18 19:20:54 [main] INFO  com.fspann.common.MetadataManager - Saved metadata to metadata.ser
2025-06-18 19:20:54 [main] INFO  c.fspann.api.ForwardSecureANNSystem - Insert complete for id=f0a138b1-8545-4a30-9919-a365febf11bd in 156.186 ms
2025-06-18 19:20:54 [main] INFO  com.fspann.common.MetadataManager - Saved metadata to metadata.ser
2025-06-18 19:20:54 [main] INFO  com.fspann.common.MetadataManager - Saved metadata to metadata.ser
2025-06-18 19:20:54 [main] INFO  c.fspann.api.ForwardSecureANNSystem - Insert complete for id=9d0ac88c-92e4-4462-8a10-7fd646d7c51f in 156.8954 ms
2025-06-18 19:20:55 [main] INFO  com.fspann.common.MetadataManager - Saved metadata to metadata.ser
2025-06-18 19:20:55 [main] INFO  com.fspann.common.MetadataManager - Saved metadata to metadata.ser
2025-06-18 19:20:55 [main] INFO  c.fspann.api.ForwardSecureANNSystem - Insert complete for id=52ed0b82-a9d9-432c-8660-6ccd076efe0b in 154.9837 ms
2025-06-18 19:20:55 [main] INFO  com.fspann.common.MetadataManager - Saved metadata to metadata.ser
2025-06-18 19:20:55 [main] INFO  com.fspann.common.MetadataManager - Saved metadata to metadata.ser
2025-06-18 19:20:55 [main] INFO  c.fspann.api.ForwardSecureANNSystem - Insert complete for id=7fe54adc-a14a-43a9-9560-c84c011fe872 in 153.6882 ms
2025-06-18 19:20:55 [main] INFO  com.fspann.common.MetadataManager - Saved metadata to metadata.ser
2025-06-18 19:20:55 [main] INFO  com.fspann.common.MetadataManager - Saved metadata to metadata.ser
2025-06-18 19:20:55 [main] INFO  c.fspann.api.ForwardSecureANNSystem - Insert complete for id=64fce1fc-1b5a-42cd-8456-99b00c3eda8f in 158.8055 ms
2025-06-18 19:20:55 [main] INFO  com.fspann.common.MetadataManager - Saved metadata to metadata.ser
2025-06-18 19:20:55 [main] INFO  com.fspann.common.MetadataManager - Saved metadata to metadata.ser
2025-06-18 19:20:55 [main] INFO  c.fspann.api.ForwardSecureANNSystem - Insert complete for id=5f3bf8d0-cc34-4c4a-bc19-7b30468af640 in 155.8588 ms
2025-06-18 19:20:55 [main] INFO  com.fspann.common.MetadataManager - Saved metadata to metadata.ser
2025-06-18 19:20:55 [main] INFO  com.fspann.common.MetadataManager - Saved metadata to metadata.ser
2025-06-18 19:20:55 [main] INFO  c.fspann.api.ForwardSecureANNSystem - Insert complete for id=25f8083c-87b5-4cc5-9b58-42784de5ed9e in 155.9908 ms
2025-06-18 19:20:55 [main] INFO  com.fspann.common.MetadataManager - Saved metadata to metadata.ser
2025-06-18 19:20:55 [main] INFO  com.fspann.common.MetadataManager - Saved metadata to metadata.ser
2025-06-18 19:20:55 [main] INFO  c.fspann.api.ForwardSecureANNSystem - Insert complete for id=1a9ea8ef-dc27-4f9c-8d79-a3ecc2c686ce in 156.6714 ms
2025-06-18 19:20:55 [main] INFO  com.fspann.common.MetadataManager - Saved metadata to metadata.ser
2025-06-18 19:20:56 [main] INFO  com.fspann.common.MetadataManager - Saved metadata to metadata.ser
2025-06-18 19:20:56 [main] INFO  c.fspann.api.ForwardSecureANNSystem - Insert complete for id=2609df0e-6246-4440-a4ba-af19cbaceab1 in 155.7856 ms
2025-06-18 19:20:56 [main] INFO  com.fspann.common.MetadataManager - Saved metadata to metadata.ser
2025-06-18 19:20:56 [main] INFO  com.fspann.common.MetadataManager - Saved metadata to metadata.ser
2025-06-18 19:20:56 [main] INFO  c.fspann.api.ForwardSecureANNSystem - Insert complete for id=26b54bd5-f9b2-4c40-8821-eac8b06b8d44 in 155.3141 ms
2025-06-18 19:20:56 [main] INFO  com.fspann.common.MetadataManager - Saved metadata to metadata.ser
2025-06-18 19:20:56 [main] INFO  com.fspann.common.MetadataManager - Saved metadata to metadata.ser
2025-06-18 19:20:56 [main] INFO  c.fspann.api.ForwardSecureANNSystem - Insert complete for id=067f792f-94cc-4ed3-977c-0783da174579 in 155.4777 ms
2025-06-18 19:20:56 [main] INFO  com.fspann.common.MetadataManager - Saved metadata to metadata.ser
2025-06-18 19:20:56 [main] INFO  com.fspann.common.MetadataManager - Saved metadata to metadata.ser
2025-06-18 19:20:56 [main] INFO  c.fspann.api.ForwardSecureANNSystem - Insert complete for id=98a704af-61aa-45fa-8656-0b87abce8f4d in 155.2302 ms
2025-06-18 19:20:56 [main] INFO  com.fspann.common.MetadataManager - Saved metadata to metadata.ser
2025-06-18 19:20:56 [main] INFO  com.fspann.common.MetadataManager - Saved metadata to metadata.ser
2025-06-18 19:20:56 [main] INFO  c.fspann.api.ForwardSecureANNSystem - Insert complete for id=2ae19093-5c49-43b9-9757-00261dca0429 in 156.1803 ms
2025-06-18 19:20:56 [main] INFO  com.fspann.common.MetadataManager - Saved metadata to metadata.ser
2025-06-18 19:20:56 [main] INFO  com.fspann.common.MetadataManager - Saved metadata to metadata.ser
2025-06-18 19:20:56 [main] INFO  c.fspann.api.ForwardSecureANNSystem - Insert complete for id=0de511b8-aed0-4599-93e9-cd86af23fa69 in 153.7565 ms
2025-06-18 19:20:56 [main] INFO  com.fspann.common.MetadataManager - Saved metadata to metadata.ser
2025-06-18 19:20:56 [main] INFO  com.fspann.common.MetadataManager - Saved metadata to metadata.ser
2025-06-18 19:20:56 [main] INFO  c.fspann.api.ForwardSecureANNSystem - Insert complete for id=290ead6c-02e2-461b-b8b3-6fd7293db19d in 153.9268 ms
2025-06-18 19:20:57 [main] INFO  com.fspann.common.MetadataManager - Saved metadata to metadata.ser
2025-06-18 19:20:57 [main] INFO  com.fspann.common.MetadataManager - Saved metadata to metadata.ser
2025-06-18 19:20:57 [main] INFO  c.fspann.api.ForwardSecureANNSystem - Insert complete for id=172202f6-a044-4e74-9dff-494e74f042eb in 157.439 ms
2025-06-18 19:20:57 [main] INFO  com.fspann.common.MetadataManager - Saved metadata to metadata.ser
2025-06-18 19:20:57 [main] INFO  com.fspann.common.MetadataManager - Saved metadata to metadata.ser
2025-06-18 19:20:57 [main] INFO  c.fspann.api.ForwardSecureANNSystem - Insert complete for id=634228fb-d255-4350-9a62-cac02bcb704a in 161.1248 ms
2025-06-18 19:20:57 [main] INFO  com.fspann.common.MetadataManager - Saved metadata to metadata.ser
2025-06-18 19:20:57 [main] INFO  com.fspann.common.MetadataManager - Saved metadata to metadata.ser
2025-06-18 19:20:57 [main] INFO  c.fspann.api.ForwardSecureANNSystem - Insert complete for id=9510a1ca-6bbd-4e55-96c6-c42b81159c19 in 154.7425 ms
2025-06-18 19:20:57 [main] INFO  com.fspann.common.MetadataManager - Saved metadata to metadata.ser
2025-06-18 19:20:57 [main] INFO  com.fspann.common.MetadataManager - Saved metadata to metadata.ser
2025-06-18 19:20:57 [main] INFO  c.fspann.api.ForwardSecureANNSystem - Insert complete for id=54edbd26-69e2-4de5-8fc9-84ab538ec040 in 153.6439 ms
2025-06-18 19:20:57 [main] INFO  com.fspann.common.MetadataManager - Saved metadata to metadata.ser
2025-06-18 19:20:57 [main] INFO  com.fspann.common.MetadataManager - Saved metadata to metadata.ser
2025-06-18 19:20:57 [main] INFO  c.fspann.api.ForwardSecureANNSystem - Insert complete for id=77c579a4-f5d0-4892-84b4-a7be10f4af39 in 160.3688 ms
2025-06-18 19:20:57 [main] INFO  com.fspann.common.MetadataManager - Saved metadata to metadata.ser
2025-06-18 19:20:57 [main] INFO  com.fspann.common.MetadataManager - Saved metadata to metadata.ser
2025-06-18 19:20:57 [main] INFO  c.fspann.api.ForwardSecureANNSystem - Insert complete for id=bda83e50-e813-4994-9c23-fb87579f3ce3 in 151.9139 ms
2025-06-18 19:20:57 [main] INFO  com.fspann.common.MetadataManager - Saved metadata to metadata.ser
2025-06-18 19:20:58 [main] INFO  com.fspann.common.MetadataManager - Saved metadata to metadata.ser
2025-06-18 19:20:58 [main] INFO  c.fspann.api.ForwardSecureANNSystem - Insert complete for id=4c8109de-b8b1-4b64-a148-f5739d2537f8 in 155.4911 ms
2025-06-18 19:20:58 [main] INFO  com.fspann.common.MetadataManager - Saved metadata to metadata.ser
2025-06-18 19:20:58 [main] INFO  com.fspann.common.MetadataManager - Saved metadata to metadata.ser
2025-06-18 19:20:58 [main] INFO  c.fspann.api.ForwardSecureANNSystem - Insert complete for id=ebad1f3d-4ccc-4a93-9bdc-60da9efa81ec in 159.3237 ms
2025-06-18 19:20:58 [main] INFO  com.fspann.common.MetadataManager - Saved metadata to metadata.ser
2025-06-18 19:20:58 [main] INFO  com.fspann.common.MetadataManager - Saved metadata to metadata.ser
2025-06-18 19:20:58 [main] INFO  c.fspann.api.ForwardSecureANNSystem - Insert complete for id=42f92357-d9cc-4b98-973c-6caf573a4f2a in 155.4306 ms
2025-06-18 19:20:58 [main] INFO  com.fspann.common.MetadataManager - Saved metadata to metadata.ser
2025-06-18 19:20:58 [main] INFO  com.fspann.common.MetadataManager - Saved metadata to metadata.ser
2025-06-18 19:20:58 [main] INFO  c.fspann.api.ForwardSecureANNSystem - Insert complete for id=8d493aa7-f62e-4962-b8ae-f7b65a9a74a0 in 157.4607 ms
2025-06-18 19:20:58 [main] INFO  com.fspann.common.MetadataManager - Saved metadata to metadata.ser
2025-06-18 19:20:58 [main] INFO  com.fspann.common.MetadataManager - Saved metadata to metadata.ser
2025-06-18 19:20:58 [main] INFO  c.fspann.api.ForwardSecureANNSystem - Insert complete for id=c6ff4096-0af0-46bd-8271-8c237334e545 in 156.3697 ms
2025-06-18 19:20:58 [main] INFO  com.fspann.common.MetadataManager - Saved metadata to metadata.ser
2025-06-18 19:20:58 [main] INFO  com.fspann.common.MetadataManager - Saved metadata to metadata.ser
2025-06-18 19:20:58 [main] INFO  c.fspann.api.ForwardSecureANNSystem - Insert complete for id=074e5a20-ee6a-44af-aead-de6ccda77182 in 155.6074 ms
2025-06-18 19:20:58 [main] INFO  com.fspann.common.MetadataManager - Saved metadata to metadata.ser
2025-06-18 19:20:58 [main] INFO  com.fspann.common.MetadataManager - Saved metadata to metadata.ser
2025-06-18 19:20:58 [main] INFO  c.fspann.api.ForwardSecureANNSystem - Insert complete for id=764c53ca-1a20-4fae-ad34-9b20d375d064 in 156.6291 ms
2025-06-18 19:20:59 [main] INFO  com.fspann.common.MetadataManager - Saved metadata to metadata.ser
2025-06-18 19:20:59 [main] INFO  com.fspann.common.MetadataManager - Saved metadata to metadata.ser
2025-06-18 19:20:59 [main] INFO  c.fspann.api.ForwardSecureANNSystem - Insert complete for id=bbfdfeb7-7b27-450c-988c-60d7831be9eb in 155.7964 ms
2025-06-18 19:20:59 [main] INFO  com.fspann.common.MetadataManager - Saved metadata to metadata.ser
2025-06-18 19:20:59 [main] INFO  com.fspann.common.MetadataManager - Saved metadata to metadata.ser
2025-06-18 19:20:59 [main] INFO  c.fspann.api.ForwardSecureANNSystem - Insert complete for id=b778de80-1021-40a7-8673-6541cd8daf2d in 158.9078 ms
2025-06-18 19:20:59 [main] INFO  com.fspann.common.MetadataManager - Saved metadata to metadata.ser
2025-06-18 19:20:59 [main] INFO  com.fspann.common.MetadataManager - Saved metadata to metadata.ser
2025-06-18 19:20:59 [main] INFO  c.fspann.api.ForwardSecureANNSystem - Insert complete for id=549428d8-a4fa-4671-83b9-8a80a415fbdb in 154.6706 ms
2025-06-18 19:20:59 [main] INFO  com.fspann.common.MetadataManager - Saved metadata to metadata.ser
2025-06-18 19:20:59 [main] INFO  com.fspann.common.MetadataManager - Saved metadata to metadata.ser
2025-06-18 19:20:59 [main] INFO  c.fspann.api.ForwardSecureANNSystem - Insert complete for id=43ea852d-ac86-44fe-b5aa-e020aa01f31b in 157.4986 ms
2025-06-18 19:20:59 [main] INFO  com.fspann.common.MetadataManager - Saved metadata to metadata.ser
2025-06-18 19:20:59 [main] INFO  com.fspann.common.MetadataManager - Saved metadata to metadata.ser
2025-06-18 19:20:59 [main] INFO  c.fspann.api.ForwardSecureANNSystem - Insert complete for id=d9d96f7c-1f3c-4660-8f4c-83021918eedf in 159.1749 ms
2025-06-18 19:20:59 [main] INFO  com.fspann.common.MetadataManager - Saved metadata to metadata.ser
2025-06-18 19:20:59 [main] INFO  com.fspann.common.MetadataManager - Saved metadata to metadata.ser
2025-06-18 19:20:59 [main] INFO  c.fspann.api.ForwardSecureANNSystem - Insert complete for id=fb8a59f3-83b4-4156-9b5b-aaff493fcd39 in 158.3876 ms
2025-06-18 19:21:00 [main] INFO  com.fspann.common.MetadataManager - Saved metadata to metadata.ser
2025-06-18 19:21:00 [main] INFO  com.fspann.common.MetadataManager - Saved metadata to metadata.ser
2025-06-18 19:21:00 [main] INFO  c.fspann.api.ForwardSecureANNSystem - Insert complete for id=2fb44cb2-77b0-4c77-ad80-e26ecb700cac in 163.4813 ms
2025-06-18 19:21:00 [main] INFO  com.fspann.common.MetadataManager - Saved metadata to metadata.ser
2025-06-18 19:21:00 [main] INFO  com.fspann.common.MetadataManager - Saved metadata to metadata.ser
2025-06-18 19:21:00 [main] INFO  c.fspann.api.ForwardSecureANNSystem - Insert complete for id=94dcefdf-9f2a-4523-a198-e87fa0ff78da in 154.7057 ms
2025-06-18 19:21:00 [main] INFO  com.fspann.common.MetadataManager - Saved metadata to metadata.ser
2025-06-18 19:21:00 [main] INFO  com.fspann.common.MetadataManager - Saved metadata to metadata.ser
2025-06-18 19:21:00 [main] INFO  c.fspann.api.ForwardSecureANNSystem - Insert complete for id=6f2ca8db-5e6d-4165-8ac9-d6037f9081cc in 157.0519 ms
2025-06-18 19:21:00 [main] INFO  com.fspann.common.MetadataManager - Saved metadata to metadata.ser
2025-06-18 19:21:00 [main] INFO  com.fspann.common.MetadataManager - Saved metadata to metadata.ser
2025-06-18 19:21:00 [main] INFO  c.fspann.api.ForwardSecureANNSystem - Insert complete for id=ed7d45e1-02a2-4c7f-afc8-9cd363958a98 in 159.7988 ms
2025-06-18 19:21:00 [main] INFO  com.fspann.common.MetadataManager - Saved metadata to metadata.ser
2025-06-18 19:21:00 [main] INFO  com.fspann.common.MetadataManager - Saved metadata to metadata.ser
2025-06-18 19:21:00 [main] INFO  c.fspann.api.ForwardSecureANNSystem - Insert complete for id=f49061bc-5a61-4d73-a8a6-c534ad84c7f4 in 155.8661 ms
2025-06-18 19:21:00 [main] INFO  com.fspann.common.MetadataManager - Saved metadata to metadata.ser
2025-06-18 19:21:00 [main] INFO  com.fspann.common.MetadataManager - Saved metadata to metadata.ser
2025-06-18 19:21:00 [main] INFO  c.fspann.api.ForwardSecureANNSystem - Insert complete for id=fb08dc58-a7aa-43ee-95e5-66c7751dce7f in 156.5459 ms
2025-06-18 19:21:00 [main] INFO  com.fspann.common.MetadataManager - Saved metadata to metadata.ser
2025-06-18 19:21:01 [main] INFO  com.fspann.common.MetadataManager - Saved metadata to metadata.ser
2025-06-18 19:21:01 [main] INFO  c.fspann.api.ForwardSecureANNSystem - Insert complete for id=b30ab4a1-6af8-44aa-b67b-097545421bdb in 157.7563 ms
2025-06-18 19:21:01 [main] INFO  com.fspann.common.MetadataManager - Saved metadata to metadata.ser
2025-06-18 19:21:01 [main] INFO  com.fspann.common.MetadataManager - Saved metadata to metadata.ser
2025-06-18 19:21:01 [main] INFO  c.fspann.api.ForwardSecureANNSystem - Insert complete for id=fa431a74-9fdb-4d6b-b692-eb383d40d1bd in 157.4316 ms
2025-06-18 19:21:01 [main] INFO  com.fspann.common.MetadataManager - Saved metadata to metadata.ser
2025-06-18 19:21:01 [main] INFO  com.fspann.common.MetadataManager - Saved metadata to metadata.ser
2025-06-18 19:21:01 [main] INFO  c.fspann.api.ForwardSecureANNSystem - Insert complete for id=f7cd440c-3730-4bab-9708-edb705e82d1b in 163.6302 ms
2025-06-18 19:21:01 [main] INFO  com.fspann.common.MetadataManager - Saved metadata to metadata.ser
2025-06-18 19:21:01 [main] INFO  com.fspann.common.MetadataManager - Saved metadata to metadata.ser
2025-06-18 19:21:01 [main] INFO  c.fspann.api.ForwardSecureANNSystem - Insert complete for id=d0b7439b-c5bd-443a-91f9-6c1e3cfc528f in 156.7656 ms
2025-06-18 19:21:01 [main] INFO  com.fspann.common.MetadataManager - Saved metadata to metadata.ser
2025-06-18 19:21:01 [main] INFO  com.fspann.common.MetadataManager - Saved metadata to metadata.ser
2025-06-18 19:21:01 [main] INFO  c.fspann.api.ForwardSecureANNSystem - Insert complete for id=fc700520-40e6-4136-a2c4-5a751cb5bea9 in 155.0094 ms
2025-06-18 19:21:01 [main] INFO  com.fspann.common.MetadataManager - Saved metadata to metadata.ser
2025-06-18 19:21:01 [main] INFO  com.fspann.common.MetadataManager - Saved metadata to metadata.ser
2025-06-18 19:21:01 [main] INFO  c.fspann.api.ForwardSecureANNSystem - Insert complete for id=833e168d-2ebb-4c23-95be-7e9156601548 in 155.988 ms
2025-06-18 19:21:01 [main] INFO  com.fspann.common.MetadataManager - Saved metadata to metadata.ser
2025-06-18 19:21:01 [main] INFO  com.fspann.common.MetadataManager - Saved metadata to metadata.ser
2025-06-18 19:21:01 [main] INFO  c.fspann.api.ForwardSecureANNSystem - Insert complete for id=e1cd3b0a-d2bc-4b87-9382-80936da158ce in 154.8197 ms
2025-06-18 19:21:02 [main] INFO  com.fspann.common.MetadataManager - Saved metadata to metadata.ser
2025-06-18 19:21:02 [main] INFO  com.fspann.common.MetadataManager - Saved metadata to metadata.ser
2025-06-18 19:21:02 [main] INFO  c.fspann.api.ForwardSecureANNSystem - Insert complete for id=3658e1cf-dd9a-42b0-922a-26210fb6f530 in 153.3687 ms
2025-06-18 19:21:02 [main] INFO  com.fspann.common.MetadataManager - Saved metadata to metadata.ser
2025-06-18 19:21:02 [main] INFO  com.fspann.common.MetadataManager - Saved metadata to metadata.ser
2025-06-18 19:21:02 [main] INFO  c.fspann.api.ForwardSecureANNSystem - Insert complete for id=8c07c1ab-a2f5-4787-9da8-7af1c1286986 in 164.4667 ms
2025-06-18 19:21:02 [main] INFO  com.fspann.common.MetadataManager - Saved metadata to metadata.ser
2025-06-18 19:21:02 [main] INFO  com.fspann.common.MetadataManager - Saved metadata to metadata.ser
2025-06-18 19:21:02 [main] INFO  c.fspann.api.ForwardSecureANNSystem - Insert complete for id=20ed924c-129e-44f2-8081-d57119c8b78c in 155.2781 ms
2025-06-18 19:21:02 [main] INFO  com.fspann.common.MetadataManager - Saved metadata to metadata.ser
2025-06-18 19:21:02 [main] INFO  com.fspann.common.MetadataManager - Saved metadata to metadata.ser
2025-06-18 19:21:02 [main] INFO  c.fspann.api.ForwardSecureANNSystem - Insert complete for id=0467140a-aff7-4b9c-96e5-8816c19662fc in 154.1117 ms
2025-06-18 19:21:02 [main] INFO  com.fspann.common.MetadataManager - Saved metadata to metadata.ser
2025-06-18 19:21:02 [main] INFO  com.fspann.common.MetadataManager - Saved metadata to metadata.ser
2025-06-18 19:21:02 [main] INFO  c.fspann.api.ForwardSecureANNSystem - Insert complete for id=af430e46-3e55-4a9b-b51b-4ebc8d94d9cd in 156.6538 ms
2025-06-18 19:21:02 [main] INFO  com.fspann.common.MetadataManager - Saved metadata to metadata.ser
2025-06-18 19:21:02 [main] INFO  com.fspann.common.MetadataManager - Saved metadata to metadata.ser
2025-06-18 19:21:02 [main] INFO  c.fspann.api.ForwardSecureANNSystem - Insert complete for id=cb5c3809-5ca5-4348-a4fc-33164b110717 in 153.0067 ms
2025-06-18 19:21:03 [main] INFO  com.fspann.common.MetadataManager - Saved metadata to metadata.ser
2025-06-18 19:21:03 [main] INFO  com.fspann.common.MetadataManager - Saved metadata to metadata.ser
2025-06-18 19:21:03 [main] INFO  c.fspann.api.ForwardSecureANNSystem - Insert complete for id=3784dff0-cb7a-4b10-aae6-3d7575a2e451 in 159.5548 ms
2025-06-18 19:21:03 [main] INFO  com.fspann.common.MetadataManager - Saved metadata to metadata.ser
2025-06-18 19:21:03 [main] INFO  com.fspann.common.MetadataManager - Saved metadata to metadata.ser
2025-06-18 19:21:03 [main] INFO  c.fspann.api.ForwardSecureANNSystem - Insert complete for id=897890a4-9bfc-4257-b129-b092d698709b in 155.6329 ms
2025-06-18 19:21:03 [main] INFO  com.fspann.common.MetadataManager - Saved metadata to metadata.ser
2025-06-18 19:21:03 [main] INFO  com.fspann.common.MetadataManager - Saved metadata to metadata.ser
2025-06-18 19:21:03 [main] INFO  c.fspann.api.ForwardSecureANNSystem - Insert complete for id=2e2b389e-705f-4d5c-a937-b3f5c9c26467 in 155.3836 ms
2025-06-18 19:21:03 [main] INFO  com.fspann.common.MetadataManager - Saved metadata to metadata.ser
2025-06-18 19:21:03 [main] INFO  com.fspann.common.MetadataManager - Saved metadata to metadata.ser
2025-06-18 19:21:03 [main] INFO  c.fspann.api.ForwardSecureANNSystem - Insert complete for id=ee1d009c-5c92-4cc8-8867-4bf4f3c739d6 in 154.7605 ms
2025-06-18 19:21:03 [main] INFO  com.fspann.common.MetadataManager - Saved metadata to metadata.ser
2025-06-18 19:21:03 [main] INFO  com.fspann.common.MetadataManager - Saved metadata to metadata.ser
2025-06-18 19:21:03 [main] INFO  c.fspann.api.ForwardSecureANNSystem - Insert complete for id=c9c660b6-95bb-48b3-8379-df69ac395671 in 160.4387 ms
2025-06-18 19:21:03 [main] INFO  com.fspann.common.MetadataManager - Saved metadata to metadata.ser
2025-06-18 19:21:03 [main] INFO  com.fspann.common.MetadataManager - Saved metadata to metadata.ser
2025-06-18 19:21:03 [main] INFO  c.fspann.api.ForwardSecureANNSystem - Insert complete for id=777e3945-3251-4d9d-a943-164fecf1f6b9 in 154.7477 ms
2025-06-18 19:21:03 [main] INFO  com.fspann.common.MetadataManager - Saved metadata to metadata.ser
2025-06-18 19:21:04 [main] INFO  com.fspann.common.MetadataManager - Saved metadata to metadata.ser
2025-06-18 19:21:04 [main] INFO  c.fspann.api.ForwardSecureANNSystem - Insert complete for id=42c34fc1-5e26-4dbc-a0df-945c21166d98 in 157.857 ms
2025-06-18 19:21:04 [main] INFO  com.fspann.common.MetadataManager - Saved metadata to metadata.ser
2025-06-18 19:21:04 [main] INFO  com.fspann.common.MetadataManager - Saved metadata to metadata.ser
2025-06-18 19:21:04 [main] INFO  c.fspann.api.ForwardSecureANNSystem - Insert complete for id=f17bb5c7-4daf-4bc8-bddd-ef332e26c6ab in 162.3724 ms
2025-06-18 19:21:04 [main] INFO  com.fspann.common.MetadataManager - Saved metadata to metadata.ser
2025-06-18 19:21:04 [main] INFO  com.fspann.common.MetadataManager - Saved metadata to metadata.ser
2025-06-18 19:21:04 [main] INFO  c.fspann.api.ForwardSecureANNSystem - Insert complete for id=7abf3d65-cf7d-493e-b62d-01cd0c7de68a in 157.41 ms
2025-06-18 19:21:04 [main] INFO  com.fspann.common.MetadataManager - Saved metadata to metadata.ser
2025-06-18 19:21:04 [main] INFO  com.fspann.common.MetadataManager - Saved metadata to metadata.ser
2025-06-18 19:21:04 [main] INFO  c.fspann.api.ForwardSecureANNSystem - Insert complete for id=1ddda4a9-ee11-4497-8f81-43d0fa5cec7f in 153.6666 ms
2025-06-18 19:21:04 [main] INFO  com.fspann.common.MetadataManager - Saved metadata to metadata.ser
2025-06-18 19:21:04 [main] INFO  com.fspann.common.MetadataManager - Saved metadata to metadata.ser
2025-06-18 19:21:04 [main] INFO  c.fspann.api.ForwardSecureANNSystem - Insert complete for id=17db52c0-e2ea-4673-b4b1-676b72969f1c in 153.0641 ms
2025-06-18 19:21:04 [main] INFO  com.fspann.common.MetadataManager - Saved metadata to metadata.ser
2025-06-18 19:21:04 [main] INFO  com.fspann.common.MetadataManager - Saved metadata to metadata.ser
2025-06-18 19:21:04 [main] INFO  c.fspann.api.ForwardSecureANNSystem - Insert complete for id=267c85c7-4aa4-4e92-a6ef-cc31610226ac in 156.323 ms
2025-06-18 19:21:04 [main] INFO  com.fspann.common.MetadataManager - Saved metadata to metadata.ser
2025-06-18 19:21:04 [main] INFO  com.fspann.common.MetadataManager - Saved metadata to metadata.ser
2025-06-18 19:21:04 [main] INFO  c.fspann.api.ForwardSecureANNSystem - Insert complete for id=3f227b19-c5ab-42d3-a83f-9d85e6433ce9 in 157.764 ms
2025-06-18 19:21:05 [main] INFO  com.fspann.common.MetadataManager - Saved metadata to metadata.ser
2025-06-18 19:21:05 [main] INFO  com.fspann.common.MetadataManager - Saved metadata to metadata.ser
2025-06-18 19:21:05 [main] INFO  c.fspann.api.ForwardSecureANNSystem - Insert complete for id=98119169-23da-4c31-bbaa-b6d22300cab6 in 156.0789 ms
2025-06-18 19:21:05 [main] INFO  com.fspann.common.MetadataManager - Saved metadata to metadata.ser
2025-06-18 19:21:05 [main] INFO  com.fspann.common.MetadataManager - Saved metadata to metadata.ser
2025-06-18 19:21:05 [main] INFO  c.fspann.api.ForwardSecureANNSystem - Insert complete for id=219a2163-d243-4807-b69a-ea09fe7c775a in 157.7808 ms
2025-06-18 19:21:05 [main] INFO  com.fspann.common.MetadataManager - Saved metadata to metadata.ser
2025-06-18 19:21:05 [main] INFO  com.fspann.common.MetadataManager - Saved metadata to metadata.ser
2025-06-18 19:21:05 [main] INFO  c.fspann.api.ForwardSecureANNSystem - Insert complete for id=eef279a6-24cd-4c8f-a3d7-6595df2ec050 in 161.6884 ms
2025-06-18 19:21:05 [main] INFO  com.fspann.common.MetadataManager - Saved metadata to metadata.ser
2025-06-18 19:21:05 [main] INFO  com.fspann.common.MetadataManager - Saved metadata to metadata.ser
2025-06-18 19:21:05 [main] INFO  c.fspann.api.ForwardSecureANNSystem - Insert complete for id=7a063d42-a796-4c06-b256-a9f2bfe7236b in 155.467 ms
2025-06-18 19:21:05 [main] INFO  com.fspann.common.MetadataManager - Saved metadata to metadata.ser
2025-06-18 19:21:05 [main] INFO  com.fspann.common.MetadataManager - Saved metadata to metadata.ser
2025-06-18 19:21:05 [main] INFO  c.fspann.api.ForwardSecureANNSystem - Insert complete for id=aea16902-4f40-4e67-a161-878fece0229d in 158.2331 ms
2025-06-18 19:21:05 [main] INFO  com.fspann.common.MetadataManager - Saved metadata to metadata.ser
2025-06-18 19:21:05 [main] INFO  com.fspann.common.MetadataManager - Saved metadata to metadata.ser
2025-06-18 19:21:05 [main] INFO  c.fspann.api.ForwardSecureANNSystem - Insert complete for id=697c0161-11a9-4b71-950c-97f003bbbe6b in 157.6995 ms
2025-06-18 19:21:05 [main] INFO  com.fspann.common.MetadataManager - Saved metadata to metadata.ser
2025-06-18 19:21:06 [main] INFO  com.fspann.common.MetadataManager - Saved metadata to metadata.ser
2025-06-18 19:21:06 [main] INFO  c.fspann.api.ForwardSecureANNSystem - Insert complete for id=b8e2a7b5-cdba-4b23-8bb7-882dfe0d391e in 154.0262 ms
2025-06-18 19:21:06 [main] INFO  com.fspann.common.MetadataManager - Saved metadata to metadata.ser
2025-06-18 19:21:06 [main] INFO  com.fspann.common.MetadataManager - Saved metadata to metadata.ser
2025-06-18 19:21:06 [main] INFO  c.fspann.api.ForwardSecureANNSystem - Insert complete for id=0fdbf6b5-61dc-4297-b3fa-3925779d8cdd in 159.8809 ms
2025-06-18 19:21:06 [main] INFO  com.fspann.common.MetadataManager - Saved metadata to metadata.ser
2025-06-18 19:21:06 [main] INFO  com.fspann.common.MetadataManager - Saved metadata to metadata.ser
2025-06-18 19:21:06 [main] INFO  c.fspann.api.ForwardSecureANNSystem - Insert complete for id=9f209b62-6333-43aa-bb20-8f9cb09455d1 in 157.2485 ms
2025-06-18 19:21:06 [main] INFO  com.fspann.common.MetadataManager - Saved metadata to metadata.ser
2025-06-18 19:21:06 [main] INFO  com.fspann.common.MetadataManager - Saved metadata to metadata.ser
2025-06-18 19:21:06 [main] INFO  c.fspann.api.ForwardSecureANNSystem - Insert complete for id=0d672629-e91b-40df-8d8f-e26f5d1fb851 in 155.9191 ms
2025-06-18 19:21:06 [main] INFO  com.fspann.common.MetadataManager - Saved metadata to metadata.ser
2025-06-18 19:21:06 [main] INFO  com.fspann.common.MetadataManager - Saved metadata to metadata.ser
2025-06-18 19:21:06 [main] INFO  c.fspann.api.ForwardSecureANNSystem - Insert complete for id=0117b77d-0c12-44b2-9b0f-9acf41e623fc in 156.3232 ms
2025-06-18 19:21:06 [main] INFO  com.fspann.common.MetadataManager - Saved metadata to metadata.ser
2025-06-18 19:21:06 [main] INFO  com.fspann.common.MetadataManager - Saved metadata to metadata.ser
2025-06-18 19:21:06 [main] INFO  c.fspann.api.ForwardSecureANNSystem - Insert complete for id=6e47444c-5ebc-46ff-a6cb-9dd0c6682211 in 162.7255 ms
2025-06-18 19:21:06 [main] INFO  com.fspann.common.MetadataManager - Saved metadata to metadata.ser
2025-06-18 19:21:07 [main] INFO  com.fspann.common.MetadataManager - Saved metadata to metadata.ser
2025-06-18 19:21:07 [main] INFO  c.fspann.api.ForwardSecureANNSystem - Insert complete for id=fba1f021-43be-4de2-a44e-6b79d3ae141e in 159.2852 ms
2025-06-18 19:21:07 [main] INFO  com.fspann.common.MetadataManager - Saved metadata to metadata.ser
2025-06-18 19:21:07 [main] INFO  com.fspann.common.MetadataManager - Saved metadata to metadata.ser
2025-06-18 19:21:07 [main] INFO  c.fspann.api.ForwardSecureANNSystem - Insert complete for id=e8cdb2d5-021f-4ba6-b07d-2cab36827f93 in 155.5243 ms
2025-06-18 19:21:07 [main] INFO  com.fspann.common.MetadataManager - Saved metadata to metadata.ser
2025-06-18 19:21:07 [main] INFO  com.fspann.common.MetadataManager - Saved metadata to metadata.ser
2025-06-18 19:21:07 [main] INFO  c.fspann.api.ForwardSecureANNSystem - Insert complete for id=0fc31f64-8a36-41ec-874d-ddbffe77c2b2 in 157.2594 ms
2025-06-18 19:21:07 [main] INFO  com.fspann.common.MetadataManager - Saved metadata to metadata.ser
2025-06-18 19:21:07 [main] INFO  com.fspann.common.MetadataManager - Saved metadata to metadata.ser
2025-06-18 19:21:07 [main] INFO  c.fspann.api.ForwardSecureANNSystem - Insert complete for id=572b08d4-c472-4522-a9a5-38c940656766 in 157.0951 ms
2025-06-18 19:21:07 [main] INFO  com.fspann.common.MetadataManager - Saved metadata to metadata.ser
2025-06-18 19:21:07 [main] INFO  com.fspann.common.MetadataManager - Saved metadata to metadata.ser
2025-06-18 19:21:07 [main] INFO  c.fspann.api.ForwardSecureANNSystem - Insert complete for id=105a960a-9cf2-46f8-be3a-ec3facb1a33e in 156.6539 ms
2025-06-18 19:21:07 [main] INFO  com.fspann.common.MetadataManager - Saved metadata to metadata.ser
2025-06-18 19:21:07 [main] INFO  com.fspann.common.MetadataManager - Saved metadata to metadata.ser
2025-06-18 19:21:07 [main] INFO  c.fspann.api.ForwardSecureANNSystem - Insert complete for id=e0f000ed-1991-49fa-8aec-4a47d6c8da35 in 158.1647 ms
2025-06-18 19:21:07 [main] INFO  com.fspann.common.MetadataManager - Saved metadata to metadata.ser
2025-06-18 19:21:07 [main] INFO  com.fspann.common.MetadataManager - Saved metadata to metadata.ser
2025-06-18 19:21:07 [main] INFO  c.fspann.api.ForwardSecureANNSystem - Insert complete for id=668c9646-3195-4013-9597-f9765e9cf834 in 156.1299 ms
2025-06-18 19:21:08 [main] INFO  com.fspann.common.MetadataManager - Saved metadata to metadata.ser
2025-06-18 19:21:08 [main] INFO  com.fspann.common.MetadataManager - Saved metadata to metadata.ser
2025-06-18 19:21:08 [main] INFO  c.fspann.api.ForwardSecureANNSystem - Insert complete for id=536a2846-f918-4e24-9a63-d3c85238fde2 in 154.3139 ms
2025-06-18 19:21:08 [main] INFO  com.fspann.common.MetadataManager - Saved metadata to metadata.ser
2025-06-18 19:21:08 [main] INFO  com.fspann.common.MetadataManager - Saved metadata to metadata.ser
2025-06-18 19:21:08 [main] INFO  c.fspann.api.ForwardSecureANNSystem - Insert complete for id=1c37bc56-8eed-4a4e-8479-267949321f50 in 162.9059 ms
2025-06-18 19:21:08 [main] INFO  com.fspann.common.MetadataManager - Saved metadata to metadata.ser
2025-06-18 19:21:08 [main] INFO  com.fspann.common.MetadataManager - Saved metadata to metadata.ser
2025-06-18 19:21:08 [main] INFO  c.fspann.api.ForwardSecureANNSystem - Insert complete for id=d43adcd9-f11f-4ddf-9287-5330a77137dc in 155.871 ms
2025-06-18 19:21:08 [main] INFO  com.fspann.common.MetadataManager - Saved metadata to metadata.ser
2025-06-18 19:21:08 [main] INFO  com.fspann.common.MetadataManager - Saved metadata to metadata.ser
2025-06-18 19:21:08 [main] INFO  c.fspann.api.ForwardSecureANNSystem - Insert complete for id=b5753ef3-75cd-4d3a-b5b5-52db857c74eb in 158.8575 ms
2025-06-18 19:21:08 [main] INFO  com.fspann.common.MetadataManager - Saved metadata to metadata.ser
2025-06-18 19:21:08 [main] INFO  com.fspann.common.MetadataManager - Saved metadata to metadata.ser
2025-06-18 19:21:08 [main] INFO  c.fspann.api.ForwardSecureANNSystem - Insert complete for id=1e220fc9-29ac-4a46-a609-fb9f0fdc9f69 in 155.8065 ms
2025-06-18 19:21:08 [main] INFO  com.fspann.common.MetadataManager - Saved metadata to metadata.ser
2025-06-18 19:21:08 [main] INFO  com.fspann.common.MetadataManager - Saved metadata to metadata.ser
2025-06-18 19:21:08 [main] INFO  c.fspann.api.ForwardSecureANNSystem - Insert complete for id=32c7db96-b0bc-4c78-9545-2ce6c2c01d46 in 161.1464 ms
2025-06-18 19:21:08 [main] INFO  com.fspann.common.MetadataManager - Saved metadata to metadata.ser
2025-06-18 19:21:09 [main] INFO  com.fspann.common.MetadataManager - Saved metadata to metadata.ser
2025-06-18 19:21:09 [main] INFO  c.fspann.api.ForwardSecureANNSystem - Insert complete for id=7b4fca96-6deb-4743-bb6c-8228940086b8 in 158.1466 ms
2025-06-18 19:21:09 [main] INFO  com.fspann.common.MetadataManager - Saved metadata to metadata.ser
2025-06-18 19:21:09 [main] INFO  com.fspann.common.MetadataManager - Saved metadata to metadata.ser
2025-06-18 19:21:09 [main] INFO  c.fspann.api.ForwardSecureANNSystem - Insert complete for id=24fe64ca-065f-47e1-a592-0ac7685f18a1 in 156.5064 ms
2025-06-18 19:21:09 [main] INFO  com.fspann.common.MetadataManager - Saved metadata to metadata.ser
2025-06-18 19:21:09 [main] INFO  com.fspann.common.MetadataManager - Saved metadata to metadata.ser
2025-06-18 19:21:09 [main] INFO  c.fspann.api.ForwardSecureANNSystem - Insert complete for id=84044723-06b8-4c73-aa1e-5c4eea9980cc in 161.193 ms
2025-06-18 19:21:09 [main] INFO  com.fspann.common.MetadataManager - Saved metadata to metadata.ser
2025-06-18 19:21:09 [main] INFO  com.fspann.common.MetadataManager - Saved metadata to metadata.ser
2025-06-18 19:21:09 [main] INFO  c.fspann.api.ForwardSecureANNSystem - Insert complete for id=aebf3400-8034-459e-b7fc-94bd928ddcb2 in 165.6695 ms
2025-06-18 19:21:09 [main] INFO  com.fspann.common.MetadataManager - Saved metadata to metadata.ser
2025-06-18 19:21:09 [main] INFO  com.fspann.common.MetadataManager - Saved metadata to metadata.ser
2025-06-18 19:21:09 [main] INFO  c.fspann.api.ForwardSecureANNSystem - Insert complete for id=7fbf1fe5-61b6-4689-ba76-351cf39f83c9 in 161.323 ms
2025-06-18 19:21:09 [main] INFO  com.fspann.common.MetadataManager - Saved metadata to metadata.ser
2025-06-18 19:21:09 [main] INFO  com.fspann.common.MetadataManager - Saved metadata to metadata.ser
2025-06-18 19:21:09 [main] INFO  c.fspann.api.ForwardSecureANNSystem - Insert complete for id=ac555c17-01d8-4b0f-a205-c8a7ce293ade in 158.0854 ms
2025-06-18 19:21:09 [main] INFO  com.fspann.common.MetadataManager - Saved metadata to metadata.ser
2025-06-18 19:21:10 [main] INFO  com.fspann.common.MetadataManager - Saved metadata to metadata.ser
2025-06-18 19:21:10 [main] INFO  c.fspann.api.ForwardSecureANNSystem - Insert complete for id=6ee28f97-10e7-4096-ac36-554e290a33da in 155.8505 ms
2025-06-18 19:21:10 [main] INFO  com.fspann.common.MetadataManager - Saved metadata to metadata.ser
2025-06-18 19:21:10 [main] INFO  com.fspann.common.MetadataManager - Saved metadata to metadata.ser
2025-06-18 19:21:10 [main] INFO  c.fspann.api.ForwardSecureANNSystem - Insert complete for id=35304404-2b63-401a-a4fa-a2d3314b879c in 162.1326 ms
2025-06-18 19:21:10 [main] INFO  com.fspann.common.MetadataManager - Saved metadata to metadata.ser
2025-06-18 19:21:10 [main] INFO  com.fspann.common.MetadataManager - Saved metadata to metadata.ser
2025-06-18 19:21:10 [main] INFO  c.fspann.api.ForwardSecureANNSystem - Insert complete for id=80e413ed-5d8f-46d6-8881-dc4b36d43b97 in 164.5154 ms
2025-06-18 19:21:10 [main] INFO  com.fspann.common.MetadataManager - Saved metadata to metadata.ser
2025-06-18 19:21:10 [main] INFO  com.fspann.common.MetadataManager - Saved metadata to metadata.ser
2025-06-18 19:21:10 [main] INFO  c.fspann.api.ForwardSecureANNSystem - Insert complete for id=c83f421a-ecad-4147-9692-19547152d02d in 157.6715 ms
2025-06-18 19:21:10 [main] INFO  com.fspann.common.MetadataManager - Saved metadata to metadata.ser
2025-06-18 19:21:10 [main] INFO  com.fspann.common.MetadataManager - Saved metadata to metadata.ser
2025-06-18 19:21:10 [main] INFO  c.fspann.api.ForwardSecureANNSystem - Insert complete for id=38951496-5af8-4ab3-8c71-b61c675da825 in 159.0236 ms
2025-06-18 19:21:10 [main] INFO  com.fspann.common.MetadataManager - Saved metadata to metadata.ser
2025-06-18 19:21:10 [main] INFO  com.fspann.common.MetadataManager - Saved metadata to metadata.ser
2025-06-18 19:21:10 [main] INFO  c.fspann.api.ForwardSecureANNSystem - Insert complete for id=1e31c5cc-efa7-47f0-981b-bc96dd6a9e1e in 159.7646 ms
2025-06-18 19:21:10 [main] INFO  com.fspann.common.MetadataManager - Saved metadata to metadata.ser
2025-06-18 19:21:10 [main] INFO  com.fspann.common.MetadataManager - Saved metadata to metadata.ser
2025-06-18 19:21:10 [main] INFO  c.fspann.api.ForwardSecureANNSystem - Insert complete for id=9799618a-6646-4d97-afd2-d6e80f93a081 in 161.8264 ms
2025-06-18 19:21:11 [main] INFO  com.fspann.common.MetadataManager - Saved metadata to metadata.ser
2025-06-18 19:21:11 [main] INFO  com.fspann.common.MetadataManager - Saved metadata to metadata.ser
2025-06-18 19:21:11 [main] INFO  c.fspann.api.ForwardSecureANNSystem - Insert complete for id=0f48105d-fe91-4748-9f55-f0c22a219ed1 in 157.3726 ms
2025-06-18 19:21:11 [main] INFO  com.fspann.common.MetadataManager - Saved metadata to metadata.ser
2025-06-18 19:21:11 [main] INFO  com.fspann.common.MetadataManager - Saved metadata to metadata.ser
2025-06-18 19:21:11 [main] INFO  c.fspann.api.ForwardSecureANNSystem - Insert complete for id=aef352d5-afcd-4ba8-a534-2759402d50ad in 158.0045 ms
2025-06-18 19:21:11 [main] INFO  com.fspann.common.MetadataManager - Saved metadata to metadata.ser
2025-06-18 19:21:11 [main] INFO  com.fspann.common.MetadataManager - Saved metadata to metadata.ser
2025-06-18 19:21:11 [main] INFO  c.fspann.api.ForwardSecureANNSystem - Insert complete for id=ce83349a-963b-4f30-a8c3-912349f8ba4b in 155.1606 ms
2025-06-18 19:21:11 [main] INFO  com.fspann.common.MetadataManager - Saved metadata to metadata.ser
2025-06-18 19:21:11 [main] INFO  com.fspann.common.MetadataManager - Saved metadata to metadata.ser
2025-06-18 19:21:11 [main] INFO  c.fspann.api.ForwardSecureANNSystem - Insert complete for id=0e9a8f33-eb16-4e00-b196-e09eb768676d in 161.877 ms
2025-06-18 19:21:11 [main] INFO  com.fspann.common.MetadataManager - Saved metadata to metadata.ser
2025-06-18 19:21:11 [main] INFO  com.fspann.common.MetadataManager - Saved metadata to metadata.ser
2025-06-18 19:21:11 [main] INFO  c.fspann.api.ForwardSecureANNSystem - Insert complete for id=9f7d966e-9768-41dc-b58c-83cbb865e7c7 in 157.1181 ms
2025-06-18 19:21:11 [main] INFO  com.fspann.common.MetadataManager - Saved metadata to metadata.ser
2025-06-18 19:21:11 [main] INFO  com.fspann.common.MetadataManager - Saved metadata to metadata.ser
2025-06-18 19:21:11 [main] INFO  c.fspann.api.ForwardSecureANNSystem - Insert complete for id=1ebebb40-04ce-464c-90f5-04e73f7aa339 in 158.854 ms
2025-06-18 19:21:12 [main] INFO  com.fspann.common.MetadataManager - Saved metadata to metadata.ser
2025-06-18 19:21:12 [main] INFO  com.fspann.common.MetadataManager - Saved metadata to metadata.ser
2025-06-18 19:21:12 [main] INFO  c.fspann.api.ForwardSecureANNSystem - Insert complete for id=3daff092-5445-48ae-8928-8092a33c4ae6 in 156.31 ms
2025-06-18 19:21:12 [main] INFO  com.fspann.common.MetadataManager - Saved metadata to metadata.ser
2025-06-18 19:21:12 [main] INFO  com.fspann.common.MetadataManager - Saved metadata to metadata.ser
2025-06-18 19:21:12 [main] INFO  c.fspann.api.ForwardSecureANNSystem - Insert complete for id=49d9ad6c-663c-42eb-aff9-07389ed3f289 in 162.7193 ms
2025-06-18 19:21:12 [main] INFO  com.fspann.common.MetadataManager - Saved metadata to metadata.ser
2025-06-18 19:21:12 [main] INFO  com.fspann.common.MetadataManager - Saved metadata to metadata.ser
2025-06-18 19:21:12 [main] INFO  c.fspann.api.ForwardSecureANNSystem - Insert complete for id=78fdde44-0d4d-40bb-8ff9-dcbefb1732cf in 154.0023 ms
2025-06-18 19:21:12 [main] INFO  com.fspann.common.MetadataManager - Saved metadata to metadata.ser
2025-06-18 19:21:12 [main] INFO  com.fspann.common.MetadataManager - Saved metadata to metadata.ser
2025-06-18 19:21:12 [main] INFO  c.fspann.api.ForwardSecureANNSystem - Insert complete for id=38c74fe7-f15e-47d5-8499-0eb1d7ea7f5c in 158.8584 ms
2025-06-18 19:21:12 [main] INFO  com.fspann.common.MetadataManager - Saved metadata to metadata.ser
2025-06-18 19:21:12 [main] INFO  com.fspann.common.MetadataManager - Saved metadata to metadata.ser
2025-06-18 19:21:12 [main] INFO  c.fspann.api.ForwardSecureANNSystem - Insert complete for id=e19b9a0d-462e-420c-8cfc-33064c1a92b4 in 154.8355 ms
2025-06-18 19:21:12 [main] INFO  com.fspann.common.MetadataManager - Saved metadata to metadata.ser
2025-06-18 19:21:12 [main] INFO  com.fspann.common.MetadataManager - Saved metadata to metadata.ser
2025-06-18 19:21:12 [main] INFO  c.fspann.api.ForwardSecureANNSystem - Insert complete for id=aee33be6-4bb9-42ee-bc6c-355e3757fd5c in 157.4881 ms
2025-06-18 19:21:12 [main] INFO  com.fspann.common.MetadataManager - Saved metadata to metadata.ser
2025-06-18 19:21:13 [main] INFO  com.fspann.common.MetadataManager - Saved metadata to metadata.ser
2025-06-18 19:21:13 [main] INFO  c.fspann.api.ForwardSecureANNSystem - Insert complete for id=0b446644-e457-4e20-90ab-173547e5c45f in 159.199 ms
2025-06-18 19:21:13 [main] INFO  com.fspann.common.MetadataManager - Saved metadata to metadata.ser
2025-06-18 19:21:13 [main] INFO  com.fspann.common.MetadataManager - Saved metadata to metadata.ser
2025-06-18 19:21:13 [main] INFO  c.fspann.api.ForwardSecureANNSystem - Insert complete for id=8d3e6579-f9be-4310-bf67-e7ddc8e8eca9 in 163.1612 ms
2025-06-18 19:21:13 [main] INFO  com.fspann.common.MetadataManager - Saved metadata to metadata.ser
2025-06-18 19:21:13 [main] INFO  com.fspann.common.MetadataManager - Saved metadata to metadata.ser
2025-06-18 19:21:13 [main] INFO  c.fspann.api.ForwardSecureANNSystem - Insert complete for id=e447bd03-10ea-41fb-af7f-92408e04ca16 in 155.4707 ms
2025-06-18 19:21:13 [main] INFO  com.fspann.common.MetadataManager - Saved metadata to metadata.ser
2025-06-18 19:21:13 [main] INFO  com.fspann.common.MetadataManager - Saved metadata to metadata.ser
2025-06-18 19:21:13 [main] INFO  c.fspann.api.ForwardSecureANNSystem - Insert complete for id=18e046c1-35dd-4591-b84a-441c48959ca2 in 157.9453 ms
2025-06-18 19:21:13 [main] INFO  com.fspann.common.MetadataManager - Saved metadata to metadata.ser
2025-06-18 19:21:13 [main] INFO  com.fspann.common.MetadataManager - Saved metadata to metadata.ser
2025-06-18 19:21:13 [main] INFO  c.fspann.api.ForwardSecureANNSystem - Insert complete for id=a44ea3fa-b5e9-40c1-9554-123faaf8c43e in 165.5214 ms
2025-06-18 19:21:13 [main] INFO  com.fspann.common.MetadataManager - Saved metadata to metadata.ser
2025-06-18 19:21:13 [main] INFO  com.fspann.common.MetadataManager - Saved metadata to metadata.ser
2025-06-18 19:21:13 [main] INFO  c.fspann.api.ForwardSecureANNSystem - Insert complete for id=02bd6529-2161-46dc-a9fd-57f587c67f38 in 160.6166 ms
2025-06-18 19:21:13 [main] INFO  com.fspann.common.MetadataManager - Saved metadata to metadata.ser
2025-06-18 19:21:14 [main] INFO  com.fspann.common.MetadataManager - Saved metadata to metadata.ser
2025-06-18 19:21:14 [main] INFO  c.fspann.api.ForwardSecureANNSystem - Insert complete for id=15f57587-b8d9-4096-a7b3-afd89b9f9f4d in 159.7703 ms
2025-06-18 19:21:14 [main] INFO  com.fspann.common.MetadataManager - Saved metadata to metadata.ser
2025-06-18 19:21:14 [main] INFO  com.fspann.common.MetadataManager - Saved metadata to metadata.ser
2025-06-18 19:21:14 [main] INFO  c.fspann.api.ForwardSecureANNSystem - Insert complete for id=1ffef72b-26ac-472a-bba6-7d99cea24f13 in 160.7344 ms
2025-06-18 19:21:14 [main] INFO  com.fspann.common.MetadataManager - Saved metadata to metadata.ser
2025-06-18 19:21:14 [main] INFO  com.fspann.common.MetadataManager - Saved metadata to metadata.ser
2025-06-18 19:21:14 [main] INFO  c.fspann.api.ForwardSecureANNSystem - Insert complete for id=49ed19cf-875c-46c7-bef9-c8f79d96607f in 162.1229 ms
2025-06-18 19:21:14 [main] INFO  com.fspann.common.MetadataManager - Saved metadata to metadata.ser
2025-06-18 19:21:14 [main] INFO  com.fspann.common.MetadataManager - Saved metadata to metadata.ser
2025-06-18 19:21:14 [main] INFO  c.fspann.api.ForwardSecureANNSystem - Insert complete for id=43d1872c-ad9c-418c-9f03-200c409879c1 in 159.5635 ms
2025-06-18 19:21:14 [main] INFO  com.fspann.common.MetadataManager - Saved metadata to metadata.ser
2025-06-18 19:21:14 [main] INFO  com.fspann.common.MetadataManager - Saved metadata to metadata.ser
2025-06-18 19:21:14 [main] INFO  c.fspann.api.ForwardSecureANNSystem - Insert complete for id=1a58fb24-c4f6-439c-904f-6544f4767614 in 158.8794 ms
2025-06-18 19:21:14 [main] INFO  com.fspann.common.MetadataManager - Saved metadata to metadata.ser
2025-06-18 19:21:14 [main] INFO  com.fspann.common.MetadataManager - Saved metadata to metadata.ser
2025-06-18 19:21:14 [main] INFO  c.fspann.api.ForwardSecureANNSystem - Insert complete for id=2eec3963-3dc0-4414-878b-338ba98f227f in 156.7229 ms
2025-06-18 19:21:14 [main] INFO  com.fspann.common.MetadataManager - Saved metadata to metadata.ser
2025-06-18 19:21:14 [main] INFO  com.fspann.common.MetadataManager - Saved metadata to metadata.ser
2025-06-18 19:21:14 [main] INFO  c.fspann.api.ForwardSecureANNSystem - Insert complete for id=40da5fae-79f2-4198-a4d6-937b3983c4df in 167.818 ms
2025-06-18 19:21:15 [main] INFO  com.fspann.common.MetadataManager - Saved metadata to metadata.ser
2025-06-18 19:21:15 [main] INFO  com.fspann.common.MetadataManager - Saved metadata to metadata.ser
2025-06-18 19:21:15 [main] INFO  c.fspann.api.ForwardSecureANNSystem - Insert complete for id=073a713d-4c82-44a3-81a0-5909a7698d62 in 157.0968 ms
2025-06-18 19:21:15 [main] INFO  com.fspann.common.MetadataManager - Saved metadata to metadata.ser
2025-06-18 19:21:15 [main] INFO  com.fspann.common.MetadataManager - Saved metadata to metadata.ser
2025-06-18 19:21:15 [main] INFO  c.fspann.api.ForwardSecureANNSystem - Insert complete for id=8cf4eb30-5993-48eb-a553-c5ec8b060760 in 158.6337 ms
2025-06-18 19:21:15 [main] INFO  com.fspann.common.MetadataManager - Saved metadata to metadata.ser
2025-06-18 19:21:15 [main] INFO  com.fspann.common.MetadataManager - Saved metadata to metadata.ser
2025-06-18 19:21:15 [main] INFO  c.fspann.api.ForwardSecureANNSystem - Insert complete for id=15567d7f-7f29-479d-bdb2-851160f78c30 in 159.0826 ms
2025-06-18 19:21:15 [main] INFO  com.fspann.common.MetadataManager - Saved metadata to metadata.ser
2025-06-18 19:21:15 [main] INFO  com.fspann.common.MetadataManager - Saved metadata to metadata.ser
2025-06-18 19:21:15 [main] INFO  c.fspann.api.ForwardSecureANNSystem - Insert complete for id=adedaaae-2d2a-49e9-9f5c-8c07158a5c28 in 161.6312 ms
2025-06-18 19:21:15 [main] INFO  com.fspann.common.MetadataManager - Saved metadata to metadata.ser
2025-06-18 19:21:15 [main] INFO  com.fspann.common.MetadataManager - Saved metadata to metadata.ser
2025-06-18 19:21:15 [main] INFO  c.fspann.api.ForwardSecureANNSystem - Insert complete for id=caf9bf82-0057-46cf-8fb9-cf74b1282fe6 in 159.8321 ms
2025-06-18 19:21:15 [main] INFO  com.fspann.common.MetadataManager - Saved metadata to metadata.ser
2025-06-18 19:21:15 [main] INFO  com.fspann.common.MetadataManager - Saved metadata to metadata.ser
2025-06-18 19:21:15 [main] INFO  c.fspann.api.ForwardSecureANNSystem - Insert complete for id=541548cb-bf84-482c-a9d8-693983958e5b in 161.1971 ms
2025-06-18 19:21:16 [main] INFO  com.fspann.common.MetadataManager - Saved metadata to metadata.ser
2025-06-18 19:21:16 [main] INFO  com.fspann.common.MetadataManager - Saved metadata to metadata.ser
2025-06-18 19:21:16 [main] INFO  c.fspann.api.ForwardSecureANNSystem - Insert complete for id=d818dee3-b6ed-4b8c-a7f9-b30cac66aa1f in 155.5178 ms
2025-06-18 19:21:16 [main] INFO  com.fspann.common.MetadataManager - Saved metadata to metadata.ser
2025-06-18 19:21:16 [main] INFO  com.fspann.common.MetadataManager - Saved metadata to metadata.ser
2025-06-18 19:21:16 [main] INFO  c.fspann.api.ForwardSecureANNSystem - Insert complete for id=9382e4c4-2c7a-4fa1-91fb-6612b2cfc54b in 161.5965 ms
2025-06-18 19:21:16 [main] INFO  com.fspann.common.MetadataManager - Saved metadata to metadata.ser
2025-06-18 19:21:16 [main] INFO  com.fspann.common.MetadataManager - Saved metadata to metadata.ser
2025-06-18 19:21:16 [main] INFO  c.fspann.api.ForwardSecureANNSystem - Insert complete for id=71bca96d-51c6-401b-a640-6a99ff9406c9 in 158.4119 ms
2025-06-18 19:21:16 [main] INFO  com.fspann.common.MetadataManager - Saved metadata to metadata.ser
2025-06-18 19:21:16 [main] INFO  com.fspann.common.MetadataManager - Saved metadata to metadata.ser
2025-06-18 19:21:16 [main] INFO  c.fspann.api.ForwardSecureANNSystem - Insert complete for id=a6612f1a-9e38-48b8-b712-a5db49328a11 in 160.9076 ms
2025-06-18 19:21:16 [main] INFO  c.f.a.ForwardSecureANNSystemPerformanceIntegrationTest - Average insert latency: {:.3f} ms
]]></system-out>
  </testcase>
  <testcase name="endToEndWorkflowTest(Path)" classname="com.fspann.api.ForwardSecureANNSystemPerformanceIntegrationTest" time="16.738">
    <error type="java.lang.RuntimeException"><![CDATA[java.lang.RuntimeException: Decryption error: query vector
	at com.fspann.api.ForwardSecureANNSystemPerformanceIntegrationTest.endToEndWorkflowTest(ForwardSecureANNSystemPerformanceIntegrationTest.java:131)
Caused by: com.fspann.crypto.AesGcmCryptoService$CryptoException: Query decryption failed
	at com.fspann.api.ForwardSecureANNSystemPerformanceIntegrationTest.endToEndWorkflowTest(ForwardSecureANNSystemPerformanceIntegrationTest.java:131)
Caused by: javax.crypto.AEADBadTagException: Tag mismatch
	at com.fspann.api.ForwardSecureANNSystemPerformanceIntegrationTest.endToEndWorkflowTest(ForwardSecureANNSystemPerformanceIntegrationTest.java:131)
]]></error>
    <system-out><![CDATA[2025-06-18 19:21:16 [main] INFO  c.fspann.api.ForwardSecureANNSystem - Running end-to-end workflow with dataPath=C:\Users\MEHRAN~1\AppData\Local\Temp\junit-18352353844820683330\data.csv, topK=1, dim=10
2025-06-18 19:21:16 [main] INFO  com.fspann.loader.DefaultDataLoader - Loading data from C:\Users\MEHRAN~1\AppData\Local\Temp\junit-18352353844820683330\data.csv using loader for CSV
2025-06-18 19:21:16 [main] INFO  com.fspann.common.MetadataManager - Saved metadata to metadata.ser
2025-06-18 19:21:16 [main] INFO  com.fspann.common.MetadataManager - Saved metadata to metadata.ser
2025-06-18 19:21:16 [main] INFO  com.fspann.common.MetadataManager - Saved metadata to metadata.ser
2025-06-18 19:21:16 [main] INFO  com.fspann.common.MetadataManager - Saved metadata to metadata.ser
2025-06-18 19:21:16 [main] INFO  com.fspann.common.MetadataManager - Saved metadata to metadata.ser
2025-06-18 19:21:17 [main] INFO  com.fspann.common.MetadataManager - Saved metadata to metadata.ser
2025-06-18 19:21:17 [main] INFO  c.fspann.api.ForwardSecureANNSystem - Batch insert complete for 3 vectors in 493.8408 ms
2025-06-18 19:21:17 [main] INFO  c.fspann.api.ForwardSecureANNSystem - Loaded and indexed 3 vectors
2025-06-18 19:21:17 [main] INFO  c.fspann.api.ForwardSecureANNSystem - Inserting 100 fake points for dimension 10
2025-06-18 19:21:17 [main] INFO  com.fspann.common.MetadataManager - Saved metadata to metadata.ser
2025-06-18 19:21:17 [main] INFO  com.fspann.common.MetadataManager - Saved metadata to metadata.ser
2025-06-18 19:21:17 [main] INFO  c.fspann.api.ForwardSecureANNSystem - Insert complete for id=31b26ab2-1fa1-4ba8-8504-37ddecf393da in 159.4599 ms
2025-06-18 19:21:17 [main] INFO  com.fspann.common.MetadataManager - Saved metadata to metadata.ser
2025-06-18 19:21:17 [main] INFO  com.fspann.common.MetadataManager - Saved metadata to metadata.ser
2025-06-18 19:21:17 [main] INFO  c.fspann.api.ForwardSecureANNSystem - Insert complete for id=6f29cc4f-f46e-4051-bfef-0aa678c8a0b1 in 160.8888 ms
2025-06-18 19:21:17 [main] INFO  com.fspann.common.MetadataManager - Saved metadata to metadata.ser
2025-06-18 19:21:17 [main] INFO  com.fspann.common.MetadataManager - Saved metadata to metadata.ser
2025-06-18 19:21:17 [main] INFO  c.fspann.api.ForwardSecureANNSystem - Insert complete for id=1305da11-e19f-4cb7-90d2-f7a0ccc7d0ab in 160.6917 ms
2025-06-18 19:21:17 [main] INFO  com.fspann.common.MetadataManager - Saved metadata to metadata.ser
2025-06-18 19:21:17 [main] INFO  com.fspann.common.MetadataManager - Saved metadata to metadata.ser
2025-06-18 19:21:17 [main] INFO  c.fspann.api.ForwardSecureANNSystem - Insert complete for id=98a87c79-369c-4394-b860-6b4d1311e35d in 158.1056 ms
2025-06-18 19:21:17 [main] INFO  com.fspann.common.MetadataManager - Saved metadata to metadata.ser
2025-06-18 19:21:17 [main] INFO  com.fspann.common.MetadataManager - Saved metadata to metadata.ser
2025-06-18 19:21:17 [main] INFO  c.fspann.api.ForwardSecureANNSystem - Insert complete for id=122ffca8-d871-45eb-9528-3e6c5f05e1d3 in 159.0835 ms
2025-06-18 19:21:17 [main] INFO  com.fspann.common.MetadataManager - Saved metadata to metadata.ser
2025-06-18 19:21:18 [main] INFO  com.fspann.common.MetadataManager - Saved metadata to metadata.ser
2025-06-18 19:21:18 [main] INFO  c.fspann.api.ForwardSecureANNSystem - Insert complete for id=bdf19279-fe31-43f8-a953-ab065b13a623 in 161.6259 ms
2025-06-18 19:21:18 [main] INFO  com.fspann.common.MetadataManager - Saved metadata to metadata.ser
2025-06-18 19:21:18 [main] INFO  com.fspann.common.MetadataManager - Saved metadata to metadata.ser
2025-06-18 19:21:18 [main] INFO  c.fspann.api.ForwardSecureANNSystem - Insert complete for id=62357dff-0f83-49b0-8f38-ebb94a90152e in 156.587 ms
2025-06-18 19:21:18 [main] INFO  com.fspann.common.MetadataManager - Saved metadata to metadata.ser
2025-06-18 19:21:18 [main] INFO  com.fspann.common.MetadataManager - Saved metadata to metadata.ser
2025-06-18 19:21:18 [main] INFO  c.fspann.api.ForwardSecureANNSystem - Insert complete for id=9c0c73e6-f377-45e1-8383-ecba6cd8e877 in 166.7044 ms
2025-06-18 19:21:18 [main] INFO  com.fspann.common.MetadataManager - Saved metadata to metadata.ser
2025-06-18 19:21:18 [main] INFO  com.fspann.common.MetadataManager - Saved metadata to metadata.ser
2025-06-18 19:21:18 [main] INFO  c.fspann.api.ForwardSecureANNSystem - Insert complete for id=ff5a604f-8e2e-4e39-a543-1fc1cf7dca54 in 160.6062 ms
2025-06-18 19:21:18 [main] INFO  com.fspann.common.MetadataManager - Saved metadata to metadata.ser
2025-06-18 19:21:18 [main] INFO  com.fspann.common.MetadataManager - Saved metadata to metadata.ser
2025-06-18 19:21:18 [main] INFO  c.fspann.api.ForwardSecureANNSystem - Insert complete for id=4c020163-7590-4ff0-b97d-58e7e6ca479b in 158.684 ms
2025-06-18 19:21:18 [main] INFO  com.fspann.common.MetadataManager - Saved metadata to metadata.ser
2025-06-18 19:21:18 [main] INFO  com.fspann.common.MetadataManager - Saved metadata to metadata.ser
2025-06-18 19:21:18 [main] INFO  c.fspann.api.ForwardSecureANNSystem - Insert complete for id=edb082d1-a7b8-4d61-bd89-89d030695d24 in 159.1871 ms
2025-06-18 19:21:18 [main] INFO  com.fspann.common.MetadataManager - Saved metadata to metadata.ser
2025-06-18 19:21:18 [main] INFO  com.fspann.common.MetadataManager - Saved metadata to metadata.ser
2025-06-18 19:21:18 [main] INFO  c.fspann.api.ForwardSecureANNSystem - Insert complete for id=63325fbf-8233-4387-b40f-21a55ade9f44 in 157.3666 ms
2025-06-18 19:21:19 [main] INFO  com.fspann.common.MetadataManager - Saved metadata to metadata.ser
2025-06-18 19:21:19 [main] INFO  com.fspann.common.MetadataManager - Saved metadata to metadata.ser
2025-06-18 19:21:19 [main] INFO  c.fspann.api.ForwardSecureANNSystem - Insert complete for id=e305b9d9-711a-4049-bf21-912341c87a4e in 167.6677 ms
2025-06-18 19:21:19 [main] INFO  com.fspann.common.MetadataManager - Saved metadata to metadata.ser
2025-06-18 19:21:19 [main] INFO  com.fspann.common.MetadataManager - Saved metadata to metadata.ser
2025-06-18 19:21:19 [main] INFO  c.fspann.api.ForwardSecureANNSystem - Insert complete for id=0687e0fe-f7eb-4115-869a-d0e10d2661b8 in 160.8189 ms
2025-06-18 19:21:19 [main] INFO  com.fspann.common.MetadataManager - Saved metadata to metadata.ser
2025-06-18 19:21:19 [main] INFO  com.fspann.common.MetadataManager - Saved metadata to metadata.ser
2025-06-18 19:21:19 [main] INFO  c.fspann.api.ForwardSecureANNSystem - Insert complete for id=480291f4-452f-45ea-b8bd-300242f35f67 in 164.7764 ms
2025-06-18 19:21:19 [main] INFO  com.fspann.common.MetadataManager - Saved metadata to metadata.ser
2025-06-18 19:21:19 [main] INFO  com.fspann.common.MetadataManager - Saved metadata to metadata.ser
2025-06-18 19:21:19 [main] INFO  c.fspann.api.ForwardSecureANNSystem - Insert complete for id=1fb8a0a1-6601-4159-abcd-953551cf7389 in 159.9487 ms
2025-06-18 19:21:19 [main] INFO  com.fspann.common.MetadataManager - Saved metadata to metadata.ser
2025-06-18 19:21:19 [main] INFO  com.fspann.common.MetadataManager - Saved metadata to metadata.ser
2025-06-18 19:21:19 [main] INFO  c.fspann.api.ForwardSecureANNSystem - Insert complete for id=af385e05-ca34-4e9b-b0bf-33d5f60ae9c7 in 163.9503 ms
2025-06-18 19:21:19 [main] INFO  com.fspann.common.MetadataManager - Saved metadata to metadata.ser
2025-06-18 19:21:19 [main] INFO  com.fspann.common.MetadataManager - Saved metadata to metadata.ser
2025-06-18 19:21:19 [main] INFO  c.fspann.api.ForwardSecureANNSystem - Insert complete for id=bb2dadf6-e6ac-4847-b847-92f207c5946f in 158.0829 ms
2025-06-18 19:21:20 [main] INFO  com.fspann.common.MetadataManager - Saved metadata to metadata.ser
2025-06-18 19:21:20 [main] INFO  com.fspann.common.MetadataManager - Saved metadata to metadata.ser
2025-06-18 19:21:20 [main] INFO  c.fspann.api.ForwardSecureANNSystem - Insert complete for id=83e916bb-d8bd-49d3-81a5-6d4bcbc2c083 in 156.3467 ms
2025-06-18 19:21:20 [main] INFO  com.fspann.common.MetadataManager - Saved metadata to metadata.ser
2025-06-18 19:21:20 [main] INFO  com.fspann.common.MetadataManager - Saved metadata to metadata.ser
2025-06-18 19:21:20 [main] INFO  c.fspann.api.ForwardSecureANNSystem - Insert complete for id=c9343cb1-1806-42bf-801a-6906445dbfa1 in 158.6192 ms
2025-06-18 19:21:20 [main] INFO  com.fspann.common.MetadataManager - Saved metadata to metadata.ser
2025-06-18 19:21:20 [main] INFO  com.fspann.common.MetadataManager - Saved metadata to metadata.ser
2025-06-18 19:21:20 [main] INFO  c.fspann.api.ForwardSecureANNSystem - Insert complete for id=c21aa4c8-6a50-4aa6-8e12-570193e35a7d in 168.6147 ms
2025-06-18 19:21:20 [main] INFO  com.fspann.common.MetadataManager - Saved metadata to metadata.ser
2025-06-18 19:21:20 [main] INFO  com.fspann.common.MetadataManager - Saved metadata to metadata.ser
2025-06-18 19:21:20 [main] INFO  c.fspann.api.ForwardSecureANNSystem - Insert complete for id=168ec51c-ee4a-4ace-a73b-deedd864c536 in 160.8798 ms
2025-06-18 19:21:20 [main] INFO  com.fspann.common.MetadataManager - Saved metadata to metadata.ser
2025-06-18 19:21:20 [main] INFO  com.fspann.common.MetadataManager - Saved metadata to metadata.ser
2025-06-18 19:21:20 [main] INFO  c.fspann.api.ForwardSecureANNSystem - Insert complete for id=2305e908-f450-45fd-b759-9b3c02c41b35 in 159.4801 ms
2025-06-18 19:21:20 [main] INFO  com.fspann.common.MetadataManager - Saved metadata to metadata.ser
2025-06-18 19:21:20 [main] INFO  com.fspann.common.MetadataManager - Saved metadata to metadata.ser
2025-06-18 19:21:20 [main] INFO  c.fspann.api.ForwardSecureANNSystem - Insert complete for id=a2b69e94-35ff-4cad-b408-b5a227b72c6d in 163.4569 ms
2025-06-18 19:21:21 [main] INFO  com.fspann.common.MetadataManager - Saved metadata to metadata.ser
2025-06-18 19:21:21 [main] INFO  com.fspann.common.MetadataManager - Saved metadata to metadata.ser
2025-06-18 19:21:21 [main] INFO  c.fspann.api.ForwardSecureANNSystem - Insert complete for id=3db69f48-634b-4854-82cc-ee7773568388 in 156.6704 ms
2025-06-18 19:21:21 [main] INFO  com.fspann.common.MetadataManager - Saved metadata to metadata.ser
2025-06-18 19:21:21 [main] INFO  com.fspann.common.MetadataManager - Saved metadata to metadata.ser
2025-06-18 19:21:21 [main] INFO  c.fspann.api.ForwardSecureANNSystem - Insert complete for id=da3dff20-c111-4702-8be5-e2744ccdc3e7 in 156.6231 ms
2025-06-18 19:21:21 [main] INFO  com.fspann.common.MetadataManager - Saved metadata to metadata.ser
2025-06-18 19:21:21 [main] INFO  com.fspann.common.MetadataManager - Saved metadata to metadata.ser
2025-06-18 19:21:21 [main] INFO  c.fspann.api.ForwardSecureANNSystem - Insert complete for id=8fffbeba-81b4-4a47-b286-7d76fc551604 in 159.974 ms
2025-06-18 19:21:21 [main] INFO  com.fspann.common.MetadataManager - Saved metadata to metadata.ser
2025-06-18 19:21:21 [main] INFO  com.fspann.common.MetadataManager - Saved metadata to metadata.ser
2025-06-18 19:21:21 [main] INFO  c.fspann.api.ForwardSecureANNSystem - Insert complete for id=d1c3174c-bcbb-4ded-8342-c45f4a7fc95e in 162.2078 ms
2025-06-18 19:21:21 [main] INFO  com.fspann.common.MetadataManager - Saved metadata to metadata.ser
2025-06-18 19:21:21 [main] INFO  com.fspann.common.MetadataManager - Saved metadata to metadata.ser
2025-06-18 19:21:21 [main] INFO  c.fspann.api.ForwardSecureANNSystem - Insert complete for id=dce78b3c-23e1-4977-af77-79bbd4f24320 in 157.208 ms
2025-06-18 19:21:21 [main] INFO  com.fspann.common.MetadataManager - Saved metadata to metadata.ser
2025-06-18 19:21:21 [main] INFO  com.fspann.common.MetadataManager - Saved metadata to metadata.ser
2025-06-18 19:21:21 [main] INFO  c.fspann.api.ForwardSecureANNSystem - Insert complete for id=171f65dd-f665-47bc-9eed-eb8e8485c9c4 in 160.1288 ms
2025-06-18 19:21:21 [main] INFO  com.fspann.common.MetadataManager - Saved metadata to metadata.ser
2025-06-18 19:21:22 [main] INFO  com.fspann.common.MetadataManager - Saved metadata to metadata.ser
2025-06-18 19:21:22 [main] INFO  c.fspann.api.ForwardSecureANNSystem - Insert complete for id=eab7ecb6-b884-47a4-82e6-b0e214df65c5 in 158.0354 ms
2025-06-18 19:21:22 [main] INFO  com.fspann.common.MetadataManager - Saved metadata to metadata.ser
2025-06-18 19:21:22 [main] INFO  com.fspann.common.MetadataManager - Saved metadata to metadata.ser
2025-06-18 19:21:22 [main] INFO  c.fspann.api.ForwardSecureANNSystem - Insert complete for id=5ca8b098-92ff-4420-99ab-d06ddb329eee in 160.7362 ms
2025-06-18 19:21:22 [main] INFO  com.fspann.common.MetadataManager - Saved metadata to metadata.ser
2025-06-18 19:21:22 [main] INFO  com.fspann.common.MetadataManager - Saved metadata to metadata.ser
2025-06-18 19:21:22 [main] INFO  c.fspann.api.ForwardSecureANNSystem - Insert complete for id=5e6f28bc-1897-4bc3-80a2-74a117ee5e54 in 161.1748 ms
2025-06-18 19:21:22 [main] INFO  com.fspann.common.MetadataManager - Saved metadata to metadata.ser
2025-06-18 19:21:22 [main] INFO  com.fspann.common.MetadataManager - Saved metadata to metadata.ser
2025-06-18 19:21:22 [main] INFO  c.fspann.api.ForwardSecureANNSystem - Insert complete for id=a0f4476d-1200-4ea2-9d0b-b6013d82531e in 164.2634 ms
2025-06-18 19:21:22 [main] INFO  com.fspann.common.MetadataManager - Saved metadata to metadata.ser
2025-06-18 19:21:22 [main] INFO  com.fspann.common.MetadataManager - Saved metadata to metadata.ser
2025-06-18 19:21:22 [main] INFO  c.fspann.api.ForwardSecureANNSystem - Insert complete for id=fd54d601-4746-4b4c-bd0b-bc4e0c0b7a5a in 162.1464 ms
2025-06-18 19:21:22 [main] INFO  com.fspann.common.MetadataManager - Saved metadata to metadata.ser
2025-06-18 19:21:22 [main] INFO  com.fspann.common.MetadataManager - Saved metadata to metadata.ser
2025-06-18 19:21:22 [main] INFO  c.fspann.api.ForwardSecureANNSystem - Insert complete for id=43368fc4-2ab6-40f5-a97d-de4a8911b0f2 in 162.7813 ms
2025-06-18 19:21:22 [main] INFO  com.fspann.common.MetadataManager - Saved metadata to metadata.ser
2025-06-18 19:21:23 [main] INFO  com.fspann.common.MetadataManager - Saved metadata to metadata.ser
2025-06-18 19:21:23 [main] INFO  c.fspann.api.ForwardSecureANNSystem - Insert complete for id=a182c81e-f2b5-4e11-822f-8556bd71cae4 in 159.5526 ms
2025-06-18 19:21:23 [main] INFO  com.fspann.common.MetadataManager - Saved metadata to metadata.ser
2025-06-18 19:21:23 [main] INFO  com.fspann.common.MetadataManager - Saved metadata to metadata.ser
2025-06-18 19:21:23 [main] INFO  c.fspann.api.ForwardSecureANNSystem - Insert complete for id=f5212dc5-9c07-4ce3-a441-99ae724bf980 in 167.2745 ms
2025-06-18 19:21:23 [main] INFO  com.fspann.common.MetadataManager - Saved metadata to metadata.ser
2025-06-18 19:21:23 [main] INFO  com.fspann.common.MetadataManager - Saved metadata to metadata.ser
2025-06-18 19:21:23 [main] INFO  c.fspann.api.ForwardSecureANNSystem - Insert complete for id=1d97840b-2ed3-43d7-b2a5-b41517b826c7 in 158.8181 ms
2025-06-18 19:21:23 [main] INFO  com.fspann.common.MetadataManager - Saved metadata to metadata.ser
2025-06-18 19:21:23 [main] INFO  com.fspann.common.MetadataManager - Saved metadata to metadata.ser
2025-06-18 19:21:23 [main] INFO  c.fspann.api.ForwardSecureANNSystem - Insert complete for id=0a9425ec-3461-443d-b276-b07b57845a5f in 167.6855 ms
2025-06-18 19:21:23 [main] INFO  com.fspann.common.MetadataManager - Saved metadata to metadata.ser
2025-06-18 19:21:23 [main] INFO  com.fspann.common.MetadataManager - Saved metadata to metadata.ser
2025-06-18 19:21:23 [main] INFO  c.fspann.api.ForwardSecureANNSystem - Insert complete for id=db13d10c-89d5-4a2b-8200-40ac106942b9 in 165.2185 ms
2025-06-18 19:21:23 [main] INFO  com.fspann.common.MetadataManager - Saved metadata to metadata.ser
2025-06-18 19:21:23 [main] INFO  com.fspann.common.MetadataManager - Saved metadata to metadata.ser
2025-06-18 19:21:23 [main] INFO  c.fspann.api.ForwardSecureANNSystem - Insert complete for id=4b4383f0-196f-426e-b04d-d0052e7e48dc in 159.781 ms
2025-06-18 19:21:23 [main] INFO  com.fspann.common.MetadataManager - Saved metadata to metadata.ser
2025-06-18 19:21:23 [main] INFO  com.fspann.common.MetadataManager - Saved metadata to metadata.ser
2025-06-18 19:21:23 [main] INFO  c.fspann.api.ForwardSecureANNSystem - Insert complete for id=3b84bc7c-8851-44bf-a907-4684b43f598b in 162.7208 ms
2025-06-18 19:21:24 [main] INFO  com.fspann.common.MetadataManager - Saved metadata to metadata.ser
2025-06-18 19:21:24 [main] INFO  com.fspann.common.MetadataManager - Saved metadata to metadata.ser
2025-06-18 19:21:24 [main] INFO  c.fspann.api.ForwardSecureANNSystem - Insert complete for id=c7b5ed03-5bfd-43a6-8c9e-6d9212299b21 in 158.6865 ms
2025-06-18 19:21:24 [main] INFO  com.fspann.common.MetadataManager - Saved metadata to metadata.ser
2025-06-18 19:21:24 [main] INFO  com.fspann.common.MetadataManager - Saved metadata to metadata.ser
2025-06-18 19:21:24 [main] INFO  c.fspann.api.ForwardSecureANNSystem - Insert complete for id=4efafc67-17a4-4bf6-a1d9-7d2b28f5eacb in 161.7132 ms
2025-06-18 19:21:24 [main] INFO  com.fspann.common.MetadataManager - Saved metadata to metadata.ser
2025-06-18 19:21:24 [main] INFO  com.fspann.common.MetadataManager - Saved metadata to metadata.ser
2025-06-18 19:21:24 [main] INFO  c.fspann.api.ForwardSecureANNSystem - Insert complete for id=32461d12-bbb6-4915-8874-e452b219d49a in 161.1138 ms
2025-06-18 19:21:24 [main] INFO  com.fspann.common.MetadataManager - Saved metadata to metadata.ser
2025-06-18 19:21:24 [main] INFO  com.fspann.common.MetadataManager - Saved metadata to metadata.ser
2025-06-18 19:21:24 [main] INFO  c.fspann.api.ForwardSecureANNSystem - Insert complete for id=5a1e96de-9f4c-434c-a153-ca3e001147b2 in 169.0098 ms
2025-06-18 19:21:24 [main] INFO  com.fspann.common.MetadataManager - Saved metadata to metadata.ser
2025-06-18 19:21:24 [main] INFO  com.fspann.common.MetadataManager - Saved metadata to metadata.ser
2025-06-18 19:21:24 [main] INFO  c.fspann.api.ForwardSecureANNSystem - Insert complete for id=961ebb1f-5d47-44eb-befd-e1592a1c74a4 in 161.0655 ms
2025-06-18 19:21:24 [main] INFO  com.fspann.common.MetadataManager - Saved metadata to metadata.ser
2025-06-18 19:21:24 [main] INFO  com.fspann.common.MetadataManager - Saved metadata to metadata.ser
2025-06-18 19:21:24 [main] INFO  c.fspann.api.ForwardSecureANNSystem - Insert complete for id=fca161a5-49d4-4ee7-9dd1-6c1165d44c3d in 163.2408 ms
2025-06-18 19:21:25 [main] INFO  com.fspann.common.MetadataManager - Saved metadata to metadata.ser
2025-06-18 19:21:25 [main] INFO  com.fspann.common.MetadataManager - Saved metadata to metadata.ser
2025-06-18 19:21:25 [main] INFO  c.fspann.api.ForwardSecureANNSystem - Insert complete for id=5c1a1486-4995-4d5c-a57e-4c1936f25812 in 164.5506 ms
2025-06-18 19:21:25 [main] INFO  com.fspann.common.MetadataManager - Saved metadata to metadata.ser
2025-06-18 19:21:25 [main] INFO  com.fspann.common.MetadataManager - Saved metadata to metadata.ser
2025-06-18 19:21:25 [main] INFO  c.fspann.api.ForwardSecureANNSystem - Insert complete for id=7b659e26-d8ca-44fb-9201-7c7de4673f87 in 162.9175 ms
2025-06-18 19:21:25 [main] INFO  com.fspann.common.MetadataManager - Saved metadata to metadata.ser
2025-06-18 19:21:25 [main] INFO  com.fspann.common.MetadataManager - Saved metadata to metadata.ser
2025-06-18 19:21:25 [main] INFO  c.fspann.api.ForwardSecureANNSystem - Insert complete for id=33112b01-d00a-4887-aa51-73138f75f193 in 163.4336 ms
2025-06-18 19:21:25 [main] INFO  com.fspann.common.MetadataManager - Saved metadata to metadata.ser
2025-06-18 19:21:25 [main] INFO  com.fspann.common.MetadataManager - Saved metadata to metadata.ser
2025-06-18 19:21:25 [main] INFO  c.fspann.api.ForwardSecureANNSystem - Insert complete for id=93a862fe-8ae3-44f3-a710-fd5c0fed7e10 in 158.2256 ms
2025-06-18 19:21:25 [main] INFO  com.fspann.common.MetadataManager - Saved metadata to metadata.ser
2025-06-18 19:21:25 [main] INFO  com.fspann.common.MetadataManager - Saved metadata to metadata.ser
2025-06-18 19:21:25 [main] INFO  c.fspann.api.ForwardSecureANNSystem - Insert complete for id=002551a9-affa-4afc-93a5-6f08e6040cb0 in 163.3809 ms
2025-06-18 19:21:25 [main] INFO  com.fspann.common.MetadataManager - Saved metadata to metadata.ser
2025-06-18 19:21:25 [main] INFO  com.fspann.common.MetadataManager - Saved metadata to metadata.ser
2025-06-18 19:21:25 [main] INFO  c.fspann.api.ForwardSecureANNSystem - Insert complete for id=7d8fa2be-4fe4-424c-bee7-ffc70c420d9a in 163.026 ms
2025-06-18 19:21:26 [main] INFO  com.fspann.common.MetadataManager - Saved metadata to metadata.ser
2025-06-18 19:21:26 [main] INFO  com.fspann.common.MetadataManager - Saved metadata to metadata.ser
2025-06-18 19:21:26 [main] INFO  c.fspann.api.ForwardSecureANNSystem - Insert complete for id=585bd89f-87d3-4444-928d-f9712d80edb6 in 162.0107 ms
2025-06-18 19:21:26 [main] INFO  com.fspann.common.MetadataManager - Saved metadata to metadata.ser
2025-06-18 19:21:26 [main] INFO  com.fspann.common.MetadataManager - Saved metadata to metadata.ser
2025-06-18 19:21:26 [main] INFO  c.fspann.api.ForwardSecureANNSystem - Insert complete for id=28917681-2fff-407b-ac4e-f42f6f6b5dd4 in 160.7076 ms
2025-06-18 19:21:26 [main] INFO  com.fspann.common.MetadataManager - Saved metadata to metadata.ser
2025-06-18 19:21:26 [main] INFO  com.fspann.common.MetadataManager - Saved metadata to metadata.ser
2025-06-18 19:21:26 [main] INFO  c.fspann.api.ForwardSecureANNSystem - Insert complete for id=4f9eb13a-d868-41cc-bf1a-9b95e594ec45 in 167.8435 ms
2025-06-18 19:21:26 [main] INFO  com.fspann.common.MetadataManager - Saved metadata to metadata.ser
2025-06-18 19:21:26 [main] INFO  com.fspann.common.MetadataManager - Saved metadata to metadata.ser
2025-06-18 19:21:26 [main] INFO  c.fspann.api.ForwardSecureANNSystem - Insert complete for id=a1fe4f2c-0927-4073-909b-8210bbf4ea0c in 165.2441 ms
2025-06-18 19:21:26 [main] INFO  com.fspann.common.MetadataManager - Saved metadata to metadata.ser
2025-06-18 19:21:26 [main] INFO  com.fspann.common.MetadataManager - Saved metadata to metadata.ser
2025-06-18 19:21:26 [main] INFO  c.fspann.api.ForwardSecureANNSystem - Insert complete for id=fdda9fe4-8301-4c6c-8cc3-08defc074cf2 in 159.7331 ms
2025-06-18 19:21:26 [main] INFO  com.fspann.common.MetadataManager - Saved metadata to metadata.ser
2025-06-18 19:21:26 [main] INFO  com.fspann.common.MetadataManager - Saved metadata to metadata.ser
2025-06-18 19:21:26 [main] INFO  c.fspann.api.ForwardSecureANNSystem - Insert complete for id=4107b9d2-210e-4318-932b-d8e5737b059c in 161.4865 ms
2025-06-18 19:21:27 [main] INFO  com.fspann.common.MetadataManager - Saved metadata to metadata.ser
2025-06-18 19:21:27 [main] INFO  com.fspann.common.MetadataManager - Saved metadata to metadata.ser
2025-06-18 19:21:27 [main] INFO  c.fspann.api.ForwardSecureANNSystem - Insert complete for id=166a97d6-67b7-4618-a326-436b169a0d0f in 159.8506 ms
2025-06-18 19:21:27 [main] INFO  com.fspann.common.MetadataManager - Saved metadata to metadata.ser
2025-06-18 19:21:27 [main] INFO  com.fspann.common.MetadataManager - Saved metadata to metadata.ser
2025-06-18 19:21:27 [main] INFO  c.fspann.api.ForwardSecureANNSystem - Insert complete for id=3637259b-d39f-4a66-9dbe-9a8774daab58 in 171.9644 ms
2025-06-18 19:21:27 [main] INFO  com.fspann.common.MetadataManager - Saved metadata to metadata.ser
2025-06-18 19:21:27 [main] INFO  com.fspann.common.MetadataManager - Saved metadata to metadata.ser
2025-06-18 19:21:27 [main] INFO  c.fspann.api.ForwardSecureANNSystem - Insert complete for id=777702f0-505b-4b88-ac45-7cc6b8f44010 in 162.5062 ms
2025-06-18 19:21:27 [main] INFO  com.fspann.common.MetadataManager - Saved metadata to metadata.ser
2025-06-18 19:21:27 [main] INFO  com.fspann.common.MetadataManager - Saved metadata to metadata.ser
2025-06-18 19:21:27 [main] INFO  c.fspann.api.ForwardSecureANNSystem - Insert complete for id=c705ff89-27b6-4f03-a4c9-7fc3defd497d in 163.8413 ms
2025-06-18 19:21:27 [main] INFO  com.fspann.common.MetadataManager - Saved metadata to metadata.ser
2025-06-18 19:21:27 [main] INFO  com.fspann.common.MetadataManager - Saved metadata to metadata.ser
2025-06-18 19:21:27 [main] INFO  c.fspann.api.ForwardSecureANNSystem - Insert complete for id=cb88f175-b5c3-47d8-97ab-4b6df53d9a75 in 161.197 ms
2025-06-18 19:21:27 [main] INFO  com.fspann.common.MetadataManager - Saved metadata to metadata.ser
2025-06-18 19:21:27 [main] INFO  com.fspann.common.MetadataManager - Saved metadata to metadata.ser
2025-06-18 19:21:27 [main] INFO  c.fspann.api.ForwardSecureANNSystem - Insert complete for id=fa89a1d7-a7c3-421d-a582-0fc5bc5af4ed in 165.6754 ms
2025-06-18 19:21:27 [main] INFO  com.fspann.common.MetadataManager - Saved metadata to metadata.ser
2025-06-18 19:21:28 [main] INFO  com.fspann.common.MetadataManager - Saved metadata to metadata.ser
2025-06-18 19:21:28 [main] INFO  c.fspann.api.ForwardSecureANNSystem - Insert complete for id=cfab5114-e48c-4010-b58f-e4a8e0998e8b in 160.65 ms
2025-06-18 19:21:28 [main] INFO  com.fspann.common.MetadataManager - Saved metadata to metadata.ser
2025-06-18 19:21:28 [main] INFO  com.fspann.common.MetadataManager - Saved metadata to metadata.ser
2025-06-18 19:21:28 [main] INFO  c.fspann.api.ForwardSecureANNSystem - Insert complete for id=4b7c57c2-db46-4b14-8fe4-fab1be23aa74 in 161.3638 ms
2025-06-18 19:21:28 [main] INFO  com.fspann.common.MetadataManager - Saved metadata to metadata.ser
2025-06-18 19:21:28 [main] INFO  com.fspann.common.MetadataManager - Saved metadata to metadata.ser
2025-06-18 19:21:28 [main] INFO  c.fspann.api.ForwardSecureANNSystem - Insert complete for id=b7204b6a-444e-408e-8e53-79b4d601a02e in 159.1569 ms
2025-06-18 19:21:28 [main] INFO  com.fspann.common.MetadataManager - Saved metadata to metadata.ser
2025-06-18 19:21:28 [main] INFO  com.fspann.common.MetadataManager - Saved metadata to metadata.ser
2025-06-18 19:21:28 [main] INFO  c.fspann.api.ForwardSecureANNSystem - Insert complete for id=969d93f5-c151-40a2-a669-c680c9a4d473 in 164.9706 ms
2025-06-18 19:21:28 [main] INFO  com.fspann.common.MetadataManager - Saved metadata to metadata.ser
2025-06-18 19:21:28 [main] INFO  com.fspann.common.MetadataManager - Saved metadata to metadata.ser
2025-06-18 19:21:28 [main] INFO  c.fspann.api.ForwardSecureANNSystem - Insert complete for id=40d71689-42f4-4c5d-8899-394963ed2af1 in 168.9541 ms
2025-06-18 19:21:28 [main] INFO  com.fspann.common.MetadataManager - Saved metadata to metadata.ser
2025-06-18 19:21:28 [main] INFO  com.fspann.common.MetadataManager - Saved metadata to metadata.ser
2025-06-18 19:21:28 [main] INFO  c.fspann.api.ForwardSecureANNSystem - Insert complete for id=65995e8b-155f-4069-9e81-4bdbe7ef5ee7 in 165.3121 ms
2025-06-18 19:21:28 [main] INFO  com.fspann.common.MetadataManager - Saved metadata to metadata.ser
2025-06-18 19:21:29 [main] INFO  com.fspann.common.MetadataManager - Saved metadata to metadata.ser
2025-06-18 19:21:29 [main] INFO  c.fspann.api.ForwardSecureANNSystem - Insert complete for id=e76d4eb2-0af3-4e1c-b621-ab32d4cc57a4 in 163.7748 ms
2025-06-18 19:21:29 [main] INFO  com.fspann.common.MetadataManager - Saved metadata to metadata.ser
2025-06-18 19:21:29 [main] INFO  com.fspann.common.MetadataManager - Saved metadata to metadata.ser
2025-06-18 19:21:29 [main] INFO  c.fspann.api.ForwardSecureANNSystem - Insert complete for id=5b4e3fca-9137-40fc-bf17-531ac176386b in 161.6668 ms
2025-06-18 19:21:29 [main] INFO  com.fspann.common.MetadataManager - Saved metadata to metadata.ser
2025-06-18 19:21:29 [main] INFO  com.fspann.common.MetadataManager - Saved metadata to metadata.ser
2025-06-18 19:21:29 [main] INFO  c.fspann.api.ForwardSecureANNSystem - Insert complete for id=cb406eb7-5426-4b73-af65-a382b6b3371a in 159.4102 ms
2025-06-18 19:21:29 [main] INFO  com.fspann.common.MetadataManager - Saved metadata to metadata.ser
2025-06-18 19:21:29 [main] INFO  com.fspann.common.MetadataManager - Saved metadata to metadata.ser
2025-06-18 19:21:29 [main] INFO  c.fspann.api.ForwardSecureANNSystem - Insert complete for id=039e2ea5-0ae4-4661-9184-39153515c47f in 170.9772 ms
2025-06-18 19:21:29 [main] INFO  com.fspann.common.MetadataManager - Saved metadata to metadata.ser
2025-06-18 19:21:29 [main] INFO  com.fspann.common.MetadataManager - Saved metadata to metadata.ser
2025-06-18 19:21:29 [main] INFO  c.fspann.api.ForwardSecureANNSystem - Insert complete for id=4e9b986a-42d1-4e02-89fd-9f8f9758da19 in 163.3232 ms
2025-06-18 19:21:29 [main] INFO  com.fspann.common.MetadataManager - Saved metadata to metadata.ser
2025-06-18 19:21:29 [main] INFO  com.fspann.common.MetadataManager - Saved metadata to metadata.ser
2025-06-18 19:21:29 [main] INFO  c.fspann.api.ForwardSecureANNSystem - Insert complete for id=1d1bb4b3-a00c-49a2-8143-0c63c39d0b24 in 160.0329 ms
2025-06-18 19:21:29 [main] INFO  com.fspann.common.MetadataManager - Saved metadata to metadata.ser
2025-06-18 19:21:30 [main] INFO  com.fspann.common.MetadataManager - Saved metadata to metadata.ser
2025-06-18 19:21:30 [main] INFO  c.fspann.api.ForwardSecureANNSystem - Insert complete for id=cc82fefa-ef4b-4c89-81e2-a605b48482c0 in 160.8929 ms
2025-06-18 19:21:30 [main] INFO  com.fspann.common.MetadataManager - Saved metadata to metadata.ser
2025-06-18 19:21:30 [main] INFO  com.fspann.common.MetadataManager - Saved metadata to metadata.ser
2025-06-18 19:21:30 [main] INFO  c.fspann.api.ForwardSecureANNSystem - Insert complete for id=df596154-5b5d-4961-87a1-c1d8ba382199 in 160.3389 ms
2025-06-18 19:21:30 [main] INFO  com.fspann.common.MetadataManager - Saved metadata to metadata.ser
2025-06-18 19:21:30 [main] INFO  com.fspann.common.MetadataManager - Saved metadata to metadata.ser
2025-06-18 19:21:30 [main] INFO  c.fspann.api.ForwardSecureANNSystem - Insert complete for id=1004468d-04d7-4176-a562-4b92721b098a in 159.4 ms
2025-06-18 19:21:30 [main] INFO  com.fspann.common.MetadataManager - Saved metadata to metadata.ser
2025-06-18 19:21:30 [main] INFO  com.fspann.common.MetadataManager - Saved metadata to metadata.ser
2025-06-18 19:21:30 [main] INFO  c.fspann.api.ForwardSecureANNSystem - Insert complete for id=602f20d1-65d8-4ed1-b182-4ff888720c78 in 166.7999 ms
2025-06-18 19:21:30 [main] INFO  com.fspann.common.MetadataManager - Saved metadata to metadata.ser
2025-06-18 19:21:30 [main] INFO  com.fspann.common.MetadataManager - Saved metadata to metadata.ser
2025-06-18 19:21:30 [main] INFO  c.fspann.api.ForwardSecureANNSystem - Insert complete for id=a079fde0-ed62-4872-9c06-7653718600ad in 157.6576 ms
2025-06-18 19:21:30 [main] INFO  com.fspann.common.MetadataManager - Saved metadata to metadata.ser
2025-06-18 19:21:30 [main] INFO  com.fspann.common.MetadataManager - Saved metadata to metadata.ser
2025-06-18 19:21:30 [main] INFO  c.fspann.api.ForwardSecureANNSystem - Insert complete for id=7995e48b-6f6a-4b2c-8e8f-ae355b9ff07d in 160.9808 ms
2025-06-18 19:21:30 [main] INFO  com.fspann.common.MetadataManager - Saved metadata to metadata.ser
2025-06-18 19:21:30 [main] INFO  com.fspann.common.MetadataManager - Saved metadata to metadata.ser
2025-06-18 19:21:30 [main] INFO  c.fspann.api.ForwardSecureANNSystem - Insert complete for id=3625b46c-7b68-44ab-a95d-963687c67705 in 163.1014 ms
2025-06-18 19:21:31 [main] INFO  com.fspann.common.MetadataManager - Saved metadata to metadata.ser
2025-06-18 19:21:31 [main] INFO  com.fspann.common.MetadataManager - Saved metadata to metadata.ser
2025-06-18 19:21:31 [main] INFO  c.fspann.api.ForwardSecureANNSystem - Insert complete for id=b92573a4-ad3e-4b5a-99a4-bf4551d3750f in 160.0888 ms
2025-06-18 19:21:31 [main] INFO  com.fspann.common.MetadataManager - Saved metadata to metadata.ser
2025-06-18 19:21:31 [main] INFO  com.fspann.common.MetadataManager - Saved metadata to metadata.ser
2025-06-18 19:21:31 [main] INFO  c.fspann.api.ForwardSecureANNSystem - Insert complete for id=ed87085f-4017-49ac-8b62-eec85150d127 in 157.9775 ms
2025-06-18 19:21:31 [main] INFO  com.fspann.common.MetadataManager - Saved metadata to metadata.ser
2025-06-18 19:21:31 [main] INFO  com.fspann.common.MetadataManager - Saved metadata to metadata.ser
2025-06-18 19:21:31 [main] INFO  c.fspann.api.ForwardSecureANNSystem - Insert complete for id=104c9440-5ab1-4090-90ed-8e0363a8f048 in 162.9005 ms
2025-06-18 19:21:31 [main] INFO  com.fspann.common.MetadataManager - Saved metadata to metadata.ser
2025-06-18 19:21:31 [main] INFO  com.fspann.common.MetadataManager - Saved metadata to metadata.ser
2025-06-18 19:21:31 [main] INFO  c.fspann.api.ForwardSecureANNSystem - Insert complete for id=a8be3000-8a5e-48b1-92b1-aa3842426318 in 163.5981 ms
2025-06-18 19:21:31 [main] INFO  com.fspann.common.MetadataManager - Saved metadata to metadata.ser
2025-06-18 19:21:31 [main] INFO  com.fspann.common.MetadataManager - Saved metadata to metadata.ser
2025-06-18 19:21:31 [main] INFO  c.fspann.api.ForwardSecureANNSystem - Insert complete for id=284982f3-71e9-4ec0-84cf-b542f7442604 in 160.3245 ms
2025-06-18 19:21:31 [main] INFO  com.fspann.common.MetadataManager - Saved metadata to metadata.ser
2025-06-18 19:21:31 [main] INFO  com.fspann.common.MetadataManager - Saved metadata to metadata.ser
2025-06-18 19:21:31 [main] INFO  c.fspann.api.ForwardSecureANNSystem - Insert complete for id=b9f56800-6447-4aa4-add1-df61435bee54 in 165.1003 ms
2025-06-18 19:21:32 [main] INFO  com.fspann.common.MetadataManager - Saved metadata to metadata.ser
2025-06-18 19:21:32 [main] INFO  com.fspann.common.MetadataManager - Saved metadata to metadata.ser
2025-06-18 19:21:32 [main] INFO  c.fspann.api.ForwardSecureANNSystem - Insert complete for id=904cbfa1-24d5-4421-99fa-c9fee180fef7 in 164.143 ms
2025-06-18 19:21:32 [main] INFO  com.fspann.common.MetadataManager - Saved metadata to metadata.ser
2025-06-18 19:21:32 [main] INFO  com.fspann.common.MetadataManager - Saved metadata to metadata.ser
2025-06-18 19:21:32 [main] INFO  c.fspann.api.ForwardSecureANNSystem - Insert complete for id=a1341944-2020-462f-95cc-12c2b4ad5a29 in 165.1074 ms
2025-06-18 19:21:32 [main] INFO  com.fspann.common.MetadataManager - Saved metadata to metadata.ser
2025-06-18 19:21:32 [main] INFO  com.fspann.common.MetadataManager - Saved metadata to metadata.ser
2025-06-18 19:21:32 [main] INFO  c.fspann.api.ForwardSecureANNSystem - Insert complete for id=46c381dd-e734-40d7-9343-8ffe9e63d8b5 in 161.3932 ms
2025-06-18 19:21:32 [main] INFO  com.fspann.common.MetadataManager - Saved metadata to metadata.ser
2025-06-18 19:21:32 [main] INFO  com.fspann.common.MetadataManager - Saved metadata to metadata.ser
2025-06-18 19:21:32 [main] INFO  c.fspann.api.ForwardSecureANNSystem - Insert complete for id=6334bee3-c972-4489-ab9e-996c4e6b1073 in 159.7001 ms
2025-06-18 19:21:32 [main] INFO  com.fspann.common.MetadataManager - Saved metadata to metadata.ser
2025-06-18 19:21:32 [main] INFO  com.fspann.common.MetadataManager - Saved metadata to metadata.ser
2025-06-18 19:21:32 [main] INFO  c.fspann.api.ForwardSecureANNSystem - Insert complete for id=9b31eb3e-2e22-4c99-ab28-06095a4a1a8c in 173.1112 ms
2025-06-18 19:21:32 [main] INFO  com.fspann.common.MetadataManager - Saved metadata to metadata.ser
2025-06-18 19:21:32 [main] INFO  com.fspann.common.MetadataManager - Saved metadata to metadata.ser
2025-06-18 19:21:32 [main] INFO  c.fspann.api.ForwardSecureANNSystem - Insert complete for id=f33650f7-6b96-445e-b8b2-86ac1c39e673 in 163.2402 ms
2025-06-18 19:21:33 [main] INFO  com.fspann.common.MetadataManager - Saved metadata to metadata.ser
2025-06-18 19:21:33 [main] INFO  com.fspann.common.MetadataManager - Saved metadata to metadata.ser
2025-06-18 19:21:33 [main] INFO  c.fspann.api.ForwardSecureANNSystem - Insert complete for id=e848751a-db8f-43ec-9b30-d8e08efca975 in 161.9036 ms
2025-06-18 19:21:33 [main] INFO  com.fspann.common.MetadataManager - Saved metadata to metadata.ser
2025-06-18 19:21:33 [main] INFO  com.fspann.common.MetadataManager - Saved metadata to metadata.ser
2025-06-18 19:21:33 [main] INFO  c.fspann.api.ForwardSecureANNSystem - Insert complete for id=c8b31861-c781-4815-9b37-371c3984c2aa in 166.0233 ms
2025-06-18 19:21:33 [main] ERROR c.fspann.crypto.AesGcmCryptoService - Query decryption failed
javax.crypto.AEADBadTagException: Tag mismatch
	at java.base/com.sun.crypto.provider.GaloisCounterMode$GCMDecrypt.doFinal(GaloisCounterMode.java:1518)
	at java.base/com.sun.crypto.provider.GaloisCounterMode.engineDoFinal(GaloisCounterMode.java:415)
	at java.base/javax.crypto.Cipher.doFinal(Cipher.java:2252)
	at com.fspann.crypto.EncryptionUtils.decryptVector(EncryptionUtils.java:66)
	at com.fspann.crypto.AesGcmCryptoService.lambda$decryptQuery$2(AesGcmCryptoService.java:79)
	at io.micrometer.core.instrument.AbstractTimer.record(AbstractTimer.java:168)
	at com.fspann.crypto.AesGcmCryptoService.decryptQuery(AesGcmCryptoService.java:77)
	at com.fspann.query.service.QueryServiceImpl.search(QueryServiceImpl.java:48)
	at com.fspann.api.ForwardSecureANNSystem.queryWithCloak(ForwardSecureANNSystem.java:292)
	at com.fspann.api.ForwardSecureANNSystem.runEndToEnd(ForwardSecureANNSystem.java:359)
	at com.fspann.api.ForwardSecureANNSystemPerformanceIntegrationTest.endToEndWorkflowTest(ForwardSecureANNSystemPerformanceIntegrationTest.java:131)
	at java.base/jdk.internal.reflect.DirectMethodHandleAccessor.invoke(DirectMethodHandleAccessor.java:103)
	at java.base/java.lang.reflect.Method.invoke(Method.java:580)
	at org.junit.platform.commons.util.ReflectionUtils.invokeMethod(ReflectionUtils.java:766)
	at org.junit.jupiter.engine.execution.MethodInvocation.proceed(MethodInvocation.java:60)
	at org.junit.jupiter.engine.execution.InvocationInterceptorChain$ValidatingInvocation.proceed(InvocationInterceptorChain.java:131)
	at org.junit.jupiter.engine.extension.TimeoutExtension.intercept(TimeoutExtension.java:156)
	at org.junit.jupiter.engine.extension.TimeoutExtension.interceptTestableMethod(TimeoutExtension.java:147)
	at org.junit.jupiter.engine.extension.TimeoutExtension.interceptTestMethod(TimeoutExtension.java:86)
	at org.junit.jupiter.engine.execution.InterceptingExecutableInvoker$ReflectiveInterceptorCall.lambda$ofVoidMethod$0(InterceptingExecutableInvoker.java:103)
	at org.junit.jupiter.engine.execution.InterceptingExecutableInvoker.lambda$invoke$0(InterceptingExecutableInvoker.java:93)
	at org.junit.jupiter.engine.execution.InvocationInterceptorChain$InterceptedInvocation.proceed(InvocationInterceptorChain.java:106)
	at org.junit.jupiter.engine.execution.InvocationInterceptorChain.proceed(InvocationInterceptorChain.java:64)
	at org.junit.jupiter.engine.execution.InvocationInterceptorChain.chainAndInvoke(InvocationInterceptorChain.java:45)
	at org.junit.jupiter.engine.execution.InvocationInterceptorChain.invoke(InvocationInterceptorChain.java:37)
	at org.junit.jupiter.engine.execution.InterceptingExecutableInvoker.invoke(InterceptingExecutableInvoker.java:92)
	at org.junit.jupiter.engine.execution.InterceptingExecutableInvoker.invoke(InterceptingExecutableInvoker.java:86)
	at org.junit.jupiter.engine.descriptor.TestMethodTestDescriptor.lambda$invokeTestMethod$8(TestMethodTestDescriptor.java:217)
	at org.junit.platform.engine.support.hierarchical.ThrowableCollector.execute(ThrowableCollector.java:73)
	at org.junit.jupiter.engine.descriptor.TestMethodTestDescriptor.invokeTestMethod(TestMethodTestDescriptor.java:213)
	at org.junit.jupiter.engine.descriptor.TestMethodTestDescriptor.execute(TestMethodTestDescriptor.java:138)
	at org.junit.jupiter.engine.descriptor.TestMethodTestDescriptor.execute(TestMethodTestDescriptor.java:68)
	at org.junit.platform.engine.support.hierarchical.NodeTestTask.lambda$executeRecursively$6(NodeTestTask.java:151)
	at org.junit.platform.engine.support.hierarchical.ThrowableCollector.execute(ThrowableCollector.java:73)
	at org.junit.platform.engine.support.hierarchical.NodeTestTask.lambda$executeRecursively$8(NodeTestTask.java:141)
	at org.junit.platform.engine.support.hierarchical.Node.around(Node.java:137)
	at org.junit.platform.engine.support.hierarchical.NodeTestTask.lambda$executeRecursively$9(NodeTestTask.java:139)
	at org.junit.platform.engine.support.hierarchical.ThrowableCollector.execute(ThrowableCollector.java:73)
	at org.junit.platform.engine.support.hierarchical.NodeTestTask.executeRecursively(NodeTestTask.java:138)
	at org.junit.platform.engine.support.hierarchical.NodeTestTask.execute(NodeTestTask.java:95)
	at java.base/java.util.ArrayList.forEach(ArrayList.java:1597)
	at org.junit.platform.engine.support.hierarchical.SameThreadHierarchicalTestExecutorService.invokeAll(SameThreadHierarchicalTestExecutorService.java:41)
	at org.junit.platform.engine.support.hierarchical.NodeTestTask.lambda$executeRecursively$6(NodeTestTask.java:155)
	at org.junit.platform.engine.support.hierarchical.ThrowableCollector.execute(ThrowableCollector.java:73)
	at org.junit.platform.engine.support.hierarchical.NodeTestTask.lambda$executeRecursively$8(NodeTestTask.java:141)
	at org.junit.platform.engine.support.hierarchical.Node.around(Node.java:137)
	at org.junit.platform.engine.support.hierarchical.NodeTestTask.lambda$executeRecursively$9(NodeTestTask.java:139)
	at org.junit.platform.engine.support.hierarchical.ThrowableCollector.execute(ThrowableCollector.java:73)
	at org.junit.platform.engine.support.hierarchical.NodeTestTask.executeRecursively(NodeTestTask.java:138)
	at org.junit.platform.engine.support.hierarchical.NodeTestTask.execute(NodeTestTask.java:95)
	at java.base/java.util.ArrayList.forEach(ArrayList.java:1597)
	at org.junit.platform.engine.support.hierarchical.SameThreadHierarchicalTestExecutorService.invokeAll(SameThreadHierarchicalTestExecutorService.java:41)
	at org.junit.platform.engine.support.hierarchical.NodeTestTask.lambda$executeRecursively$6(NodeTestTask.java:155)
	at org.junit.platform.engine.support.hierarchical.ThrowableCollector.execute(ThrowableCollector.java:73)
	at org.junit.platform.engine.support.hierarchical.NodeTestTask.lambda$executeRecursively$8(NodeTestTask.java:141)
	at org.junit.platform.engine.support.hierarchical.Node.around(Node.java:137)
	at org.junit.platform.engine.support.hierarchical.NodeTestTask.lambda$executeRecursively$9(NodeTestTask.java:139)
	at org.junit.platform.engine.support.hierarchical.ThrowableCollector.execute(ThrowableCollector.java:73)
	at org.junit.platform.engine.support.hierarchical.NodeTestTask.executeRecursively(NodeTestTask.java:138)
	at org.junit.platform.engine.support.hierarchical.NodeTestTask.execute(NodeTestTask.java:95)
	at org.junit.platform.engine.support.hierarchical.SameThreadHierarchicalTestExecutorService.submit(SameThreadHierarchicalTestExecutorService.java:35)
	at org.junit.platform.engine.support.hierarchical.HierarchicalTestExecutor.execute(HierarchicalTestExecutor.java:57)
	at org.junit.platform.engine.support.hierarchical.HierarchicalTestEngine.execute(HierarchicalTestEngine.java:54)
	at org.junit.platform.launcher.core.EngineExecutionOrchestrator.execute(EngineExecutionOrchestrator.java:198)
	at org.junit.platform.launcher.core.EngineExecutionOrchestrator.execute(EngineExecutionOrchestrator.java:169)
	at org.junit.platform.launcher.core.EngineExecutionOrchestrator.execute(EngineExecutionOrchestrator.java:93)
	at org.junit.platform.launcher.core.EngineExecutionOrchestrator.lambda$execute$0(EngineExecutionOrchestrator.java:58)
	at org.junit.platform.launcher.core.EngineExecutionOrchestrator.withInterceptedStreams(EngineExecutionOrchestrator.java:141)
	at org.junit.platform.launcher.core.EngineExecutionOrchestrator.execute(EngineExecutionOrchestrator.java:57)
	at org.junit.platform.launcher.core.DefaultLauncher.execute(DefaultLauncher.java:103)
	at org.junit.platform.launcher.core.DefaultLauncher.execute(DefaultLauncher.java:85)
	at org.junit.platform.launcher.core.DelegatingLauncher.execute(DelegatingLauncher.java:47)
	at org.junit.platform.launcher.core.SessionPerRequestLauncher.execute(SessionPerRequestLauncher.java:63)
	at org.apache.maven.surefire.junitplatform.JUnitPlatformProvider.execute(JUnitPlatformProvider.java:188)
	at org.apache.maven.surefire.junitplatform.JUnitPlatformProvider.invokeAllTests(JUnitPlatformProvider.java:154)
	at org.apache.maven.surefire.junitplatform.JUnitPlatformProvider.invoke(JUnitPlatformProvider.java:128)
	at org.apache.maven.surefire.booter.ForkedBooter.runSuitesInProcess(ForkedBooter.java:428)
	at org.apache.maven.surefire.booter.ForkedBooter.execute(ForkedBooter.java:162)
	at org.apache.maven.surefire.booter.ForkedBooter.run(ForkedBooter.java:562)
	at org.apache.maven.surefire.booter.ForkedBooter.main(ForkedBooter.java:548)
2025-06-18 19:21:33 [main] ERROR c.f.query.service.QueryServiceImpl - ❌ Failed to decrypt query vector
com.fspann.crypto.AesGcmCryptoService$CryptoException: Query decryption failed
	at com.fspann.crypto.AesGcmCryptoService.lambda$decryptQuery$2(AesGcmCryptoService.java:82)
	at io.micrometer.core.instrument.AbstractTimer.record(AbstractTimer.java:168)
	at com.fspann.crypto.AesGcmCryptoService.decryptQuery(AesGcmCryptoService.java:77)
	at com.fspann.query.service.QueryServiceImpl.search(QueryServiceImpl.java:48)
	at com.fspann.api.ForwardSecureANNSystem.queryWithCloak(ForwardSecureANNSystem.java:292)
	at com.fspann.api.ForwardSecureANNSystem.runEndToEnd(ForwardSecureANNSystem.java:359)
	at com.fspann.api.ForwardSecureANNSystemPerformanceIntegrationTest.endToEndWorkflowTest(ForwardSecureANNSystemPerformanceIntegrationTest.java:131)
	at java.base/jdk.internal.reflect.DirectMethodHandleAccessor.invoke(DirectMethodHandleAccessor.java:103)
	at java.base/java.lang.reflect.Method.invoke(Method.java:580)
	at org.junit.platform.commons.util.ReflectionUtils.invokeMethod(ReflectionUtils.java:766)
	at org.junit.jupiter.engine.execution.MethodInvocation.proceed(MethodInvocation.java:60)
	at org.junit.jupiter.engine.execution.InvocationInterceptorChain$ValidatingInvocation.proceed(InvocationInterceptorChain.java:131)
	at org.junit.jupiter.engine.extension.TimeoutExtension.intercept(TimeoutExtension.java:156)
	at org.junit.jupiter.engine.extension.TimeoutExtension.interceptTestableMethod(TimeoutExtension.java:147)
	at org.junit.jupiter.engine.extension.TimeoutExtension.interceptTestMethod(TimeoutExtension.java:86)
	at org.junit.jupiter.engine.execution.InterceptingExecutableInvoker$ReflectiveInterceptorCall.lambda$ofVoidMethod$0(InterceptingExecutableInvoker.java:103)
	at org.junit.jupiter.engine.execution.InterceptingExecutableInvoker.lambda$invoke$0(InterceptingExecutableInvoker.java:93)
	at org.junit.jupiter.engine.execution.InvocationInterceptorChain$InterceptedInvocation.proceed(InvocationInterceptorChain.java:106)
	at org.junit.jupiter.engine.execution.InvocationInterceptorChain.proceed(InvocationInterceptorChain.java:64)
	at org.junit.jupiter.engine.execution.InvocationInterceptorChain.chainAndInvoke(InvocationInterceptorChain.java:45)
	at org.junit.jupiter.engine.execution.InvocationInterceptorChain.invoke(InvocationInterceptorChain.java:37)
	at org.junit.jupiter.engine.execution.InterceptingExecutableInvoker.invoke(InterceptingExecutableInvoker.java:92)
	at org.junit.jupiter.engine.execution.InterceptingExecutableInvoker.invoke(InterceptingExecutableInvoker.java:86)
	at org.junit.jupiter.engine.descriptor.TestMethodTestDescriptor.lambda$invokeTestMethod$8(TestMethodTestDescriptor.java:217)
	at org.junit.platform.engine.support.hierarchical.ThrowableCollector.execute(ThrowableCollector.java:73)
	at org.junit.jupiter.engine.descriptor.TestMethodTestDescriptor.invokeTestMethod(TestMethodTestDescriptor.java:213)
	at org.junit.jupiter.engine.descriptor.TestMethodTestDescriptor.execute(TestMethodTestDescriptor.java:138)
	at org.junit.jupiter.engine.descriptor.TestMethodTestDescriptor.execute(TestMethodTestDescriptor.java:68)
	at org.junit.platform.engine.support.hierarchical.NodeTestTask.lambda$executeRecursively$6(NodeTestTask.java:151)
	at org.junit.platform.engine.support.hierarchical.ThrowableCollector.execute(ThrowableCollector.java:73)
	at org.junit.platform.engine.support.hierarchical.NodeTestTask.lambda$executeRecursively$8(NodeTestTask.java:141)
	at org.junit.platform.engine.support.hierarchical.Node.around(Node.java:137)
	at org.junit.platform.engine.support.hierarchical.NodeTestTask.lambda$executeRecursively$9(NodeTestTask.java:139)
	at org.junit.platform.engine.support.hierarchical.ThrowableCollector.execute(ThrowableCollector.java:73)
	at org.junit.platform.engine.support.hierarchical.NodeTestTask.executeRecursively(NodeTestTask.java:138)
	at org.junit.platform.engine.support.hierarchical.NodeTestTask.execute(NodeTestTask.java:95)
	at java.base/java.util.ArrayList.forEach(ArrayList.java:1597)
	at org.junit.platform.engine.support.hierarchical.SameThreadHierarchicalTestExecutorService.invokeAll(SameThreadHierarchicalTestExecutorService.java:41)
	at org.junit.platform.engine.support.hierarchical.NodeTestTask.lambda$executeRecursively$6(NodeTestTask.java:155)
	at org.junit.platform.engine.support.hierarchical.ThrowableCollector.execute(ThrowableCollector.java:73)
	at org.junit.platform.engine.support.hierarchical.NodeTestTask.lambda$executeRecursively$8(NodeTestTask.java:141)
	at org.junit.platform.engine.support.hierarchical.Node.around(Node.java:137)
	at org.junit.platform.engine.support.hierarchical.NodeTestTask.lambda$executeRecursively$9(NodeTestTask.java:139)
	at org.junit.platform.engine.support.hierarchical.ThrowableCollector.execute(ThrowableCollector.java:73)
	at org.junit.platform.engine.support.hierarchical.NodeTestTask.executeRecursively(NodeTestTask.java:138)
	at org.junit.platform.engine.support.hierarchical.NodeTestTask.execute(NodeTestTask.java:95)
	at java.base/java.util.ArrayList.forEach(ArrayList.java:1597)
	at org.junit.platform.engine.support.hierarchical.SameThreadHierarchicalTestExecutorService.invokeAll(SameThreadHierarchicalTestExecutorService.java:41)
	at org.junit.platform.engine.support.hierarchical.NodeTestTask.lambda$executeRecursively$6(NodeTestTask.java:155)
	at org.junit.platform.engine.support.hierarchical.ThrowableCollector.execute(ThrowableCollector.java:73)
	at org.junit.platform.engine.support.hierarchical.NodeTestTask.lambda$executeRecursively$8(NodeTestTask.java:141)
	at org.junit.platform.engine.support.hierarchical.Node.around(Node.java:137)
	at org.junit.platform.engine.support.hierarchical.NodeTestTask.lambda$executeRecursively$9(NodeTestTask.java:139)
	at org.junit.platform.engine.support.hierarchical.ThrowableCollector.execute(ThrowableCollector.java:73)
	at org.junit.platform.engine.support.hierarchical.NodeTestTask.executeRecursively(NodeTestTask.java:138)
	at org.junit.platform.engine.support.hierarchical.NodeTestTask.execute(NodeTestTask.java:95)
	at org.junit.platform.engine.support.hierarchical.SameThreadHierarchicalTestExecutorService.submit(SameThreadHierarchicalTestExecutorService.java:35)
	at org.junit.platform.engine.support.hierarchical.HierarchicalTestExecutor.execute(HierarchicalTestExecutor.java:57)
	at org.junit.platform.engine.support.hierarchical.HierarchicalTestEngine.execute(HierarchicalTestEngine.java:54)
	at org.junit.platform.launcher.core.EngineExecutionOrchestrator.execute(EngineExecutionOrchestrator.java:198)
	at org.junit.platform.launcher.core.EngineExecutionOrchestrator.execute(EngineExecutionOrchestrator.java:169)
	at org.junit.platform.launcher.core.EngineExecutionOrchestrator.execute(EngineExecutionOrchestrator.java:93)
	at org.junit.platform.launcher.core.EngineExecutionOrchestrator.lambda$execute$0(EngineExecutionOrchestrator.java:58)
	at org.junit.platform.launcher.core.EngineExecutionOrchestrator.withInterceptedStreams(EngineExecutionOrchestrator.java:141)
	at org.junit.platform.launcher.core.EngineExecutionOrchestrator.execute(EngineExecutionOrchestrator.java:57)
	at org.junit.platform.launcher.core.DefaultLauncher.execute(DefaultLauncher.java:103)
	at org.junit.platform.launcher.core.DefaultLauncher.execute(DefaultLauncher.java:85)
	at org.junit.platform.launcher.core.DelegatingLauncher.execute(DelegatingLauncher.java:47)
	at org.junit.platform.launcher.core.SessionPerRequestLauncher.execute(SessionPerRequestLauncher.java:63)
	at org.apache.maven.surefire.junitplatform.JUnitPlatformProvider.execute(JUnitPlatformProvider.java:188)
	at org.apache.maven.surefire.junitplatform.JUnitPlatformProvider.invokeAllTests(JUnitPlatformProvider.java:154)
	at org.apache.maven.surefire.junitplatform.JUnitPlatformProvider.invoke(JUnitPlatformProvider.java:128)
	at org.apache.maven.surefire.booter.ForkedBooter.runSuitesInProcess(ForkedBooter.java:428)
	at org.apache.maven.surefire.booter.ForkedBooter.execute(ForkedBooter.java:162)
	at org.apache.maven.surefire.booter.ForkedBooter.run(ForkedBooter.java:562)
	at org.apache.maven.surefire.booter.ForkedBooter.main(ForkedBooter.java:548)
Caused by: javax.crypto.AEADBadTagException: Tag mismatch
	at java.base/com.sun.crypto.provider.GaloisCounterMode$GCMDecrypt.doFinal(GaloisCounterMode.java:1518)
	at java.base/com.sun.crypto.provider.GaloisCounterMode.engineDoFinal(GaloisCounterMode.java:415)
	at java.base/javax.crypto.Cipher.doFinal(Cipher.java:2252)
	at com.fspann.crypto.EncryptionUtils.decryptVector(EncryptionUtils.java:66)
	at com.fspann.crypto.AesGcmCryptoService.lambda$decryptQuery$2(AesGcmCryptoService.java:79)
	... 75 common frames omitted
]]></system-out>
  </testcase>
  <testcase name="testFakePointsInsertion(Path)" classname="com.fspann.api.ForwardSecureANNSystemPerformanceIntegrationTest" time="16.725">
    <system-out><![CDATA[2025-06-18 19:21:33 [main] INFO  c.fspann.api.ForwardSecureANNSystem - Inserting 100 fake points for dimension 10
2025-06-18 19:21:33 [main] INFO  com.fspann.common.MetadataManager - Saved metadata to metadata.ser
2025-06-18 19:21:33 [main] INFO  com.fspann.common.MetadataManager - Saved metadata to metadata.ser
2025-06-18 19:21:33 [main] INFO  c.fspann.api.ForwardSecureANNSystem - Insert complete for id=7953c477-5b7d-4ff7-80bd-cc195f773340 in 192.6951 ms
2025-06-18 19:21:33 [main] INFO  com.fspann.common.MetadataManager - Saved metadata to metadata.ser
2025-06-18 19:21:33 [main] INFO  com.fspann.common.MetadataManager - Saved metadata to metadata.ser
2025-06-18 19:21:33 [main] INFO  c.fspann.api.ForwardSecureANNSystem - Insert complete for id=d2cd6c3c-73f4-4e85-9b78-f1bbeca805f4 in 169.4472 ms
2025-06-18 19:21:33 [main] INFO  com.fspann.common.MetadataManager - Saved metadata to metadata.ser
2025-06-18 19:21:33 [main] INFO  com.fspann.common.MetadataManager - Saved metadata to metadata.ser
2025-06-18 19:21:33 [main] INFO  c.fspann.api.ForwardSecureANNSystem - Insert complete for id=be2c61ab-f6e2-4182-9e63-a39933a8eea1 in 164.754 ms
2025-06-18 19:21:33 [main] INFO  com.fspann.common.MetadataManager - Saved metadata to metadata.ser
2025-06-18 19:21:34 [main] INFO  com.fspann.common.MetadataManager - Saved metadata to metadata.ser
2025-06-18 19:21:34 [main] INFO  c.fspann.api.ForwardSecureANNSystem - Insert complete for id=84d44a18-a453-453c-9735-772b11f1a9ea in 160.9852 ms
2025-06-18 19:21:34 [main] INFO  com.fspann.common.MetadataManager - Saved metadata to metadata.ser
2025-06-18 19:21:34 [main] INFO  com.fspann.common.MetadataManager - Saved metadata to metadata.ser
2025-06-18 19:21:34 [main] INFO  c.fspann.api.ForwardSecureANNSystem - Insert complete for id=c1056625-074a-4c2d-963d-14e29c10d0b0 in 169.5304 ms
2025-06-18 19:21:34 [main] INFO  com.fspann.common.MetadataManager - Saved metadata to metadata.ser
2025-06-18 19:21:34 [main] INFO  com.fspann.common.MetadataManager - Saved metadata to metadata.ser
2025-06-18 19:21:34 [main] INFO  c.fspann.api.ForwardSecureANNSystem - Insert complete for id=c5429065-c632-4927-bee7-e03b8ac8a0f8 in 168.9537 ms
2025-06-18 19:21:34 [main] INFO  com.fspann.common.MetadataManager - Saved metadata to metadata.ser
2025-06-18 19:21:34 [main] INFO  com.fspann.common.MetadataManager - Saved metadata to metadata.ser
2025-06-18 19:21:34 [main] INFO  c.fspann.api.ForwardSecureANNSystem - Insert complete for id=f3a2b21f-0683-47ec-80aa-2607f6c3f663 in 164.7962 ms
2025-06-18 19:21:34 [main] INFO  com.fspann.common.MetadataManager - Saved metadata to metadata.ser
2025-06-18 19:21:34 [main] INFO  com.fspann.common.MetadataManager - Saved metadata to metadata.ser
2025-06-18 19:21:34 [main] INFO  c.fspann.api.ForwardSecureANNSystem - Insert complete for id=6e6b9603-404f-4cb9-930f-002fac9cd088 in 164.0081 ms
2025-06-18 19:21:34 [main] INFO  com.fspann.common.MetadataManager - Saved metadata to metadata.ser
2025-06-18 19:21:34 [main] INFO  com.fspann.common.MetadataManager - Saved metadata to metadata.ser
2025-06-18 19:21:34 [main] INFO  c.fspann.api.ForwardSecureANNSystem - Insert complete for id=c9236e6c-005f-477a-ba25-c74f790b0061 in 161.9756 ms
2025-06-18 19:21:34 [main] INFO  com.fspann.common.MetadataManager - Saved metadata to metadata.ser
2025-06-18 19:21:34 [main] INFO  com.fspann.common.MetadataManager - Saved metadata to metadata.ser
2025-06-18 19:21:34 [main] INFO  c.fspann.api.ForwardSecureANNSystem - Insert complete for id=77568c03-fae8-4894-8cd6-a07baa0b5f1f in 162.0513 ms
2025-06-18 19:21:35 [main] INFO  com.fspann.common.MetadataManager - Saved metadata to metadata.ser
2025-06-18 19:21:35 [main] INFO  com.fspann.common.MetadataManager - Saved metadata to metadata.ser
2025-06-18 19:21:35 [main] INFO  c.fspann.api.ForwardSecureANNSystem - Insert complete for id=c5d3a96d-ca4d-4225-924d-6d93b81f6a1a in 168.5823 ms
2025-06-18 19:21:35 [main] INFO  com.fspann.common.MetadataManager - Saved metadata to metadata.ser
2025-06-18 19:21:35 [main] INFO  com.fspann.common.MetadataManager - Saved metadata to metadata.ser
2025-06-18 19:21:35 [main] INFO  c.fspann.api.ForwardSecureANNSystem - Insert complete for id=1c6886c3-b986-4a34-af81-11fd24b47429 in 163.6421 ms
2025-06-18 19:21:35 [main] INFO  com.fspann.common.MetadataManager - Saved metadata to metadata.ser
2025-06-18 19:21:35 [main] INFO  com.fspann.common.MetadataManager - Saved metadata to metadata.ser
2025-06-18 19:21:35 [main] INFO  c.fspann.api.ForwardSecureANNSystem - Insert complete for id=72d57441-ab54-4d3c-be41-3e057729982b in 164.5743 ms
2025-06-18 19:21:35 [main] INFO  com.fspann.common.MetadataManager - Saved metadata to metadata.ser
2025-06-18 19:21:35 [main] INFO  com.fspann.common.MetadataManager - Saved metadata to metadata.ser
2025-06-18 19:21:35 [main] INFO  c.fspann.api.ForwardSecureANNSystem - Insert complete for id=6eabb4cc-48a6-4020-b194-e332a08182fc in 161.4779 ms
2025-06-18 19:21:35 [main] INFO  com.fspann.common.MetadataManager - Saved metadata to metadata.ser
2025-06-18 19:21:35 [main] INFO  com.fspann.common.MetadataManager - Saved metadata to metadata.ser
2025-06-18 19:21:35 [main] INFO  c.fspann.api.ForwardSecureANNSystem - Insert complete for id=3a86274e-799b-4445-8658-e8f1b994aa18 in 162.2863 ms
2025-06-18 19:21:35 [main] INFO  com.fspann.common.MetadataManager - Saved metadata to metadata.ser
2025-06-18 19:21:35 [main] INFO  com.fspann.common.MetadataManager - Saved metadata to metadata.ser
2025-06-18 19:21:35 [main] INFO  c.fspann.api.ForwardSecureANNSystem - Insert complete for id=2aed7072-37f5-4205-9df5-c0a18c2c64cb in 163.6297 ms
2025-06-18 19:21:36 [main] INFO  com.fspann.common.MetadataManager - Saved metadata to metadata.ser
2025-06-18 19:21:36 [main] INFO  com.fspann.common.MetadataManager - Saved metadata to metadata.ser
2025-06-18 19:21:36 [main] INFO  c.fspann.api.ForwardSecureANNSystem - Insert complete for id=3fa5ed58-4641-4c6c-a20b-79d2ea06cc83 in 163.7643 ms
2025-06-18 19:21:36 [main] INFO  com.fspann.common.MetadataManager - Saved metadata to metadata.ser
2025-06-18 19:21:36 [main] INFO  com.fspann.common.MetadataManager - Saved metadata to metadata.ser
2025-06-18 19:21:36 [main] INFO  c.fspann.api.ForwardSecureANNSystem - Insert complete for id=d1e9d8fb-a82b-43ab-b64e-cbaa7506ffb0 in 160.4438 ms
2025-06-18 19:21:36 [main] INFO  com.fspann.common.MetadataManager - Saved metadata to metadata.ser
2025-06-18 19:21:36 [main] INFO  com.fspann.common.MetadataManager - Saved metadata to metadata.ser
2025-06-18 19:21:36 [main] INFO  c.fspann.api.ForwardSecureANNSystem - Insert complete for id=53a73c1c-17aa-44c4-995d-44a5296f1f6f in 161.5114 ms
2025-06-18 19:21:36 [main] INFO  com.fspann.common.MetadataManager - Saved metadata to metadata.ser
2025-06-18 19:21:36 [main] INFO  com.fspann.common.MetadataManager - Saved metadata to metadata.ser
2025-06-18 19:21:36 [main] INFO  c.fspann.api.ForwardSecureANNSystem - Insert complete for id=b58f87ef-947c-4a43-82a3-7867c282d6c1 in 160.6719 ms
2025-06-18 19:21:36 [main] INFO  com.fspann.common.MetadataManager - Saved metadata to metadata.ser
2025-06-18 19:21:36 [main] INFO  com.fspann.common.MetadataManager - Saved metadata to metadata.ser
2025-06-18 19:21:36 [main] INFO  c.fspann.api.ForwardSecureANNSystem - Insert complete for id=5db43fa1-1f99-4c50-b618-d7dd2b2a6a2b in 173.0075 ms
2025-06-18 19:21:36 [main] INFO  com.fspann.common.MetadataManager - Saved metadata to metadata.ser
2025-06-18 19:21:36 [main] INFO  com.fspann.common.MetadataManager - Saved metadata to metadata.ser
2025-06-18 19:21:36 [main] INFO  c.fspann.api.ForwardSecureANNSystem - Insert complete for id=e9924380-e049-4909-a885-9473b3f6950b in 161.7796 ms
2025-06-18 19:21:37 [main] INFO  com.fspann.common.MetadataManager - Saved metadata to metadata.ser
2025-06-18 19:21:37 [main] INFO  com.fspann.common.MetadataManager - Saved metadata to metadata.ser
2025-06-18 19:21:37 [main] INFO  c.fspann.api.ForwardSecureANNSystem - Insert complete for id=b05324ea-abf0-4c32-918b-c133a7d71417 in 161.7425 ms
2025-06-18 19:21:37 [main] INFO  com.fspann.common.MetadataManager - Saved metadata to metadata.ser
2025-06-18 19:21:37 [main] INFO  com.fspann.common.MetadataManager - Saved metadata to metadata.ser
2025-06-18 19:21:37 [main] INFO  c.fspann.api.ForwardSecureANNSystem - Insert complete for id=e24a7a4b-66bb-4286-be97-05f115a115fd in 163.834 ms
2025-06-18 19:21:37 [main] INFO  com.fspann.common.MetadataManager - Saved metadata to metadata.ser
2025-06-18 19:21:37 [main] INFO  com.fspann.common.MetadataManager - Saved metadata to metadata.ser
2025-06-18 19:21:37 [main] INFO  c.fspann.api.ForwardSecureANNSystem - Insert complete for id=08d8002b-693d-4ec5-94f9-3e117c8ad609 in 161.946 ms
2025-06-18 19:21:37 [main] INFO  com.fspann.common.MetadataManager - Saved metadata to metadata.ser
2025-06-18 19:21:37 [main] INFO  com.fspann.common.MetadataManager - Saved metadata to metadata.ser
2025-06-18 19:21:37 [main] INFO  c.fspann.api.ForwardSecureANNSystem - Insert complete for id=559c0317-a877-4843-8781-add4cd459a43 in 167.2667 ms
2025-06-18 19:21:37 [main] INFO  com.fspann.common.MetadataManager - Saved metadata to metadata.ser
2025-06-18 19:21:37 [main] INFO  com.fspann.common.MetadataManager - Saved metadata to metadata.ser
2025-06-18 19:21:37 [main] INFO  c.fspann.api.ForwardSecureANNSystem - Insert complete for id=0e0a60cd-4bd7-4122-958d-e930b66f5a42 in 164.4628 ms
2025-06-18 19:21:37 [main] INFO  com.fspann.common.MetadataManager - Saved metadata to metadata.ser
2025-06-18 19:21:37 [main] INFO  com.fspann.common.MetadataManager - Saved metadata to metadata.ser
2025-06-18 19:21:37 [main] INFO  c.fspann.api.ForwardSecureANNSystem - Insert complete for id=f2183603-8426-4447-9f11-9dcd6aeee421 in 161.1981 ms
2025-06-18 19:21:38 [main] INFO  com.fspann.common.MetadataManager - Saved metadata to metadata.ser
2025-06-18 19:21:38 [main] INFO  com.fspann.common.MetadataManager - Saved metadata to metadata.ser
2025-06-18 19:21:38 [main] INFO  c.fspann.api.ForwardSecureANNSystem - Insert complete for id=6037ff6d-f755-49cc-81f6-d4bf25c59025 in 164.5394 ms
2025-06-18 19:21:38 [main] INFO  com.fspann.common.MetadataManager - Saved metadata to metadata.ser
2025-06-18 19:21:38 [main] INFO  com.fspann.common.MetadataManager - Saved metadata to metadata.ser
2025-06-18 19:21:38 [main] INFO  c.fspann.api.ForwardSecureANNSystem - Insert complete for id=a800e546-1c95-42be-a43e-4f0a1c83fb7a in 163.5704 ms
2025-06-18 19:21:38 [main] INFO  com.fspann.common.MetadataManager - Saved metadata to metadata.ser
2025-06-18 19:21:38 [main] INFO  com.fspann.common.MetadataManager - Saved metadata to metadata.ser
2025-06-18 19:21:38 [main] INFO  c.fspann.api.ForwardSecureANNSystem - Insert complete for id=bc642ce1-3f41-49c4-a5af-31e8ecc75fe3 in 160.9453 ms
2025-06-18 19:21:38 [main] INFO  com.fspann.common.MetadataManager - Saved metadata to metadata.ser
2025-06-18 19:21:38 [main] INFO  com.fspann.common.MetadataManager - Saved metadata to metadata.ser
2025-06-18 19:21:38 [main] INFO  c.fspann.api.ForwardSecureANNSystem - Insert complete for id=d080f2fa-33e1-4072-9b15-eff07098e4ae in 169.2161 ms
2025-06-18 19:21:38 [main] INFO  com.fspann.common.MetadataManager - Saved metadata to metadata.ser
2025-06-18 19:21:38 [main] INFO  com.fspann.common.MetadataManager - Saved metadata to metadata.ser
2025-06-18 19:21:38 [main] INFO  c.fspann.api.ForwardSecureANNSystem - Insert complete for id=0bc97879-5ca5-4fc0-85c2-08e75f3536b0 in 164.4741 ms
2025-06-18 19:21:38 [main] INFO  com.fspann.common.MetadataManager - Saved metadata to metadata.ser
2025-06-18 19:21:38 [main] INFO  com.fspann.common.MetadataManager - Saved metadata to metadata.ser
2025-06-18 19:21:38 [main] INFO  c.fspann.api.ForwardSecureANNSystem - Insert complete for id=3c4cdde1-86e4-44d3-a6fa-544870d2feb3 in 163.0954 ms
2025-06-18 19:21:39 [main] INFO  com.fspann.common.MetadataManager - Saved metadata to metadata.ser
2025-06-18 19:21:39 [main] INFO  com.fspann.common.MetadataManager - Saved metadata to metadata.ser
2025-06-18 19:21:39 [main] INFO  c.fspann.api.ForwardSecureANNSystem - Insert complete for id=440dddd9-bae0-443e-971a-00c5f87d39bf in 163.8303 ms
2025-06-18 19:21:39 [main] INFO  com.fspann.common.MetadataManager - Saved metadata to metadata.ser
2025-06-18 19:21:39 [main] INFO  com.fspann.common.MetadataManager - Saved metadata to metadata.ser
2025-06-18 19:21:39 [main] INFO  c.fspann.api.ForwardSecureANNSystem - Insert complete for id=a86de1c1-6ac6-4a14-a7ef-a54925fd0b65 in 164.2499 ms
2025-06-18 19:21:39 [main] INFO  com.fspann.common.MetadataManager - Saved metadata to metadata.ser
2025-06-18 19:21:39 [main] INFO  com.fspann.common.MetadataManager - Saved metadata to metadata.ser
2025-06-18 19:21:39 [main] INFO  c.fspann.api.ForwardSecureANNSystem - Insert complete for id=2fc5fa37-7ea6-44a4-be5c-8c9295e35a00 in 160.7578 ms
2025-06-18 19:21:39 [main] INFO  com.fspann.common.MetadataManager - Saved metadata to metadata.ser
2025-06-18 19:21:39 [main] INFO  com.fspann.common.MetadataManager - Saved metadata to metadata.ser
2025-06-18 19:21:39 [main] INFO  c.fspann.api.ForwardSecureANNSystem - Insert complete for id=52126262-291d-4492-9497-8127c25a82cf in 174.2591 ms
2025-06-18 19:21:39 [main] INFO  com.fspann.common.MetadataManager - Saved metadata to metadata.ser
2025-06-18 19:21:39 [main] INFO  com.fspann.common.MetadataManager - Saved metadata to metadata.ser
2025-06-18 19:21:39 [main] INFO  c.fspann.api.ForwardSecureANNSystem - Insert complete for id=77df2ef1-b32b-47f3-b594-f11271f67ba4 in 164.7579 ms
2025-06-18 19:21:39 [main] INFO  com.fspann.common.MetadataManager - Saved metadata to metadata.ser
2025-06-18 19:21:39 [main] INFO  com.fspann.common.MetadataManager - Saved metadata to metadata.ser
2025-06-18 19:21:39 [main] INFO  c.fspann.api.ForwardSecureANNSystem - Insert complete for id=cae6b8a8-9828-458d-ad5d-d4b5ee3e25f4 in 162.179 ms
2025-06-18 19:21:39 [main] INFO  com.fspann.common.MetadataManager - Saved metadata to metadata.ser
2025-06-18 19:21:40 [main] INFO  com.fspann.common.MetadataManager - Saved metadata to metadata.ser
2025-06-18 19:21:40 [main] INFO  c.fspann.api.ForwardSecureANNSystem - Insert complete for id=f85f4b77-de55-413c-bbd4-b9a0c057452c in 164.5356 ms
2025-06-18 19:21:40 [main] INFO  com.fspann.common.MetadataManager - Saved metadata to metadata.ser
2025-06-18 19:21:40 [main] INFO  com.fspann.common.MetadataManager - Saved metadata to metadata.ser
2025-06-18 19:21:40 [main] INFO  c.fspann.api.ForwardSecureANNSystem - Insert complete for id=bac452b2-bf51-482b-829d-7b631a51f13e in 164.1232 ms
2025-06-18 19:21:40 [main] INFO  com.fspann.common.MetadataManager - Saved metadata to metadata.ser
2025-06-18 19:21:40 [main] INFO  com.fspann.common.MetadataManager - Saved metadata to metadata.ser
2025-06-18 19:21:40 [main] INFO  c.fspann.api.ForwardSecureANNSystem - Insert complete for id=4c93ce08-1871-45cd-a135-379e34fb807a in 162.3325 ms
2025-06-18 19:21:40 [main] INFO  com.fspann.common.MetadataManager - Saved metadata to metadata.ser
2025-06-18 19:21:40 [main] INFO  com.fspann.common.MetadataManager - Saved metadata to metadata.ser
2025-06-18 19:21:40 [main] INFO  c.fspann.api.ForwardSecureANNSystem - Insert complete for id=0b60ab8e-5583-49d4-bc7e-d5acf7e8805d in 164.0639 ms
2025-06-18 19:21:40 [main] INFO  com.fspann.common.MetadataManager - Saved metadata to metadata.ser
2025-06-18 19:21:40 [main] INFO  com.fspann.common.MetadataManager - Saved metadata to metadata.ser
2025-06-18 19:21:40 [main] INFO  c.fspann.api.ForwardSecureANNSystem - Insert complete for id=5f95690f-0878-46c8-99ed-ddb2fc05f9b2 in 162.1108 ms
2025-06-18 19:21:40 [main] INFO  com.fspann.common.MetadataManager - Saved metadata to metadata.ser
2025-06-18 19:21:40 [main] INFO  com.fspann.common.MetadataManager - Saved metadata to metadata.ser
2025-06-18 19:21:40 [main] INFO  c.fspann.api.ForwardSecureANNSystem - Insert complete for id=44c12035-2877-4c80-8286-5dc7e0f489c0 in 174.1669 ms
2025-06-18 19:21:40 [main] INFO  com.fspann.common.MetadataManager - Saved metadata to metadata.ser
2025-06-18 19:21:41 [main] INFO  com.fspann.common.MetadataManager - Saved metadata to metadata.ser
2025-06-18 19:21:41 [main] INFO  c.fspann.api.ForwardSecureANNSystem - Insert complete for id=2d3f8a75-3a96-45ac-8b11-3ddeace8b070 in 165.3368 ms
2025-06-18 19:21:41 [main] INFO  com.fspann.common.MetadataManager - Saved metadata to metadata.ser
2025-06-18 19:21:41 [main] INFO  com.fspann.common.MetadataManager - Saved metadata to metadata.ser
2025-06-18 19:21:41 [main] INFO  c.fspann.api.ForwardSecureANNSystem - Insert complete for id=d397b982-f65a-4d01-8bd3-91ffa9ad0e54 in 164.1539 ms
2025-06-18 19:21:41 [main] INFO  com.fspann.common.MetadataManager - Saved metadata to metadata.ser
2025-06-18 19:21:41 [main] INFO  com.fspann.common.MetadataManager - Saved metadata to metadata.ser
2025-06-18 19:21:41 [main] INFO  c.fspann.api.ForwardSecureANNSystem - Insert complete for id=8f913928-a7bd-41b3-be7c-945bb01f1321 in 164.8663 ms
2025-06-18 19:21:41 [main] INFO  com.fspann.common.MetadataManager - Saved metadata to metadata.ser
2025-06-18 19:21:41 [main] INFO  com.fspann.common.MetadataManager - Saved metadata to metadata.ser
2025-06-18 19:21:41 [main] INFO  c.fspann.api.ForwardSecureANNSystem - Insert complete for id=ffe36d3e-d474-44ba-a400-e02e0e47678e in 164.9832 ms
2025-06-18 19:21:41 [main] INFO  com.fspann.common.MetadataManager - Saved metadata to metadata.ser
2025-06-18 19:21:41 [main] INFO  com.fspann.common.MetadataManager - Saved metadata to metadata.ser
2025-06-18 19:21:41 [main] INFO  c.fspann.api.ForwardSecureANNSystem - Insert complete for id=66a96a60-2fbc-412f-931f-f68a2b1be974 in 163.7748 ms
2025-06-18 19:21:41 [main] INFO  com.fspann.common.MetadataManager - Saved metadata to metadata.ser
2025-06-18 19:21:41 [main] INFO  com.fspann.common.MetadataManager - Saved metadata to metadata.ser
2025-06-18 19:21:41 [main] INFO  c.fspann.api.ForwardSecureANNSystem - Insert complete for id=214f4e4c-122b-468a-b2ce-f18a22a13854 in 163.8725 ms
2025-06-18 19:21:41 [main] INFO  com.fspann.common.MetadataManager - Saved metadata to metadata.ser
2025-06-18 19:21:42 [main] INFO  com.fspann.common.MetadataManager - Saved metadata to metadata.ser
2025-06-18 19:21:42 [main] INFO  c.fspann.api.ForwardSecureANNSystem - Insert complete for id=5ccc8cdc-98ae-4378-a96c-824bc5e64842 in 160.9069 ms
2025-06-18 19:21:42 [main] INFO  com.fspann.common.MetadataManager - Saved metadata to metadata.ser
2025-06-18 19:21:42 [main] INFO  com.fspann.common.MetadataManager - Saved metadata to metadata.ser
2025-06-18 19:21:42 [main] INFO  c.fspann.api.ForwardSecureANNSystem - Insert complete for id=1bfa22d5-0ffa-4554-8e84-72549cc6c448 in 173.3656 ms
2025-06-18 19:21:42 [main] INFO  com.fspann.common.MetadataManager - Saved metadata to metadata.ser
2025-06-18 19:21:42 [main] INFO  com.fspann.common.MetadataManager - Saved metadata to metadata.ser
2025-06-18 19:21:42 [main] INFO  c.fspann.api.ForwardSecureANNSystem - Insert complete for id=7eee4993-a8ae-4e2c-b7cc-e5a0a698994d in 167.6424 ms
2025-06-18 19:21:42 [main] INFO  com.fspann.common.MetadataManager - Saved metadata to metadata.ser
2025-06-18 19:21:42 [main] INFO  com.fspann.common.MetadataManager - Saved metadata to metadata.ser
2025-06-18 19:21:42 [main] INFO  c.fspann.api.ForwardSecureANNSystem - Insert complete for id=3c9f77f5-5e04-4de6-95d0-89947e23d86a in 164.5703 ms
2025-06-18 19:21:42 [main] INFO  com.fspann.common.MetadataManager - Saved metadata to metadata.ser
2025-06-18 19:21:42 [main] INFO  com.fspann.common.MetadataManager - Saved metadata to metadata.ser
2025-06-18 19:21:42 [main] INFO  c.fspann.api.ForwardSecureANNSystem - Insert complete for id=536699be-a62e-4fb1-a6bc-dc9aa7d79111 in 164.6617 ms
2025-06-18 19:21:42 [main] INFO  com.fspann.common.MetadataManager - Saved metadata to metadata.ser
2025-06-18 19:21:42 [main] INFO  com.fspann.common.MetadataManager - Saved metadata to metadata.ser
2025-06-18 19:21:42 [main] INFO  c.fspann.api.ForwardSecureANNSystem - Insert complete for id=cf1fd005-f181-4654-991c-b64a00d2888b in 162.0798 ms
2025-06-18 19:21:42 [main] INFO  com.fspann.common.MetadataManager - Saved metadata to metadata.ser
2025-06-18 19:21:43 [main] INFO  com.fspann.common.MetadataManager - Saved metadata to metadata.ser
2025-06-18 19:21:43 [main] INFO  c.fspann.api.ForwardSecureANNSystem - Insert complete for id=61cb11c3-73df-44d9-8369-745f70c1e5b6 in 165.6675 ms
2025-06-18 19:21:43 [main] INFO  com.fspann.common.MetadataManager - Saved metadata to metadata.ser
2025-06-18 19:21:43 [main] INFO  com.fspann.common.MetadataManager - Saved metadata to metadata.ser
2025-06-18 19:21:43 [main] INFO  c.fspann.api.ForwardSecureANNSystem - Insert complete for id=c89f8977-4f2d-49cc-851d-205cd623c385 in 179.8672 ms
2025-06-18 19:21:43 [main] INFO  com.fspann.common.MetadataManager - Saved metadata to metadata.ser
2025-06-18 19:21:43 [main] INFO  com.fspann.common.MetadataManager - Saved metadata to metadata.ser
2025-06-18 19:21:43 [main] INFO  c.fspann.api.ForwardSecureANNSystem - Insert complete for id=64ff16b7-fb1f-474b-96f9-8f1fb1e86a5a in 171.363 ms
2025-06-18 19:21:43 [main] INFO  com.fspann.common.MetadataManager - Saved metadata to metadata.ser
2025-06-18 19:21:43 [main] INFO  com.fspann.common.MetadataManager - Saved metadata to metadata.ser
2025-06-18 19:21:43 [main] INFO  c.fspann.api.ForwardSecureANNSystem - Insert complete for id=04b313e9-a9f8-4738-9a0a-4cd564fa63b9 in 172.5204 ms
2025-06-18 19:21:43 [main] INFO  com.fspann.common.MetadataManager - Saved metadata to metadata.ser
2025-06-18 19:21:43 [main] INFO  com.fspann.common.MetadataManager - Saved metadata to metadata.ser
2025-06-18 19:21:43 [main] INFO  c.fspann.api.ForwardSecureANNSystem - Insert complete for id=5addadbf-9af5-412a-9ce0-b97106c983c8 in 176.568 ms
2025-06-18 19:21:43 [main] INFO  com.fspann.common.MetadataManager - Saved metadata to metadata.ser
2025-06-18 19:21:43 [main] INFO  com.fspann.common.MetadataManager - Saved metadata to metadata.ser
2025-06-18 19:21:43 [main] INFO  c.fspann.api.ForwardSecureANNSystem - Insert complete for id=1857fd08-ad4d-4985-89f0-9d62081dd634 in 178.2551 ms
2025-06-18 19:21:44 [main] INFO  com.fspann.common.MetadataManager - Saved metadata to metadata.ser
2025-06-18 19:21:44 [main] INFO  com.fspann.common.MetadataManager - Saved metadata to metadata.ser
2025-06-18 19:21:44 [main] INFO  c.fspann.api.ForwardSecureANNSystem - Insert complete for id=a0617ed9-1a06-4725-9674-58957d2544b1 in 178.0951 ms
2025-06-18 19:21:44 [main] INFO  com.fspann.common.MetadataManager - Saved metadata to metadata.ser
2025-06-18 19:21:44 [main] INFO  com.fspann.common.MetadataManager - Saved metadata to metadata.ser
2025-06-18 19:21:44 [main] INFO  c.fspann.api.ForwardSecureANNSystem - Insert complete for id=315dd0f5-2cc2-48d0-b222-5773611c0301 in 170.4296 ms
2025-06-18 19:21:44 [main] INFO  com.fspann.common.MetadataManager - Saved metadata to metadata.ser
2025-06-18 19:21:44 [main] INFO  com.fspann.common.MetadataManager - Saved metadata to metadata.ser
2025-06-18 19:21:44 [main] INFO  c.fspann.api.ForwardSecureANNSystem - Insert complete for id=8fb48930-8ad0-4c62-ac75-a337e46031bf in 169.809 ms
2025-06-18 19:21:44 [main] INFO  com.fspann.common.MetadataManager - Saved metadata to metadata.ser
2025-06-18 19:21:44 [main] INFO  com.fspann.common.MetadataManager - Saved metadata to metadata.ser
2025-06-18 19:21:44 [main] INFO  c.fspann.api.ForwardSecureANNSystem - Insert complete for id=80e57e28-8395-4714-aad7-3456dee175de in 169.942 ms
2025-06-18 19:21:44 [main] INFO  com.fspann.common.MetadataManager - Saved metadata to metadata.ser
2025-06-18 19:21:44 [main] INFO  com.fspann.common.MetadataManager - Saved metadata to metadata.ser
2025-06-18 19:21:44 [main] INFO  c.fspann.api.ForwardSecureANNSystem - Insert complete for id=1bf88a25-de71-4fc5-ba6d-6b047b199723 in 164.2667 ms
2025-06-18 19:21:44 [main] INFO  com.fspann.common.MetadataManager - Saved metadata to metadata.ser
2025-06-18 19:21:44 [main] INFO  com.fspann.common.MetadataManager - Saved metadata to metadata.ser
2025-06-18 19:21:44 [main] INFO  c.fspann.api.ForwardSecureANNSystem - Insert complete for id=da465f48-93b8-4149-8696-f63aebc91ec3 in 174.5226 ms
2025-06-18 19:21:45 [main] INFO  com.fspann.common.MetadataManager - Saved metadata to metadata.ser
2025-06-18 19:21:45 [main] INFO  com.fspann.common.MetadataManager - Saved metadata to metadata.ser
2025-06-18 19:21:45 [main] INFO  c.fspann.api.ForwardSecureANNSystem - Insert complete for id=46794813-7bb9-4d95-97c0-e64eef39ba38 in 176.4644 ms
2025-06-18 19:21:45 [main] INFO  com.fspann.common.MetadataManager - Saved metadata to metadata.ser
2025-06-18 19:21:45 [main] INFO  com.fspann.common.MetadataManager - Saved metadata to metadata.ser
2025-06-18 19:21:45 [main] INFO  c.fspann.api.ForwardSecureANNSystem - Insert complete for id=d7415e60-0e93-4442-b563-85fc8b47f899 in 170.0259 ms
2025-06-18 19:21:45 [main] INFO  com.fspann.common.MetadataManager - Saved metadata to metadata.ser
2025-06-18 19:21:45 [main] INFO  com.fspann.common.MetadataManager - Saved metadata to metadata.ser
2025-06-18 19:21:45 [main] INFO  c.fspann.api.ForwardSecureANNSystem - Insert complete for id=33351b39-6fbb-42cb-82a8-c664900e9106 in 163.86 ms
2025-06-18 19:21:45 [main] INFO  com.fspann.common.MetadataManager - Saved metadata to metadata.ser
2025-06-18 19:21:45 [main] INFO  com.fspann.common.MetadataManager - Saved metadata to metadata.ser
2025-06-18 19:21:45 [main] INFO  c.fspann.api.ForwardSecureANNSystem - Insert complete for id=547c49cd-91b9-4525-9f2f-acb29182c5af in 167.6942 ms
2025-06-18 19:21:45 [main] INFO  com.fspann.common.MetadataManager - Saved metadata to metadata.ser
2025-06-18 19:21:45 [main] INFO  com.fspann.common.MetadataManager - Saved metadata to metadata.ser
2025-06-18 19:21:45 [main] INFO  c.fspann.api.ForwardSecureANNSystem - Insert complete for id=10cf1ee6-876e-4a7f-be81-a196a2a7bf42 in 170.6204 ms
2025-06-18 19:21:45 [main] INFO  com.fspann.common.MetadataManager - Saved metadata to metadata.ser
2025-06-18 19:21:45 [main] INFO  com.fspann.common.MetadataManager - Saved metadata to metadata.ser
2025-06-18 19:21:45 [main] INFO  c.fspann.api.ForwardSecureANNSystem - Insert complete for id=97fb8693-0569-4058-bf5d-77930405ec3f in 171.8719 ms
2025-06-18 19:21:46 [main] INFO  com.fspann.common.MetadataManager - Saved metadata to metadata.ser
2025-06-18 19:21:46 [main] INFO  com.fspann.common.MetadataManager - Saved metadata to metadata.ser
2025-06-18 19:21:46 [main] INFO  c.fspann.api.ForwardSecureANNSystem - Insert complete for id=4d69e3ee-48e4-4d89-94e5-19bd943ac9ca in 165.138 ms
2025-06-18 19:21:46 [main] INFO  com.fspann.common.MetadataManager - Saved metadata to metadata.ser
2025-06-18 19:21:46 [main] INFO  com.fspann.common.MetadataManager - Saved metadata to metadata.ser
2025-06-18 19:21:46 [main] INFO  c.fspann.api.ForwardSecureANNSystem - Insert complete for id=510142b7-748c-4402-b2d1-50f560c4c04f in 167.5044 ms
2025-06-18 19:21:46 [main] INFO  com.fspann.common.MetadataManager - Saved metadata to metadata.ser
2025-06-18 19:21:46 [main] INFO  com.fspann.common.MetadataManager - Saved metadata to metadata.ser
2025-06-18 19:21:46 [main] INFO  c.fspann.api.ForwardSecureANNSystem - Insert complete for id=478c5e56-5291-4fd7-9ce5-b63386394c33 in 167.494 ms
2025-06-18 19:21:46 [main] INFO  com.fspann.common.MetadataManager - Saved metadata to metadata.ser
2025-06-18 19:21:46 [main] INFO  com.fspann.common.MetadataManager - Saved metadata to metadata.ser
2025-06-18 19:21:46 [main] INFO  c.fspann.api.ForwardSecureANNSystem - Insert complete for id=d3768282-9f8b-4900-82fb-df1578412ce0 in 173.0977 ms
2025-06-18 19:21:46 [main] INFO  com.fspann.common.MetadataManager - Saved metadata to metadata.ser
2025-06-18 19:21:46 [main] INFO  com.fspann.common.MetadataManager - Saved metadata to metadata.ser
2025-06-18 19:21:46 [main] INFO  c.fspann.api.ForwardSecureANNSystem - Insert complete for id=bfb0aa73-cf1e-4fda-816c-f781840fa874 in 167.0145 ms
2025-06-18 19:21:46 [main] INFO  com.fspann.common.MetadataManager - Saved metadata to metadata.ser
2025-06-18 19:21:46 [main] INFO  com.fspann.common.MetadataManager - Saved metadata to metadata.ser
2025-06-18 19:21:46 [main] INFO  c.fspann.api.ForwardSecureANNSystem - Insert complete for id=b9f9019c-7997-4b34-985b-f88f210bc0fb in 169.8749 ms
2025-06-18 19:21:47 [main] INFO  com.fspann.common.MetadataManager - Saved metadata to metadata.ser
2025-06-18 19:21:47 [main] INFO  com.fspann.common.MetadataManager - Saved metadata to metadata.ser
2025-06-18 19:21:47 [main] INFO  c.fspann.api.ForwardSecureANNSystem - Insert complete for id=1c0d0b8c-6e4e-4565-b559-0ec153be57a4 in 165.1381 ms
2025-06-18 19:21:47 [main] INFO  com.fspann.common.MetadataManager - Saved metadata to metadata.ser
2025-06-18 19:21:47 [main] INFO  com.fspann.common.MetadataManager - Saved metadata to metadata.ser
2025-06-18 19:21:47 [main] INFO  c.fspann.api.ForwardSecureANNSystem - Insert complete for id=df32915b-a07e-4185-97a6-16ebd89bf4bd in 165.3307 ms
2025-06-18 19:21:47 [main] INFO  com.fspann.common.MetadataManager - Saved metadata to metadata.ser
2025-06-18 19:21:47 [main] INFO  com.fspann.common.MetadataManager - Saved metadata to metadata.ser
2025-06-18 19:21:47 [main] INFO  c.fspann.api.ForwardSecureANNSystem - Insert complete for id=ef3ab79d-be9f-4f02-9f84-d030afcdacc7 in 166.6803 ms
2025-06-18 19:21:47 [main] INFO  com.fspann.common.MetadataManager - Saved metadata to metadata.ser
2025-06-18 19:21:47 [main] INFO  com.fspann.common.MetadataManager - Saved metadata to metadata.ser
2025-06-18 19:21:47 [main] INFO  c.fspann.api.ForwardSecureANNSystem - Insert complete for id=d40ee618-7e39-4e4c-a03c-eadc50802fe0 in 165.2574 ms
2025-06-18 19:21:47 [main] INFO  com.fspann.common.MetadataManager - Saved metadata to metadata.ser
2025-06-18 19:21:47 [main] INFO  com.fspann.common.MetadataManager - Saved metadata to metadata.ser
2025-06-18 19:21:47 [main] INFO  c.fspann.api.ForwardSecureANNSystem - Insert complete for id=98964868-c2ec-4177-9ddf-e5cc8c5e0b1b in 177.1159 ms
2025-06-18 19:21:47 [main] INFO  com.fspann.common.MetadataManager - Saved metadata to metadata.ser
2025-06-18 19:21:47 [main] INFO  com.fspann.common.MetadataManager - Saved metadata to metadata.ser
2025-06-18 19:21:47 [main] INFO  c.fspann.api.ForwardSecureANNSystem - Insert complete for id=eb880b9c-619d-47f5-aa57-45ca7b645b5f in 166.6843 ms
2025-06-18 19:21:48 [main] INFO  com.fspann.common.MetadataManager - Saved metadata to metadata.ser
2025-06-18 19:21:48 [main] INFO  com.fspann.common.MetadataManager - Saved metadata to metadata.ser
2025-06-18 19:21:48 [main] INFO  c.fspann.api.ForwardSecureANNSystem - Insert complete for id=8b069fbe-ae93-4667-994a-2ea17997213b in 167.9367 ms
2025-06-18 19:21:48 [main] INFO  com.fspann.common.MetadataManager - Saved metadata to metadata.ser
2025-06-18 19:21:48 [main] INFO  com.fspann.common.MetadataManager - Saved metadata to metadata.ser
2025-06-18 19:21:48 [main] INFO  c.fspann.api.ForwardSecureANNSystem - Insert complete for id=ea069f33-a61d-4e3b-87df-5b2251a95d28 in 163.5368 ms
2025-06-18 19:21:48 [main] INFO  com.fspann.common.MetadataManager - Saved metadata to metadata.ser
2025-06-18 19:21:48 [main] INFO  com.fspann.common.MetadataManager - Saved metadata to metadata.ser
2025-06-18 19:21:48 [main] INFO  c.fspann.api.ForwardSecureANNSystem - Insert complete for id=ce1707fa-0011-46c0-95e2-493c4a552b2d in 168.0495 ms
2025-06-18 19:21:48 [main] INFO  com.fspann.common.MetadataManager - Saved metadata to metadata.ser
2025-06-18 19:21:48 [main] INFO  com.fspann.common.MetadataManager - Saved metadata to metadata.ser
2025-06-18 19:21:48 [main] INFO  c.fspann.api.ForwardSecureANNSystem - Insert complete for id=1f972117-b8c8-4cc8-ad0a-5603047a45d1 in 170.6069 ms
2025-06-18 19:21:48 [main] INFO  com.fspann.common.MetadataManager - Saved metadata to metadata.ser
2025-06-18 19:21:48 [main] INFO  com.fspann.common.MetadataManager - Saved metadata to metadata.ser
2025-06-18 19:21:48 [main] INFO  c.fspann.api.ForwardSecureANNSystem - Insert complete for id=71f7a2c9-3c4b-4bfa-bccc-3cf8cff79765 in 165.8874 ms
2025-06-18 19:21:48 [main] INFO  com.fspann.common.MetadataManager - Saved metadata to metadata.ser
2025-06-18 19:21:49 [main] INFO  com.fspann.common.MetadataManager - Saved metadata to metadata.ser
2025-06-18 19:21:49 [main] INFO  c.fspann.api.ForwardSecureANNSystem - Insert complete for id=fbdc9556-a4a8-4f53-a521-9228cae092af in 170.7736 ms
2025-06-18 19:21:49 [main] INFO  com.fspann.common.MetadataManager - Saved metadata to metadata.ser
2025-06-18 19:21:49 [main] INFO  com.fspann.common.MetadataManager - Saved metadata to metadata.ser
2025-06-18 19:21:49 [main] INFO  c.fspann.api.ForwardSecureANNSystem - Insert complete for id=e0205e81-f0b8-4391-ac65-d91962906f4d in 173.2254 ms
2025-06-18 19:21:49 [main] INFO  com.fspann.common.MetadataManager - Saved metadata to metadata.ser
2025-06-18 19:21:49 [main] INFO  com.fspann.common.MetadataManager - Saved metadata to metadata.ser
2025-06-18 19:21:49 [main] INFO  c.fspann.api.ForwardSecureANNSystem - Insert complete for id=690bf959-ffb0-439f-b803-b573f0dcc545 in 166.44 ms
2025-06-18 19:21:49 [main] INFO  com.fspann.common.MetadataManager - Saved metadata to metadata.ser
2025-06-18 19:21:49 [main] INFO  com.fspann.common.MetadataManager - Saved metadata to metadata.ser
2025-06-18 19:21:49 [main] INFO  c.fspann.api.ForwardSecureANNSystem - Insert complete for id=0e83654c-91db-446f-ab6c-ef9645e15f3d in 168.3177 ms
2025-06-18 19:21:49 [main] INFO  com.fspann.common.MetadataManager - Saved metadata to metadata.ser
2025-06-18 19:21:49 [main] INFO  com.fspann.common.MetadataManager - Saved metadata to metadata.ser
2025-06-18 19:21:49 [main] INFO  c.fspann.api.ForwardSecureANNSystem - Insert complete for id=b4a72b48-4d29-4dbc-8394-66c7aea0e6d0 in 165.5156 ms
2025-06-18 19:21:49 [main] INFO  com.fspann.common.MetadataManager - Saved metadata to metadata.ser
2025-06-18 19:21:49 [main] INFO  com.fspann.common.MetadataManager - Saved metadata to metadata.ser
2025-06-18 19:21:49 [main] INFO  c.fspann.api.ForwardSecureANNSystem - Insert complete for id=c79f970c-1cfd-4895-ba27-7a586ebd831a in 168.3327 ms
2025-06-18 19:21:49 [main] INFO  com.fspann.common.MetadataManager - Saved metadata to metadata.ser
2025-06-18 19:21:50 [main] INFO  com.fspann.common.MetadataManager - Saved metadata to metadata.ser
2025-06-18 19:21:50 [main] INFO  c.fspann.api.ForwardSecureANNSystem - Insert complete for id=01a73a13-7d3f-4f4a-946c-63abce7e5b5c in 165.7659 ms
2025-06-18 19:21:50 [main] INFO  c.fspann.api.ForwardSecureANNSystem - Number of indexed vectors for dimension 10: 1213
]]></system-out>
  </testcase>
</testsuite>