<?xml version="1.0" encoding="UTF-8"?>
<testsuite xmlns:xsi="http://www.w3.org/2001/XMLSchema-instance" xsi:noNamespaceSchemaLocation="https://maven.apache.org/surefire/maven-surefire-plugin/xsd/surefire-test-report-3.0.xsd" version="3.0" name="com.fspann.api.ForwardSecureANNSystemPerformanceIntegrationTest" time="894.598" tests="3" errors="0" skipped="0" failures="0">
  <properties>
    <property name="java.specification.version" value="22"/>
    <property name="sun.cpu.isalist" value="amd64"/>
    <property name="sun.jnu.encoding" value="Cp1252"/>
    <property name="java.class.path" value="C:\Users\Mehran Memon\eclipse-workspace\fspann-query-system\fsp-anns-parent\api\target\test-classes;C:\Users\Mehran Memon\eclipse-workspace\fspann-query-system\fsp-anns-parent\api\target\classes;C:\Users\Mehran Memon\eclipse-workspace\fspann-query-system\fsp-anns-parent\query\target\query-0.0.1-SNAPSHOT.jar;C:\Users\Mehran Memon\eclipse-workspace\fspann-query-system\fsp-anns-parent\index\target\index-0.0.1-SNAPSHOT.jar;C:\Users\Mehran Memon\.m2\repository\org\apache\commons\commons-math3\3.6.1\commons-math3-3.6.1.jar;C:\Users\Mehran Memon\eclipse-workspace\fspann-query-system\fsp-anns-parent\crypto\target\crypto-0.0.1-SNAPSHOT.jar;C:\Users\Mehran Memon\.m2\repository\org\bouncycastle\bcprov-jdk18on\1.78\bcprov-jdk18on-1.78.jar;C:\Users\Mehran Memon\.m2\repository\net\bytebuddy\byte-buddy\1.14.15\byte-buddy-1.14.15.jar;C:\Users\Mehran Memon\eclipse-workspace\fspann-query-system\fsp-anns-parent\common\target\common-0.0.1-SNAPSHOT.jar;C:\Users\Mehran Memon\.m2\repository\org\apache\commons\commons-lang3\3.17.0\commons-lang3-3.17.0.jar;C:\Users\Mehran Memon\.m2\repository\com\fasterxml\jackson\core\jackson-core\2.17.2\jackson-core-2.17.2.jar;C:\Users\Mehran Memon\eclipse-workspace\fspann-query-system\fsp-anns-parent\keymanagement\target\keymanagement-0.0.1-SNAPSHOT.jar;C:\Users\Mehran Memon\.m2\repository\org\jetbrains\annotations\26.0.2\annotations-26.0.2.jar;C:\Users\Mehran Memon\eclipse-workspace\fspann-query-system\fsp-anns-parent\config\target\config-0.0.1-SNAPSHOT.jar;C:\Users\Mehran Memon\.m2\repository\com\fasterxml\jackson\dataformat\jackson-dataformat-yaml\2.17.1\jackson-dataformat-yaml-2.17.1.jar;C:\Users\Mehran Memon\.m2\repository\org\yaml\snakeyaml\2.2\snakeyaml-2.2.jar;C:\Users\Mehran Memon\.m2\repository\org\slf4j\slf4j-api\2.0.13\slf4j-api-2.0.13.jar;C:\Users\Mehran Memon\.m2\repository\ch\qos\logback\logback-classic\1.5.13\logback-classic-1.5.13.jar;C:\Users\Mehran Memon\.m2\repository\ch\qos\logback\logback-core\1.5.13\logback-core-1.5.13.jar;C:\Users\Mehran Memon\.m2\repository\com\fasterxml\jackson\core\jackson-databind\2.17.2\jackson-databind-2.17.2.jar;C:\Users\Mehran Memon\.m2\repository\com\fasterxml\jackson\core\jackson-annotations\2.17.2\jackson-annotations-2.17.2.jar;C:\Users\Mehran Memon\.m2\repository\com\google\code\gson\gson\2.11.0\gson-2.11.0.jar;C:\Users\Mehran Memon\.m2\repository\com\google\errorprone\error_prone_annotations\2.27.0\error_prone_annotations-2.27.0.jar;C:\Users\Mehran Memon\eclipse-workspace\fspann-query-system\fsp-anns-parent\loader\target\loader-0.0.1-SNAPSHOT.jar;C:\Users\Mehran Memon\.m2\repository\org\apache\commons\commons-compress\1.26.1\commons-compress-1.26.1.jar;C:\Users\Mehran Memon\.m2\repository\commons-codec\commons-codec\1.16.1\commons-codec-1.16.1.jar;C:\Users\Mehran Memon\.m2\repository\commons-io\commons-io\2.15.1\commons-io-2.15.1.jar;C:\Users\Mehran Memon\.m2\repository\io\micrometer\micrometer-core\1.11.0\micrometer-core-1.11.0.jar;C:\Users\Mehran Memon\.m2\repository\io\micrometer\micrometer-commons\1.11.0\micrometer-commons-1.11.0.jar;C:\Users\Mehran Memon\.m2\repository\io\micrometer\micrometer-observation\1.11.0\micrometer-observation-1.11.0.jar;C:\Users\Mehran Memon\.m2\repository\org\hdrhistogram\HdrHistogram\2.1.12\HdrHistogram-2.1.12.jar;C:\Users\Mehran Memon\.m2\repository\org\latencyutils\LatencyUtils\2.0.3\LatencyUtils-2.0.3.jar;C:\Users\Mehran Memon\.m2\repository\io\micrometer\micrometer-registry-prometheus\1.11.0\micrometer-registry-prometheus-1.11.0.jar;C:\Users\Mehran Memon\.m2\repository\io\prometheus\simpleclient_common\0.16.0\simpleclient_common-0.16.0.jar;C:\Users\Mehran Memon\.m2\repository\io\prometheus\simpleclient\0.16.0\simpleclient-0.16.0.jar;C:\Users\Mehran Memon\.m2\repository\io\prometheus\simpleclient_tracer_otel\0.16.0\simpleclient_tracer_otel-0.16.0.jar;C:\Users\Mehran Memon\.m2\repository\io\prometheus\simpleclient_tracer_common\0.16.0\simpleclient_tracer_common-0.16.0.jar;C:\Users\Mehran Memon\.m2\repository\io\prometheus\simpleclient_tracer_otel_agent\0.16.0\simpleclient_tracer_otel_agent-0.16.0.jar;C:\Users\Mehran Memon\.m2\repository\org\jfree\jfreechart\1.5.3\jfreechart-1.5.3.jar;C:\Users\Mehran Memon\.m2\repository\junit\junit\4.0\junit-4.0.jar;C:\Users\Mehran Memon\.m2\repository\org\junit\jupiter\junit-jupiter\5.11.0\junit-jupiter-5.11.0.jar;C:\Users\Mehran Memon\.m2\repository\org\junit\jupiter\junit-jupiter-params\5.11.0\junit-jupiter-params-5.11.0.jar;C:\Users\Mehran Memon\.m2\repository\org\junit\jupiter\junit-jupiter-engine\5.11.0\junit-jupiter-engine-5.11.0.jar;C:\Users\Mehran Memon\.m2\repository\org\junit\platform\junit-platform-engine\1.11.0\junit-platform-engine-1.11.0.jar;C:\Users\Mehran Memon\.m2\repository\org\junit\jupiter\junit-jupiter-api\5.11.0\junit-jupiter-api-5.11.0.jar;C:\Users\Mehran Memon\.m2\repository\org\opentest4j\opentest4j\1.3.0\opentest4j-1.3.0.jar;C:\Users\Mehran Memon\.m2\repository\org\junit\platform\junit-platform-commons\1.11.0\junit-platform-commons-1.11.0.jar;C:\Users\Mehran Memon\.m2\repository\org\apiguardian\apiguardian-api\1.1.2\apiguardian-api-1.1.2.jar;"/>
    <property name="sun.awt.enableExtraMouseButtons" value="true"/>
    <property name="java.vm.vendor" value="Oracle Corporation"/>
    <property name="net.bytebuddy.experimental" value="true"/>
    <property name="sun.arch.data.model" value="64"/>
    <property name="user.variant" value=""/>
    <property name="java.vendor.url" value="https://java.oracle.com/"/>
    <property name="user.timezone" value="Asia/Shanghai"/>
    <property name="os.name" value="Windows 11"/>
    <property name="java.vm.specification.version" value="22"/>
    <property name="sun.java.launcher" value="SUN_STANDARD"/>
    <property name="user.country" value="US"/>
    <property name="sun.boot.library.path" value="C:\Program Files\Java\jdk-22\bin"/>
    <property name="sun.java.command" value="C:\Users\Mehran Memon\AppData\Local\Temp\surefire14665290364032940908\surefirebooter12189106902912885692.jar C:\Users\Mehran Memon\AppData\Local\Temp\surefire14665290364032940908 2025-06-24T18-22-54_920-jvmRun1 surefire14939849797163349100tmp surefire_74611556931679684022tmp"/>
    <property name="jdk.debug" value="release"/>
    <property name="surefire.test.class.path" value="C:\Users\Mehran Memon\eclipse-workspace\fspann-query-system\fsp-anns-parent\api\target\test-classes;C:\Users\Mehran Memon\eclipse-workspace\fspann-query-system\fsp-anns-parent\api\target\classes;C:\Users\Mehran Memon\eclipse-workspace\fspann-query-system\fsp-anns-parent\query\target\query-0.0.1-SNAPSHOT.jar;C:\Users\Mehran Memon\eclipse-workspace\fspann-query-system\fsp-anns-parent\index\target\index-0.0.1-SNAPSHOT.jar;C:\Users\Mehran Memon\.m2\repository\org\apache\commons\commons-math3\3.6.1\commons-math3-3.6.1.jar;C:\Users\Mehran Memon\eclipse-workspace\fspann-query-system\fsp-anns-parent\crypto\target\crypto-0.0.1-SNAPSHOT.jar;C:\Users\Mehran Memon\.m2\repository\org\bouncycastle\bcprov-jdk18on\1.78\bcprov-jdk18on-1.78.jar;C:\Users\Mehran Memon\.m2\repository\net\bytebuddy\byte-buddy\1.14.15\byte-buddy-1.14.15.jar;C:\Users\Mehran Memon\eclipse-workspace\fspann-query-system\fsp-anns-parent\common\target\common-0.0.1-SNAPSHOT.jar;C:\Users\Mehran Memon\.m2\repository\org\apache\commons\commons-lang3\3.17.0\commons-lang3-3.17.0.jar;C:\Users\Mehran Memon\.m2\repository\com\fasterxml\jackson\core\jackson-core\2.17.2\jackson-core-2.17.2.jar;C:\Users\Mehran Memon\eclipse-workspace\fspann-query-system\fsp-anns-parent\keymanagement\target\keymanagement-0.0.1-SNAPSHOT.jar;C:\Users\Mehran Memon\.m2\repository\org\jetbrains\annotations\26.0.2\annotations-26.0.2.jar;C:\Users\Mehran Memon\eclipse-workspace\fspann-query-system\fsp-anns-parent\config\target\config-0.0.1-SNAPSHOT.jar;C:\Users\Mehran Memon\.m2\repository\com\fasterxml\jackson\dataformat\jackson-dataformat-yaml\2.17.1\jackson-dataformat-yaml-2.17.1.jar;C:\Users\Mehran Memon\.m2\repository\org\yaml\snakeyaml\2.2\snakeyaml-2.2.jar;C:\Users\Mehran Memon\.m2\repository\org\slf4j\slf4j-api\2.0.13\slf4j-api-2.0.13.jar;C:\Users\Mehran Memon\.m2\repository\ch\qos\logback\logback-classic\1.5.13\logback-classic-1.5.13.jar;C:\Users\Mehran Memon\.m2\repository\ch\qos\logback\logback-core\1.5.13\logback-core-1.5.13.jar;C:\Users\Mehran Memon\.m2\repository\com\fasterxml\jackson\core\jackson-databind\2.17.2\jackson-databind-2.17.2.jar;C:\Users\Mehran Memon\.m2\repository\com\fasterxml\jackson\core\jackson-annotations\2.17.2\jackson-annotations-2.17.2.jar;C:\Users\Mehran Memon\.m2\repository\com\google\code\gson\gson\2.11.0\gson-2.11.0.jar;C:\Users\Mehran Memon\.m2\repository\com\google\errorprone\error_prone_annotations\2.27.0\error_prone_annotations-2.27.0.jar;C:\Users\Mehran Memon\eclipse-workspace\fspann-query-system\fsp-anns-parent\loader\target\loader-0.0.1-SNAPSHOT.jar;C:\Users\Mehran Memon\.m2\repository\org\apache\commons\commons-compress\1.26.1\commons-compress-1.26.1.jar;C:\Users\Mehran Memon\.m2\repository\commons-codec\commons-codec\1.16.1\commons-codec-1.16.1.jar;C:\Users\Mehran Memon\.m2\repository\commons-io\commons-io\2.15.1\commons-io-2.15.1.jar;C:\Users\Mehran Memon\.m2\repository\io\micrometer\micrometer-core\1.11.0\micrometer-core-1.11.0.jar;C:\Users\Mehran Memon\.m2\repository\io\micrometer\micrometer-commons\1.11.0\micrometer-commons-1.11.0.jar;C:\Users\Mehran Memon\.m2\repository\io\micrometer\micrometer-observation\1.11.0\micrometer-observation-1.11.0.jar;C:\Users\Mehran Memon\.m2\repository\org\hdrhistogram\HdrHistogram\2.1.12\HdrHistogram-2.1.12.jar;C:\Users\Mehran Memon\.m2\repository\org\latencyutils\LatencyUtils\2.0.3\LatencyUtils-2.0.3.jar;C:\Users\Mehran Memon\.m2\repository\io\micrometer\micrometer-registry-prometheus\1.11.0\micrometer-registry-prometheus-1.11.0.jar;C:\Users\Mehran Memon\.m2\repository\io\prometheus\simpleclient_common\0.16.0\simpleclient_common-0.16.0.jar;C:\Users\Mehran Memon\.m2\repository\io\prometheus\simpleclient\0.16.0\simpleclient-0.16.0.jar;C:\Users\Mehran Memon\.m2\repository\io\prometheus\simpleclient_tracer_otel\0.16.0\simpleclient_tracer_otel-0.16.0.jar;C:\Users\Mehran Memon\.m2\repository\io\prometheus\simpleclient_tracer_common\0.16.0\simpleclient_tracer_common-0.16.0.jar;C:\Users\Mehran Memon\.m2\repository\io\prometheus\simpleclient_tracer_otel_agent\0.16.0\simpleclient_tracer_otel_agent-0.16.0.jar;C:\Users\Mehran Memon\.m2\repository\org\jfree\jfreechart\1.5.3\jfreechart-1.5.3.jar;C:\Users\Mehran Memon\.m2\repository\junit\junit\4.0\junit-4.0.jar;C:\Users\Mehran Memon\.m2\repository\org\junit\jupiter\junit-jupiter\5.11.0\junit-jupiter-5.11.0.jar;C:\Users\Mehran Memon\.m2\repository\org\junit\jupiter\junit-jupiter-params\5.11.0\junit-jupiter-params-5.11.0.jar;C:\Users\Mehran Memon\.m2\repository\org\junit\jupiter\junit-jupiter-engine\5.11.0\junit-jupiter-engine-5.11.0.jar;C:\Users\Mehran Memon\.m2\repository\org\junit\platform\junit-platform-engine\1.11.0\junit-platform-engine-1.11.0.jar;C:\Users\Mehran Memon\.m2\repository\org\junit\jupiter\junit-jupiter-api\5.11.0\junit-jupiter-api-5.11.0.jar;C:\Users\Mehran Memon\.m2\repository\org\opentest4j\opentest4j\1.3.0\opentest4j-1.3.0.jar;C:\Users\Mehran Memon\.m2\repository\org\junit\platform\junit-platform-commons\1.11.0\junit-platform-commons-1.11.0.jar;C:\Users\Mehran Memon\.m2\repository\org\apiguardian\apiguardian-api\1.1.2\apiguardian-api-1.1.2.jar;"/>
    <property name="sun.cpu.endian" value="little"/>
    <property name="user.home" value="C:\Users\Mehran Memon"/>
    <property name="user.language" value="en"/>
    <property name="java.specification.vendor" value="Oracle Corporation"/>
    <property name="java.version.date" value="2024-07-16"/>
    <property name="java.home" value="C:\Program Files\Java\jdk-22"/>
    <property name="file.separator" value="\"/>
    <property name="basedir" value="C:\Users\Mehran Memon\eclipse-workspace\fspann-query-system\fsp-anns-parent\api"/>
    <property name="java.vm.compressedOopsMode" value="Zero based"/>
    <property name="line.separator" value="&#10;"/>
    <property name="java.vm.specification.vendor" value="Oracle Corporation"/>
    <property name="java.specification.name" value="Java Platform API Specification"/>
    <property name="surefire.real.class.path" value="C:\Users\Mehran Memon\AppData\Local\Temp\surefire14665290364032940908\surefirebooter12189106902912885692.jar"/>
    <property name="user.script" value=""/>
    <property name="sun.management.compiler" value="HotSpot 64-Bit Tiered Compilers"/>
    <property name="java.runtime.version" value="22.0.2+9-70"/>
    <property name="user.name" value="Mehran Memon"/>
    <property name="stdout.encoding" value="Cp1252"/>
    <property name="path.separator" value=";"/>
    <property name="os.version" value="10.0"/>
    <property name="java.runtime.name" value="Java(TM) SE Runtime Environment"/>
    <property name="file.encoding" value="UTF-8"/>
    <property name="java.vm.name" value="Java HotSpot(TM) 64-Bit Server VM"/>
    <property name="localRepository" value="C:\Users\Mehran Memon\.m2\repository"/>
    <property name="java.vendor.url.bug" value="https://bugreport.java.com/bugreport/"/>
    <property name="java.io.tmpdir" value="C:\Users\MEHRAN~1\AppData\Local\Temp\"/>
    <property name="idea.version" value="2024.3.5"/>
    <property name="java.version" value="22.0.2"/>
    <property name="user.dir" value="C:\Users\Mehran Memon\eclipse-workspace\fspann-query-system\fsp-anns-parent\api"/>
    <property name="os.arch" value="amd64"/>
    <property name="java.vm.specification.name" value="Java Virtual Machine Specification"/>
    <property name="sun.os.patch.level" value=""/>
    <property name="native.encoding" value="Cp1252"/>
    <property name="java.library.path" value="C:\Program Files\Java\jdk-22\bin;C:\WINDOWS\Sun\Java\bin;C:\WINDOWS\system32;C:\WINDOWS;C:\Program Files\Common Files\Oracle\Java\javapath;C:\WINDOWS\system32;C:\WINDOWS;C:\WINDOWS\System32\Wbem;C:\WINDOWS\System32\WindowsPowerShell\v1.0\;C:\WINDOWS\System32\OpenSSH\;C:\Program Files\Git\cmd;C:\Program Files\Go\bin;C:\Program Files\Apache\apache-maven-3.9.9-bin\apache-maven-3.9.9\bin;C:\Program Files\dotnet\;C:\Program Files\Git LFS;C:\Users\Mehran Memon\AppData\Local\Microsoft\WindowsApps;C:\Users\Mehran Memon\AppData\Local\GitHubDesktop\bin;C:\Users\Mehran Memon\go\bin;C:\Users\Mehran Memon\AppData\Local\JetBrains\Toolbox\scripts;;C:\Users\Mehran Memon\.lmstudio\bin;%USERPROFILE%\AppData\Local\Microsoft\WindowsApps;."/>
    <property name="java.vm.info" value="mixed mode, sharing"/>
    <property name="stderr.encoding" value="Cp1252"/>
    <property name="java.vendor" value="Oracle Corporation"/>
    <property name="java.vm.version" value="22.0.2+9-70"/>
    <property name="sun.io.unicode.encoding" value="UnicodeLittle"/>
    <property name="java.class.version" value="66.0"/>
  </properties>
  <testcase name="bulkPerformanceTest" classname="com.fspann.api.ForwardSecureANNSystemPerformanceIntegrationTest" time="734.743">
    <system-out><![CDATA[2025-06-24 18:24:25 [main] INFO  c.fspann.api.ForwardSecureANNSystem - Initializing ForwardSecureANNSystem with config=C:\Users\MEHRAN~1\AppData\Local\Temp\junit-1771246882380620369\config.json, data=C:\Users\MEHRAN~1\AppData\Local\Temp\junit-1771246882380620369\data.csv, keys=C:\Users\MEHRAN~1\AppData\Local\Temp\junit-1771246882380620369\keys.ser, dims=[10], metadata=C:\Users\MEHRAN~1\AppData\Local\Temp\junit-1771246882380620369
2025-06-24 18:24:25 [main] INFO  com.fspann.config.SystemConfig - Successfully loaded config from C:\Users\MEHRAN~1\AppData\Local\Temp\junit-1771246882380620369\config.json
2025-06-24 18:24:25 [main] INFO  com.fspann.key.KeyManager - Initialized new key store (version 1)
2025-06-24 18:24:25 [main] INFO  c.fspann.crypto.AesGcmCryptoService - AesGcmCryptoService initialized successfully
2025-06-24 18:24:26 [main] INFO  com.fspann.common.MetadataManager - Loaded metadata from metadata.ser
2025-06-24 18:24:26 [main] INFO  com.fspann.loader.DefaultDataLoader - Loading data from C:\Users\MEHRAN~1\AppData\Local\Temp\junit-1771246882380620369\data.csv using loader for CSV
2025-06-24 18:24:32 [main] INFO  c.fspann.api.ForwardSecureANNSystem - Number of indexed vectors for dimension 10: 10
2025-06-24 18:24:32 [main] INFO  c.f.a.ForwardSecureANNSystemPerformanceIntegrationTest - Initialized system with 10 vectors indexed for dim=10
2025-06-24 18:24:33 [main] INFO  c.fspann.api.ForwardSecureANNSystem - Insert complete for id=80c80780-f3cf-4563-ace7-b5d562315da5 in 701.7047 ms
2025-06-24 18:24:34 [main] INFO  c.fspann.api.ForwardSecureANNSystem - Insert complete for id=81479067-0a62-4193-b573-b457d6315f81 in 696.8901 ms
2025-06-24 18:24:34 [main] INFO  c.fspann.api.ForwardSecureANNSystem - Insert complete for id=5b2689d9-de20-4eec-aee8-befe7c207c54 in 678.0943 ms
2025-06-24 18:24:35 [main] INFO  c.fspann.api.ForwardSecureANNSystem - Insert complete for id=84610d40-18e3-45d1-8c95-231f93b4ea33 in 676.6839 ms
2025-06-24 18:24:36 [main] INFO  c.fspann.api.ForwardSecureANNSystem - Insert complete for id=f5df52fa-5dff-4375-865a-bcd4192bc650 in 679.6047 ms
2025-06-24 18:24:37 [main] INFO  c.fspann.api.ForwardSecureANNSystem - Insert complete for id=09d69d77-d098-4fc8-b124-731da32c6cde in 697.1917 ms
2025-06-24 18:24:37 [main] INFO  c.fspann.api.ForwardSecureANNSystem - Insert complete for id=f564d748-8595-4f53-b45d-a5032157fd3a in 685.3952 ms
2025-06-24 18:24:38 [main] INFO  c.fspann.api.ForwardSecureANNSystem - Insert complete for id=aee14cf3-98dc-4639-b5d4-a192d1b45512 in 690.4137 ms
2025-06-24 18:24:39 [main] INFO  c.fspann.api.ForwardSecureANNSystem - Insert complete for id=395acc3f-61b5-4b73-8874-7b322955a4be in 693.5342 ms
2025-06-24 18:24:39 [main] INFO  c.fspann.api.ForwardSecureANNSystem - Insert complete for id=ab53e883-c622-4b83-8cb4-59124f975ceb in 690.3039 ms
2025-06-24 18:24:40 [main] INFO  c.fspann.api.ForwardSecureANNSystem - Insert complete for id=c53254c2-220d-4101-8460-39066344d145 in 692.1658 ms
2025-06-24 18:24:41 [main] INFO  c.fspann.api.ForwardSecureANNSystem - Insert complete for id=da206af1-d408-4a71-a807-d284ca77f53c in 673.7925 ms
2025-06-24 18:24:41 [main] INFO  c.fspann.api.ForwardSecureANNSystem - Insert complete for id=97678759-f5db-4760-80cf-af7d28f7e99b in 687.0789 ms
2025-06-24 18:24:42 [main] INFO  c.fspann.api.ForwardSecureANNSystem - Insert complete for id=efef1a38-cdd7-462c-9224-d21f48bed091 in 689.9196 ms
2025-06-24 18:24:43 [main] INFO  c.fspann.api.ForwardSecureANNSystem - Insert complete for id=cd11a073-9e04-416b-8a3b-4aad984cb341 in 682.068 ms
2025-06-24 18:24:43 [main] INFO  c.fspann.api.ForwardSecureANNSystem - Insert complete for id=6bc71af8-5ac2-4884-975c-e46c4a2747fc in 681.4148 ms
2025-06-24 18:24:44 [main] INFO  c.fspann.api.ForwardSecureANNSystem - Insert complete for id=8c662312-2d1a-4147-baf5-d579e0064bf5 in 684.1411 ms
2025-06-24 18:24:45 [main] INFO  c.fspann.api.ForwardSecureANNSystem - Insert complete for id=f2cac96a-0dad-4fbb-b7f1-311d0cbe1a10 in 674.5387 ms
2025-06-24 18:24:45 [main] INFO  c.fspann.api.ForwardSecureANNSystem - Insert complete for id=5d9fa6c7-4771-4302-b9bb-e74e863d1ce4 in 673.906 ms
2025-06-24 18:24:46 [main] INFO  c.fspann.api.ForwardSecureANNSystem - Insert complete for id=e552f120-a403-4411-941d-ef6e74b7adf3 in 681.9373 ms
2025-06-24 18:24:47 [main] INFO  c.fspann.api.ForwardSecureANNSystem - Insert complete for id=02ec1907-9a25-4244-b5b6-24e456cdd605 in 681.6189 ms
2025-06-24 18:24:47 [main] INFO  c.fspann.api.ForwardSecureANNSystem - Insert complete for id=a65f2640-54c0-434f-b907-b7d3a05af8fe in 683.9977 ms
2025-06-24 18:24:48 [main] INFO  c.fspann.api.ForwardSecureANNSystem - Insert complete for id=b71ff5b1-5b55-4f6b-9ec7-d15c6cca97fc in 683.5607 ms
2025-06-24 18:24:49 [main] INFO  c.fspann.api.ForwardSecureANNSystem - Insert complete for id=b5e86911-6eda-4d72-8314-57b601e4e7a1 in 673.589 ms
2025-06-24 18:24:50 [main] INFO  c.fspann.api.ForwardSecureANNSystem - Insert complete for id=2d3cbf6e-2137-4e96-928a-acbb62f2999e in 684.1128 ms
2025-06-24 18:24:50 [main] INFO  c.fspann.api.ForwardSecureANNSystem - Insert complete for id=18048615-3fae-4c6d-8b2d-fa3475e552e7 in 680.9835 ms
2025-06-24 18:24:51 [main] INFO  c.fspann.api.ForwardSecureANNSystem - Insert complete for id=67c221b4-d523-4c49-a70e-037a8280cc65 in 677.9244 ms
2025-06-24 18:24:52 [main] INFO  c.fspann.api.ForwardSecureANNSystem - Insert complete for id=f5918973-3ccc-4a6d-bfae-cebf1fc979ea in 684.1763 ms
2025-06-24 18:24:52 [main] INFO  c.fspann.api.ForwardSecureANNSystem - Insert complete for id=014e54e2-b59e-435f-a503-45954640e547 in 688.3841 ms
2025-06-24 18:24:53 [main] INFO  c.fspann.api.ForwardSecureANNSystem - Insert complete for id=47fab467-8570-4986-b507-72142ee160ad in 680.3431 ms
2025-06-24 18:24:54 [main] INFO  c.fspann.api.ForwardSecureANNSystem - Insert complete for id=9003c93f-05d6-472e-ac1c-04d01d32e189 in 680.5996 ms
2025-06-24 18:24:54 [main] INFO  c.fspann.api.ForwardSecureANNSystem - Insert complete for id=4bf5f241-24b8-4698-9bb3-380535cde80c in 680.5452 ms
2025-06-24 18:24:55 [main] INFO  c.fspann.api.ForwardSecureANNSystem - Insert complete for id=812ac1d7-3c34-4047-8fd4-3ad8ba726193 in 683.0424 ms
2025-06-24 18:24:56 [main] INFO  c.fspann.api.ForwardSecureANNSystem - Insert complete for id=ae96ab92-b023-4e22-bbeb-b4783450814a in 675.8028 ms
2025-06-24 18:24:56 [main] INFO  c.fspann.api.ForwardSecureANNSystem - Insert complete for id=7219995c-a374-4006-bf0e-2dd01cf63fb1 in 682.7669 ms
2025-06-24 18:24:57 [main] INFO  c.fspann.api.ForwardSecureANNSystem - Insert complete for id=037a49a8-d88b-4b69-a08f-1d2868776791 in 682.2825 ms
2025-06-24 18:24:58 [main] INFO  c.fspann.api.ForwardSecureANNSystem - Insert complete for id=a8b343b8-084d-4870-8f6a-204ac0007f36 in 677.5151 ms
2025-06-24 18:24:58 [main] INFO  c.fspann.api.ForwardSecureANNSystem - Insert complete for id=de8d3fd6-e466-4ee1-ab20-c9095e456ca6 in 691.8718 ms
2025-06-24 18:24:59 [main] INFO  c.fspann.api.ForwardSecureANNSystem - Insert complete for id=bf1cde22-4b5b-4a1c-bdf1-0e63b457cee1 in 692.0898 ms
2025-06-24 18:25:00 [main] INFO  c.fspann.api.ForwardSecureANNSystem - Insert complete for id=b1300c75-c524-4f95-b027-245313ed061d in 677.458 ms
2025-06-24 18:25:00 [main] INFO  c.fspann.api.ForwardSecureANNSystem - Insert complete for id=fad92385-3ab1-4925-a8a8-ba6662311e4a in 698.2571 ms
2025-06-24 18:25:01 [main] INFO  c.fspann.api.ForwardSecureANNSystem - Insert complete for id=c440df56-2ebc-49fa-bc06-d1a4c7b13643 in 681.8305 ms
2025-06-24 18:25:02 [main] INFO  c.fspann.api.ForwardSecureANNSystem - Insert complete for id=d17a812d-0980-4a84-8e9a-39a25947fb1d in 683.0797 ms
2025-06-24 18:25:03 [main] INFO  c.fspann.api.ForwardSecureANNSystem - Insert complete for id=7a2f7708-31e0-4d8b-b4d3-c14f7234a03f in 681.2904 ms
2025-06-24 18:25:03 [main] INFO  c.fspann.api.ForwardSecureANNSystem - Insert complete for id=8d2259bd-1834-47de-8039-591a76438de4 in 675.871 ms
2025-06-24 18:25:04 [main] INFO  c.fspann.api.ForwardSecureANNSystem - Insert complete for id=6a0a5049-8e29-48ee-8a83-f392116bc55d in 679.285 ms
2025-06-24 18:25:05 [main] INFO  c.fspann.api.ForwardSecureANNSystem - Insert complete for id=25b3a073-334b-4b3e-b8c8-31a994c5ba08 in 689.2713 ms
2025-06-24 18:25:05 [main] INFO  c.fspann.api.ForwardSecureANNSystem - Insert complete for id=070db0da-8406-4f3c-a5d8-7f2b1a9f50dc in 681.731 ms
2025-06-24 18:25:06 [main] INFO  c.fspann.api.ForwardSecureANNSystem - Insert complete for id=c5ed6abc-10be-4daf-bd4a-d5e27807607d in 679.7491 ms
2025-06-24 18:25:07 [main] INFO  c.fspann.api.ForwardSecureANNSystem - Insert complete for id=461d269e-aa7a-4cf1-8b81-9fd7d337f92d in 687.2353 ms
2025-06-24 18:25:07 [main] INFO  c.fspann.api.ForwardSecureANNSystem - Insert complete for id=36c6109d-021a-4525-937f-656fb043703c in 678.9856 ms
2025-06-24 18:25:08 [main] INFO  c.fspann.api.ForwardSecureANNSystem - Insert complete for id=3f11ddc7-30cd-46d0-8a92-55016dc00f86 in 678.9902 ms
2025-06-24 18:25:09 [main] INFO  c.fspann.api.ForwardSecureANNSystem - Insert complete for id=e0db35de-bc22-4d1a-8e1e-cc9ce050da89 in 674.8492 ms
2025-06-24 18:25:09 [main] INFO  c.fspann.api.ForwardSecureANNSystem - Insert complete for id=bb2deee5-124d-4233-8f64-36d298f6ba7b in 675.2289 ms
2025-06-24 18:25:10 [main] INFO  c.fspann.api.ForwardSecureANNSystem - Insert complete for id=fb4f3efc-cc5c-4a16-ab03-2b76e78b7ac2 in 686.7297 ms
2025-06-24 18:25:11 [main] INFO  c.fspann.api.ForwardSecureANNSystem - Insert complete for id=c81f0d59-d33d-49f8-9dc6-0b45ae04c8bc in 682.5336 ms
2025-06-24 18:25:11 [main] INFO  c.fspann.api.ForwardSecureANNSystem - Insert complete for id=32238735-298c-4f1a-9447-fe1f73debc83 in 688.7099 ms
2025-06-24 18:25:12 [main] INFO  c.fspann.api.ForwardSecureANNSystem - Insert complete for id=d06f3e2b-dc8e-4e64-a1bb-c31b15d88f2e in 687.056 ms
2025-06-24 18:25:13 [main] INFO  c.fspann.api.ForwardSecureANNSystem - Insert complete for id=c5c2f2f3-4a91-4801-9141-b154aa6ab269 in 683.772 ms
2025-06-24 18:25:13 [main] INFO  c.fspann.api.ForwardSecureANNSystem - Insert complete for id=0106edee-9ebd-402d-923f-59a8e95ccdac in 680.7787 ms
2025-06-24 18:25:14 [main] INFO  c.fspann.api.ForwardSecureANNSystem - Insert complete for id=7d798026-dfab-4e3e-8467-a3ae2ff554ad in 684.1414 ms
2025-06-24 18:25:15 [main] INFO  c.fspann.api.ForwardSecureANNSystem - Insert complete for id=682e67f2-655e-4d0c-8253-f74310288014 in 686.7199 ms
2025-06-24 18:25:15 [main] INFO  c.fspann.api.ForwardSecureANNSystem - Insert complete for id=1fded95f-b767-4744-be7d-7892ee5ac919 in 681.3525 ms
2025-06-24 18:25:16 [main] INFO  c.fspann.api.ForwardSecureANNSystem - Insert complete for id=a03755ac-f9cc-4f89-9d21-a717c347a519 in 680.782 ms
2025-06-24 18:25:17 [main] INFO  c.fspann.api.ForwardSecureANNSystem - Insert complete for id=9f3029c1-ef46-4325-bf6c-ca9c077c2a40 in 690.4139 ms
2025-06-24 18:25:18 [main] INFO  c.fspann.api.ForwardSecureANNSystem - Insert complete for id=46e92427-96f5-4dfd-a23f-1f06035eb3f9 in 687.8002 ms
2025-06-24 18:25:18 [main] INFO  c.fspann.api.ForwardSecureANNSystem - Insert complete for id=7f4c5887-c00a-450f-b66e-15f75eca0d91 in 679.2558 ms
2025-06-24 18:25:19 [main] INFO  c.fspann.api.ForwardSecureANNSystem - Insert complete for id=3705ad77-d993-43d8-9857-3b33ac5f9a0b in 683.2186 ms
2025-06-24 18:25:20 [main] INFO  c.fspann.api.ForwardSecureANNSystem - Insert complete for id=bad046f1-d376-462d-b868-4a78a580f3b9 in 688.9986 ms
2025-06-24 18:25:20 [main] INFO  c.fspann.api.ForwardSecureANNSystem - Insert complete for id=cbf547df-28fb-4cc5-b854-68dc9bbf4419 in 678.9062 ms
2025-06-24 18:25:21 [main] INFO  c.fspann.api.ForwardSecureANNSystem - Insert complete for id=7f1ce42f-d8f9-4df3-9884-29ef6fe5c6b7 in 681.851 ms
2025-06-24 18:25:22 [main] INFO  c.fspann.api.ForwardSecureANNSystem - Insert complete for id=2b9068fb-be99-43bb-9456-81e85cbf7d45 in 684.4064 ms
2025-06-24 18:25:22 [main] INFO  c.fspann.api.ForwardSecureANNSystem - Insert complete for id=a80775b4-bd94-4616-9007-150bde229920 in 689.0561 ms
2025-06-24 18:25:23 [main] INFO  c.fspann.api.ForwardSecureANNSystem - Insert complete for id=e93f718a-4319-4216-ae68-3f4b13bb5f97 in 691.2346 ms
2025-06-24 18:25:24 [main] INFO  c.fspann.api.ForwardSecureANNSystem - Insert complete for id=38292b06-80ef-495a-b0a3-d7bf9d1c62f4 in 685.7148 ms
2025-06-24 18:25:24 [main] INFO  c.fspann.api.ForwardSecureANNSystem - Insert complete for id=ec9c11bb-f399-40d0-8675-ebc334ca90f0 in 686.4799 ms
2025-06-24 18:25:25 [main] INFO  c.fspann.api.ForwardSecureANNSystem - Insert complete for id=55d061f1-7784-485a-88d1-30dedb0b07a5 in 686.3327 ms
2025-06-24 18:25:26 [main] INFO  c.fspann.api.ForwardSecureANNSystem - Insert complete for id=c1e27416-1946-4fc7-a9ed-aa7c9f1e5c7d in 688.2352 ms
2025-06-24 18:25:26 [main] INFO  c.fspann.api.ForwardSecureANNSystem - Insert complete for id=41d541c8-d077-4752-898f-6eda7b12a87c in 686.3175 ms
2025-06-24 18:25:27 [main] INFO  c.fspann.api.ForwardSecureANNSystem - Insert complete for id=b46b6134-6591-4d2d-87b8-8f5ca901a7bc in 695.7439 ms
2025-06-24 18:25:28 [main] INFO  c.fspann.api.ForwardSecureANNSystem - Insert complete for id=97d33a09-980a-4408-9e60-4481d66860bc in 706.0606 ms
2025-06-24 18:25:29 [main] INFO  c.fspann.api.ForwardSecureANNSystem - Insert complete for id=f7dd6198-ccd2-4a32-9cda-6db96ad3f2d5 in 682.9224 ms
2025-06-24 18:25:29 [main] INFO  c.fspann.api.ForwardSecureANNSystem - Insert complete for id=658ac38f-48fc-42e5-b3e5-f5214f3bf4b1 in 684.9307 ms
2025-06-24 18:25:30 [main] INFO  c.fspann.api.ForwardSecureANNSystem - Insert complete for id=67081d17-a6f4-4764-a474-6872fd4b4dce in 682.011 ms
2025-06-24 18:25:31 [main] INFO  c.fspann.api.ForwardSecureANNSystem - Insert complete for id=d1e82348-63d1-4c3d-9303-d68f82dc91f3 in 686.6794 ms
2025-06-24 18:25:31 [main] INFO  c.fspann.api.ForwardSecureANNSystem - Insert complete for id=f4a7164d-8132-4ab1-954b-7babf928820a in 686.9409 ms
2025-06-24 18:25:32 [main] INFO  c.fspann.api.ForwardSecureANNSystem - Insert complete for id=6533e706-3734-4d7b-b0f0-9a61c0978dba in 686.1896 ms
2025-06-24 18:25:33 [main] INFO  c.fspann.api.ForwardSecureANNSystem - Insert complete for id=d41d2ad0-5710-4f6c-a673-ace31f1fc3fa in 685.8715 ms
2025-06-24 18:25:33 [main] INFO  c.fspann.api.ForwardSecureANNSystem - Insert complete for id=19430bbf-c045-4ae0-8297-47b26f70c78f in 695.1455 ms
2025-06-24 18:25:34 [main] INFO  c.fspann.api.ForwardSecureANNSystem - Insert complete for id=373e6685-97d3-4a6f-a8b9-41a51b62b04a in 686.5215 ms
2025-06-24 18:25:35 [main] INFO  c.fspann.api.ForwardSecureANNSystem - Insert complete for id=8bd15057-6fcc-42da-8e47-96269d177e9d in 695.1762 ms
2025-06-24 18:25:35 [main] INFO  c.fspann.api.ForwardSecureANNSystem - Insert complete for id=f525bb82-16fb-4dc8-af24-c4ead7a2c144 in 698.6313 ms
2025-06-24 18:25:36 [main] INFO  c.fspann.api.ForwardSecureANNSystem - Insert complete for id=17588b38-4a93-44de-a917-e003f03128e5 in 685.2614 ms
2025-06-24 18:25:37 [main] INFO  c.fspann.api.ForwardSecureANNSystem - Insert complete for id=61e581e5-19b3-40ec-af77-72a86e42c158 in 689.86 ms
2025-06-24 18:25:37 [main] INFO  c.fspann.api.ForwardSecureANNSystem - Insert complete for id=7c922d5a-5e01-4e37-b93f-0d29e7e6fa84 in 680.1687 ms
2025-06-24 18:25:38 [main] INFO  c.fspann.api.ForwardSecureANNSystem - Insert complete for id=291dcd2c-ab70-405f-9d3e-a6305a2e1f76 in 684.1061 ms
2025-06-24 18:25:39 [main] INFO  c.fspann.api.ForwardSecureANNSystem - Insert complete for id=e3880ac2-5d2a-48a6-819d-769abc477e55 in 694.5574 ms
2025-06-24 18:25:40 [main] INFO  c.fspann.api.ForwardSecureANNSystem - Insert complete for id=889cfca6-1960-4d97-b571-a9978b131395 in 687.3089 ms
2025-06-24 18:25:40 [main] INFO  c.fspann.api.ForwardSecureANNSystem - Insert complete for id=aeb3ba87-26dc-43f6-a5a9-bc4514bd4f96 in 683.0474 ms
2025-06-24 18:25:41 [main] INFO  c.fspann.api.ForwardSecureANNSystem - Insert complete for id=125331b2-c05f-4a6f-a60d-7de6e40bf9cd in 720.1048 ms
2025-06-24 18:25:42 [main] INFO  c.fspann.api.ForwardSecureANNSystem - Insert complete for id=61bd6495-a35a-4e16-98b2-c1ce7336d2d4 in 680.9397 ms
2025-06-24 18:25:42 [main] INFO  c.fspann.api.ForwardSecureANNSystem - Insert complete for id=86055e8b-c71f-4f10-bbaf-c5a7b86cd16b in 683.8059 ms
2025-06-24 18:25:43 [main] INFO  c.fspann.api.ForwardSecureANNSystem - Insert complete for id=31edba4e-d46e-40f6-ad8b-901b2a10e3db in 695.1589 ms
2025-06-24 18:25:44 [main] INFO  c.fspann.api.ForwardSecureANNSystem - Insert complete for id=1135d0f9-8d88-4d4b-b3cf-2a539ed537eb in 680.5614 ms
2025-06-24 18:25:44 [main] INFO  c.fspann.api.ForwardSecureANNSystem - Insert complete for id=f00178c8-4148-45c7-9449-ecfb3e049dfe in 684.2709 ms
2025-06-24 18:25:45 [main] INFO  c.fspann.api.ForwardSecureANNSystem - Insert complete for id=a7b95c73-2de6-4c54-a6d3-f758fb94eff0 in 682.7951 ms
2025-06-24 18:25:46 [main] INFO  c.fspann.api.ForwardSecureANNSystem - Insert complete for id=354c7b1d-acd2-414f-955d-2c228c91374e in 681.9352 ms
2025-06-24 18:25:46 [main] INFO  c.fspann.api.ForwardSecureANNSystem - Insert complete for id=d3844462-aaba-44e3-a1ec-7c6307bbb978 in 688.343 ms
2025-06-24 18:25:47 [main] INFO  c.fspann.api.ForwardSecureANNSystem - Insert complete for id=e3ace9ff-f5c1-43b6-b2b5-4235dd08f60d in 691.8481 ms
2025-06-24 18:25:48 [main] INFO  c.fspann.api.ForwardSecureANNSystem - Insert complete for id=913dfb82-f6e7-4aa1-bd74-a19cbea99592 in 682.2937 ms
2025-06-24 18:25:49 [main] INFO  c.fspann.api.ForwardSecureANNSystem - Insert complete for id=9bc09529-321e-43b3-bc95-69ce4a8e0b55 in 687.8056 ms
2025-06-24 18:25:49 [main] INFO  c.fspann.api.ForwardSecureANNSystem - Insert complete for id=5319828c-c0fc-42f1-b391-08af9726a6fe in 690.3167 ms
2025-06-24 18:25:50 [main] INFO  c.fspann.api.ForwardSecureANNSystem - Insert complete for id=c8b33b71-b2a3-4586-b96d-2f333e918dae in 691.5182 ms
2025-06-24 18:25:51 [main] INFO  c.fspann.api.ForwardSecureANNSystem - Insert complete for id=bab23d6e-f2b3-4dc7-8c03-ef7f631b0901 in 690.0503 ms
2025-06-24 18:25:51 [main] INFO  c.fspann.api.ForwardSecureANNSystem - Insert complete for id=23970aad-7f56-4e1e-995d-25ab7f4f1ea6 in 688.368 ms
2025-06-24 18:25:52 [main] INFO  c.fspann.api.ForwardSecureANNSystem - Insert complete for id=45d25137-2a7b-4e9b-af53-529082fe57e2 in 685.2856 ms
2025-06-24 18:25:53 [main] INFO  c.fspann.api.ForwardSecureANNSystem - Insert complete for id=74d02aff-246e-4164-be37-2ca614fe8f2b in 690.2596 ms
2025-06-24 18:25:53 [main] INFO  c.fspann.api.ForwardSecureANNSystem - Insert complete for id=f5cd008f-eee8-42aa-9bc4-61879d519c08 in 691.0473 ms
2025-06-24 18:25:54 [main] INFO  c.fspann.api.ForwardSecureANNSystem - Insert complete for id=7f2b6791-e641-43fc-af24-29826c811d34 in 696.3231 ms
2025-06-24 18:25:55 [main] INFO  c.fspann.api.ForwardSecureANNSystem - Insert complete for id=6a5ef51a-81bc-4525-9965-dc37bccfdacd in 681.6935 ms
2025-06-24 18:25:55 [main] INFO  c.fspann.api.ForwardSecureANNSystem - Insert complete for id=36fa6544-3edc-44f0-a250-e2476cc9c70b in 692.8761 ms
2025-06-24 18:25:56 [main] INFO  c.fspann.api.ForwardSecureANNSystem - Insert complete for id=6dba2b95-d001-4135-9c3b-6dfec2143de9 in 683.3465 ms
2025-06-24 18:25:57 [main] INFO  c.fspann.api.ForwardSecureANNSystem - Insert complete for id=81c407c2-9240-42e4-8b53-e3a87a73cdae in 682.1601 ms
2025-06-24 18:25:57 [main] INFO  c.fspann.api.ForwardSecureANNSystem - Insert complete for id=8b557655-2266-4494-aa51-3b9df9e6f107 in 685.0686 ms
2025-06-24 18:25:58 [main] INFO  c.fspann.api.ForwardSecureANNSystem - Insert complete for id=3070da7a-b276-4a32-abac-ac9cb80b4e61 in 690.5052 ms
2025-06-24 18:25:59 [main] INFO  c.fspann.api.ForwardSecureANNSystem - Insert complete for id=bb01a32b-1d95-42db-b82d-7d5a5f0ee89a in 690.9624 ms
2025-06-24 18:26:00 [main] INFO  c.fspann.api.ForwardSecureANNSystem - Insert complete for id=9a30697d-72fa-4b42-837d-546adea2ee67 in 687.8699 ms
2025-06-24 18:26:00 [main] INFO  c.fspann.api.ForwardSecureANNSystem - Insert complete for id=f953a10a-6eb9-4285-af98-e79a955146d5 in 695.2046 ms
2025-06-24 18:26:01 [main] INFO  c.fspann.api.ForwardSecureANNSystem - Insert complete for id=32fb32a6-fc18-492c-b1f0-1d9744e71e6b in 687.4617 ms
2025-06-24 18:26:02 [main] INFO  c.fspann.api.ForwardSecureANNSystem - Insert complete for id=3c4dabed-030b-4dfc-8a15-89490c1329e1 in 687.969 ms
2025-06-24 18:26:02 [main] INFO  c.fspann.api.ForwardSecureANNSystem - Insert complete for id=5a2f2a1e-885f-410b-95f2-5ba1d52ef0d3 in 687.0096 ms
2025-06-24 18:26:03 [main] INFO  c.fspann.api.ForwardSecureANNSystem - Insert complete for id=6c03e988-4d84-4655-9f83-bf532b751ca8 in 679.5779 ms
2025-06-24 18:26:04 [main] INFO  c.fspann.api.ForwardSecureANNSystem - Insert complete for id=6274f2a7-3ae9-4017-a236-79a4f830db1e in 689.8526 ms
2025-06-24 18:26:04 [main] INFO  c.fspann.api.ForwardSecureANNSystem - Insert complete for id=01049409-51af-4658-ae08-f3856cfd25dc in 687.6587 ms
2025-06-24 18:26:05 [main] INFO  c.fspann.api.ForwardSecureANNSystem - Insert complete for id=ab4ccb8f-574b-47c1-b944-6702b7a2d880 in 684.0977 ms
2025-06-24 18:26:06 [main] INFO  c.fspann.api.ForwardSecureANNSystem - Insert complete for id=610f8e55-ceea-4ef2-9b6c-2aa4ac7bc0dd in 683.5031 ms
2025-06-24 18:26:06 [main] INFO  c.fspann.api.ForwardSecureANNSystem - Insert complete for id=e6842678-d3c4-4226-8d67-e20bcd6178cc in 688.2818 ms
2025-06-24 18:26:07 [main] INFO  c.fspann.api.ForwardSecureANNSystem - Insert complete for id=92260508-d2d3-4074-8560-f74c1a760c2e in 694.3241 ms
2025-06-24 18:26:08 [main] INFO  c.fspann.api.ForwardSecureANNSystem - Insert complete for id=fbdfbad8-a778-458f-a895-711a90847a70 in 690.0813 ms
2025-06-24 18:26:08 [main] INFO  c.fspann.api.ForwardSecureANNSystem - Insert complete for id=9dcacf87-795a-4b2d-9de5-971593638e2a in 693.9998 ms
2025-06-24 18:26:09 [main] INFO  c.fspann.api.ForwardSecureANNSystem - Insert complete for id=339b2bca-1969-4a86-9181-bb1263ed375f in 679.8787 ms
2025-06-24 18:26:10 [main] INFO  c.fspann.api.ForwardSecureANNSystem - Insert complete for id=421fa73b-8e2a-4e11-b36d-e3532dd9bea2 in 680.37 ms
2025-06-24 18:26:11 [main] INFO  c.fspann.api.ForwardSecureANNSystem - Insert complete for id=51d35ac8-7bc2-4607-af1f-ab3124090ee1 in 675.5534 ms
2025-06-24 18:26:11 [main] INFO  c.fspann.api.ForwardSecureANNSystem - Insert complete for id=0cb2e514-2783-4315-935f-9e77dfb73d1b in 694.9115 ms
2025-06-24 18:26:12 [main] INFO  c.fspann.api.ForwardSecureANNSystem - Insert complete for id=06f24797-6d5e-4bf1-94b6-78cd473f0664 in 689.7669 ms
2025-06-24 18:26:13 [main] INFO  c.fspann.api.ForwardSecureANNSystem - Insert complete for id=c421a7b2-fa9c-483c-9cbf-9793465038dd in 684.9772 ms
2025-06-24 18:26:13 [main] INFO  c.fspann.api.ForwardSecureANNSystem - Insert complete for id=4ad960db-ade6-4964-90d3-5b34a9b6faee in 690.5097 ms
2025-06-24 18:26:14 [main] INFO  c.fspann.api.ForwardSecureANNSystem - Insert complete for id=4740a4b6-da75-4b74-bd84-0806cd95a5e3 in 694.8255 ms
2025-06-24 18:26:15 [main] INFO  c.fspann.api.ForwardSecureANNSystem - Insert complete for id=bfc00b47-e46e-4469-9cb0-ac0b5f61e168 in 693.9145 ms
2025-06-24 18:26:15 [main] INFO  c.fspann.api.ForwardSecureANNSystem - Insert complete for id=8ac7f306-5baf-44e9-b56b-cf1d49c9dbe3 in 692.6033 ms
2025-06-24 18:26:16 [main] INFO  c.fspann.api.ForwardSecureANNSystem - Insert complete for id=b6416af7-489b-4dd0-b89b-75edc7a3d57f in 682.9537 ms
2025-06-24 18:26:17 [main] INFO  c.fspann.api.ForwardSecureANNSystem - Insert complete for id=32207320-a882-44bd-8f06-d5a7ccb5c228 in 683.8877 ms
2025-06-24 18:26:17 [main] INFO  c.fspann.api.ForwardSecureANNSystem - Insert complete for id=0548479a-d593-4cf8-93ee-c1f1250b6b5c in 685.8781 ms
2025-06-24 18:26:18 [main] INFO  c.fspann.api.ForwardSecureANNSystem - Insert complete for id=5b08f200-ffda-40e2-8660-d7fa13da9abc in 688.7582 ms
2025-06-24 18:26:19 [main] INFO  c.fspann.api.ForwardSecureANNSystem - Insert complete for id=b480b6dd-ad6e-4efd-803d-fea6be8f8c16 in 692.6153 ms
2025-06-24 18:26:19 [main] INFO  c.fspann.api.ForwardSecureANNSystem - Insert complete for id=12f81bc3-6a14-47d6-96c3-981c23629d23 in 687.6856 ms
2025-06-24 18:26:20 [main] INFO  c.fspann.api.ForwardSecureANNSystem - Insert complete for id=1dd48cd4-60a9-40dc-8cb4-7259774882e0 in 689.0064 ms
2025-06-24 18:26:21 [main] INFO  c.fspann.api.ForwardSecureANNSystem - Insert complete for id=f6af2d4a-62a1-4097-8a7d-87f74341d7c3 in 683.9432 ms
2025-06-24 18:26:22 [main] INFO  c.fspann.api.ForwardSecureANNSystem - Insert complete for id=b3940522-c9d6-455e-ad66-a70b969e0024 in 693.0399 ms
2025-06-24 18:26:22 [main] INFO  c.fspann.api.ForwardSecureANNSystem - Insert complete for id=8f748bd4-217d-494a-b102-95885a793ada in 692.0266 ms
2025-06-24 18:26:23 [main] INFO  c.fspann.api.ForwardSecureANNSystem - Insert complete for id=38e560f4-e25e-46a8-91a6-c56fcd85f773 in 685.7761 ms
2025-06-24 18:26:24 [main] INFO  c.fspann.api.ForwardSecureANNSystem - Insert complete for id=e1f728fb-57e6-41b6-a6d7-198f9eeee6ae in 703.275 ms
2025-06-24 18:26:24 [main] INFO  c.fspann.api.ForwardSecureANNSystem - Insert complete for id=e4e664a2-e6f1-4300-b623-e2ab0e977242 in 693.7177 ms
2025-06-24 18:26:25 [main] INFO  c.fspann.api.ForwardSecureANNSystem - Insert complete for id=ce91de80-bc54-4517-8190-643e137e29d4 in 690.9174 ms
2025-06-24 18:26:26 [main] INFO  c.fspann.api.ForwardSecureANNSystem - Insert complete for id=a5af170e-c5e6-45e2-9a3e-de65765eaa8f in 692.0593 ms
2025-06-24 18:26:26 [main] INFO  c.fspann.api.ForwardSecureANNSystem - Insert complete for id=42d666ee-937b-4012-9dc7-48dfa51de417 in 689.5238 ms
2025-06-24 18:26:27 [main] INFO  c.fspann.api.ForwardSecureANNSystem - Insert complete for id=9a09ab42-ec97-4a4d-8faa-6710f2cab05c in 686.9388 ms
2025-06-24 18:26:28 [main] INFO  c.fspann.api.ForwardSecureANNSystem - Insert complete for id=5f5be2cd-0648-4516-ab87-dbf862c9c977 in 686.4267 ms
2025-06-24 18:26:28 [main] INFO  c.fspann.api.ForwardSecureANNSystem - Insert complete for id=fa0b9fb4-a800-4b07-ae17-940617bc6b7d in 687.8993 ms
2025-06-24 18:26:29 [main] INFO  c.fspann.api.ForwardSecureANNSystem - Insert complete for id=3fb75d46-1091-47f3-b9ae-ae74a4b79e6e in 689.3888 ms
2025-06-24 18:26:30 [main] INFO  c.fspann.api.ForwardSecureANNSystem - Insert complete for id=55defa69-fcb4-488d-a6ae-aecca2f24a3d in 684.2057 ms
2025-06-24 18:26:31 [main] INFO  c.fspann.api.ForwardSecureANNSystem - Insert complete for id=489b9701-ba39-4beb-95c6-6cd58a859e48 in 689.3097 ms
2025-06-24 18:26:31 [main] INFO  c.fspann.api.ForwardSecureANNSystem - Insert complete for id=60fe9da5-0506-46f7-9b30-d251459c08ab in 694.7451 ms
2025-06-24 18:26:32 [main] INFO  c.fspann.api.ForwardSecureANNSystem - Insert complete for id=4e3eed01-b573-4cfe-aaae-8634015aa817 in 705.3346 ms
2025-06-24 18:26:33 [main] INFO  c.fspann.api.ForwardSecureANNSystem - Insert complete for id=32b10ec1-1848-405a-a223-1e4e83905711 in 695.4936 ms
2025-06-24 18:26:33 [main] INFO  c.fspann.api.ForwardSecureANNSystem - Insert complete for id=20f2b432-790f-4e02-b777-3c604337d7ab in 697.1105 ms
2025-06-24 18:26:34 [main] INFO  c.fspann.api.ForwardSecureANNSystem - Insert complete for id=93fac674-19d6-4429-88be-f9e02a349ef0 in 690.0432 ms
2025-06-24 18:26:35 [main] INFO  c.fspann.api.ForwardSecureANNSystem - Insert complete for id=07ef6a90-0775-4e4a-9d61-2bb1c5b96e92 in 689.4586 ms
2025-06-24 18:26:35 [main] INFO  c.fspann.api.ForwardSecureANNSystem - Insert complete for id=e61f3e42-286a-4a40-bde7-c32b208cfc10 in 685.1963 ms
2025-06-24 18:26:36 [main] INFO  c.fspann.api.ForwardSecureANNSystem - Insert complete for id=6f4cb19e-d7ac-4b00-a2c2-e682d10d09c9 in 695.2537 ms
2025-06-24 18:26:37 [main] INFO  c.fspann.api.ForwardSecureANNSystem - Insert complete for id=772ebdb9-6845-4c8d-a873-2d0284b9a8f4 in 681.1934 ms
2025-06-24 18:26:37 [main] INFO  c.fspann.api.ForwardSecureANNSystem - Insert complete for id=f7ca3a05-034e-430b-bc24-a7f66de57b18 in 691.1958 ms
2025-06-24 18:26:38 [main] INFO  c.fspann.api.ForwardSecureANNSystem - Insert complete for id=06d3fbeb-ec14-46a2-a0ca-3ab64f6e01e6 in 683.685 ms
2025-06-24 18:26:39 [main] INFO  c.fspann.api.ForwardSecureANNSystem - Insert complete for id=e9585682-e10b-4c2a-875b-ae346eebe380 in 678.9083 ms
2025-06-24 18:26:39 [main] INFO  c.fspann.api.ForwardSecureANNSystem - Insert complete for id=4a0de8e0-35a1-428e-96bf-aabcd83a84f9 in 690.6907 ms
2025-06-24 18:26:40 [main] INFO  c.fspann.api.ForwardSecureANNSystem - Insert complete for id=45507359-60be-44d2-a31b-962b521a30a2 in 685.928 ms
2025-06-24 18:26:41 [main] INFO  c.fspann.api.ForwardSecureANNSystem - Insert complete for id=c5589b39-5db5-48e9-9812-7b4a8426213f in 681.8988 ms
2025-06-24 18:26:42 [main] INFO  c.fspann.api.ForwardSecureANNSystem - Insert complete for id=38d49324-4f07-4665-a160-d57ec4a33e92 in 692.0454 ms
2025-06-24 18:26:42 [main] INFO  c.fspann.api.ForwardSecureANNSystem - Insert complete for id=bc0712bf-647d-47f8-9ba3-194d92b5e261 in 692.9589 ms
2025-06-24 18:26:43 [main] INFO  c.fspann.api.ForwardSecureANNSystem - Insert complete for id=da793554-f204-4ec3-8fd6-4d2c27b556f8 in 687.4684 ms
2025-06-24 18:26:44 [main] INFO  c.fspann.api.ForwardSecureANNSystem - Insert complete for id=1fdf6f43-66a7-44a9-82b7-e43b8586510d in 685.5722 ms
2025-06-24 18:26:44 [main] INFO  c.fspann.api.ForwardSecureANNSystem - Insert complete for id=d10bf5c4-1c4a-4a61-8f4e-603513467929 in 695.4221 ms
2025-06-24 18:26:45 [main] INFO  c.fspann.api.ForwardSecureANNSystem - Insert complete for id=2d8b0c40-1894-48b6-96ad-3c0071a4e86b in 685.8592 ms
2025-06-24 18:26:46 [main] INFO  c.fspann.api.ForwardSecureANNSystem - Insert complete for id=bb258279-2e04-4c77-8d0a-4c4a465b3553 in 683.8479 ms
2025-06-24 18:26:46 [main] INFO  c.fspann.api.ForwardSecureANNSystem - Insert complete for id=9a6e7943-0c55-4258-a13b-2edce2a9f4b0 in 691.1274 ms
2025-06-24 18:26:47 [main] INFO  c.fspann.api.ForwardSecureANNSystem - Insert complete for id=ada8ae6a-2a63-4545-9c38-23561f91bf7b in 681.1289 ms
2025-06-24 18:26:48 [main] INFO  c.fspann.api.ForwardSecureANNSystem - Insert complete for id=f6cc6f91-8fe7-4c27-b256-14a2f2c48435 in 692.3219 ms
2025-06-24 18:26:48 [main] INFO  c.fspann.api.ForwardSecureANNSystem - Insert complete for id=55070e0a-46db-4361-bd6d-b330319cd8ee in 690.7681 ms
2025-06-24 18:26:49 [main] INFO  c.fspann.api.ForwardSecureANNSystem - Insert complete for id=bf0d32f9-1a80-47cd-ac9e-7a8ce9aec8c0 in 681.7907 ms
2025-06-24 18:26:50 [main] INFO  c.fspann.api.ForwardSecureANNSystem - Insert complete for id=b4270627-fcd4-4a81-86e8-3dc89effe5ca in 677.7319 ms
2025-06-24 18:26:50 [main] INFO  c.fspann.api.ForwardSecureANNSystem - Insert complete for id=ae9bc441-a4cc-4f1f-a7f9-fa2baa1d60cc in 680.215 ms
2025-06-24 18:26:51 [main] INFO  c.fspann.api.ForwardSecureANNSystem - Insert complete for id=fae5721f-c11b-4307-989a-720dd947a05e in 688.7202 ms
2025-06-24 18:26:52 [main] INFO  c.fspann.api.ForwardSecureANNSystem - Insert complete for id=d9f43514-f3bf-4bdc-801d-163ed5d63527 in 679.835 ms
2025-06-24 18:26:53 [main] INFO  c.fspann.api.ForwardSecureANNSystem - Insert complete for id=4be863fe-683b-4705-8b0f-8004712f26d4 in 691.4711 ms
2025-06-24 18:26:53 [main] INFO  c.fspann.api.ForwardSecureANNSystem - Insert complete for id=42ab7cc1-4aa7-46e0-bb7b-444447fa17f4 in 683.2792 ms
2025-06-24 18:26:54 [main] INFO  c.fspann.api.ForwardSecureANNSystem - Insert complete for id=f27d7ec6-ddca-4eeb-b923-365c57c3fdc9 in 681.0783 ms
2025-06-24 18:26:55 [main] INFO  c.fspann.api.ForwardSecureANNSystem - Insert complete for id=d11edf95-d690-4cdf-9d63-79580665837d in 684.368 ms
2025-06-24 18:26:55 [main] INFO  c.fspann.api.ForwardSecureANNSystem - Insert complete for id=62fcffb0-b85f-496e-b51e-3fc75532d232 in 696.4403 ms
2025-06-24 18:26:56 [main] INFO  c.fspann.api.ForwardSecureANNSystem - Insert complete for id=1e5af6a8-78aa-4d2c-ac58-329fff35b77d in 687.2113 ms
2025-06-24 18:26:57 [main] INFO  c.fspann.api.ForwardSecureANNSystem - Insert complete for id=06cf7158-dfd3-434e-ad50-2c95373ababc in 690.4365 ms
2025-06-24 18:26:57 [main] INFO  c.fspann.api.ForwardSecureANNSystem - Insert complete for id=ee61441e-9ea6-48b6-8343-a76babab3ad3 in 689.3565 ms
2025-06-24 18:26:58 [main] INFO  c.fspann.api.ForwardSecureANNSystem - Insert complete for id=d176539a-8cfe-4c4b-bf29-2fc2f9a81e65 in 681.7822 ms
2025-06-24 18:26:59 [main] INFO  c.fspann.api.ForwardSecureANNSystem - Insert complete for id=216ffc33-758c-415a-a093-d6ed54343ab8 in 683.9894 ms
2025-06-24 18:26:59 [main] INFO  c.fspann.api.ForwardSecureANNSystem - Insert complete for id=19d0f7ec-17e3-4d9d-9335-c19f03050ed8 in 686.3273 ms
2025-06-24 18:27:00 [main] INFO  c.fspann.api.ForwardSecureANNSystem - Insert complete for id=63d32cde-930f-4880-b71c-5e2000b268cd in 698.0141 ms
2025-06-24 18:27:01 [main] INFO  c.fspann.api.ForwardSecureANNSystem - Insert complete for id=e3067783-51a1-4fc0-a0e3-5f797ac0ab01 in 683.4963 ms
2025-06-24 18:27:01 [main] INFO  c.fspann.api.ForwardSecureANNSystem - Insert complete for id=6f0b4d50-87ab-46d8-8212-e0e2edcc9a65 in 696.1122 ms
2025-06-24 18:27:02 [main] INFO  c.fspann.api.ForwardSecureANNSystem - Insert complete for id=8699bafc-2469-447b-b8f1-681a70961f54 in 691.8028 ms
2025-06-24 18:27:03 [main] INFO  c.fspann.api.ForwardSecureANNSystem - Insert complete for id=a6bdee87-8747-4c6e-af99-a107429b1976 in 687.0266 ms
2025-06-24 18:27:04 [main] INFO  c.fspann.api.ForwardSecureANNSystem - Insert complete for id=e1e6c2e0-505b-4c42-85c5-46b0679d93f9 in 684.5926 ms
2025-06-24 18:27:04 [main] INFO  c.fspann.api.ForwardSecureANNSystem - Insert complete for id=9518ef86-dcff-4368-8af5-bbc0378fb562 in 697.5896 ms
2025-06-24 18:27:05 [main] INFO  c.fspann.api.ForwardSecureANNSystem - Insert complete for id=a509ef0f-fd79-4cc4-99a3-b2775d1bb02c in 688.9274 ms
2025-06-24 18:27:06 [main] INFO  c.fspann.api.ForwardSecureANNSystem - Insert complete for id=d9c68775-9be0-4bf2-959f-98d176499844 in 679.1841 ms
2025-06-24 18:27:06 [main] INFO  c.fspann.api.ForwardSecureANNSystem - Insert complete for id=a937ae93-5765-426b-98a8-4a4c08104cc8 in 685.624 ms
2025-06-24 18:27:07 [main] INFO  c.fspann.api.ForwardSecureANNSystem - Insert complete for id=1d0f5f32-ec4f-471b-9766-a7ee9802b94f in 732.8666 ms
2025-06-24 18:27:08 [main] INFO  c.fspann.api.ForwardSecureANNSystem - Insert complete for id=950936e6-4b52-4628-9fc5-f51f3ce9a13b in 701.8023 ms
2025-06-24 18:27:08 [main] INFO  c.fspann.api.ForwardSecureANNSystem - Insert complete for id=b42af241-f637-4dd5-af5e-b9f78f4e0acd in 701.0697 ms
2025-06-24 18:27:09 [main] INFO  c.fspann.api.ForwardSecureANNSystem - Insert complete for id=af788760-2b2b-4af3-aae4-77df9cbdfda0 in 695.8862 ms
2025-06-24 18:27:10 [main] INFO  c.fspann.api.ForwardSecureANNSystem - Insert complete for id=6ebe923e-f95e-4424-be9c-36dff69ccff1 in 693.1339 ms
2025-06-24 18:27:11 [main] INFO  c.fspann.api.ForwardSecureANNSystem - Insert complete for id=16294bd3-f8ab-4d65-a94a-16ee9ec260fb in 695.1645 ms
2025-06-24 18:27:11 [main] INFO  c.fspann.api.ForwardSecureANNSystem - Insert complete for id=77180531-cc93-4f5c-bb71-41f9702ceb3a in 696.8814 ms
2025-06-24 18:27:12 [main] INFO  c.fspann.api.ForwardSecureANNSystem - Insert complete for id=f37bbb4e-fb94-4a4c-8b6a-26e8c66d7b50 in 683.3833 ms
2025-06-24 18:27:13 [main] INFO  c.fspann.api.ForwardSecureANNSystem - Insert complete for id=665ae7db-678a-4b1c-9757-181a873bf5f0 in 693.6301 ms
2025-06-24 18:27:13 [main] INFO  c.fspann.api.ForwardSecureANNSystem - Insert complete for id=dcd3da88-518e-45c6-9872-d09528971335 in 684.8888 ms
2025-06-24 18:27:14 [main] INFO  c.fspann.api.ForwardSecureANNSystem - Insert complete for id=f45d9d3f-95f1-4552-8df3-8741d0db8a5f in 693.8205 ms
2025-06-24 18:27:15 [main] INFO  c.fspann.api.ForwardSecureANNSystem - Insert complete for id=233d9514-91e5-45ed-90b5-b1e3bbbead63 in 691.3647 ms
2025-06-24 18:27:15 [main] INFO  c.fspann.api.ForwardSecureANNSystem - Insert complete for id=17ca6d07-4e62-44e3-9504-f51946117024 in 695.0319 ms
2025-06-24 18:27:16 [main] INFO  c.fspann.api.ForwardSecureANNSystem - Insert complete for id=f571a035-abef-454e-bfad-75a94850746f in 689.9411 ms
2025-06-24 18:27:17 [main] INFO  c.fspann.api.ForwardSecureANNSystem - Insert complete for id=0d0bbb11-ec09-4f18-8416-db50d52d47e5 in 707.1337 ms
2025-06-24 18:27:17 [main] INFO  c.fspann.api.ForwardSecureANNSystem - Insert complete for id=999f4895-8b18-4a00-9065-c8ce0b95e81f in 699.2379 ms
2025-06-24 18:27:18 [main] INFO  c.fspann.api.ForwardSecureANNSystem - Insert complete for id=b94b42b8-6337-44d1-a844-1c452072f32f in 704.4715 ms
2025-06-24 18:27:19 [main] INFO  c.fspann.api.ForwardSecureANNSystem - Insert complete for id=b8fdd928-38e6-4822-8767-79d1c55cf323 in 692.4977 ms
2025-06-24 18:27:20 [main] INFO  c.fspann.api.ForwardSecureANNSystem - Insert complete for id=d81932b6-4e37-452c-abd4-a6ad818ff85c in 698.2033 ms
2025-06-24 18:27:20 [main] INFO  c.fspann.api.ForwardSecureANNSystem - Insert complete for id=bee416f9-85fe-4ee5-81ff-187011e572e3 in 683.7027 ms
2025-06-24 18:27:21 [main] INFO  c.fspann.api.ForwardSecureANNSystem - Insert complete for id=10ed0994-c7d8-46ca-b7b6-242eb9b30eaf in 705.5025 ms
2025-06-24 18:27:22 [main] INFO  c.fspann.api.ForwardSecureANNSystem - Insert complete for id=7b587df0-55f1-43c6-8552-0e46521b37fb in 694.2482 ms
2025-06-24 18:27:22 [main] INFO  c.fspann.api.ForwardSecureANNSystem - Insert complete for id=0b562bdd-17c8-42cb-9ff4-9d1e0d517031 in 689.2886 ms
2025-06-24 18:27:23 [main] INFO  c.fspann.api.ForwardSecureANNSystem - Insert complete for id=c50732e0-51a0-417a-8070-32ca7c84c953 in 696.0188 ms
2025-06-24 18:27:24 [main] INFO  c.fspann.api.ForwardSecureANNSystem - Insert complete for id=6db274dd-5df0-441f-9afe-44ee6a006341 in 700.9153 ms
2025-06-24 18:27:24 [main] INFO  c.fspann.api.ForwardSecureANNSystem - Insert complete for id=b461b09c-bcbb-4fce-b430-3a8deaa9646a in 695.2678 ms
2025-06-24 18:27:25 [main] INFO  c.fspann.api.ForwardSecureANNSystem - Insert complete for id=14d01ffb-e27e-4f5d-ac82-1c78ff810598 in 699.885 ms
2025-06-24 18:27:26 [main] INFO  c.fspann.api.ForwardSecureANNSystem - Insert complete for id=cbebbfb0-d4e6-4d16-adf5-8b4847e66183 in 703.9255 ms
2025-06-24 18:27:27 [main] INFO  c.fspann.api.ForwardSecureANNSystem - Insert complete for id=d9271fe0-44a4-4d97-9733-65cfe62cb307 in 692.1995 ms
2025-06-24 18:27:27 [main] INFO  c.fspann.api.ForwardSecureANNSystem - Insert complete for id=d55bc41f-bb02-4709-bf3d-867c1599c453 in 697.2182 ms
2025-06-24 18:27:28 [main] INFO  c.fspann.api.ForwardSecureANNSystem - Insert complete for id=817fabdb-d263-4d22-bd7e-4bb2980dc151 in 690.9825 ms
2025-06-24 18:27:29 [main] INFO  c.fspann.api.ForwardSecureANNSystem - Insert complete for id=790bc89c-6b41-471e-80c2-78be7d311326 in 694.5139 ms
2025-06-24 18:27:29 [main] INFO  c.fspann.api.ForwardSecureANNSystem - Insert complete for id=51d011f7-4959-4438-ae4b-3a101ff8416a in 686.9258 ms
2025-06-24 18:27:30 [main] INFO  c.fspann.api.ForwardSecureANNSystem - Insert complete for id=5a84bc8c-244b-4696-9f4a-952c661cbdf5 in 689.374 ms
2025-06-24 18:27:31 [main] INFO  c.fspann.api.ForwardSecureANNSystem - Insert complete for id=413b0def-4148-4d83-b77e-2035883b7158 in 686.5599 ms
2025-06-24 18:27:31 [main] INFO  c.fspann.api.ForwardSecureANNSystem - Insert complete for id=6da596e9-bae9-455b-94c0-69e31c533d08 in 691.5126 ms
2025-06-24 18:27:32 [main] INFO  c.fspann.api.ForwardSecureANNSystem - Insert complete for id=39637e44-db53-4738-95ab-7a17c247153e in 688.1583 ms
2025-06-24 18:27:33 [main] INFO  c.fspann.api.ForwardSecureANNSystem - Insert complete for id=3dd0b6c4-1ec2-4913-8670-c0a35f5f2348 in 716.8138 ms
2025-06-24 18:27:33 [main] INFO  c.fspann.api.ForwardSecureANNSystem - Insert complete for id=0a26da2b-2010-4903-99d7-995613b914a8 in 688.341 ms
2025-06-24 18:27:34 [main] INFO  c.fspann.api.ForwardSecureANNSystem - Insert complete for id=a6d30ef6-6d77-4599-b49c-ef35eedc8e45 in 685.8691 ms
2025-06-24 18:27:35 [main] INFO  c.fspann.api.ForwardSecureANNSystem - Insert complete for id=11a27839-0cfd-4771-9bb5-e8b4a2b18a10 in 701.6162 ms
2025-06-24 18:27:36 [main] INFO  c.fspann.api.ForwardSecureANNSystem - Insert complete for id=7892599c-af94-4610-8ce1-796904d97d20 in 692.1322 ms
2025-06-24 18:27:36 [main] INFO  c.fspann.api.ForwardSecureANNSystem - Insert complete for id=60ccdd6a-36ea-4237-b1cb-ed3709e9ce27 in 700.922 ms
2025-06-24 18:27:37 [main] INFO  c.fspann.api.ForwardSecureANNSystem - Insert complete for id=a7d48b2d-0f55-4e75-bb3a-2cb3ca92931f in 697.4219 ms
2025-06-24 18:27:38 [main] INFO  c.fspann.api.ForwardSecureANNSystem - Insert complete for id=a0d8b30b-dfb8-4de1-bd4c-f76b38859c4a in 691.7521 ms
2025-06-24 18:27:38 [main] INFO  c.fspann.api.ForwardSecureANNSystem - Insert complete for id=a67c56e7-950c-4bf6-8ced-47d88fec5fd4 in 720.6752 ms
2025-06-24 18:27:39 [main] INFO  c.fspann.api.ForwardSecureANNSystem - Insert complete for id=fe597f5b-e6bf-4b74-939c-7b58ddcfb3eb in 698.8435 ms
2025-06-24 18:27:40 [main] INFO  c.fspann.api.ForwardSecureANNSystem - Insert complete for id=6e716e75-ffbf-4a70-80a4-ed78adee3898 in 703.9417 ms
2025-06-24 18:27:40 [main] INFO  c.fspann.api.ForwardSecureANNSystem - Insert complete for id=70ae9c90-9dc4-40e4-b2d0-8fb77d990428 in 695.4286 ms
2025-06-24 18:27:41 [main] INFO  c.fspann.api.ForwardSecureANNSystem - Insert complete for id=e2217cdd-55da-4d30-8de1-039c939216bc in 701.1094 ms
2025-06-24 18:27:42 [main] INFO  c.fspann.api.ForwardSecureANNSystem - Insert complete for id=4d35904f-3494-4c26-81bd-322ef9eb2078 in 691.0449 ms
2025-06-24 18:27:43 [main] INFO  c.fspann.api.ForwardSecureANNSystem - Insert complete for id=e8ceaf01-d320-4c74-8b28-d3b785f87cc0 in 689.2499 ms
2025-06-24 18:27:43 [main] INFO  c.fspann.api.ForwardSecureANNSystem - Insert complete for id=2ae57d1e-0b1a-4083-80e4-e91209e306e9 in 688.5438 ms
2025-06-24 18:27:44 [main] INFO  c.fspann.api.ForwardSecureANNSystem - Insert complete for id=df880a81-b9c5-4d2a-9560-13ae5755fa8f in 695.4596 ms
2025-06-24 18:27:45 [main] INFO  c.fspann.api.ForwardSecureANNSystem - Insert complete for id=6b8956aa-9c36-4892-ad10-c928efcd2249 in 690.1514 ms
2025-06-24 18:27:45 [main] INFO  c.fspann.api.ForwardSecureANNSystem - Insert complete for id=fa56da61-2ac3-4346-95b5-a50de903de15 in 695.5046 ms
2025-06-24 18:27:46 [main] INFO  c.fspann.api.ForwardSecureANNSystem - Insert complete for id=c4bd4faa-26a9-4dc8-a84d-df02785431c1 in 691.4394 ms
2025-06-24 18:27:47 [main] INFO  c.fspann.api.ForwardSecureANNSystem - Insert complete for id=8be30e65-2a07-4703-9225-cbcdf6e0375c in 697.9827 ms
2025-06-24 18:27:47 [main] INFO  c.fspann.api.ForwardSecureANNSystem - Insert complete for id=c3fb4a1d-7f05-4289-a860-6712268030bb in 694.0878 ms
2025-06-24 18:27:48 [main] INFO  c.fspann.api.ForwardSecureANNSystem - Insert complete for id=6682d876-88ef-46f6-9df2-d17b5ccf8d51 in 693.2949 ms
2025-06-24 18:27:49 [main] INFO  c.fspann.api.ForwardSecureANNSystem - Insert complete for id=8e9f7441-d074-4582-952c-242d14e62902 in 696.3093 ms
2025-06-24 18:27:49 [main] INFO  c.fspann.api.ForwardSecureANNSystem - Insert complete for id=13e80dd5-542a-4c64-9826-be1215c10795 in 697.5906 ms
2025-06-24 18:27:50 [main] INFO  c.fspann.api.ForwardSecureANNSystem - Insert complete for id=ef03baf8-44d0-462f-bff0-3971a8704083 in 693.5405 ms
2025-06-24 18:27:51 [main] INFO  c.fspann.api.ForwardSecureANNSystem - Insert complete for id=5f362a66-7b14-472d-82f5-05b48b6561a7 in 694.6984 ms
2025-06-24 18:27:52 [main] INFO  c.fspann.api.ForwardSecureANNSystem - Insert complete for id=f0180cec-e631-4c52-bb00-3b78f8bf5901 in 694.9471 ms
2025-06-24 18:27:52 [main] INFO  c.fspann.api.ForwardSecureANNSystem - Insert complete for id=d2081148-7773-45d8-a6ff-8b2882500cc0 in 694.6329 ms
2025-06-24 18:27:53 [main] INFO  c.fspann.api.ForwardSecureANNSystem - Insert complete for id=bd034b21-0f5a-4433-8db5-e959a2ff9046 in 699.0546 ms
2025-06-24 18:27:54 [main] INFO  c.fspann.api.ForwardSecureANNSystem - Insert complete for id=c1bedac5-ede6-4e3c-b941-48a56d063808 in 690.6079 ms
2025-06-24 18:27:54 [main] INFO  c.fspann.api.ForwardSecureANNSystem - Insert complete for id=6d4d45a3-1633-4530-adc6-4c2120efa720 in 696.4274 ms
2025-06-24 18:27:55 [main] INFO  c.fspann.api.ForwardSecureANNSystem - Insert complete for id=af3ec0a2-b7b9-4e42-9b25-fce3d429ce3b in 695.925 ms
2025-06-24 18:27:56 [main] INFO  c.fspann.api.ForwardSecureANNSystem - Insert complete for id=751eabbe-3467-462d-8a9a-7890dad83091 in 701.5849 ms
2025-06-24 18:27:56 [main] INFO  c.fspann.api.ForwardSecureANNSystem - Insert complete for id=51655d50-e390-4baf-bc6f-3c4729e9d0ab in 704.3845 ms
2025-06-24 18:27:57 [main] INFO  c.fspann.api.ForwardSecureANNSystem - Insert complete for id=0b76c454-551d-4d30-8685-d02ad577f000 in 707.3653 ms
2025-06-24 18:27:58 [main] INFO  c.fspann.api.ForwardSecureANNSystem - Insert complete for id=ac5927c6-069f-43c0-9656-77eb48ae1aa3 in 700.8559 ms
2025-06-24 18:27:59 [main] INFO  c.fspann.api.ForwardSecureANNSystem - Insert complete for id=47ceab73-9c64-42e9-a16f-f8cdc0b43314 in 692.3051 ms
2025-06-24 18:27:59 [main] INFO  c.fspann.api.ForwardSecureANNSystem - Insert complete for id=8b3eef8a-87bc-4efa-adf2-bc1791b901ec in 691.4665 ms
2025-06-24 18:28:00 [main] INFO  c.fspann.api.ForwardSecureANNSystem - Insert complete for id=f7f7ef0c-e750-40fc-b7ad-75180ca39378 in 708.5866 ms
2025-06-24 18:28:01 [main] INFO  c.fspann.api.ForwardSecureANNSystem - Insert complete for id=c0dce178-c4c5-4b76-bf1b-f769b5af50b0 in 691.5315 ms
2025-06-24 18:28:01 [main] INFO  c.fspann.api.ForwardSecureANNSystem - Insert complete for id=a339f559-cd57-415b-b08e-1f3624b7dbc4 in 698.96 ms
2025-06-24 18:28:02 [main] INFO  c.fspann.api.ForwardSecureANNSystem - Insert complete for id=6e069ee7-7bcc-475c-badd-babca5d4a51e in 703.3648 ms
2025-06-24 18:28:03 [main] INFO  c.fspann.api.ForwardSecureANNSystem - Insert complete for id=fde610ee-798c-4059-bbb4-99f9881556b5 in 693.2706 ms
2025-06-24 18:28:03 [main] INFO  c.fspann.api.ForwardSecureANNSystem - Insert complete for id=36f7001f-a77d-4288-b117-427c132d0cd9 in 694.3401 ms
2025-06-24 18:28:04 [main] INFO  c.fspann.api.ForwardSecureANNSystem - Insert complete for id=35c44029-224b-4739-b901-646e9c1c095c in 694.6321 ms
2025-06-24 18:28:05 [main] INFO  c.fspann.api.ForwardSecureANNSystem - Insert complete for id=8c048800-7506-489c-aa0d-abe01cb30227 in 703.8418 ms
2025-06-24 18:28:06 [main] INFO  c.fspann.api.ForwardSecureANNSystem - Insert complete for id=c3be0eea-f341-4487-ba02-f2f825d80e0e in 694.3251 ms
2025-06-24 18:28:06 [main] INFO  c.fspann.api.ForwardSecureANNSystem - Insert complete for id=a3e876a0-64c9-44f6-962e-f529596844ba in 703.0259 ms
2025-06-24 18:28:07 [main] INFO  c.fspann.api.ForwardSecureANNSystem - Insert complete for id=507861ff-7371-4bd4-8cb7-08be1e140ca5 in 686.1944 ms
2025-06-24 18:28:08 [main] INFO  c.fspann.api.ForwardSecureANNSystem - Insert complete for id=30d87379-9263-49a1-8023-25ccc2367ea1 in 689.9903 ms
2025-06-24 18:28:08 [main] INFO  c.fspann.api.ForwardSecureANNSystem - Insert complete for id=0cd70939-05d3-4bc3-8b77-3839da3db3ea in 701.5283 ms
2025-06-24 18:28:09 [main] INFO  c.fspann.api.ForwardSecureANNSystem - Insert complete for id=985f3ae8-c546-4af1-9cdd-98ca348ba607 in 696.5923 ms
2025-06-24 18:28:10 [main] INFO  c.fspann.api.ForwardSecureANNSystem - Insert complete for id=2db58d93-e683-473e-9e01-4c4b987b5f6a in 703.4827 ms
2025-06-24 18:28:10 [main] INFO  c.fspann.api.ForwardSecureANNSystem - Insert complete for id=59b78ea7-b14b-46c0-a300-9fc546ca9d5b in 689.3475 ms
2025-06-24 18:28:11 [main] INFO  c.fspann.api.ForwardSecureANNSystem - Insert complete for id=df3dbff4-5734-4e51-af21-9cdaa21b3dae in 700.0552 ms
2025-06-24 18:28:12 [main] INFO  c.fspann.api.ForwardSecureANNSystem - Insert complete for id=adc1b206-c46d-4cec-919a-ea424d029b24 in 694.2236 ms
2025-06-24 18:28:12 [main] INFO  c.fspann.api.ForwardSecureANNSystem - Insert complete for id=cd3c0b74-9aa8-4c21-92e7-81f5c6612bee in 682.9514 ms
2025-06-24 18:28:13 [main] INFO  c.fspann.api.ForwardSecureANNSystem - Insert complete for id=f5d7a546-82ed-497d-b4c5-d764acaacb01 in 700.6533 ms
2025-06-24 18:28:14 [main] INFO  c.fspann.api.ForwardSecureANNSystem - Insert complete for id=b8d70519-0720-488d-89b2-1fc3e4868667 in 696.2644 ms
2025-06-24 18:28:15 [main] INFO  c.fspann.api.ForwardSecureANNSystem - Insert complete for id=4d16e08b-b48f-403f-ad90-a8a4e35ee4f0 in 688.9123 ms
2025-06-24 18:28:15 [main] INFO  c.fspann.api.ForwardSecureANNSystem - Insert complete for id=00799900-89f5-4a9c-b22d-5cb5d8538b50 in 701.9412 ms
2025-06-24 18:28:16 [main] INFO  c.fspann.api.ForwardSecureANNSystem - Insert complete for id=1f82489c-606d-4062-8ee0-c37fc2f1c250 in 684.9415 ms
2025-06-24 18:28:17 [main] INFO  c.fspann.api.ForwardSecureANNSystem - Insert complete for id=6181e960-7af7-4308-8ee4-06fed5671930 in 690.6005 ms
2025-06-24 18:28:17 [main] INFO  c.fspann.api.ForwardSecureANNSystem - Insert complete for id=4863aed9-80a2-4668-866e-460c049c47c1 in 696.5705 ms
2025-06-24 18:28:18 [main] INFO  c.fspann.api.ForwardSecureANNSystem - Insert complete for id=50cbb8d9-ace9-400d-9ece-a3e39d0dbe6c in 698.2064 ms
2025-06-24 18:28:19 [main] INFO  c.fspann.api.ForwardSecureANNSystem - Insert complete for id=bcc4c255-b3cd-4a7d-bde8-66a3364e6eb0 in 692.7807 ms
2025-06-24 18:28:19 [main] INFO  c.fspann.api.ForwardSecureANNSystem - Insert complete for id=a694aa4d-648e-42e7-8725-e0951126f1d9 in 699.2808 ms
2025-06-24 18:28:20 [main] INFO  c.fspann.api.ForwardSecureANNSystem - Insert complete for id=78f06216-a9e6-4c1a-8dfd-e0dc50da7207 in 702.1916 ms
2025-06-24 18:28:21 [main] INFO  c.fspann.api.ForwardSecureANNSystem - Insert complete for id=9ac87c89-ab5d-491d-af02-22b602b7714e in 701.2955 ms
2025-06-24 18:28:22 [main] INFO  c.fspann.api.ForwardSecureANNSystem - Insert complete for id=d00a6e11-304d-44e8-b2fb-f92c595c5130 in 695.8278 ms
2025-06-24 18:28:22 [main] INFO  c.fspann.api.ForwardSecureANNSystem - Insert complete for id=9e699822-f43f-44cb-886c-e3c84f19f41c in 700.6794 ms
2025-06-24 18:28:23 [main] INFO  c.fspann.api.ForwardSecureANNSystem - Insert complete for id=3af2aaf6-a548-421b-8981-1d4214f4a325 in 686.7121 ms
2025-06-24 18:28:24 [main] INFO  c.fspann.api.ForwardSecureANNSystem - Insert complete for id=ee44b50b-f139-42a2-b6da-0f67b8186244 in 692.3476 ms
2025-06-24 18:28:24 [main] INFO  c.fspann.api.ForwardSecureANNSystem - Insert complete for id=0246328b-a4f7-4873-b462-65d330900430 in 691.5325 ms
2025-06-24 18:28:25 [main] INFO  c.fspann.api.ForwardSecureANNSystem - Insert complete for id=ff524b27-3b2d-46ea-b103-dcd0aa3df1d7 in 692.7045 ms
2025-06-24 18:28:26 [main] INFO  c.fspann.api.ForwardSecureANNSystem - Insert complete for id=5dc24be0-7cbe-434b-949e-bf17b2fc2c77 in 702.8205 ms
2025-06-24 18:28:26 [main] INFO  c.fspann.api.ForwardSecureANNSystem - Insert complete for id=698ddde9-4ab1-4832-9cab-183bd2120bc8 in 688.4029 ms
2025-06-24 18:28:27 [main] INFO  c.fspann.api.ForwardSecureANNSystem - Insert complete for id=3c828776-7b12-4fc4-a572-f9c903db816b in 692.474 ms
2025-06-24 18:28:28 [main] INFO  c.fspann.api.ForwardSecureANNSystem - Insert complete for id=7770635f-4f8c-43a2-8b26-0ea1ff2ae8ad in 696.0178 ms
2025-06-24 18:28:28 [main] INFO  c.fspann.api.ForwardSecureANNSystem - Insert complete for id=c831def5-6e55-4f71-bf80-28d0b525349d in 690.3019 ms
2025-06-24 18:28:29 [main] INFO  c.fspann.api.ForwardSecureANNSystem - Insert complete for id=35fdd9eb-6a47-4532-86c7-a91dcde7e9cc in 689.8302 ms
2025-06-24 18:28:30 [main] INFO  c.fspann.api.ForwardSecureANNSystem - Insert complete for id=21fe0242-bbe6-4f31-a259-975aa7035e5b in 706.3121 ms
2025-06-24 18:28:31 [main] INFO  c.fspann.api.ForwardSecureANNSystem - Insert complete for id=9bcc1ca9-dd21-4e4a-a6e3-4f05c0dba704 in 703.4179 ms
2025-06-24 18:28:31 [main] INFO  c.fspann.api.ForwardSecureANNSystem - Insert complete for id=57c81cd3-2ad7-4272-85b4-1c8a57e1fd19 in 696.7887 ms
2025-06-24 18:28:32 [main] INFO  c.fspann.api.ForwardSecureANNSystem - Insert complete for id=25969bee-82e7-4ab7-bfa7-65de2dee758f in 691.2127 ms
2025-06-24 18:28:33 [main] INFO  c.fspann.api.ForwardSecureANNSystem - Insert complete for id=a494bccc-5b72-4f81-833a-bae97b43016e in 696.1298 ms
2025-06-24 18:28:33 [main] INFO  c.fspann.api.ForwardSecureANNSystem - Insert complete for id=ace32902-6ddf-41e4-9dd3-66992b9d55da in 689.9803 ms
2025-06-24 18:28:34 [main] INFO  c.fspann.api.ForwardSecureANNSystem - Insert complete for id=cd6f2c4f-447b-423b-af17-e02ccb072f58 in 706.5987 ms
2025-06-24 18:28:35 [main] INFO  c.fspann.api.ForwardSecureANNSystem - Insert complete for id=938cc517-5f25-439e-8fdf-6ae37ecf8d2c in 690.4453 ms
2025-06-24 18:28:35 [main] INFO  c.fspann.api.ForwardSecureANNSystem - Insert complete for id=0e18017e-ee8f-4710-8cf1-56abe6f06db0 in 704.5378 ms
2025-06-24 18:28:36 [main] INFO  c.fspann.api.ForwardSecureANNSystem - Insert complete for id=d1fa3fd5-22ad-423b-891d-4961b328a825 in 698.9011 ms
2025-06-24 18:28:37 [main] INFO  c.fspann.api.ForwardSecureANNSystem - Insert complete for id=2366143f-ae0a-40f9-9267-ba81a1e9df6d in 691.5689 ms
2025-06-24 18:28:38 [main] INFO  c.fspann.api.ForwardSecureANNSystem - Insert complete for id=7ee27243-2f1e-47c8-baa5-d8c98b79fb8d in 695.7915 ms
2025-06-24 18:28:38 [main] INFO  c.fspann.api.ForwardSecureANNSystem - Insert complete for id=69cc99c8-eb03-45c6-bab1-ac997c60cf64 in 704.0163 ms
2025-06-24 18:28:39 [main] INFO  c.fspann.api.ForwardSecureANNSystem - Insert complete for id=29dea6e0-1995-4dd3-98e0-8f39e50639f7 in 696.7986 ms
2025-06-24 18:28:40 [main] INFO  c.fspann.api.ForwardSecureANNSystem - Insert complete for id=afd2b253-54d1-4a55-affa-7b7813cc4bcc in 696.3948 ms
2025-06-24 18:28:40 [main] INFO  c.fspann.api.ForwardSecureANNSystem - Insert complete for id=a1315ab5-3fd3-4607-a348-c60c20378762 in 697.8739 ms
2025-06-24 18:28:41 [main] INFO  c.fspann.api.ForwardSecureANNSystem - Insert complete for id=f06acf3a-8564-4a4c-86db-d3864cdafbc2 in 688.2169 ms
2025-06-24 18:28:42 [main] INFO  c.fspann.api.ForwardSecureANNSystem - Insert complete for id=35372b85-368c-4aee-b8a4-b591ad68b33f in 704.6271 ms
2025-06-24 18:28:42 [main] INFO  c.fspann.api.ForwardSecureANNSystem - Insert complete for id=d55a7f9e-ae03-4afc-9282-07123bc75198 in 693.5307 ms
2025-06-24 18:28:43 [main] INFO  c.fspann.api.ForwardSecureANNSystem - Insert complete for id=9055fd2a-6490-4090-bbe2-e09052d7337f in 696.1869 ms
2025-06-24 18:28:44 [main] INFO  c.fspann.api.ForwardSecureANNSystem - Insert complete for id=5c8c86b5-2033-4bdf-8a7c-840a85c0ea29 in 695.5211 ms
2025-06-24 18:28:44 [main] INFO  c.fspann.api.ForwardSecureANNSystem - Insert complete for id=47851ed4-1f17-4672-89f2-787189340f96 in 693.7464 ms
2025-06-24 18:28:45 [main] INFO  c.fspann.api.ForwardSecureANNSystem - Insert complete for id=e76ba22c-15f4-4e00-a48c-564d1854aa2d in 692.4818 ms
2025-06-24 18:28:46 [main] INFO  c.fspann.api.ForwardSecureANNSystem - Insert complete for id=cd0cc32f-0daf-4daf-94a6-7d11a3fd1378 in 702.456 ms
2025-06-24 18:28:47 [main] INFO  c.fspann.api.ForwardSecureANNSystem - Insert complete for id=c19f8e2f-e56b-4477-a35b-c9c1688007fb in 695.5982 ms
2025-06-24 18:28:47 [main] INFO  c.fspann.api.ForwardSecureANNSystem - Insert complete for id=a775bbd4-11ca-4114-bb49-8b7f828eaefb in 686.9643 ms
2025-06-24 18:28:48 [main] INFO  c.fspann.api.ForwardSecureANNSystem - Insert complete for id=a169c10a-2c9f-4059-b7d4-c84098c14129 in 698.3808 ms
2025-06-24 18:28:49 [main] INFO  c.fspann.api.ForwardSecureANNSystem - Insert complete for id=8f67a702-311c-4dd0-94d9-387c223c3fe6 in 693.8224 ms
2025-06-24 18:28:49 [main] INFO  c.fspann.api.ForwardSecureANNSystem - Insert complete for id=ffba981e-bea9-4927-986f-7f7c3416bc72 in 701.5944 ms
2025-06-24 18:28:50 [main] INFO  c.fspann.api.ForwardSecureANNSystem - Insert complete for id=a72fba06-0ecb-4fea-8c0d-54dfd342b0f4 in 702.9943 ms
2025-06-24 18:28:51 [main] INFO  c.fspann.api.ForwardSecureANNSystem - Insert complete for id=5a4cc567-210d-4899-9900-dfeba6df0a14 in 693.9702 ms
2025-06-24 18:28:51 [main] INFO  c.fspann.api.ForwardSecureANNSystem - Insert complete for id=2bf23c10-4846-4cf6-9a3d-e6e92b026af3 in 696.3388 ms
2025-06-24 18:28:52 [main] INFO  c.fspann.api.ForwardSecureANNSystem - Insert complete for id=aaa6210d-c6f8-41f0-85d7-d83fe69c684e in 690.8859 ms
2025-06-24 18:28:53 [main] INFO  c.fspann.api.ForwardSecureANNSystem - Insert complete for id=abc70323-dee2-4296-ad93-32778fd782b5 in 694.6052 ms
2025-06-24 18:28:54 [main] INFO  c.fspann.api.ForwardSecureANNSystem - Insert complete for id=f2472fcc-b6ba-4de4-be07-6c5bb1e49550 in 700.4051 ms
2025-06-24 18:28:54 [main] INFO  c.fspann.api.ForwardSecureANNSystem - Insert complete for id=eca22b29-2a11-4fb0-b657-caa93ebda3be in 694.7631 ms
2025-06-24 18:28:55 [main] INFO  c.fspann.api.ForwardSecureANNSystem - Insert complete for id=f8aa891f-d7aa-458d-a1e2-bc6579a07308 in 692.5714 ms
2025-06-24 18:28:56 [main] INFO  c.fspann.api.ForwardSecureANNSystem - Insert complete for id=be5fcb0c-3b50-4756-935a-61e0ddfa4380 in 685.6018 ms
2025-06-24 18:28:56 [main] INFO  c.fspann.api.ForwardSecureANNSystem - Insert complete for id=57df7ae4-e66e-47d6-9d31-c37b5757b254 in 697.8888 ms
2025-06-24 18:28:57 [main] INFO  c.fspann.api.ForwardSecureANNSystem - Insert complete for id=22107102-0cd0-44c3-8a6a-89fb72cfc44b in 695.9507 ms
2025-06-24 18:28:58 [main] INFO  c.fspann.api.ForwardSecureANNSystem - Insert complete for id=e1284dce-bae0-4bdd-a333-6a7dcf8742bf in 694.4515 ms
2025-06-24 18:28:58 [main] INFO  c.fspann.api.ForwardSecureANNSystem - Insert complete for id=60595f5b-740f-42d9-a2d2-1a62e34635f6 in 693.0368 ms
2025-06-24 18:28:59 [main] INFO  c.fspann.api.ForwardSecureANNSystem - Insert complete for id=8df914ed-4884-4fa8-b0c8-47de4444600e in 691.4886 ms
2025-06-24 18:29:00 [main] INFO  c.fspann.api.ForwardSecureANNSystem - Insert complete for id=d74d6ab3-4385-4771-bc04-3b3f973f4ba8 in 694.5745 ms
2025-06-24 18:29:00 [main] INFO  c.fspann.api.ForwardSecureANNSystem - Insert complete for id=5037b832-880a-4040-881e-8a5e63eee10d in 696.0961 ms
2025-06-24 18:29:01 [main] INFO  c.fspann.api.ForwardSecureANNSystem - Insert complete for id=af53a2ba-f7c3-4bbc-b05c-b3bd8b98f1b2 in 696.0156 ms
2025-06-24 18:29:02 [main] INFO  c.fspann.api.ForwardSecureANNSystem - Insert complete for id=0d6f3102-ee28-489c-99ff-2069714282e5 in 706.3995 ms
2025-06-24 18:29:03 [main] INFO  c.fspann.api.ForwardSecureANNSystem - Insert complete for id=185bcbb5-64e2-41cb-9ed6-66ccf9c0866b in 695.4712 ms
2025-06-24 18:29:03 [main] INFO  c.fspann.api.ForwardSecureANNSystem - Insert complete for id=e4d3d04a-ecaf-4101-a727-7b92d9a81759 in 704.028 ms
2025-06-24 18:29:04 [main] INFO  c.fspann.api.ForwardSecureANNSystem - Insert complete for id=b0ecc61d-456f-40e4-bd4a-91074bdff9a1 in 695.1539 ms
2025-06-24 18:29:05 [main] INFO  c.fspann.api.ForwardSecureANNSystem - Insert complete for id=3b4a42ac-a92b-4b75-b65f-d75eed4f6f7a in 708.4513 ms
2025-06-24 18:29:05 [main] INFO  c.fspann.api.ForwardSecureANNSystem - Insert complete for id=c2417355-3d45-4e3f-b079-4c0487b30e8e in 700.3946 ms
2025-06-24 18:29:06 [main] INFO  c.fspann.api.ForwardSecureANNSystem - Insert complete for id=b6ecc997-33b8-4066-9633-083d517c701e in 708.4736 ms
2025-06-24 18:29:07 [main] INFO  c.fspann.api.ForwardSecureANNSystem - Insert complete for id=9785646a-1dad-4f37-9cc4-0e9aa44eb8f2 in 698.8555 ms
2025-06-24 18:29:07 [main] INFO  c.fspann.api.ForwardSecureANNSystem - Insert complete for id=34218534-d978-411a-b555-5b3cc5f138c3 in 696.0855 ms
2025-06-24 18:29:08 [main] INFO  c.fspann.api.ForwardSecureANNSystem - Insert complete for id=de7c6065-e8fb-4dd0-a8e4-90405db75e57 in 695.5018 ms
2025-06-24 18:29:09 [main] INFO  c.fspann.api.ForwardSecureANNSystem - Insert complete for id=d535bdaf-a654-4d97-8ca8-e4ea566fef53 in 688.6962 ms
2025-06-24 18:29:10 [main] INFO  c.fspann.api.ForwardSecureANNSystem - Insert complete for id=3a0fcce9-4603-4c4c-896c-39c22b7e41f9 in 691.7069 ms
2025-06-24 18:29:10 [main] INFO  c.fspann.api.ForwardSecureANNSystem - Insert complete for id=c55a5ab5-fd79-4d3f-9f04-874a31e58934 in 701.4863 ms
2025-06-24 18:29:11 [main] INFO  c.fspann.api.ForwardSecureANNSystem - Insert complete for id=3db5c65a-7ff8-4212-afe2-07628f68d0e4 in 693.6172 ms
2025-06-24 18:29:12 [main] INFO  c.fspann.api.ForwardSecureANNSystem - Insert complete for id=7d6de005-e540-49b3-a327-f78852c45dbd in 694.7708 ms
2025-06-24 18:29:12 [main] INFO  c.fspann.api.ForwardSecureANNSystem - Insert complete for id=08122b04-d7c6-4cb9-a4a7-4cc77fb1d427 in 693.0314 ms
2025-06-24 18:29:13 [main] INFO  c.fspann.api.ForwardSecureANNSystem - Insert complete for id=99dcec5f-5de0-45a5-aebf-3ade83c36119 in 694.0273 ms
2025-06-24 18:29:14 [main] INFO  c.fspann.api.ForwardSecureANNSystem - Insert complete for id=eaae5620-4af1-4cfa-84a2-cc8987919de6 in 691.4508 ms
2025-06-24 18:29:14 [main] INFO  c.fspann.api.ForwardSecureANNSystem - Insert complete for id=b3e51949-554b-4672-9581-739a8971e6fb in 692.4601 ms
2025-06-24 18:29:15 [main] INFO  c.fspann.api.ForwardSecureANNSystem - Insert complete for id=c47aa20f-bea6-44fb-9439-a910db78d31b in 687.9641 ms
2025-06-24 18:29:16 [main] INFO  c.fspann.api.ForwardSecureANNSystem - Insert complete for id=12428b4a-8c04-43b5-a263-29a7f254ca4c in 690.6546 ms
2025-06-24 18:29:16 [main] INFO  c.fspann.api.ForwardSecureANNSystem - Insert complete for id=ef2a9cf5-d1eb-4f46-8a03-7472f72efd1c in 697.3412 ms
2025-06-24 18:29:17 [main] INFO  c.fspann.api.ForwardSecureANNSystem - Insert complete for id=bdaff2ed-1e40-4868-9091-da9f06e70cb9 in 702.6626 ms
2025-06-24 18:29:18 [main] INFO  c.fspann.api.ForwardSecureANNSystem - Insert complete for id=fcdf60cd-052b-499c-9890-364e06a2e943 in 710.3695 ms
2025-06-24 18:29:19 [main] INFO  c.fspann.api.ForwardSecureANNSystem - Insert complete for id=b6ee13f7-a386-4668-a22a-626f5fd51f64 in 703.0337 ms
2025-06-24 18:29:19 [main] INFO  c.fspann.api.ForwardSecureANNSystem - Insert complete for id=74e3434d-5726-4241-acbb-d4dea420ebc2 in 707.8017 ms
2025-06-24 18:29:20 [main] INFO  c.fspann.api.ForwardSecureANNSystem - Insert complete for id=508a50c3-77a5-4a95-96f5-ca0a0a095361 in 696.7559 ms
2025-06-24 18:29:21 [main] INFO  c.fspann.api.ForwardSecureANNSystem - Insert complete for id=f4a04741-8036-4822-ada3-7547d9c66d94 in 704.4288 ms
2025-06-24 18:29:21 [main] INFO  c.fspann.api.ForwardSecureANNSystem - Insert complete for id=1b8ddebb-61cf-479f-9aab-11c01d958ec6 in 689.8577 ms
2025-06-24 18:29:22 [main] INFO  c.fspann.api.ForwardSecureANNSystem - Insert complete for id=a84bf9a5-3d68-4e83-8141-f8a544fe119b in 697.6239 ms
2025-06-24 18:29:23 [main] INFO  c.fspann.api.ForwardSecureANNSystem - Insert complete for id=eaac1fa2-eb2d-4641-91d9-0665d77c7fb0 in 697.5194 ms
2025-06-24 18:29:24 [main] INFO  c.fspann.api.ForwardSecureANNSystem - Insert complete for id=f7b253f0-01f2-407d-aa29-7b2de5f8cd77 in 705.5545 ms
2025-06-24 18:29:24 [main] INFO  c.fspann.api.ForwardSecureANNSystem - Insert complete for id=10f63a23-b92d-45d4-a21b-3b9095457d77 in 702.7173 ms
2025-06-24 18:29:25 [main] INFO  c.fspann.api.ForwardSecureANNSystem - Insert complete for id=cca133f7-9149-470b-a849-f6527fe80e0e in 700.9171 ms
2025-06-24 18:29:26 [main] INFO  c.fspann.api.ForwardSecureANNSystem - Insert complete for id=74d2f9b8-8c32-4601-a0ac-3dd98ea23cae in 697.1509 ms
2025-06-24 18:29:26 [main] INFO  c.fspann.api.ForwardSecureANNSystem - Insert complete for id=8bac39f8-6217-4f9c-b3bf-05e1605e7859 in 698.5249 ms
2025-06-24 18:29:27 [main] INFO  c.fspann.api.ForwardSecureANNSystem - Insert complete for id=814a8ec5-69df-42dc-ac50-db10356de1dc in 704.2531 ms
2025-06-24 18:29:28 [main] INFO  c.fspann.api.ForwardSecureANNSystem - Insert complete for id=6910e527-67df-45e1-b4f8-58a98ff6a9ac in 698.6703 ms
2025-06-24 18:29:28 [main] INFO  c.fspann.api.ForwardSecureANNSystem - Insert complete for id=a31fc8a4-f130-4cd9-9c24-d21ac1355a6e in 691.6157 ms
2025-06-24 18:29:29 [main] INFO  c.fspann.api.ForwardSecureANNSystem - Insert complete for id=55348007-45f7-4e79-b485-26b1dda96ca8 in 694.1346 ms
2025-06-24 18:29:30 [main] INFO  c.fspann.api.ForwardSecureANNSystem - Insert complete for id=232d2e23-07f5-4649-8a98-53a7d3333250 in 700.5952 ms
2025-06-24 18:29:31 [main] INFO  c.fspann.api.ForwardSecureANNSystem - Insert complete for id=8da68162-75c5-4259-b9d5-dc681be9fc72 in 710.4182 ms
2025-06-24 18:29:31 [main] INFO  c.fspann.api.ForwardSecureANNSystem - Insert complete for id=80019f32-4cad-445c-8d37-6e29079f373e in 701.5066 ms
2025-06-24 18:29:32 [main] INFO  c.fspann.api.ForwardSecureANNSystem - Insert complete for id=1b09c3aa-5a5a-4357-b056-a5fba8795c74 in 693.3536 ms
2025-06-24 18:29:33 [main] INFO  c.fspann.api.ForwardSecureANNSystem - Insert complete for id=2f0b928d-a126-4af0-8a65-8aea4115172a in 702.6463 ms
2025-06-24 18:29:33 [main] INFO  c.fspann.api.ForwardSecureANNSystem - Insert complete for id=2fc7dc89-ff9b-4c39-bd34-89a6b8699356 in 697.1496 ms
2025-06-24 18:29:34 [main] INFO  c.fspann.api.ForwardSecureANNSystem - Insert complete for id=440b505f-a102-4f49-9b8d-d97a743b5e63 in 691.6942 ms
2025-06-24 18:29:35 [main] INFO  c.fspann.api.ForwardSecureANNSystem - Insert complete for id=55b125c3-6b44-4f67-9265-e366d0569170 in 694.6023 ms
2025-06-24 18:29:35 [main] INFO  c.fspann.api.ForwardSecureANNSystem - Insert complete for id=09d6ea59-2385-4ce1-ada0-ce52bc40f5f1 in 699.0279 ms
2025-06-24 18:29:36 [main] INFO  c.fspann.api.ForwardSecureANNSystem - Insert complete for id=ef308879-6efe-4a1d-a59f-f4595bfb1758 in 694.2664 ms
2025-06-24 18:29:37 [main] INFO  c.fspann.api.ForwardSecureANNSystem - Insert complete for id=4a569585-0ebd-4fe6-abc9-27d99f98661b in 697.4946 ms
2025-06-24 18:29:37 [main] INFO  c.fspann.api.ForwardSecureANNSystem - Insert complete for id=f77b7ad8-575d-4cad-a713-5da9c24c074e in 700.0059 ms
2025-06-24 18:29:38 [main] INFO  c.fspann.api.ForwardSecureANNSystem - Insert complete for id=899c499d-a22a-4495-ae4a-5e397ae04ecc in 701.4455 ms
2025-06-24 18:29:39 [main] INFO  c.fspann.api.ForwardSecureANNSystem - Insert complete for id=fef3ca68-a5bf-4d86-a323-4fa1206a1ccb in 704.7245 ms
2025-06-24 18:29:40 [main] INFO  c.fspann.api.ForwardSecureANNSystem - Insert complete for id=020b630d-8a5d-4456-9dd4-18c9656acbd3 in 700.102 ms
2025-06-24 18:29:40 [main] INFO  c.fspann.api.ForwardSecureANNSystem - Insert complete for id=b559c99f-5b56-46d0-bc18-9bc7c12bb20d in 695.8057 ms
2025-06-24 18:29:41 [main] INFO  c.fspann.api.ForwardSecureANNSystem - Insert complete for id=6906c11c-c61a-41b7-aadd-10bc24911f99 in 692.6206 ms
2025-06-24 18:29:42 [main] INFO  c.fspann.api.ForwardSecureANNSystem - Insert complete for id=c0854275-25fa-4e2e-b0d9-c4f8d6c97210 in 691.7412 ms
2025-06-24 18:29:42 [main] INFO  c.fspann.api.ForwardSecureANNSystem - Insert complete for id=6ac29870-c845-422c-978c-c96f51e0d2b3 in 703.3306 ms
2025-06-24 18:29:43 [main] INFO  c.fspann.api.ForwardSecureANNSystem - Insert complete for id=9b54c427-ed31-4ad5-86c7-21b12f590a48 in 697.843 ms
2025-06-24 18:29:44 [main] INFO  c.fspann.api.ForwardSecureANNSystem - Insert complete for id=38a1e4bd-7f1f-4955-93d5-30cc567aac32 in 693.2639 ms
2025-06-24 18:29:44 [main] INFO  c.fspann.api.ForwardSecureANNSystem - Insert complete for id=d6f28d04-a4d1-4547-b715-138fb6f273f4 in 693.781 ms
2025-06-24 18:29:45 [main] INFO  c.fspann.api.ForwardSecureANNSystem - Insert complete for id=6ebd5b77-cf31-44fb-b078-5e4b4e6b3c31 in 694.8822 ms
2025-06-24 18:29:46 [main] INFO  c.fspann.api.ForwardSecureANNSystem - Insert complete for id=00adc492-7e52-4eda-9ceb-716e4310b5cb in 694.2801 ms
2025-06-24 18:29:47 [main] INFO  c.fspann.api.ForwardSecureANNSystem - Insert complete for id=33263b88-3fa0-4484-a8cd-d8a2ffcee83f in 700.0889 ms
2025-06-24 18:29:47 [main] INFO  c.fspann.api.ForwardSecureANNSystem - Insert complete for id=f73e3931-3010-4334-9b36-1a827a7a086c in 700.6348 ms
2025-06-24 18:29:48 [main] INFO  c.fspann.api.ForwardSecureANNSystem - Insert complete for id=99982188-33f8-4e7c-a667-735299ebecdf in 703.5029 ms
2025-06-24 18:29:49 [main] INFO  c.fspann.api.ForwardSecureANNSystem - Insert complete for id=a182de40-0814-4891-b8fe-3452913cb062 in 685.4955 ms
2025-06-24 18:29:49 [main] INFO  c.fspann.api.ForwardSecureANNSystem - Insert complete for id=32d57f6c-627b-4c26-8045-de47249d8a8e in 709.9013 ms
2025-06-24 18:29:50 [main] INFO  c.fspann.api.ForwardSecureANNSystem - Insert complete for id=39538ef1-900c-4f0a-b384-830d9ed1a8c7 in 701.4057 ms
2025-06-24 18:29:51 [main] INFO  c.fspann.api.ForwardSecureANNSystem - Insert complete for id=5867c534-2d57-4e21-9c97-94bf1dcce60f in 703.9684 ms
2025-06-24 18:29:51 [main] INFO  c.fspann.api.ForwardSecureANNSystem - Insert complete for id=327ccf2e-961c-450c-8436-d4208d3fa7d2 in 695.6701 ms
2025-06-24 18:29:52 [main] INFO  c.fspann.api.ForwardSecureANNSystem - Insert complete for id=7f72d9e3-f5d0-4dd0-b70e-6f1aa2660420 in 701.4968 ms
2025-06-24 18:29:53 [main] INFO  c.fspann.api.ForwardSecureANNSystem - Insert complete for id=400f43f6-1520-47ac-9ace-ad53c5b1958c in 696.6325 ms
2025-06-24 18:29:54 [main] INFO  c.fspann.api.ForwardSecureANNSystem - Insert complete for id=c2cd6b7c-2051-4850-8d30-308a72b83d9d in 704.3629 ms
2025-06-24 18:29:54 [main] INFO  c.fspann.api.ForwardSecureANNSystem - Insert complete for id=94597b73-f88a-4612-b7f1-291c8dd7952f in 696.3205 ms
2025-06-24 18:29:55 [main] INFO  c.fspann.api.ForwardSecureANNSystem - Insert complete for id=c2b6eea4-e5a1-408f-a9e5-7a2931852091 in 708.4536 ms
2025-06-24 18:29:56 [main] INFO  c.fspann.api.ForwardSecureANNSystem - Insert complete for id=7c7ffb09-9ec8-4f3c-b9f6-5a97ed9ecf86 in 702.5469 ms
2025-06-24 18:29:56 [main] INFO  c.fspann.api.ForwardSecureANNSystem - Insert complete for id=93724e38-84bc-46d7-a082-fd9f7f131289 in 700.5162 ms
2025-06-24 18:29:57 [main] INFO  c.fspann.api.ForwardSecureANNSystem - Insert complete for id=29ee3a6e-c39d-4c1d-9c6f-384f65de9a04 in 698.7507 ms
2025-06-24 18:29:58 [main] INFO  c.fspann.api.ForwardSecureANNSystem - Insert complete for id=9c45f18c-0a28-4cae-b4fe-146ce4f65f0f in 697.8377 ms
2025-06-24 18:29:58 [main] INFO  c.fspann.api.ForwardSecureANNSystem - Insert complete for id=90342242-7801-4d66-a62f-3400d01464c3 in 701.1825 ms
2025-06-24 18:29:59 [main] INFO  c.fspann.api.ForwardSecureANNSystem - Insert complete for id=cef8ce4f-b359-4f54-b7b7-2d061d4ad016 in 713.8513 ms
2025-06-24 18:30:00 [main] INFO  c.fspann.api.ForwardSecureANNSystem - Insert complete for id=bd0b13a7-b061-45b1-9274-ee3c7cf73761 in 705.0661 ms
2025-06-24 18:30:01 [main] INFO  c.fspann.api.ForwardSecureANNSystem - Insert complete for id=b87df430-0ba5-470e-9594-02e59dd68092 in 701.544 ms
2025-06-24 18:30:01 [main] INFO  c.fspann.api.ForwardSecureANNSystem - Insert complete for id=bf0a3d1d-cf9a-48ef-af0f-e90796068689 in 704.3157 ms
2025-06-24 18:30:02 [main] INFO  c.fspann.api.ForwardSecureANNSystem - Insert complete for id=5056c4bc-216c-44be-bd0a-83cecace8ac7 in 704.8424 ms
2025-06-24 18:30:03 [main] INFO  c.fspann.api.ForwardSecureANNSystem - Insert complete for id=effc0b55-f6c0-43be-8c8b-0f77a1f587b8 in 706.4913 ms
2025-06-24 18:30:03 [main] INFO  c.fspann.api.ForwardSecureANNSystem - Insert complete for id=cb38bfda-6816-4097-be31-d3338d1fe7b3 in 699.3495 ms
2025-06-24 18:30:04 [main] INFO  c.fspann.api.ForwardSecureANNSystem - Insert complete for id=36b777e7-5118-4b12-9df7-e1b0be11411b in 703.0038 ms
2025-06-24 18:30:05 [main] INFO  c.fspann.api.ForwardSecureANNSystem - Insert complete for id=ac8d54be-8b14-426e-a8ba-768f3552b1b8 in 701.4832 ms
2025-06-24 18:30:05 [main] INFO  c.fspann.api.ForwardSecureANNSystem - Insert complete for id=1cb46b35-09de-47a7-9cc7-33675644bc77 in 699.4913 ms
2025-06-24 18:30:06 [main] INFO  c.fspann.api.ForwardSecureANNSystem - Insert complete for id=575865b3-65aa-4c20-b0b1-67fc67437ee3 in 696.4499 ms
2025-06-24 18:30:07 [main] INFO  c.fspann.api.ForwardSecureANNSystem - Insert complete for id=3a0e4f19-58c6-45f8-980c-e29c9128a8bf in 699.6737 ms
2025-06-24 18:30:08 [main] INFO  c.fspann.api.ForwardSecureANNSystem - Insert complete for id=4c55fb29-4d32-4e11-92d0-d3eba5f7acbd in 697.196 ms
2025-06-24 18:30:08 [main] INFO  c.fspann.api.ForwardSecureANNSystem - Insert complete for id=5e7bde53-50ad-46eb-9062-0312aebf04cf in 693.9515 ms
2025-06-24 18:30:09 [main] INFO  c.fspann.api.ForwardSecureANNSystem - Insert complete for id=5b895e06-ed8a-4a04-93bf-7cd19059aa44 in 702.8813 ms
2025-06-24 18:30:10 [main] INFO  c.fspann.api.ForwardSecureANNSystem - Insert complete for id=5bf4f81b-43e6-47a2-af4f-3f6526721447 in 702.1357 ms
2025-06-24 18:30:10 [main] INFO  c.fspann.api.ForwardSecureANNSystem - Insert complete for id=31d47b2a-68aa-48e8-8c32-b3d636db19c1 in 704.3385 ms
2025-06-24 18:30:11 [main] INFO  c.fspann.api.ForwardSecureANNSystem - Insert complete for id=bd85eb84-cbbb-41d7-9ce5-2a095b7057fb in 704.3259 ms
2025-06-24 18:30:12 [main] INFO  c.fspann.api.ForwardSecureANNSystem - Insert complete for id=cbcac367-cc03-4987-bd13-7681198bc087 in 695.9 ms
2025-06-24 18:30:13 [main] INFO  c.fspann.api.ForwardSecureANNSystem - Insert complete for id=5376ca4e-66cc-4df1-a3df-00f16062dad4 in 704.7941 ms
2025-06-24 18:30:13 [main] INFO  c.fspann.api.ForwardSecureANNSystem - Insert complete for id=9f884afa-1209-4a40-a421-0a68ca89a005 in 690.5971 ms
2025-06-24 18:30:14 [main] INFO  c.fspann.api.ForwardSecureANNSystem - Insert complete for id=93933fb6-ae01-486f-b397-acb7b4b2a841 in 700.2827 ms
2025-06-24 18:30:15 [main] INFO  c.fspann.api.ForwardSecureANNSystem - Insert complete for id=19d3f2b6-4a17-4558-a2fd-8900e521002e in 701.6623 ms
2025-06-24 18:30:15 [main] INFO  c.fspann.api.ForwardSecureANNSystem - Insert complete for id=2fa24e90-a1cd-4e61-abbd-b621884b6373 in 713.5013 ms
2025-06-24 18:30:16 [main] INFO  c.fspann.api.ForwardSecureANNSystem - Insert complete for id=289527c1-ff43-45e2-b043-2aad0c28ea9d in 697.8634 ms
2025-06-24 18:30:17 [main] INFO  c.fspann.api.ForwardSecureANNSystem - Insert complete for id=3d428c54-d2b7-4de5-80a2-ba0fada270e6 in 695.0103 ms
2025-06-24 18:30:17 [main] INFO  c.fspann.api.ForwardSecureANNSystem - Insert complete for id=f06a219a-e578-4b39-9b00-fdeeed818e85 in 699.3272 ms
2025-06-24 18:30:18 [main] INFO  c.fspann.api.ForwardSecureANNSystem - Insert complete for id=d3b425d2-7cb9-4bcc-85ec-14a17e540c5e in 704.365 ms
2025-06-24 18:30:19 [main] INFO  c.fspann.api.ForwardSecureANNSystem - Insert complete for id=12d502c3-1819-494a-8a59-a3543c09d6d4 in 696.4074 ms
2025-06-24 18:30:20 [main] INFO  c.fspann.api.ForwardSecureANNSystem - Insert complete for id=042cdc86-ae95-4a65-970f-f8ff5e441bbc in 710.3068 ms
2025-06-24 18:30:20 [main] INFO  c.fspann.api.ForwardSecureANNSystem - Insert complete for id=1e705267-1f6c-45b3-9dba-68783c24c3b8 in 698.2245 ms
2025-06-24 18:30:21 [main] INFO  c.fspann.api.ForwardSecureANNSystem - Insert complete for id=b93f4b29-edde-4244-998e-9ab2e3306560 in 699.485 ms
2025-06-24 18:30:22 [main] INFO  c.fspann.api.ForwardSecureANNSystem - Insert complete for id=07b7fd3b-2e5f-484f-acfe-22f322c67717 in 696.2725 ms
2025-06-24 18:30:22 [main] INFO  c.fspann.api.ForwardSecureANNSystem - Insert complete for id=ddc16c9f-5e1b-4d70-b72b-8cb9d659b0bd in 700.7064 ms
2025-06-24 18:30:23 [main] INFO  c.fspann.api.ForwardSecureANNSystem - Insert complete for id=cebf7e97-01d7-48bd-8685-b9b08448350e in 708.634 ms
2025-06-24 18:30:24 [main] INFO  c.fspann.api.ForwardSecureANNSystem - Insert complete for id=60a9e301-065e-4ec4-bcd2-370f1843ba3d in 711.3663 ms
2025-06-24 18:30:24 [main] INFO  c.fspann.api.ForwardSecureANNSystem - Insert complete for id=ee887b3c-519e-4bd9-8181-6d2c607a1f7f in 698.7575 ms
2025-06-24 18:30:25 [main] INFO  c.fspann.api.ForwardSecureANNSystem - Insert complete for id=4302da1f-739f-48a0-a200-891fa9934ce5 in 697.3613 ms
2025-06-24 18:30:26 [main] INFO  c.fspann.api.ForwardSecureANNSystem - Insert complete for id=6b072ac2-5feb-48b7-9926-f3e52d07efff in 702.3386 ms
2025-06-24 18:30:27 [main] INFO  c.fspann.api.ForwardSecureANNSystem - Insert complete for id=6eac9725-898f-442e-ae2c-0541ef5db48a in 695.0881 ms
2025-06-24 18:30:27 [main] INFO  c.fspann.api.ForwardSecureANNSystem - Insert complete for id=d2b98947-3d26-4cf4-bc41-61fa693a169b in 707.9497 ms
2025-06-24 18:30:28 [main] INFO  c.fspann.api.ForwardSecureANNSystem - Insert complete for id=e5f0b746-8095-4429-80fd-6b74b45b59af in 697.7419 ms
2025-06-24 18:30:29 [main] INFO  c.fspann.api.ForwardSecureANNSystem - Insert complete for id=9b5e2ea6-455a-436b-9e82-56bb029c734a in 700.8287 ms
2025-06-24 18:30:29 [main] INFO  c.fspann.api.ForwardSecureANNSystem - Insert complete for id=b90916d4-2118-4a95-b27e-d9330401888d in 705.3679 ms
2025-06-24 18:30:30 [main] INFO  c.fspann.api.ForwardSecureANNSystem - Insert complete for id=9432d7be-2970-411b-8ba8-4c9e4eafeef2 in 703.7232 ms
2025-06-24 18:30:31 [main] INFO  c.fspann.api.ForwardSecureANNSystem - Insert complete for id=7c68a377-c328-4418-9d7a-d03c19d266e8 in 698.1482 ms
2025-06-24 18:30:31 [main] INFO  c.fspann.api.ForwardSecureANNSystem - Insert complete for id=6c441545-8e26-4a2d-9337-07caea4a5db4 in 706.817 ms
2025-06-24 18:30:32 [main] INFO  c.fspann.api.ForwardSecureANNSystem - Insert complete for id=544469fb-1a7a-4d12-a192-cfa3f92111b4 in 690.2981 ms
2025-06-24 18:30:33 [main] INFO  c.fspann.api.ForwardSecureANNSystem - Insert complete for id=14761cd8-ec09-4fc3-af19-411a8eeae6cf in 698.0103 ms
2025-06-24 18:30:34 [main] INFO  c.fspann.api.ForwardSecureANNSystem - Insert complete for id=090ca275-a84d-4fab-b32d-721996c1e4e9 in 696.4211 ms
2025-06-24 18:30:34 [main] INFO  c.fspann.api.ForwardSecureANNSystem - Insert complete for id=054bc861-e5db-44d0-8791-1029f693556b in 741.1077 ms
2025-06-24 18:30:35 [main] INFO  c.fspann.api.ForwardSecureANNSystem - Insert complete for id=c57f2b9e-d537-4c86-b601-5591790790e5 in 700.706 ms
2025-06-24 18:30:36 [main] INFO  c.fspann.api.ForwardSecureANNSystem - Insert complete for id=00af4c89-398d-4dd4-bbca-2b95cff031e3 in 699.2044 ms
2025-06-24 18:30:36 [main] INFO  c.fspann.api.ForwardSecureANNSystem - Insert complete for id=8a4e1d3c-9e0b-4ea6-bd8f-18677befbe45 in 689.2044 ms
2025-06-24 18:30:37 [main] INFO  c.fspann.api.ForwardSecureANNSystem - Insert complete for id=6154bd88-0bc1-416a-8f7d-557362e9f9aa in 694.7142 ms
2025-06-24 18:30:38 [main] INFO  c.fspann.api.ForwardSecureANNSystem - Insert complete for id=280b8e39-829e-49be-b722-4f1fee6320b2 in 687.0646 ms
2025-06-24 18:30:38 [main] INFO  c.fspann.api.ForwardSecureANNSystem - Insert complete for id=931fbc4a-0a22-4c24-81bd-87d0e596803d in 696.5696 ms
2025-06-24 18:30:39 [main] INFO  c.fspann.api.ForwardSecureANNSystem - Insert complete for id=67cd0077-0bd1-4159-8ea3-cd32cad745cc in 696.4349 ms
2025-06-24 18:30:40 [main] INFO  c.fspann.api.ForwardSecureANNSystem - Insert complete for id=73e35b88-f3ec-4f9f-bfed-94b3a3d6902a in 708.6415 ms
2025-06-24 18:30:41 [main] INFO  c.fspann.api.ForwardSecureANNSystem - Insert complete for id=b38fb6d8-d23d-4cd2-ba29-10dec5c19c96 in 691.1857 ms
2025-06-24 18:30:41 [main] INFO  c.fspann.api.ForwardSecureANNSystem - Insert complete for id=af62d000-ae81-450d-920d-f97a1de99207 in 699.2662 ms
2025-06-24 18:30:42 [main] INFO  c.fspann.api.ForwardSecureANNSystem - Insert complete for id=50f81b30-2028-48ca-92e7-fe52db74785c in 700.6597 ms
2025-06-24 18:30:43 [main] INFO  c.fspann.api.ForwardSecureANNSystem - Insert complete for id=aaceda68-739a-4514-9bfe-412307c4224d in 692.8217 ms
2025-06-24 18:30:43 [main] INFO  c.fspann.api.ForwardSecureANNSystem - Insert complete for id=8286dbbc-8894-459b-8942-305ecd690a28 in 697.6078 ms
2025-06-24 18:30:44 [main] INFO  c.fspann.api.ForwardSecureANNSystem - Insert complete for id=abff1eae-faa3-4946-a956-17437e0f1bf9 in 705.1576 ms
2025-06-24 18:30:45 [main] INFO  c.fspann.api.ForwardSecureANNSystem - Insert complete for id=62985f87-8030-4b6a-8066-48db0ec31d55 in 694.7059 ms
2025-06-24 18:30:45 [main] INFO  c.fspann.api.ForwardSecureANNSystem - Insert complete for id=ecbe6527-645e-4023-9a55-a01be65ce1b8 in 692.6184 ms
2025-06-24 18:30:46 [main] INFO  c.fspann.api.ForwardSecureANNSystem - Insert complete for id=e9e7ee0d-406b-427e-bfee-786fb4537dd5 in 698.9499 ms
2025-06-24 18:30:47 [main] INFO  c.fspann.api.ForwardSecureANNSystem - Insert complete for id=97e28a36-cf7d-4c11-98c2-b7138c637a1c in 693.2892 ms
2025-06-24 18:30:48 [main] INFO  c.fspann.api.ForwardSecureANNSystem - Insert complete for id=49725639-35a8-47bb-a429-05da62dcbbf9 in 694.7291 ms
2025-06-24 18:30:48 [main] INFO  c.fspann.api.ForwardSecureANNSystem - Insert complete for id=4229ffbd-1043-46d2-bf71-1becae73eb83 in 700.6677 ms
2025-06-24 18:30:49 [main] INFO  c.fspann.api.ForwardSecureANNSystem - Insert complete for id=5f18b74b-136b-4800-a641-bb2f1b0d5218 in 689.8504 ms
2025-06-24 18:30:50 [main] INFO  c.fspann.api.ForwardSecureANNSystem - Insert complete for id=daaf798c-bb90-44e3-bd3f-d88a2eb3e1f5 in 700.8466 ms
2025-06-24 18:30:50 [main] INFO  c.fspann.api.ForwardSecureANNSystem - Insert complete for id=129734fc-6342-465d-9385-1b357b2c1ab7 in 715.2536 ms
2025-06-24 18:30:51 [main] INFO  c.fspann.api.ForwardSecureANNSystem - Insert complete for id=448308ac-6cbd-4110-9771-65dffe1d3bdd in 698.1551 ms
2025-06-24 18:30:52 [main] INFO  c.fspann.api.ForwardSecureANNSystem - Insert complete for id=c029bc4d-bec0-4c62-915b-ce4061882abb in 706.3826 ms
2025-06-24 18:30:52 [main] INFO  c.fspann.api.ForwardSecureANNSystem - Insert complete for id=34454024-d563-4d76-8465-8b8795c77e28 in 701.132 ms
2025-06-24 18:30:53 [main] INFO  c.fspann.api.ForwardSecureANNSystem - Insert complete for id=e2116e80-8058-4504-be6c-97de6f441848 in 693.5943 ms
2025-06-24 18:30:54 [main] INFO  c.fspann.api.ForwardSecureANNSystem - Insert complete for id=8bca5c2c-f1ce-404d-ac78-bb7394da27e2 in 693.8804 ms
2025-06-24 18:30:54 [main] INFO  c.fspann.api.ForwardSecureANNSystem - Insert complete for id=12e2968d-cd19-47ef-9efd-fe33839da41e in 695.4747 ms
2025-06-24 18:30:55 [main] INFO  c.fspann.api.ForwardSecureANNSystem - Insert complete for id=ac6ed686-d3c9-4a51-8123-4bd81d89f1bf in 694.1757 ms
2025-06-24 18:30:56 [main] INFO  c.fspann.api.ForwardSecureANNSystem - Insert complete for id=d2c1da95-144f-428b-96ee-d77e6ed8113a in 700.0113 ms
2025-06-24 18:30:57 [main] INFO  c.fspann.api.ForwardSecureANNSystem - Insert complete for id=2129561a-e7c2-47c9-95ae-46fd75324d73 in 695.7459 ms
2025-06-24 18:30:57 [main] INFO  c.fspann.api.ForwardSecureANNSystem - Insert complete for id=7f9eb521-abb7-4c06-b06c-05eafa98e680 in 708.3662 ms
2025-06-24 18:30:58 [main] INFO  c.fspann.api.ForwardSecureANNSystem - Insert complete for id=2fadcfc3-8457-4a34-952a-dab23a5855c8 in 695.0738 ms
2025-06-24 18:30:59 [main] INFO  c.fspann.api.ForwardSecureANNSystem - Insert complete for id=4e7338f2-5ad0-4fba-8bd1-b268ebfb1697 in 700.9151 ms
2025-06-24 18:30:59 [main] INFO  c.fspann.api.ForwardSecureANNSystem - Insert complete for id=79d73adf-fe5d-4ad2-8412-468588d99ab6 in 700.8473 ms
2025-06-24 18:31:00 [main] INFO  c.fspann.api.ForwardSecureANNSystem - Insert complete for id=a9dba756-30db-45d4-a9c0-676c739bef86 in 711.5693 ms
2025-06-24 18:31:01 [main] INFO  c.fspann.api.ForwardSecureANNSystem - Insert complete for id=50df9149-a6c0-4e7d-8c33-d91aa2bb59e3 in 693.9212 ms
2025-06-24 18:31:02 [main] INFO  c.fspann.api.ForwardSecureANNSystem - Insert complete for id=ec9935eb-1da6-48ca-8a7d-14a409c5c527 in 705.2701 ms
2025-06-24 18:31:02 [main] INFO  c.fspann.api.ForwardSecureANNSystem - Insert complete for id=9b442a9e-e34e-45df-bdf8-5036016407c0 in 691.2746 ms
2025-06-24 18:31:03 [main] INFO  c.fspann.api.ForwardSecureANNSystem - Insert complete for id=e821d846-4e85-4217-898a-399b15b9986c in 710.7079 ms
2025-06-24 18:31:04 [main] INFO  c.fspann.api.ForwardSecureANNSystem - Insert complete for id=49a7bd55-4fd2-452a-9e18-5aae123c4a6e in 707.281 ms
2025-06-24 18:31:04 [main] INFO  c.fspann.api.ForwardSecureANNSystem - Insert complete for id=b43239be-887f-4823-be82-02615211684e in 706.0624 ms
2025-06-24 18:31:05 [main] INFO  c.fspann.api.ForwardSecureANNSystem - Insert complete for id=f10cf558-69cc-4414-bbc4-e86af40b606e in 693.8998 ms
2025-06-24 18:31:06 [main] INFO  c.fspann.api.ForwardSecureANNSystem - Insert complete for id=8b0417dc-921a-4849-8359-87cb92a82654 in 699.667 ms
2025-06-24 18:31:06 [main] INFO  c.fspann.api.ForwardSecureANNSystem - Insert complete for id=19d1d899-16ec-4337-9ec5-6f7566926629 in 690.6627 ms
2025-06-24 18:31:07 [main] INFO  c.fspann.api.ForwardSecureANNSystem - Insert complete for id=a9d03ea9-dcb6-403a-b492-d2949552ca38 in 689.3295 ms
2025-06-24 18:31:08 [main] INFO  c.fspann.api.ForwardSecureANNSystem - Insert complete for id=24fa8033-aae1-47a9-b4ab-4445fa77544d in 708.2616 ms
2025-06-24 18:31:08 [main] INFO  c.fspann.api.ForwardSecureANNSystem - Insert complete for id=efb9337e-a1b0-4ffa-aaee-da38fc93d8e2 in 694.35 ms
2025-06-24 18:31:09 [main] INFO  c.fspann.api.ForwardSecureANNSystem - Insert complete for id=a6b76f5b-8003-4bbb-b3aa-d792e2a1a122 in 695.5083 ms
2025-06-24 18:31:10 [main] INFO  c.fspann.api.ForwardSecureANNSystem - Insert complete for id=170ba2bc-12f6-4482-9020-8f297823b6ac in 695.2599 ms
2025-06-24 18:31:11 [main] INFO  c.fspann.api.ForwardSecureANNSystem - Insert complete for id=2a1f9110-76e2-420b-b09f-bb4eb6be74ad in 700.483 ms
2025-06-24 18:31:11 [main] INFO  c.fspann.api.ForwardSecureANNSystem - Insert complete for id=9fc34ce2-a54b-4cc8-93c9-8ebe0a1a32a4 in 692.7222 ms
2025-06-24 18:31:12 [main] INFO  c.fspann.api.ForwardSecureANNSystem - Insert complete for id=3253a5eb-e123-4201-b5df-816a31fdbae6 in 708.7032 ms
2025-06-24 18:31:13 [main] INFO  c.fspann.api.ForwardSecureANNSystem - Insert complete for id=c70bca73-699d-4660-8a3c-32b2d157fb87 in 700.9684 ms
2025-06-24 18:31:13 [main] INFO  c.fspann.api.ForwardSecureANNSystem - Insert complete for id=6e7452a0-7487-48e1-bc88-60f83846a845 in 702.627 ms
2025-06-24 18:31:14 [main] INFO  c.fspann.api.ForwardSecureANNSystem - Insert complete for id=e28a4590-39b7-4382-8fbe-8be762481026 in 695.9362 ms
2025-06-24 18:31:15 [main] INFO  c.fspann.api.ForwardSecureANNSystem - Insert complete for id=08c32ab2-b97f-4d8a-80ce-2f1ffa21753c in 701.7573 ms
2025-06-24 18:31:15 [main] INFO  c.fspann.api.ForwardSecureANNSystem - Insert complete for id=349a59f6-6b03-4f38-9509-b95c6731ec53 in 703.3898 ms
2025-06-24 18:31:16 [main] INFO  c.fspann.api.ForwardSecureANNSystem - Insert complete for id=2c6dfb14-4ac2-424b-a92c-bd13eccce9dd in 699.6417 ms
2025-06-24 18:31:17 [main] INFO  c.fspann.api.ForwardSecureANNSystem - Insert complete for id=4a59bacb-e942-4542-a022-e3d110890900 in 712.6587 ms
2025-06-24 18:31:18 [main] INFO  c.fspann.api.ForwardSecureANNSystem - Insert complete for id=1600e380-6725-44b9-8f80-5205e01bf80e in 707.1853 ms
2025-06-24 18:31:18 [main] INFO  c.fspann.api.ForwardSecureANNSystem - Insert complete for id=475c55e8-2dc9-451f-b496-64f05f731fdf in 700.5254 ms
2025-06-24 18:31:19 [main] INFO  c.fspann.api.ForwardSecureANNSystem - Insert complete for id=a77473dc-516a-4983-8c10-69558d42f31e in 702.3247 ms
2025-06-24 18:31:20 [main] INFO  c.fspann.api.ForwardSecureANNSystem - Insert complete for id=f34707ae-6dc0-4407-ba29-a2ea7ed99415 in 704.4436 ms
2025-06-24 18:31:20 [main] INFO  c.fspann.api.ForwardSecureANNSystem - Insert complete for id=b2564218-dc81-45bf-90f1-3f5baf9320b2 in 703.2455 ms
2025-06-24 18:31:21 [main] INFO  c.fspann.api.ForwardSecureANNSystem - Insert complete for id=5ead55e6-a8ed-4ff6-80b1-5edc2417116f in 698.8521 ms
2025-06-24 18:31:22 [main] INFO  c.fspann.api.ForwardSecureANNSystem - Insert complete for id=50ff5a1a-25d6-4e3c-820b-42cd589a864a in 695.4603 ms
2025-06-24 18:31:23 [main] INFO  c.fspann.api.ForwardSecureANNSystem - Insert complete for id=4b03cad5-0e17-40aa-8e9e-f0fba26be960 in 704.6893 ms
2025-06-24 18:31:23 [main] INFO  c.fspann.api.ForwardSecureANNSystem - Insert complete for id=a1d5e626-576a-4787-9f14-435935bd854f in 697.5351 ms
2025-06-24 18:31:24 [main] INFO  c.fspann.api.ForwardSecureANNSystem - Insert complete for id=bf83f018-a00a-44ad-907b-e2f1e2a2e7c2 in 695.7241 ms
2025-06-24 18:31:25 [main] INFO  c.fspann.api.ForwardSecureANNSystem - Insert complete for id=2862734e-f237-4ae5-81aa-9e3b4a7587e4 in 702.088 ms
2025-06-24 18:31:25 [main] INFO  c.fspann.api.ForwardSecureANNSystem - Insert complete for id=1204c32d-6341-42c6-9b09-64832fa5a09d in 699.3394 ms
2025-06-24 18:31:26 [main] INFO  c.fspann.api.ForwardSecureANNSystem - Insert complete for id=3e83b4ad-820f-431f-b4a1-0af4ec03a6a4 in 710.347 ms
2025-06-24 18:31:27 [main] INFO  c.fspann.api.ForwardSecureANNSystem - Insert complete for id=1713ec8b-6206-4428-ba1a-7a58fe718347 in 700.3153 ms
2025-06-24 18:31:27 [main] INFO  c.fspann.api.ForwardSecureANNSystem - Insert complete for id=693bee4f-127d-4c39-858d-57c756108eb1 in 707.2502 ms
2025-06-24 18:31:28 [main] INFO  c.fspann.api.ForwardSecureANNSystem - Insert complete for id=de9be79a-acba-4f50-b00a-bcd36f1f9f8e in 705.0017 ms
2025-06-24 18:31:29 [main] INFO  c.fspann.api.ForwardSecureANNSystem - Insert complete for id=7d05802e-f331-4949-8fdf-1b613595bf0d in 715.3886 ms
2025-06-24 18:31:30 [main] INFO  c.fspann.api.ForwardSecureANNSystem - Insert complete for id=83e1629e-fed4-4920-abf9-2413e9b14ae8 in 699.0468 ms
2025-06-24 18:31:30 [main] INFO  c.fspann.api.ForwardSecureANNSystem - Insert complete for id=e065eb22-b75d-4491-8990-a60c6e8ac159 in 698.2842 ms
2025-06-24 18:31:31 [main] INFO  c.fspann.api.ForwardSecureANNSystem - Insert complete for id=14b72a3c-46d2-4a20-876f-39bb08e314f9 in 697.9085 ms
2025-06-24 18:31:32 [main] INFO  c.fspann.api.ForwardSecureANNSystem - Insert complete for id=8ab2e19c-dc57-4c9e-bc87-f1be7e101dfe in 705.6656 ms
2025-06-24 18:31:32 [main] INFO  c.fspann.api.ForwardSecureANNSystem - Insert complete for id=ada39eed-3f2c-4b4f-ac8a-33396f736582 in 709.0603 ms
2025-06-24 18:31:33 [main] INFO  c.fspann.api.ForwardSecureANNSystem - Insert complete for id=649bdbd4-1324-40fc-8fe9-d5710f4884a5 in 713.3481 ms
2025-06-24 18:31:34 [main] INFO  c.fspann.api.ForwardSecureANNSystem - Insert complete for id=3c15b6f5-1f4e-4d5d-8bc2-82806a709dab in 700.3523 ms
2025-06-24 18:31:34 [main] INFO  c.fspann.api.ForwardSecureANNSystem - Insert complete for id=2a282497-ad28-491c-a0d8-b0a301e9d449 in 697.5056 ms
2025-06-24 18:31:35 [main] INFO  c.fspann.api.ForwardSecureANNSystem - Insert complete for id=d901a712-d1be-4e81-b96d-43a05479005c in 698.5691 ms
2025-06-24 18:31:36 [main] INFO  c.fspann.api.ForwardSecureANNSystem - Insert complete for id=0ce2a882-0a8d-4528-89a0-574c93a33201 in 695.4765 ms
2025-06-24 18:31:37 [main] INFO  c.fspann.api.ForwardSecureANNSystem - Insert complete for id=da568199-9eab-4df4-b9ff-ca48f8b5d770 in 704.1918 ms
2025-06-24 18:31:37 [main] INFO  c.fspann.api.ForwardSecureANNSystem - Insert complete for id=6dc8292a-69aa-42aa-8ddb-87160ac0a55f in 700.8299 ms
2025-06-24 18:31:38 [main] INFO  c.fspann.api.ForwardSecureANNSystem - Insert complete for id=1ba172b6-0cc0-4389-8469-82d5b86f6259 in 697.9253 ms
2025-06-24 18:31:39 [main] INFO  c.fspann.api.ForwardSecureANNSystem - Insert complete for id=2f7bc6ab-fae6-4983-a35d-4469568bdb1a in 714.3039 ms
2025-06-24 18:31:39 [main] INFO  c.fspann.api.ForwardSecureANNSystem - Insert complete for id=1694d134-8a7e-49bb-b56c-3ee4992f3c1a in 705.1946 ms
2025-06-24 18:31:40 [main] INFO  c.fspann.api.ForwardSecureANNSystem - Insert complete for id=2542af43-af43-4355-afeb-99d8441b3787 in 705.7158 ms
2025-06-24 18:31:41 [main] INFO  c.fspann.api.ForwardSecureANNSystem - Insert complete for id=5f57f495-fee6-4bcb-adbf-2704965b074c in 703.884 ms
2025-06-24 18:31:42 [main] INFO  c.fspann.api.ForwardSecureANNSystem - Insert complete for id=6eef2e1d-9d1c-42e6-a0d4-f45d4c10ba61 in 701.0868 ms
2025-06-24 18:31:42 [main] INFO  c.fspann.api.ForwardSecureANNSystem - Insert complete for id=cbb303ba-9e94-425c-8d94-951085393162 in 714.1216 ms
2025-06-24 18:31:43 [main] INFO  c.fspann.api.ForwardSecureANNSystem - Insert complete for id=6d8f813a-ab75-4523-b90b-e256702f719a in 706.8609 ms
2025-06-24 18:31:44 [main] INFO  c.fspann.api.ForwardSecureANNSystem - Insert complete for id=ad60b8ee-98b0-4ad8-885b-a095a789b0b5 in 702.5849 ms
2025-06-24 18:31:44 [main] INFO  c.fspann.api.ForwardSecureANNSystem - Insert complete for id=f1412cdb-8c75-48a8-95bd-755d4b12f44c in 702.0574 ms
2025-06-24 18:31:45 [main] INFO  c.fspann.api.ForwardSecureANNSystem - Insert complete for id=7d0ce06b-40a9-441e-84d4-a091f831a066 in 704.4284 ms
2025-06-24 18:31:46 [main] INFO  c.fspann.api.ForwardSecureANNSystem - Insert complete for id=8d07d92d-1847-48b1-bfee-7746ce9a4da5 in 717.5769 ms
2025-06-24 18:31:46 [main] INFO  c.fspann.api.ForwardSecureANNSystem - Insert complete for id=d4ad5d17-4b57-4345-8006-618ea79f737a in 707.4427 ms
2025-06-24 18:31:47 [main] INFO  c.fspann.api.ForwardSecureANNSystem - Insert complete for id=70777a7c-fc8b-4dce-945e-78607fd5fe52 in 698.9288 ms
2025-06-24 18:31:48 [main] INFO  c.fspann.api.ForwardSecureANNSystem - Insert complete for id=c1060f2e-26dd-4abe-ad6d-5924d8558f3d in 712.8268 ms
2025-06-24 18:31:49 [main] INFO  c.fspann.api.ForwardSecureANNSystem - Insert complete for id=402c2448-d535-4942-88ad-b63127d88024 in 706.5247 ms
2025-06-24 18:31:49 [main] INFO  c.fspann.api.ForwardSecureANNSystem - Insert complete for id=f621e652-a473-4af2-a03a-ed29249f2c3c in 712.128 ms
2025-06-24 18:31:50 [main] INFO  c.fspann.api.ForwardSecureANNSystem - Insert complete for id=07ff19bc-5788-476f-8faf-8de6722ba18f in 706.0178 ms
2025-06-24 18:31:51 [main] INFO  c.fspann.api.ForwardSecureANNSystem - Insert complete for id=b10e5cc4-4144-4d84-8dbe-172fe2f9d4f0 in 706.1782 ms
2025-06-24 18:31:51 [main] INFO  c.fspann.api.ForwardSecureANNSystem - Insert complete for id=cf6a3ad9-f4cb-4432-9857-e6293b1bfee2 in 698.6083 ms
2025-06-24 18:31:52 [main] INFO  c.fspann.api.ForwardSecureANNSystem - Insert complete for id=df742763-7ba0-4eb6-8ca9-dcc925d126ce in 708.2144 ms
2025-06-24 18:31:53 [main] INFO  c.fspann.api.ForwardSecureANNSystem - Insert complete for id=3451304b-747c-474a-a192-45bb70328838 in 710.7228 ms
2025-06-24 18:31:54 [main] INFO  c.fspann.api.ForwardSecureANNSystem - Insert complete for id=60fcaab1-a645-4b3b-a41c-5f2dee4e5eaa in 699.4674 ms
2025-06-24 18:31:54 [main] INFO  c.fspann.api.ForwardSecureANNSystem - Insert complete for id=883de414-9b6b-4ea7-8fff-881ccec13cb6 in 706.0627 ms
2025-06-24 18:31:55 [main] INFO  c.fspann.api.ForwardSecureANNSystem - Insert complete for id=0c656392-f648-4be7-850e-b4f7a15d89f9 in 711.1434 ms
2025-06-24 18:31:56 [main] INFO  c.fspann.api.ForwardSecureANNSystem - Insert complete for id=d52038af-bba0-4bbe-9eea-744ec524e5a0 in 703.66 ms
2025-06-24 18:31:56 [main] INFO  c.fspann.api.ForwardSecureANNSystem - Insert complete for id=121ecba0-05b5-439c-966d-dd134b8adbe2 in 708.16 ms
2025-06-24 18:31:57 [main] INFO  c.fspann.api.ForwardSecureANNSystem - Insert complete for id=87505ef3-df9d-4129-950e-e6b65abaf4da in 708.8702 ms
2025-06-24 18:31:58 [main] INFO  c.fspann.api.ForwardSecureANNSystem - Insert complete for id=93398b0f-5c96-4762-9c75-148e14161dc3 in 716.1983 ms
2025-06-24 18:31:58 [main] INFO  c.fspann.api.ForwardSecureANNSystem - Insert complete for id=19e1ac22-2343-4bf4-9f5f-53c3f80fb2ed in 702.6913 ms
2025-06-24 18:31:59 [main] INFO  c.fspann.api.ForwardSecureANNSystem - Insert complete for id=9a04c079-a44f-40c4-81d8-4890ed19436c in 702.8452 ms
2025-06-24 18:32:00 [main] INFO  c.fspann.api.ForwardSecureANNSystem - Insert complete for id=99c6a409-3e6e-412c-b39d-a7ec8a1b3f7f in 707.5685 ms
2025-06-24 18:32:01 [main] INFO  c.fspann.api.ForwardSecureANNSystem - Insert complete for id=d7453b6e-9194-4b6f-bb65-bf8e3928288a in 714.9772 ms
2025-06-24 18:32:01 [main] INFO  c.fspann.api.ForwardSecureANNSystem - Insert complete for id=f045481e-ad1e-4036-9b2a-c8e214005d09 in 712.1877 ms
2025-06-24 18:32:02 [main] INFO  c.fspann.api.ForwardSecureANNSystem - Insert complete for id=db4afbfe-b7f7-48cc-b806-e6e9f3b696cb in 715.6041 ms
2025-06-24 18:32:03 [main] INFO  c.fspann.api.ForwardSecureANNSystem - Insert complete for id=d717f483-fe7b-48d5-a9d9-8aaf6b56be5c in 699.9591 ms
2025-06-24 18:32:03 [main] INFO  c.fspann.api.ForwardSecureANNSystem - Insert complete for id=fcaf1cb3-765f-49f4-b86e-76fa9a8cc280 in 704.5496 ms
2025-06-24 18:32:04 [main] INFO  c.fspann.api.ForwardSecureANNSystem - Insert complete for id=493c0259-9b0b-4b52-9914-06928edfece3 in 714.0489 ms
2025-06-24 18:32:05 [main] INFO  c.fspann.api.ForwardSecureANNSystem - Insert complete for id=59595508-a47f-48ad-a519-b11f80f012ce in 708.4787 ms
2025-06-24 18:32:06 [main] INFO  c.fspann.api.ForwardSecureANNSystem - Insert complete for id=82ff9016-57e1-418e-b28d-b7aa79eac228 in 708.76 ms
2025-06-24 18:32:06 [main] INFO  c.fspann.api.ForwardSecureANNSystem - Insert complete for id=3176b94d-8a32-4cbf-83d9-b32561e450d3 in 700.8679 ms
2025-06-24 18:32:07 [main] INFO  c.fspann.api.ForwardSecureANNSystem - Insert complete for id=b23b0657-b597-4310-9e7d-5cc1c1baac81 in 708.7305 ms
2025-06-24 18:32:08 [main] INFO  c.fspann.api.ForwardSecureANNSystem - Insert complete for id=6ac852a4-753d-4777-96af-f7a56be343cf in 702.0055 ms
2025-06-24 18:32:08 [main] INFO  c.fspann.api.ForwardSecureANNSystem - Insert complete for id=c68e1b40-34a6-4dd6-b3d2-5573c5f02322 in 706.9618 ms
2025-06-24 18:32:09 [main] INFO  c.fspann.api.ForwardSecureANNSystem - Insert complete for id=5d2b363a-be0d-48f1-94e3-944388ae27f0 in 719.2064 ms
2025-06-24 18:32:10 [main] INFO  c.fspann.api.ForwardSecureANNSystem - Insert complete for id=229ea828-2bb4-47d4-a9a1-bba92741209f in 703.7844 ms
2025-06-24 18:32:11 [main] INFO  c.fspann.api.ForwardSecureANNSystem - Insert complete for id=b44474ad-2683-46c9-8abf-29500dccd4a5 in 704.5816 ms
2025-06-24 18:32:11 [main] INFO  c.fspann.api.ForwardSecureANNSystem - Insert complete for id=75d8822f-c59d-4b38-aaf3-3a422938e033 in 703.7965 ms
2025-06-24 18:32:12 [main] INFO  c.fspann.api.ForwardSecureANNSystem - Insert complete for id=03f767b5-37d0-48a0-989b-df3befed6a99 in 703.9292 ms
2025-06-24 18:32:13 [main] INFO  c.fspann.api.ForwardSecureANNSystem - Insert complete for id=003ae0b0-8594-4de7-9077-5ffbb86dba36 in 706.8764 ms
2025-06-24 18:32:13 [main] INFO  c.fspann.api.ForwardSecureANNSystem - Insert complete for id=b950499d-426d-44cd-ba7e-8044cdddffde in 704.4647 ms
2025-06-24 18:32:14 [main] INFO  c.fspann.api.ForwardSecureANNSystem - Insert complete for id=d1474c44-b817-4366-bc05-eb9a168d977a in 712.2228 ms
2025-06-24 18:32:15 [main] INFO  c.fspann.api.ForwardSecureANNSystem - Insert complete for id=ab176af9-9b36-4997-8ad9-f8e6a89c289e in 699.9426 ms
2025-06-24 18:32:15 [main] INFO  c.fspann.api.ForwardSecureANNSystem - Insert complete for id=59830c37-9064-4544-98b6-4a40a4533fb0 in 702.8636 ms
2025-06-24 18:32:16 [main] INFO  c.fspann.api.ForwardSecureANNSystem - Insert complete for id=8acbd130-d4e0-4265-9c4e-93a2e22846cb in 705.2219 ms
2025-06-24 18:32:17 [main] INFO  c.fspann.api.ForwardSecureANNSystem - Insert complete for id=1fe1e893-2166-4c50-88ed-316c6a9087fb in 718.3424 ms
2025-06-24 18:32:18 [main] INFO  c.fspann.api.ForwardSecureANNSystem - Insert complete for id=3d7ffcf5-210d-410a-84c4-0f40a2c78f35 in 714.0774 ms
2025-06-24 18:32:18 [main] INFO  c.fspann.api.ForwardSecureANNSystem - Insert complete for id=2c9de5c1-4df1-4a3e-8c6c-00cc13be9d4d in 708.7481 ms
2025-06-24 18:32:19 [main] INFO  c.fspann.api.ForwardSecureANNSystem - Insert complete for id=8cc5f1e9-5842-4c75-b493-cd11737d09f4 in 707.5568 ms
2025-06-24 18:32:20 [main] INFO  c.fspann.api.ForwardSecureANNSystem - Insert complete for id=825648ee-a796-42a6-b8e4-2f1a0ebfd35d in 712.7256 ms
2025-06-24 18:32:20 [main] INFO  c.fspann.api.ForwardSecureANNSystem - Insert complete for id=dad8d691-16ea-4601-a6d1-2eeafada6961 in 705.0132 ms
2025-06-24 18:32:21 [main] INFO  c.fspann.api.ForwardSecureANNSystem - Insert complete for id=a3a8f0f6-b11b-46bd-b197-ed0e8d1e9dc6 in 703.1723 ms
2025-06-24 18:32:22 [main] INFO  c.fspann.api.ForwardSecureANNSystem - Insert complete for id=41424a40-0ea7-4058-9470-bfa15c19e2a2 in 709.2411 ms
2025-06-24 18:32:23 [main] INFO  c.fspann.api.ForwardSecureANNSystem - Insert complete for id=0ff9d864-38d9-4e93-b97e-fcd2d6f56506 in 698.528 ms
2025-06-24 18:32:23 [main] INFO  c.fspann.api.ForwardSecureANNSystem - Insert complete for id=77ddfda0-317b-480a-9f75-f61335d3b70e in 700.4371 ms
2025-06-24 18:32:24 [main] INFO  c.fspann.api.ForwardSecureANNSystem - Insert complete for id=5a8e39b2-c7d7-4dda-b9e1-6c5dfee332dc in 702.0296 ms
2025-06-24 18:32:25 [main] INFO  c.fspann.api.ForwardSecureANNSystem - Insert complete for id=be91df8e-ff99-4426-8b72-a93d947e5f3b in 708.5244 ms
2025-06-24 18:32:25 [main] INFO  c.fspann.api.ForwardSecureANNSystem - Insert complete for id=bf6a7113-f96a-4d88-8e7b-55b97dd6afb3 in 708.8695 ms
2025-06-24 18:32:26 [main] INFO  c.fspann.api.ForwardSecureANNSystem - Insert complete for id=1a176585-93b6-4618-818e-2bc8171a8e86 in 709.9129 ms
2025-06-24 18:32:27 [main] INFO  c.fspann.api.ForwardSecureANNSystem - Insert complete for id=a7f29ecc-454b-4b9e-a423-a91bea391974 in 699.2208 ms
2025-06-24 18:32:27 [main] INFO  c.fspann.api.ForwardSecureANNSystem - Insert complete for id=bf37281c-7f59-47ba-bfc6-b33f3430bb9f in 699.9773 ms
2025-06-24 18:32:28 [main] INFO  c.fspann.api.ForwardSecureANNSystem - Insert complete for id=a1c1c526-90fb-407b-b264-9069db26cec9 in 704.072 ms
2025-06-24 18:32:29 [main] INFO  c.fspann.api.ForwardSecureANNSystem - Insert complete for id=12ec0518-d26c-42eb-866b-d023df263aa7 in 704.4563 ms
2025-06-24 18:32:30 [main] INFO  c.fspann.api.ForwardSecureANNSystem - Insert complete for id=e60c66eb-32a5-4e62-af03-9f3a98cf9369 in 712.0286 ms
2025-06-24 18:32:30 [main] INFO  c.fspann.api.ForwardSecureANNSystem - Insert complete for id=a3a89553-7747-4417-93f8-347cf24e9bcc in 704.9644 ms
2025-06-24 18:32:31 [main] INFO  c.fspann.api.ForwardSecureANNSystem - Insert complete for id=c4018dee-8c53-4019-8068-7c421d80fd3c in 697.7966 ms
2025-06-24 18:32:32 [main] INFO  c.fspann.api.ForwardSecureANNSystem - Insert complete for id=e53d294d-6150-45da-a479-65074892d23a in 706.9992 ms
2025-06-24 18:32:32 [main] INFO  c.fspann.api.ForwardSecureANNSystem - Insert complete for id=d16280b4-ece6-4854-a105-ca27c1b10d68 in 707.584 ms
2025-06-24 18:32:33 [main] INFO  c.fspann.api.ForwardSecureANNSystem - Insert complete for id=11bcceb4-2a0c-44f7-ba75-8119314bc389 in 705.9308 ms
2025-06-24 18:32:34 [main] INFO  c.fspann.api.ForwardSecureANNSystem - Insert complete for id=6baaa669-3967-47d0-b5b4-fa951118242f in 705.6563 ms
2025-06-24 18:32:35 [main] INFO  c.fspann.api.ForwardSecureANNSystem - Insert complete for id=1afd57d1-f055-47c5-99fa-8713b6e3a658 in 705.855 ms
2025-06-24 18:32:35 [main] INFO  c.fspann.api.ForwardSecureANNSystem - Insert complete for id=9d288fa5-8335-4e95-8d92-385718998f4a in 700.6166 ms
2025-06-24 18:32:36 [main] INFO  c.fspann.api.ForwardSecureANNSystem - Insert complete for id=4dd19cfc-8343-48b2-94ee-94c0ba05b548 in 705.4288 ms
2025-06-24 18:32:37 [main] INFO  c.fspann.api.ForwardSecureANNSystem - Insert complete for id=3e589e7b-e8ff-424e-862b-006530dfa4ad in 712.6871 ms
2025-06-24 18:32:37 [main] INFO  c.fspann.api.ForwardSecureANNSystem - Insert complete for id=374bbdd6-0282-4d5e-8a21-f6ccbe3f9731 in 708.4453 ms
2025-06-24 18:32:38 [main] INFO  c.fspann.api.ForwardSecureANNSystem - Insert complete for id=283ce41b-9f3d-4b3f-b7b5-a0117c56292b in 705.6654 ms
2025-06-24 18:32:39 [main] INFO  c.fspann.api.ForwardSecureANNSystem - Insert complete for id=3db1ba31-94ea-47c9-b2b9-5f4b71d4fe3c in 697.0993 ms
2025-06-24 18:32:39 [main] INFO  c.fspann.api.ForwardSecureANNSystem - Insert complete for id=6d3a8c7a-47a6-48f1-a084-b584e1f09e54 in 708.9697 ms
2025-06-24 18:32:40 [main] INFO  c.fspann.api.ForwardSecureANNSystem - Insert complete for id=2cc39883-c352-45a3-bd0f-38f638b1f12c in 707.203 ms
2025-06-24 18:32:41 [main] INFO  c.fspann.api.ForwardSecureANNSystem - Insert complete for id=9879a6b1-7a1b-4bae-91b4-24e2c98e768a in 702.883 ms
2025-06-24 18:32:42 [main] INFO  c.fspann.api.ForwardSecureANNSystem - Insert complete for id=5862e20b-bd8a-4dd3-bc5b-42ecf91a8a53 in 713.4233 ms
2025-06-24 18:32:42 [main] INFO  c.fspann.api.ForwardSecureANNSystem - Insert complete for id=449b3a5c-8caa-41bc-91f9-d9a5a13cae73 in 701.0484 ms
2025-06-24 18:32:43 [main] INFO  c.fspann.api.ForwardSecureANNSystem - Insert complete for id=19d72a89-19ed-4bb2-b932-9eacac0ee3df in 700.7622 ms
2025-06-24 18:32:44 [main] INFO  c.fspann.api.ForwardSecureANNSystem - Insert complete for id=bf0b1daf-9f0c-42b4-b7fa-e194df6087ee in 702.1078 ms
2025-06-24 18:32:44 [main] INFO  c.fspann.api.ForwardSecureANNSystem - Insert complete for id=50e6ee03-59d4-477c-bd69-7c4c419af61b in 698.9875 ms
2025-06-24 18:32:45 [main] INFO  c.fspann.api.ForwardSecureANNSystem - Insert complete for id=77874571-ed99-4fab-ad75-9a0ede1e3329 in 702.4223 ms
2025-06-24 18:32:46 [main] INFO  c.fspann.api.ForwardSecureANNSystem - Insert complete for id=1a8656c5-c49e-4b45-b4de-d3e6031ac027 in 710.5598 ms
2025-06-24 18:32:47 [main] INFO  c.fspann.api.ForwardSecureANNSystem - Insert complete for id=fc30d8e9-0774-4e6c-be63-8bd3bcc8ccd4 in 708.0163 ms
2025-06-24 18:32:47 [main] INFO  c.fspann.api.ForwardSecureANNSystem - Insert complete for id=ffa195dd-c6de-466d-aae4-62167cee38a4 in 700.788 ms
2025-06-24 18:32:48 [main] INFO  c.fspann.api.ForwardSecureANNSystem - Insert complete for id=01a1b011-5fc7-4242-985a-112395d5df3b in 702.518 ms
2025-06-24 18:32:49 [main] INFO  c.fspann.api.ForwardSecureANNSystem - Insert complete for id=dfe83e8a-5ee5-46ee-998a-77c30c5f480f in 704.2105 ms
2025-06-24 18:32:49 [main] INFO  c.fspann.api.ForwardSecureANNSystem - Insert complete for id=f51c61dc-dc50-48cb-a058-438de55e80e7 in 703.4984 ms
2025-06-24 18:32:50 [main] INFO  c.fspann.api.ForwardSecureANNSystem - Insert complete for id=989bb8e9-5cb7-41f2-8b4c-78ee92cc6557 in 702.2829 ms
2025-06-24 18:32:51 [main] INFO  c.fspann.api.ForwardSecureANNSystem - Insert complete for id=ec0cf07a-fc69-464a-8d47-1d2712eab4e2 in 707.496 ms
2025-06-24 18:32:51 [main] INFO  c.fspann.api.ForwardSecureANNSystem - Insert complete for id=d6e00e2f-289b-4fdc-8425-04663f25ccec in 704.4041 ms
2025-06-24 18:32:52 [main] INFO  c.fspann.api.ForwardSecureANNSystem - Insert complete for id=e286c2be-c913-434c-85f1-16911a8a7098 in 699.2522 ms
2025-06-24 18:32:53 [main] INFO  c.fspann.api.ForwardSecureANNSystem - Insert complete for id=afa65e61-52d1-4486-8b78-7151cb922f60 in 705.5621 ms
2025-06-24 18:32:54 [main] INFO  c.fspann.api.ForwardSecureANNSystem - Insert complete for id=8ae305d1-1f02-4889-8003-feea0b864384 in 713.1629 ms
2025-06-24 18:32:54 [main] INFO  c.fspann.api.ForwardSecureANNSystem - Insert complete for id=13a79093-5413-4733-8784-3da6edbbc07f in 704.9241 ms
2025-06-24 18:32:55 [main] INFO  c.fspann.api.ForwardSecureANNSystem - Insert complete for id=c86e1d5e-246f-4028-a04f-ee92947c153e in 711.5916 ms
2025-06-24 18:32:56 [main] INFO  c.fspann.api.ForwardSecureANNSystem - Insert complete for id=a46e3cd5-d93a-4c5d-918b-142d2c489e34 in 699.1329 ms
2025-06-24 18:32:56 [main] INFO  c.fspann.api.ForwardSecureANNSystem - Insert complete for id=08661e9c-6d44-4277-a52a-4d87cb46a8cc in 701.268 ms
2025-06-24 18:32:57 [main] INFO  c.fspann.api.ForwardSecureANNSystem - Insert complete for id=4847ade4-87dd-4cd8-a232-7b9fabb6332a in 704.4363 ms
2025-06-24 18:32:58 [main] INFO  c.fspann.api.ForwardSecureANNSystem - Insert complete for id=affb845d-8b77-4b58-ac4d-38b1cf5b27a3 in 710.0472 ms
2025-06-24 18:32:58 [main] INFO  c.fspann.api.ForwardSecureANNSystem - Insert complete for id=b1052b40-9325-431d-859f-133d5bb009b3 in 709.0101 ms
2025-06-24 18:32:59 [main] INFO  c.fspann.api.ForwardSecureANNSystem - Insert complete for id=b38ed66d-0012-474a-9c5e-f64086ea5f76 in 708.8377 ms
2025-06-24 18:33:00 [main] INFO  c.fspann.api.ForwardSecureANNSystem - Insert complete for id=a5967abf-7657-49f7-a69c-25ece221939a in 705.1313 ms
2025-06-24 18:33:01 [main] INFO  c.fspann.api.ForwardSecureANNSystem - Insert complete for id=61e0884c-a2ba-46c1-8670-852b1c93755b in 705.6685 ms
2025-06-24 18:33:01 [main] INFO  c.fspann.api.ForwardSecureANNSystem - Insert complete for id=48bdcd0a-a26c-4079-a488-b71c090fa24e in 719.034 ms
2025-06-24 18:33:02 [main] INFO  c.fspann.api.ForwardSecureANNSystem - Insert complete for id=44f011ad-ee3e-4672-84c1-7d51d7c8d3f6 in 733.2454 ms
2025-06-24 18:33:03 [main] INFO  c.fspann.api.ForwardSecureANNSystem - Insert complete for id=16437c28-52a7-4ff0-83bf-c213a476d547 in 706.2261 ms
2025-06-24 18:33:03 [main] INFO  c.fspann.api.ForwardSecureANNSystem - Insert complete for id=d9c5df15-a6b2-4f4b-ab60-3ad6fc8779ff in 709.3415 ms
2025-06-24 18:33:04 [main] INFO  c.fspann.api.ForwardSecureANNSystem - Insert complete for id=8ab0c9a5-3a54-4f7d-85ba-f554187382a1 in 716.8505 ms
2025-06-24 18:33:05 [main] INFO  c.fspann.api.ForwardSecureANNSystem - Insert complete for id=6b300eb1-7061-4c56-9c5e-a4f339a0e17d in 707.7274 ms
2025-06-24 18:33:06 [main] INFO  c.fspann.api.ForwardSecureANNSystem - Insert complete for id=9569ac0d-5f7c-4e36-bd00-823d36fa98d7 in 714.1818 ms
2025-06-24 18:33:06 [main] INFO  c.fspann.api.ForwardSecureANNSystem - Insert complete for id=85ea1765-eb83-4b0b-8c27-57f7f425cb95 in 707.2867 ms
2025-06-24 18:33:07 [main] INFO  c.fspann.api.ForwardSecureANNSystem - Insert complete for id=bcb26d30-b1ee-44e5-af7c-e1665f5e04f1 in 720.5979 ms
2025-06-24 18:33:08 [main] INFO  c.fspann.api.ForwardSecureANNSystem - Insert complete for id=452c53a3-a5cf-413a-be38-e24ec1bc9197 in 718.0593 ms
2025-06-24 18:33:08 [main] INFO  c.fspann.api.ForwardSecureANNSystem - Insert complete for id=53b8d06f-be24-4473-9653-da84486465bc in 708.556 ms
2025-06-24 18:33:09 [main] INFO  c.fspann.api.ForwardSecureANNSystem - Insert complete for id=36cac228-b9b7-4629-8f75-80762b3a5879 in 704.3321 ms
2025-06-24 18:33:10 [main] INFO  c.fspann.api.ForwardSecureANNSystem - Insert complete for id=5e4ef636-b7f9-4df7-b6eb-1ad19dc44f55 in 720.7393 ms
2025-06-24 18:33:11 [main] INFO  c.fspann.api.ForwardSecureANNSystem - Insert complete for id=91205dfe-fe6c-45a4-a11d-b38290314a1e in 707.3663 ms
2025-06-24 18:33:11 [main] INFO  c.fspann.api.ForwardSecureANNSystem - Insert complete for id=c118af20-6b97-4804-b573-0ec2a38aee8e in 713.478 ms
2025-06-24 18:33:12 [main] INFO  c.fspann.api.ForwardSecureANNSystem - Insert complete for id=3933de69-e6a0-4c2f-b659-4323b65be08e in 704.5434 ms
2025-06-24 18:33:13 [main] INFO  c.fspann.api.ForwardSecureANNSystem - Insert complete for id=3cc05eca-99fe-45e3-ad04-3a1df49395ed in 713.1126 ms
2025-06-24 18:33:13 [main] INFO  c.fspann.api.ForwardSecureANNSystem - Insert complete for id=84f8687b-3e31-45e0-9a3c-6a8f08afdfec in 710.6225 ms
2025-06-24 18:33:14 [main] INFO  c.fspann.api.ForwardSecureANNSystem - Insert complete for id=d1b03e74-63c2-42af-8567-86a21909c7bc in 714.1672 ms
2025-06-24 18:33:15 [main] INFO  c.fspann.api.ForwardSecureANNSystem - Insert complete for id=dc9bde55-837f-4264-b442-99fb0dcb9c51 in 710.9587 ms
2025-06-24 18:33:16 [main] INFO  c.fspann.api.ForwardSecureANNSystem - Insert complete for id=fcab9411-ce4c-4e5a-8c8a-8c55106f9ec7 in 697.6397 ms
2025-06-24 18:33:16 [main] INFO  c.fspann.api.ForwardSecureANNSystem - Insert complete for id=46be8d65-3df4-4ada-9a2a-db54f0d89826 in 711.018 ms
2025-06-24 18:33:17 [main] INFO  c.fspann.api.ForwardSecureANNSystem - Insert complete for id=3ac0e17c-18f3-4a71-be79-177f98878ea0 in 701.7119 ms
2025-06-24 18:33:18 [main] INFO  c.fspann.api.ForwardSecureANNSystem - Insert complete for id=564c7212-62bb-4906-b527-1ce2ab2a2644 in 712.0897 ms
2025-06-24 18:33:18 [main] INFO  c.fspann.api.ForwardSecureANNSystem - Insert complete for id=f3aac9f4-d502-4c6f-8343-b67c5fd5d538 in 705.3705 ms
2025-06-24 18:33:19 [main] INFO  c.fspann.api.ForwardSecureANNSystem - Insert complete for id=929bbfa7-74bc-4ab9-ae83-878e8911e936 in 718.7188 ms
2025-06-24 18:33:20 [main] INFO  c.fspann.api.ForwardSecureANNSystem - Insert complete for id=6670a7bc-5c6a-404f-a385-1fc27d5cd5de in 722.9767 ms
2025-06-24 18:33:21 [main] INFO  c.fspann.api.ForwardSecureANNSystem - Insert complete for id=9a4f1b41-f71c-48b7-9276-f18d0ebbe58c in 738.8986 ms
2025-06-24 18:33:21 [main] INFO  c.fspann.api.ForwardSecureANNSystem - Insert complete for id=285f42f9-0c5c-4cd5-b660-3d21801287eb in 758.1911 ms
2025-06-24 18:33:22 [main] INFO  c.fspann.api.ForwardSecureANNSystem - Insert complete for id=28adee05-6638-4933-88b8-98d5e3f4911a in 749.7341 ms
2025-06-24 18:33:23 [main] INFO  c.fspann.api.ForwardSecureANNSystem - Insert complete for id=60189bca-9115-4afc-bd01-340562d6ef5b in 755.1832 ms
2025-06-24 18:33:24 [main] INFO  c.fspann.api.ForwardSecureANNSystem - Insert complete for id=09a30453-234d-4419-ac95-8ccad744dda7 in 746.9489 ms
2025-06-24 18:33:24 [main] INFO  c.fspann.api.ForwardSecureANNSystem - Insert complete for id=eb87bde7-8356-4da7-a071-e200adb5a180 in 820.3033 ms
2025-06-24 18:33:25 [main] INFO  c.fspann.api.ForwardSecureANNSystem - Insert complete for id=6fc03830-3021-480b-93cd-95ea211019de in 777.7447 ms
2025-06-24 18:33:26 [main] INFO  c.fspann.api.ForwardSecureANNSystem - Insert complete for id=7aaffe89-5ec4-4d90-b1fa-91c141521404 in 785.6236 ms
2025-06-24 18:33:27 [main] INFO  c.fspann.api.ForwardSecureANNSystem - Insert complete for id=894a1513-47b3-40fb-aabd-ecf8b72ee9a8 in 731.3527 ms
2025-06-24 18:33:27 [main] INFO  c.fspann.api.ForwardSecureANNSystem - Insert complete for id=165e07b7-2099-4ef3-85fe-c7c4cfcb453a in 721.831 ms
2025-06-24 18:33:28 [main] INFO  c.fspann.api.ForwardSecureANNSystem - Insert complete for id=114acb67-be25-434c-bdc4-c735e11ce1c1 in 808.1952 ms
2025-06-24 18:33:29 [main] INFO  c.fspann.api.ForwardSecureANNSystem - Insert complete for id=d743d5cf-c9b2-4b04-9661-acf545d14e2f in 766.2707 ms
2025-06-24 18:33:30 [main] INFO  c.fspann.api.ForwardSecureANNSystem - Insert complete for id=c46a2287-22c9-46d1-a51f-5c3abaeb59c2 in 732.8699 ms
2025-06-24 18:33:31 [main] INFO  c.fspann.api.ForwardSecureANNSystem - Insert complete for id=1893882a-2cc7-4259-a9f2-9bc6f2a00ea8 in 878.2594 ms
2025-06-24 18:33:32 [main] INFO  c.fspann.api.ForwardSecureANNSystem - Insert complete for id=c7e2c41e-cdc6-4eae-839c-f66955d05132 in 966.6134 ms
2025-06-24 18:33:33 [main] INFO  c.fspann.api.ForwardSecureANNSystem - Insert complete for id=accb4c68-5bda-4613-80fc-91b5028dbde0 in 972.9495 ms
2025-06-24 18:33:34 [main] INFO  c.fspann.api.ForwardSecureANNSystem - Insert complete for id=4111a607-4c8d-40b5-a84b-b3b0f9afcc25 in 957.5146 ms
2025-06-24 18:33:34 [main] INFO  c.fspann.api.ForwardSecureANNSystem - Insert complete for id=a3b1971c-b461-42fb-87f5-bcd3242d6976 in 913.8754 ms
2025-06-24 18:33:35 [main] INFO  c.fspann.api.ForwardSecureANNSystem - Insert complete for id=4b9bbc8b-659a-4bbe-9360-2e3f3d13e754 in 985.2185 ms
2025-06-24 18:33:36 [main] INFO  c.fspann.api.ForwardSecureANNSystem - Insert complete for id=dd59435b-0270-4429-865a-d338df990921 in 948.9811 ms
2025-06-24 18:33:37 [main] INFO  c.fspann.api.ForwardSecureANNSystem - Insert complete for id=4d72de51-31ea-47bd-898b-1932ca54b7d3 in 957.8585 ms
2025-06-24 18:33:38 [main] INFO  c.fspann.api.ForwardSecureANNSystem - Insert complete for id=1af0b74f-2a84-4383-b840-add252baba36 in 960.4429 ms
2025-06-24 18:33:39 [main] INFO  c.fspann.api.ForwardSecureANNSystem - Insert complete for id=27dbc35d-40b0-43b9-862f-2aa3f40b0623 in 964.72 ms
2025-06-24 18:33:40 [main] INFO  c.fspann.api.ForwardSecureANNSystem - Insert complete for id=d46b6738-9553-4282-9a0f-113e98d8a21e in 959.603 ms
2025-06-24 18:33:41 [main] INFO  c.fspann.api.ForwardSecureANNSystem - Insert complete for id=21f2f67a-a048-4796-a2ca-0bbddfd0fe46 in 971.134 ms
2025-06-24 18:33:42 [main] INFO  c.fspann.api.ForwardSecureANNSystem - Insert complete for id=4ca64d41-0904-485b-881b-a3c782ad5552 in 1026.9465 ms
2025-06-24 18:33:43 [main] INFO  c.fspann.api.ForwardSecureANNSystem - Insert complete for id=fbcf5f84-029a-43da-b968-02d7926dde0b in 882.2813 ms
2025-06-24 18:33:44 [main] INFO  c.fspann.api.ForwardSecureANNSystem - Insert complete for id=b97080a2-de23-48f0-9e41-59cf47e73a3a in 895.7912 ms
2025-06-24 18:33:45 [main] INFO  c.fspann.api.ForwardSecureANNSystem - Insert complete for id=74f9e1bf-982a-4ae5-b796-c65e9c121a2e in 944.6812 ms
2025-06-24 18:33:46 [main] INFO  c.fspann.api.ForwardSecureANNSystem - Insert complete for id=da675126-a27a-42ed-96de-9e71fc91f83c in 938.5014 ms
2025-06-24 18:33:47 [main] INFO  c.fspann.api.ForwardSecureANNSystem - Insert complete for id=53e5330b-7f7a-4755-a653-91f146d636cc in 1045.5413 ms
2025-06-24 18:33:48 [main] INFO  c.fspann.api.ForwardSecureANNSystem - Insert complete for id=297d9580-4609-42d6-a2ad-0ee315abac03 in 910.8667 ms
2025-06-24 18:33:49 [main] INFO  c.fspann.api.ForwardSecureANNSystem - Insert complete for id=cb1d9dc7-aef3-4dfc-99e2-1b4a8aa6392d in 924.7895 ms
2025-06-24 18:33:50 [main] INFO  c.fspann.api.ForwardSecureANNSystem - Insert complete for id=6d82f21c-44aa-47bc-a1af-80faea01ab40 in 981.1927 ms
2025-06-24 18:33:51 [main] INFO  c.fspann.api.ForwardSecureANNSystem - Insert complete for id=ab275fd1-d085-4dd1-be06-ea820b4a26ba in 1020.071 ms
2025-06-24 18:33:52 [main] INFO  c.fspann.api.ForwardSecureANNSystem - Insert complete for id=d9414864-ffdb-447a-b981-79f09395f17a in 963.9859 ms
2025-06-24 18:33:53 [main] INFO  c.fspann.api.ForwardSecureANNSystem - Insert complete for id=ce126587-33a9-4375-bf3d-15f7ba637bac in 975.9945 ms
2025-06-24 18:33:54 [main] INFO  c.fspann.api.ForwardSecureANNSystem - Insert complete for id=fe0e59df-bc41-4479-a638-3f6b91c06e39 in 958.9149 ms
2025-06-24 18:33:55 [main] INFO  c.fspann.api.ForwardSecureANNSystem - Insert complete for id=3579afea-adab-4155-9865-6022e9d9d9cf in 1055.0342 ms
2025-06-24 18:33:56 [main] INFO  c.fspann.api.ForwardSecureANNSystem - Insert complete for id=e708332d-61eb-4bcd-b857-2b6cfdfc0855 in 981.707 ms
2025-06-24 18:33:57 [main] INFO  c.fspann.api.ForwardSecureANNSystem - Insert complete for id=fbc67aa6-e1e4-48c6-92b3-664da0636b30 in 1090.2193 ms
2025-06-24 18:33:58 [main] INFO  c.fspann.api.ForwardSecureANNSystem - Insert complete for id=15cd535a-155d-4d38-aa6e-81e7410b717d in 1004.4403 ms
2025-06-24 18:33:59 [main] INFO  c.fspann.api.ForwardSecureANNSystem - Insert complete for id=7f120796-1b32-472d-b543-cf4fd52caa7f in 988.75 ms
2025-06-24 18:34:00 [main] INFO  c.fspann.api.ForwardSecureANNSystem - Insert complete for id=db3c688d-791d-40eb-a995-9058bf429c38 in 973.8864 ms
2025-06-24 18:34:01 [main] INFO  c.fspann.api.ForwardSecureANNSystem - Insert complete for id=6b57cb33-67d5-45f6-8b73-04498cdb2c00 in 944.0006 ms
2025-06-24 18:34:02 [main] INFO  c.fspann.api.ForwardSecureANNSystem - Insert complete for id=87a0e050-ab0a-40a6-aacb-b1bc9ca24154 in 999.7117 ms
2025-06-24 18:34:03 [main] INFO  c.fspann.api.ForwardSecureANNSystem - Insert complete for id=073f2543-1f2e-4083-9a77-d49fd209e770 in 884.6656 ms
2025-06-24 18:34:03 [main] INFO  c.fspann.api.ForwardSecureANNSystem - Insert complete for id=bda23812-a296-4bb2-80d2-e71070d781ae in 723.5388 ms
2025-06-24 18:34:04 [main] INFO  c.fspann.api.ForwardSecureANNSystem - Insert complete for id=8a1d1d0a-7764-4c27-98c7-d7a01faf5ea1 in 719.757 ms
2025-06-24 18:34:05 [main] INFO  c.fspann.api.ForwardSecureANNSystem - Insert complete for id=d1f3123d-40de-429f-ab92-a48f52346a6b in 727.8374 ms
2025-06-24 18:34:05 [main] INFO  c.fspann.api.ForwardSecureANNSystem - Insert complete for id=bbf940c6-c8fd-4187-b6b4-47167cb63a7a in 745.0348 ms
2025-06-24 18:34:06 [main] INFO  c.fspann.api.ForwardSecureANNSystem - Insert complete for id=f77e8052-e97d-4985-8280-7a040f3b4379 in 742.685 ms
2025-06-24 18:34:07 [main] INFO  c.fspann.api.ForwardSecureANNSystem - Insert complete for id=863d299b-fae9-42ef-b1ad-be9632f8b259 in 739.4827 ms
2025-06-24 18:34:08 [main] INFO  c.fspann.api.ForwardSecureANNSystem - Insert complete for id=f4f64e52-fd98-429f-b439-941df732ce1d in 722.654 ms
2025-06-24 18:34:08 [main] INFO  c.fspann.api.ForwardSecureANNSystem - Insert complete for id=72c97fb3-2833-414b-838b-591b00cb6a6b in 726.7332 ms
2025-06-24 18:34:09 [main] INFO  c.fspann.api.ForwardSecureANNSystem - Insert complete for id=8e1f0ab0-c173-4759-a797-c28fc08e53c4 in 729.5215 ms
2025-06-24 18:34:10 [main] INFO  c.fspann.api.ForwardSecureANNSystem - Insert complete for id=a7ea287e-d68f-4ea4-af97-53f20ad45efb in 736.9822 ms
2025-06-24 18:34:11 [main] INFO  c.fspann.api.ForwardSecureANNSystem - Insert complete for id=f4a5d8c1-ad5b-4866-8341-cc5d4561fbac in 759.9904 ms
2025-06-24 18:34:11 [main] INFO  c.fspann.api.ForwardSecureANNSystem - Insert complete for id=2e18a6d7-ebed-40c8-afef-a5055d06b2bd in 741.241 ms
2025-06-24 18:34:12 [main] INFO  c.fspann.api.ForwardSecureANNSystem - Insert complete for id=8f01067e-b6a8-4e0c-9cd8-d90fe1b17621 in 725.4231 ms
2025-06-24 18:34:13 [main] INFO  c.fspann.api.ForwardSecureANNSystem - Insert complete for id=59ed8082-98bf-4040-852f-531d2da3df0d in 728.1003 ms
2025-06-24 18:34:14 [main] INFO  c.fspann.api.ForwardSecureANNSystem - Insert complete for id=fc4fa444-b1cc-48a2-862c-151b12f1945a in 741.2144 ms
2025-06-24 18:34:14 [main] INFO  c.fspann.api.ForwardSecureANNSystem - Insert complete for id=edcde26a-2a59-427d-bac7-96b3e36bb701 in 733.5048 ms
2025-06-24 18:34:15 [main] INFO  c.fspann.api.ForwardSecureANNSystem - Insert complete for id=88a98b49-517b-4039-aaf1-a79d0a739f22 in 796.5358 ms
2025-06-24 18:34:16 [main] INFO  c.fspann.api.ForwardSecureANNSystem - Insert complete for id=ec81aeb6-f51e-413d-8486-1d20a7df365e in 896.7625 ms
2025-06-24 18:34:17 [main] INFO  c.fspann.api.ForwardSecureANNSystem - Insert complete for id=bbcd5a70-fc70-4016-8d87-113d0778325b in 955.7442 ms
2025-06-24 18:34:18 [main] INFO  c.fspann.api.ForwardSecureANNSystem - Insert complete for id=348d58db-0db5-4e69-8cfa-6ce97d89b8e5 in 1084.9421 ms
2025-06-24 18:34:19 [main] INFO  c.fspann.api.ForwardSecureANNSystem - Insert complete for id=ea8de0f9-81b4-4543-873e-f35d07d98bc7 in 970.8156 ms
2025-06-24 18:34:20 [main] INFO  c.fspann.api.ForwardSecureANNSystem - Insert complete for id=6f9b49d5-1809-4ee8-b96d-ac393616fa20 in 889.5555 ms
2025-06-24 18:34:21 [main] INFO  c.fspann.api.ForwardSecureANNSystem - Insert complete for id=8d07a3e9-31a8-420c-bac6-ca15b538a342 in 875.1946 ms
2025-06-24 18:34:22 [main] INFO  c.fspann.api.ForwardSecureANNSystem - Insert complete for id=0d4cf810-ee65-43ff-99ba-8f0fb8772812 in 903.9005 ms
2025-06-24 18:34:23 [main] INFO  c.fspann.api.ForwardSecureANNSystem - Insert complete for id=1f0b788f-6a34-40a8-acfd-0b4962334ebf in 1034.6581 ms
2025-06-24 18:34:24 [main] INFO  c.fspann.api.ForwardSecureANNSystem - Insert complete for id=fac6048d-c412-4910-8140-21778f000198 in 906.7183 ms
2025-06-24 18:34:25 [main] INFO  c.fspann.api.ForwardSecureANNSystem - Insert complete for id=5d2fa760-2f9a-4a5e-bec8-efe68def095b in 932.0069 ms
2025-06-24 18:34:26 [main] INFO  c.fspann.api.ForwardSecureANNSystem - Insert complete for id=810395e0-f519-4ae1-be4d-ef8152fc3173 in 1003.9684 ms
2025-06-24 18:34:26 [main] INFO  c.fspann.api.ForwardSecureANNSystem - Insert complete for id=625fc485-0775-426f-b04b-503fcea16137 in 866.0153 ms
2025-06-24 18:34:27 [main] INFO  c.fspann.api.ForwardSecureANNSystem - Insert complete for id=4b89357a-06dd-473a-b51b-a4c8ca221922 in 904.803 ms
2025-06-24 18:34:28 [main] INFO  c.fspann.api.ForwardSecureANNSystem - Insert complete for id=5e35dd89-433b-4a58-aa6a-e85def2ab9c3 in 874.506 ms
2025-06-24 18:34:29 [main] INFO  c.fspann.api.ForwardSecureANNSystem - Insert complete for id=0e3b1ddb-b904-4546-998a-299a30e762f4 in 935.7163 ms
2025-06-24 18:34:30 [main] INFO  c.fspann.api.ForwardSecureANNSystem - Insert complete for id=b119375a-843b-4708-ac6e-5204f5c78627 in 898.5103 ms
2025-06-24 18:34:31 [main] INFO  c.fspann.api.ForwardSecureANNSystem - Insert complete for id=d9bc3f39-6feb-4607-a0fc-f72cf9a45e6e in 902.3204 ms
2025-06-24 18:34:32 [main] INFO  c.fspann.api.ForwardSecureANNSystem - Insert complete for id=8c4c2083-bc26-43cb-8295-1a1c9e18a322 in 1053.3197 ms
2025-06-24 18:34:33 [main] INFO  c.fspann.api.ForwardSecureANNSystem - Insert complete for id=322545f4-fb50-444b-83e9-5d2b0d4a8e5d in 975.7188 ms
2025-06-24 18:34:34 [main] INFO  c.fspann.api.ForwardSecureANNSystem - Insert complete for id=5a45f5c9-029e-4b00-996f-6a023d03c111 in 935.6024 ms
2025-06-24 18:34:35 [main] INFO  c.fspann.api.ForwardSecureANNSystem - Insert complete for id=db4c45c8-defe-4c79-bb20-dc0e922db60b in 938.1324 ms
2025-06-24 18:34:36 [main] INFO  c.fspann.api.ForwardSecureANNSystem - Insert complete for id=315f79c5-7dc8-481d-8755-b1a3ef7631ae in 926.6268 ms
2025-06-24 18:34:37 [main] INFO  c.fspann.api.ForwardSecureANNSystem - Insert complete for id=5c91f0c2-8d96-4255-98d2-3138fac7e4f6 in 904.3584 ms
2025-06-24 18:34:38 [main] INFO  c.fspann.api.ForwardSecureANNSystem - Insert complete for id=7522d3f4-667f-4382-a2fd-c14ad0c70c93 in 873.1016 ms
2025-06-24 18:34:38 [main] INFO  c.fspann.api.ForwardSecureANNSystem - Insert complete for id=04ef1554-5a6b-4ea3-9739-74f98bb9524d in 891.324 ms
2025-06-24 18:34:39 [main] INFO  c.fspann.api.ForwardSecureANNSystem - Insert complete for id=fa628381-818a-4c25-8ec5-6af503cf579f in 869.8452 ms
2025-06-24 18:34:40 [main] INFO  c.fspann.api.ForwardSecureANNSystem - Insert complete for id=26e9593a-125e-411c-bf9d-3e506ff172f5 in 901.8625 ms
2025-06-24 18:34:41 [main] INFO  c.fspann.api.ForwardSecureANNSystem - Insert complete for id=90f5a0d9-0593-4514-9a1b-0a9606b266d5 in 1083.3396 ms
2025-06-24 18:34:42 [main] INFO  c.fspann.api.ForwardSecureANNSystem - Insert complete for id=4edfdb87-6576-4021-a05e-4123c61504ca in 981.1101 ms
2025-06-24 18:34:43 [main] INFO  c.fspann.api.ForwardSecureANNSystem - Insert complete for id=a8009031-ceb7-4f2b-8f52-88aa80ca7922 in 969.861 ms
2025-06-24 18:34:44 [main] INFO  c.fspann.api.ForwardSecureANNSystem - Insert complete for id=80483a6a-c4b0-4dbb-a495-73860f43999f in 968.7631 ms
2025-06-24 18:34:45 [main] INFO  c.fspann.api.ForwardSecureANNSystem - Insert complete for id=5f2fe013-b9ae-4382-819d-10b1af5268f2 in 896.4691 ms
2025-06-24 18:34:46 [main] INFO  c.fspann.api.ForwardSecureANNSystem - Insert complete for id=0e3c856f-7d25-47d6-a8a6-a07c64b78840 in 921.0032 ms
2025-06-24 18:34:47 [main] INFO  c.fspann.api.ForwardSecureANNSystem - Insert complete for id=4c4f51ad-946a-4744-9aef-9ca6ce9ef905 in 901.4552 ms
2025-06-24 18:34:48 [main] INFO  c.fspann.api.ForwardSecureANNSystem - Insert complete for id=1189a23f-dfe9-42ce-899c-7b68d8c89606 in 870.6045 ms
2025-06-24 18:34:49 [main] INFO  c.fspann.api.ForwardSecureANNSystem - Insert complete for id=92f203b7-4036-436e-bab3-0d206f9d70ec in 940.3822 ms
2025-06-24 18:34:50 [main] INFO  c.fspann.api.ForwardSecureANNSystem - Insert complete for id=a3600f3b-b9b1-4099-936a-3a95f458bca3 in 1038.5519 ms
2025-06-24 18:34:51 [main] INFO  c.fspann.api.ForwardSecureANNSystem - Insert complete for id=d986d2e9-e677-4e7b-9193-f3de6c6aad92 in 956.8302 ms
2025-06-24 18:34:52 [main] INFO  c.fspann.api.ForwardSecureANNSystem - Insert complete for id=488e75ab-1d98-4342-9e4e-45759ec42fa2 in 911.0882 ms
2025-06-24 18:34:53 [main] INFO  c.fspann.api.ForwardSecureANNSystem - Insert complete for id=413011ba-c531-482f-8bf5-a2fcc9022579 in 933.3472 ms
2025-06-24 18:34:53 [main] INFO  c.fspann.api.ForwardSecureANNSystem - Insert complete for id=cbba8975-6aef-4faa-a2b6-df3251ec8a38 in 879.9565 ms
2025-06-24 18:34:54 [main] INFO  c.fspann.api.ForwardSecureANNSystem - Insert complete for id=c84d72bc-75c2-4912-9e76-19ca249d2f87 in 891.9741 ms
2025-06-24 18:34:55 [main] INFO  c.fspann.api.ForwardSecureANNSystem - Insert complete for id=0c878d36-af83-4598-a9f7-7eb3e0af65cb in 970.049 ms
2025-06-24 18:34:56 [main] INFO  c.fspann.api.ForwardSecureANNSystem - Insert complete for id=fa9fcb56-52f8-4bd0-9721-10f6ee4b1902 in 1040.7316 ms
2025-06-24 18:34:57 [main] INFO  c.fspann.api.ForwardSecureANNSystem - Insert complete for id=e1d482b6-ccd8-474c-8cfb-a42a430a51c9 in 1004.0511 ms
2025-06-24 18:34:58 [main] INFO  c.fspann.api.ForwardSecureANNSystem - Insert complete for id=41e5aa76-d0e5-42c7-af49-95b962e52acc in 869.3057 ms
2025-06-24 18:34:59 [main] INFO  c.fspann.api.ForwardSecureANNSystem - Insert complete for id=9818613a-4216-4697-81b1-c591bd71e294 in 915.9331 ms
2025-06-24 18:35:00 [main] INFO  c.fspann.api.ForwardSecureANNSystem - Insert complete for id=04d4c76b-cf0f-4486-9e37-f87c56a8cb97 in 949.609 ms
2025-06-24 18:35:01 [main] INFO  c.fspann.api.ForwardSecureANNSystem - Insert complete for id=4c1624a5-f08f-49f6-a025-fe06ad39fe3d in 932.7036 ms
2025-06-24 18:35:02 [main] INFO  c.fspann.api.ForwardSecureANNSystem - Insert complete for id=acb0b986-f018-4bf2-8943-1ad2a1533ca6 in 944.5521 ms
2025-06-24 18:35:03 [main] INFO  c.fspann.api.ForwardSecureANNSystem - Insert complete for id=5b56d3bd-60d8-484e-8611-36926e3e50b3 in 901.2047 ms
2025-06-24 18:35:04 [main] INFO  c.fspann.api.ForwardSecureANNSystem - Insert complete for id=5b30dab7-3dad-4f60-a9bc-80e277bd4de1 in 878.9553 ms
2025-06-24 18:35:05 [main] INFO  c.fspann.api.ForwardSecureANNSystem - Insert complete for id=c1750d04-340c-4e42-b783-781b51f5ba92 in 900.8197 ms
2025-06-24 18:35:06 [main] INFO  c.fspann.api.ForwardSecureANNSystem - Insert complete for id=5361121f-cedf-4b5b-a8df-61114dc375ef in 930.8651 ms
2025-06-24 18:35:07 [main] INFO  c.fspann.api.ForwardSecureANNSystem - Insert complete for id=d210927e-0526-4a42-a7b1-88dbf8b6e237 in 1028.3878 ms
2025-06-24 18:35:08 [main] INFO  c.fspann.api.ForwardSecureANNSystem - Insert complete for id=ddde8df3-810d-4df1-8224-79e36cbdce10 in 932.254 ms
2025-06-24 18:35:09 [main] INFO  c.fspann.api.ForwardSecureANNSystem - Insert complete for id=33e24ada-723d-4e18-8c46-04a4bd105a6f in 969.6719 ms
2025-06-24 18:35:09 [main] INFO  c.fspann.api.ForwardSecureANNSystem - Insert complete for id=6fc21c18-1100-45ce-a8bb-b165b61b0c5c in 857.8621 ms
2025-06-24 18:35:10 [main] INFO  c.fspann.api.ForwardSecureANNSystem - Insert complete for id=84733665-6483-41d3-a572-fb30d1225cb1 in 934.709 ms
2025-06-24 18:35:11 [main] INFO  c.fspann.api.ForwardSecureANNSystem - Insert complete for id=6ce362ac-5f9c-4473-bb5c-cc42899dea36 in 1029.4411 ms
2025-06-24 18:35:12 [main] INFO  c.fspann.api.ForwardSecureANNSystem - Insert complete for id=755bc9af-b181-4223-92a7-ab7fc0391c79 in 885.137 ms
2025-06-24 18:35:13 [main] INFO  c.fspann.api.ForwardSecureANNSystem - Insert complete for id=c5d1998e-89af-4d74-9edf-bd1ff098ac90 in 1126.1602 ms
2025-06-24 18:35:14 [main] INFO  c.fspann.api.ForwardSecureANNSystem - Insert complete for id=e787fe0b-a726-4b42-8a37-47c3d3d7ceb7 in 870.014 ms
2025-06-24 18:35:15 [main] INFO  c.fspann.api.ForwardSecureANNSystem - Insert complete for id=6dee1e15-b0c6-4fce-8283-1482535339fa in 961.831 ms
2025-06-24 18:35:16 [main] INFO  c.fspann.api.ForwardSecureANNSystem - Insert complete for id=dad9550c-1f01-4c78-a76e-f41c293a29a9 in 976.7292 ms
2025-06-24 18:35:17 [main] INFO  c.fspann.api.ForwardSecureANNSystem - Insert complete for id=31300571-29ad-422c-ba38-8b42ee35c9ec in 875.5105 ms
2025-06-24 18:35:18 [main] INFO  c.fspann.api.ForwardSecureANNSystem - Insert complete for id=a84e0a70-d635-464d-abae-0812f11caf8e in 882.0863 ms
2025-06-24 18:35:19 [main] INFO  c.fspann.api.ForwardSecureANNSystem - Insert complete for id=e4d28998-264e-4d52-889b-3c3e26abff9a in 953.6865 ms
2025-06-24 18:35:20 [main] INFO  c.fspann.api.ForwardSecureANNSystem - Insert complete for id=30fd2336-54f4-4516-9fe3-c5e1578632db in 913.2828 ms
2025-06-24 18:35:21 [main] INFO  c.fspann.api.ForwardSecureANNSystem - Insert complete for id=73479cbe-65c0-4217-83a4-a0329314a254 in 903.722 ms
2025-06-24 18:35:22 [main] INFO  c.fspann.api.ForwardSecureANNSystem - Insert complete for id=59c85def-d806-4ae2-a167-2010cb079d82 in 895.5512 ms
2025-06-24 18:35:23 [main] INFO  c.fspann.api.ForwardSecureANNSystem - Insert complete for id=f81cffb9-73e9-425e-920e-14d49188b8b5 in 1026.4028 ms
2025-06-24 18:35:24 [main] INFO  c.fspann.api.ForwardSecureANNSystem - Insert complete for id=33b50f0b-4a05-47cd-992a-f34243991913 in 908.5836 ms
2025-06-24 18:35:24 [main] INFO  c.fspann.api.ForwardSecureANNSystem - Insert complete for id=09712509-ca1e-4e2e-b996-0ac71aca0b34 in 895.698 ms
2025-06-24 18:35:25 [main] INFO  c.fspann.api.ForwardSecureANNSystem - Insert complete for id=b8562984-becc-443d-bc77-03183191e7d6 in 922.3926 ms
2025-06-24 18:35:26 [main] INFO  c.fspann.api.ForwardSecureANNSystem - Insert complete for id=6d7910db-abf2-4fb4-9918-1b32afb65674 in 925.8402 ms
2025-06-24 18:35:27 [main] INFO  c.fspann.api.ForwardSecureANNSystem - Insert complete for id=dbdfb587-a0c2-442f-994c-4a83ee6c364e in 881.7571 ms
2025-06-24 18:35:28 [main] INFO  c.fspann.api.ForwardSecureANNSystem - Insert complete for id=ac87d8ea-6f3f-433b-b1c8-70bba3dc3df3 in 925.3709 ms
2025-06-24 18:35:29 [main] INFO  c.fspann.api.ForwardSecureANNSystem - Insert complete for id=337b2049-e427-48df-ab94-63c697fbd292 in 1017.8432 ms
2025-06-24 18:35:30 [main] INFO  c.fspann.api.ForwardSecureANNSystem - Insert complete for id=8d918a7b-1142-49a0-935d-b253921f46b6 in 949.9965 ms
2025-06-24 18:35:31 [main] INFO  c.fspann.api.ForwardSecureANNSystem - Insert complete for id=83efc6b3-cb3b-463b-b92c-e1b55ca39d06 in 911.1591 ms
2025-06-24 18:35:32 [main] INFO  c.fspann.api.ForwardSecureANNSystem - Insert complete for id=aae651b1-558e-42fb-b14f-b80e7f05a69d in 978.9922 ms
2025-06-24 18:35:33 [main] INFO  c.fspann.api.ForwardSecureANNSystem - Insert complete for id=b2203122-9997-470f-9560-7f0a3084efa2 in 971.1026 ms
2025-06-24 18:35:34 [main] INFO  c.fspann.api.ForwardSecureANNSystem - Insert complete for id=1a2648de-af39-49e2-9f85-00493e36fe5f in 969.4491 ms
2025-06-24 18:35:35 [main] INFO  c.fspann.api.ForwardSecureANNSystem - Insert complete for id=edbad2c4-6bfb-441a-966a-1a5d24c11ea8 in 875.0635 ms
2025-06-24 18:35:36 [main] INFO  c.fspann.api.ForwardSecureANNSystem - Insert complete for id=4315d8e0-96d1-4bd2-bf50-e9f7f6f14d84 in 951.3639 ms
2025-06-24 18:35:37 [main] INFO  c.fspann.api.ForwardSecureANNSystem - Insert complete for id=070b7454-6551-4873-90e3-0860ecd0529b in 1201.3101 ms
2025-06-24 18:35:38 [main] INFO  c.fspann.api.ForwardSecureANNSystem - Insert complete for id=b51e72d7-2b4d-4bce-85ff-0dbd425c8857 in 907.1347 ms
2025-06-24 18:35:39 [main] INFO  c.fspann.api.ForwardSecureANNSystem - Insert complete for id=f0fb991a-2a5a-48d0-af54-e612172b4d1a in 1013.2573 ms
2025-06-24 18:35:40 [main] INFO  c.fspann.api.ForwardSecureANNSystem - Insert complete for id=ddc85220-e4f3-457c-acd8-25e3a60d18f8 in 998.7366 ms
2025-06-24 18:35:41 [main] INFO  c.fspann.api.ForwardSecureANNSystem - Insert complete for id=1e24f8b9-557e-4b5e-9846-abe7616f670b in 1002.9155 ms
2025-06-24 18:35:42 [main] INFO  c.fspann.api.ForwardSecureANNSystem - Insert complete for id=ac82770f-b050-4e58-a4aa-1bee044bd050 in 872.0355 ms
2025-06-24 18:35:43 [main] INFO  c.fspann.api.ForwardSecureANNSystem - Insert complete for id=63b73be1-0ce9-4af1-add3-7c2c455e086a in 963.9439 ms
2025-06-24 18:35:44 [main] INFO  c.fspann.api.ForwardSecureANNSystem - Insert complete for id=43e4387c-119b-405b-8c7f-c6ac659cf728 in 885.4419 ms
2025-06-24 18:35:44 [main] INFO  c.fspann.api.ForwardSecureANNSystem - Insert complete for id=ef0efbde-3454-4e92-848c-3239e4c42998 in 725.3268 ms
2025-06-24 18:35:45 [main] INFO  c.fspann.api.ForwardSecureANNSystem - Insert complete for id=8a922465-0b06-487a-8a11-8194030d9c16 in 738.4674 ms
2025-06-24 18:35:46 [main] INFO  c.fspann.api.ForwardSecureANNSystem - Insert complete for id=f3dfd3a2-4f1f-4203-b910-918dc0cc50be in 766.0762 ms
2025-06-24 18:35:47 [main] INFO  c.fspann.api.ForwardSecureANNSystem - Insert complete for id=b962ff8b-6fcc-490a-ab2a-e42523148a9c in 730.1113 ms
2025-06-24 18:35:47 [main] INFO  c.fspann.api.ForwardSecureANNSystem - Insert complete for id=0faa335c-f256-4b04-b374-5fa8d179ef58 in 732.0355 ms
2025-06-24 18:35:48 [main] INFO  c.fspann.api.ForwardSecureANNSystem - Insert complete for id=886f601d-b940-4b90-b789-56dc6979ea31 in 732.8369 ms
2025-06-24 18:35:49 [main] INFO  c.fspann.api.ForwardSecureANNSystem - Insert complete for id=c0d64aec-576c-45bd-9d78-8205eb808d33 in 731.4837 ms
2025-06-24 18:35:50 [main] INFO  c.fspann.api.ForwardSecureANNSystem - Insert complete for id=7b438cdd-bc94-4191-8b8f-6b369258be3a in 785.5915 ms
2025-06-24 18:35:50 [main] INFO  c.fspann.api.ForwardSecureANNSystem - Insert complete for id=b6c324ba-0b79-47b4-927e-c4ee018eca73 in 730.148 ms
2025-06-24 18:35:51 [main] INFO  c.fspann.api.ForwardSecureANNSystem - Insert complete for id=9b6c2b73-03c1-484d-a330-a7e47ee131eb in 726.1194 ms
2025-06-24 18:35:52 [main] INFO  c.fspann.api.ForwardSecureANNSystem - Insert complete for id=20b68f43-51a3-425b-bb5c-c574f30245c3 in 729.1086 ms
2025-06-24 18:35:52 [main] INFO  c.fspann.api.ForwardSecureANNSystem - Insert complete for id=1e931269-6e82-4792-8994-614a35d6b52c in 780.3938 ms
2025-06-24 18:35:53 [main] INFO  c.fspann.api.ForwardSecureANNSystem - Insert complete for id=8fa5942c-d229-48ba-8a53-3dd7082097f9 in 743.4513 ms
2025-06-24 18:35:54 [main] INFO  c.fspann.api.ForwardSecureANNSystem - Insert complete for id=49c14f66-e18d-45a8-a3c4-7e5b66f3e401 in 768.3534 ms
2025-06-24 18:35:55 [main] INFO  c.fspann.api.ForwardSecureANNSystem - Insert complete for id=a7d1bd11-cb0c-4a8a-93be-e260eba10b6f in 741.2084 ms
2025-06-24 18:35:56 [main] INFO  c.fspann.api.ForwardSecureANNSystem - Insert complete for id=e656f507-25eb-4ca4-9790-a102c290e97a in 841.7153 ms
2025-06-24 18:35:56 [main] INFO  c.fspann.api.ForwardSecureANNSystem - Insert complete for id=a0cb4eb7-cf11-4d9b-9d49-dbae3c32535a in 786.1369 ms
2025-06-24 18:35:57 [main] INFO  c.fspann.api.ForwardSecureANNSystem - Insert complete for id=17765711-91f6-47e0-be10-ecf0cdfa6809 in 742.3522 ms
2025-06-24 18:35:58 [main] INFO  c.fspann.api.ForwardSecureANNSystem - Insert complete for id=f3787c58-4930-470a-8fb4-6b4cc89c7868 in 733.2631 ms
2025-06-24 18:35:59 [main] INFO  c.fspann.api.ForwardSecureANNSystem - Insert complete for id=14466f21-088f-4361-bdf4-e920e84d494d in 750.4192 ms
2025-06-24 18:35:59 [main] INFO  c.fspann.api.ForwardSecureANNSystem - Insert complete for id=ef5d38a7-7985-48aa-95fb-962a43f33f71 in 780.6395 ms
2025-06-24 18:36:00 [main] INFO  c.fspann.api.ForwardSecureANNSystem - Insert complete for id=fb81fd7b-d3cd-4078-baf9-9b82af200454 in 743.0491 ms
2025-06-24 18:36:01 [main] INFO  c.fspann.api.ForwardSecureANNSystem - Insert complete for id=7163c378-db82-4f0e-b9a3-f18032543736 in 752.67 ms
2025-06-24 18:36:02 [main] INFO  c.fspann.api.ForwardSecureANNSystem - Insert complete for id=7f3ca5bd-101e-4731-840f-8a7e9645256c in 733.2367 ms
2025-06-24 18:36:02 [main] INFO  c.fspann.api.ForwardSecureANNSystem - Insert complete for id=30077f1b-e2c0-479a-a4a9-64a8582e04f0 in 732.1115 ms
2025-06-24 18:36:03 [main] INFO  c.fspann.api.ForwardSecureANNSystem - Insert complete for id=cc05927e-308c-491c-9e2f-73e3f8a37470 in 798.6999 ms
2025-06-24 18:36:04 [main] INFO  c.fspann.api.ForwardSecureANNSystem - Insert complete for id=67fe59c5-c200-4898-a9e4-8904d1a79269 in 745.0313 ms
2025-06-24 18:36:05 [main] INFO  c.fspann.api.ForwardSecureANNSystem - Insert complete for id=ac949e73-d2ac-41a7-bc91-ae908926ca83 in 738.0972 ms
2025-06-24 18:36:05 [main] INFO  c.fspann.api.ForwardSecureANNSystem - Insert complete for id=36840605-ef8a-4b50-bb31-f6a8fed28476 in 753.6374 ms
2025-06-24 18:36:06 [main] INFO  c.fspann.api.ForwardSecureANNSystem - Insert complete for id=e189770f-527c-4561-bd8e-60b90dd45612 in 742.0671 ms
2025-06-24 18:36:07 [main] INFO  c.fspann.api.ForwardSecureANNSystem - Insert complete for id=9d22eb63-20a8-47fd-9f5d-6c812029162a in 784.1112 ms
2025-06-24 18:36:08 [main] INFO  c.fspann.api.ForwardSecureANNSystem - Insert complete for id=0584d72d-c9e0-4427-a04d-c8aea2589a93 in 741.1766 ms
2025-06-24 18:36:08 [main] INFO  c.fspann.api.ForwardSecureANNSystem - Insert complete for id=9c1d5395-a643-491c-9283-bc903826de49 in 729.1645 ms
2025-06-24 18:36:09 [main] INFO  c.fspann.api.ForwardSecureANNSystem - Insert complete for id=998a0729-fefb-43f6-a802-80bc4363ac68 in 758.4446 ms
2025-06-24 18:36:10 [main] INFO  c.fspann.api.ForwardSecureANNSystem - Insert complete for id=5611232f-487b-4940-bc98-bedb47d67e43 in 746.9494 ms
2025-06-24 18:36:11 [main] INFO  c.fspann.api.ForwardSecureANNSystem - Insert complete for id=a98ba1ae-362e-4b23-8e59-74799f56da57 in 784.7783 ms
2025-06-24 18:36:11 [main] INFO  c.fspann.api.ForwardSecureANNSystem - Insert complete for id=ed2d8492-485b-4f4b-aba6-0ca8700745eb in 737.4429 ms
2025-06-24 18:36:12 [main] INFO  c.fspann.api.ForwardSecureANNSystem - Insert complete for id=7ce87c88-582d-4fdb-91bc-ba60eb8e0203 in 734.8663 ms
2025-06-24 18:36:13 [main] INFO  c.fspann.api.ForwardSecureANNSystem - Insert complete for id=9c0026be-62f8-4d05-9e35-0dee65ff6e9b in 731.7288 ms
2025-06-24 18:36:14 [main] INFO  c.fspann.api.ForwardSecureANNSystem - Insert complete for id=058d9ca2-515e-49ce-99f3-740f4b0a8c05 in 747.9717 ms
2025-06-24 18:36:14 [main] INFO  c.fspann.api.ForwardSecureANNSystem - Insert complete for id=fe0600f3-0f17-441c-b94e-b222bcc977a0 in 788.0971 ms
2025-06-24 18:36:15 [main] INFO  c.fspann.api.ForwardSecureANNSystem - Insert complete for id=b97979e7-6998-45a7-8a74-74776eb0f187 in 729.8155 ms
2025-06-24 18:36:16 [main] INFO  c.fspann.api.ForwardSecureANNSystem - Insert complete for id=846e93b4-a20c-490b-ab0f-7871d558f324 in 729.84 ms
2025-06-24 18:36:17 [main] INFO  c.fspann.api.ForwardSecureANNSystem - Insert complete for id=cdb6d947-6127-4857-a9d7-e48babd5851a in 729.8751 ms
2025-06-24 18:36:17 [main] INFO  c.fspann.api.ForwardSecureANNSystem - Insert complete for id=8d77f720-e3d8-441f-97ab-ea208f76ace3 in 732.6533 ms
2025-06-24 18:36:18 [main] INFO  c.fspann.api.ForwardSecureANNSystem - Insert complete for id=1979ff98-8ae6-4440-a439-91e223beb54c in 795.2942 ms
2025-06-24 18:36:19 [main] INFO  c.fspann.api.ForwardSecureANNSystem - Insert complete for id=3cf4ea8f-51ff-47d0-8a9e-b47671bacd44 in 733.5951 ms
2025-06-24 18:36:20 [main] INFO  c.fspann.api.ForwardSecureANNSystem - Insert complete for id=93d8de58-6c33-474b-ad94-500c939df5c8 in 727.6212 ms
2025-06-24 18:36:20 [main] INFO  c.fspann.api.ForwardSecureANNSystem - Insert complete for id=8f5b5cf0-a3aa-4a7e-88eb-c9cdf155c687 in 731.9393 ms
2025-06-24 18:36:21 [main] INFO  c.fspann.api.ForwardSecureANNSystem - Insert complete for id=4de5663c-38ab-498a-8242-cbd28b9b8c93 in 726.3648 ms
2025-06-24 18:36:22 [main] INFO  c.fspann.api.ForwardSecureANNSystem - Insert complete for id=3d7f854d-03c3-4e84-b39a-c64cd48be9a1 in 794.4811 ms
2025-06-24 18:36:23 [main] INFO  c.fspann.api.ForwardSecureANNSystem - Insert complete for id=8f79d38b-5fb4-41ce-a522-7f5e1baed680 in 722.2656 ms
2025-06-24 18:36:23 [main] INFO  c.fspann.api.ForwardSecureANNSystem - Insert complete for id=270ee398-6cba-43e3-bbd0-cec7e1f0a187 in 727.4789 ms
2025-06-24 18:36:24 [main] INFO  c.fspann.api.ForwardSecureANNSystem - Insert complete for id=2b62b9a7-cfae-47dc-a648-70fda7623e1c in 725.3194 ms
2025-06-24 18:36:25 [main] INFO  c.fspann.api.ForwardSecureANNSystem - Insert complete for id=d7457c3f-e550-4138-b786-eba0be65345d in 723.334 ms
2025-06-24 18:36:26 [main] INFO  c.fspann.api.ForwardSecureANNSystem - Insert complete for id=2a42ed0e-f7b4-4381-8fd8-e6391204f954 in 787.7463 ms
2025-06-24 18:36:26 [main] INFO  c.fspann.api.ForwardSecureANNSystem - Insert complete for id=40fcf7f7-c596-4091-a041-fcf01335331f in 726.9296 ms
2025-06-24 18:36:27 [main] INFO  c.fspann.api.ForwardSecureANNSystem - Insert complete for id=047bd703-93d6-4550-8238-3f6c8cec6a34 in 722.699 ms
2025-06-24 18:36:28 [main] INFO  c.fspann.api.ForwardSecureANNSystem - Insert complete for id=517a107c-b660-4b05-9c40-849f60b56e48 in 737.0047 ms
2025-06-24 18:36:28 [main] INFO  c.fspann.api.ForwardSecureANNSystem - Insert complete for id=13ef7414-15a6-4c31-a84d-0528ed7d7aef in 726.102 ms
2025-06-24 18:36:29 [main] INFO  c.fspann.api.ForwardSecureANNSystem - Insert complete for id=c708ba4a-feb2-4e7b-9194-8d895e3a256d in 772.5238 ms
2025-06-24 18:36:30 [main] INFO  c.fspann.api.ForwardSecureANNSystem - Insert complete for id=1b535b35-44dd-464e-89a0-41458ace9cfb in 752.6693 ms
2025-06-24 18:36:31 [main] INFO  c.fspann.api.ForwardSecureANNSystem - Insert complete for id=50619536-cca9-403c-b3ec-0922ee67b5c2 in 726.2092 ms
2025-06-24 18:36:31 [main] INFO  c.fspann.api.ForwardSecureANNSystem - Insert complete for id=d7d5a86a-71e2-410c-9491-0e250f847907 in 735.8275 ms
2025-06-24 18:36:32 [main] INFO  c.fspann.api.ForwardSecureANNSystem - Insert complete for id=90b3f959-f4d2-451f-a8fb-c4fad75f0c0f in 726.5053 ms
2025-06-24 18:36:33 [main] INFO  c.fspann.api.ForwardSecureANNSystem - Insert complete for id=4ee103e1-bd22-48b9-8221-bb79b207f61c in 724.6593 ms
2025-06-24 18:36:34 [main] INFO  c.fspann.api.ForwardSecureANNSystem - Insert complete for id=080890b9-240b-4f15-a5e6-af4b31243d83 in 784.9968 ms
2025-06-24 18:36:34 [main] INFO  c.fspann.api.ForwardSecureANNSystem - Insert complete for id=aa3e9567-bcc2-4985-bad6-ac7e984b0446 in 752.542 ms
2025-06-24 18:36:35 [main] INFO  c.fspann.api.ForwardSecureANNSystem - Insert complete for id=8b5510fc-eb4e-42d2-8fe3-03d6854dc6d8 in 724.7634 ms
2025-06-24 18:36:36 [main] INFO  c.fspann.api.ForwardSecureANNSystem - Insert complete for id=02127cef-0a33-4a90-b1a0-1b09c876448d in 730.8666 ms
2025-06-24 18:36:37 [main] INFO  c.fspann.api.ForwardSecureANNSystem - Insert complete for id=37556bad-ee99-47f2-b8c3-7cf16ac81eee in 735.9485 ms
2025-06-24 18:36:37 [main] INFO  c.fspann.api.ForwardSecureANNSystem - Insert complete for id=1729d56d-d6ea-4305-8d60-b35ddbf9c624 in 782.0985 ms
2025-06-24 18:36:38 [main] INFO  c.fspann.api.ForwardSecureANNSystem - Insert complete for id=6e6a935d-9b7e-4e0c-974e-1c06be91a5c4 in 749.6932 ms
2025-06-24 18:36:39 [main] INFO  c.fspann.api.ForwardSecureANNSystem - Insert complete for id=b783c280-ae86-43ec-91df-9362ba88eaa2 in 729.0815 ms
2025-06-24 18:36:40 [main] INFO  c.fspann.api.ForwardSecureANNSystem - Insert complete for id=0c1c8d60-d23d-4a33-9f27-4011ab3a97ba in 736.1738 ms
2025-06-24 18:36:40 [main] INFO  c.fspann.api.ForwardSecureANNSystem - Insert complete for id=501aa9e9-b6a1-4872-b427-3deba96cb808 in 720.4374 ms
2025-06-24 18:36:41 [main] INFO  c.fspann.api.ForwardSecureANNSystem - Insert complete for id=dddba840-65dc-4480-a5b8-9f89f77bced2 in 781.6084 ms
2025-06-24 18:36:42 [main] INFO  c.fspann.api.ForwardSecureANNSystem - Insert complete for id=ab9ce2d6-9cef-472f-aca5-f06c6339dc73 in 741.0995 ms
2025-06-24 18:36:43 [main] INFO  c.fspann.api.ForwardSecureANNSystem - Insert complete for id=3f923c27-1fe6-4617-8744-397fed7d3280 in 723.6261 ms
2025-06-24 18:36:43 [main] INFO  c.fspann.api.ForwardSecureANNSystem - Insert complete for id=7332d39f-35cd-4b12-89ac-59bd306b6bf6 in 731.7953 ms
2025-06-24 18:36:44 [main] INFO  c.fspann.api.ForwardSecureANNSystem - Insert complete for id=075ff4e4-da78-4072-ac3d-30693c576077 in 724.3867 ms
2025-06-24 18:36:45 [main] INFO  c.fspann.api.ForwardSecureANNSystem - Insert complete for id=685ecd40-bb85-4785-a27e-890b981d3074 in 783.2105 ms
2025-06-24 18:36:46 [main] INFO  c.fspann.api.ForwardSecureANNSystem - Insert complete for id=42e475c3-9750-423b-8d33-8fa7a4f012ae in 727.6198 ms
2025-06-24 18:36:46 [main] INFO  c.fspann.api.ForwardSecureANNSystem - Insert complete for id=b3185bfa-b225-4b3e-82ed-0f50f3c9df17 in 740.1972 ms
2025-06-24 18:36:47 [main] INFO  c.fspann.api.ForwardSecureANNSystem - Insert complete for id=81b6d2de-0c3d-465e-9ba8-4e6dee2410b6 in 723.018 ms
2025-06-24 18:36:47 [main] INFO  c.f.a.ForwardSecureANNSystemPerformanceIntegrationTest - Average insert latency: 734.5744963 ms
2025-06-24 18:36:47 [main] INFO  c.fspann.api.ForwardSecureANNSystem - Cloaked query returned 5 results
2025-06-24 18:36:47 [main] INFO  c.fspann.api.ForwardSecureANNSystem - Cloaked query returned 5 results
2025-06-24 18:36:47 [main] INFO  c.fspann.api.ForwardSecureANNSystem - Cloaked query returned 5 results
2025-06-24 18:36:47 [main] INFO  c.fspann.api.ForwardSecureANNSystem - Cloaked query returned 5 results
2025-06-24 18:36:47 [main] INFO  c.fspann.api.ForwardSecureANNSystem - Cloaked query returned 5 results
2025-06-24 18:36:47 [main] INFO  c.fspann.api.ForwardSecureANNSystem - Cloaked query returned 5 results
2025-06-24 18:36:47 [main] INFO  c.fspann.api.ForwardSecureANNSystem - Cloaked query returned 5 results
2025-06-24 18:36:47 [main] INFO  c.fspann.api.ForwardSecureANNSystem - Cloaked query returned 5 results
2025-06-24 18:36:47 [main] INFO  c.fspann.api.ForwardSecureANNSystem - Cloaked query returned 5 results
2025-06-24 18:36:47 [main] INFO  c.fspann.api.ForwardSecureANNSystem - Cloaked query returned 5 results
2025-06-24 18:36:47 [main] INFO  c.fspann.api.ForwardSecureANNSystem - Cloaked query returned 5 results
2025-06-24 18:36:47 [main] INFO  c.fspann.api.ForwardSecureANNSystem - Cloaked query returned 5 results
2025-06-24 18:36:47 [main] INFO  c.fspann.api.ForwardSecureANNSystem - Cloaked query returned 5 results
2025-06-24 18:36:47 [main] INFO  c.fspann.api.ForwardSecureANNSystem - Cloaked query returned 5 results
2025-06-24 18:36:47 [main] INFO  c.fspann.api.ForwardSecureANNSystem - Cloaked query returned 5 results
2025-06-24 18:36:47 [main] INFO  c.fspann.api.ForwardSecureANNSystem - Cloaked query returned 5 results
2025-06-24 18:36:47 [main] INFO  c.fspann.api.ForwardSecureANNSystem - Cloaked query returned 5 results
2025-06-24 18:36:47 [main] INFO  c.fspann.api.ForwardSecureANNSystem - Cloaked query returned 5 results
2025-06-24 18:36:47 [main] INFO  c.fspann.api.ForwardSecureANNSystem - Cloaked query returned 5 results
2025-06-24 18:36:47 [main] INFO  c.fspann.api.ForwardSecureANNSystem - Cloaked query returned 5 results
2025-06-24 18:36:47 [main] INFO  c.fspann.api.ForwardSecureANNSystem - Cloaked query returned 5 results
2025-06-24 18:36:47 [main] INFO  c.fspann.api.ForwardSecureANNSystem - Cloaked query returned 5 results
2025-06-24 18:36:47 [main] INFO  c.fspann.api.ForwardSecureANNSystem - Cloaked query returned 5 results
2025-06-24 18:36:47 [main] INFO  c.fspann.api.ForwardSecureANNSystem - Cloaked query returned 5 results
2025-06-24 18:36:47 [main] INFO  c.fspann.api.ForwardSecureANNSystem - Cloaked query returned 5 results
2025-06-24 18:36:47 [main] INFO  c.fspann.api.ForwardSecureANNSystem - Cloaked query returned 5 results
2025-06-24 18:36:47 [main] INFO  c.fspann.api.ForwardSecureANNSystem - Cloaked query returned 5 results
2025-06-24 18:36:47 [main] INFO  c.fspann.api.ForwardSecureANNSystem - Cloaked query returned 5 results
2025-06-24 18:36:47 [main] INFO  c.fspann.api.ForwardSecureANNSystem - Cloaked query returned 5 results
2025-06-24 18:36:47 [main] INFO  c.fspann.api.ForwardSecureANNSystem - Cloaked query returned 5 results
2025-06-24 18:36:47 [main] INFO  c.fspann.api.ForwardSecureANNSystem - Cloaked query returned 5 results
2025-06-24 18:36:47 [main] INFO  c.fspann.api.ForwardSecureANNSystem - Cloaked query returned 5 results
2025-06-24 18:36:47 [main] INFO  c.fspann.api.ForwardSecureANNSystem - Cloaked query returned 5 results
2025-06-24 18:36:47 [main] INFO  c.fspann.api.ForwardSecureANNSystem - Cloaked query returned 5 results
2025-06-24 18:36:47 [main] INFO  c.fspann.api.ForwardSecureANNSystem - Cloaked query returned 5 results
2025-06-24 18:36:47 [main] INFO  c.fspann.api.ForwardSecureANNSystem - Cloaked query returned 5 results
2025-06-24 18:36:47 [main] INFO  c.fspann.api.ForwardSecureANNSystem - Cloaked query returned 5 results
2025-06-24 18:36:47 [main] INFO  c.fspann.api.ForwardSecureANNSystem - Cloaked query returned 5 results
2025-06-24 18:36:47 [main] INFO  c.fspann.api.ForwardSecureANNSystem - Cloaked query returned 5 results
2025-06-24 18:36:47 [main] INFO  c.fspann.api.ForwardSecureANNSystem - Cloaked query returned 5 results
2025-06-24 18:36:47 [main] INFO  c.fspann.api.ForwardSecureANNSystem - Cloaked query returned 5 results
2025-06-24 18:36:47 [main] INFO  c.fspann.api.ForwardSecureANNSystem - Cloaked query returned 5 results
2025-06-24 18:36:47 [main] INFO  c.fspann.api.ForwardSecureANNSystem - Cloaked query returned 5 results
2025-06-24 18:36:47 [main] INFO  c.fspann.api.ForwardSecureANNSystem - Cloaked query returned 5 results
2025-06-24 18:36:47 [main] INFO  c.fspann.api.ForwardSecureANNSystem - Cloaked query returned 5 results
2025-06-24 18:36:47 [main] INFO  c.fspann.api.ForwardSecureANNSystem - Cloaked query returned 5 results
2025-06-24 18:36:47 [main] INFO  c.fspann.api.ForwardSecureANNSystem - Cloaked query returned 5 results
2025-06-24 18:36:47 [main] INFO  c.fspann.api.ForwardSecureANNSystem - Cloaked query returned 5 results
2025-06-24 18:36:47 [main] INFO  c.fspann.api.ForwardSecureANNSystem - Cloaked query returned 5 results
2025-06-24 18:36:47 [main] INFO  c.fspann.api.ForwardSecureANNSystem - Cloaked query returned 5 results
2025-06-24 18:36:47 [main] INFO  c.fspann.api.ForwardSecureANNSystem - Cloaked query returned 5 results
2025-06-24 18:36:47 [main] INFO  c.fspann.api.ForwardSecureANNSystem - Cloaked query returned 5 results
2025-06-24 18:36:47 [main] INFO  c.fspann.api.ForwardSecureANNSystem - Cloaked query returned 5 results
2025-06-24 18:36:47 [main] INFO  c.fspann.api.ForwardSecureANNSystem - Cloaked query returned 5 results
2025-06-24 18:36:47 [main] INFO  c.fspann.api.ForwardSecureANNSystem - Cloaked query returned 5 results
2025-06-24 18:36:47 [main] INFO  c.fspann.api.ForwardSecureANNSystem - Cloaked query returned 5 results
2025-06-24 18:36:47 [main] INFO  c.fspann.api.ForwardSecureANNSystem - Cloaked query returned 5 results
2025-06-24 18:36:47 [main] INFO  c.fspann.api.ForwardSecureANNSystem - Cloaked query returned 5 results
2025-06-24 18:36:47 [main] INFO  c.fspann.api.ForwardSecureANNSystem - Cloaked query returned 5 results
2025-06-24 18:36:47 [main] INFO  c.fspann.api.ForwardSecureANNSystem - Cloaked query returned 5 results
2025-06-24 18:36:47 [main] INFO  c.fspann.api.ForwardSecureANNSystem - Cloaked query returned 5 results
2025-06-24 18:36:47 [main] INFO  c.fspann.api.ForwardSecureANNSystem - Cloaked query returned 5 results
2025-06-24 18:36:47 [main] INFO  c.fspann.api.ForwardSecureANNSystem - Cloaked query returned 5 results
2025-06-24 18:36:47 [main] INFO  c.fspann.api.ForwardSecureANNSystem - Cloaked query returned 5 results
2025-06-24 18:36:47 [main] INFO  c.fspann.api.ForwardSecureANNSystem - Cloaked query returned 5 results
2025-06-24 18:36:47 [main] INFO  c.fspann.api.ForwardSecureANNSystem - Cloaked query returned 5 results
2025-06-24 18:36:47 [main] INFO  c.fspann.api.ForwardSecureANNSystem - Cloaked query returned 5 results
2025-06-24 18:36:47 [main] INFO  c.fspann.api.ForwardSecureANNSystem - Cloaked query returned 5 results
2025-06-24 18:36:47 [main] INFO  c.fspann.api.ForwardSecureANNSystem - Cloaked query returned 5 results
2025-06-24 18:36:47 [main] INFO  c.fspann.api.ForwardSecureANNSystem - Cloaked query returned 5 results
2025-06-24 18:36:47 [main] INFO  c.fspann.api.ForwardSecureANNSystem - Cloaked query returned 5 results
2025-06-24 18:36:47 [main] INFO  c.fspann.api.ForwardSecureANNSystem - Cloaked query returned 5 results
2025-06-24 18:36:47 [main] INFO  c.fspann.api.ForwardSecureANNSystem - Cloaked query returned 5 results
2025-06-24 18:36:47 [main] INFO  c.fspann.api.ForwardSecureANNSystem - Cloaked query returned 5 results
2025-06-24 18:36:47 [main] INFO  c.fspann.api.ForwardSecureANNSystem - Cloaked query returned 5 results
2025-06-24 18:36:47 [main] INFO  c.fspann.api.ForwardSecureANNSystem - Cloaked query returned 5 results
2025-06-24 18:36:47 [main] INFO  c.fspann.api.ForwardSecureANNSystem - Cloaked query returned 5 results
2025-06-24 18:36:47 [main] INFO  c.fspann.api.ForwardSecureANNSystem - Cloaked query returned 5 results
2025-06-24 18:36:47 [main] INFO  c.fspann.api.ForwardSecureANNSystem - Cloaked query returned 5 results
2025-06-24 18:36:47 [main] INFO  c.fspann.api.ForwardSecureANNSystem - Cloaked query returned 5 results
2025-06-24 18:36:47 [main] INFO  c.fspann.api.ForwardSecureANNSystem - Cloaked query returned 5 results
2025-06-24 18:36:47 [main] INFO  c.fspann.api.ForwardSecureANNSystem - Cloaked query returned 5 results
2025-06-24 18:36:47 [main] INFO  c.fspann.api.ForwardSecureANNSystem - Cloaked query returned 5 results
2025-06-24 18:36:47 [main] INFO  c.fspann.api.ForwardSecureANNSystem - Cloaked query returned 5 results
2025-06-24 18:36:47 [main] INFO  c.fspann.api.ForwardSecureANNSystem - Cloaked query returned 5 results
2025-06-24 18:36:47 [main] INFO  c.fspann.api.ForwardSecureANNSystem - Cloaked query returned 5 results
2025-06-24 18:36:47 [main] INFO  c.fspann.api.ForwardSecureANNSystem - Cloaked query returned 5 results
2025-06-24 18:36:47 [main] INFO  c.fspann.api.ForwardSecureANNSystem - Cloaked query returned 5 results
2025-06-24 18:36:47 [main] INFO  c.fspann.api.ForwardSecureANNSystem - Cloaked query returned 5 results
2025-06-24 18:36:47 [main] INFO  c.fspann.api.ForwardSecureANNSystem - Cloaked query returned 5 results
2025-06-24 18:36:47 [main] INFO  c.fspann.api.ForwardSecureANNSystem - Cloaked query returned 5 results
2025-06-24 18:36:47 [main] INFO  c.fspann.api.ForwardSecureANNSystem - Cloaked query returned 5 results
2025-06-24 18:36:47 [main] INFO  c.fspann.api.ForwardSecureANNSystem - Cloaked query returned 5 results
2025-06-24 18:36:47 [main] INFO  c.fspann.api.ForwardSecureANNSystem - Cloaked query returned 5 results
2025-06-24 18:36:47 [main] INFO  c.fspann.api.ForwardSecureANNSystem - Cloaked query returned 5 results
2025-06-24 18:36:47 [main] INFO  c.fspann.api.ForwardSecureANNSystem - Cloaked query returned 5 results
2025-06-24 18:36:47 [main] INFO  c.fspann.api.ForwardSecureANNSystem - Cloaked query returned 5 results
2025-06-24 18:36:47 [main] INFO  c.fspann.api.ForwardSecureANNSystem - Cloaked query returned 5 results
2025-06-24 18:36:47 [main] INFO  c.fspann.api.ForwardSecureANNSystem - Cloaked query returned 5 results
2025-06-24 18:36:47 [main] INFO  c.fspann.api.ForwardSecureANNSystem - Cloaked query returned 5 results
2025-06-24 18:36:47 [main] INFO  c.fspann.api.ForwardSecureANNSystem - Cloaked query returned 5 results
2025-06-24 18:36:47 [main] INFO  c.fspann.api.ForwardSecureANNSystem - Cloaked query returned 5 results
2025-06-24 18:36:47 [main] INFO  c.fspann.api.ForwardSecureANNSystem - Cloaked query returned 5 results
2025-06-24 18:36:47 [main] INFO  c.fspann.api.ForwardSecureANNSystem - Cloaked query returned 5 results
2025-06-24 18:36:47 [main] INFO  c.fspann.api.ForwardSecureANNSystem - Cloaked query returned 5 results
2025-06-24 18:36:47 [main] INFO  c.fspann.api.ForwardSecureANNSystem - Cloaked query returned 5 results
2025-06-24 18:36:47 [main] INFO  c.fspann.api.ForwardSecureANNSystem - Cloaked query returned 5 results
2025-06-24 18:36:47 [main] INFO  c.fspann.api.ForwardSecureANNSystem - Cloaked query returned 5 results
2025-06-24 18:36:47 [main] INFO  c.fspann.api.ForwardSecureANNSystem - Cloaked query returned 5 results
2025-06-24 18:36:47 [main] INFO  c.fspann.api.ForwardSecureANNSystem - Cloaked query returned 5 results
2025-06-24 18:36:47 [main] INFO  c.fspann.api.ForwardSecureANNSystem - Cloaked query returned 5 results
2025-06-24 18:36:47 [main] INFO  c.fspann.api.ForwardSecureANNSystem - Cloaked query returned 5 results
2025-06-24 18:36:47 [main] INFO  c.fspann.api.ForwardSecureANNSystem - Cloaked query returned 5 results
2025-06-24 18:36:47 [main] INFO  c.fspann.api.ForwardSecureANNSystem - Cloaked query returned 5 results
2025-06-24 18:36:47 [main] INFO  c.fspann.api.ForwardSecureANNSystem - Cloaked query returned 5 results
2025-06-24 18:36:47 [main] INFO  c.fspann.api.ForwardSecureANNSystem - Cloaked query returned 5 results
2025-06-24 18:36:47 [main] INFO  c.fspann.api.ForwardSecureANNSystem - Cloaked query returned 5 results
2025-06-24 18:36:47 [main] INFO  c.fspann.api.ForwardSecureANNSystem - Cloaked query returned 5 results
2025-06-24 18:36:47 [main] INFO  c.fspann.api.ForwardSecureANNSystem - Cloaked query returned 5 results
2025-06-24 18:36:47 [main] INFO  c.fspann.api.ForwardSecureANNSystem - Cloaked query returned 5 results
2025-06-24 18:36:47 [main] INFO  c.fspann.api.ForwardSecureANNSystem - Cloaked query returned 5 results
2025-06-24 18:36:47 [main] INFO  c.fspann.api.ForwardSecureANNSystem - Cloaked query returned 5 results
2025-06-24 18:36:47 [main] INFO  c.fspann.api.ForwardSecureANNSystem - Cloaked query returned 5 results
2025-06-24 18:36:47 [main] INFO  c.fspann.api.ForwardSecureANNSystem - Cloaked query returned 5 results
2025-06-24 18:36:47 [main] INFO  c.fspann.api.ForwardSecureANNSystem - Cloaked query returned 5 results
2025-06-24 18:36:47 [main] INFO  c.fspann.api.ForwardSecureANNSystem - Cloaked query returned 5 results
2025-06-24 18:36:47 [main] INFO  c.fspann.api.ForwardSecureANNSystem - Cloaked query returned 5 results
2025-06-24 18:36:47 [main] INFO  c.fspann.api.ForwardSecureANNSystem - Cloaked query returned 5 results
2025-06-24 18:36:47 [main] INFO  c.fspann.api.ForwardSecureANNSystem - Cloaked query returned 5 results
2025-06-24 18:36:47 [main] INFO  c.fspann.api.ForwardSecureANNSystem - Cloaked query returned 5 results
2025-06-24 18:36:47 [main] INFO  c.fspann.api.ForwardSecureANNSystem - Cloaked query returned 5 results
2025-06-24 18:36:47 [main] INFO  c.fspann.api.ForwardSecureANNSystem - Cloaked query returned 5 results
2025-06-24 18:36:47 [main] INFO  c.fspann.api.ForwardSecureANNSystem - Cloaked query returned 5 results
2025-06-24 18:36:47 [main] INFO  c.fspann.api.ForwardSecureANNSystem - Cloaked query returned 5 results
2025-06-24 18:36:47 [main] INFO  c.fspann.api.ForwardSecureANNSystem - Cloaked query returned 5 results
2025-06-24 18:36:47 [main] INFO  c.fspann.api.ForwardSecureANNSystem - Cloaked query returned 5 results
2025-06-24 18:36:47 [main] INFO  c.fspann.api.ForwardSecureANNSystem - Cloaked query returned 5 results
2025-06-24 18:36:47 [main] INFO  c.fspann.api.ForwardSecureANNSystem - Cloaked query returned 5 results
2025-06-24 18:36:47 [main] INFO  c.fspann.api.ForwardSecureANNSystem - Cloaked query returned 5 results
2025-06-24 18:36:47 [main] INFO  c.fspann.api.ForwardSecureANNSystem - Cloaked query returned 5 results
2025-06-24 18:36:47 [main] INFO  c.fspann.api.ForwardSecureANNSystem - Cloaked query returned 5 results
2025-06-24 18:36:47 [main] INFO  c.fspann.api.ForwardSecureANNSystem - Cloaked query returned 5 results
2025-06-24 18:36:47 [main] INFO  c.fspann.api.ForwardSecureANNSystem - Cloaked query returned 5 results
2025-06-24 18:36:47 [main] INFO  c.fspann.api.ForwardSecureANNSystem - Cloaked query returned 5 results
2025-06-24 18:36:47 [main] INFO  c.fspann.api.ForwardSecureANNSystem - Cloaked query returned 5 results
2025-06-24 18:36:47 [main] INFO  c.fspann.api.ForwardSecureANNSystem - Cloaked query returned 5 results
2025-06-24 18:36:47 [main] INFO  c.fspann.api.ForwardSecureANNSystem - Cloaked query returned 5 results
2025-06-24 18:36:47 [main] INFO  c.fspann.api.ForwardSecureANNSystem - Cloaked query returned 5 results
2025-06-24 18:36:47 [main] INFO  c.fspann.api.ForwardSecureANNSystem - Cloaked query returned 5 results
2025-06-24 18:36:47 [main] INFO  c.fspann.api.ForwardSecureANNSystem - Cloaked query returned 5 results
2025-06-24 18:36:47 [main] INFO  c.fspann.api.ForwardSecureANNSystem - Cloaked query returned 5 results
2025-06-24 18:36:47 [main] INFO  c.fspann.api.ForwardSecureANNSystem - Cloaked query returned 5 results
2025-06-24 18:36:47 [main] INFO  c.fspann.api.ForwardSecureANNSystem - Cloaked query returned 5 results
2025-06-24 18:36:47 [main] INFO  c.fspann.api.ForwardSecureANNSystem - Cloaked query returned 5 results
2025-06-24 18:36:47 [main] INFO  c.fspann.api.ForwardSecureANNSystem - Cloaked query returned 5 results
2025-06-24 18:36:47 [main] INFO  c.fspann.api.ForwardSecureANNSystem - Cloaked query returned 5 results
2025-06-24 18:36:47 [main] INFO  c.fspann.api.ForwardSecureANNSystem - Cloaked query returned 5 results
2025-06-24 18:36:47 [main] INFO  c.fspann.api.ForwardSecureANNSystem - Cloaked query returned 5 results
2025-06-24 18:36:47 [main] INFO  c.fspann.api.ForwardSecureANNSystem - Cloaked query returned 5 results
2025-06-24 18:36:47 [main] INFO  c.fspann.api.ForwardSecureANNSystem - Cloaked query returned 5 results
2025-06-24 18:36:47 [main] INFO  c.fspann.api.ForwardSecureANNSystem - Cloaked query returned 5 results
2025-06-24 18:36:47 [main] INFO  c.fspann.api.ForwardSecureANNSystem - Cloaked query returned 5 results
2025-06-24 18:36:47 [main] INFO  c.fspann.api.ForwardSecureANNSystem - Cloaked query returned 5 results
2025-06-24 18:36:47 [main] INFO  c.fspann.api.ForwardSecureANNSystem - Cloaked query returned 5 results
2025-06-24 18:36:47 [main] INFO  c.fspann.api.ForwardSecureANNSystem - Cloaked query returned 5 results
2025-06-24 18:36:47 [main] INFO  c.fspann.api.ForwardSecureANNSystem - Cloaked query returned 5 results
2025-06-24 18:36:47 [main] INFO  c.fspann.api.ForwardSecureANNSystem - Cloaked query returned 5 results
2025-06-24 18:36:47 [main] INFO  c.fspann.api.ForwardSecureANNSystem - Cloaked query returned 5 results
2025-06-24 18:36:47 [main] INFO  c.fspann.api.ForwardSecureANNSystem - Cloaked query returned 5 results
2025-06-24 18:36:47 [main] INFO  c.fspann.api.ForwardSecureANNSystem - Cloaked query returned 5 results
2025-06-24 18:36:47 [main] INFO  c.fspann.api.ForwardSecureANNSystem - Cloaked query returned 5 results
2025-06-24 18:36:47 [main] INFO  c.fspann.api.ForwardSecureANNSystem - Cloaked query returned 5 results
2025-06-24 18:36:47 [main] INFO  c.fspann.api.ForwardSecureANNSystem - Cloaked query returned 5 results
2025-06-24 18:36:47 [main] INFO  c.fspann.api.ForwardSecureANNSystem - Cloaked query returned 5 results
2025-06-24 18:36:47 [main] INFO  c.fspann.api.ForwardSecureANNSystem - Cloaked query returned 5 results
2025-06-24 18:36:47 [main] INFO  c.fspann.api.ForwardSecureANNSystem - Cloaked query returned 5 results
2025-06-24 18:36:47 [main] INFO  c.fspann.api.ForwardSecureANNSystem - Cloaked query returned 5 results
2025-06-24 18:36:47 [main] INFO  c.fspann.api.ForwardSecureANNSystem - Cloaked query returned 5 results
2025-06-24 18:36:47 [main] INFO  c.fspann.api.ForwardSecureANNSystem - Cloaked query returned 5 results
2025-06-24 18:36:47 [main] INFO  c.fspann.api.ForwardSecureANNSystem - Cloaked query returned 5 results
2025-06-24 18:36:47 [main] INFO  c.fspann.api.ForwardSecureANNSystem - Cloaked query returned 5 results
2025-06-24 18:36:47 [main] INFO  c.fspann.api.ForwardSecureANNSystem - Cloaked query returned 5 results
2025-06-24 18:36:47 [main] INFO  c.fspann.api.ForwardSecureANNSystem - Cloaked query returned 5 results
2025-06-24 18:36:47 [main] INFO  c.fspann.api.ForwardSecureANNSystem - Cloaked query returned 5 results
2025-06-24 18:36:47 [main] INFO  c.fspann.api.ForwardSecureANNSystem - Cloaked query returned 5 results
2025-06-24 18:36:47 [main] INFO  c.fspann.api.ForwardSecureANNSystem - Cloaked query returned 5 results
2025-06-24 18:36:47 [main] INFO  c.fspann.api.ForwardSecureANNSystem - Cloaked query returned 5 results
2025-06-24 18:36:47 [main] INFO  c.fspann.api.ForwardSecureANNSystem - Cloaked query returned 5 results
2025-06-24 18:36:47 [main] INFO  c.fspann.api.ForwardSecureANNSystem - Cloaked query returned 5 results
2025-06-24 18:36:47 [main] INFO  c.fspann.api.ForwardSecureANNSystem - Cloaked query returned 5 results
2025-06-24 18:36:47 [main] INFO  c.fspann.api.ForwardSecureANNSystem - Cloaked query returned 5 results
2025-06-24 18:36:47 [main] INFO  c.fspann.api.ForwardSecureANNSystem - Cloaked query returned 5 results
2025-06-24 18:36:47 [main] INFO  c.fspann.api.ForwardSecureANNSystem - Cloaked query returned 5 results
2025-06-24 18:36:47 [main] INFO  c.fspann.api.ForwardSecureANNSystem - Cloaked query returned 5 results
2025-06-24 18:36:47 [main] INFO  c.fspann.api.ForwardSecureANNSystem - Cloaked query returned 5 results
2025-06-24 18:36:47 [main] INFO  c.fspann.api.ForwardSecureANNSystem - Cloaked query returned 5 results
2025-06-24 18:36:47 [main] INFO  c.fspann.api.ForwardSecureANNSystem - Cloaked query returned 5 results
2025-06-24 18:36:47 [main] INFO  c.fspann.api.ForwardSecureANNSystem - Cloaked query returned 5 results
2025-06-24 18:36:47 [main] INFO  c.fspann.api.ForwardSecureANNSystem - Cloaked query returned 5 results
2025-06-24 18:36:47 [main] INFO  c.fspann.api.ForwardSecureANNSystem - Cloaked query returned 5 results
2025-06-24 18:36:47 [main] INFO  c.f.a.ForwardSecureANNSystemPerformanceIntegrationTest - Average query latency: 0.8239385 ms
]]></system-out>
  </testcase>
  <testcase name="endToEndWorkflowTest(Path)" classname="com.fspann.api.ForwardSecureANNSystemPerformanceIntegrationTest" time="77.557">
    <system-out><![CDATA[2025-06-24 18:36:47 [main] INFO  com.fspann.loader.DefaultDataLoader - Loading data from C:\Users\MEHRAN~1\AppData\Local\Temp\junit-17984996211451944474\data.csv using loader for CSV
2025-06-24 18:38:05 [main] INFO  c.fspann.api.PerformanceVisualizer - Chart saved to: results_query_results.png
2025-06-24 18:38:05 [main] INFO  c.f.a.ForwardSecureANNSystemPerformanceIntegrationTest - Query returned 5 results:
2025-06-24 18:38:05 [main] INFO  c.f.a.ForwardSecureANNSystemPerformanceIntegrationTest - ID: 9f1ca244-6e87-4793-a1c5-111977d4c748, Distance: 0.09219544457292887
2025-06-24 18:38:05 [main] INFO  c.f.a.ForwardSecureANNSystemPerformanceIntegrationTest - ID: b4c1ddb2-c9b1-446e-a0bb-148eef3a450e, Distance: 0.3138470965295043
2025-06-24 18:38:05 [main] INFO  c.f.a.ForwardSecureANNSystemPerformanceIntegrationTest - ID: 5b6748fd-e95b-476a-988d-9deae371e979, Distance: 0.34423828956117014
2025-06-24 18:38:05 [main] INFO  c.f.a.ForwardSecureANNSystemPerformanceIntegrationTest - ID: 8d3bf900-4f1d-4bbe-b65c-07de47443763, Distance: 0.8846706813034525
2025-06-24 18:38:05 [main] INFO  c.f.a.ForwardSecureANNSystemPerformanceIntegrationTest - ID: da568199-9eab-4df4-b9ff-ca48f8b5d770, Distance: 0.9856310658056502
]]></system-out>
  </testcase>
  <testcase name="testFakePointsInsertion(Path)" classname="com.fspann.api.ForwardSecureANNSystemPerformanceIntegrationTest" time="74.871">
    <system-out><![CDATA[2025-06-24 18:39:20 [main] INFO  c.fspann.api.ForwardSecureANNSystem - Number of indexed vectors for dimension 10: 1013
2025-06-24 18:39:20 [main] INFO  c.f.a.ForwardSecureANNSystemPerformanceIntegrationTest - Indexed vectors after fake points: 1013
]]></system-out>
  </testcase>
</testsuite>