<?xml version="1.0" encoding="UTF-8"?>
<testsuite xmlns:xsi="http://www.w3.org/2001/XMLSchema-instance" xsi:noNamespaceSchemaLocation="https://maven.apache.org/surefire/maven-surefire-plugin/xsd/surefire-test-report-3.0.xsd" version="3.0" name="com.loader.DefaultDataLoaderTest" time="0.269" tests="2" errors="0" skipped="0" failures="0">
  <properties>
    <property name="java.specification.version" value="22"/>
    <property name="sun.cpu.isalist" value="amd64"/>
    <property name="sun.jnu.encoding" value="Cp1252"/>
    <property name="java.class.path" value="C:\Users\Mehran Memon\eclipse-workspace\fspann-query-system\fsp-anns-parent\loader\target\test-classes;C:\Users\Mehran Memon\eclipse-workspace\fspann-query-system\fsp-anns-parent\loader\target\classes;C:\Users\Mehran Memon\eclipse-workspace\fspann-query-system\fsp-anns-parent\common\target\classes;C:\Users\Mehran Memon\.m2\repository\org\slf4j\slf4j-api\2.0.13\slf4j-api-2.0.13.jar;C:\Users\Mehran Memon\.m2\repository\org\apache\commons\commons-lang3\3.17.0\commons-lang3-3.17.0.jar;C:\Users\Mehran Memon\.m2\repository\com\fasterxml\jackson\core\jackson-core\2.17.2\jackson-core-2.17.2.jar;C:\Users\Mehran Memon\.m2\repository\ch\qos\logback\logback-classic\1.4.11\logback-classic-1.4.11.jar;C:\Users\Mehran Memon\.m2\repository\ch\qos\logback\logback-core\1.4.11\logback-core-1.4.11.jar;C:\Users\Mehran Memon\.m2\repository\org\apache\commons\commons-compress\1.26.1\commons-compress-1.26.1.jar;C:\Users\Mehran Memon\.m2\repository\commons-codec\commons-codec\1.16.1\commons-codec-1.16.1.jar;C:\Users\Mehran Memon\.m2\repository\commons-io\commons-io\2.15.1\commons-io-2.15.1.jar;C:\Users\Mehran Memon\.m2\repository\com\fasterxml\jackson\core\jackson-databind\2.17.2\jackson-databind-2.17.2.jar;C:\Users\Mehran Memon\.m2\repository\com\fasterxml\jackson\core\jackson-annotations\2.17.2\jackson-annotations-2.17.2.jar;C:\Users\Mehran Memon\.m2\repository\org\junit\jupiter\junit-jupiter-api\5.11.0\junit-jupiter-api-5.11.0.jar;C:\Users\Mehran Memon\.m2\repository\org\opentest4j\opentest4j\1.3.0\opentest4j-1.3.0.jar;C:\Users\Mehran Memon\.m2\repository\org\junit\platform\junit-platform-commons\1.11.0\junit-platform-commons-1.11.0.jar;C:\Users\Mehran Memon\.m2\repository\org\apiguardian\apiguardian-api\1.1.2\apiguardian-api-1.1.2.jar;"/>
    <property name="java.vm.vendor" value="Oracle Corporation"/>
    <property name="net.bytebuddy.experimental" value="true"/>
    <property name="sun.arch.data.model" value="64"/>
    <property name="user.variant" value=""/>
    <property name="java.vendor.url" value="https://java.oracle.com/"/>
    <property name="user.timezone" value="Asia/Shanghai"/>
    <property name="os.name" value="Windows 11"/>
    <property name="java.vm.specification.version" value="22"/>
    <property name="sun.java.launcher" value="SUN_STANDARD"/>
    <property name="user.country" value="US"/>
    <property name="sun.boot.library.path" value="C:\Program Files\Java\jdk-22\bin"/>
    <property name="sun.java.command" value="C:\Users\Mehran Memon\AppData\Local\Temp\surefire6619303754607440089\surefirebooter5286074542741568039.jar C:\Users\Mehran Memon\AppData\Local\Temp\surefire6619303754607440089 2025-06-18T04-25-30_812-jvmRun1 surefire16092190143782848709tmp surefire_27586129164308741178tmp"/>
    <property name="jdk.debug" value="release"/>
    <property name="surefire.test.class.path" value="C:\Users\Mehran Memon\eclipse-workspace\fspann-query-system\fsp-anns-parent\loader\target\test-classes;C:\Users\Mehran Memon\eclipse-workspace\fspann-query-system\fsp-anns-parent\loader\target\classes;C:\Users\Mehran Memon\eclipse-workspace\fspann-query-system\fsp-anns-parent\common\target\classes;C:\Users\Mehran Memon\.m2\repository\org\slf4j\slf4j-api\2.0.13\slf4j-api-2.0.13.jar;C:\Users\Mehran Memon\.m2\repository\org\apache\commons\commons-lang3\3.17.0\commons-lang3-3.17.0.jar;C:\Users\Mehran Memon\.m2\repository\com\fasterxml\jackson\core\jackson-core\2.17.2\jackson-core-2.17.2.jar;C:\Users\Mehran Memon\.m2\repository\ch\qos\logback\logback-classic\1.4.11\logback-classic-1.4.11.jar;C:\Users\Mehran Memon\.m2\repository\ch\qos\logback\logback-core\1.4.11\logback-core-1.4.11.jar;C:\Users\Mehran Memon\.m2\repository\org\apache\commons\commons-compress\1.26.1\commons-compress-1.26.1.jar;C:\Users\Mehran Memon\.m2\repository\commons-codec\commons-codec\1.16.1\commons-codec-1.16.1.jar;C:\Users\Mehran Memon\.m2\repository\commons-io\commons-io\2.15.1\commons-io-2.15.1.jar;C:\Users\Mehran Memon\.m2\repository\com\fasterxml\jackson\core\jackson-databind\2.17.2\jackson-databind-2.17.2.jar;C:\Users\Mehran Memon\.m2\repository\com\fasterxml\jackson\core\jackson-annotations\2.17.2\jackson-annotations-2.17.2.jar;C:\Users\Mehran Memon\.m2\repository\org\junit\jupiter\junit-jupiter-api\5.11.0\junit-jupiter-api-5.11.0.jar;C:\Users\Mehran Memon\.m2\repository\org\opentest4j\opentest4j\1.3.0\opentest4j-1.3.0.jar;C:\Users\Mehran Memon\.m2\repository\org\junit\platform\junit-platform-commons\1.11.0\junit-platform-commons-1.11.0.jar;C:\Users\Mehran Memon\.m2\repository\org\apiguardian\apiguardian-api\1.1.2\apiguardian-api-1.1.2.jar;"/>
    <property name="sun.cpu.endian" value="little"/>
    <property name="user.home" value="C:\Users\Mehran Memon"/>
    <property name="user.language" value="en"/>
    <property name="java.specification.vendor" value="Oracle Corporation"/>
    <property name="java.version.date" value="2024-07-16"/>
    <property name="java.home" value="C:\Program Files\Java\jdk-22"/>
    <property name="file.separator" value="\"/>
    <property name="basedir" value="C:\Users\Mehran Memon\eclipse-workspace\fspann-query-system\fsp-anns-parent\loader"/>
    <property name="java.vm.compressedOopsMode" value="Zero based"/>
    <property name="line.separator" value="&#10;"/>
    <property name="java.vm.specification.vendor" value="Oracle Corporation"/>
    <property name="java.specification.name" value="Java Platform API Specification"/>
    <property name="surefire.real.class.path" value="C:\Users\Mehran Memon\AppData\Local\Temp\surefire6619303754607440089\surefirebooter5286074542741568039.jar"/>
    <property name="user.script" value=""/>
    <property name="sun.management.compiler" value="HotSpot 64-Bit Tiered Compilers"/>
    <property name="java.runtime.version" value="22.0.2+9-70"/>
    <property name="user.name" value="Mehran Memon"/>
    <property name="stdout.encoding" value="Cp1252"/>
    <property name="path.separator" value=";"/>
    <property name="os.version" value="10.0"/>
    <property name="java.runtime.name" value="Java(TM) SE Runtime Environment"/>
    <property name="file.encoding" value="UTF-8"/>
    <property name="java.vm.name" value="Java HotSpot(TM) 64-Bit Server VM"/>
    <property name="localRepository" value="C:\Users\Mehran Memon\.m2\repository"/>
    <property name="java.vendor.url.bug" value="https://bugreport.java.com/bugreport/"/>
    <property name="java.io.tmpdir" value="C:\Users\MEHRAN~1\AppData\Local\Temp\"/>
    <property name="idea.version" value="2024.3.5"/>
    <property name="java.version" value="22.0.2"/>
    <property name="user.dir" value="C:\Users\Mehran Memon\eclipse-workspace\fspann-query-system\fsp-anns-parent\loader"/>
    <property name="os.arch" value="amd64"/>
    <property name="java.vm.specification.name" value="Java Virtual Machine Specification"/>
    <property name="sun.os.patch.level" value=""/>
    <property name="native.encoding" value="Cp1252"/>
    <property name="java.library.path" value="C:\Program Files\Java\jdk-22\bin;C:\WINDOWS\Sun\Java\bin;C:\WINDOWS\system32;C:\WINDOWS;C:\Program Files\Common Files\Oracle\Java\javapath;C:\WINDOWS\system32;C:\WINDOWS;C:\WINDOWS\System32\Wbem;C:\WINDOWS\System32\WindowsPowerShell\v1.0\;C:\WINDOWS\System32\OpenSSH\;C:\Program Files\Git\cmd;C:\Program Files\Go\bin;C:\Program Files\Apache\apache-maven-3.9.9-bin\apache-maven-3.9.9\bin;C:\Program Files\dotnet\;C:\Program Files\Git LFS;C:\Users\Mehran Memon\AppData\Local\Microsoft\WindowsApps;C:\Users\Mehran Memon\AppData\Local\GitHubDesktop\bin;C:\Users\Mehran Memon\go\bin;C:\Users\Mehran Memon\AppData\Local\JetBrains\Toolbox\scripts;;C:\Users\Mehran Memon\.lmstudio\bin;%USERPROFILE%\AppData\Local\Microsoft\WindowsApps;."/>
    <property name="java.vm.info" value="mixed mode, sharing"/>
    <property name="stderr.encoding" value="Cp1252"/>
    <property name="java.vendor" value="Oracle Corporation"/>
    <property name="java.vm.version" value="22.0.2+9-70"/>
    <property name="sun.io.unicode.encoding" value="UnicodeLittle"/>
    <property name="java.class.version" value="66.0"/>
  </properties>
  <testcase name="testConcurrentLoading" classname="com.loader.DefaultDataLoaderTest" time="0.251">
    <system-out><![CDATA[04:25:33,311 |-INFO in ch.qos.logback.classic.LoggerContext[default] - This is logback-classic version 1.4.11
04:25:33,312 |-INFO in ch.qos.logback.classic.util.ContextInitializer@2f01783a - No custom configurators were discovered as a service.
04:25:33,312 |-INFO in ch.qos.logback.classic.util.ContextInitializer@2f01783a - Trying to configure with ch.qos.logback.classic.joran.SerializedModelConfigurator
04:25:33,313 |-INFO in ch.qos.logback.classic.util.ContextInitializer@2f01783a - Constructed configurator of type class ch.qos.logback.classic.joran.SerializedModelConfigurator
04:25:33,327 |-INFO in ch.qos.logback.classic.LoggerContext[default] - Could NOT find resource [logback-test.scmo]
04:25:33,328 |-INFO in ch.qos.logback.classic.LoggerContext[default] - Could NOT find resource [logback.scmo]
04:25:33,332 |-INFO in ch.qos.logback.classic.util.ContextInitializer@2f01783a - ch.qos.logback.classic.joran.SerializedModelConfigurator.configure() call lasted 15 milliseconds. ExecutionStatus=INVOKE_NEXT_IF_ANY
04:25:33,332 |-INFO in ch.qos.logback.classic.util.ContextInitializer@2f01783a - Trying to configure with ch.qos.logback.classic.util.DefaultJoranConfigurator
04:25:33,333 |-INFO in ch.qos.logback.classic.util.ContextInitializer@2f01783a - Constructed configurator of type class ch.qos.logback.classic.util.DefaultJoranConfigurator
04:25:33,333 |-INFO in ch.qos.logback.classic.LoggerContext[default] - Could NOT find resource [logback-test.xml]
04:25:33,336 |-INFO in ch.qos.logback.classic.LoggerContext[default] - Found resource [logback.xml] at [file:/C:/Users/Mehran%20Memon/eclipse-workspace/fspann-query-system/fsp-anns-parent/loader/target/classes/logback.xml]
04:25:33,336 |-WARN in ch.qos.logback.classic.util.DefaultJoranConfigurator@68878f6d - Resource [logback.xml] occurs multiple times on the classpath.
04:25:33,340 |-WARN in ch.qos.logback.classic.util.DefaultJoranConfigurator@68878f6d - Resource [logback.xml] occurs at [file:/C:/Users/Mehran%20Memon/eclipse-workspace/fspann-query-system/fsp-anns-parent/loader/target/classes/logback.xml]
04:25:33,340 |-WARN in ch.qos.logback.classic.util.DefaultJoranConfigurator@68878f6d - Resource [logback.xml] occurs at [file:/C:/Users/Mehran%20Memon/eclipse-workspace/fspann-query-system/fsp-anns-parent/common/target/classes/logback.xml]
04:25:33,405 |-INFO in ch.qos.logback.core.model.processor.AppenderModelHandler - Processing appender named [CONSOLE]
04:25:33,405 |-INFO in ch.qos.logback.core.model.processor.AppenderModelHandler - About to instantiate appender of type [ch.qos.logback.core.ConsoleAppender]
04:25:33,409 |-INFO in ch.qos.logback.core.model.processor.ImplicitModelHandler - Assuming default type [ch.qos.logback.classic.encoder.PatternLayoutEncoder] for [encoder] property
04:25:33,432 |-INFO in ch.qos.logback.classic.model.processor.RootLoggerModelHandler - Setting level of ROOT logger to INFO
04:25:33,432 |-INFO in ch.qos.logback.core.model.processor.AppenderRefModelHandler - Attaching appender named [CONSOLE] to Logger[ROOT]
04:25:33,433 |-INFO in ch.qos.logback.core.model.processor.DefaultProcessor@41488b16 - End of configuration.
04:25:33,433 |-INFO in ch.qos.logback.classic.joran.JoranConfigurator@a8ef162 - Registering current configuration as safe fallback point
04:25:33,433 |-INFO in ch.qos.logback.classic.util.ContextInitializer@2f01783a - ch.qos.logback.classic.util.DefaultJoranConfigurator.configure() call lasted 100 milliseconds. ExecutionStatus=DO_NOT_INVOKE_NEXT_IF_ANY

2025-06-18 04:25:33 [pool-2-thread-3] INFO  com.fspann.loader.DefaultDataLoader - Loading data from C:\Users\Mehran Memon\eclipse-workspace\fspann-query-system\data\sift_dataset\sift\sift_base.fvecs using loader for FVECS
2025-06-18 04:25:33 [pool-2-thread-1] INFO  com.fspann.loader.DefaultDataLoader - Loading data from C:\Users\Mehran Memon\eclipse-workspace\fspann-query-system\data\sift_dataset\sift\sift_base.fvecs using loader for FVECS
2025-06-18 04:25:33 [pool-2-thread-4] INFO  com.fspann.loader.DefaultDataLoader - Loading data from C:\Users\Mehran Memon\eclipse-workspace\fspann-query-system\data\sift_dataset\sift\sift_base.fvecs using loader for FVECS
2025-06-18 04:25:33 [pool-2-thread-2] INFO  com.fspann.loader.DefaultDataLoader - Loading data from C:\Users\Mehran Memon\eclipse-workspace\fspann-query-system\data\sift_dataset\sift\sift_base.fvecs using loader for FVECS
2025-06-18 04:25:33 [pool-2-thread-2] INFO  com.fspann.loader.FvecsLoader - Loaded 100 vectors from C:\Users\Mehran Memon\eclipse-workspace\fspann-query-system\data\sift_dataset\sift\sift_base.fvecs
2025-06-18 04:25:33 [pool-2-thread-1] INFO  com.fspann.loader.FvecsLoader - Loaded 100 vectors from C:\Users\Mehran Memon\eclipse-workspace\fspann-query-system\data\sift_dataset\sift\sift_base.fvecs
2025-06-18 04:25:33 [pool-2-thread-3] INFO  com.fspann.loader.FvecsLoader - Loaded 100 vectors from C:\Users\Mehran Memon\eclipse-workspace\fspann-query-system\data\sift_dataset\sift\sift_base.fvecs
2025-06-18 04:25:33 [pool-2-thread-4] INFO  com.fspann.loader.FvecsLoader - Loaded 100 vectors from C:\Users\Mehran Memon\eclipse-workspace\fspann-query-system\data\sift_dataset\sift\sift_base.fvecs
]]></system-out>
  </testcase>
  <testcase name="testInvalidFormatExtension" classname="com.loader.DefaultDataLoaderTest" time="0.004">
    <system-out><![CDATA[2025-06-18 04:25:33 [main] ERROR com.fspann.loader.DefaultDataLoader - Unsupported file extension 'UNKNOWN'
]]></system-out>
  </testcase>
</testsuite>