<?xml version="1.0" encoding="UTF-8"?>
<testsuite xmlns:xsi="http://www.w3.org/2001/XMLSchema-instance" xsi:noNamespaceSchemaLocation="https://maven.apache.org/surefire/maven-surefire-plugin/xsd/surefire-test-report-3.0.xsd" version="3.0" name="com.fspann.query.core.QueryTokenFactoryTest" time="0.731" tests="6" errors="0" skipped="0" failures="0">
  <properties>
    <property name="java.specification.version" value="22"/>
    <property name="sun.cpu.isalist" value="amd64"/>
    <property name="sun.jnu.encoding" value="Cp1252"/>
    <property name="java.class.path" value="C:\Users\Mehran Memon\eclipse-workspace\fspann-query-system\fsp-anns-parent\query\target\test-classes;C:\Users\Mehran Memon\eclipse-workspace\fspann-query-system\fsp-anns-parent\query\target\classes;C:\Users\Mehran Memon\eclipse-workspace\fspann-query-system\fsp-anns-parent\index\target\classes;C:\Users\Mehran Memon\.m2\repository\org\apache\commons\commons-math3\3.6.1\commons-math3-3.6.1.jar;C:\Users\Mehran Memon\eclipse-workspace\fspann-query-system\fsp-anns-parent\keymanagement\target\classes;C:\Users\Mehran Memon\.m2\repository\org\jetbrains\annotations\26.0.2\annotations-26.0.2.jar;C:\Users\Mehran Memon\eclipse-workspace\fspann-query-system\fsp-anns-parent\crypto\target\classes;C:\Users\Mehran Memon\.m2\repository\org\bouncycastle\bcprov-jdk18on\1.78\bcprov-jdk18on-1.78.jar;C:\Users\Mehran Memon\.m2\repository\io\micrometer\micrometer-registry-prometheus\1.11.0\micrometer-registry-prometheus-1.11.0.jar;C:\Users\Mehran Memon\.m2\repository\io\micrometer\micrometer-core\1.11.0\micrometer-core-1.11.0.jar;C:\Users\Mehran Memon\.m2\repository\io\micrometer\micrometer-commons\1.11.0\micrometer-commons-1.11.0.jar;C:\Users\Mehran Memon\.m2\repository\io\micrometer\micrometer-observation\1.11.0\micrometer-observation-1.11.0.jar;C:\Users\Mehran Memon\.m2\repository\org\hdrhistogram\HdrHistogram\2.1.12\HdrHistogram-2.1.12.jar;C:\Users\Mehran Memon\.m2\repository\org\latencyutils\LatencyUtils\2.0.3\LatencyUtils-2.0.3.jar;C:\Users\Mehran Memon\.m2\repository\io\prometheus\simpleclient_common\0.16.0\simpleclient_common-0.16.0.jar;C:\Users\Mehran Memon\.m2\repository\io\prometheus\simpleclient\0.16.0\simpleclient-0.16.0.jar;C:\Users\Mehran Memon\.m2\repository\io\prometheus\simpleclient_tracer_otel\0.16.0\simpleclient_tracer_otel-0.16.0.jar;C:\Users\Mehran Memon\.m2\repository\io\prometheus\simpleclient_tracer_common\0.16.0\simpleclient_tracer_common-0.16.0.jar;C:\Users\Mehran Memon\.m2\repository\io\prometheus\simpleclient_tracer_otel_agent\0.16.0\simpleclient_tracer_otel_agent-0.16.0.jar;C:\Users\Mehran Memon\.m2\repository\net\bytebuddy\byte-buddy\1.14.15\byte-buddy-1.14.15.jar;C:\Users\Mehran Memon\eclipse-workspace\fspann-query-system\fsp-anns-parent\common\target\classes;C:\Users\Mehran Memon\.m2\repository\org\apache\commons\commons-lang3\3.17.0\commons-lang3-3.17.0.jar;C:\Users\Mehran Memon\.m2\repository\com\fasterxml\jackson\core\jackson-core\2.17.2\jackson-core-2.17.2.jar;C:\Users\Mehran Memon\.m2\repository\org\slf4j\slf4j-api\2.0.13\slf4j-api-2.0.13.jar;C:\Users\Mehran Memon\eclipse-workspace\fspann-query-system\fsp-anns-parent\config\target\classes;C:\Users\Mehran Memon\.m2\repository\com\fasterxml\jackson\core\jackson-databind\2.17.2\jackson-databind-2.17.2.jar;C:\Users\Mehran Memon\.m2\repository\com\fasterxml\jackson\core\jackson-annotations\2.17.2\jackson-annotations-2.17.2.jar;C:\Users\Mehran Memon\.m2\repository\com\fasterxml\jackson\dataformat\jackson-dataformat-yaml\2.17.1\jackson-dataformat-yaml-2.17.1.jar;C:\Users\Mehran Memon\.m2\repository\org\yaml\snakeyaml\2.2\snakeyaml-2.2.jar;C:\Users\Mehran Memon\.m2\repository\ch\qos\logback\logback-classic\1.5.13\logback-classic-1.5.13.jar;C:\Users\Mehran Memon\.m2\repository\ch\qos\logback\logback-core\1.5.13\logback-core-1.5.13.jar;C:\Users\Mehran Memon\.m2\repository\org\junit\jupiter\junit-jupiter-api\5.11.0\junit-jupiter-api-5.11.0.jar;C:\Users\Mehran Memon\.m2\repository\org\opentest4j\opentest4j\1.3.0\opentest4j-1.3.0.jar;C:\Users\Mehran Memon\.m2\repository\org\junit\platform\junit-platform-commons\1.11.0\junit-platform-commons-1.11.0.jar;C:\Users\Mehran Memon\.m2\repository\org\apiguardian\apiguardian-api\1.1.2\apiguardian-api-1.1.2.jar;C:\Users\Mehran Memon\.m2\repository\org\mockito\mockito-core\4.8.0\mockito-core-4.8.0.jar;C:\Users\Mehran Memon\.m2\repository\net\bytebuddy\byte-buddy-agent\1.12.14\byte-buddy-agent-1.12.14.jar;C:\Users\Mehran Memon\.m2\repository\org\objenesis\objenesis\3.2\objenesis-3.2.jar;C:\Users\Mehran Memon\.m2\repository\org\mockito\mockito-junit-jupiter\4.8.0\mockito-junit-jupiter-4.8.0.jar;"/>
    <property name="java.vm.vendor" value="Oracle Corporation"/>
    <property name="net.bytebuddy.experimental" value="true"/>
    <property name="sun.arch.data.model" value="64"/>
    <property name="user.variant" value=""/>
    <property name="java.vendor.url" value="https://java.oracle.com/"/>
    <property name="user.timezone" value="Asia/Shanghai"/>
    <property name="os.name" value="Windows 11"/>
    <property name="java.vm.specification.version" value="22"/>
    <property name="sun.java.launcher" value="SUN_STANDARD"/>
    <property name="user.country" value="US"/>
    <property name="sun.boot.library.path" value="C:\Program Files\Java\jdk-22\bin"/>
    <property name="sun.java.command" value="C:\Users\Mehran Memon\AppData\Local\Temp\surefire9863855300247744035\surefirebooter5689651568954090742.jar C:\Users\Mehran Memon\AppData\Local\Temp\surefire9863855300247744035 2025-06-18T05-13-06_899-jvmRun1 surefire8165629348220187961tmp surefire_614520455599067515581tmp"/>
    <property name="jdk.debug" value="release"/>
    <property name="surefire.test.class.path" value="C:\Users\Mehran Memon\eclipse-workspace\fspann-query-system\fsp-anns-parent\query\target\test-classes;C:\Users\Mehran Memon\eclipse-workspace\fspann-query-system\fsp-anns-parent\query\target\classes;C:\Users\Mehran Memon\eclipse-workspace\fspann-query-system\fsp-anns-parent\index\target\classes;C:\Users\Mehran Memon\.m2\repository\org\apache\commons\commons-math3\3.6.1\commons-math3-3.6.1.jar;C:\Users\Mehran Memon\eclipse-workspace\fspann-query-system\fsp-anns-parent\keymanagement\target\classes;C:\Users\Mehran Memon\.m2\repository\org\jetbrains\annotations\26.0.2\annotations-26.0.2.jar;C:\Users\Mehran Memon\eclipse-workspace\fspann-query-system\fsp-anns-parent\crypto\target\classes;C:\Users\Mehran Memon\.m2\repository\org\bouncycastle\bcprov-jdk18on\1.78\bcprov-jdk18on-1.78.jar;C:\Users\Mehran Memon\.m2\repository\io\micrometer\micrometer-registry-prometheus\1.11.0\micrometer-registry-prometheus-1.11.0.jar;C:\Users\Mehran Memon\.m2\repository\io\micrometer\micrometer-core\1.11.0\micrometer-core-1.11.0.jar;C:\Users\Mehran Memon\.m2\repository\io\micrometer\micrometer-commons\1.11.0\micrometer-commons-1.11.0.jar;C:\Users\Mehran Memon\.m2\repository\io\micrometer\micrometer-observation\1.11.0\micrometer-observation-1.11.0.jar;C:\Users\Mehran Memon\.m2\repository\org\hdrhistogram\HdrHistogram\2.1.12\HdrHistogram-2.1.12.jar;C:\Users\Mehran Memon\.m2\repository\org\latencyutils\LatencyUtils\2.0.3\LatencyUtils-2.0.3.jar;C:\Users\Mehran Memon\.m2\repository\io\prometheus\simpleclient_common\0.16.0\simpleclient_common-0.16.0.jar;C:\Users\Mehran Memon\.m2\repository\io\prometheus\simpleclient\0.16.0\simpleclient-0.16.0.jar;C:\Users\Mehran Memon\.m2\repository\io\prometheus\simpleclient_tracer_otel\0.16.0\simpleclient_tracer_otel-0.16.0.jar;C:\Users\Mehran Memon\.m2\repository\io\prometheus\simpleclient_tracer_common\0.16.0\simpleclient_tracer_common-0.16.0.jar;C:\Users\Mehran Memon\.m2\repository\io\prometheus\simpleclient_tracer_otel_agent\0.16.0\simpleclient_tracer_otel_agent-0.16.0.jar;C:\Users\Mehran Memon\.m2\repository\net\bytebuddy\byte-buddy\1.14.15\byte-buddy-1.14.15.jar;C:\Users\Mehran Memon\eclipse-workspace\fspann-query-system\fsp-anns-parent\common\target\classes;C:\Users\Mehran Memon\.m2\repository\org\apache\commons\commons-lang3\3.17.0\commons-lang3-3.17.0.jar;C:\Users\Mehran Memon\.m2\repository\com\fasterxml\jackson\core\jackson-core\2.17.2\jackson-core-2.17.2.jar;C:\Users\Mehran Memon\.m2\repository\org\slf4j\slf4j-api\2.0.13\slf4j-api-2.0.13.jar;C:\Users\Mehran Memon\eclipse-workspace\fspann-query-system\fsp-anns-parent\config\target\classes;C:\Users\Mehran Memon\.m2\repository\com\fasterxml\jackson\core\jackson-databind\2.17.2\jackson-databind-2.17.2.jar;C:\Users\Mehran Memon\.m2\repository\com\fasterxml\jackson\core\jackson-annotations\2.17.2\jackson-annotations-2.17.2.jar;C:\Users\Mehran Memon\.m2\repository\com\fasterxml\jackson\dataformat\jackson-dataformat-yaml\2.17.1\jackson-dataformat-yaml-2.17.1.jar;C:\Users\Mehran Memon\.m2\repository\org\yaml\snakeyaml\2.2\snakeyaml-2.2.jar;C:\Users\Mehran Memon\.m2\repository\ch\qos\logback\logback-classic\1.5.13\logback-classic-1.5.13.jar;C:\Users\Mehran Memon\.m2\repository\ch\qos\logback\logback-core\1.5.13\logback-core-1.5.13.jar;C:\Users\Mehran Memon\.m2\repository\org\junit\jupiter\junit-jupiter-api\5.11.0\junit-jupiter-api-5.11.0.jar;C:\Users\Mehran Memon\.m2\repository\org\opentest4j\opentest4j\1.3.0\opentest4j-1.3.0.jar;C:\Users\Mehran Memon\.m2\repository\org\junit\platform\junit-platform-commons\1.11.0\junit-platform-commons-1.11.0.jar;C:\Users\Mehran Memon\.m2\repository\org\apiguardian\apiguardian-api\1.1.2\apiguardian-api-1.1.2.jar;C:\Users\Mehran Memon\.m2\repository\org\mockito\mockito-core\4.8.0\mockito-core-4.8.0.jar;C:\Users\Mehran Memon\.m2\repository\net\bytebuddy\byte-buddy-agent\1.12.14\byte-buddy-agent-1.12.14.jar;C:\Users\Mehran Memon\.m2\repository\org\objenesis\objenesis\3.2\objenesis-3.2.jar;C:\Users\Mehran Memon\.m2\repository\org\mockito\mockito-junit-jupiter\4.8.0\mockito-junit-jupiter-4.8.0.jar;"/>
    <property name="sun.cpu.endian" value="little"/>
    <property name="user.home" value="C:\Users\Mehran Memon"/>
    <property name="user.language" value="en"/>
    <property name="java.specification.vendor" value="Oracle Corporation"/>
    <property name="java.version.date" value="2024-07-16"/>
    <property name="java.home" value="C:\Program Files\Java\jdk-22"/>
    <property name="file.separator" value="\"/>
    <property name="basedir" value="C:\Users\Mehran Memon\eclipse-workspace\fspann-query-system\fsp-anns-parent\query"/>
    <property name="java.vm.compressedOopsMode" value="Zero based"/>
    <property name="line.separator" value="&#10;"/>
    <property name="java.vm.specification.vendor" value="Oracle Corporation"/>
    <property name="java.specification.name" value="Java Platform API Specification"/>
    <property name="surefire.real.class.path" value="C:\Users\Mehran Memon\AppData\Local\Temp\surefire9863855300247744035\surefirebooter5689651568954090742.jar"/>
    <property name="user.script" value=""/>
    <property name="sun.management.compiler" value="HotSpot 64-Bit Tiered Compilers"/>
    <property name="java.runtime.version" value="22.0.2+9-70"/>
    <property name="user.name" value="Mehran Memon"/>
    <property name="stdout.encoding" value="Cp1252"/>
    <property name="path.separator" value=";"/>
    <property name="os.version" value="10.0"/>
    <property name="java.runtime.name" value="Java(TM) SE Runtime Environment"/>
    <property name="file.encoding" value="UTF-8"/>
    <property name="java.vm.name" value="Java HotSpot(TM) 64-Bit Server VM"/>
    <property name="localRepository" value="C:\Users\Mehran Memon\.m2\repository"/>
    <property name="java.vendor.url.bug" value="https://bugreport.java.com/bugreport/"/>
    <property name="java.io.tmpdir" value="C:\Users\MEHRAN~1\AppData\Local\Temp\"/>
    <property name="idea.version" value="2024.3.5"/>
    <property name="java.version" value="22.0.2"/>
    <property name="user.dir" value="C:\Users\Mehran Memon\eclipse-workspace\fspann-query-system\fsp-anns-parent\query"/>
    <property name="os.arch" value="amd64"/>
    <property name="java.vm.specification.name" value="Java Virtual Machine Specification"/>
    <property name="sun.os.patch.level" value=""/>
    <property name="native.encoding" value="Cp1252"/>
    <property name="java.library.path" value="C:\Program Files\Java\jdk-22\bin;C:\WINDOWS\Sun\Java\bin;C:\WINDOWS\system32;C:\WINDOWS;C:\Program Files\Common Files\Oracle\Java\javapath;C:\WINDOWS\system32;C:\WINDOWS;C:\WINDOWS\System32\Wbem;C:\WINDOWS\System32\WindowsPowerShell\v1.0\;C:\WINDOWS\System32\OpenSSH\;C:\Program Files\Git\cmd;C:\Program Files\Go\bin;C:\Program Files\Apache\apache-maven-3.9.9-bin\apache-maven-3.9.9\bin;C:\Program Files\dotnet\;C:\Program Files\Git LFS;C:\Users\Mehran Memon\AppData\Local\Microsoft\WindowsApps;C:\Users\Mehran Memon\AppData\Local\GitHubDesktop\bin;C:\Users\Mehran Memon\go\bin;C:\Users\Mehran Memon\AppData\Local\JetBrains\Toolbox\scripts;;C:\Users\Mehran Memon\.lmstudio\bin;%USERPROFILE%\AppData\Local\Microsoft\WindowsApps;."/>
    <property name="java.vm.info" value="mixed mode, sharing"/>
    <property name="stderr.encoding" value="Cp1252"/>
    <property name="java.vendor" value="Oracle Corporation"/>
    <property name="java.vm.version" value="22.0.2+9-70"/>
    <property name="sun.io.unicode.encoding" value="UnicodeLittle"/>
    <property name="java.class.version" value="66.0"/>
  </properties>
  <testcase name="testCreateToken" classname="com.fspann.query.core.QueryTokenFactoryTest" time="0.706">
    <system-out><![CDATA[05:13:19,151 |-INFO in ch.qos.logback.classic.LoggerContext[default] - This is logback-classic version 1.5.13
05:13:19,152 |-INFO in ch.qos.logback.classic.util.ContextInitializer@5183d589 - No custom configurators were discovered as a service.
05:13:19,152 |-INFO in ch.qos.logback.classic.util.ContextInitializer@5183d589 - Trying to configure with ch.qos.logback.classic.joran.SerializedModelConfigurator
05:13:19,153 |-INFO in ch.qos.logback.classic.util.ContextInitializer@5183d589 - Constructed configurator of type class ch.qos.logback.classic.joran.SerializedModelConfigurator
05:13:19,156 |-INFO in ch.qos.logback.classic.LoggerContext[default] - Could NOT find resource [logback-test.scmo]
05:13:19,156 |-INFO in ch.qos.logback.classic.LoggerContext[default] - Could NOT find resource [logback.scmo]
05:13:19,160 |-INFO in ch.qos.logback.classic.util.ContextInitializer@5183d589 - ch.qos.logback.classic.joran.SerializedModelConfigurator.configure() call lasted 3 milliseconds. ExecutionStatus=INVOKE_NEXT_IF_ANY
05:13:19,160 |-INFO in ch.qos.logback.classic.util.ContextInitializer@5183d589 - Trying to configure with ch.qos.logback.classic.util.DefaultJoranConfigurator
05:13:19,161 |-INFO in ch.qos.logback.classic.util.ContextInitializer@5183d589 - Constructed configurator of type class ch.qos.logback.classic.util.DefaultJoranConfigurator
05:13:19,161 |-INFO in ch.qos.logback.classic.LoggerContext[default] - Could NOT find resource [logback-test.xml]
05:13:19,163 |-INFO in ch.qos.logback.classic.LoggerContext[default] - Found resource [logback.xml] at [file:/C:/Users/Mehran%20Memon/eclipse-workspace/fspann-query-system/fsp-anns-parent/query/target/classes/logback.xml]
05:13:19,163 |-WARN in ch.qos.logback.classic.util.DefaultJoranConfigurator@511d5d04 - Resource [logback.xml] occurs multiple times on the classpath.
05:13:19,163 |-WARN in ch.qos.logback.classic.util.DefaultJoranConfigurator@511d5d04 - Resource [logback.xml] occurs at [file:/C:/Users/Mehran%20Memon/eclipse-workspace/fspann-query-system/fsp-anns-parent/keymanagement/target/classes/logback.xml]
05:13:19,163 |-WARN in ch.qos.logback.classic.util.DefaultJoranConfigurator@511d5d04 - Resource [logback.xml] occurs at [file:/C:/Users/Mehran%20Memon/eclipse-workspace/fspann-query-system/fsp-anns-parent/crypto/target/classes/logback.xml]
05:13:19,163 |-WARN in ch.qos.logback.classic.util.DefaultJoranConfigurator@511d5d04 - Resource [logback.xml] occurs at [file:/C:/Users/Mehran%20Memon/eclipse-workspace/fspann-query-system/fsp-anns-parent/query/target/classes/logback.xml]
05:13:19,163 |-WARN in ch.qos.logback.classic.util.DefaultJoranConfigurator@511d5d04 - Resource [logback.xml] occurs at [file:/C:/Users/Mehran%20Memon/eclipse-workspace/fspann-query-system/fsp-anns-parent/index/target/classes/logback.xml]
05:13:19,163 |-WARN in ch.qos.logback.classic.util.DefaultJoranConfigurator@511d5d04 - Resource [logback.xml] occurs at [file:/C:/Users/Mehran%20Memon/eclipse-workspace/fspann-query-system/fsp-anns-parent/common/target/classes/logback.xml]
05:13:19,163 |-WARN in ch.qos.logback.classic.util.DefaultJoranConfigurator@511d5d04 - Resource [logback.xml] occurs at [file:/C:/Users/Mehran%20Memon/eclipse-workspace/fspann-query-system/fsp-anns-parent/config/target/classes/logback.xml]
05:13:19,245 |-INFO in ch.qos.logback.core.model.processor.AppenderModelHandler - Processing appender named [CONSOLE]
05:13:19,245 |-INFO in ch.qos.logback.core.model.processor.AppenderModelHandler - About to instantiate appender of type [ch.qos.logback.core.ConsoleAppender]
05:13:19,251 |-INFO in ch.qos.logback.core.model.processor.ImplicitModelHandler - Assuming default type [ch.qos.logback.classic.encoder.PatternLayoutEncoder] for [encoder] property
05:13:19,285 |-INFO in ch.qos.logback.core.ConsoleAppender[CONSOLE] - BEWARE: Writing to the console can be very slow. Avoid logging to the 
05:13:19,285 |-INFO in ch.qos.logback.core.ConsoleAppender[CONSOLE] - console in production environments, especially in high volume systems.
05:13:19,285 |-INFO in ch.qos.logback.core.ConsoleAppender[CONSOLE] - See also https://logback.qos.ch/codes.html#slowConsole
05:13:19,285 |-INFO in ch.qos.logback.classic.model.processor.RootLoggerModelHandler - Setting level of ROOT logger to INFO
05:13:19,285 |-INFO in ch.qos.logback.core.model.processor.AppenderRefModelHandler - Attaching appender named [CONSOLE] to Logger[ROOT]
05:13:19,285 |-INFO in ch.qos.logback.core.model.processor.DefaultProcessor@682c1e93 - End of configuration.
05:13:19,286 |-INFO in ch.qos.logback.classic.joran.JoranConfigurator@27068a50 - Registering current configuration as safe fallback point
05:13:19,287 |-INFO in ch.qos.logback.classic.util.ContextInitializer@5183d589 - ch.qos.logback.classic.util.DefaultJoranConfigurator.configure() call lasted 126 milliseconds. ExecutionStatus=DO_NOT_INVOKE_NEXT_IF_ANY

]]></system-out>
  </testcase>
  <testcase name="testNegativeTopKThrowsException" classname="com.fspann.query.core.QueryTokenFactoryTest" time="0.003"/>
  <testcase name="testInvalidConstructorThrowsException" classname="com.fspann.query.core.QueryTokenFactoryTest" time="0.002"/>
  <testcase name="testNullVectorThrowsException" classname="com.fspann.query.core.QueryTokenFactoryTest" time="0.002"/>
  <testcase name="testEmptyVectorThrowsException" classname="com.fspann.query.core.QueryTokenFactoryTest" time="0.001"/>
  <testcase name="testTopKZeroThrowsException" classname="com.fspann.query.core.QueryTokenFactoryTest" time="0.001"/>
</testsuite>